Linux 5.4.0-86-generic (flexran) 	12/13/21 	_x86_64_	(4 CPU)

14:53:40        CPU     %user     %nice   %system   %iowait    %steal     %idle
14:53:42        all      0.64      0.00      0.64      0.00      1.78     96.94

14:53:40          tps      rtps      wtps      dtps   bread/s   bwrtn/s   bdscd/s
14:53:42         0.00      0.00      0.00      0.00      0.00      0.00      0.00

14:53:40    kbmemfree   kbavail kbmemused  %memused kbbuffers  kbcached  kbcommit   %commit  kbactive   kbinact   kbdirty
14:53:42      1629152   1653068    129176      6.36         8    142428    413412     20.36    132100     80376       212

14:53:42        CPU     %user     %nice   %system   %iowait    %steal     %idle
14:53:44        all      0.38      0.00      0.25      0.00      3.77     95.60

14:53:42          tps      rtps      wtps      dtps   bread/s   bwrtn/s   bdscd/s
14:53:44         0.00      0.00      0.00      0.00      0.00      0.00      0.00

14:53:42    kbmemfree   kbavail kbmemused  %memused kbbuffers  kbcached  kbcommit   %commit  kbactive   kbinact   kbdirty
14:53:44      1629120   1653040    129204      6.36         8    142432    413412     20.36    132168     80376       216

14:53:44        CPU     %user     %nice   %system   %iowait    %steal     %idle
14:53:46        all      0.50      0.00      0.88      0.00      3.90     94.72

14:53:44          tps      rtps      wtps      dtps   bread/s   bwrtn/s   bdscd/s
14:53:46         0.00      0.00      0.00      0.00      0.00      0.00      0.00

14:53:44    kbmemfree   kbavail kbmemused  %memused kbbuffers  kbcached  kbcommit   %commit  kbactive   kbinact   kbdirty
14:53:46      1629152   1653072    129172      6.36         8    142432    413412     20.36    132176     80368       216

14:53:46        CPU     %user     %nice   %system   %iowait    %steal     %idle
14:53:48        all      0.25      0.00      0.64      0.00      2.29     96.82

14:53:46          tps      rtps      wtps      dtps   bread/s   bwrtn/s   bdscd/s
14:53:48         0.00      0.00      0.00      0.00      0.00      0.00      0.00

14:53:46    kbmemfree   kbavail kbmemused  %memused kbbuffers  kbcached  kbcommit   %commit  kbactive   kbinact   kbdirty
14:53:48      1629184   1653104    129136      6.36         8    142436    413412     20.36    132176     80368       220

14:53:48        CPU     %user     %nice   %system   %iowait    %steal     %idle
14:53:50        all      0.00      0.00      0.13      0.00      3.14     96.73

14:53:48          tps      rtps      wtps      dtps   bread/s   bwrtn/s   bdscd/s
14:53:50         0.00      0.00      0.00      0.00      0.00      0.00      0.00

14:53:48    kbmemfree   kbavail kbmemused  %memused kbbuffers  kbcached  kbcommit   %commit  kbactive   kbinact   kbdirty
14:53:50      1629152   1653072    129168      6.36         8    142436    413412     20.36    132176     80368       220

14:53:50        CPU     %user     %nice   %system   %iowait    %steal     %idle
14:53:52        all      0.25      0.00      0.25      0.00      2.15     97.35

14:53:50          tps      rtps      wtps      dtps   bread/s   bwrtn/s   bdscd/s
14:53:52         0.00      0.00      0.00      0.00      0.00      0.00      0.00

14:53:50    kbmemfree   kbavail kbmemused  %memused kbbuffers  kbcached  kbcommit   %commit  kbactive   kbinact   kbdirty
14:53:52      1629152   1653072    129168      6.36         8    142436    413412     20.36    132176     80368       220

14:53:52        CPU     %user     %nice   %system   %iowait    %steal     %idle
14:53:54        all      0.51      0.00      0.64      0.00      2.67     96.19

14:53:52          tps      rtps      wtps      dtps   bread/s   bwrtn/s   bdscd/s
14:53:54         0.00      0.00      0.00      0.00      0.00      0.00      0.00

14:53:52    kbmemfree   kbavail kbmemused  %memused kbbuffers  kbcached  kbcommit   %commit  kbactive   kbinact   kbdirty
14:53:54      1629120   1653040    129200      6.36         8    142436    413412     20.36    132176     80368       220

14:53:54        CPU     %user     %nice   %system   %iowait    %steal     %idle
14:53:56        all      0.64      0.00      0.51      0.00      1.15     97.70

14:53:54          tps      rtps      wtps      dtps   bread/s   bwrtn/s   bdscd/s
14:53:56         0.00      0.00      0.00      0.00      0.00      0.00      0.00

14:53:54    kbmemfree   kbavail kbmemused  %memused kbbuffers  kbcached  kbcommit   %commit  kbactive   kbinact   kbdirty
14:53:56      1629184   1653104    129132      6.36         8    142440    413412     20.36    132176     80368       224

14:53:56        CPU     %user     %nice   %system   %iowait    %steal     %idle
14:53:58        all      0.38      0.00      0.76      0.25      1.40     97.20

14:53:56          tps      rtps      wtps      dtps   bread/s   bwrtn/s   bdscd/s
14:53:58        11.50      0.00     11.50      0.00      0.00   1992.00      0.00

14:53:56    kbmemfree   kbavail kbmemused  %memused kbbuffers  kbcached  kbcommit   %commit  kbactive   kbinact   kbdirty
14:53:58      1628932   1653180    129056      6.36         8    142768    413412     20.36    132528     80384        40

14:53:58        CPU     %user     %nice   %system   %iowait    %steal     %idle
14:54:00        all      0.38      0.00      0.26      0.00      0.51     98.85

14:53:58          tps      rtps      wtps      dtps   bread/s   bwrtn/s   bdscd/s
14:54:00         0.00      0.00      0.00      0.00      0.00      0.00      0.00

14:53:58    kbmemfree   kbavail kbmemused  %memused kbbuffers  kbcached  kbcommit   %commit  kbactive   kbinact   kbdirty
14:54:00      1628932   1653180    129056      6.36         8    142768    413412     20.36    132528     80384        40

14:54:00        CPU     %user     %nice   %system   %iowait    %steal     %idle
14:54:02        all      0.13      0.00      0.77      0.00      1.66     97.45

14:54:00          tps      rtps      wtps      dtps   bread/s   bwrtn/s   bdscd/s
14:54:02         1.00      0.00      1.00      0.00      0.00     36.00      0.00

14:54:00    kbmemfree   kbavail kbmemused  %memused kbbuffers  kbcached  kbcommit   %commit  kbactive   kbinact   kbdirty
14:54:02      1628932   1653184    129052      6.36         8    142772    413412     20.36    132532     80384       156

14:54:02        CPU     %user     %nice   %system   %iowait    %steal     %idle
14:54:04        all      0.38      0.00      0.76      0.00      2.03     96.82

14:54:02          tps      rtps      wtps      dtps   bread/s   bwrtn/s   bdscd/s
14:54:04         0.00      0.00      0.00      0.00      0.00      0.00      0.00

14:54:02    kbmemfree   kbavail kbmemused  %memused kbbuffers  kbcached  kbcommit   %commit  kbactive   kbinact   kbdirty
14:54:04      1628900   1653152    129080      6.36         8    142776    413412     20.36    132532     80384       164

14:54:04        CPU     %user     %nice   %system   %iowait    %steal     %idle
14:54:06        all      0.91      0.00      0.65      0.00      2.34     96.10

14:54:04          tps      rtps      wtps      dtps   bread/s   bwrtn/s   bdscd/s
14:54:06         0.00      0.00      0.00      0.00      0.00      0.00      0.00

14:54:04    kbmemfree   kbavail kbmemused  %memused kbbuffers  kbcached  kbcommit   %commit  kbactive   kbinact   kbdirty
14:54:06      1628932   1653184    129048      6.35         8    142776    413412     20.36    132532     80384       164

14:54:06        CPU     %user     %nice   %system   %iowait    %steal     %idle
14:54:08        all      0.38      0.00      0.38      0.00      1.88     97.36

14:54:06          tps      rtps      wtps      dtps   bread/s   bwrtn/s   bdscd/s
14:54:08         0.00      0.00      0.00      0.00      0.00      0.00      0.00

14:54:06    kbmemfree   kbavail kbmemused  %memused kbbuffers  kbcached  kbcommit   %commit  kbactive   kbinact   kbdirty
14:54:08      1628964   1653216    129016      6.35         8    142776    413412     20.36    132532     80384       164

14:54:08        CPU     %user     %nice   %system   %iowait    %steal     %idle
14:54:10        all      0.12      0.00      0.50      0.00      2.25     97.12

14:54:08          tps      rtps      wtps      dtps   bread/s   bwrtn/s   bdscd/s
14:54:10         0.00      0.00      0.00      0.00      0.00      0.00      0.00

14:54:08    kbmemfree   kbavail kbmemused  %memused kbbuffers  kbcached  kbcommit   %commit  kbactive   kbinact   kbdirty
14:54:10      1628868   1653120    129108      6.36         8    142780    413412     20.36    132532     80384       168

14:54:10        CPU     %user     %nice   %system   %iowait    %steal     %idle
14:54:12        all      0.38      0.00      0.38      0.00      2.27     96.98

14:54:10          tps      rtps      wtps      dtps   bread/s   bwrtn/s   bdscd/s
14:54:12         0.50      0.00      0.50      0.00      0.00     12.06      0.00

14:54:10    kbmemfree   kbavail kbmemused  %memused kbbuffers  kbcached  kbcommit   %commit  kbactive   kbinact   kbdirty
14:54:12      1628900   1653152    129072      6.36         8    142784    413412     20.36    132548     80368       176

14:54:12        CPU     %user     %nice   %system   %iowait    %steal     %idle
14:54:14        all      0.38      0.00      0.38      0.00      2.39     96.86

14:54:12          tps      rtps      wtps      dtps   bread/s   bwrtn/s   bdscd/s
14:54:14         0.00      0.00      0.00      0.00      0.00      0.00      0.00

14:54:12    kbmemfree   kbavail kbmemused  %memused kbbuffers  kbcached  kbcommit   %commit  kbactive   kbinact   kbdirty
14:54:14      1628868   1653120    129100      6.36         8    142788    413412     20.36    132548     80368       184

14:54:14        CPU     %user     %nice   %system   %iowait    %steal     %idle
14:54:16        all      0.26      0.00      0.13      0.00      1.40     98.21

14:54:14          tps      rtps      wtps      dtps   bread/s   bwrtn/s   bdscd/s
14:54:16         0.00      0.00      0.00      0.00      0.00      0.00      0.00

14:54:14    kbmemfree   kbavail kbmemused  %memused kbbuffers  kbcached  kbcommit   %commit  kbactive   kbinact   kbdirty
14:54:16      1628868   1653120    129100      6.36         8    142788    413412     20.36    132548     80368       184

14:54:16        CPU     %user     %nice   %system   %iowait    %steal     %idle
14:54:18        all      0.13      0.00      0.26      0.00      0.77     98.85

14:54:16          tps      rtps      wtps      dtps   bread/s   bwrtn/s   bdscd/s
14:54:18         0.00      0.00      0.00      0.00      0.00      0.00      0.00

14:54:16    kbmemfree   kbavail kbmemused  %memused kbbuffers  kbcached  kbcommit   %commit  kbactive   kbinact   kbdirty
14:54:18      1628868   1653120    129100      6.36         8    142788    413412     20.36    132548     80368       184

14:54:18        CPU     %user     %nice   %system   %iowait    %steal     %idle
14:54:20        all      0.25      0.00      0.50      0.00      3.14     96.11

14:54:18          tps      rtps      wtps      dtps   bread/s   bwrtn/s   bdscd/s
14:54:20         0.00      0.00      0.00      0.00      0.00      0.00      0.00

14:54:18    kbmemfree   kbavail kbmemused  %memused kbbuffers  kbcached  kbcommit   %commit  kbactive   kbinact   kbdirty
14:54:20      1628900   1653152    129068      6.36         8    142788    413412     20.36    132548     80368       184

14:54:20        CPU     %user     %nice   %system   %iowait    %steal     %idle
14:54:22        all      0.38      0.00      0.13      0.00      2.40     97.09

14:54:20          tps      rtps      wtps      dtps   bread/s   bwrtn/s   bdscd/s
14:54:22         0.00      0.00      0.00      0.00      0.00      0.00      0.00

14:54:20    kbmemfree   kbavail kbmemused  %memused kbbuffers  kbcached  kbcommit   %commit  kbactive   kbinact   kbdirty
14:54:22      1628932   1653184    129036      6.35         8    142788    413412     20.36    132564     80352       184

14:54:22        CPU     %user     %nice   %system   %iowait    %steal     %idle
14:54:24        all      0.00      0.00      0.50      0.00      2.38     97.12

14:54:22          tps      rtps      wtps      dtps   bread/s   bwrtn/s   bdscd/s
14:54:24         0.00      0.00      0.00      0.00      0.00      0.00      0.00

14:54:22    kbmemfree   kbavail kbmemused  %memused kbbuffers  kbcached  kbcommit   %commit  kbactive   kbinact   kbdirty
14:54:24      1628900   1653152    129064      6.36         8    142792    413412     20.36    132564     80352       188

14:54:24        CPU     %user     %nice   %system   %iowait    %steal     %idle
14:54:26        all      0.25      0.00      0.25      0.00      0.64     98.85

14:54:24          tps      rtps      wtps      dtps   bread/s   bwrtn/s   bdscd/s
14:54:26         0.00      0.00      0.00      0.00      0.00      0.00      0.00

14:54:24    kbmemfree   kbavail kbmemused  %memused kbbuffers  kbcached  kbcommit   %commit  kbactive   kbinact   kbdirty
14:54:26      1628932   1653184    129028      6.35         8    142796    413412     20.36    132564     80352       192

14:54:26        CPU     %user     %nice   %system   %iowait    %steal     %idle
14:54:28        all      0.38      0.00      0.63      0.00      2.40     96.59

14:54:26          tps      rtps      wtps      dtps   bread/s   bwrtn/s   bdscd/s
14:54:28         0.00      0.00      0.00      0.00      0.00      0.00      0.00

14:54:26    kbmemfree   kbavail kbmemused  %memused kbbuffers  kbcached  kbcommit   %commit  kbactive   kbinact   kbdirty
14:54:28      1628900   1653152    129060      6.36         8    142796    413412     20.36    132564     80352       192

14:54:28        CPU     %user     %nice   %system   %iowait    %steal     %idle
14:54:30        all      0.51      0.00      0.13      0.00      2.79     96.58

14:54:28          tps      rtps      wtps      dtps   bread/s   bwrtn/s   bdscd/s
14:54:30         0.00      0.00      0.00      0.00      0.00      0.00      0.00

14:54:28    kbmemfree   kbavail kbmemused  %memused kbbuffers  kbcached  kbcommit   %commit  kbactive   kbinact   kbdirty
14:54:30      1628900   1653152    129060      6.36         8    142796    413412     20.36    132564     80352       192

14:54:30        CPU     %user     %nice   %system   %iowait    %steal     %idle
14:54:32        all      0.00      0.00      0.75      0.00      4.75     94.50

14:54:30          tps      rtps      wtps      dtps   bread/s   bwrtn/s   bdscd/s
14:54:32         0.50      0.00      0.50      0.00      0.00     12.00      0.00

14:54:30    kbmemfree   kbavail kbmemused  %memused kbbuffers  kbcached  kbcommit   %commit  kbactive   kbinact   kbdirty
14:54:32      1628900   1653152    129060      6.36         8    142796    413412     20.36    132564     80352       192

14:54:32        CPU     %user     %nice   %system   %iowait    %steal     %idle
14:54:34        all      0.37      0.00      0.62      0.62      4.12     94.26

14:54:32          tps      rtps      wtps      dtps   bread/s   bwrtn/s   bdscd/s
14:54:34        18.00      0.00     18.00      0.00      0.00   2120.00      0.00

14:54:32    kbmemfree   kbavail kbmemused  %memused kbbuffers  kbcached  kbcommit   %commit  kbactive   kbinact   kbdirty
14:54:34      1628712   1653124    129100      6.36         8    142944    413412     20.36    133012     80064        28

14:54:34        CPU     %user     %nice   %system   %iowait    %steal     %idle
14:54:36        all      0.38      0.00      0.75      0.00      4.88     94.00

14:54:34          tps      rtps      wtps      dtps   bread/s   bwrtn/s   bdscd/s
14:54:36         0.00      0.00      0.00      0.00      0.00      0.00      0.00

14:54:34    kbmemfree   kbavail kbmemused  %memused kbbuffers  kbcached  kbcommit   %commit  kbactive   kbinact   kbdirty
14:54:36      1628648   1653060    129164      6.36         8    142944    413412     20.36    133012     80064        28

14:54:36        CPU     %user     %nice   %system   %iowait    %steal     %idle
14:54:38        all      0.13      0.00      0.88      0.00      4.54     94.45

14:54:36          tps      rtps      wtps      dtps   bread/s   bwrtn/s   bdscd/s
14:54:38         0.50      0.00      0.50      0.00      0.00     16.00      0.00

14:54:36    kbmemfree   kbavail kbmemused  %memused kbbuffers  kbcached  kbcommit   %commit  kbactive   kbinact   kbdirty
14:54:38      1628648   1653060    129160      6.36         8    142948    413412     20.36    133028     80048        96

14:54:38        CPU     %user     %nice   %system   %iowait    %steal     %idle
14:54:40        all      0.13      0.00      0.25      0.00      2.90     96.72

14:54:38          tps      rtps      wtps      dtps   bread/s   bwrtn/s   bdscd/s
14:54:40         0.00      0.00      0.00      0.00      0.00      0.00      0.00

14:54:38    kbmemfree   kbavail kbmemused  %memused kbbuffers  kbcached  kbcommit   %commit  kbactive   kbinact   kbdirty
14:54:40      1628648   1653060    129156      6.36         8    142952    413412     20.36    133028     80048       104

14:54:40        CPU     %user     %nice   %system   %iowait    %steal     %idle
14:54:42        all      0.25      0.00      0.25      0.00      2.65     96.84

14:54:40          tps      rtps      wtps      dtps   bread/s   bwrtn/s   bdscd/s
14:54:42         0.00      0.00      0.00      0.00      0.00      0.00      0.00

14:54:40    kbmemfree   kbavail kbmemused  %memused kbbuffers  kbcached  kbcommit   %commit  kbactive   kbinact   kbdirty
14:54:42      1628648   1653060    129156      6.36         8    142952    413412     20.36    133028     80048       104

14:54:42        CPU     %user     %nice   %system   %iowait    %steal     %idle
14:54:44        all      0.25      0.00      0.50      0.00      3.50     95.76

14:54:42          tps      rtps      wtps      dtps   bread/s   bwrtn/s   bdscd/s
14:54:44         0.00      0.00      0.00      0.00      0.00      0.00      0.00

14:54:42    kbmemfree   kbavail kbmemused  %memused kbbuffers  kbcached  kbcommit   %commit  kbactive   kbinact   kbdirty
14:54:44      1628616   1653028    129188      6.36         8    142952    413412     20.36    133028     80048       104

14:54:44        CPU     %user     %nice   %system   %iowait    %steal     %idle
14:54:46        all      0.51      0.00      0.38      0.00      2.78     96.33

14:54:44          tps      rtps      wtps      dtps   bread/s   bwrtn/s   bdscd/s
14:54:46         0.00      0.00      0.00      0.00      0.00      0.00      0.00

14:54:44    kbmemfree   kbavail kbmemused  %memused kbbuffers  kbcached  kbcommit   %commit  kbactive   kbinact   kbdirty
14:54:46      1628648   1653060    129156      6.36         8    142952    413412     20.36    133028     80048       104

14:54:46        CPU     %user     %nice   %system   %iowait    %steal     %idle
14:54:48        all      0.13      0.00      0.38      0.00      1.40     98.10

14:54:46          tps      rtps      wtps      dtps   bread/s   bwrtn/s   bdscd/s
14:54:48         1.00      0.00      1.00      0.00      0.00     12.00      0.00

14:54:46    kbmemfree   kbavail kbmemused  %memused kbbuffers  kbcached  kbcommit   %commit  kbactive   kbinact   kbdirty
14:54:48      1628648   1653060    129156      6.36         8    142952    413412     20.36    133044     80032       140

14:54:48        CPU     %user     %nice   %system   %iowait    %steal     %idle
14:54:50        all      0.00      0.00      0.25      0.00      2.15     97.59

14:54:48          tps      rtps      wtps      dtps   bread/s   bwrtn/s   bdscd/s
14:54:50         0.00      0.00      0.00      0.00      0.00      0.00      0.00

14:54:48    kbmemfree   kbavail kbmemused  %memused kbbuffers  kbcached  kbcommit   %commit  kbactive   kbinact   kbdirty
14:54:50      1628648   1653060    129156      6.36         8    142952    413412     20.36    133044     80032       144

14:54:50        CPU     %user     %nice   %system   %iowait    %steal     %idle
14:54:52        all      0.51      0.00      0.51      0.00      2.54     96.44

14:54:50          tps      rtps      wtps      dtps   bread/s   bwrtn/s   bdscd/s
14:54:52         0.00      0.00      0.00      0.00      0.00      0.00      0.00

14:54:50    kbmemfree   kbavail kbmemused  %memused kbbuffers  kbcached  kbcommit   %commit  kbactive   kbinact   kbdirty
14:54:52      1628648   1653060    129156      6.36         8    142952    413412     20.36    133044     80032       144

14:54:52        CPU     %user     %nice   %system   %iowait    %steal     %idle
14:54:54        all      0.25      0.00      0.89      0.00      1.91     96.95

14:54:52          tps      rtps      wtps      dtps   bread/s   bwrtn/s   bdscd/s
14:54:54         0.00      0.00      0.00      0.00      0.00      0.00      0.00

14:54:52    kbmemfree   kbavail kbmemused  %memused kbbuffers  kbcached  kbcommit   %commit  kbactive   kbinact   kbdirty
14:54:54      1628648   1653060    129144      6.36         8    142964    413412     20.36    133044     80032       156

14:54:54        CPU     %user     %nice   %system   %iowait    %steal     %idle
14:54:56        all      0.63      0.00      0.25      0.00      2.53     96.58

14:54:54          tps      rtps      wtps      dtps   bread/s   bwrtn/s   bdscd/s
14:54:56         0.00      0.00      0.00      0.00      0.00      0.00      0.00

14:54:54    kbmemfree   kbavail kbmemused  %memused kbbuffers  kbcached  kbcommit   %commit  kbactive   kbinact   kbdirty
14:54:56      1628680   1653092    129112      6.36         8    142964    413412     20.36    133044     80032       156

14:54:56        CPU     %user     %nice   %system   %iowait    %steal     %idle
14:54:58        all      0.77      0.00      1.28      0.13      2.18     95.64

14:54:56          tps      rtps      wtps      dtps   bread/s   bwrtn/s   bdscd/s
14:54:58         3.50      1.00      2.50      0.00     32.00     32.00      0.00

14:54:56    kbmemfree   kbavail kbmemused  %memused kbbuffers  kbcached  kbcommit   %commit  kbactive   kbinact   kbdirty
14:54:58      1628428   1652872    129328      6.37         8    143000    413412     20.36    133044     80064       228

14:54:58        CPU     %user     %nice   %system   %iowait    %steal     %idle
14:55:00        all      0.63      0.00      0.38      0.00      1.90     97.09

14:54:58          tps      rtps      wtps      dtps   bread/s   bwrtn/s   bdscd/s
14:55:00         0.00      0.00      0.00      0.00      0.00      0.00      0.00

14:54:58    kbmemfree   kbavail kbmemused  %memused kbbuffers  kbcached  kbcommit   %commit  kbactive   kbinact   kbdirty
14:55:00      1628364   1652808    129388      6.37         8    143004    413412     20.36    133044     80064       240

14:55:00        CPU     %user     %nice   %system   %iowait    %steal     %idle
14:55:02        all      7.87      0.00      6.62      0.50      7.49     77.53

14:55:00          tps      rtps      wtps      dtps   bread/s   bwrtn/s   bdscd/s
14:55:02         2.50      0.00      2.50      0.00      0.00     72.00      0.00

14:55:00    kbmemfree   kbavail kbmemused  %memused kbbuffers  kbcached  kbcommit   %commit  kbactive   kbinact   kbdirty
14:55:02      1628088   1652620    129604      6.38         8    143040    415404     20.46    133996     80064       360

14:55:02        CPU     %user     %nice   %system   %iowait    %steal     %idle
14:55:04        all      1.38      0.00      1.38      0.38      4.14     92.73

14:55:02          tps      rtps      wtps      dtps   bread/s   bwrtn/s   bdscd/s
14:55:04        22.50      0.00     22.50      0.00      0.00    212.00      0.00

14:55:02    kbmemfree   kbavail kbmemused  %memused kbbuffers  kbcached  kbcommit   %commit  kbactive   kbinact   kbdirty
14:55:04      1627892   1652548    129616      6.38         8    143224    415404     20.46    133216     80104       440

14:55:04        CPU     %user     %nice   %system   %iowait    %steal     %idle
14:55:06        all      0.38      0.00      0.88      0.00      3.90     94.84

14:55:04          tps      rtps      wtps      dtps   bread/s   bwrtn/s   bdscd/s
14:55:06         0.00      0.00      0.00      0.00      0.00      0.00      0.00

14:55:04    kbmemfree   kbavail kbmemused  %memused kbbuffers  kbcached  kbcommit   %commit  kbactive   kbinact   kbdirty
14:55:06      1627860   1652516    129648      6.38         8    143224    415404     20.46    133236     80084       444

14:55:06        CPU     %user     %nice   %system   %iowait    %steal     %idle
14:55:08        all      0.13      0.00      0.64      0.00      1.66     97.57

14:55:06          tps      rtps      wtps      dtps   bread/s   bwrtn/s   bdscd/s
14:55:08         1.00      0.00      1.00      0.00      0.00     19.90      0.00

14:55:06    kbmemfree   kbavail kbmemused  %memused kbbuffers  kbcached  kbcommit   %commit  kbactive   kbinact   kbdirty
14:55:08      1627892   1652568    129608      6.38         8    143232    415404     20.46    133260     80080       436

14:55:08        CPU     %user     %nice   %system   %iowait    %steal     %idle
14:55:10        all      0.38      0.00      0.75      1.13      3.39     94.35

14:55:08          tps      rtps      wtps      dtps   bread/s   bwrtn/s   bdscd/s
14:55:10        14.00      0.50     13.50      0.00     16.00   3328.00      0.00

14:55:08    kbmemfree   kbavail kbmemused  %memused kbbuffers  kbcached  kbcommit   %commit  kbactive   kbinact   kbdirty
14:55:10      1627420   1652592    129596      6.38         8    143716    415404     20.46    133632     80204        72

14:55:10        CPU     %user     %nice   %system   %iowait    %steal     %idle
14:55:12        all      0.63      0.00      0.50      0.13      3.00     95.74

14:55:10          tps      rtps      wtps      dtps   bread/s   bwrtn/s   bdscd/s
14:55:12         1.00      0.00      1.00      0.00      0.00      8.00      0.00

14:55:10    kbmemfree   kbavail kbmemused  %memused kbbuffers  kbcached  kbcommit   %commit  kbactive   kbinact   kbdirty
14:55:12      1627388   1652580    129600      6.38         8    143744    415404     20.46    133744     80112        12

14:55:12        CPU     %user     %nice   %system   %iowait    %steal     %idle
14:55:14        all      0.25      0.00      0.63      0.25      2.66     96.19

14:55:12          tps      rtps      wtps      dtps   bread/s   bwrtn/s   bdscd/s
14:55:14         0.50      0.50      0.00      0.00     16.00      0.00      0.00

14:55:12    kbmemfree   kbavail kbmemused  %memused kbbuffers  kbcached  kbcommit   %commit  kbactive   kbinact   kbdirty
14:55:14      1627388   1652596    129580      6.38         8    143764    415404     20.46    133760     80112        16

14:55:14        CPU     %user     %nice   %system   %iowait    %steal     %idle
14:55:16        all      0.50      0.00      0.88      0.00      5.26     93.36

14:55:14          tps      rtps      wtps      dtps   bread/s   bwrtn/s   bdscd/s
14:55:16         0.00      0.00      0.00      0.00      0.00      0.00      0.00

14:55:14    kbmemfree   kbavail kbmemused  %memused kbbuffers  kbcached  kbcommit   %commit  kbactive   kbinact   kbdirty
14:55:16      1627388   1652596    129580      6.38         8    143764    415404     20.46    133760     80112        16

14:55:16        CPU     %user     %nice   %system   %iowait    %steal     %idle
14:55:18        all      0.38      0.00      0.51      0.00      3.17     95.94

14:55:16          tps      rtps      wtps      dtps   bread/s   bwrtn/s   bdscd/s
14:55:18         0.00      0.00      0.00      0.00      0.00      0.00      0.00

14:55:16    kbmemfree   kbavail kbmemused  %memused kbbuffers  kbcached  kbcommit   %commit  kbactive   kbinact   kbdirty
14:55:18      1627356   1652564    129612      6.38         8    143764    415404     20.46    133760     80112        16

14:55:18        CPU     %user     %nice   %system   %iowait    %steal     %idle
14:55:20        all      0.64      0.00      1.40      0.00      2.81     95.15

14:55:18          tps      rtps      wtps      dtps   bread/s   bwrtn/s   bdscd/s
14:55:20         0.00      0.00      0.00      0.00      0.00      0.00      0.00

14:55:18    kbmemfree   kbavail kbmemused  %memused kbbuffers  kbcached  kbcommit   %commit  kbactive   kbinact   kbdirty
14:55:20      1627388   1652596    129580      6.38         8    143764    415404     20.46    133760     80112        16

14:55:20        CPU     %user     %nice   %system   %iowait    %steal     %idle
14:55:22        all      0.38      0.00      0.89      0.00      2.66     96.07

14:55:20          tps      rtps      wtps      dtps   bread/s   bwrtn/s   bdscd/s
14:55:22         0.00      0.00      0.00      0.00      0.00      0.00      0.00

14:55:20    kbmemfree   kbavail kbmemused  %memused kbbuffers  kbcached  kbcommit   %commit  kbactive   kbinact   kbdirty
14:55:22      1627420   1652628    129540      6.38         8    143772    415404     20.46    133760     80112        24

14:55:22        CPU     %user     %nice   %system   %iowait    %steal     %idle
14:55:24        all      0.50      0.00      0.87      0.00      4.95     93.69

14:55:22          tps      rtps      wtps      dtps   bread/s   bwrtn/s   bdscd/s
14:55:24         0.00      0.00      0.00      0.00      0.00      0.00      0.00

14:55:22    kbmemfree   kbavail kbmemused  %memused kbbuffers  kbcached  kbcommit   %commit  kbactive   kbinact   kbdirty
14:55:24      1627420   1652628    129536      6.38         8    143776    415404     20.46    133760     80112        28

14:55:24        CPU     %user     %nice   %system   %iowait    %steal     %idle
14:55:26        all      0.25      0.00      0.76      0.00      2.93     96.06

14:55:24          tps      rtps      wtps      dtps   bread/s   bwrtn/s   bdscd/s
14:55:26         0.00      0.00      0.00      0.00      0.00      0.00      0.00

14:55:24    kbmemfree   kbavail kbmemused  %memused kbbuffers  kbcached  kbcommit   %commit  kbactive   kbinact   kbdirty
14:55:26      1627388   1652596    129568      6.38         8    143776    415404     20.46    133760     80112        28

14:55:26        CPU     %user     %nice   %system   %iowait    %steal     %idle
14:55:28        all      0.25      0.00      0.51      0.00      1.78     97.45

14:55:26          tps      rtps      wtps      dtps   bread/s   bwrtn/s   bdscd/s
14:55:28         0.00      0.00      0.00      0.00      0.00      0.00      0.00

14:55:26    kbmemfree   kbavail kbmemused  %memused kbbuffers  kbcached  kbcommit   %commit  kbactive   kbinact   kbdirty
14:55:28      1627356   1652564    129600      6.38         8    143776    415404     20.46    133760     80112        28

14:55:28        CPU     %user     %nice   %system   %iowait    %steal     %idle
14:55:30        all      0.13      0.00      0.63      0.00      2.89     96.36

14:55:28          tps      rtps      wtps      dtps   bread/s   bwrtn/s   bdscd/s
14:55:30         0.00      0.00      0.00      0.00      0.00      0.00      0.00

14:55:28    kbmemfree   kbavail kbmemused  %memused kbbuffers  kbcached  kbcommit   %commit  kbactive   kbinact   kbdirty
14:55:30      1627420   1652628    129536      6.38         8    143776    415404     20.46    133760     80112        28

14:55:30        CPU     %user     %nice   %system   %iowait    %steal     %idle
14:55:32        all      0.25      0.00      0.38      0.00      1.27     98.10

14:55:30          tps      rtps      wtps      dtps   bread/s   bwrtn/s   bdscd/s
14:55:32         0.00      0.00      0.00      0.00      0.00      0.00      0.00

14:55:30    kbmemfree   kbavail kbmemused  %memused kbbuffers  kbcached  kbcommit   %commit  kbactive   kbinact   kbdirty
14:55:32      1627388   1652596    129568      6.38         8    143776    415404     20.46    133760     80112        28

14:55:32        CPU     %user     %nice   %system   %iowait    %steal     %idle
14:55:34        all      0.26      0.00      0.64      0.00      0.90     98.21

14:55:32          tps      rtps      wtps      dtps   bread/s   bwrtn/s   bdscd/s
14:55:34         0.00      0.00      0.00      0.00      0.00      0.00      0.00

14:55:32    kbmemfree   kbavail kbmemused  %memused kbbuffers  kbcached  kbcommit   %commit  kbactive   kbinact   kbdirty
14:55:34      1627388   1652596    129568      6.38         8    143776    415404     20.46    133760     80112        28

14:55:34        CPU     %user     %nice   %system   %iowait    %steal     %idle
14:55:36        all      0.90      0.00      0.51      0.00      1.42     97.17

14:55:34          tps      rtps      wtps      dtps   bread/s   bwrtn/s   bdscd/s
14:55:36         0.00      0.00      0.00      0.00      0.00      0.00      0.00

14:55:34    kbmemfree   kbavail kbmemused  %memused kbbuffers  kbcached  kbcommit   %commit  kbactive   kbinact   kbdirty
14:55:36      1627420   1652632    129532      6.38         8    143780    415404     20.46    133764     80112        32

14:55:36        CPU     %user     %nice   %system   %iowait    %steal     %idle
14:55:38        all      0.89      0.00      0.63      0.00      3.29     95.19

14:55:36          tps      rtps      wtps      dtps   bread/s   bwrtn/s   bdscd/s
14:55:38         0.00      0.00      0.00      0.00      0.00      0.00      0.00

14:55:36    kbmemfree   kbavail kbmemused  %memused kbbuffers  kbcached  kbcommit   %commit  kbactive   kbinact   kbdirty
14:55:38      1627388   1652604    129556      6.38         8    143788    415404     20.46    133768     80112        40

14:55:38        CPU     %user     %nice   %system   %iowait    %steal     %idle
14:55:40        all      0.38      0.00      0.64      0.00      2.42     96.56

14:55:38          tps      rtps      wtps      dtps   bread/s   bwrtn/s   bdscd/s
14:55:40         1.00      0.00      1.00      0.00      0.00     28.00      0.00

14:55:38    kbmemfree   kbavail kbmemused  %memused kbbuffers  kbcached  kbcommit   %commit  kbactive   kbinact   kbdirty
14:55:40      1627388   1652664    129428      6.37         8    143916    415404     20.46    133812     80128       144

14:55:40        CPU     %user     %nice   %system   %iowait    %steal     %idle
14:55:42        all      1.01      0.00      1.27      0.00      4.69     93.03

14:55:40          tps      rtps      wtps      dtps   bread/s   bwrtn/s   bdscd/s
14:55:42         0.00      0.00      0.00      0.00      0.00      0.00      0.00

14:55:40    kbmemfree   kbavail kbmemused  %memused kbbuffers  kbcached  kbcommit   %commit  kbactive   kbinact   kbdirty
14:55:42      1627452   1652728    129364      6.37         8    143916    415404     20.46    133812     80128       148

14:55:42        CPU     %user     %nice   %system   %iowait    %steal     %idle
14:55:44        all      0.38      0.00      0.51      0.00      0.64     98.46

14:55:42          tps      rtps      wtps      dtps   bread/s   bwrtn/s   bdscd/s
14:55:44         0.50      0.00      0.50      0.00      0.00     12.00      0.00

14:55:42    kbmemfree   kbavail kbmemused  %memused kbbuffers  kbcached  kbcommit   %commit  kbactive   kbinact   kbdirty
14:55:44      1627388   1652696    129396      6.37         8    143948    415404     20.46    133844     80128       168

14:55:44        CPU     %user     %nice   %system   %iowait    %steal     %idle
14:55:46        all      0.13      0.00      0.26      0.00      1.54     98.08

14:55:44          tps      rtps      wtps      dtps   bread/s   bwrtn/s   bdscd/s
14:55:46         0.00      0.00      0.00      0.00      0.00      0.00      0.00

14:55:44    kbmemfree   kbavail kbmemused  %memused kbbuffers  kbcached  kbcommit   %commit  kbactive   kbinact   kbdirty
14:55:46      1627388   1652700    129392      6.37         8    143952    415404     20.46    133848     80128       176

14:55:46        CPU     %user     %nice   %system   %iowait    %steal     %idle
14:55:48        all      0.00      0.00      1.02      0.38      1.66     96.94

14:55:46          tps      rtps      wtps      dtps   bread/s   bwrtn/s   bdscd/s
14:55:48        14.00      0.00     14.00      0.00      0.00   2216.00      0.00

14:55:46    kbmemfree   kbavail kbmemused  %memused kbbuffers  kbcached  kbcommit   %commit  kbactive   kbinact   kbdirty
14:55:48      1627168   1652848    129276      6.37         8    144288    415404     20.46    134168     80176        16

14:55:48        CPU     %user     %nice   %system   %iowait    %steal     %idle
14:55:50        all      0.25      0.00      0.25      0.00      1.53     97.96

14:55:48          tps      rtps      wtps      dtps   bread/s   bwrtn/s   bdscd/s
14:55:50         0.00      0.00      0.00      0.00      0.00      0.00      0.00

14:55:48    kbmemfree   kbavail kbmemused  %memused kbbuffers  kbcached  kbcommit   %commit  kbactive   kbinact   kbdirty
14:55:50      1627136   1652816    129304      6.37         8    144292    415404     20.46    134168     80176        20

14:55:50        CPU     %user     %nice   %system   %iowait    %steal     %idle
14:55:52        all      0.51      0.00      0.63      0.00      2.91     95.95

14:55:50          tps      rtps      wtps      dtps   bread/s   bwrtn/s   bdscd/s
14:55:52         0.00      0.00      0.00      0.00      0.00      0.00      0.00

14:55:50    kbmemfree   kbavail kbmemused  %memused kbbuffers  kbcached  kbcommit   %commit  kbactive   kbinact   kbdirty
14:55:52      1627040   1652724    129392      6.37         8    144300    415404     20.46    134172     80176        28

14:55:52        CPU     %user     %nice   %system   %iowait    %steal     %idle
14:55:54        all      0.51      0.00      0.38      0.00      2.65     96.46

14:55:52          tps      rtps      wtps      dtps   bread/s   bwrtn/s   bdscd/s
14:55:54         0.00      0.00      0.00      0.00      0.00      0.00      0.00

14:55:52    kbmemfree   kbavail kbmemused  %memused kbbuffers  kbcached  kbcommit   %commit  kbactive   kbinact   kbdirty
14:55:54      1627136   1652820    129296      6.37         8    144300    415404     20.46    134172     80176        28

14:55:54        CPU     %user     %nice   %system   %iowait    %steal     %idle
14:55:56        all      0.25      0.00      0.76      0.00      0.89     98.09

14:55:54          tps      rtps      wtps      dtps   bread/s   bwrtn/s   bdscd/s
14:55:56         0.00      0.00      0.00      0.00      0.00      0.00      0.00

14:55:54    kbmemfree   kbavail kbmemused  %memused kbbuffers  kbcached  kbcommit   %commit  kbactive   kbinact   kbdirty
14:55:56      1627136   1652820    129296      6.37         8    144300    415404     20.46    134172     80176        28

14:55:56        CPU     %user     %nice   %system   %iowait    %steal     %idle
14:55:58        all      0.13      0.00      0.26      0.00      1.41     98.21

14:55:56          tps      rtps      wtps      dtps   bread/s   bwrtn/s   bdscd/s
14:55:58         0.00      0.00      0.00      0.00      0.00      0.00      0.00

14:55:56    kbmemfree   kbavail kbmemused  %memused kbbuffers  kbcached  kbcommit   %commit  kbactive   kbinact   kbdirty
14:55:58      1627104   1652792    129324      6.37         8    144304    415404     20.46    134176     80176        32

14:55:58        CPU     %user     %nice   %system   %iowait    %steal     %idle
14:56:00        all      0.13      0.00      0.77      0.00      1.03     98.07

14:55:58          tps      rtps      wtps      dtps   bread/s   bwrtn/s   bdscd/s
14:56:00         0.00      0.00      0.00      0.00      0.00      0.00      0.00

14:55:58    kbmemfree   kbavail kbmemused  %memused kbbuffers  kbcached  kbcommit   %commit  kbactive   kbinact   kbdirty
14:56:00      1627136   1652824    129292      6.37         8    144304    415404     20.46    134176     80176        32

14:56:00        CPU     %user     %nice   %system   %iowait    %steal     %idle
14:56:02        all      0.76      0.00      0.63      0.00      2.41     96.20

14:56:00          tps      rtps      wtps      dtps   bread/s   bwrtn/s   bdscd/s
14:56:02         0.00      0.00      0.00      0.00      0.00      0.00      0.00

14:56:00    kbmemfree   kbavail kbmemused  %memused kbbuffers  kbcached  kbcommit   %commit  kbactive   kbinact   kbdirty
14:56:02      1627136   1652828    129288      6.37         8    144308    415404     20.46    134180     80176        36

14:56:02        CPU     %user     %nice   %system   %iowait    %steal     %idle
14:56:04        all      0.51      0.00      0.64      0.00      1.15     97.70

14:56:02          tps      rtps      wtps      dtps   bread/s   bwrtn/s   bdscd/s
14:56:04         0.00      0.00      0.00      0.00      0.00      0.00      0.00

14:56:02    kbmemfree   kbavail kbmemused  %memused kbbuffers  kbcached  kbcommit   %commit  kbactive   kbinact   kbdirty
14:56:04      1627168   1652864    129252      6.37         8    144312    415404     20.46    134184     80176        40

14:56:04        CPU     %user     %nice   %system   %iowait    %steal     %idle
14:56:06        all      0.38      0.00      0.51      0.00      1.91     97.20

14:56:04          tps      rtps      wtps      dtps   bread/s   bwrtn/s   bdscd/s
14:56:06         0.00      0.00      0.00      0.00      0.00      0.00      0.00

14:56:04    kbmemfree   kbavail kbmemused  %memused kbbuffers  kbcached  kbcommit   %commit  kbactive   kbinact   kbdirty
14:56:06      1627104   1652800    129308      6.37         8    144320    415404     20.46    134184     80176        48

14:56:06        CPU     %user     %nice   %system   %iowait    %steal     %idle
14:56:08        all      0.25      0.00      0.63      0.00      3.03     96.09

14:56:06          tps      rtps      wtps      dtps   bread/s   bwrtn/s   bdscd/s
14:56:08         0.00      0.00      0.00      0.00      0.00      0.00      0.00

14:56:06    kbmemfree   kbavail kbmemused  %memused kbbuffers  kbcached  kbcommit   %commit  kbactive   kbinact   kbdirty
14:56:08      1627072   1652768    129340      6.37         8    144320    415404     20.46    134184     80176        48

14:56:08        CPU     %user     %nice   %system   %iowait    %steal     %idle
14:56:10        all      0.50      0.00      1.00      0.00      4.11     94.39

14:56:08          tps      rtps      wtps      dtps   bread/s   bwrtn/s   bdscd/s
14:56:10         0.00      0.00      0.00      0.00      0.00      0.00      0.00

14:56:08    kbmemfree   kbavail kbmemused  %memused kbbuffers  kbcached  kbcommit   %commit  kbactive   kbinact   kbdirty
14:56:10      1627104   1652800    129308      6.37         8    144320    415404     20.46    134184     80176        48

14:56:10        CPU     %user     %nice   %system   %iowait    %steal     %idle
14:56:12        all      0.26      0.00      0.51      0.00      1.66     97.57

14:56:10          tps      rtps      wtps      dtps   bread/s   bwrtn/s   bdscd/s
14:56:12         0.00      0.00      0.00      0.00      0.00      0.00      0.00

14:56:10    kbmemfree   kbavail kbmemused  %memused kbbuffers  kbcached  kbcommit   %commit  kbactive   kbinact   kbdirty
14:56:12      1627136   1652832    129276      6.37         8    144320    415404     20.46    134184     80176        48

14:56:12        CPU     %user     %nice   %system   %iowait    %steal     %idle
14:56:14        all      0.13      0.00      0.13      0.00      1.26     98.48

14:56:12          tps      rtps      wtps      dtps   bread/s   bwrtn/s   bdscd/s
14:56:14         0.00      0.00      0.00      0.00      0.00      0.00      0.00

14:56:12    kbmemfree   kbavail kbmemused  %memused kbbuffers  kbcached  kbcommit   %commit  kbactive   kbinact   kbdirty
14:56:14      1627168   1652864    129244      6.36         8    144320    415404     20.46    134184     80176        48

14:56:14        CPU     %user     %nice   %system   %iowait    %steal     %idle
14:56:16        all      0.38      0.00      0.75      0.00      4.13     94.74

14:56:14          tps      rtps      wtps      dtps   bread/s   bwrtn/s   bdscd/s
14:56:16         1.00      0.00      1.00      0.00      0.00     36.00      0.00

14:56:14    kbmemfree   kbavail kbmemused  %memused kbbuffers  kbcached  kbcommit   %commit  kbactive   kbinact   kbdirty
14:56:16      1627136   1652884    129224      6.36         8    144372    415404     20.46    134200     80212       148

14:56:16        CPU     %user     %nice   %system   %iowait    %steal     %idle
14:56:18        all      0.26      0.00      0.51      0.00      2.06     97.17

14:56:16          tps      rtps      wtps      dtps   bread/s   bwrtn/s   bdscd/s
14:56:18         0.00      0.00      0.00      0.00      0.00      0.00      0.00

14:56:16    kbmemfree   kbavail kbmemused  %memused kbbuffers  kbcached  kbcommit   %commit  kbactive   kbinact   kbdirty
14:56:18      1627104   1652852    129256      6.37         8    144372    415404     20.46    134204     80208       152

14:56:18        CPU     %user     %nice   %system   %iowait    %steal     %idle
14:56:20        all      0.37      0.00      0.75      0.00      3.87     95.01

14:56:18          tps      rtps      wtps      dtps   bread/s   bwrtn/s   bdscd/s
14:56:20         0.50      0.00      0.50      0.00      0.00     16.00      0.00

14:56:18    kbmemfree   kbavail kbmemused  %memused kbbuffers  kbcached  kbcommit   %commit  kbactive   kbinact   kbdirty
14:56:20      1627104   1652888    129216      6.36         8    144412    415404     20.46    134224     80224       176

14:56:20        CPU     %user     %nice   %system   %iowait    %steal     %idle
14:56:22        all      0.13      0.00      0.38      0.00      4.29     95.20

14:56:20          tps      rtps      wtps      dtps   bread/s   bwrtn/s   bdscd/s
14:56:22         0.00      0.00      0.00      0.00      0.00      0.00      0.00

14:56:20    kbmemfree   kbavail kbmemused  %memused kbbuffers  kbcached  kbcommit   %commit  kbactive   kbinact   kbdirty
14:56:22      1627168   1652952    129152      6.36         8    144412    415404     20.46    134224     80224       180

14:56:22        CPU     %user     %nice   %system   %iowait    %steal     %idle
14:56:24        all      0.25      0.00      0.50      0.00      2.52     96.72

14:56:22          tps      rtps      wtps      dtps   bread/s   bwrtn/s   bdscd/s
14:56:24         0.00      0.00      0.00      0.00      0.00      0.00      0.00

14:56:22    kbmemfree   kbavail kbmemused  %memused kbbuffers  kbcached  kbcommit   %commit  kbactive   kbinact   kbdirty
14:56:24      1627136   1652920    129184      6.36         8    144412    415404     20.46    134224     80224       180

14:56:24        CPU     %user     %nice   %system   %iowait    %steal     %idle
14:56:26        all      0.39      0.00      0.64      0.00      1.67     97.30

14:56:24          tps      rtps      wtps      dtps   bread/s   bwrtn/s   bdscd/s
14:56:26         2.00      0.00      2.00      0.00      0.00     20.00      0.00

14:56:24    kbmemfree   kbavail kbmemused  %memused kbbuffers  kbcached  kbcommit   %commit  kbactive   kbinact   kbdirty
14:56:26      1627168   1652952    129152      6.36         8    144412    415404     20.46    134256     80192       168

14:56:26        CPU     %user     %nice   %system   %iowait    %steal     %idle
14:56:28        all      0.25      0.00      0.63      0.00      3.79     95.32

14:56:26          tps      rtps      wtps      dtps   bread/s   bwrtn/s   bdscd/s
14:56:28         0.00      0.00      0.00      0.00      0.00      0.00      0.00

14:56:26    kbmemfree   kbavail kbmemused  %memused kbbuffers  kbcached  kbcommit   %commit  kbactive   kbinact   kbdirty
14:56:28      1627168   1652952    129152      6.36         8    144412    415404     20.46    134256     80192       172

14:56:28        CPU     %user     %nice   %system   %iowait    %steal     %idle
14:56:30        all      0.25      0.00      0.75      0.00      3.02     95.98

14:56:28          tps      rtps      wtps      dtps   bread/s   bwrtn/s   bdscd/s
14:56:30         1.00      0.00      1.00      0.00      0.00     12.00      0.00

14:56:28    kbmemfree   kbavail kbmemused  %memused kbbuffers  kbcached  kbcommit   %commit  kbactive   kbinact   kbdirty
14:56:30      1627168   1653004    129152      6.36         8    144412    415404     20.46    134260     80240       160

14:56:30        CPU     %user     %nice   %system   %iowait    %steal     %idle
14:56:32        all      0.38      0.00      0.13      0.00      1.89     97.61

14:56:30          tps      rtps      wtps      dtps   bread/s   bwrtn/s   bdscd/s
14:56:32         0.00      0.00      0.00      0.00      0.00      0.00      0.00

14:56:30    kbmemfree   kbavail kbmemused  %memused kbbuffers  kbcached  kbcommit   %commit  kbactive   kbinact   kbdirty
14:56:32      1627136   1653024    129180      6.36         8    144416    415404     20.46    134300     80252       176

14:56:32        CPU     %user     %nice   %system   %iowait    %steal     %idle
14:56:34        all      0.13      0.00      0.51      0.00      2.65     96.71

14:56:32          tps      rtps      wtps      dtps   bread/s   bwrtn/s   bdscd/s
14:56:34         0.00      0.00      0.00      0.00      0.00      0.00      0.00

14:56:32    kbmemfree   kbavail kbmemused  %memused kbbuffers  kbcached  kbcommit   %commit  kbactive   kbinact   kbdirty
14:56:34      1627136   1653024    129172      6.36         8    144424    415404     20.46    134300     80252       184

14:56:34        CPU     %user     %nice   %system   %iowait    %steal     %idle
14:56:36        all      1.16      0.00      0.65      0.00      3.49     94.70

14:56:34          tps      rtps      wtps      dtps   bread/s   bwrtn/s   bdscd/s
14:56:36         2.50      0.00      2.50      0.00      0.00     24.00      0.00

14:56:34    kbmemfree   kbavail kbmemused  %memused kbbuffers  kbcached  kbcommit   %commit  kbactive   kbinact   kbdirty
14:56:36      1627168   1653072    129108      6.36         8    144456    415404     20.46    134316     80252       200

14:56:36        CPU     %user     %nice   %system   %iowait    %steal     %idle
14:56:38        all      0.50      0.00      1.12      0.00      5.74     92.63

14:56:36          tps      rtps      wtps      dtps   bread/s   bwrtn/s   bdscd/s
14:56:38         0.00      0.00      0.00      0.00      0.00      0.00      0.00

14:56:36    kbmemfree   kbavail kbmemused  %memused kbbuffers  kbcached  kbcommit   %commit  kbactive   kbinact   kbdirty
14:56:38      1627136   1653040    129140      6.36         8    144456    415404     20.46    134316     80252       204

14:56:38        CPU     %user     %nice   %system   %iowait    %steal     %idle
14:56:40        all      0.13      0.00      0.51      0.00      2.66     96.70

14:56:38          tps      rtps      wtps      dtps   bread/s   bwrtn/s   bdscd/s
14:56:40         1.50      0.00      1.50      0.00      0.00     12.00      0.00

14:56:38    kbmemfree   kbavail kbmemused  %memused kbbuffers  kbcached  kbcommit   %commit  kbactive   kbinact   kbdirty
14:56:40      1627168   1653088    129092      6.36         8    144472    415404     20.46    134332     80252       212

14:56:40        CPU     %user     %nice   %system   %iowait    %steal     %idle
14:56:42        all      1.28      0.00      0.89      0.00      1.15     96.68

14:56:40          tps      rtps      wtps      dtps   bread/s   bwrtn/s   bdscd/s
14:56:42         0.00      0.00      0.00      0.00      0.00      0.00      0.00

14:56:40    kbmemfree   kbavail kbmemused  %memused kbbuffers  kbcached  kbcommit   %commit  kbactive   kbinact   kbdirty
14:56:42      1627136   1653056    129120      6.36         8    144476    415404     20.46    134332     80252       224

14:56:42        CPU     %user     %nice   %system   %iowait    %steal     %idle
14:56:44        all      0.26      0.00      0.38      0.00      1.79     97.57

14:56:42          tps      rtps      wtps      dtps   bread/s   bwrtn/s   bdscd/s
14:56:44         0.00      0.00      0.00      0.00      0.00      0.00      0.00

14:56:42    kbmemfree   kbavail kbmemused  %memused kbbuffers  kbcached  kbcommit   %commit  kbactive   kbinact   kbdirty
14:56:44      1627136   1653056    129120      6.36         8    144476    415404     20.46    134332     80252       224

14:56:44        CPU     %user     %nice   %system   %iowait    %steal     %idle
14:56:46        all      0.13      0.00      0.38      0.51      3.19     95.79

14:56:44          tps      rtps      wtps      dtps   bread/s   bwrtn/s   bdscd/s
14:56:46        17.00      0.00     17.00      0.00      0.00   2344.00      0.00

14:56:44    kbmemfree   kbavail kbmemused  %memused kbbuffers  kbcached  kbcommit   %commit  kbactive   kbinact   kbdirty
14:56:46      1626600   1652908    129304      6.37         8    144828    415404     20.46    134688     80284        16

14:56:46        CPU     %user     %nice   %system   %iowait    %steal     %idle
14:56:48        all      0.37      0.00      0.62      0.00      6.24     92.76

14:56:46          tps      rtps      wtps      dtps   bread/s   bwrtn/s   bdscd/s
14:56:48         0.00      0.00      0.00      0.00      0.00      0.00      0.00

14:56:46    kbmemfree   kbavail kbmemused  %memused kbbuffers  kbcached  kbcommit   %commit  kbactive   kbinact   kbdirty
14:56:48      1626568   1652876    129332      6.37         8    144832    415404     20.46    134688     80284        20

14:56:48        CPU     %user     %nice   %system   %iowait    %steal     %idle
14:56:50        all      0.12      0.00      0.37      0.00      4.69     94.81

14:56:48          tps      rtps      wtps      dtps   bread/s   bwrtn/s   bdscd/s
14:56:50         0.00      0.00      0.00      0.00      0.00      0.00      0.00

14:56:48    kbmemfree   kbavail kbmemused  %memused kbbuffers  kbcached  kbcommit   %commit  kbactive   kbinact   kbdirty
14:56:50      1626664   1652976    129232      6.36         8    144836    415404     20.46    134692     80284        24

14:56:50        CPU     %user     %nice   %system   %iowait    %steal     %idle
14:56:52        all      0.25      0.00      0.25      0.00      1.66     97.83

14:56:50          tps      rtps      wtps      dtps   bread/s   bwrtn/s   bdscd/s
14:56:52         0.00      0.00      0.00      0.00      0.00      0.00      0.00

14:56:50    kbmemfree   kbavail kbmemused  %memused kbbuffers  kbcached  kbcommit   %commit  kbactive   kbinact   kbdirty
14:56:52      1626600   1652912    129296      6.37         8    144836    415404     20.46    134692     80284        24

14:56:52        CPU     %user     %nice   %system   %iowait    %steal     %idle
14:56:54        all      0.26      0.00      0.26      0.00      1.79     97.70

14:56:52          tps      rtps      wtps      dtps   bread/s   bwrtn/s   bdscd/s
14:56:54         0.00      0.00      0.00      0.00      0.00      0.00      0.00

14:56:52    kbmemfree   kbavail kbmemused  %memused kbbuffers  kbcached  kbcommit   %commit  kbactive   kbinact   kbdirty
14:56:54      1626632   1652944    129264      6.37         8    144836    415404     20.46    134692     80284        24

14:56:54        CPU     %user     %nice   %system   %iowait    %steal     %idle
14:56:56        all      0.25      0.00      0.76      0.00      1.91     97.07

14:56:54          tps      rtps      wtps      dtps   bread/s   bwrtn/s   bdscd/s
14:56:56         0.00      0.00      0.00      0.00      0.00      0.00      0.00

14:56:54    kbmemfree   kbavail kbmemused  %memused kbbuffers  kbcached  kbcommit   %commit  kbactive   kbinact   kbdirty
14:56:56      1626632   1652944    129264      6.37         8    144836    415404     20.46    134692     80284        24

14:56:56        CPU     %user     %nice   %system   %iowait    %steal     %idle
14:56:58        all      0.13      0.00      0.51      0.00      3.44     95.93

14:56:56          tps      rtps      wtps      dtps   bread/s   bwrtn/s   bdscd/s
14:56:58         0.00      0.00      0.00      0.00      0.00      0.00      0.00

14:56:56    kbmemfree   kbavail kbmemused  %memused kbbuffers  kbcached  kbcommit   %commit  kbactive   kbinact   kbdirty
14:56:58      1626632   1652944    129260      6.37         8    144840    415404     20.46    134692     80284        28

14:56:58        CPU     %user     %nice   %system   %iowait    %steal     %idle
14:57:00        all      0.51      0.00      0.26      0.00      2.43     96.80

14:56:58          tps      rtps      wtps      dtps   bread/s   bwrtn/s   bdscd/s
14:57:00         0.00      0.00      0.00      0.00      0.00      0.00      0.00

14:56:58    kbmemfree   kbavail kbmemused  %memused kbbuffers  kbcached  kbcommit   %commit  kbactive   kbinact   kbdirty
14:57:00      1626664   1652976    129228      6.36         8    144840    415404     20.46    134692     80284        28

14:57:00        CPU     %user     %nice   %system   %iowait    %steal     %idle
14:57:02        all      2.66      0.00      2.28      0.00      9.24     85.82

14:57:00          tps      rtps      wtps      dtps   bread/s   bwrtn/s   bdscd/s
14:57:02         0.00      0.00      0.00      0.00      0.00      0.00      0.00

14:57:00    kbmemfree   kbavail kbmemused  %memused kbbuffers  kbcached  kbcommit   %commit  kbactive   kbinact   kbdirty
14:57:02      1626664   1652980    129220      6.36         8    144848    415404     20.46    134696     80284        36

14:57:02        CPU     %user     %nice   %system   %iowait    %steal     %idle
14:57:04        all      0.38      0.00      0.88      0.00      3.29     95.45

14:57:02          tps      rtps      wtps      dtps   bread/s   bwrtn/s   bdscd/s
14:57:04         0.00      0.00      0.00      0.00      0.00      0.00      0.00

14:57:02    kbmemfree   kbavail kbmemused  %memused kbbuffers  kbcached  kbcommit   %commit  kbactive   kbinact   kbdirty
14:57:04      1626632   1652952    129244      6.36         8    144856    415404     20.46    134700     80284        44

14:57:04        CPU     %user     %nice   %system   %iowait    %steal     %idle
14:57:06        all      0.13      0.00      0.64      0.00      3.71     95.52

14:57:04          tps      rtps      wtps      dtps   bread/s   bwrtn/s   bdscd/s
14:57:06         0.00      0.00      0.00      0.00      0.00      0.00      0.00

14:57:04    kbmemfree   kbavail kbmemused  %memused kbbuffers  kbcached  kbcommit   %commit  kbactive   kbinact   kbdirty
14:57:06      1626600   1652920    129276      6.37         8    144856    415404     20.46    134700     80284        44

14:57:06        CPU     %user     %nice   %system   %iowait    %steal     %idle
14:57:08        all      0.50      0.00      1.00      0.00      3.98     94.53

14:57:06          tps      rtps      wtps      dtps   bread/s   bwrtn/s   bdscd/s
14:57:08         0.00      0.00      0.00      0.00      0.00      0.00      0.00

14:57:06    kbmemfree   kbavail kbmemused  %memused kbbuffers  kbcached  kbcommit   %commit  kbactive   kbinact   kbdirty
14:57:08      1626632   1652956    129244      6.36         8    144856    415404     20.46    134704     80284        44

14:57:08        CPU     %user     %nice   %system   %iowait    %steal     %idle
14:57:10        all      0.25      0.00      0.37      0.00      3.25     96.13

14:57:08          tps      rtps      wtps      dtps   bread/s   bwrtn/s   bdscd/s
14:57:10         0.00      0.00      0.00      0.00      0.00      0.00      0.00

14:57:08    kbmemfree   kbavail kbmemused  %memused kbbuffers  kbcached  kbcommit   %commit  kbactive   kbinact   kbdirty
14:57:10      1626632   1652956    129244      6.36         8    144856    415404     20.46    134704     80284        44

14:57:10        CPU     %user     %nice   %system   %iowait    %steal     %idle
14:57:12        all      0.37      0.00      0.37      0.00      5.22     94.03

14:57:10          tps      rtps      wtps      dtps   bread/s   bwrtn/s   bdscd/s
14:57:12         1.50      0.00      1.50      0.00      0.00     32.00      0.00

14:57:10    kbmemfree   kbavail kbmemused  %memused kbbuffers  kbcached  kbcommit   %commit  kbactive   kbinact   kbdirty
14:57:12      1626664   1652988    129212      6.36         8    144856    415404     20.46    134704     80284       144

14:57:12        CPU     %user     %nice   %system   %iowait    %steal     %idle
14:57:14        all      0.37      0.00      0.62      0.00      5.45     93.56

14:57:12          tps      rtps      wtps      dtps   bread/s   bwrtn/s   bdscd/s
14:57:14         0.00      0.00      0.00      0.00      0.00      0.00      0.00

14:57:12    kbmemfree   kbavail kbmemused  %memused kbbuffers  kbcached  kbcommit   %commit  kbactive   kbinact   kbdirty
14:57:14      1626664   1652988    129208      6.36         8    144860    415404     20.46    134704     80284       152

14:57:14        CPU     %user     %nice   %system   %iowait    %steal     %idle
14:57:16        all      0.00      0.00      0.49      0.00      5.80     93.70

14:57:14          tps      rtps      wtps      dtps   bread/s   bwrtn/s   bdscd/s
14:57:16         2.00      0.00      2.00      0.00      0.00     28.00      0.00

14:57:14    kbmemfree   kbavail kbmemused  %memused kbbuffers  kbcached  kbcommit   %commit  kbactive   kbinact   kbdirty
14:57:16      1626696   1653020    129172      6.36         8    144864    415404     20.46    134704     80284       180

14:57:16        CPU     %user     %nice   %system   %iowait    %steal     %idle
14:57:18        all      0.25      0.00      0.50      0.00      5.47     93.79

14:57:16          tps      rtps      wtps      dtps   bread/s   bwrtn/s   bdscd/s
14:57:18         0.00      0.00      0.00      0.00      0.00      0.00      0.00

14:57:16    kbmemfree   kbavail kbmemused  %memused kbbuffers  kbcached  kbcommit   %commit  kbactive   kbinact   kbdirty
14:57:18      1626664   1652988    129200      6.36         8    144868    415404     20.46    134704     80284       192

14:57:18        CPU     %user     %nice   %system   %iowait    %steal     %idle
14:57:20        all      0.64      0.00      0.13      0.00      2.43     96.81

14:57:18          tps      rtps      wtps      dtps   bread/s   bwrtn/s   bdscd/s
14:57:20         0.00      0.00      0.00      0.00      0.00      0.00      0.00

14:57:18    kbmemfree   kbavail kbmemused  %memused kbbuffers  kbcached  kbcommit   %commit  kbactive   kbinact   kbdirty
14:57:20      1626600   1652924    129264      6.37         8    144868    415404     20.46    134704     80284       192

14:57:20        CPU     %user     %nice   %system   %iowait    %steal     %idle
14:57:22        all      0.65      0.00      0.91      0.00      1.03     97.41

14:57:20          tps      rtps      wtps      dtps   bread/s   bwrtn/s   bdscd/s
14:57:22         1.50      0.00      1.50      0.00      0.00     16.00      0.00

14:57:20    kbmemfree   kbavail kbmemused  %memused kbbuffers  kbcached  kbcommit   %commit  kbactive   kbinact   kbdirty
14:57:22      1626632   1652956    129232      6.36         8    144868    415404     20.46    134704     80284       200

14:57:22        CPU     %user     %nice   %system   %iowait    %steal     %idle
14:57:24        all      0.38      0.00      0.26      0.00      1.28     98.09

14:57:22          tps      rtps      wtps      dtps   bread/s   bwrtn/s   bdscd/s
14:57:24         0.00      0.00      0.00      0.00      0.00      0.00      0.00

14:57:22    kbmemfree   kbavail kbmemused  %memused kbbuffers  kbcached  kbcommit   %commit  kbactive   kbinact   kbdirty
14:57:24      1626600   1652932    129264      6.37         8    144868    415404     20.46    134728     80268       204

14:57:24        CPU     %user     %nice   %system   %iowait    %steal     %idle
14:57:26        all      0.12      0.00      0.62      0.00      3.88     95.38

14:57:24          tps      rtps      wtps      dtps   bread/s   bwrtn/s   bdscd/s
14:57:26         1.50      0.00      1.50      0.00      0.00     12.00      0.00

14:57:24    kbmemfree   kbavail kbmemused  %memused kbbuffers  kbcached  kbcommit   %commit  kbactive   kbinact   kbdirty
14:57:26      1626632   1652964    129232      6.36         8    144868    415404     20.46    134728     80268       200

14:57:26        CPU     %user     %nice   %system   %iowait    %steal     %idle
14:57:28        all      0.26      0.00      0.13      0.00      1.28     98.34

14:57:26          tps      rtps      wtps      dtps   bread/s   bwrtn/s   bdscd/s
14:57:28         0.00      0.00      0.00      0.00      0.00      0.00      0.00

14:57:26    kbmemfree   kbavail kbmemused  %memused kbbuffers  kbcached  kbcommit   %commit  kbactive   kbinact   kbdirty
14:57:28      1626664   1653012    129184      6.36         8    144884    415404     20.46    134744     80268       220

14:57:28        CPU     %user     %nice   %system   %iowait    %steal     %idle
14:57:30        all      0.00      0.00      0.38      0.00      1.40     98.22

14:57:28          tps      rtps      wtps      dtps   bread/s   bwrtn/s   bdscd/s
14:57:30         0.00      0.00      0.00      0.00      0.00      0.00      0.00

14:57:28    kbmemfree   kbavail kbmemused  %memused kbbuffers  kbcached  kbcommit   %commit  kbactive   kbinact   kbdirty
14:57:30      1626664   1653012    129184      6.36         8    144884    415404     20.46    134744     80268       220

14:57:30        CPU     %user     %nice   %system   %iowait    %steal     %idle
14:57:32        all      0.51      0.00      0.51      0.00      1.28     97.70

14:57:30          tps      rtps      wtps      dtps   bread/s   bwrtn/s   bdscd/s
14:57:32         2.50      0.00      2.50      0.00      0.00     20.00      0.00

14:57:30    kbmemfree   kbavail kbmemused  %memused kbbuffers  kbcached  kbcommit   %commit  kbactive   kbinact   kbdirty
14:57:32      1626632   1653004    129192      6.36         8    144908    415404     20.46    134768     80268       228

14:57:32        CPU     %user     %nice   %system   %iowait    %steal     %idle
14:57:34        all      0.51      0.00      0.13      0.00      2.16     97.20

14:57:32          tps      rtps      wtps      dtps   bread/s   bwrtn/s   bdscd/s
14:57:34         0.00      0.00      0.00      0.00      0.00      0.00      0.00

14:57:32    kbmemfree   kbavail kbmemused  %memused kbbuffers  kbcached  kbcommit   %commit  kbactive   kbinact   kbdirty
14:57:34      1626632   1653004    129192      6.36         8    144908    415404     20.46    134768     80268       236

14:57:34        CPU     %user     %nice   %system   %iowait    %steal     %idle
14:57:36        all      0.25      0.00      0.00      0.00      2.17     97.58

14:57:34          tps      rtps      wtps      dtps   bread/s   bwrtn/s   bdscd/s
14:57:36         2.00      0.00      2.00      0.00      0.00     16.00      0.00

14:57:34    kbmemfree   kbavail kbmemused  %memused kbbuffers  kbcached  kbcommit   %commit  kbactive   kbinact   kbdirty
14:57:36      1626632   1653004    129188      6.36         8    144912    415404     20.46    134768     80268       240

14:57:36        CPU     %user     %nice   %system   %iowait    %steal     %idle
14:57:38        all      0.25      0.00      0.50      0.00      3.12     96.13

14:57:36          tps      rtps      wtps      dtps   bread/s   bwrtn/s   bdscd/s
14:57:38         0.00      0.00      0.00      0.00      0.00      0.00      0.00

14:57:36    kbmemfree   kbavail kbmemused  %memused kbbuffers  kbcached  kbcommit   %commit  kbactive   kbinact   kbdirty
14:57:38      1626632   1653020    129172      6.36         8    144928    415404     20.46    134784     80268       252

14:57:38        CPU     %user     %nice   %system   %iowait    %steal     %idle
14:57:40        all      0.38      0.00      0.13      0.00      0.90     98.59

14:57:38          tps      rtps      wtps      dtps   bread/s   bwrtn/s   bdscd/s
14:57:40         0.00      0.00      0.00      0.00      0.00      0.00      0.00

14:57:38    kbmemfree   kbavail kbmemused  %memused kbbuffers  kbcached  kbcommit   %commit  kbactive   kbinact   kbdirty
14:57:40      1626632   1653020    129172      6.36         8    144928    415404     20.46    134784     80268       252

14:57:40        CPU     %user     %nice   %system   %iowait    %steal     %idle
14:57:42        all      0.26      0.00      1.02      0.51      1.66     96.54

14:57:40          tps      rtps      wtps      dtps   bread/s   bwrtn/s   bdscd/s
14:57:42        15.00      0.50     14.50      0.00     16.00   2580.00      0.00

14:57:40    kbmemfree   kbavail kbmemused  %memused kbbuffers  kbcached  kbcommit   %commit  kbactive   kbinact   kbdirty
14:57:42      1626348   1653184    129008      6.35         8    145376    415404     20.46    135184     80316         4

14:57:42        CPU     %user     %nice   %system   %iowait    %steal     %idle
14:57:44        all      0.25      0.00      0.13      0.00      1.91     97.71

14:57:42          tps      rtps      wtps      dtps   bread/s   bwrtn/s   bdscd/s
14:57:44         0.00      0.00      0.00      0.00      0.00      0.00      0.00

14:57:42    kbmemfree   kbavail kbmemused  %memused kbbuffers  kbcached  kbcommit   %commit  kbactive   kbinact   kbdirty
14:57:44      1626380   1653216    128976      6.35         8    145376    415404     20.46    135184     80316        12

14:57:44        CPU     %user     %nice   %system   %iowait    %steal     %idle
14:57:46        all      0.38      0.00      0.51      0.00      2.15     96.96

14:57:44          tps      rtps      wtps      dtps   bread/s   bwrtn/s   bdscd/s
14:57:46         0.00      0.00      0.00      0.00      0.00      0.00      0.00

14:57:44    kbmemfree   kbavail kbmemused  %memused kbbuffers  kbcached  kbcommit   %commit  kbactive   kbinact   kbdirty
14:57:46      1626380   1653224    128968      6.35         8    145384    415404     20.46    135192     80316        20

14:57:46        CPU     %user     %nice   %system   %iowait    %steal     %idle
14:57:48        all      0.38      0.00      0.25      0.00      3.14     96.24

14:57:46          tps      rtps      wtps      dtps   bread/s   bwrtn/s   bdscd/s
14:57:48         0.00      0.00      0.00      0.00      0.00      0.00      0.00

14:57:46    kbmemfree   kbavail kbmemused  %memused kbbuffers  kbcached  kbcommit   %commit  kbactive   kbinact   kbdirty
14:57:48      1626348   1653192    129000      6.35         8    145384    415404     20.46    135192     80316        20

14:57:48        CPU     %user     %nice   %system   %iowait    %steal     %idle
14:57:50        all      0.25      0.00      0.50      0.00      3.97     95.29

14:57:48          tps      rtps      wtps      dtps   bread/s   bwrtn/s   bdscd/s
14:57:50         0.00      0.00      0.00      0.00      0.00      0.00      0.00

14:57:48    kbmemfree   kbavail kbmemused  %memused kbbuffers  kbcached  kbcommit   %commit  kbactive   kbinact   kbdirty
14:57:50      1626348   1653192    129000      6.35         8    145384    415404     20.46    135192     80316        20

14:57:50        CPU     %user     %nice   %system   %iowait    %steal     %idle
14:57:52        all      0.38      0.00      0.63      0.00      2.78     96.21

14:57:50          tps      rtps      wtps      dtps   bread/s   bwrtn/s   bdscd/s
14:57:52         0.00      0.00      0.00      0.00      0.00      0.00      0.00

14:57:50    kbmemfree   kbavail kbmemused  %memused kbbuffers  kbcached  kbcommit   %commit  kbactive   kbinact   kbdirty
14:57:52      1626380   1653224    128964      6.35         8    145388    415404     20.46    135192     80316        24

14:57:52        CPU     %user     %nice   %system   %iowait    %steal     %idle
14:57:54        all      0.38      0.00      0.62      0.00      4.75     94.25

14:57:52          tps      rtps      wtps      dtps   bread/s   bwrtn/s   bdscd/s
14:57:54         0.00      0.00      0.00      0.00      0.00      0.00      0.00

14:57:52    kbmemfree   kbavail kbmemused  %memused kbbuffers  kbcached  kbcommit   %commit  kbactive   kbinact   kbdirty
14:57:54      1626348   1653192    128996      6.35         8    145388    415404     20.46    135192     80316        24

14:57:54        CPU     %user     %nice   %system   %iowait    %steal     %idle
14:57:56        all      0.51      0.00      0.77      0.00      1.79     96.93

14:57:54          tps      rtps      wtps      dtps   bread/s   bwrtn/s   bdscd/s
14:57:56         0.00      0.00      0.00      0.00      0.00      0.00      0.00

14:57:54    kbmemfree   kbavail kbmemused  %memused kbbuffers  kbcached  kbcommit   %commit  kbactive   kbinact   kbdirty
14:57:56      1626380   1653224    128964      6.35         8    145388    415404     20.46    135192     80316        24

14:57:56        CPU     %user     %nice   %system   %iowait    %steal     %idle
14:57:58        all      0.26      0.00      0.26      0.00      4.09     95.40

14:57:56          tps      rtps      wtps      dtps   bread/s   bwrtn/s   bdscd/s
14:57:58         0.00      0.00      0.00      0.00      0.00      0.00      0.00

14:57:56    kbmemfree   kbavail kbmemused  %memused kbbuffers  kbcached  kbcommit   %commit  kbactive   kbinact   kbdirty
14:57:58      1626380   1653224    128964      6.35         8    145388    415404     20.46    135192     80316        24

14:57:58        CPU     %user     %nice   %system   %iowait    %steal     %idle
14:58:00        all      0.63      0.00      1.26      0.00      3.52     94.59

14:57:58          tps      rtps      wtps      dtps   bread/s   bwrtn/s   bdscd/s
14:58:00         0.00      0.00      0.00      0.00      0.00      0.00      0.00

14:57:58    kbmemfree   kbavail kbmemused  %memused kbbuffers  kbcached  kbcommit   %commit  kbactive   kbinact   kbdirty
14:58:00      1626380   1653228    128956      6.35         8    145396    415404     20.46    135196     80316        32

14:58:00        CPU     %user     %nice   %system   %iowait    %steal     %idle
14:58:02        all      0.25      0.00      0.38      0.00      2.90     96.46

14:58:00          tps      rtps      wtps      dtps   bread/s   bwrtn/s   bdscd/s
14:58:02         0.00      0.00      0.00      0.00      0.00      0.00      0.00

14:58:00    kbmemfree   kbavail kbmemused  %memused kbbuffers  kbcached  kbcommit   %commit  kbactive   kbinact   kbdirty
14:58:02      1626348   1653200    128980      6.35         8    145404    415404     20.46    135200     80316        40

14:58:02        CPU     %user     %nice   %system   %iowait    %steal     %idle
14:58:04        all      0.13      0.00      0.39      0.00      1.16     98.33

14:58:02          tps      rtps      wtps      dtps   bread/s   bwrtn/s   bdscd/s
14:58:04         0.00      0.00      0.00      0.00      0.00      0.00      0.00

14:58:02    kbmemfree   kbavail kbmemused  %memused kbbuffers  kbcached  kbcommit   %commit  kbactive   kbinact   kbdirty
14:58:04      1626348   1653200    128976      6.35         8    145408    415404     20.46    135200     80316        44

14:58:04        CPU     %user     %nice   %system   %iowait    %steal     %idle
14:58:06        all      0.26      0.00      0.51      0.00      1.41     97.82

14:58:04          tps      rtps      wtps      dtps   bread/s   bwrtn/s   bdscd/s
14:58:06         0.00      0.00      0.00      0.00      0.00      0.00      0.00

14:58:04    kbmemfree   kbavail kbmemused  %memused kbbuffers  kbcached  kbcommit   %commit  kbactive   kbinact   kbdirty
14:58:06      1626380   1653232    128944      6.35         8    145408    415404     20.46    135200     80316        44

14:58:06        CPU     %user     %nice   %system   %iowait    %steal     %idle
14:58:08        all      0.25      0.00      0.12      0.00      4.31     95.32

14:58:06          tps      rtps      wtps      dtps   bread/s   bwrtn/s   bdscd/s
14:58:08         0.00      0.00      0.00      0.00      0.00      0.00      0.00

14:58:06    kbmemfree   kbavail kbmemused  %memused kbbuffers  kbcached  kbcommit   %commit  kbactive   kbinact   kbdirty
14:58:08      1626380   1653232    128944      6.35         8    145408    415404     20.46    135200     80316        44

14:58:08        CPU     %user     %nice   %system   %iowait    %steal     %idle
14:58:10        all      1.00      0.00      0.63      0.00      3.50     94.87

14:58:08          tps      rtps      wtps      dtps   bread/s   bwrtn/s   bdscd/s
14:58:10         0.00      0.00      0.00      0.00      0.00      0.00      0.00

14:58:08    kbmemfree   kbavail kbmemused  %memused kbbuffers  kbcached  kbcommit   %commit  kbactive   kbinact   kbdirty
14:58:10      1626380   1653232    128944      6.35         8    145408    415404     20.46    135200     80316        44

14:58:10        CPU     %user     %nice   %system   %iowait    %steal     %idle
14:58:12        all      0.51      0.00      0.51      0.00      1.02     97.96

14:58:10          tps      rtps      wtps      dtps   bread/s   bwrtn/s   bdscd/s
14:58:12         0.50      0.00      0.50      0.00      0.00     24.00      0.00

14:58:10    kbmemfree   kbavail kbmemused  %memused kbbuffers  kbcached  kbcommit   %commit  kbactive   kbinact   kbdirty
14:58:12      1626380   1653232    128944      6.35         8    145408    415404     20.46    135200     80316        44

14:58:12        CPU     %user     %nice   %system   %iowait    %steal     %idle
14:58:14        all      0.13      0.00      0.38      0.00      0.90     98.59

14:58:12          tps      rtps      wtps      dtps   bread/s   bwrtn/s   bdscd/s
14:58:14         0.00      0.00      0.00      0.00      0.00      0.00      0.00

14:58:12    kbmemfree   kbavail kbmemused  %memused kbbuffers  kbcached  kbcommit   %commit  kbactive   kbinact   kbdirty
14:58:14      1626412   1653268    128904      6.35         8    145416    415404     20.46    135204     80316       128

14:58:14        CPU     %user     %nice   %system   %iowait    %steal     %idle
14:58:16        all      0.77      0.00      0.65      0.00      1.55     97.03

14:58:14          tps      rtps      wtps      dtps   bread/s   bwrtn/s   bdscd/s
14:58:16         0.00      0.00      0.00      0.00      0.00      0.00      0.00

14:58:14    kbmemfree   kbavail kbmemused  %memused kbbuffers  kbcached  kbcommit   %commit  kbactive   kbinact   kbdirty
14:58:16      1626380   1653236    128932      6.35         8    145420    415404     20.46    135204     80316       132

14:58:16        CPU     %user     %nice   %system   %iowait    %steal     %idle
14:58:18        all      0.64      0.00      0.51      0.00      1.28     97.56

14:58:16          tps      rtps      wtps      dtps   bread/s   bwrtn/s   bdscd/s
14:58:18         2.00      0.00      2.00      0.00      0.00     32.00      0.00

14:58:16    kbmemfree   kbavail kbmemused  %memused kbbuffers  kbcached  kbcommit   %commit  kbactive   kbinact   kbdirty
14:58:18      1626412   1653272    128900      6.35         8    145420    415404     20.46    135208     80316       164

14:58:18        CPU     %user     %nice   %system   %iowait    %steal     %idle
14:58:20        all      0.51      0.00      0.38      0.00      2.28     96.84

14:58:18          tps      rtps      wtps      dtps   bread/s   bwrtn/s   bdscd/s
14:58:20         0.00      0.00      0.00      0.00      0.00      0.00      0.00

14:58:18    kbmemfree   kbavail kbmemused  %memused kbbuffers  kbcached  kbcommit   %commit  kbactive   kbinact   kbdirty
14:58:20      1626380   1653240    128932      6.35         8    145420    415404     20.46    135208     80316       172

14:58:20        CPU     %user     %nice   %system   %iowait    %steal     %idle
14:58:22        all      0.13      0.00      0.26      0.00      1.92     97.70

14:58:20          tps      rtps      wtps      dtps   bread/s   bwrtn/s   bdscd/s
14:58:22         0.00      0.00      0.00      0.00      0.00      0.00      0.00

14:58:20    kbmemfree   kbavail kbmemused  %memused kbbuffers  kbcached  kbcommit   %commit  kbactive   kbinact   kbdirty
14:58:22      1626380   1653240    128928      6.35         8    145424    415404     20.46    135208     80316       176

14:58:22        CPU     %user     %nice   %system   %iowait    %steal     %idle
14:58:24        all      0.13      0.00      0.38      0.00      2.65     96.85

14:58:22          tps      rtps      wtps      dtps   bread/s   bwrtn/s   bdscd/s
14:58:24         0.00      0.00      0.00      0.00      0.00      0.00      0.00

14:58:22    kbmemfree   kbavail kbmemused  %memused kbbuffers  kbcached  kbcommit   %commit  kbactive   kbinact   kbdirty
14:58:24      1626412   1653272    128896      6.35         8    145424    415404     20.46    135208     80316       176

14:58:24        CPU     %user     %nice   %system   %iowait    %steal     %idle
14:58:26        all      0.25      0.00      0.49      0.00      3.82     95.44

14:58:24          tps      rtps      wtps      dtps   bread/s   bwrtn/s   bdscd/s
14:58:26         0.00      0.00      0.00      0.00      0.00      0.00      0.00

14:58:24    kbmemfree   kbavail kbmemused  %memused kbbuffers  kbcached  kbcommit   %commit  kbactive   kbinact   kbdirty
14:58:26      1626412   1653272    128896      6.35         8    145424    415404     20.46    135208     80316       176

14:58:26        CPU     %user     %nice   %system   %iowait    %steal     %idle
14:58:28        all      0.25      0.00      0.51      0.00      3.79     95.45

14:58:26          tps      rtps      wtps      dtps   bread/s   bwrtn/s   bdscd/s
14:58:28         0.00      0.00      0.00      0.00      0.00      0.00      0.00

14:58:26    kbmemfree   kbavail kbmemused  %memused kbbuffers  kbcached  kbcommit   %commit  kbactive   kbinact   kbdirty
14:58:28      1626412   1653272    128892      6.35         8    145428    415404     20.46    135208     80316       180

14:58:28        CPU     %user     %nice   %system   %iowait    %steal     %idle
14:58:30        all      0.00      0.00      0.62      0.00      5.24     94.14

14:58:28          tps      rtps      wtps      dtps   bread/s   bwrtn/s   bdscd/s
14:58:30         0.00      0.00      0.00      0.00      0.00      0.00      0.00

14:58:28    kbmemfree   kbavail kbmemused  %memused kbbuffers  kbcached  kbcommit   %commit  kbactive   kbinact   kbdirty
14:58:30      1626412   1653276    128888      6.35         8    145432    415404     20.46    135212     80316       184

14:58:30        CPU     %user     %nice   %system   %iowait    %steal     %idle
14:58:32        all      0.00      0.00      0.13      0.00      1.27     98.61

14:58:30          tps      rtps      wtps      dtps   bread/s   bwrtn/s   bdscd/s
14:58:32         0.00      0.00      0.00      0.00      0.00      0.00      0.00

14:58:30    kbmemfree   kbavail kbmemused  %memused kbbuffers  kbcached  kbcommit   %commit  kbactive   kbinact   kbdirty
14:58:32      1626412   1653276    128888      6.35         8    145432    415404     20.46    135212     80316       184

14:58:32        CPU     %user     %nice   %system   %iowait    %steal     %idle
14:58:34        all      0.13      0.00      0.26      0.00      0.26     99.36

14:58:32          tps      rtps      wtps      dtps   bread/s   bwrtn/s   bdscd/s
14:58:34         0.00      0.00      0.00      0.00      0.00      0.00      0.00

14:58:32    kbmemfree   kbavail kbmemused  %memused kbbuffers  kbcached  kbcommit   %commit  kbactive   kbinact   kbdirty
14:58:34      1626380   1653244    128920      6.35         8    145432    415404     20.46    135212     80316       184

14:58:34        CPU     %user     %nice   %system   %iowait    %steal     %idle
14:58:36        all      0.25      0.00      0.00      0.00      0.25     99.49

14:58:34          tps      rtps      wtps      dtps   bread/s   bwrtn/s   bdscd/s
14:58:36         0.00      0.00      0.00      0.00      0.00      0.00      0.00

14:58:34    kbmemfree   kbavail kbmemused  %memused kbbuffers  kbcached  kbcommit   %commit  kbactive   kbinact   kbdirty
14:58:36      1626348   1653212    128952      6.35         8    145432    415404     20.46    135212     80316       184

14:58:36        CPU     %user     %nice   %system   %iowait    %steal     %idle
14:58:38        all      0.00      0.00      0.13      0.00      0.26     99.62

14:58:36          tps      rtps      wtps      dtps   bread/s   bwrtn/s   bdscd/s
14:58:38         0.00      0.00      0.00      0.00      0.00      0.00      0.00

14:58:36    kbmemfree   kbavail kbmemused  %memused kbbuffers  kbcached  kbcommit   %commit  kbactive   kbinact   kbdirty
14:58:38      1626412   1653276    128888      6.35         8    145432    415404     20.46    135212     80316       184

14:58:38        CPU     %user     %nice   %system   %iowait    %steal     %idle
14:58:40        all      0.13      0.00      0.00      0.00      0.13     99.74

14:58:38          tps      rtps      wtps      dtps   bread/s   bwrtn/s   bdscd/s
14:58:40         0.00      0.00      0.00      0.00      0.00      0.00      0.00

14:58:38    kbmemfree   kbavail kbmemused  %memused kbbuffers  kbcached  kbcommit   %commit  kbactive   kbinact   kbdirty
14:58:40      1626412   1653336    128884      6.35         8    145436    415404     20.46    135268     80320       188

Average:        CPU     %user     %nice   %system   %iowait    %steal     %idle
Average:        all      0.42      0.00      0.58      0.03      2.68     96.29

Average:          tps      rtps      wtps      dtps   bread/s   bwrtn/s   bdscd/s
Average:         0.98      0.02      0.97      0.00      0.53    102.29      0.00

Average:    kbmemfree   kbavail kbmemused  %memused kbbuffers  kbcached  kbcommit   %commit  kbactive   kbinact   kbdirty
Average:      1627404   1652989    129193      6.36         8    144141    414873     20.43    134011     80241       126
