Linux 5.4.0-86-generic (flexran) 	12/09/21 	_x86_64_	(4 CPU)

17:35:50        CPU     %user     %nice   %system   %iowait    %steal     %idle
17:35:52        all      0.13      0.00      0.13      0.00      0.64     99.11

17:35:50          tps      rtps      wtps      dtps   bread/s   bwrtn/s   bdscd/s
17:35:52         0.00      0.00      0.00      0.00      0.00      0.00      0.00

17:35:50    kbmemfree   kbavail kbmemused  %memused kbbuffers  kbcached  kbcommit   %commit  kbactive   kbinact   kbdirty
17:35:52      1646236   1674672    118236      5.82         8    150004    407988     20.09    131264     80392       272

17:35:52        CPU     %user     %nice   %system   %iowait    %steal     %idle
17:35:54        all      0.13      0.00      0.25      0.00      0.51     99.11

17:35:52          tps      rtps      wtps      dtps   bread/s   bwrtn/s   bdscd/s
17:35:54         0.00      0.00      0.00      0.00      0.00      0.00      0.00

17:35:52    kbmemfree   kbavail kbmemused  %memused kbbuffers  kbcached  kbcommit   %commit  kbactive   kbinact   kbdirty
17:35:54      1646268   1674704    118204      5.82         8    150004    407988     20.09    131272     80388       272

17:35:54        CPU     %user     %nice   %system   %iowait    %steal     %idle
17:35:56        all      0.25      0.00      0.38      1.15      1.15     97.07

17:35:54          tps      rtps      wtps      dtps   bread/s   bwrtn/s   bdscd/s
17:35:56        17.50      0.00     17.50      0.00      0.00    172.00      0.00

17:35:54    kbmemfree   kbavail kbmemused  %memused kbbuffers  kbcached  kbcommit   %commit  kbactive   kbinact   kbdirty
17:35:56      1646268   1674704    118204      5.82         8    150004    407988     20.09    131348     80312       288

17:35:56        CPU     %user     %nice   %system   %iowait    %steal     %idle
17:35:58        all      0.00      0.00      0.00      0.00      0.13     99.87

17:35:56          tps      rtps      wtps      dtps   bread/s   bwrtn/s   bdscd/s
17:35:58         0.00      0.00      0.00      0.00      0.00      0.00      0.00

17:35:56    kbmemfree   kbavail kbmemused  %memused kbbuffers  kbcached  kbcommit   %commit  kbactive   kbinact   kbdirty
17:35:58      1646236   1674672    118236      5.82         8    150004    407988     20.09    131348     80312       296

17:35:58        CPU     %user     %nice   %system   %iowait    %steal     %idle
17:36:00        all      0.13      0.00      0.64      0.00      0.89     98.34

17:35:58          tps      rtps      wtps      dtps   bread/s   bwrtn/s   bdscd/s
17:36:00         1.00      0.00      1.00      0.00      0.00      8.00      0.00

17:35:58    kbmemfree   kbavail kbmemused  %memused kbbuffers  kbcached  kbcommit   %commit  kbactive   kbinact   kbdirty
17:36:00      1646268   1674704    118204      5.82         8    150004    407988     20.09    131348     80312       296

17:36:00        CPU     %user     %nice   %system   %iowait    %steal     %idle
17:36:02        all      0.26      0.00      0.52      0.00      0.65     98.58

17:36:00          tps      rtps      wtps      dtps   bread/s   bwrtn/s   bdscd/s
17:36:02         0.00      0.00      0.00      0.00      0.00      0.00      0.00

17:36:00    kbmemfree   kbavail kbmemused  %memused kbbuffers  kbcached  kbcommit   %commit  kbactive   kbinact   kbdirty
17:36:02      1646204   1674640    118268      5.82         8    150004    407988     20.09    131348     80312       308

17:36:02        CPU     %user     %nice   %system   %iowait    %steal     %idle
17:36:04        all      0.26      0.00      0.26      0.00      0.77     98.72

17:36:02          tps      rtps      wtps      dtps   bread/s   bwrtn/s   bdscd/s
17:36:04         0.00      0.00      0.00      0.00      0.00      0.00      0.00

17:36:02    kbmemfree   kbavail kbmemused  %memused kbbuffers  kbcached  kbcommit   %commit  kbactive   kbinact   kbdirty
17:36:04      1646204   1674640    118268      5.82         8    150004    407988     20.09    131348     80312       312

17:36:04        CPU     %user     %nice   %system   %iowait    %steal     %idle
17:36:06        all      0.25      0.00      0.38      0.00      1.27     98.09

17:36:04          tps      rtps      wtps      dtps   bread/s   bwrtn/s   bdscd/s
17:36:06         1.00      0.00      1.00      0.00      0.00      8.00      0.00

17:36:04    kbmemfree   kbavail kbmemused  %memused kbbuffers  kbcached  kbcommit   %commit  kbactive   kbinact   kbdirty
17:36:06      1646236   1674672    118236      5.82         8    150004    407988     20.09    131368     80292       324

17:36:06        CPU     %user     %nice   %system   %iowait    %steal     %idle
17:36:08        all      0.38      0.00      0.25      0.00      0.76     98.60

17:36:06          tps      rtps      wtps      dtps   bread/s   bwrtn/s   bdscd/s
17:36:08         0.00      0.00      0.00      0.00      0.00      0.00      0.00

17:36:06    kbmemfree   kbavail kbmemused  %memused kbbuffers  kbcached  kbcommit   %commit  kbactive   kbinact   kbdirty
17:36:08      1646268   1674704    118200      5.82         8    150008    407988     20.09    131368     80292       332

17:36:08        CPU     %user     %nice   %system   %iowait    %steal     %idle
17:36:10        all      0.00      0.00      0.13      0.00      0.76     99.11

17:36:08          tps      rtps      wtps      dtps   bread/s   bwrtn/s   bdscd/s
17:36:10         1.50      0.00      1.50      0.00      0.00     12.00      0.00

17:36:08    kbmemfree   kbavail kbmemused  %memused kbbuffers  kbcached  kbcommit   %commit  kbactive   kbinact   kbdirty
17:36:10      1646300   1674736    118168      5.82         8    150008    407988     20.09    131368     80292       320

17:36:10        CPU     %user     %nice   %system   %iowait    %steal     %idle
17:36:12        all      0.13      0.00      0.51      0.00      1.02     98.34

17:36:10          tps      rtps      wtps      dtps   bread/s   bwrtn/s   bdscd/s
17:36:12         0.00      0.00      0.00      0.00      0.00      0.00      0.00

17:36:10    kbmemfree   kbavail kbmemused  %memused kbbuffers  kbcached  kbcommit   %commit  kbactive   kbinact   kbdirty
17:36:12      1646300   1674736    118168      5.82         8    150008    407988     20.09    131368     80292       324

17:36:12        CPU     %user     %nice   %system   %iowait    %steal     %idle
17:36:14        all      0.51      0.00      0.64      0.00      1.15     97.70

17:36:12          tps      rtps      wtps      dtps   bread/s   bwrtn/s   bdscd/s
17:36:14         0.00      0.00      0.00      0.00      0.00      0.00      0.00

17:36:12    kbmemfree   kbavail kbmemused  %memused kbbuffers  kbcached  kbcommit   %commit  kbactive   kbinact   kbdirty
17:36:14      1646268   1674704    118200      5.82         8    150008    407988     20.09    131368     80292       328

17:36:14        CPU     %user     %nice   %system   %iowait    %steal     %idle
17:36:16        all      0.76      0.00      0.25      0.00      0.76     98.22

17:36:14          tps      rtps      wtps      dtps   bread/s   bwrtn/s   bdscd/s
17:36:16         1.00      0.00      1.00      0.00      0.00      8.00      0.00

17:36:14    kbmemfree   kbavail kbmemused  %memused kbbuffers  kbcached  kbcommit   %commit  kbactive   kbinact   kbdirty
17:36:16      1646236   1674672    118232      5.82         8    150008    407988     20.09    131368     80292       324

17:36:16        CPU     %user     %nice   %system   %iowait    %steal     %idle
17:36:18        all      0.13      0.00      0.13      0.00      0.38     99.36

17:36:16          tps      rtps      wtps      dtps   bread/s   bwrtn/s   bdscd/s
17:36:18         0.00      0.00      0.00      0.00      0.00      0.00      0.00

17:36:16    kbmemfree   kbavail kbmemused  %memused kbbuffers  kbcached  kbcommit   %commit  kbactive   kbinact   kbdirty
17:36:18      1646268   1674704    118200      5.82         8    150008    407988     20.09    131368     80292       328

17:36:18        CPU     %user     %nice   %system   %iowait    %steal     %idle
17:36:20        all      0.13      0.00      1.27      3.05      0.76     94.78

17:36:18          tps      rtps      wtps      dtps   bread/s   bwrtn/s   bdscd/s
17:36:20         9.00      0.00      9.00      0.00      0.00   2824.00      0.00

17:36:18    kbmemfree   kbavail kbmemused  %memused kbbuffers  kbcached  kbcommit   %commit  kbactive   kbinact   kbdirty
17:36:20      1645984   1674612    118292      5.83         8    150200    407988     20.09    131608     80244         8

17:36:20        CPU     %user     %nice   %system   %iowait    %steal     %idle
17:36:22        all      0.00      0.00      0.13      0.00      0.63     99.24

17:36:20          tps      rtps      wtps      dtps   bread/s   bwrtn/s   bdscd/s
17:36:22         0.00      0.00      0.00      0.00      0.00      0.00      0.00

17:36:20    kbmemfree   kbavail kbmemused  %memused kbbuffers  kbcached  kbcommit   %commit  kbactive   kbinact   kbdirty
17:36:22      1645952   1674584    118320      5.83         8    150204    407988     20.09    131612     80244        12

17:36:22        CPU     %user     %nice   %system   %iowait    %steal     %idle
17:36:24        all      0.25      0.00      0.13      0.00      0.38     99.24

17:36:22          tps      rtps      wtps      dtps   bread/s   bwrtn/s   bdscd/s
17:36:24         0.00      0.00      0.00      0.00      0.00      0.00      0.00

17:36:22    kbmemfree   kbavail kbmemused  %memused kbbuffers  kbcached  kbcommit   %commit  kbactive   kbinact   kbdirty
17:36:24      1645984   1674616    118288      5.83         8    150204    407988     20.09    131612     80244        12

17:36:24        CPU     %user     %nice   %system   %iowait    %steal     %idle
17:36:26        all      1.01      0.00      0.25      0.00      1.14     97.60

17:36:24          tps      rtps      wtps      dtps   bread/s   bwrtn/s   bdscd/s
17:36:26         0.00      0.00      0.00      0.00      0.00      0.00      0.00

17:36:24    kbmemfree   kbavail kbmemused  %memused kbbuffers  kbcached  kbcommit   %commit  kbactive   kbinact   kbdirty
17:36:26      1645984   1674616    118288      5.83         8    150204    407988     20.09    131612     80244        12

17:36:26        CPU     %user     %nice   %system   %iowait    %steal     %idle
17:36:28        all      0.52      0.00      0.78      0.00      0.65     98.06

17:36:26          tps      rtps      wtps      dtps   bread/s   bwrtn/s   bdscd/s
17:36:28         0.00      0.00      0.00      0.00      0.00      0.00      0.00

17:36:26    kbmemfree   kbavail kbmemused  %memused kbbuffers  kbcached  kbcommit   %commit  kbactive   kbinact   kbdirty
17:36:28      1645984   1674616    118288      5.83         8    150204    407988     20.09    131612     80244        12

17:36:28        CPU     %user     %nice   %system   %iowait    %steal     %idle
17:36:30        all      0.00      0.00      0.13      0.00      0.51     99.36

17:36:28          tps      rtps      wtps      dtps   bread/s   bwrtn/s   bdscd/s
17:36:30         0.00      0.00      0.00      0.00      0.00      0.00      0.00

17:36:28    kbmemfree   kbavail kbmemused  %memused kbbuffers  kbcached  kbcommit   %commit  kbactive   kbinact   kbdirty
17:36:30      1646016   1674648    118256      5.82         8    150204    407988     20.09    131612     80244        12

17:36:30        CPU     %user     %nice   %system   %iowait    %steal     %idle
17:36:32        all      0.51      0.00      0.25      0.00      1.27     97.96

17:36:30          tps      rtps      wtps      dtps   bread/s   bwrtn/s   bdscd/s
17:36:32         0.00      0.00      0.00      0.00      0.00      0.00      0.00

17:36:30    kbmemfree   kbavail kbmemused  %memused kbbuffers  kbcached  kbcommit   %commit  kbactive   kbinact   kbdirty
17:36:32      1646016   1674648    118256      5.82         8    150204    407988     20.09    131612     80244        12

17:36:32        CPU     %user     %nice   %system   %iowait    %steal     %idle
17:36:34        all      0.38      0.00      0.00      0.00      0.51     99.11

17:36:32          tps      rtps      wtps      dtps   bread/s   bwrtn/s   bdscd/s
17:36:34         0.00      0.00      0.00      0.00      0.00      0.00      0.00

17:36:32    kbmemfree   kbavail kbmemused  %memused kbbuffers  kbcached  kbcommit   %commit  kbactive   kbinact   kbdirty
17:36:34      1645984   1674616    118288      5.83         8    150204    407988     20.09    131612     80244        12

17:36:34        CPU     %user     %nice   %system   %iowait    %steal     %idle
17:36:36        all      0.13      0.00      1.03      0.00      1.15     97.69

17:36:34          tps      rtps      wtps      dtps   bread/s   bwrtn/s   bdscd/s
17:36:36         0.00      0.00      0.00      0.00      0.00      0.00      0.00

17:36:34    kbmemfree   kbavail kbmemused  %memused kbbuffers  kbcached  kbcommit   %commit  kbactive   kbinact   kbdirty
17:36:36      1645984   1674616    118284      5.82         8    150208    407988     20.09    131612     80244        16

17:36:36        CPU     %user     %nice   %system   %iowait    %steal     %idle
17:36:38        all      0.51      0.00      0.63      0.00      1.01     97.85

17:36:36          tps      rtps      wtps      dtps   bread/s   bwrtn/s   bdscd/s
17:36:38         0.00      0.00      0.00      0.00      0.00      0.00      0.00

17:36:36    kbmemfree   kbavail kbmemused  %memused kbbuffers  kbcached  kbcommit   %commit  kbactive   kbinact   kbdirty
17:36:38      1645920   1674552    118348      5.83         8    150208    407988     20.09    131612     80244        16

17:36:38        CPU     %user     %nice   %system   %iowait    %steal     %idle
17:36:40        all      0.13      0.00      0.26      0.00      0.64     98.98

17:36:38          tps      rtps      wtps      dtps   bread/s   bwrtn/s   bdscd/s
17:36:40         0.00      0.00      0.00      0.00      0.00      0.00      0.00

17:36:38    kbmemfree   kbavail kbmemused  %memused kbbuffers  kbcached  kbcommit   %commit  kbactive   kbinact   kbdirty
17:36:40      1646000   1674624    118284      5.82         8    150208    407988     20.09    131612     80244        16

17:36:40        CPU     %user     %nice   %system   %iowait    %steal     %idle
17:36:42        all      0.13      0.00      0.13      0.00      0.51     99.23

17:36:40          tps      rtps      wtps      dtps   bread/s   bwrtn/s   bdscd/s
17:36:42         0.00      0.00      0.00      0.00      0.00      0.00      0.00

17:36:40    kbmemfree   kbavail kbmemused  %memused kbbuffers  kbcached  kbcommit   %commit  kbactive   kbinact   kbdirty
17:36:42      1646032   1674656    118252      5.82         8    150208    407988     20.09    131612     80244        16

17:36:42        CPU     %user     %nice   %system   %iowait    %steal     %idle
17:36:44        all      0.25      0.00      0.38      0.00      0.89     98.48

17:36:42          tps      rtps      wtps      dtps   bread/s   bwrtn/s   bdscd/s
17:36:44         0.00      0.00      0.00      0.00      0.00      0.00      0.00

17:36:42    kbmemfree   kbavail kbmemused  %memused kbbuffers  kbcached  kbcommit   %commit  kbactive   kbinact   kbdirty
17:36:44      1646032   1674656    118252      5.82         8    150208    407988     20.09    131612     80244        16

17:36:44        CPU     %user     %nice   %system   %iowait    %steal     %idle
17:36:46        all      0.25      0.00      0.51      0.00      0.89     98.35

17:36:44          tps      rtps      wtps      dtps   bread/s   bwrtn/s   bdscd/s
17:36:46         0.50      0.00      0.50      0.00      0.00      4.00      0.00

17:36:44    kbmemfree   kbavail kbmemused  %memused kbbuffers  kbcached  kbcommit   %commit  kbactive   kbinact   kbdirty
17:36:46      1645968   1674592    118316      5.83         8    150208    407988     20.09    131612     80244        16

17:36:46        CPU     %user     %nice   %system   %iowait    %steal     %idle
17:36:48        all      0.13      0.00      0.25      0.00      0.51     99.11

17:36:46          tps      rtps      wtps      dtps   bread/s   bwrtn/s   bdscd/s
17:36:48         0.00      0.00      0.00      0.00      0.00      0.00      0.00

17:36:46    kbmemfree   kbavail kbmemused  %memused kbbuffers  kbcached  kbcommit   %commit  kbactive   kbinact   kbdirty
17:36:48      1646000   1674688    118220      5.82         8    150272    407988     20.09    131644     80276       112

17:36:48        CPU     %user     %nice   %system   %iowait    %steal     %idle
17:36:50        all      0.00      0.00      0.25      0.00      0.13     99.62

17:36:48          tps      rtps      wtps      dtps   bread/s   bwrtn/s   bdscd/s
17:36:50         0.00      0.00      0.00      0.00      0.00      0.00      0.00

17:36:48    kbmemfree   kbavail kbmemused  %memused kbbuffers  kbcached  kbcommit   %commit  kbactive   kbinact   kbdirty
17:36:50      1646000   1674692    118216      5.82         8    150276    407988     20.09    131648     80276       116

17:36:50        CPU     %user     %nice   %system   %iowait    %steal     %idle
17:36:52        all      0.13      0.00      0.51      0.00      0.63     98.73

17:36:50          tps      rtps      wtps      dtps   bread/s   bwrtn/s   bdscd/s
17:36:52         0.50      0.00      0.50      0.00      0.00     16.00      0.00

17:36:50    kbmemfree   kbavail kbmemused  %memused kbbuffers  kbcached  kbcommit   %commit  kbactive   kbinact   kbdirty
17:36:52      1646000   1674708    118200      5.82         8    150292    407988     20.09    131648     80292       132

17:36:52        CPU     %user     %nice   %system   %iowait    %steal     %idle
17:36:54        all      0.00      0.00      0.13      0.00      0.63     99.24

17:36:52          tps      rtps      wtps      dtps   bread/s   bwrtn/s   bdscd/s
17:36:54         0.00      0.00      0.00      0.00      0.00      0.00      0.00

17:36:52    kbmemfree   kbavail kbmemused  %memused kbbuffers  kbcached  kbcommit   %commit  kbactive   kbinact   kbdirty
17:36:54      1646000   1674708    118200      5.82         8    150292    407988     20.09    131648     80292       136

17:36:54        CPU     %user     %nice   %system   %iowait    %steal     %idle
17:36:56        all      0.13      0.00      0.64      0.00      0.26     98.97

17:36:54          tps      rtps      wtps      dtps   bread/s   bwrtn/s   bdscd/s
17:36:56         0.00      0.00      0.00      0.00      0.00      0.00      0.00

17:36:54    kbmemfree   kbavail kbmemused  %memused kbbuffers  kbcached  kbcommit   %commit  kbactive   kbinact   kbdirty
17:36:56      1646032   1674740    118168      5.82         8    150292    407988     20.09    131648     80292       136

17:36:56        CPU     %user     %nice   %system   %iowait    %steal     %idle
17:36:58        all      0.13      0.00      0.38      0.00      0.76     98.73

17:36:56          tps      rtps      wtps      dtps   bread/s   bwrtn/s   bdscd/s
17:36:58         0.00      0.00      0.00      0.00      0.00      0.00      0.00

17:36:56    kbmemfree   kbavail kbmemused  %memused kbbuffers  kbcached  kbcommit   %commit  kbactive   kbinact   kbdirty
17:36:58      1646000   1674708    118200      5.82         8    150292    407988     20.09    131648     80292       136

17:36:58        CPU     %user     %nice   %system   %iowait    %steal     %idle
17:37:00        all      0.00      0.00      0.13      0.00      0.26     99.62

17:36:58          tps      rtps      wtps      dtps   bread/s   bwrtn/s   bdscd/s
17:37:00         0.00      0.00      0.00      0.00      0.00      0.00      0.00

17:36:58    kbmemfree   kbavail kbmemused  %memused kbbuffers  kbcached  kbcommit   %commit  kbactive   kbinact   kbdirty
17:37:00      1645968   1674676    118232      5.82         8    150292    407988     20.09    131648     80292       136

17:37:00        CPU     %user     %nice   %system   %iowait    %steal     %idle
17:37:02        all      0.13      0.00      0.13      0.00      1.02     98.73

17:37:00          tps      rtps      wtps      dtps   bread/s   bwrtn/s   bdscd/s
17:37:02         0.00      0.00      0.00      0.00      0.00      0.00      0.00

17:37:00    kbmemfree   kbavail kbmemused  %memused kbbuffers  kbcached  kbcommit   %commit  kbactive   kbinact   kbdirty
17:37:02      1646064   1674772    118136      5.82         8    150292    407988     20.09    131648     80292       136

17:37:02        CPU     %user     %nice   %system   %iowait    %steal     %idle
17:37:04        all      0.25      0.00      0.25      0.00      0.63     98.86

17:37:02          tps      rtps      wtps      dtps   bread/s   bwrtn/s   bdscd/s
17:37:04         0.00      0.00      0.00      0.00      0.00      0.00      0.00

17:37:02    kbmemfree   kbavail kbmemused  %memused kbbuffers  kbcached  kbcommit   %commit  kbactive   kbinact   kbdirty
17:37:04      1646000   1674712    118196      5.82         8    150296    407988     20.09    131652     80292       140

17:37:04        CPU     %user     %nice   %system   %iowait    %steal     %idle
17:37:06        all      0.39      0.00      0.52      0.00      1.69     97.41

17:37:04          tps      rtps      wtps      dtps   bread/s   bwrtn/s   bdscd/s
17:37:06         0.00      0.00      0.00      0.00      0.00      0.00      0.00

17:37:04    kbmemfree   kbavail kbmemused  %memused kbbuffers  kbcached  kbcommit   %commit  kbactive   kbinact   kbdirty
17:37:06      1646032   1674744    118164      5.82         8    150296    407988     20.09    131652     80292       140

17:37:06        CPU     %user     %nice   %system   %iowait    %steal     %idle
17:37:08        all      1.32      0.00      0.40      0.00      1.72     96.57

17:37:06          tps      rtps      wtps      dtps   bread/s   bwrtn/s   bdscd/s
17:37:08         0.00      0.00      0.00      0.00      0.00      0.00      0.00

17:37:06    kbmemfree   kbavail kbmemused  %memused kbbuffers  kbcached  kbcommit   %commit  kbactive   kbinact   kbdirty
17:37:08      1646000   1674712    118196      5.82         8    150296    407988     20.09    131652     80292       140

17:37:08        CPU     %user     %nice   %system   %iowait    %steal     %idle
17:37:10        all      0.38      0.00      0.25      0.00      0.64     98.73

17:37:08          tps      rtps      wtps      dtps   bread/s   bwrtn/s   bdscd/s
17:37:10         0.00      0.00      0.00      0.00      0.00      0.00      0.00

17:37:08    kbmemfree   kbavail kbmemused  %memused kbbuffers  kbcached  kbcommit   %commit  kbactive   kbinact   kbdirty
17:37:10      1645968   1674680    118228      5.82         8    150296    407988     20.09    131652     80292       140

17:37:10        CPU     %user     %nice   %system   %iowait    %steal     %idle
17:37:12        all      0.13      0.00      0.13      0.00      0.38     99.36

17:37:10          tps      rtps      wtps      dtps   bread/s   bwrtn/s   bdscd/s
17:37:12         0.00      0.00      0.00      0.00      0.00      0.00      0.00

17:37:10    kbmemfree   kbavail kbmemused  %memused kbbuffers  kbcached  kbcommit   %commit  kbactive   kbinact   kbdirty
17:37:12      1646032   1674744    118164      5.82         8    150296    407988     20.09    131652     80292       140

17:37:12        CPU     %user     %nice   %system   %iowait    %steal     %idle
17:37:14        all      1.15      0.00      0.38      0.00      0.38     98.09

17:37:12          tps      rtps      wtps      dtps   bread/s   bwrtn/s   bdscd/s
17:37:14         0.00      0.00      0.00      0.00      0.00      0.00      0.00

17:37:12    kbmemfree   kbavail kbmemused  %memused kbbuffers  kbcached  kbcommit   %commit  kbactive   kbinact   kbdirty
17:37:14      1646000   1674712    118196      5.82         8    150296    407988     20.09    131652     80292       140

17:37:14        CPU     %user     %nice   %system   %iowait    %steal     %idle
17:37:16        all      0.52      0.00      0.26      0.00      0.65     98.58

17:37:14          tps      rtps      wtps      dtps   bread/s   bwrtn/s   bdscd/s
17:37:16         0.00      0.00      0.00      0.00      0.00      0.00      0.00

17:37:14    kbmemfree   kbavail kbmemused  %memused kbbuffers  kbcached  kbcommit   %commit  kbactive   kbinact   kbdirty
17:37:16      1646032   1674744    118164      5.82         8    150296    407988     20.09    131652     80292       140

17:37:16        CPU     %user     %nice   %system   %iowait    %steal     %idle
17:37:18        all      0.38      0.00      1.53      3.32      1.15     93.62

17:37:16          tps      rtps      wtps      dtps   bread/s   bwrtn/s   bdscd/s
17:37:18         8.50      0.00      8.50      0.00      0.00   1580.00      0.00

17:37:16    kbmemfree   kbavail kbmemused  %memused kbbuffers  kbcached  kbcommit   %commit  kbactive   kbinact   kbdirty
17:37:18      1645748   1674572    118332      5.83         8    150412    407988     20.09    131492     80564        16

17:37:18        CPU     %user     %nice   %system   %iowait    %steal     %idle
17:37:20        all      0.13      0.00      0.13      0.00      0.77     98.98

17:37:18          tps      rtps      wtps      dtps   bread/s   bwrtn/s   bdscd/s
17:37:20         0.00      0.00      0.00      0.00      0.00      0.00      0.00

17:37:18    kbmemfree   kbavail kbmemused  %memused kbbuffers  kbcached  kbcommit   %commit  kbactive   kbinact   kbdirty
17:37:20      1645748   1674572    118332      5.83         8    150412    407988     20.09    131492     80564        16

17:37:20        CPU     %user     %nice   %system   %iowait    %steal     %idle
17:37:22        all      0.13      0.00      0.25      0.00      0.89     98.73

17:37:20          tps      rtps      wtps      dtps   bread/s   bwrtn/s   bdscd/s
17:37:22         0.00      0.00      0.00      0.00      0.00      0.00      0.00

17:37:20    kbmemfree   kbavail kbmemused  %memused kbbuffers  kbcached  kbcommit   %commit  kbactive   kbinact   kbdirty
17:37:22      1645748   1674572    118332      5.83         8    150412    407988     20.09    131492     80564        16

17:37:22        CPU     %user     %nice   %system   %iowait    %steal     %idle
17:37:24        all      0.13      0.00      0.13      0.00      0.51     99.23

17:37:22          tps      rtps      wtps      dtps   bread/s   bwrtn/s   bdscd/s
17:37:24         0.00      0.00      0.00      0.00      0.00      0.00      0.00

17:37:22    kbmemfree   kbavail kbmemused  %memused kbbuffers  kbcached  kbcommit   %commit  kbactive   kbinact   kbdirty
17:37:24      1645748   1674572    118332      5.83         8    150412    407988     20.09    131492     80564        16

17:37:24        CPU     %user     %nice   %system   %iowait    %steal     %idle
17:37:26        all      0.25      0.00      0.25      0.00      0.89     98.60

17:37:24          tps      rtps      wtps      dtps   bread/s   bwrtn/s   bdscd/s
17:37:26         0.00      0.00      0.00      0.00      0.00      0.00      0.00

17:37:24    kbmemfree   kbavail kbmemused  %memused kbbuffers  kbcached  kbcommit   %commit  kbactive   kbinact   kbdirty
17:37:26      1645716   1674540    118364      5.83         8    150412    407988     20.09    131492     80564        16

17:37:26        CPU     %user     %nice   %system   %iowait    %steal     %idle
17:37:28        all      0.00      0.00      0.25      0.00      0.89     98.85

17:37:26          tps      rtps      wtps      dtps   bread/s   bwrtn/s   bdscd/s
17:37:28         1.00      0.00      1.00      0.00      0.00     12.00      0.00

17:37:26    kbmemfree   kbavail kbmemused  %memused kbbuffers  kbcached  kbcommit   %commit  kbactive   kbinact   kbdirty
17:37:28      1645748   1674604    118284      5.82         8    150460    407988     20.09    131508     80580        84

17:37:28        CPU     %user     %nice   %system   %iowait    %steal     %idle
17:37:30        all      0.38      0.00      0.00      0.00      1.66     97.96

17:37:28          tps      rtps      wtps      dtps   bread/s   bwrtn/s   bdscd/s
17:37:30         0.00      0.00      0.00      0.00      0.00      0.00      0.00

17:37:28    kbmemfree   kbavail kbmemused  %memused kbbuffers  kbcached  kbcommit   %commit  kbactive   kbinact   kbdirty
17:37:30      1645748   1674604    118284      5.82         8    150460    407988     20.09    131508     80580        88

17:37:30        CPU     %user     %nice   %system   %iowait    %steal     %idle
17:37:32        all      0.00      0.00      0.38      0.00      1.02     98.60

17:37:30          tps      rtps      wtps      dtps   bread/s   bwrtn/s   bdscd/s
17:37:32         0.00      0.00      0.00      0.00      0.00      0.00      0.00

17:37:30    kbmemfree   kbavail kbmemused  %memused kbbuffers  kbcached  kbcommit   %commit  kbactive   kbinact   kbdirty
17:37:32      1645780   1674636    118252      5.82         8    150460    407988     20.09    131508     80580        88

17:37:32        CPU     %user     %nice   %system   %iowait    %steal     %idle
17:37:34        all      0.26      0.00      0.26      0.00      0.51     98.98

17:37:32          tps      rtps      wtps      dtps   bread/s   bwrtn/s   bdscd/s
17:37:34         0.00      0.00      0.00      0.00      0.00      0.00      0.00

17:37:32    kbmemfree   kbavail kbmemused  %memused kbbuffers  kbcached  kbcommit   %commit  kbactive   kbinact   kbdirty
17:37:34      1645748   1674604    118280      5.82         8    150464    407988     20.09    131508     80580        92

17:37:34        CPU     %user     %nice   %system   %iowait    %steal     %idle
17:37:36        all      0.25      0.00      0.13      0.00      1.02     98.60

17:37:34          tps      rtps      wtps      dtps   bread/s   bwrtn/s   bdscd/s
17:37:36         0.00      0.00      0.00      0.00      0.00      0.00      0.00

17:37:34    kbmemfree   kbavail kbmemused  %memused kbbuffers  kbcached  kbcommit   %commit  kbactive   kbinact   kbdirty
17:37:36      1645716   1674572    118312      5.83         8    150464    407988     20.09    131508     80580        92

17:37:36        CPU     %user     %nice   %system   %iowait    %steal     %idle
17:37:38        all      0.38      0.00      0.25      0.00      0.63     98.73

17:37:36          tps      rtps      wtps      dtps   bread/s   bwrtn/s   bdscd/s
17:37:38         0.00      0.00      0.00      0.00      0.00      0.00      0.00

17:37:36    kbmemfree   kbavail kbmemused  %memused kbbuffers  kbcached  kbcommit   %commit  kbactive   kbinact   kbdirty
17:37:38      1645780   1674636    118244      5.82         8    150468    407988     20.09    131508     80580        96

17:37:38        CPU     %user     %nice   %system   %iowait    %steal     %idle
17:37:40        all      0.64      0.00      0.76      0.00      0.76     97.84

17:37:38          tps      rtps      wtps      dtps   bread/s   bwrtn/s   bdscd/s
17:37:40         0.00      0.00      0.00      0.00      0.00      0.00      0.00

17:37:38    kbmemfree   kbavail kbmemused  %memused kbbuffers  kbcached  kbcommit   %commit  kbactive   kbinact   kbdirty
17:37:40      1645780   1674636    118244      5.82         8    150468    407988     20.09    131508     80580        96

17:37:40        CPU     %user     %nice   %system   %iowait    %steal     %idle
17:37:42        all      0.25      0.00      0.25      0.00      1.39     98.11

17:37:40          tps      rtps      wtps      dtps   bread/s   bwrtn/s   bdscd/s
17:37:42         0.00      0.00      0.00      0.00      0.00      0.00      0.00

17:37:40    kbmemfree   kbavail kbmemused  %memused kbbuffers  kbcached  kbcommit   %commit  kbactive   kbinact   kbdirty
17:37:42      1645716   1674572    118308      5.83         8    150468    407988     20.09    131508     80580        96

17:37:42        CPU     %user     %nice   %system   %iowait    %steal     %idle
17:37:44        all      0.29      0.00      1.02      0.00      0.73     97.96

17:37:42          tps      rtps      wtps      dtps   bread/s   bwrtn/s   bdscd/s
17:37:44         0.00      0.00      0.00      0.00      0.00      0.00      0.00

17:37:42    kbmemfree   kbavail kbmemused  %memused kbbuffers  kbcached  kbcommit   %commit  kbactive   kbinact   kbdirty
17:37:44      1645748   1674628    118276      5.82         8    150468    407988     20.09    131516     80596        96

17:37:44        CPU     %user     %nice   %system   %iowait    %steal     %idle
17:37:46        all      0.13      0.00      0.25      0.00      1.02     98.60

17:37:44          tps      rtps      wtps      dtps   bread/s   bwrtn/s   bdscd/s
17:37:46         0.00      0.00      0.00      0.00      0.00      0.00      0.00

17:37:44    kbmemfree   kbavail kbmemused  %memused kbbuffers  kbcached  kbcommit   %commit  kbactive   kbinact   kbdirty
17:37:46      1645748   1674628    118276      5.82         8    150468    407988     20.09    131516     80596        96

17:37:46        CPU     %user     %nice   %system   %iowait    %steal     %idle
17:37:48        all      0.13      0.00      1.02      0.00      1.40     97.46

17:37:46          tps      rtps      wtps      dtps   bread/s   bwrtn/s   bdscd/s
17:37:48         1.00      0.00      1.00      0.00      0.00      8.00      0.00

17:37:46    kbmemfree   kbavail kbmemused  %memused kbbuffers  kbcached  kbcommit   %commit  kbactive   kbinact   kbdirty
17:37:48      1645748   1674632    118272      5.82         8    150472    407988     20.09    131520     80596       156

17:37:48        CPU     %user     %nice   %system   %iowait    %steal     %idle
17:37:50        all      0.13      0.00      0.25      0.00      0.76     98.85

17:37:48          tps      rtps      wtps      dtps   bread/s   bwrtn/s   bdscd/s
17:37:50         0.00      0.00      0.00      0.00      0.00      0.00      0.00

17:37:48    kbmemfree   kbavail kbmemused  %memused kbbuffers  kbcached  kbcommit   %commit  kbactive   kbinact   kbdirty
17:37:50      1645716   1674600    118304      5.83         8    150472    407988     20.09    131520     80596       160

17:37:50        CPU     %user     %nice   %system   %iowait    %steal     %idle
17:37:52        all      0.13      0.00      0.38      0.00      0.63     98.86

17:37:50          tps      rtps      wtps      dtps   bread/s   bwrtn/s   bdscd/s
17:37:52         0.00      0.00      0.00      0.00      0.00      0.00      0.00

17:37:50    kbmemfree   kbavail kbmemused  %memused kbbuffers  kbcached  kbcommit   %commit  kbactive   kbinact   kbdirty
17:37:52      1645780   1674664    118240      5.82         8    150472    407988     20.09    131520     80596       160

17:37:52        CPU     %user     %nice   %system   %iowait    %steal     %idle
17:37:54        all      0.13      0.00      0.26      0.00      1.53     98.08

17:37:52          tps      rtps      wtps      dtps   bread/s   bwrtn/s   bdscd/s
17:37:54         1.00      0.00      1.00      0.00      0.00     16.00      0.00

17:37:52    kbmemfree   kbavail kbmemused  %memused kbbuffers  kbcached  kbcommit   %commit  kbactive   kbinact   kbdirty
17:37:54      1645748   1674632    118272      5.82         8    150472    407988     20.09    131520     80596       164

17:37:54        CPU     %user     %nice   %system   %iowait    %steal     %idle
17:37:56        all      0.50      0.00      0.37      0.00      1.11     98.02

17:37:54          tps      rtps      wtps      dtps   bread/s   bwrtn/s   bdscd/s
17:37:56         0.00      0.00      0.00      0.00      0.00      0.00      0.00

17:37:54    kbmemfree   kbavail kbmemused  %memused kbbuffers  kbcached  kbcommit   %commit  kbactive   kbinact   kbdirty
17:37:56      1645716   1674600    118304      5.83         8    150472    407988     20.09    131520     80596       168

17:37:56        CPU     %user     %nice   %system   %iowait    %steal     %idle
17:37:58        all      0.39      0.00      0.26      0.00      2.09     97.26

17:37:56          tps      rtps      wtps      dtps   bread/s   bwrtn/s   bdscd/s
17:37:58         1.03      0.00      1.03      0.00      0.00      8.25      0.00

17:37:56    kbmemfree   kbavail kbmemused  %memused kbbuffers  kbcached  kbcommit   %commit  kbactive   kbinact   kbdirty
17:37:58      1645812   1674704    118208      5.82         8    150472    407988     20.09    130824     80596       176

17:37:58        CPU     %user     %nice   %system   %iowait    %steal     %idle
17:38:00        all      0.25      0.00      0.89     10.91      0.76     87.18

17:37:58          tps      rtps      wtps      dtps   bread/s   bwrtn/s   bdscd/s
17:38:00         6.50      0.00      6.50      0.00      0.00   1864.00      0.00

17:37:58    kbmemfree   kbavail kbmemused  %memused kbbuffers  kbcached  kbcommit   %commit  kbactive   kbinact   kbdirty
17:38:00      1645780   1674832    118080      5.81         8    150632    407988     20.09    131704     80356         4

17:38:00        CPU     %user     %nice   %system   %iowait    %steal     %idle
17:38:02        all      1.82      0.00      0.39      0.00      0.78     97.02

17:38:00          tps      rtps      wtps      dtps   bread/s   bwrtn/s   bdscd/s
17:38:02         0.00      0.00      0.00      0.00      0.00      0.00      0.00

17:38:00    kbmemfree   kbavail kbmemused  %memused kbbuffers  kbcached  kbcommit   %commit  kbactive   kbinact   kbdirty
17:38:02      1645748   1674804    118108      5.82         8    150636    407988     20.09    131708     80356        12

17:38:02        CPU     %user     %nice   %system   %iowait    %steal     %idle
17:38:04        all      0.13      0.00      0.26      0.00      0.51     99.10

17:38:02          tps      rtps      wtps      dtps   bread/s   bwrtn/s   bdscd/s
17:38:04         0.00      0.00      0.00      0.00      0.00      0.00      0.00

17:38:02    kbmemfree   kbavail kbmemused  %memused kbbuffers  kbcached  kbcommit   %commit  kbactive   kbinact   kbdirty
17:38:04      1645748   1674804    118108      5.82         8    150636    407988     20.09    131708     80356        12

17:38:04        CPU     %user     %nice   %system   %iowait    %steal     %idle
17:38:06        all      0.68      0.00      0.82      0.00      1.23     97.26

17:38:04          tps      rtps      wtps      dtps   bread/s   bwrtn/s   bdscd/s
17:38:06         0.00      0.00      0.00      0.00      0.00      0.00      0.00

17:38:04    kbmemfree   kbavail kbmemused  %memused kbbuffers  kbcached  kbcommit   %commit  kbactive   kbinact   kbdirty
17:38:06      1645748   1674808    118108      5.82         8    150636    407988     20.09    131752     80356        12

17:38:06        CPU     %user     %nice   %system   %iowait    %steal     %idle
17:38:08        all      0.51      0.00      0.51      0.00      0.89     98.09

17:38:06          tps      rtps      wtps      dtps   bread/s   bwrtn/s   bdscd/s
17:38:08         0.00      0.00      0.00      0.00      0.00      0.00      0.00

17:38:06    kbmemfree   kbavail kbmemused  %memused kbbuffers  kbcached  kbcommit   %commit  kbactive   kbinact   kbdirty
17:38:08      1645716   1674776    118140      5.82         8    150636    407988     20.09    131752     80356        12

17:38:08        CPU     %user     %nice   %system   %iowait    %steal     %idle
17:38:10        all      0.00      0.00      0.26      0.00      0.00     99.74

17:38:08          tps      rtps      wtps      dtps   bread/s   bwrtn/s   bdscd/s
17:38:10         0.00      0.00      0.00      0.00      0.00      0.00      0.00

17:38:08    kbmemfree   kbavail kbmemused  %memused kbbuffers  kbcached  kbcommit   %commit  kbactive   kbinact   kbdirty
17:38:10      1645716   1674776    118140      5.82         8    150636    407988     20.09    131752     80356        12

17:38:10        CPU     %user     %nice   %system   %iowait    %steal     %idle
17:38:12        all      0.25      0.00      0.00      0.00      0.25     99.49

17:38:10          tps      rtps      wtps      dtps   bread/s   bwrtn/s   bdscd/s
17:38:12         0.00      0.00      0.00      0.00      0.00      0.00      0.00

17:38:10    kbmemfree   kbavail kbmemused  %memused kbbuffers  kbcached  kbcommit   %commit  kbactive   kbinact   kbdirty
17:38:12      1645748   1674808    118108      5.82         8    150636    407988     20.09    131752     80356        12

17:38:12        CPU     %user     %nice   %system   %iowait    %steal     %idle
17:38:14        all      0.00      0.00      0.13      0.00      0.38     99.49

17:38:12          tps      rtps      wtps      dtps   bread/s   bwrtn/s   bdscd/s
17:38:14         0.00      0.00      0.00      0.00      0.00      0.00      0.00

17:38:12    kbmemfree   kbavail kbmemused  %memused kbbuffers  kbcached  kbcommit   %commit  kbactive   kbinact   kbdirty
17:38:14      1645780   1674840    118076      5.81         8    150636    407988     20.09    131752     80356        12

17:38:14        CPU     %user     %nice   %system   %iowait    %steal     %idle
17:38:16        all      0.25      0.00      0.25      0.00      1.39     98.11

17:38:14          tps      rtps      wtps      dtps   bread/s   bwrtn/s   bdscd/s
17:38:16         0.00      0.00      0.00      0.00      0.00      0.00      0.00

17:38:14    kbmemfree   kbavail kbmemused  %memused kbbuffers  kbcached  kbcommit   %commit  kbactive   kbinact   kbdirty
17:38:16      1645716   1674776    118136      5.82         8    150640    407988     20.09    131752     80356        16

17:38:16        CPU     %user     %nice   %system   %iowait    %steal     %idle
17:38:18        all      0.38      0.00      0.38      0.00      0.89     98.35

17:38:16          tps      rtps      wtps      dtps   bread/s   bwrtn/s   bdscd/s
17:38:18         0.00      0.00      0.00      0.00      0.00      0.00      0.00

17:38:16    kbmemfree   kbavail kbmemused  %memused kbbuffers  kbcached  kbcommit   %commit  kbactive   kbinact   kbdirty
17:38:18      1645748   1674808    118104      5.82         8    150640    407988     20.09    131752     80356        16

17:38:18        CPU     %user     %nice   %system   %iowait    %steal     %idle
17:38:20        all      0.00      0.00      0.00      0.00      0.26     99.74

17:38:18          tps      rtps      wtps      dtps   bread/s   bwrtn/s   bdscd/s
17:38:20         0.00      0.00      0.00      0.00      0.00      0.00      0.00

17:38:18    kbmemfree   kbavail kbmemused  %memused kbbuffers  kbcached  kbcommit   %commit  kbactive   kbinact   kbdirty
17:38:20      1645812   1674872    118040      5.81         8    150640    407988     20.09    131752     80356        16

17:38:20        CPU     %user     %nice   %system   %iowait    %steal     %idle
17:38:22        all      0.13      0.00      0.13      0.00      0.26     99.49

17:38:20          tps      rtps      wtps      dtps   bread/s   bwrtn/s   bdscd/s
17:38:22         0.00      0.00      0.00      0.00      0.00      0.00      0.00

17:38:20    kbmemfree   kbavail kbmemused  %memused kbbuffers  kbcached  kbcommit   %commit  kbactive   kbinact   kbdirty
17:38:22      1645748   1674808    118104      5.82         8    150640    407988     20.09    131752     80356        16

17:38:22        CPU     %user     %nice   %system   %iowait    %steal     %idle
17:38:24        all      0.13      0.00      0.13      0.00      0.76     98.98

17:38:22          tps      rtps      wtps      dtps   bread/s   bwrtn/s   bdscd/s
17:38:24         0.00      0.00      0.00      0.00      0.00      0.00      0.00

17:38:22    kbmemfree   kbavail kbmemused  %memused kbbuffers  kbcached  kbcommit   %commit  kbactive   kbinact   kbdirty
17:38:24      1645748   1674808    118104      5.82         8    150640    407988     20.09    131752     80356        16

17:38:24        CPU     %user     %nice   %system   %iowait    %steal     %idle
17:38:26        all      0.25      0.00      0.25      0.00      0.13     99.36

17:38:24          tps      rtps      wtps      dtps   bread/s   bwrtn/s   bdscd/s
17:38:26         0.00      0.00      0.00      0.00      0.00      0.00      0.00

17:38:24    kbmemfree   kbavail kbmemused  %memused kbbuffers  kbcached  kbcommit   %commit  kbactive   kbinact   kbdirty
17:38:26      1645780   1674840    118072      5.81         8    150640    407988     20.09    131752     80356        16

17:38:26        CPU     %user     %nice   %system   %iowait    %steal     %idle
17:38:28        all      0.13      0.00      0.25      0.00      0.51     99.11

17:38:26          tps      rtps      wtps      dtps   bread/s   bwrtn/s   bdscd/s
17:38:28         0.00      0.00      0.00      0.00      0.00      0.00      0.00

17:38:26    kbmemfree   kbavail kbmemused  %memused kbbuffers  kbcached  kbcommit   %commit  kbactive   kbinact   kbdirty
17:38:28      1645780   1674840    118072      5.81         8    150640    407988     20.09    131752     80356        16

17:38:28        CPU     %user     %nice   %system   %iowait    %steal     %idle
17:38:30        all      0.00      0.00      0.00      0.00      0.38     99.62

17:38:28          tps      rtps      wtps      dtps   bread/s   bwrtn/s   bdscd/s
17:38:30         0.00      0.00      0.00      0.00      0.00      0.00      0.00

17:38:28    kbmemfree   kbavail kbmemused  %memused kbbuffers  kbcached  kbcommit   %commit  kbactive   kbinact   kbdirty
17:38:30      1645748   1674808    118100      5.82         8    150644    407988     20.09    131752     80356        20

17:38:30        CPU     %user     %nice   %system   %iowait    %steal     %idle
17:38:32        all      0.00      0.00      0.25      0.00      1.14     98.60

17:38:30          tps      rtps      wtps      dtps   bread/s   bwrtn/s   bdscd/s
17:38:32         0.00      0.00      0.00      0.00      0.00      0.00      0.00

17:38:30    kbmemfree   kbavail kbmemused  %memused kbbuffers  kbcached  kbcommit   %commit  kbactive   kbinact   kbdirty
17:38:32      1645748   1674808    118100      5.82         8    150644    407988     20.09    131752     80356        20

17:38:32        CPU     %user     %nice   %system   %iowait    %steal     %idle
17:38:34        all      0.25      0.00      0.64      0.25      0.51     98.35

17:38:32          tps      rtps      wtps      dtps   bread/s   bwrtn/s   bdscd/s
17:38:34         2.00      0.50      1.50      0.00     16.00     20.00      0.00

17:38:32    kbmemfree   kbavail kbmemused  %memused kbbuffers  kbcached  kbcommit   %commit  kbactive   kbinact   kbdirty
17:38:34      1645560   1674752    118128      5.82         8    150804    407988     20.09    131792     80448       164

17:38:34        CPU     %user     %nice   %system   %iowait    %steal     %idle
17:38:36        all      0.00      0.00      1.02      0.00      1.27     97.71

17:38:34          tps      rtps      wtps      dtps   bread/s   bwrtn/s   bdscd/s
17:38:36         0.00      0.00      0.00      0.00      0.00      0.00      0.00

17:38:34    kbmemfree   kbavail kbmemused  %memused kbbuffers  kbcached  kbcommit   %commit  kbactive   kbinact   kbdirty
17:38:36      1645464   1674656    118224      5.82         8    150804    407988     20.09    131792     80448       168

17:38:36        CPU     %user     %nice   %system   %iowait    %steal     %idle
17:38:38        all      0.26      0.00      0.00      0.00      0.26     99.49

17:38:36          tps      rtps      wtps      dtps   bread/s   bwrtn/s   bdscd/s
17:38:38         0.00      0.00      0.00      0.00      0.00      0.00      0.00

17:38:36    kbmemfree   kbavail kbmemused  %memused kbbuffers  kbcached  kbcommit   %commit  kbactive   kbinact   kbdirty
17:38:38      1645560   1674752    118128      5.82         8    150804    407988     20.09    131792     80448       168

17:38:38        CPU     %user     %nice   %system   %iowait    %steal     %idle
17:38:40        all      0.38      0.00      0.38      0.00      1.27     97.96

17:38:38          tps      rtps      wtps      dtps   bread/s   bwrtn/s   bdscd/s
17:38:40         1.00      0.00      1.00      0.00      0.00      8.00      0.00

17:38:38    kbmemfree   kbavail kbmemused  %memused kbbuffers  kbcached  kbcommit   %commit  kbactive   kbinact   kbdirty
17:38:40      1645528   1674752    118160      5.82         8    150804    407988     20.09    131868     80404       164

17:38:40        CPU     %user     %nice   %system   %iowait    %steal     %idle
17:38:42        all      0.25      0.00      0.38      0.00      1.63     97.74

17:38:40          tps      rtps      wtps      dtps   bread/s   bwrtn/s   bdscd/s
17:38:42         0.00      0.00      0.00      0.00      0.00      0.00      0.00

17:38:40    kbmemfree   kbavail kbmemused  %memused kbbuffers  kbcached  kbcommit   %commit  kbactive   kbinact   kbdirty
17:38:42      1645464   1674688    118224      5.82         8    150804    407988     20.09    131868     80404       168

17:38:42        CPU     %user     %nice   %system   %iowait    %steal     %idle
17:38:44        all      0.39      0.00      0.39      0.00      0.39     98.84

17:38:42          tps      rtps      wtps      dtps   bread/s   bwrtn/s   bdscd/s
17:38:44         1.01      0.00      1.01      0.00      0.00     12.12      0.00

17:38:42    kbmemfree   kbavail kbmemused  %memused kbbuffers  kbcached  kbcommit   %commit  kbactive   kbinact   kbdirty
17:38:44      1645528   1674752    118156      5.82         8    150808    407988     20.09    131884     80388       160

17:38:44        CPU     %user     %nice   %system   %iowait    %steal     %idle
17:38:46        all      0.52      0.00      0.39      0.00      0.78     98.32

17:38:44          tps      rtps      wtps      dtps   bread/s   bwrtn/s   bdscd/s
17:38:46         0.00      0.00      0.00      0.00      0.00      0.00      0.00

17:38:44    kbmemfree   kbavail kbmemused  %memused kbbuffers  kbcached  kbcommit   %commit  kbactive   kbinact   kbdirty
17:38:46      1645496   1674728    118188      5.82         8    150808    407988     20.09    131892     80388       168

17:38:46        CPU     %user     %nice   %system   %iowait    %steal     %idle
17:38:48        all      1.01      0.00      0.51      0.00      0.76     97.72

17:38:46          tps      rtps      wtps      dtps   bread/s   bwrtn/s   bdscd/s
17:38:48         0.00      0.00      0.00      0.00      0.00      0.00      0.00

17:38:46    kbmemfree   kbavail kbmemused  %memused kbbuffers  kbcached  kbcommit   %commit  kbactive   kbinact   kbdirty
17:38:48      1645496   1674728    118188      5.82         8    150808    407988     20.09    131892     80388       168

17:38:48        CPU     %user     %nice   %system   %iowait    %steal     %idle
17:38:50        all      0.51      0.00      0.00      0.00      0.64     98.85

17:38:48          tps      rtps      wtps      dtps   bread/s   bwrtn/s   bdscd/s
17:38:50         0.50      0.00      0.50      0.00      0.00      8.04      0.00

17:38:48    kbmemfree   kbavail kbmemused  %memused kbbuffers  kbcached  kbcommit   %commit  kbactive   kbinact   kbdirty
17:38:50      1645496   1674728    118188      5.82         8    150808    407988     20.09    131892     80388       160

17:38:50        CPU     %user     %nice   %system   %iowait    %steal     %idle
17:38:52        all      0.25      0.00      0.25      0.00      1.38     98.11

17:38:50          tps      rtps      wtps      dtps   bread/s   bwrtn/s   bdscd/s
17:38:52         0.00      0.00      0.00      0.00      0.00      0.00      0.00

17:38:50    kbmemfree   kbavail kbmemused  %memused kbbuffers  kbcached  kbcommit   %commit  kbactive   kbinact   kbdirty
17:38:52      1645528   1674760    118156      5.82         8    150808    407988     20.09    131892     80388       164

17:38:52        CPU     %user     %nice   %system   %iowait    %steal     %idle
17:38:54        all      0.66      0.00      0.80      0.00      1.20     97.34

17:38:52          tps      rtps      wtps      dtps   bread/s   bwrtn/s   bdscd/s
17:38:54         0.50      0.00      0.50      0.00      0.00      7.96      0.00

17:38:52    kbmemfree   kbavail kbmemused  %memused kbbuffers  kbcached  kbcommit   %commit  kbactive   kbinact   kbdirty
17:38:54      1645528   1674760    118156      5.82         8    150808    407988     20.09    131892     80388       168

17:38:54        CPU     %user     %nice   %system   %iowait    %steal     %idle
17:38:56        all      0.26      0.00      0.51      0.00      0.26     98.97

17:38:54          tps      rtps      wtps      dtps   bread/s   bwrtn/s   bdscd/s
17:38:56         0.00      0.00      0.00      0.00      0.00      0.00      0.00

17:38:54    kbmemfree   kbavail kbmemused  %memused kbbuffers  kbcached  kbcommit   %commit  kbactive   kbinact   kbdirty
17:38:56      1645464   1674696    118220      5.82         8    150808    407988     20.09    131892     80388       176

17:38:56        CPU     %user     %nice   %system   %iowait    %steal     %idle
17:38:58        all      0.26      0.00      0.00      0.00      0.51     99.23

17:38:56          tps      rtps      wtps      dtps   bread/s   bwrtn/s   bdscd/s
17:38:58         0.00      0.00      0.00      0.00      0.00      0.00      0.00

17:38:56    kbmemfree   kbavail kbmemused  %memused kbbuffers  kbcached  kbcommit   %commit  kbactive   kbinact   kbdirty
17:38:58      1645560   1674792    118124      5.82         8    150808    407988     20.09    131892     80388       176

17:38:58        CPU     %user     %nice   %system   %iowait    %steal     %idle
17:39:00        all      0.13      0.00      0.13      0.00      0.26     99.49

17:38:58          tps      rtps      wtps      dtps   bread/s   bwrtn/s   bdscd/s
17:39:00         0.00      0.00      0.00      0.00      0.00      0.00      0.00

17:38:58    kbmemfree   kbavail kbmemused  %memused kbbuffers  kbcached  kbcommit   %commit  kbactive   kbinact   kbdirty
17:39:00      1645528   1674764    118152      5.82         8    150812    407988     20.09    131896     80388       168

17:39:00        CPU     %user     %nice   %system   %iowait    %steal     %idle
17:39:02        all      0.13      0.00      0.64      7.53      0.77     90.94

17:39:00          tps      rtps      wtps      dtps   bread/s   bwrtn/s   bdscd/s
17:39:02         1.00      0.00      1.00      0.00      0.00     12.00      0.00

17:39:00    kbmemfree   kbavail kbmemused  %memused kbbuffers  kbcached  kbcommit   %commit  kbactive   kbinact   kbdirty
17:39:02      1645464   1674700    118200      5.82         8    150828    407988     20.09    131896     80388       188

17:39:02        CPU     %user     %nice   %system   %iowait    %steal     %idle
17:39:04        all      0.26      0.00      0.13      0.00      1.79     97.83

17:39:02          tps      rtps      wtps      dtps   bread/s   bwrtn/s   bdscd/s
17:39:04         0.00      0.00      0.00      0.00      0.00      0.00      0.00

17:39:02    kbmemfree   kbavail kbmemused  %memused kbbuffers  kbcached  kbcommit   %commit  kbactive   kbinact   kbdirty
17:39:04      1645496   1674732    118168      5.82         8    150828    407988     20.09    131896     80388       188

17:39:04        CPU     %user     %nice   %system   %iowait    %steal     %idle
17:39:06        all      0.53      0.00      0.79      0.00      1.19     97.49

17:39:04          tps      rtps      wtps      dtps   bread/s   bwrtn/s   bdscd/s
17:39:06         0.50      0.00      0.50      0.00      0.00      4.00      0.00

17:39:04    kbmemfree   kbavail kbmemused  %memused kbbuffers  kbcached  kbcommit   %commit  kbactive   kbinact   kbdirty
17:39:06      1645496   1674732    118168      5.82         8    150828    407988     20.09    131896     80388       180

17:39:06        CPU     %user     %nice   %system   %iowait    %steal     %idle
17:39:08        all      0.26      0.00      0.90      8.88      0.90     89.06

17:39:06          tps      rtps      wtps      dtps   bread/s   bwrtn/s   bdscd/s
17:39:08         6.50      0.00      6.50      0.00      0.00   2024.00      0.00

17:39:06    kbmemfree   kbavail kbmemused  %memused kbbuffers  kbcached  kbcommit   %commit  kbactive   kbinact   kbdirty
17:39:08      1645212   1674608    118308      5.83         8    150972    407988     20.09    132056     80388         8

17:39:08        CPU     %user     %nice   %system   %iowait    %steal     %idle
17:39:10        all      0.00      0.00      0.00      0.00      0.64     99.36

17:39:08          tps      rtps      wtps      dtps   bread/s   bwrtn/s   bdscd/s
17:39:10         0.00      0.00      0.00      0.00      0.00      0.00      0.00

17:39:08    kbmemfree   kbavail kbmemused  %memused kbbuffers  kbcached  kbcommit   %commit  kbactive   kbinact   kbdirty
17:39:10      1645244   1674640    118276      5.82         8    150972    407988     20.09    132056     80388         8

17:39:10        CPU     %user     %nice   %system   %iowait    %steal     %idle
17:39:12        all      0.25      0.00      0.25      0.00      0.63     98.86

17:39:10          tps      rtps      wtps      dtps   bread/s   bwrtn/s   bdscd/s
17:39:12         0.00      0.00      0.00      0.00      0.00      0.00      0.00

17:39:10    kbmemfree   kbavail kbmemused  %memused kbbuffers  kbcached  kbcommit   %commit  kbactive   kbinact   kbdirty
17:39:12      1645244   1674640    118276      5.82         8    150972    407988     20.09    132056     80388         8

17:39:12        CPU     %user     %nice   %system   %iowait    %steal     %idle
17:39:14        all      0.13      0.00      0.00      0.00      0.26     99.62

17:39:12          tps      rtps      wtps      dtps   bread/s   bwrtn/s   bdscd/s
17:39:14         0.00      0.00      0.00      0.00      0.00      0.00      0.00

17:39:12    kbmemfree   kbavail kbmemused  %memused kbbuffers  kbcached  kbcommit   %commit  kbactive   kbinact   kbdirty
17:39:14      1645244   1674640    118272      5.82         8    150976    407988     20.09    132056     80388        12

17:39:14        CPU     %user     %nice   %system   %iowait    %steal     %idle
17:39:16        all      0.26      0.00      0.13      0.00      1.15     98.47

17:39:14          tps      rtps      wtps      dtps   bread/s   bwrtn/s   bdscd/s
17:39:16         0.00      0.00      0.00      0.00      0.00      0.00      0.00

17:39:14    kbmemfree   kbavail kbmemused  %memused kbbuffers  kbcached  kbcommit   %commit  kbactive   kbinact   kbdirty
17:39:16      1645276   1674672    118240      5.82         8    150976    407988     20.09    132056     80388        12

17:39:16        CPU     %user     %nice   %system   %iowait    %steal     %idle
17:39:18        all      0.25      0.00      0.64      0.00      0.89     98.22

17:39:16          tps      rtps      wtps      dtps   bread/s   bwrtn/s   bdscd/s
17:39:18         0.00      0.00      0.00      0.00      0.00      0.00      0.00

17:39:16    kbmemfree   kbavail kbmemused  %memused kbbuffers  kbcached  kbcommit   %commit  kbactive   kbinact   kbdirty
17:39:18      1645244   1674640    118272      5.82         8    150976    407988     20.09    132056     80388        12

17:39:18        CPU     %user     %nice   %system   %iowait    %steal     %idle
17:39:20        all      0.13      0.00      0.13      0.00      1.14     98.60

17:39:18          tps      rtps      wtps      dtps   bread/s   bwrtn/s   bdscd/s
17:39:20         0.00      0.00      0.00      0.00      0.00      0.00      0.00

17:39:18    kbmemfree   kbavail kbmemused  %memused kbbuffers  kbcached  kbcommit   %commit  kbactive   kbinact   kbdirty
17:39:20      1645276   1674672    118240      5.82         8    150976    407988     20.09    132056     80388        12

17:39:20        CPU     %user     %nice   %system   %iowait    %steal     %idle
17:39:22        all      0.00      0.00      0.25      0.00      1.02     98.73

17:39:20          tps      rtps      wtps      dtps   bread/s   bwrtn/s   bdscd/s
17:39:22         0.00      0.00      0.00      0.00      0.00      0.00      0.00

17:39:20    kbmemfree   kbavail kbmemused  %memused kbbuffers  kbcached  kbcommit   %commit  kbactive   kbinact   kbdirty
17:39:22      1645244   1674640    118272      5.82         8    150976    407988     20.09    132056     80388        12

17:39:22        CPU     %user     %nice   %system   %iowait    %steal     %idle
17:39:24        all      0.38      0.00      0.38      0.75      2.01     96.49

17:39:22          tps      rtps      wtps      dtps   bread/s   bwrtn/s   bdscd/s
17:39:24         0.00      0.00      0.00      0.00      0.00      0.00      0.00

17:39:22    kbmemfree   kbavail kbmemused  %memused kbbuffers  kbcached  kbcommit   %commit  kbactive   kbinact   kbdirty
17:39:24      1645340   1674736    118176      5.82         8    150976    407988     20.09    132056     80388        12

17:39:24        CPU     %user     %nice   %system   %iowait    %steal     %idle
17:39:26        all      0.25      0.00      1.27      3.43      1.02     94.03

17:39:24          tps      rtps      wtps      dtps   bread/s   bwrtn/s   bdscd/s
17:39:26         2.50      0.00      2.50      0.00      0.00     72.00      0.00

17:39:24    kbmemfree   kbavail kbmemused  %memused kbbuffers  kbcached  kbcommit   %commit  kbactive   kbinact   kbdirty
17:39:26      1645276   1674704    118208      5.82         8    151008    407988     20.09    132056     80420        12

17:39:26        CPU     %user     %nice   %system   %iowait    %steal     %idle
17:39:28        all      0.13      0.00      0.38      0.00      0.26     99.23

17:39:26          tps      rtps      wtps      dtps   bread/s   bwrtn/s   bdscd/s
17:39:28         0.00      0.00      0.00      0.00      0.00      0.00      0.00

17:39:26    kbmemfree   kbavail kbmemused  %memused kbbuffers  kbcached  kbcommit   %commit  kbactive   kbinact   kbdirty
17:39:28      1645212   1674640    118268      5.82         8    151012    407988     20.09    132056     80420        16

17:39:28        CPU     %user     %nice   %system   %iowait    %steal     %idle
17:39:30        all      0.00      0.00      0.13      0.00      0.26     99.62

17:39:28          tps      rtps      wtps      dtps   bread/s   bwrtn/s   bdscd/s
17:39:30         0.00      0.00      0.00      0.00      0.00      0.00      0.00

17:39:28    kbmemfree   kbavail kbmemused  %memused kbbuffers  kbcached  kbcommit   %commit  kbactive   kbinact   kbdirty
17:39:30      1645276   1674712    118204      5.82         8    151012    407988     20.09    132064     80420        16

17:39:30        CPU     %user     %nice   %system   %iowait    %steal     %idle
17:39:32        all      0.25      0.00      0.25      0.00      0.38     99.11

17:39:30          tps      rtps      wtps      dtps   bread/s   bwrtn/s   bdscd/s
17:39:32         0.00      0.00      0.00      0.00      0.00      0.00      0.00

17:39:30    kbmemfree   kbavail kbmemused  %memused kbbuffers  kbcached  kbcommit   %commit  kbactive   kbinact   kbdirty
17:39:32      1645276   1674712    118204      5.82         8    151012    407988     20.09    132064     80420        16

17:39:32        CPU     %user     %nice   %system   %iowait    %steal     %idle
17:39:34        all      0.38      0.00      0.13      0.00      0.13     99.36

17:39:32          tps      rtps      wtps      dtps   bread/s   bwrtn/s   bdscd/s
17:39:34         0.00      0.00      0.00      0.00      0.00      0.00      0.00

17:39:32    kbmemfree   kbavail kbmemused  %memused kbbuffers  kbcached  kbcommit   %commit  kbactive   kbinact   kbdirty
17:39:34      1645212   1674648    118268      5.82         8    151012    407988     20.09    132064     80420        16

17:39:34        CPU     %user     %nice   %system   %iowait    %steal     %idle
17:39:36        all      0.64      0.00      0.13      0.00      0.64     98.59

17:39:34          tps      rtps      wtps      dtps   bread/s   bwrtn/s   bdscd/s
17:39:36         0.50      0.00      0.50      0.00      0.00      4.00      0.00

17:39:34    kbmemfree   kbavail kbmemused  %memused kbbuffers  kbcached  kbcommit   %commit  kbactive   kbinact   kbdirty
17:39:36      1645244   1674744    118172      5.82         8    151076    407988     20.09    132080     80468       112

17:39:36        CPU     %user     %nice   %system   %iowait    %steal     %idle
17:39:38        all      0.51      0.00      0.13      0.00      0.76     98.61

17:39:36          tps      rtps      wtps      dtps   bread/s   bwrtn/s   bdscd/s
17:39:38         0.00      0.00      0.00      0.00      0.00      0.00      0.00

17:39:36    kbmemfree   kbavail kbmemused  %memused kbbuffers  kbcached  kbcommit   %commit  kbactive   kbinact   kbdirty
17:39:38      1645212   1674712    118204      5.82         8    151076    407988     20.09    132080     80468       112

17:39:38        CPU     %user     %nice   %system   %iowait    %steal     %idle
17:39:40        all      0.39      0.00      1.05      0.00      2.36     96.20

17:39:38          tps      rtps      wtps      dtps   bread/s   bwrtn/s   bdscd/s
17:39:40         0.50      0.00      0.50      0.00      0.00     12.00      0.00

17:39:38    kbmemfree   kbavail kbmemused  %memused kbbuffers  kbcached  kbcommit   %commit  kbactive   kbinact   kbdirty
17:39:40      1645276   1674776    118140      5.82         8    151076    407988     20.09    132080     80468       132

17:39:40        CPU     %user     %nice   %system   %iowait    %steal     %idle
17:39:42        all      1.42      0.00      0.65      0.00      2.85     95.08

17:39:40          tps      rtps      wtps      dtps   bread/s   bwrtn/s   bdscd/s
17:39:42         0.00      0.00      0.00      0.00      0.00      0.00      0.00

17:39:40    kbmemfree   kbavail kbmemused  %memused kbbuffers  kbcached  kbcommit   %commit  kbactive   kbinact   kbdirty
17:39:42      1645212   1674716    118200      5.82         8    151080    407988     20.09    132084     80468       140

17:39:42        CPU     %user     %nice   %system   %iowait    %steal     %idle
17:39:44        all      0.13      0.00      0.13      0.00      0.77     98.98

17:39:42          tps      rtps      wtps      dtps   bread/s   bwrtn/s   bdscd/s
17:39:44         0.00      0.00      0.00      0.00      0.00      0.00      0.00

17:39:42    kbmemfree   kbavail kbmemused  %memused kbbuffers  kbcached  kbcommit   %commit  kbactive   kbinact   kbdirty
17:39:44      1645244   1674748    118168      5.82         8    151080    407988     20.09    132084     80468       140

17:39:44        CPU     %user     %nice   %system   %iowait    %steal     %idle
17:39:46        all      0.66      0.00      1.06      0.00      0.92     97.36

17:39:44          tps      rtps      wtps      dtps   bread/s   bwrtn/s   bdscd/s
17:39:46         1.49      0.00      1.49      0.00      0.00     11.94      0.00

17:39:44    kbmemfree   kbavail kbmemused  %memused kbbuffers  kbcached  kbcommit   %commit  kbactive   kbinact   kbdirty
17:39:46      1645244   1674748    118164      5.82         8    151084    407988     20.09    132084     80468       152

17:39:46        CPU     %user     %nice   %system   %iowait    %steal     %idle
17:39:48        all      0.38      0.00      0.26      0.00      0.77     98.60

17:39:46          tps      rtps      wtps      dtps   bread/s   bwrtn/s   bdscd/s
17:39:48         0.00      0.00      0.00      0.00      0.00      0.00      0.00

17:39:46    kbmemfree   kbavail kbmemused  %memused kbbuffers  kbcached  kbcommit   %commit  kbactive   kbinact   kbdirty
17:39:48      1645244   1674748    118164      5.82         8    151084    407988     20.09    132084     80468       156

17:39:48        CPU     %user     %nice   %system   %iowait    %steal     %idle
17:39:50        all      0.13      0.00      0.25      0.00      2.26     97.36

17:39:48          tps      rtps      wtps      dtps   bread/s   bwrtn/s   bdscd/s
17:39:50         0.00      0.00      0.00      0.00      0.00      0.00      0.00

17:39:48    kbmemfree   kbavail kbmemused  %memused kbbuffers  kbcached  kbcommit   %commit  kbactive   kbinact   kbdirty
17:39:50      1645244   1674748    118164      5.82         8    151084    407988     20.09    132084     80468       156

17:39:50        CPU     %user     %nice   %system   %iowait    %steal     %idle
17:39:52        all      0.26      0.00      0.26      0.00      0.77     98.72

17:39:50          tps      rtps      wtps      dtps   bread/s   bwrtn/s   bdscd/s
17:39:52         1.50      0.00      1.50      0.00      0.00     12.00      0.00

17:39:50    kbmemfree   kbavail kbmemused  %memused kbbuffers  kbcached  kbcommit   %commit  kbactive   kbinact   kbdirty
17:39:52      1645212   1674720    118196      5.82         8    151084    407988     20.09    132136     80420       180

17:39:52        CPU     %user     %nice   %system   %iowait    %steal     %idle
17:39:54        all      0.13      0.00      0.26      0.51      0.26     98.85

17:39:52          tps      rtps      wtps      dtps   bread/s   bwrtn/s   bdscd/s
17:39:54         0.00      0.00      0.00      0.00      0.00      0.00      0.00

17:39:52    kbmemfree   kbavail kbmemused  %memused kbbuffers  kbcached  kbcommit   %commit  kbactive   kbinact   kbdirty
17:39:54      1645244   1674752    118148      5.82         8    151100    407988     20.09    132136     80420       232

17:39:54        CPU     %user     %nice   %system   %iowait    %steal     %idle
17:39:56        all      0.00      0.00      1.27     14.72      1.52     82.49

17:39:54          tps      rtps      wtps      dtps   bread/s   bwrtn/s   bdscd/s
17:39:56        11.00      0.50     10.50      0.00     16.00   2120.00      0.00

17:39:54    kbmemfree   kbavail kbmemused  %memused kbbuffers  kbcached  kbcommit   %commit  kbactive   kbinact   kbdirty
17:39:56      1645276   1674804    118112      5.82         8    151104    407988     20.09    132364     80212        12

17:39:56        CPU     %user     %nice   %system   %iowait    %steal     %idle
17:39:58        all      0.00      0.00      0.26      0.00      0.52     99.22

17:39:56          tps      rtps      wtps      dtps   bread/s   bwrtn/s   bdscd/s
17:39:58         0.00      0.00      0.00      0.00      0.00      0.00      0.00

17:39:56    kbmemfree   kbavail kbmemused  %memused kbbuffers  kbcached  kbcommit   %commit  kbactive   kbinact   kbdirty
17:39:58      1645276   1674804    118112      5.82         8    151104    407988     20.09    132364     80212        12

17:39:58        CPU     %user     %nice   %system   %iowait    %steal     %idle
17:40:00        all      0.13      0.00      0.13      0.00      0.64     99.11

17:39:58          tps      rtps      wtps      dtps   bread/s   bwrtn/s   bdscd/s
17:40:00         0.00      0.00      0.00      0.00      0.00      0.00      0.00

17:39:58    kbmemfree   kbavail kbmemused  %memused kbbuffers  kbcached  kbcommit   %commit  kbactive   kbinact   kbdirty
17:40:00      1645276   1674804    118112      5.82         8    151104    407988     20.09    132364     80212        12

17:40:00        CPU     %user     %nice   %system   %iowait    %steal     %idle
17:40:02        all      0.77      0.00      0.64      0.00      1.66     96.93

17:40:00          tps      rtps      wtps      dtps   bread/s   bwrtn/s   bdscd/s
17:40:02         0.00      0.00      0.00      0.00      0.00      0.00      0.00

17:40:00    kbmemfree   kbavail kbmemused  %memused kbbuffers  kbcached  kbcommit   %commit  kbactive   kbinact   kbdirty
17:40:02      1645276   1674804    118112      5.82         8    151104    407988     20.09    132364     80212        12

17:40:02        CPU     %user     %nice   %system   %iowait    %steal     %idle
17:40:04        all      0.50      0.00      0.13      0.00      1.64     97.73

17:40:02          tps      rtps      wtps      dtps   bread/s   bwrtn/s   bdscd/s
17:40:04         0.00      0.00      0.00      0.00      0.00      0.00      0.00

17:40:02    kbmemfree   kbavail kbmemused  %memused kbbuffers  kbcached  kbcommit   %commit  kbactive   kbinact   kbdirty
17:40:04      1645244   1674772    118144      5.82         8    151104    407988     20.09    132364     80212        12

17:40:04        CPU     %user     %nice   %system   %iowait    %steal     %idle
17:40:06        all      0.00      0.00      0.76      0.00      1.02     98.22

17:40:04          tps      rtps      wtps      dtps   bread/s   bwrtn/s   bdscd/s
17:40:06         0.00      0.00      0.00      0.00      0.00      0.00      0.00

17:40:04    kbmemfree   kbavail kbmemused  %memused kbbuffers  kbcached  kbcommit   %commit  kbactive   kbinact   kbdirty
17:40:06      1645276   1674804    118112      5.82         8    151104    407988     20.09    132364     80212        12

17:40:06        CPU     %user     %nice   %system   %iowait    %steal     %idle
17:40:08        all      0.00      0.00      0.38      0.00      0.38     99.24

17:40:06          tps      rtps      wtps      dtps   bread/s   bwrtn/s   bdscd/s
17:40:08         0.00      0.00      0.00      0.00      0.00      0.00      0.00

17:40:06    kbmemfree   kbavail kbmemused  %memused kbbuffers  kbcached  kbcommit   %commit  kbactive   kbinact   kbdirty
17:40:08      1645212   1674740    118176      5.82         8    151104    407988     20.09    132364     80212        12

17:40:08        CPU     %user     %nice   %system   %iowait    %steal     %idle
17:40:10        all      0.26      0.00      0.13      0.00      0.77     98.85

17:40:08          tps      rtps      wtps      dtps   bread/s   bwrtn/s   bdscd/s
17:40:10         0.00      0.00      0.00      0.00      0.00      0.00      0.00

17:40:08    kbmemfree   kbavail kbmemused  %memused kbbuffers  kbcached  kbcommit   %commit  kbactive   kbinact   kbdirty
17:40:10      1645244   1674772    118144      5.82         8    151104    407988     20.09    132364     80212        12

17:40:10        CPU     %user     %nice   %system   %iowait    %steal     %idle
17:40:12        all      0.50      0.00      0.50      0.00      1.26     97.73

17:40:10          tps      rtps      wtps      dtps   bread/s   bwrtn/s   bdscd/s
17:40:12         0.00      0.00      0.00      0.00      0.00      0.00      0.00

17:40:10    kbmemfree   kbavail kbmemused  %memused kbbuffers  kbcached  kbcommit   %commit  kbactive   kbinact   kbdirty
17:40:12      1645244   1674776    118140      5.82         8    151108    407988     20.09    132368     80212        16

17:40:12        CPU     %user     %nice   %system   %iowait    %steal     %idle
17:40:14        all      0.13      0.00      0.38      0.00      1.14     98.35

17:40:12          tps      rtps      wtps      dtps   bread/s   bwrtn/s   bdscd/s
17:40:14         0.00      0.00      0.00      0.00      0.00      0.00      0.00

17:40:12    kbmemfree   kbavail kbmemused  %memused kbbuffers  kbcached  kbcommit   %commit  kbactive   kbinact   kbdirty
17:40:14      1645244   1674776    118140      5.82         8    151108    407988     20.09    132368     80212        16

17:40:14        CPU     %user     %nice   %system   %iowait    %steal     %idle
17:40:16        all      6.05      0.00      5.66      0.00      4.74     83.55

17:40:14          tps      rtps      wtps      dtps   bread/s   bwrtn/s   bdscd/s
17:40:16         0.00      0.00      0.00      0.00      0.00      0.00      0.00

17:40:14    kbmemfree   kbavail kbmemused  %memused kbbuffers  kbcached  kbcommit   %commit  kbactive   kbinact   kbdirty
17:40:16      1645276   1674808    118108      5.82         8    151108    407988     20.09    132368     80212        16

17:40:16        CPU     %user     %nice   %system   %iowait    %steal     %idle
17:40:18        all      0.77      0.00      0.90      0.00      1.16     97.17

17:40:16          tps      rtps      wtps      dtps   bread/s   bwrtn/s   bdscd/s
17:40:18         0.00      0.00      0.00      0.00      0.00      0.00      0.00

17:40:16    kbmemfree   kbavail kbmemused  %memused kbbuffers  kbcached  kbcommit   %commit  kbactive   kbinact   kbdirty
17:40:18      1645244   1674776    118140      5.82         8    151108    407988     20.09    132368     80212        16

17:40:18        CPU     %user     %nice   %system   %iowait    %steal     %idle
17:40:20        all      0.13      0.00      0.26      0.00      0.89     98.72

17:40:18          tps      rtps      wtps      dtps   bread/s   bwrtn/s   bdscd/s
17:40:20         0.00      0.00      0.00      0.00      0.00      0.00      0.00

17:40:18    kbmemfree   kbavail kbmemused  %memused kbbuffers  kbcached  kbcommit   %commit  kbactive   kbinact   kbdirty
17:40:20      1645244   1674776    118140      5.82         8    151108    407988     20.09    132368     80212        16

17:40:20        CPU     %user     %nice   %system   %iowait    %steal     %idle
17:40:22        all      0.13      0.00      0.38      0.00      2.40     97.10

17:40:20          tps      rtps      wtps      dtps   bread/s   bwrtn/s   bdscd/s
17:40:22         0.50      0.00      0.50      0.00      0.00      4.00      0.00

17:40:20    kbmemfree   kbavail kbmemused  %memused kbbuffers  kbcached  kbcommit   %commit  kbactive   kbinact   kbdirty
17:40:22      1645276   1674808    118108      5.82         8    151108    407988     20.09    132368     80212       112

17:40:22        CPU     %user     %nice   %system   %iowait    %steal     %idle
17:40:24        all      0.25      0.00      0.25      0.00      0.76     98.73

17:40:22          tps      rtps      wtps      dtps   bread/s   bwrtn/s   bdscd/s
17:40:24         0.00      0.00      0.00      0.00      0.00      0.00      0.00

17:40:22    kbmemfree   kbavail kbmemused  %memused kbbuffers  kbcached  kbcommit   %commit  kbactive   kbinact   kbdirty
17:40:24      1645276   1674808    118108      5.82         8    151108    407988     20.09    132368     80212       112

17:40:24        CPU     %user     %nice   %system   %iowait    %steal     %idle
17:40:26        all      0.51      0.00      0.26      0.00      0.26     98.98

17:40:24          tps      rtps      wtps      dtps   bread/s   bwrtn/s   bdscd/s
17:40:26         0.50      0.00      0.50      0.00      0.00     16.00      0.00

17:40:24    kbmemfree   kbavail kbmemused  %memused kbbuffers  kbcached  kbcommit   %commit  kbactive   kbinact   kbdirty
17:40:26      1645244   1674780    118136      5.82         8    151112    407988     20.09    132372     80212       116

17:40:26        CPU     %user     %nice   %system   %iowait    %steal     %idle
17:40:28        all      0.25      0.00      0.38      0.00      1.15     98.22

17:40:26          tps      rtps      wtps      dtps   bread/s   bwrtn/s   bdscd/s
17:40:28         0.00      0.00      0.00      0.00      0.00      0.00      0.00

17:40:26    kbmemfree   kbavail kbmemused  %memused kbbuffers  kbcached  kbcommit   %commit  kbactive   kbinact   kbdirty
17:40:28      1645212   1674764    118152      5.82         8    151128    407988     20.09    132388     80212       152

17:40:28        CPU     %user     %nice   %system   %iowait    %steal     %idle
17:40:30        all      0.00      0.00      0.25      0.00      0.89     98.86

17:40:28          tps      rtps      wtps      dtps   bread/s   bwrtn/s   bdscd/s
17:40:30         0.00      0.00      0.00      0.00      0.00      0.00      0.00

17:40:28    kbmemfree   kbavail kbmemused  %memused kbbuffers  kbcached  kbcommit   %commit  kbactive   kbinact   kbdirty
17:40:30      1645276   1674828    118088      5.82         8    151128    407988     20.09    132388     80212       152

17:40:30        CPU     %user     %nice   %system   %iowait    %steal     %idle
17:40:32        all      0.25      0.00      0.51      0.00      0.51     98.73

17:40:30          tps      rtps      wtps      dtps   bread/s   bwrtn/s   bdscd/s
17:40:32         0.00      0.00      0.00      0.00      0.00      0.00      0.00

17:40:30    kbmemfree   kbavail kbmemused  %memused kbbuffers  kbcached  kbcommit   %commit  kbactive   kbinact   kbdirty
17:40:32      1645212   1674764    118152      5.82         8    151128    407988     20.09    132388     80212       152

17:40:32        CPU     %user     %nice   %system   %iowait    %steal     %idle
17:40:34        all      1.26      0.00      0.38      0.00      1.39     96.97

17:40:32          tps      rtps      wtps      dtps   bread/s   bwrtn/s   bdscd/s
17:40:34         0.00      0.00      0.00      0.00      0.00      0.00      0.00

17:40:32    kbmemfree   kbavail kbmemused  %memused kbbuffers  kbcached  kbcommit   %commit  kbactive   kbinact   kbdirty
17:40:34      1645276   1674828    118088      5.82         8    151128    407988     20.09    132388     80212       152

17:40:34        CPU     %user     %nice   %system   %iowait    %steal     %idle
17:40:36        all      0.51      0.00      0.64      0.00      0.51     98.35

17:40:34          tps      rtps      wtps      dtps   bread/s   bwrtn/s   bdscd/s
17:40:36         0.00      0.00      0.00      0.00      0.00      0.00      0.00

17:40:34    kbmemfree   kbavail kbmemused  %memused kbbuffers  kbcached  kbcommit   %commit  kbactive   kbinact   kbdirty
17:40:36      1645244   1674796    118120      5.82         8    151128    407988     20.09    132388     80212       152

17:40:36        CPU     %user     %nice   %system   %iowait    %steal     %idle
17:40:38        all      0.26      0.00      0.26      0.00      0.77     98.72

17:40:36          tps      rtps      wtps      dtps   bread/s   bwrtn/s   bdscd/s
17:40:38         0.00      0.00      0.00      0.00      0.00      0.00      0.00

17:40:36    kbmemfree   kbavail kbmemused  %memused kbbuffers  kbcached  kbcommit   %commit  kbactive   kbinact   kbdirty
17:40:38      1645244   1674796    118120      5.82         8    151128    407988     20.09    132388     80212       152

17:40:38        CPU     %user     %nice   %system   %iowait    %steal     %idle
17:40:40        all      0.51      0.00      0.38      0.00      0.26     98.85

17:40:38          tps      rtps      wtps      dtps   bread/s   bwrtn/s   bdscd/s
17:40:40         0.00      0.00      0.00      0.00      0.00      0.00      0.00

17:40:38    kbmemfree   kbavail kbmemused  %memused kbbuffers  kbcached  kbcommit   %commit  kbactive   kbinact   kbdirty
17:40:40      1645244   1674800    118116      5.82         8    151132    407988     20.09    132392     80212       156

17:40:40        CPU     %user     %nice   %system   %iowait    %steal     %idle
17:40:42        all      0.00      0.00      0.13      0.00      0.51     99.36

17:40:40          tps      rtps      wtps      dtps   bread/s   bwrtn/s   bdscd/s
17:40:42         0.00      0.00      0.00      0.00      0.00      0.00      0.00

17:40:40    kbmemfree   kbavail kbmemused  %memused kbbuffers  kbcached  kbcommit   %commit  kbactive   kbinact   kbdirty
17:40:42      1645276   1674832    118084      5.82         8    151132    407988     20.09    132392     80212       156

17:40:42        CPU     %user     %nice   %system   %iowait    %steal     %idle
17:40:44        all      0.13      0.00      0.00      0.00      0.13     99.74

17:40:42          tps      rtps      wtps      dtps   bread/s   bwrtn/s   bdscd/s
17:40:44         0.00      0.00      0.00      0.00      0.00      0.00      0.00

17:40:42    kbmemfree   kbavail kbmemused  %memused kbbuffers  kbcached  kbcommit   %commit  kbactive   kbinact   kbdirty
17:40:44      1645244   1674800    118116      5.82         8    151132    407988     20.09    132392     80212       156

17:40:44        CPU     %user     %nice   %system   %iowait    %steal     %idle
17:40:46        all      0.26      0.00      0.26      0.00      0.13     99.36

17:40:44          tps      rtps      wtps      dtps   bread/s   bwrtn/s   bdscd/s
17:40:46         0.00      0.00      0.00      0.00      0.00      0.00      0.00

17:40:44    kbmemfree   kbavail kbmemused  %memused kbbuffers  kbcached  kbcommit   %commit  kbactive   kbinact   kbdirty
17:40:46      1645244   1674800    118116      5.82         8    151132    407988     20.09    132392     80212       156

17:40:46        CPU     %user     %nice   %system   %iowait    %steal     %idle
17:40:48        all      0.25      0.00      0.25      0.00      0.13     99.36

17:40:46          tps      rtps      wtps      dtps   bread/s   bwrtn/s   bdscd/s
17:40:48         0.00      0.00      0.00      0.00      0.00      0.00      0.00

17:40:46    kbmemfree   kbavail kbmemused  %memused kbbuffers  kbcached  kbcommit   %commit  kbactive   kbinact   kbdirty
17:40:48      1645276   1674832    118084      5.82         8    151132    407988     20.09    132392     80212       156

17:40:48        CPU     %user     %nice   %system   %iowait    %steal     %idle
17:40:50        all      0.13      0.00      0.13      0.00      0.38     99.36

17:40:48          tps      rtps      wtps      dtps   bread/s   bwrtn/s   bdscd/s
17:40:50         0.00      0.00      0.00      0.00      0.00      0.00      0.00

17:40:48    kbmemfree   kbavail kbmemused  %memused kbbuffers  kbcached  kbcommit   %commit  kbactive   kbinact   kbdirty
17:40:50      1645244   1674800    118116      5.82         8    151132    407988     20.09    132392     80212       156

17:40:50        CPU     %user     %nice   %system   %iowait    %steal     %idle
17:40:52        all      0.13      0.00      1.14      0.25      0.51     97.97

17:40:50          tps      rtps      wtps      dtps   bread/s   bwrtn/s   bdscd/s
17:40:52         6.00      0.00      6.00      0.00      0.00   1964.00      0.00

17:40:50    kbmemfree   kbavail kbmemused  %memused kbbuffers  kbcached  kbcommit   %commit  kbactive   kbinact   kbdirty
17:40:52      1645212   1674768    118148      5.82         8    151132    407988     20.09    132408     80196       104



Average:        CPU     %user     %nice   %system   %iowait    %steal     %idle
Average:        all      0.33      0.00      0.40      0.36      0.86     98.05

Average:          tps      rtps      wtps      dtps   bread/s   bwrtn/s   bdscd/s
Average:         0.59      0.01      0.58      0.00      0.21     85.06      0.00

Average:    kbmemfree   kbavail kbmemused  %memused kbbuffers  kbcached  kbcommit   %commit  kbactive   kbinact   kbdirty
Average:      1645643   1674714    118194      5.82         8    150653    407988     20.09    131836     80355       105
