Linux 5.4.0-86-generic (flexran) 	12/13/21 	_x86_64_	(4 CPU)

14:20:18        CPU     %user     %nice   %system   %iowait    %steal     %idle
14:20:20        all      0.13      0.00      0.51      0.00      1.53     97.84

14:20:18          tps      rtps      wtps      dtps   bread/s   bwrtn/s   bdscd/s
14:20:20         0.00      0.00      0.00      0.00      0.00      0.00      0.00

14:20:18    kbmemfree   kbavail kbmemused  %memused kbbuffers  kbcached  kbcommit   %commit  kbactive   kbinact   kbdirty
14:20:20      1707084   1682756    128012      6.30         8     67764    417068     20.54    105020     32812       200

14:20:20        CPU     %user     %nice   %system   %iowait    %steal     %idle
14:20:22        all      2.66      0.00      6.84     11.77      5.06     73.67

14:20:20          tps      rtps      wtps      dtps   bread/s   bwrtn/s   bdscd/s
14:20:22        96.00     65.50     30.50      0.00   4732.00   2476.00      0.00

14:20:20    kbmemfree   kbavail kbmemused  %memused kbbuffers  kbcached  kbcommit   %commit  kbactive   kbinact   kbdirty
14:20:22      1692136   1672600    130908      6.45         8     79476   1934000     95.24    108332     43516      1004

14:20:22        CPU     %user     %nice   %system   %iowait    %steal     %idle
14:20:24        all     57.89      0.00     36.13      0.00      5.98      0.00

14:20:22          tps      rtps      wtps      dtps   bread/s   bwrtn/s   bdscd/s
14:20:24       376.50     16.50    360.00      0.00   1384.00  10564.00      0.00

14:20:22    kbmemfree   kbavail kbmemused  %memused kbbuffers  kbcached  kbcommit   %commit  kbactive   kbinact   kbdirty
14:20:24      1513052   1542272    237248     11.68         8    151684   2125240    104.66    202816    124848     95884

14:20:24        CPU     %user     %nice   %system   %iowait    %steal     %idle
14:20:26        all     53.95      0.00     41.79      0.00      4.27      0.00

14:20:24          tps      rtps      wtps      dtps   bread/s   bwrtn/s   bdscd/s
14:20:26       310.00     18.50    291.50      0.00   3216.00  51476.00      0.00

14:20:24    kbmemfree   kbavail kbmemused  %memused kbbuffers  kbcached  kbcommit   %commit  kbactive   kbinact   kbdirty
14:20:26      1292108   1419620    359704     17.71         8    249964   2125240    104.66    326232    222264    140456

14:20:26        CPU     %user     %nice   %system   %iowait    %steal     %idle
14:20:28        all     54.61      0.00     39.12      0.00      6.28      0.00

14:20:26          tps      rtps      wtps      dtps   bread/s   bwrtn/s   bdscd/s
14:20:28        82.50      1.00     81.50      0.00     20.00  68796.00      0.00

14:20:26    kbmemfree   kbavail kbmemused  %memused kbbuffers  kbcached  kbcommit   %commit  kbactive   kbinact   kbdirty
14:20:28      1110420   1337568    441996     21.77         8    349160   2125240    104.66    408408    321704     74672

14:20:28        CPU     %user     %nice   %system   %iowait    %steal     %idle
14:20:30        all     64.40      0.00     32.65      0.00      2.94      0.00

14:20:28          tps      rtps      wtps      dtps   bread/s   bwrtn/s   bdscd/s
14:20:30        20.50      0.00     20.50      0.00      0.00  39256.00      0.00

14:20:28    kbmemfree   kbavail kbmemused  %memused kbbuffers  kbcached  kbcommit   %commit  kbactive   kbinact   kbdirty
14:20:30       857628   1214636    564628     27.81         8    479048   2125240    104.66    531432    451272    204400

14:20:30        CPU     %user     %nice   %system   %iowait    %steal     %idle
14:20:32        all     63.24      0.00     32.65      0.00      4.11      0.00

14:20:30          tps      rtps      wtps      dtps   bread/s   bwrtn/s   bdscd/s
14:20:32        38.00      0.00     38.00      0.00      0.00  83344.00      0.00

14:20:30    kbmemfree   kbavail kbmemused  %memused kbbuffers  kbcached  kbcommit   %commit  kbactive   kbinact   kbdirty
14:20:32       609196   1052540    726484     35.78         8    565200   2125240    104.66    693244    537476     56584

14:20:32        CPU     %user     %nice   %system   %iowait    %steal     %idle
14:20:34        all     70.23      0.00     26.11      0.00      3.66      0.00

14:20:32          tps      rtps      wtps      dtps   bread/s   bwrtn/s   bdscd/s
14:20:34        61.50      0.00     61.50      0.00      0.00 145280.00      0.00

14:20:32    kbmemfree   kbavail kbmemused  %memused kbbuffers  kbcached  kbcommit   %commit  kbactive   kbinact   kbdirty
14:20:34       400792    922224    856800     42.19         8    643272   2125240    104.66    824096    615192     89416

14:20:34        CPU     %user     %nice   %system   %iowait    %steal     %idle
14:20:36        all     62.41      0.00     32.66      0.00      4.94      0.00

14:20:34          tps      rtps      wtps      dtps   bread/s   bwrtn/s   bdscd/s
14:20:36       143.00     13.00    130.00      0.00    416.00 246084.00      0.00

14:20:34    kbmemfree   kbavail kbmemused  %memused kbbuffers  kbcached  kbcommit   %commit  kbactive   kbinact   kbdirty
14:20:36       165800    802956    976000     48.06         8    759020   2125240    104.66    943520    729964     66440

14:20:36        CPU     %user     %nice   %system   %iowait    %steal     %idle
14:20:38        all     60.22      0.00     34.78      0.00      5.01      0.00

14:20:36          tps      rtps      wtps      dtps   bread/s   bwrtn/s   bdscd/s
14:20:38       130.00      5.00    125.00      0.00    160.00  64724.00      0.00

14:20:36    kbmemfree   kbavail kbmemused  %memused kbbuffers  kbcached  kbcommit   %commit  kbactive   kbinact   kbdirty
14:20:38        76756    718492   1060396     52.22         8    763240   2125240    104.66   1029404    731828     55976

14:20:38        CPU     %user     %nice   %system   %iowait    %steal     %idle
14:20:40        all     70.33      0.00     26.54      0.00      3.14      0.00

14:20:38          tps      rtps      wtps      dtps   bread/s   bwrtn/s   bdscd/s
14:20:40       129.50      4.50    125.00      0.00    132.00 210532.00      0.00

14:20:38    kbmemfree   kbavail kbmemused  %memused kbbuffers  kbcached  kbcommit   %commit  kbactive   kbinact   kbdirty
14:20:40        78836    583428   1195220     58.86         8    625856   2125240    104.66   1166408    592812     59284

14:20:40        CPU     %user     %nice   %system   %iowait    %steal     %idle
14:20:42        all     84.77      0.00     11.46      0.00      3.78      0.00

14:20:40          tps      rtps      wtps      dtps   bread/s   bwrtn/s   bdscd/s
14:20:42        32.34      4.98     27.36      0.00   3900.50  46364.18      0.00

14:20:40    kbmemfree   kbavail kbmemused  %memused kbbuffers  kbcached  kbcommit   %commit  kbactive   kbinact   kbdirty
14:20:42        83684    582176   1196468     58.92         8    619600   2125240    104.66   1166456    586592     51732

14:20:42        CPU     %user     %nice   %system   %iowait    %steal     %idle
14:20:44        all     82.59      0.00     12.55      0.00      4.87      0.00

14:20:42          tps      rtps      wtps      dtps   bread/s   bwrtn/s   bdscd/s
14:20:44       111.56     35.68     75.88      0.00  61925.63 101881.41      0.00

14:20:42    kbmemfree   kbavail kbmemused  %memused kbbuffers  kbcached  kbcommit   %commit  kbactive   kbinact   kbdirty
14:20:44        75432    581812   1196484     58.92         8    627868   2125240    104.66   1166680    594248       764

14:20:44        CPU     %user     %nice   %system   %iowait    %steal     %idle
14:20:46        all     72.35      0.00     20.05      0.00      7.60      0.00

14:20:44          tps      rtps      wtps      dtps   bread/s   bwrtn/s   bdscd/s
14:20:46       289.50    123.50    166.00      0.00  82856.00   6208.00      0.00

14:20:44    kbmemfree   kbavail kbmemused  %memused kbbuffers  kbcached  kbcommit   %commit  kbactive   kbinact   kbdirty
14:20:46       584640    586088   1196180     58.91         8    121568   2125240    104.66   1162760     92332       356

14:20:46        CPU     %user     %nice   %system   %iowait    %steal     %idle
14:20:49        all     77.39      0.00     16.86      0.00      5.75      0.00

14:20:46          tps      rtps      wtps      dtps   bread/s   bwrtn/s   bdscd/s
14:20:49       109.55     51.82     57.73      0.00  96981.82    509.09      0.00

14:20:46    kbmemfree   kbavail kbmemused  %memused kbbuffers  kbcached  kbcommit   %commit  kbactive   kbinact   kbdirty
14:20:49       480828    583792   1196476     58.92         8    224900   2125240    104.66   1162996    195304       372

14:20:49        CPU     %user     %nice   %system   %iowait    %steal     %idle
14:20:51        all     74.18      0.00     22.16      0.00      3.66      0.00

14:20:49          tps      rtps      wtps      dtps   bread/s   bwrtn/s   bdscd/s
14:20:51       102.49     31.34     71.14      0.00  61190.05   1122.39      0.00

14:20:49    kbmemfree   kbavail kbmemused  %memused kbbuffers  kbcached  kbcommit   %commit  kbactive   kbinact   kbdirty
14:20:51       419748    585120   1194596     58.83         8    287672   2125240    104.66   1163120    257920       144

14:20:51        CPU     %user     %nice   %system   %iowait    %steal     %idle
14:20:53        all     76.89      0.00     17.55      0.00      5.56      0.00

14:20:51          tps      rtps      wtps      dtps   bread/s   bwrtn/s   bdscd/s
14:20:53       349.50    154.00    195.50      0.00  93164.00   5932.00      0.00

14:20:51    kbmemfree   kbavail kbmemused  %memused kbbuffers  kbcached  kbcommit   %commit  kbactive   kbinact   kbdirty
14:20:53       594012    591348   1195036     58.85         8    113352   2125240    104.66   1162824     84004       396

14:20:53        CPU     %user     %nice   %system   %iowait    %steal     %idle
14:20:55        all     83.33      0.00     13.07      0.00      3.60      0.00

14:20:53          tps      rtps      wtps      dtps   bread/s   bwrtn/s   bdscd/s
14:20:55       210.95     24.88    186.07      0.00  40867.66   1556.22      0.00

14:20:53    kbmemfree   kbavail kbmemused  %memused kbbuffers  kbcached  kbcommit   %commit  kbactive   kbinact   kbdirty
14:20:55       550620    585088   1194836     58.84         8    156912   2125240    104.66   1163216    127048       448

14:20:55        CPU     %user     %nice   %system   %iowait    %steal     %idle
14:20:57        all     76.44      0.00     17.93      0.00      5.63      0.00

14:20:55          tps      rtps      wtps      dtps   bread/s   bwrtn/s   bdscd/s
14:20:57       220.00     53.50    166.50      0.00  74328.00   2240.00      0.00

14:20:55    kbmemfree   kbavail kbmemused  %memused kbbuffers  kbcached  kbcommit   %commit  kbactive   kbinact   kbdirty
14:20:57       473392    584728   1194808     58.84         8    233864   2125240    104.66   1164000    203012       340

14:20:57        CPU     %user     %nice   %system   %iowait    %steal     %idle
14:20:59        all     75.98      0.00     16.77      0.00      7.24      0.00

14:20:57          tps      rtps      wtps      dtps   bread/s   bwrtn/s   bdscd/s
14:20:59       357.00     64.00    293.00      0.00  94776.00   6992.00      0.00

14:20:57    kbmemfree   kbavail kbmemused  %memused kbbuffers  kbcached  kbcommit   %commit  kbactive   kbinact   kbdirty
14:20:59       375296    582724   1196740     58.93         8    329776   2125240    104.66   1166724    296244       464

14:20:59        CPU     %user     %nice   %system   %iowait    %steal     %idle
14:21:01        all     75.72      0.00     18.15      0.00      6.14      0.00

14:20:59          tps      rtps      wtps      dtps   bread/s   bwrtn/s   bdscd/s
14:21:01       257.00     38.00    219.00      0.00  69772.00   1776.00      0.00

14:20:59    kbmemfree   kbavail kbmemused  %memused kbbuffers  kbcached  kbcommit   %commit  kbactive   kbinact   kbdirty
14:21:01       307536    584388   1195152     58.86         8    398804   2125240    104.66   1167044    365188       480

14:21:01        CPU     %user     %nice   %system   %iowait    %steal     %idle
14:21:03        all     78.01      0.00     17.21      0.00      4.79      0.00

14:21:01          tps      rtps      wtps      dtps   bread/s   bwrtn/s   bdscd/s
14:21:03       211.00     56.00    155.00      0.00  78408.00   4592.00      0.00

14:21:01    kbmemfree   kbavail kbmemused  %memused kbbuffers  kbcached  kbcommit   %commit  kbactive   kbinact   kbdirty
14:21:03       223348    584912   1194304     58.81         8    483616   2125240    104.66   1168312    448520      1116

14:21:03        CPU     %user     %nice   %system   %iowait    %steal     %idle
14:21:05        all     75.81      0.00     19.28      0.00      4.92      0.00

14:21:03          tps      rtps      wtps      dtps   bread/s   bwrtn/s   bdscd/s
14:21:05       231.50    102.50    129.00      0.00  95456.00   2756.00      0.00

14:21:03    kbmemfree   kbavail kbmemused  %memused kbbuffers  kbcached  kbcommit   %commit  kbactive   kbinact   kbdirty
14:21:05       581112    582108   1200352     59.11         8    121004   2125240    104.66   1162944     91408       500

14:21:05        CPU     %user     %nice   %system   %iowait    %steal     %idle
14:21:07        all     67.33      0.00     13.86      0.00     18.48      0.33

14:21:05          tps      rtps      wtps      dtps   bread/s   bwrtn/s   bdscd/s
14:21:07       123.50     65.00     58.50      0.00  54396.00    476.00      0.00

14:21:05    kbmemfree   kbavail kbmemused  %memused kbbuffers  kbcached  kbcommit   %commit  kbactive   kbinact   kbdirty
14:21:07       528880    582556   1197236     58.96         8    175992   2125240    104.66   1163212    146148       536

14:21:07        CPU     %user     %nice   %system   %iowait    %steal     %idle
14:21:09        all     74.52      0.00     16.87      0.00      8.61      0.00

14:21:07          tps      rtps      wtps      dtps   bread/s   bwrtn/s   bdscd/s
14:21:09       134.47     51.94     82.52      0.00  78683.50   2073.79      0.00

14:21:07    kbmemfree   kbavail kbmemused  %memused kbbuffers  kbcached  kbcommit   %commit  kbactive   kbinact   kbdirty
14:21:09       444644    583012   1196488     58.92         8    260748   2125240    104.66   1163776    230164       168

14:21:09        CPU     %user     %nice   %system   %iowait    %steal     %idle
14:21:11        all     70.24      0.00     22.20      0.00      7.56      0.00

14:21:09          tps      rtps      wtps      dtps   bread/s   bwrtn/s   bdscd/s
14:21:11       220.00     85.50    134.50      0.00  64332.00  70612.00      0.00

14:21:09    kbmemfree   kbavail kbmemused  %memused kbbuffers  kbcached  kbcommit   %commit  kbactive   kbinact   kbdirty
14:21:11       503272    583520   1196240     58.91         8    202844   2125240    104.66   1163300    172728     48028

14:21:11        CPU     %user     %nice   %system   %iowait    %steal     %idle
14:21:13        all     70.96      0.00     24.84      0.00      4.20      0.00

14:21:11          tps      rtps      wtps      dtps   bread/s   bwrtn/s   bdscd/s
14:21:13       219.00      4.50    214.50      0.00     84.00 374472.00      0.00

14:21:11    kbmemfree   kbavail kbmemused  %memused kbbuffers  kbcached  kbcommit   %commit  kbactive   kbinact   kbdirty
14:21:13       150536    583956   1195456     58.87         8    555368   2125240    104.66   1164016    524600      2024

14:21:13        CPU     %user     %nice   %system   %iowait    %steal     %idle
14:21:15        all     76.24      0.00     18.68      0.00      5.08      0.00

14:21:13          tps      rtps      wtps      dtps   bread/s   bwrtn/s   bdscd/s
14:21:15        67.16      1.00     66.17      0.00      7.96  79912.44      0.00

14:21:13    kbmemfree   kbavail kbmemused  %memused kbbuffers  kbcached  kbcommit   %commit  kbactive   kbinact   kbdirty
14:21:15        79140    582892   1196308     58.91         8    625352   2125240    104.66   1164124    594752     23920

14:21:15        CPU     %user     %nice   %system   %iowait    %steal     %idle
14:21:17        all     76.56      0.00     19.25      0.00      4.20      0.00

14:21:15          tps      rtps      wtps      dtps   bread/s   bwrtn/s   bdscd/s
14:21:17       127.50      3.50    124.00      0.00     76.00 181788.00      0.00

14:21:15    kbmemfree   kbavail kbmemused  %memused kbbuffers  kbcached  kbcommit   %commit  kbactive   kbinact   kbdirty
14:21:17        85312    583320   1195824     58.89         8    619536   2125240    104.66   1164188    588544       548

14:21:17        CPU     %user     %nice   %system   %iowait    %steal     %idle
14:21:19        all     75.24      0.00     21.16      0.14      3.46      0.00

14:21:17          tps      rtps      wtps      dtps   bread/s   bwrtn/s   bdscd/s
14:21:19        42.50      0.00     42.50      0.00      0.00  94564.00      0.00

14:21:17    kbmemfree   kbavail kbmemused  %memused kbbuffers  kbcached  kbcommit   %commit  kbactive   kbinact   kbdirty
14:21:19        80284    582188   1197068     58.95         8    623080   2125240    104.66   1163912    592776     53084

14:21:19        CPU     %user     %nice   %system   %iowait    %steal     %idle
14:21:21        all     74.41      0.00     20.76      0.00      4.83      0.00

14:21:19          tps      rtps      wtps      dtps   bread/s   bwrtn/s   bdscd/s
14:21:21        89.66      5.42     84.24      0.00   7842.36 191653.20      0.00

14:21:19    kbmemfree   kbavail kbmemused  %memused kbbuffers  kbcached  kbcommit   %commit  kbactive   kbinact   kbdirty
14:21:21        83604    581812   1196956     58.94         8    619632   2125240    104.66   1163640    589308     61256

14:21:21        CPU     %user     %nice   %system   %iowait    %steal     %idle
14:21:23        all     77.47      0.00     17.20      0.00      5.33      0.00

14:21:21          tps      rtps      wtps      dtps   bread/s   bwrtn/s   bdscd/s
14:21:23       165.50     88.50     77.00      0.00  91500.00  60840.00      0.00

14:21:21    kbmemfree   kbavail kbmemused  %memused kbbuffers  kbcached  kbcommit   %commit  kbactive   kbinact   kbdirty
14:21:23        84884    582828   1196088     58.90         8    619108   2125240    104.66   1164816    587820      1680

14:21:23        CPU     %user     %nice   %system   %iowait    %steal     %idle
14:21:25        all     75.20      0.00     18.17      0.00      6.64      0.00

14:21:23          tps      rtps      wtps      dtps   bread/s   bwrtn/s   bdscd/s
14:21:25       175.62     53.23    122.39      0.00  45309.45   7363.18      0.00

14:21:23    kbmemfree   kbavail kbmemused  %memused kbbuffers  kbcached  kbcommit   %commit  kbactive   kbinact   kbdirty
14:21:25        78740    580112   1198568     59.02         8    622728   2125240    104.66   1166196    589776       416

14:21:25        CPU     %user     %nice   %system   %iowait    %steal     %idle
14:21:27        all     77.08      0.00     19.27      0.00      3.65      0.00

14:21:25          tps      rtps      wtps      dtps   bread/s   bwrtn/s   bdscd/s
14:21:27       229.50     43.00    186.50      0.00  61460.00   1536.00      0.00

14:21:25    kbmemfree   kbavail kbmemused  %memused kbbuffers  kbcached  kbcommit   %commit  kbactive   kbinact   kbdirty
14:21:27        85784    582072   1196804     58.94         8    617276   2125240    104.66   1166136    584720       548

14:21:27        CPU     %user     %nice   %system   %iowait    %steal     %idle
14:21:29        all     78.04      0.00     20.37      0.00      1.59      0.00

14:21:27          tps      rtps      wtps      dtps   bread/s   bwrtn/s   bdscd/s
14:21:29       215.00     30.00    185.00      0.00  57384.00   5816.00      0.00

14:21:27    kbmemfree   kbavail kbmemused  %memused kbbuffers  kbcached  kbcommit   %commit  kbactive   kbinact   kbdirty
14:21:29       596544    591880   1196148     58.90         8    108436   2125240    104.66   1166728     75028       316

14:21:29        CPU     %user     %nice   %system   %iowait    %steal     %idle
14:21:31        all     85.82      0.00     10.44      0.00      3.74      0.00

14:21:29          tps      rtps      wtps      dtps   bread/s   bwrtn/s   bdscd/s
14:21:31       233.00     64.50    168.50      0.00  45444.00   1384.00      0.00

14:21:29    kbmemfree   kbavail kbmemused  %memused kbbuffers  kbcached  kbcommit   %commit  kbactive   kbinact   kbdirty
14:21:31       603536    594620   1197780     58.98         8    100972   2125240    104.66   1160872     73460       528

14:21:31        CPU     %user     %nice   %system   %iowait    %steal     %idle
14:21:33        all     91.17      0.00      5.40      0.00      3.43      0.00

14:21:31          tps      rtps      wtps      dtps   bread/s   bwrtn/s   bdscd/s
14:21:33        46.27     21.89     24.38      0.00  32748.26    199.00      0.00

14:21:31    kbmemfree   kbavail kbmemused  %memused kbbuffers  kbcached  kbcommit   %commit  kbactive   kbinact   kbdirty
14:21:33       570492    584248   1195672     58.88         8    136092   2125240    104.66   1161076    108496       548

14:21:33        CPU     %user     %nice   %system   %iowait    %steal     %idle
14:21:35        all     65.93      0.00     31.09      0.00      2.98      0.00

14:21:33          tps      rtps      wtps      dtps   bread/s   bwrtn/s   bdscd/s
14:21:35       260.50    122.00    138.50      0.00  90676.00   6768.00      0.00

14:21:33    kbmemfree   kbavail kbmemused  %memused kbbuffers  kbcached  kbcommit   %commit  kbactive   kbinact   kbdirty
14:21:35      1369420   1345912    460760     22.69         8     72220   2125300    104.66    426888     45224       444

14:21:35        CPU     %user     %nice   %system   %iowait    %steal     %idle
14:21:37        all     65.67      0.00     33.55      0.00      0.78      0.00

14:21:35          tps      rtps      wtps      dtps   bread/s   bwrtn/s   bdscd/s
14:21:37       200.00     50.00    150.00      0.00  86264.00   1220.00      0.00

14:21:35    kbmemfree   kbavail kbmemused  %memused kbbuffers  kbcached  kbcommit   %commit  kbactive   kbinact   kbdirty
14:21:37      1086672   1120304    659384     32.47         8    156048   2125300    104.66    625464    128488       616

14:21:37        CPU     %user     %nice   %system   %iowait    %steal     %idle
14:21:39        all     68.16      0.00     28.90      0.00      2.94      0.00

14:21:37          tps      rtps      wtps      dtps   bread/s   bwrtn/s   bdscd/s
14:21:39       168.00     36.00    132.00      0.00  69660.00   1060.00      0.00

14:21:37    kbmemfree   kbavail kbmemused  %memused kbbuffers  kbcached  kbcommit   %commit  kbactive   kbinact   kbdirty
14:21:39       921652   1025548    754132     37.14         8    226080   2125300    104.66    718872    198368       616

14:21:39        CPU     %user     %nice   %system   %iowait    %steal     %idle
14:21:41        all     60.24      0.00     34.54      0.00      5.22      0.00

14:21:39          tps      rtps      wtps      dtps   bread/s   bwrtn/s   bdscd/s
14:21:41       341.50    132.00    209.50      0.00  66688.00   7024.00      0.00

14:21:39    kbmemfree   kbavail kbmemused  %memused kbbuffers  kbcached  kbcommit   %commit  kbactive   kbinact   kbdirty
14:21:41       718540    893860    885476     43.61         8    297672   2125300    104.66    855620    266588       580

14:21:41        CPU     %user     %nice   %system   %iowait    %steal     %idle
14:21:43        all     65.20      0.00     31.02      0.00      3.78      0.00

14:21:41          tps      rtps      wtps      dtps   bread/s   bwrtn/s   bdscd/s
14:21:43       392.00     66.50    325.50      0.00  70896.00   2640.00      0.00

14:21:41    kbmemfree   kbavail kbmemused  %memused kbbuffers  kbcached  kbcommit   %commit  kbactive   kbinact   kbdirty
14:21:43       473244    725772   1053652     51.89         8    374388   2125300    104.66   1024488    343028       648

14:21:43        CPU     %user     %nice   %system   %iowait    %steal     %idle
14:21:45        all     64.71      0.00     29.04      0.00      6.24      0.00

14:21:43          tps      rtps      wtps      dtps   bread/s   bwrtn/s   bdscd/s
14:21:45       206.00     40.00    166.00      0.00  77896.00   1356.00      0.00

14:21:43    kbmemfree   kbavail kbmemused  %memused kbbuffers  kbcached  kbcommit   %commit  kbactive   kbinact   kbdirty
14:21:45       253276    585100   1194132     58.81         8    453620   2125300    104.66   1165016    421900       696

14:21:45        CPU     %user     %nice   %system   %iowait    %steal     %idle
14:21:47        all     75.80      0.00     17.89      0.00      6.31      0.00

14:21:45          tps      rtps      wtps      dtps   bread/s   bwrtn/s   bdscd/s
14:21:47       287.50     84.50    203.00      0.00  60728.00   6676.00      0.00

14:21:45    kbmemfree   kbavail kbmemused  %memused kbbuffers  kbcached  kbcommit   %commit  kbactive   kbinact   kbdirty
14:21:47       630216    608916   1195556     58.88         8     76436   2125300    104.66   1160708     48976       688

14:21:47        CPU     %user     %nice   %system   %iowait    %steal     %idle
14:21:49        all     79.77      0.00     15.36      0.00      4.87      0.00

14:21:47          tps      rtps      wtps      dtps   bread/s   bwrtn/s   bdscd/s
14:21:49       200.00     49.00    151.00      0.00  78048.00   1220.00      0.00

14:21:47    kbmemfree   kbavail kbmemused  %memused kbbuffers  kbcached  kbcommit   %commit  kbactive   kbinact   kbdirty
14:21:49       550248    584236   1195356     58.87         8    156332   2125300    104.66   1161088    128580       708

14:21:49        CPU     %user     %nice   %system   %iowait    %steal     %idle
14:21:51        all     74.63      0.00     19.36      0.00      6.01      0.00

14:21:49          tps      rtps      wtps      dtps   bread/s   bwrtn/s   bdscd/s
14:21:51       207.50     48.00    159.50      0.00  65868.00   2464.00      0.00

14:21:49    kbmemfree   kbavail kbmemused  %memused kbbuffers  kbcached  kbcommit   %commit  kbactive   kbinact   kbdirty
14:21:51      1071600   1170548    608892     29.98         8    221200   2126416    104.72    575700    193336       340

14:21:51        CPU     %user     %nice   %system   %iowait    %steal     %idle
14:21:53        all     72.63      0.00     25.45      0.00      1.92      0.00

14:21:51          tps      rtps      wtps      dtps   bread/s   bwrtn/s   bdscd/s
14:21:53       187.50     72.00    115.50      0.00  66880.00  18916.00      0.00

14:21:51    kbmemfree   kbavail kbmemused  %memused kbbuffers  kbcached  kbcommit   %commit  kbactive   kbinact   kbdirty
14:21:53       473564    585388   1194408     58.82         8    234184   2126416    104.72   1160552    206940    158124

14:21:53        CPU     %user     %nice   %system   %iowait    %steal     %idle
14:21:55        all     82.95      0.00     14.34      0.00      2.71      0.00

14:21:53          tps      rtps      wtps      dtps   bread/s   bwrtn/s   bdscd/s
14:21:55        55.00      7.50     47.50      0.00    216.00  74884.00      0.00

14:21:53    kbmemfree   kbavail kbmemused  %memused kbbuffers  kbcached  kbcommit   %commit  kbactive   kbinact   kbdirty
14:21:55      1256692   1560168    219140     10.79         8    425684   2126832    104.74    187424    398000    148376

14:21:55        CPU     %user     %nice   %system   %iowait    %steal     %idle
14:21:57        all     80.10      0.00     18.85      0.00      1.05      0.00

14:21:55          tps      rtps      wtps      dtps   bread/s   bwrtn/s   bdscd/s
14:21:57        54.00      2.50     51.50      0.00     80.00  72668.00      0.00

14:21:55    kbmemfree   kbavail kbmemused  %memused kbbuffers  kbcached  kbcommit   %commit  kbactive   kbinact   kbdirty
14:21:57      1036248   1400008    379036     18.67         8    485896   2126832    104.74    347220    458148     12216

14:21:57        CPU     %user     %nice   %system   %iowait    %steal     %idle
14:21:59        all     81.93      0.00     14.50      0.00      3.56      0.00

14:21:57          tps      rtps      wtps      dtps   bread/s   bwrtn/s   bdscd/s
14:21:59       102.00      1.50    100.50      0.00     36.00 103416.00      0.00

14:21:57    kbmemfree   kbavail kbmemused  %memused kbbuffers  kbcached  kbcommit   %commit  kbactive   kbinact   kbdirty
14:21:59       828520   1290536    488288     24.05         8    584164   2126832    104.74    457184    555836    110260

14:21:59        CPU     %user     %nice   %system   %iowait    %steal     %idle
14:22:01        all     67.41      0.00     29.18      0.00      3.41      0.00

14:21:59          tps      rtps      wtps      dtps   bread/s   bwrtn/s   bdscd/s
14:22:01       100.98      1.47     99.51      0.00     35.29 175984.31      0.00

14:21:59    kbmemfree   kbavail kbmemused  %memused kbbuffers  kbcached  kbcommit   %commit  kbactive   kbinact   kbdirty
14:22:01       701344   1239276    539804     26.58         8    659800   2126832    104.74    508216    631432      7104

14:22:01        CPU     %user     %nice   %system   %iowait    %steal     %idle
14:22:03        all     67.98      0.00     28.65      0.00      3.37      0.00

14:22:01          tps      rtps      wtps      dtps   bread/s   bwrtn/s   bdscd/s
14:22:03        74.00     13.00     61.00      0.00    416.00 131436.00      0.00

14:22:01    kbmemfree   kbavail kbmemused  %memused kbbuffers  kbcached  kbcommit   %commit  kbactive   kbinact   kbdirty
14:22:03       459296   1151112    627808     30.92         8    813588   2126832    104.74    597212    784344    102860

14:22:03        CPU     %user     %nice   %system   %iowait    %steal     %idle
14:22:05        all     65.37      0.00     28.42      0.00      6.20      0.00

14:22:03          tps      rtps      wtps      dtps   bread/s   bwrtn/s   bdscd/s
14:22:05        50.00      0.00     50.00      0.00      0.00 117116.00      0.00

14:22:03    kbmemfree   kbavail kbmemused  %memused kbbuffers  kbcached  kbcommit   %commit  kbactive   kbinact   kbdirty
14:22:05       241592   1058288    720904     35.50         8    937800   2126832    104.74    690076    908720    107000

14:22:05        CPU     %user     %nice   %system   %iowait    %steal     %idle
14:22:07        all     63.99      0.00     31.19      0.00      4.82      0.00

14:22:05          tps      rtps      wtps      dtps   bread/s   bwrtn/s   bdscd/s
14:22:07        88.50     15.00     73.50      0.00    456.00 157460.00      0.00

14:22:05    kbmemfree   kbavail kbmemused  %memused kbbuffers  kbcached  kbcommit   %commit  kbactive   kbinact   kbdirty
14:22:07        79524    989804    788924     38.85         8   1031544   2126832    104.74    757860   1001296     95084

14:22:07        CPU     %user     %nice   %system   %iowait    %steal     %idle
14:22:09        all     76.65      0.00     18.28      0.00      5.07      0.00

14:22:07          tps      rtps      wtps      dtps   bread/s   bwrtn/s   bdscd/s
14:22:09        23.38      4.98     18.41      0.00   1894.53  44640.80      0.00

14:22:07    kbmemfree   kbavail kbmemused  %memused kbbuffers  kbcached  kbcommit   %commit  kbactive   kbinact   kbdirty
14:22:09        74812    928428    850028     41.86         8    975012   2126832    104.74    816796    944556     79308

14:22:09        CPU     %user     %nice   %system   %iowait    %steal     %idle
14:22:11        all     69.27      0.00     20.70      0.00     10.03      0.00

14:22:09          tps      rtps      wtps      dtps   bread/s   bwrtn/s   bdscd/s
14:22:11        51.46     22.82     28.64      0.00  18345.63  59040.78      0.00

14:22:09    kbmemfree   kbavail kbmemused  %memused kbbuffers  kbcached  kbcommit   %commit  kbactive   kbinact   kbdirty
14:22:11        79792    864020    914860     45.05         8    905360   2126832    104.74    884068    874468     79496

14:22:11        CPU     %user     %nice   %system   %iowait    %steal     %idle
14:22:13        all     46.14      0.00     32.83      1.50     19.53      0.00

14:22:11          tps      rtps      wtps      dtps   bread/s   bwrtn/s   bdscd/s
14:22:13        49.75     35.18     14.57      0.00  24225.13  17861.31      0.00

14:22:11    kbmemfree   kbavail kbmemused  %memused kbbuffers  kbcached  kbcommit   %commit  kbactive   kbinact   kbdirty
14:22:13        70876    849820    929148     45.76         8    899972   2126832    104.74    898672    869024      2400

14:22:13        CPU     %user     %nice   %system   %iowait    %steal     %idle
14:22:15        all     72.33      0.00     25.66      0.00      2.01      0.00

14:22:13          tps      rtps      wtps      dtps   bread/s   bwrtn/s   bdscd/s
14:22:15       266.00     46.50    219.50      0.00  46336.00  89556.00      0.00

14:22:13    kbmemfree   kbavail kbmemused  %memused kbbuffers  kbcached  kbcommit   %commit  kbactive   kbinact   kbdirty
14:22:15        87100    764132   1014300     49.95         8    798644   2126832    104.74    983160    766052       520

14:22:15        CPU     %user     %nice   %system   %iowait    %steal     %idle
14:22:17        all     64.52      0.00     30.93      0.00      4.55      0.00

14:22:15          tps      rtps      wtps      dtps   bread/s   bwrtn/s   bdscd/s
14:22:17       278.50     38.50    240.00      0.00  65588.00   1944.00      0.00

14:22:15    kbmemfree   kbavail kbmemused  %memused kbbuffers  kbcached  kbcommit   %commit  kbactive   kbinact   kbdirty
14:22:17        78600    675940   1102876     54.31         8    718496   2126832    104.74   1069428    686564       876

14:22:17        CPU     %user     %nice   %system   %iowait    %steal     %idle
14:22:19        all     69.40      0.00     25.74      0.13      4.74      0.00

14:22:17          tps      rtps      wtps      dtps   bread/s   bwrtn/s   bdscd/s
14:22:19       271.00     42.50    228.50      0.00  81940.00   1836.00      0.00

14:22:17    kbmemfree   kbavail kbmemused  %memused kbbuffers  kbcached  kbcommit   %commit  kbactive   kbinact   kbdirty
14:22:19        68960    601964   1177200     57.97         8    653668   2126832    104.74   1146660    622540       928

14:22:19        CPU     %user     %nice   %system   %iowait    %steal     %idle
14:22:21        all     73.48      0.00     22.38      0.00      4.14      0.00

14:22:19          tps      rtps      wtps      dtps   bread/s   bwrtn/s   bdscd/s
14:22:21       281.50    101.50    180.00      0.00 107056.00   7544.00      0.00

14:22:19    kbmemfree   kbavail kbmemused  %memused kbbuffers  kbcached  kbcommit   %commit  kbactive   kbinact   kbdirty
14:22:21       580632    583904   1196052     58.90         8    125484   2126832    104.74   1158108    100656       380

14:22:21        CPU     %user     %nice   %system   %iowait    %steal     %idle
14:22:23        all     80.55      0.00     15.81      0.00      3.64      0.00

14:22:21          tps      rtps      wtps      dtps   bread/s   bwrtn/s   bdscd/s
14:22:23       309.00     88.50    220.50      0.00 145128.00   1928.00      0.00

14:22:21    kbmemfree   kbavail kbmemused  %memused kbbuffers  kbcached  kbcommit   %commit  kbactive   kbinact   kbdirty
14:22:23       435632    585072   1194616     58.83         8    271632   2126832    104.74   1159380    245684       800

14:22:23        CPU     %user     %nice   %system   %iowait    %steal     %idle
14:22:25        all     77.48      0.00     16.99      0.00      5.53      0.00

14:22:23          tps      rtps      wtps      dtps   bread/s   bwrtn/s   bdscd/s
14:22:25       285.50     62.50    223.00      0.00 109452.00   2072.00      0.00

14:22:23    kbmemfree   kbavail kbmemused  %memused kbbuffers  kbcached  kbcommit   %commit  kbactive   kbinact   kbdirty
14:22:25       327676    585272   1194408     58.82         8    379492   2126832    104.74   1159676    353300       832

14:22:25        CPU     %user     %nice   %system   %iowait    %steal     %idle
14:22:27        all     82.45      0.00     13.81      0.00      3.74      0.00

14:22:25          tps      rtps      wtps      dtps   bread/s   bwrtn/s   bdscd/s
14:22:27       258.50    104.00    154.50      0.00  83168.00   7760.00      0.00

14:22:25    kbmemfree   kbavail kbmemused  %memused kbbuffers  kbcached  kbcommit   %commit  kbactive   kbinact   kbdirty
14:22:27       632120    608984   1197632     58.98         8     72416   2126832    104.74   1158064     47852       572

14:22:27        CPU     %user     %nice   %system   %iowait    %steal     %idle
14:22:29        all     78.53      0.00     15.68      0.00      5.78      0.00

14:22:27          tps      rtps      wtps      dtps   bread/s   bwrtn/s   bdscd/s
14:22:29       199.56     60.79    138.77      0.00  94093.39   1233.48      0.00

14:22:27    kbmemfree   kbavail kbmemused  %memused kbbuffers  kbcached  kbcommit   %commit  kbactive   kbinact   kbdirty
14:22:29       521680    585020   1194748     58.84         8    185752   2126832    104.74   1159048    160068       868

14:22:29        CPU     %user     %nice   %system   %iowait    %steal     %idle
14:22:31        all     80.05      0.00     16.06      0.00      3.89      0.00

14:22:29          tps      rtps      wtps      dtps   bread/s   bwrtn/s   bdscd/s
14:22:31       222.61     34.67    187.94      0.00  61889.45   1587.94      0.00

14:22:29    kbmemfree   kbavail kbmemused  %memused kbbuffers  kbcached  kbcommit   %commit  kbactive   kbinact   kbdirty
14:22:31       458140    582992   1196632     58.93         8    247184   2126832    104.74   1159440    221076       888

14:22:31        CPU     %user     %nice   %system   %iowait    %steal     %idle
14:22:33        all     89.38      0.00      9.48      0.00      1.14      0.00

14:22:31          tps      rtps      wtps      dtps   bread/s   bwrtn/s   bdscd/s
14:22:33       193.50     65.00    128.50      0.00  54504.00   7144.00      0.00

14:22:31    kbmemfree   kbavail kbmemused  %memused kbbuffers  kbcached  kbcommit   %commit  kbactive   kbinact   kbdirty
14:22:33       399452    581516   1198004     59.00         8    304272   2126832    104.74   1162032    275584       244

14:22:33        CPU     %user     %nice   %system   %iowait    %steal     %idle
14:22:35        all     76.20      0.00     20.88      0.00      2.93      0.00

14:22:33          tps      rtps      wtps      dtps   bread/s   bwrtn/s   bdscd/s
14:22:35       328.50     52.50    276.00      0.00  54936.00   2292.00      0.00

14:22:33    kbmemfree   kbavail kbmemused  %memused kbbuffers  kbcached  kbcommit   %commit  kbactive   kbinact   kbdirty
14:22:35       343472    584908   1194752     58.84         8    363292   2126832    104.74   1162852    333692       896

14:22:35        CPU     %user     %nice   %system   %iowait    %steal     %idle
14:22:37        all     75.52      0.00     19.81      0.00      4.68      0.00

14:22:35          tps      rtps      wtps      dtps   bread/s   bwrtn/s   bdscd/s
14:22:37       323.88     30.85    293.03      0.00  49010.95   2392.04      0.00

14:22:35    kbmemfree   kbavail kbmemused  %memused kbbuffers  kbcached  kbcommit   %commit  kbactive   kbinact   kbdirty
14:22:37       292612    585132   1194192     58.81         8    414344   2126832    104.74   1163084    384700       928

14:22:37        CPU     %user     %nice   %system   %iowait    %steal     %idle
14:22:39        all     81.85      0.00     14.59      0.00      3.55      0.00

14:22:37          tps      rtps      wtps      dtps   bread/s   bwrtn/s   bdscd/s
14:22:39        71.00     25.50     45.50      0.00  45380.00   1924.00      0.00

14:22:37    kbmemfree   kbavail kbmemused  %memused kbbuffers  kbcached  kbcommit   %commit  kbactive   kbinact   kbdirty
14:22:39       627208    608372   1193744     58.79         8     80292   2126832    104.74   1163400     50240     25680

14:22:39        CPU     %user     %nice   %system   %iowait    %steal     %idle
14:22:41        all     72.58      0.00     22.19      0.00      5.23      0.00

14:22:39          tps      rtps      wtps      dtps   bread/s   bwrtn/s   bdscd/s
14:22:41       114.50     24.50     90.00      0.00    772.00  66440.00      0.00

14:22:39    kbmemfree   kbavail kbmemused  %memused kbbuffers  kbcached  kbcommit   %commit  kbactive   kbinact   kbdirty
14:22:41       493600    585248   1194440     58.82         8    213284   2126832    104.74   1164520    182512     28996

14:22:41        CPU     %user     %nice   %system   %iowait    %steal     %idle
14:22:43        all     88.93      0.00      6.42      0.00      4.65      0.00

14:22:41          tps      rtps      wtps      dtps   bread/s   bwrtn/s   bdscd/s
14:22:43        36.50     28.00      8.50      0.00   1108.00  16116.00      0.00

14:22:41    kbmemfree   kbavail kbmemused  %memused kbbuffers  kbcached  kbcommit   %commit  kbactive   kbinact   kbdirty
14:22:43       384700    584952   1194072     58.80         8    322328   2126832    104.74   1164692    290944     12068

14:22:43        CPU     %user     %nice   %system   %iowait    %steal     %idle
14:22:45        all     89.91      0.00      7.57      0.00      2.52      0.00

14:22:43          tps      rtps      wtps      dtps   bread/s   bwrtn/s   bdscd/s
14:22:45         9.50      1.00      8.50      0.00     32.00  15348.00      0.00

14:22:43    kbmemfree   kbavail kbmemused  %memused kbbuffers  kbcached  kbcommit   %commit  kbactive   kbinact   kbdirty
14:22:45      1293284   1579644    199444      9.82         8    408132   2126768    104.73    171380    376928     97976

14:22:45        CPU     %user     %nice   %system   %iowait    %steal     %idle
14:22:47        all     67.13      0.00     27.48      0.00      5.40      0.00

14:22:45          tps      rtps      wtps      dtps   bread/s   bwrtn/s   bdscd/s
14:22:47        33.00      7.00     26.00      0.00   2048.00  53604.00      0.00

14:22:45    kbmemfree   kbavail kbmemused  %memused kbbuffers  kbcached  kbcommit   %commit  kbactive   kbinact   kbdirty
14:22:47      1013700   1270608    508704     25.05         8    378824   2126768    104.73    472536    354400     12328

14:22:47        CPU     %user     %nice   %system   %iowait    %steal     %idle
14:22:49        all     65.40      0.00     27.39      0.00      7.21      0.00

14:22:47          tps      rtps      wtps      dtps   bread/s   bwrtn/s   bdscd/s
14:22:49       114.00     34.00     80.00      0.00   6796.00 164472.00      0.00

14:22:47    kbmemfree   kbavail kbmemused  %memused kbbuffers  kbcached  kbcommit   %commit  kbactive   kbinact   kbdirty
14:22:49       663412   1001412    777904     38.31         8    460052   2126768    104.73    742728    434712     85280

14:22:49        CPU     %user     %nice   %system   %iowait    %steal     %idle
14:22:51        all     60.24      0.00     28.67      0.00     11.10      0.00

14:22:49          tps      rtps      wtps      dtps   bread/s   bwrtn/s   bdscd/s
14:22:51       121.50     10.00    111.50      0.00    320.00 161332.00      0.00

14:22:49    kbmemfree   kbavail kbmemused  %memused kbbuffers  kbcached  kbcommit   %commit  kbactive   kbinact   kbdirty
14:22:51       370348    817664    961884     47.37         8    569040   2126768    104.73    927144    543172     62656

14:22:51        CPU     %user     %nice   %system   %iowait    %steal     %idle
14:22:53        all     75.71      0.00     22.62      0.00      1.67      0.00

14:22:51          tps      rtps      wtps      dtps   bread/s   bwrtn/s   bdscd/s
14:22:53        56.50      1.00     55.50      0.00     20.00  71884.00      0.00

14:22:51    kbmemfree   kbavail kbmemused  %memused kbbuffers  kbcached  kbcommit   %commit  kbactive   kbinact   kbdirty
14:22:53        86404    583964   1195260     58.86         8    619384   2126768    104.73   1159440    593180     36244

14:22:53        CPU     %user     %nice   %system   %iowait    %steal     %idle
14:22:55        all     78.61      0.00     15.67      0.00      5.72      0.00

14:22:53          tps      rtps      wtps      dtps   bread/s   bwrtn/s   bdscd/s
14:22:55        78.00      1.50     76.50      0.00     36.00 164596.00      0.00

14:22:53    kbmemfree   kbavail kbmemused  %memused kbbuffers  kbcached  kbcommit   %commit  kbactive   kbinact   kbdirty
14:22:55        85148    585388   1193980     58.80         8    621920   2126768    104.73   1159868    595552     58436

14:22:55        CPU     %user     %nice   %system   %iowait    %steal     %idle
14:22:57        all     81.83      0.00     14.46      0.00      3.71      0.00

14:22:55          tps      rtps      wtps      dtps   bread/s   bwrtn/s   bdscd/s
14:22:57       152.00      3.00    149.00      0.00     72.00 160696.00      0.00

14:22:55    kbmemfree   kbavail kbmemused  %memused kbbuffers  kbcached  kbcommit   %commit  kbactive   kbinact   kbdirty
14:22:57        78056    585252   1193464     58.77         8    629236   2126768    104.73   1160068    602228     25360

14:22:57        CPU     %user     %nice   %system   %iowait    %steal     %idle
14:22:59        all     71.86      0.00     25.39      0.00      2.75      0.00

14:22:57          tps      rtps      wtps      dtps   bread/s   bwrtn/s   bdscd/s
14:22:59        68.00     13.50     54.50      0.00   4144.00  77312.00      0.00

14:22:57    kbmemfree   kbavail kbmemused  %memused kbbuffers  kbcached  kbcommit   %commit  kbactive   kbinact   kbdirty
14:22:59       334352    948692    830268     40.89         8    735800   2126768    104.73    796616    708764    105272

14:22:59        CPU     %user     %nice   %system   %iowait    %steal     %idle
14:23:01        all     67.66      0.00     28.57      0.00      3.77      0.00

14:22:59          tps      rtps      wtps      dtps   bread/s   bwrtn/s   bdscd/s
14:23:01       297.13     80.86    216.27      0.00  79360.77  63027.75      0.00

14:22:59    kbmemfree   kbavail kbmemused  %memused kbbuffers  kbcached  kbcommit   %commit  kbactive   kbinact   kbdirty
14:23:01       593144    589912   1196724     58.93         8    111944   2126768    104.73   1157592     87592     47156

14:23:01        CPU     %user     %nice   %system   %iowait    %steal     %idle
14:23:03        all     78.37      0.00     14.42      0.00      7.21      0.00

14:23:01          tps      rtps      wtps      dtps   bread/s   bwrtn/s   bdscd/s
14:23:03       176.50     88.00     88.50      0.00  45788.00    712.00      0.00

14:23:01    kbmemfree   kbavail kbmemused  %memused kbbuffers  kbcached  kbcommit   %commit  kbactive   kbinact   kbdirty
14:23:03       538652    583420   1196056     58.90         8    167328   2126768    104.73   1158996    141448     47580

14:23:03        CPU     %user     %nice   %system   %iowait    %steal     %idle
14:23:05        all     72.16      0.00     21.11      0.00      6.73      0.00

14:23:03          tps      rtps      wtps      dtps   bread/s   bwrtn/s   bdscd/s
14:23:05        70.00     35.50     34.50      0.00  45104.00   1292.00      0.00

14:23:03    kbmemfree   kbavail kbmemused  %memused kbbuffers  kbcached  kbcommit   %commit  kbactive   kbinact   kbdirty
14:23:05       500000    583080   1196948     58.94         8    205024   2126768    104.73   1159380    179128      1160

14:23:05        CPU     %user     %nice   %system   %iowait    %steal     %idle
14:23:07        all     54.53      0.00     28.17      0.00     17.30      0.00

14:23:05          tps      rtps      wtps      dtps   bread/s   bwrtn/s   bdscd/s
14:23:07        72.14     18.41     53.73      0.00  32700.50  39677.61      0.00

14:23:05    kbmemfree   kbavail kbmemused  %memused kbbuffers  kbcached  kbcommit   %commit  kbactive   kbinact   kbdirty
14:23:07       463876    584584   1195196     58.86         8    242892   2126768    104.73   1159052    217184       144

14:23:07        CPU     %user     %nice   %system   %iowait    %steal     %idle
14:23:10        all     58.88      0.00     24.20      0.00     16.92      0.00

14:23:07          tps      rtps      wtps      dtps   bread/s   bwrtn/s   bdscd/s
14:23:10        80.16     40.86     39.30      0.00  35813.23   9344.75      0.00

14:23:07    kbmemfree   kbavail kbmemused  %memused kbbuffers  kbcached  kbcommit   %commit  kbactive   kbinact   kbdirty
14:23:10       417372    583056   1196736     58.93         8    287708   2126768    104.73   1161956    259236       340

14:23:10        CPU     %user     %nice   %system   %iowait    %steal     %idle
14:23:12        all     66.73      0.00     25.00      0.00      8.09      0.18

14:23:10          tps      rtps      wtps      dtps   bread/s   bwrtn/s   bdscd/s
14:23:12       130.85     90.43     40.43      0.00  38110.64   1187.23      0.00

14:23:10    kbmemfree   kbavail kbmemused  %memused kbbuffers  kbcached  kbcommit   %commit  kbactive   kbinact   kbdirty
14:23:12       376404    582640   1196816     58.94         8    328440   2126768    104.73   1162404    299364       484

14:23:12        CPU     %user     %nice   %system   %iowait    %steal     %idle
14:23:14        all     71.47      0.00     21.91      0.15      6.47      0.00

14:23:12          tps      rtps      wtps      dtps   bread/s   bwrtn/s   bdscd/s
14:23:14        82.00     33.00     49.00      0.00  49276.00    396.00      0.00

14:23:12    kbmemfree   kbavail kbmemused  %memused kbbuffers  kbcached  kbcommit   %commit  kbactive   kbinact   kbdirty
14:23:14       325464    584032   1195500     58.87         8    380472   2126768    104.73   1162900    351056       796

14:23:14        CPU     %user     %nice   %system   %iowait    %steal     %idle
14:23:16        all     76.29      0.00     19.33      0.00      4.38      0.00

14:23:14          tps      rtps      wtps      dtps   bread/s   bwrtn/s   bdscd/s
14:23:16       190.50     32.00    158.50      0.00  53412.00   6748.00      0.00

14:23:14    kbmemfree   kbavail kbmemused  %memused kbbuffers  kbcached  kbcommit   %commit  kbactive   kbinact   kbdirty
14:23:16       472572    585652   1195136     58.85         8    233676   2126768    104.73   1163776    203088       420

14:23:16        CPU     %user     %nice   %system   %iowait    %steal     %idle
14:23:18        all     74.40      0.00     21.09      0.00      4.51      0.00

14:23:16          tps      rtps      wtps      dtps   bread/s   bwrtn/s   bdscd/s
14:23:18       344.50    185.50    159.00      0.00  77380.00   1296.00      0.00

14:23:16    kbmemfree   kbavail kbmemused  %memused kbbuffers  kbcached  kbcommit   %commit  kbactive   kbinact   kbdirty
14:23:18       592040    589892   1195780     58.89         8    114372   2126768    104.73   1158712     89060       900

14:23:18        CPU     %user     %nice   %system   %iowait    %steal     %idle
14:23:20        all     79.97      0.00     16.56      0.00      3.47      0.00

14:23:18          tps      rtps      wtps      dtps   bread/s   bwrtn/s   bdscd/s
14:23:20       295.00     57.50    237.50      0.00  78052.00   1944.00      0.00

14:23:18    kbmemfree   kbavail kbmemused  %memused kbbuffers  kbcached  kbcommit   %commit  kbactive   kbinact   kbdirty
14:23:20       512404    580308   1199604     59.07         8    190104   2126768    104.73   1159432    164108      1112

14:23:20        CPU     %user     %nice   %system   %iowait    %steal     %idle
14:23:22        all     75.11      0.00     17.74      0.00      7.15      0.00

14:23:20          tps      rtps      wtps      dtps   bread/s   bwrtn/s   bdscd/s
14:23:22       209.00     60.50    148.50      0.00  62380.00   5388.00      0.00

14:23:20    kbmemfree   kbavail kbmemused  %memused kbbuffers  kbcached  kbcommit   %commit  kbactive   kbinact   kbdirty
14:23:22       446472    584912   1195060     58.85         8    260388   2126768    104.73   1162056    231892      1144

14:23:22        CPU     %user     %nice   %system   %iowait    %steal     %idle
14:23:24        all     76.11      0.00     18.55      0.00      5.34      0.00

14:23:22          tps      rtps      wtps      dtps   bread/s   bwrtn/s   bdscd/s
14:23:24       334.00    100.50    233.50      0.00  62116.00   4020.00      0.00

14:23:22    kbmemfree   kbavail kbmemused  %memused kbbuffers  kbcached  kbcommit   %commit  kbactive   kbinact   kbdirty
14:23:24       612452    598560   1199084     59.05         8     90784   2126768    104.73   1158836     65352      1060

14:23:24        CPU     %user     %nice   %system   %iowait    %steal     %idle
14:23:26        all     80.30      0.00     15.40      0.00      4.29      0.00

14:23:24          tps      rtps      wtps      dtps   bread/s   bwrtn/s   bdscd/s
14:23:26       275.00     95.00    180.00      0.00 139576.00   1496.00      0.00

14:23:24    kbmemfree   kbavail kbmemused  %memused kbbuffers  kbcached  kbcommit   %commit  kbactive   kbinact   kbdirty
14:23:26       472192    582276   1197628     58.98         8    232212   2126768    104.73   1159556    206000      1188

14:23:26        CPU     %user     %nice   %system   %iowait    %steal     %idle
14:23:28        all     72.39      0.00     20.17      0.00      7.44      0.00

14:23:26          tps      rtps      wtps      dtps   bread/s   bwrtn/s   bdscd/s
14:23:28       246.50     88.00    158.50      0.00 123776.00   3792.00      0.00

14:23:26    kbmemfree   kbavail kbmemused  %memused kbbuffers  kbcached  kbcommit   %commit  kbactive   kbinact   kbdirty
14:23:28       345024    585120   1194640     58.83         8    362096   2126768    104.73   1160492    334988       956

14:23:28        CPU     %user     %nice   %system   %iowait    %steal     %idle
14:23:30        all     73.36      0.00     21.51      0.00      5.13      0.00

14:23:28          tps      rtps      wtps      dtps   bread/s   bwrtn/s   bdscd/s
14:23:30       191.50     55.00    136.50      0.00  82268.00   4812.00      0.00

14:23:28    kbmemfree   kbavail kbmemused  %memused kbbuffers  kbcached  kbcommit   %commit  kbactive   kbinact   kbdirty
14:23:30       259704    585284   1194320     58.81         8    447548   2126768    104.73   1162792    418160       860

14:23:30        CPU     %user     %nice   %system   %iowait    %steal     %idle
14:23:32        all     75.51      0.00     20.11      0.00      4.38      0.00

14:23:30          tps      rtps      wtps      dtps   bread/s   bwrtn/s   bdscd/s
14:23:32       143.50     29.50    114.00      0.00  45408.00    916.00      0.00

14:23:30    kbmemfree   kbavail kbmemused  %memused kbbuffers  kbcached  kbcommit   %commit  kbactive   kbinact   kbdirty
14:23:32       648404    619088   1193824     58.79         8     59624   2126768    104.73   1163276     29792     12948

14:23:32        CPU     %user     %nice   %system   %iowait    %steal     %idle
14:23:34        all     65.69      0.00     27.91      0.00      6.40      0.00

14:23:32          tps      rtps      wtps      dtps   bread/s   bwrtn/s   bdscd/s
14:23:34       375.50     19.00    356.50      0.00    476.00 277804.00      0.00

14:23:32    kbmemfree   kbavail kbmemused  %memused kbbuffers  kbcached  kbcommit   %commit  kbactive   kbinact   kbdirty
14:23:34       347260    585440   1194148     58.81         8    360364   2126768    104.73   1164520    329112     36840

14:23:34        CPU     %user     %nice   %system   %iowait    %steal     %idle
14:23:36        all     66.71      0.00     29.47      0.00      3.82      0.00

14:23:34          tps      rtps      wtps      dtps   bread/s   bwrtn/s   bdscd/s
14:23:36        92.00     14.00     78.00      0.00    448.00 105444.00      0.00

14:23:34    kbmemfree   kbavail kbmemused  %memused kbbuffers  kbcached  kbcommit   %commit  kbactive   kbinact   kbdirty
14:23:36       158432    585204   1194216     58.81         8    548492   2126768    104.73   1166076    515876     24348

14:23:36        CPU     %user     %nice   %system   %iowait    %steal     %idle
14:23:38        all     69.77      0.00     26.83      0.00      3.40      0.00

14:23:36          tps      rtps      wtps      dtps   bread/s   bwrtn/s   bdscd/s
14:23:38       131.00     18.00    113.00      0.00    504.00 182144.00      0.00

14:23:36    kbmemfree   kbavail kbmemused  %memused kbbuffers  kbcached  kbcommit   %commit  kbactive   kbinact   kbdirty
14:23:38      1399932   1551096    228316     11.24         8    273944   2126672    104.73    192828    248664     81404

14:23:38        CPU     %user     %nice   %system   %iowait    %steal     %idle
14:23:40        all     65.05      0.00     33.33      0.00      1.61      0.00

14:23:38          tps      rtps      wtps      dtps   bread/s   bwrtn/s   bdscd/s
14:23:40       116.42     25.87     90.55      0.00    815.92  83176.12      0.00

14:23:38    kbmemfree   kbavail kbmemused  %memused kbbuffers  kbcached  kbcommit   %commit  kbactive   kbinact   kbdirty
14:23:40      1036592   1405440    374344     18.43         8    490668   2126672    104.73    341708    464432    133720

14:23:40        CPU     %user     %nice   %system   %iowait    %steal     %idle
14:23:42        all     58.29      0.00     37.30      0.00      4.41      0.00

14:23:40          tps      rtps      wtps      dtps   bread/s   bwrtn/s   bdscd/s
14:23:42        69.00      2.50     66.50      0.00     80.00  89748.00      0.00

14:23:40    kbmemfree   kbavail kbmemused  %memused kbbuffers  kbcached  kbcommit   %commit  kbactive   kbinact   kbdirty
14:23:42       814528   1260692    518508     25.53         8    568376   2126672    104.73    485248    541556     78960

14:23:42        CPU     %user     %nice   %system   %iowait    %steal     %idle
14:23:44        all     72.80      0.00     25.76      0.00      1.45      0.00

14:23:42          tps      rtps      wtps      dtps   bread/s   bwrtn/s   bdscd/s
14:23:44       109.50      4.50    105.00      0.00    144.00 199932.00      0.00

14:23:42    kbmemfree   kbavail kbmemused  %memused kbbuffers  kbcached  kbcommit   %commit  kbactive   kbinact   kbdirty
14:23:44       587528   1111860    667228     32.86         8    646320   2126672    104.73    635036    619236     50468

14:23:44        CPU     %user     %nice   %system   %iowait    %steal     %idle
14:23:46        all     67.26      0.00     30.47      0.00      2.28      0.00

14:23:44          tps      rtps      wtps      dtps   bread/s   bwrtn/s   bdscd/s
14:23:46       161.50     52.00    109.50      0.00  53444.00  80260.00      0.00

14:23:44    kbmemfree   kbavail kbmemused  %memused kbbuffers  kbcached  kbcommit   %commit  kbactive   kbinact   kbdirty
14:23:46       437760    593348   1185996     58.40         8    277864   2126672    104.73   1150768    249004     50720

14:23:46        CPU     %user     %nice   %system   %iowait    %steal     %idle
14:23:48        all     76.35      0.00     19.29      0.00      4.36      0.00

14:23:46          tps      rtps      wtps      dtps   bread/s   bwrtn/s   bdscd/s
14:23:48       175.00    115.50     59.50      0.00  73600.00    488.00      0.00

14:23:46    kbmemfree   kbavail kbmemused  %memused kbbuffers  kbcached  kbcommit   %commit  kbactive   kbinact   kbdirty
14:23:48       521396    581388   1198352     59.01         8    182612   2126672    104.73   1158340    157316     51164

14:23:48        CPU     %user     %nice   %system   %iowait    %steal     %idle
14:23:50        all     77.64      0.00     19.06      0.00      3.30      0.00

14:23:48          tps      rtps      wtps      dtps   bread/s   bwrtn/s   bdscd/s
14:23:50       216.50     87.00    129.50      0.00 123240.00   1048.00      0.00

14:23:48    kbmemfree   kbavail kbmemused  %memused kbbuffers  kbcached  kbcommit   %commit  kbactive   kbinact   kbdirty
14:23:50       395264    584568   1195276     58.86         8    311436   2126672    104.73   1159048    285820     51388

14:23:50        CPU     %user     %nice   %system   %iowait    %steal     %idle
14:23:52        all     77.52      0.00     16.86      0.00      5.62      0.00

14:23:50          tps      rtps      wtps      dtps   bread/s   bwrtn/s   bdscd/s
14:23:52       299.50    162.00    137.50      0.00 139404.00  59216.00      0.00

14:23:50    kbmemfree   kbavail kbmemused  %memused kbbuffers  kbcached  kbcommit   %commit  kbactive   kbinact   kbdirty
14:23:52       252364    585356   1194028     58.80         8    455072   2126672    104.73   1162608    425672       232

14:23:52        CPU     %user     %nice   %system   %iowait    %steal     %idle
14:23:54        all     74.03      0.00     16.51      0.00      9.45      0.00

14:23:52          tps      rtps      wtps      dtps   bread/s   bwrtn/s   bdscd/s
14:23:54       196.50     62.00    134.50      0.00 115076.00   1100.00      0.00

14:23:52    kbmemfree   kbavail kbmemused  %memused kbbuffers  kbcached  kbcommit   %commit  kbactive   kbinact   kbdirty
14:23:54       135724    585048   1194476     58.82         8    571120   2126672    104.73   1163524    541060      1092

14:23:54        CPU     %user     %nice   %system   %iowait    %steal     %idle
14:23:56        all     80.45      0.00     15.13      0.00      4.41      0.00

14:23:54          tps      rtps      wtps      dtps   bread/s   bwrtn/s   bdscd/s
14:23:56       227.00     68.50    158.50      0.00  80540.00   1272.00      0.00

14:23:54    kbmemfree   kbavail kbmemused  %memused kbbuffers  kbcached  kbcommit   %commit  kbactive   kbinact   kbdirty
14:23:56        71944    580972   1198556     59.02         8    630500   2126672    104.73   1164164    599948      1220

14:23:56        CPU     %user     %nice   %system   %iowait    %steal     %idle
14:23:58        all     74.39      0.00     22.68      0.00      2.93      0.00

14:23:56          tps      rtps      wtps      dtps   bread/s   bwrtn/s   bdscd/s
14:23:58       279.50    109.00    170.50      0.00  98920.00   7804.00      0.00

14:23:56    kbmemfree   kbavail kbmemused  %memused kbbuffers  kbcached  kbcommit   %commit  kbactive   kbinact   kbdirty
14:23:58      1514752   1487780    322500     15.88         8     65332   2126672    104.73    286672     40792       820

14:23:58        CPU     %user     %nice   %system   %iowait    %steal     %idle
14:24:00        all     77.22      0.00     21.62      0.00      1.16      0.00

14:23:58          tps      rtps      wtps      dtps   bread/s   bwrtn/s   bdscd/s
14:24:00       287.50    100.00    187.50      0.00 152152.00   1528.00      0.00

14:23:58    kbmemfree   kbavail kbmemused  %memused kbbuffers  kbcached  kbcommit   %commit  kbactive   kbinact   kbdirty
14:24:00       945336   1042972    737060     36.30         8    219868   2126672    104.73    702232    194140      1320

14:24:00        CPU     %user     %nice   %system   %iowait    %steal     %idle
14:24:02        all     76.88      0.00     20.26      0.00      2.86      0.00

14:24:00          tps      rtps      wtps      dtps   bread/s   bwrtn/s   bdscd/s
14:24:02       158.50     68.50     90.00      0.00  90672.00    728.00      0.00

14:24:00    kbmemfree   kbavail kbmemused  %memused kbbuffers  kbcached  kbcommit   %commit  kbactive   kbinact   kbdirty
14:24:02       395372    585092   1194532     58.82         8    311972   2126672    104.73   1159676    285472      1340

14:24:02        CPU     %user     %nice   %system   %iowait    %steal     %idle
14:24:04        all     87.85      0.00      8.64      0.00      3.51      0.00

14:24:02          tps      rtps      wtps      dtps   bread/s   bwrtn/s   bdscd/s
14:24:04        58.50     31.50     27.00      0.00  61512.00    812.00      0.00

14:24:02    kbmemfree   kbavail kbmemused  %memused kbbuffers  kbcached  kbcommit   %commit  kbactive   kbinact   kbdirty
14:24:04       333504    585232   1194372     58.82         8    373792   2126672    104.73   1159744    347436      1032

14:24:04        CPU     %user     %nice   %system   %iowait    %steal     %idle
14:24:06        all     81.91      0.00     15.29      0.00      2.79      0.00

14:24:04          tps      rtps      wtps      dtps   bread/s   bwrtn/s   bdscd/s
14:24:06        60.50     37.00     23.50      0.00  49440.00   1944.00      0.00

14:24:04    kbmemfree   kbavail kbmemused  %memused kbbuffers  kbcached  kbcommit   %commit  kbactive   kbinact   kbdirty
14:24:06       880404   1182036    597700     29.43         8    423484   2126748    104.73    564076    397036       300

14:24:06        CPU     %user     %nice   %system   %iowait    %steal     %idle
14:24:08        all     60.61      0.00     32.04      0.00      7.35      0.00

14:24:06          tps      rtps      wtps      dtps   bread/s   bwrtn/s   bdscd/s
14:24:08        67.82     34.16     33.66      0.00  29203.96  32657.43      0.00

14:24:06    kbmemfree   kbavail kbmemused  %memused kbbuffers  kbcached  kbcommit   %commit  kbactive   kbinact   kbdirty
14:24:08       842980    888068    891800     43.92         8    167104   2126748    104.73    858992    139512     91028

14:24:08        CPU     %user     %nice   %system   %iowait    %steal     %idle
14:24:10        all     67.92      0.00     26.81      0.00      5.27      0.00

14:24:08          tps      rtps      wtps      dtps   bread/s   bwrtn/s   bdscd/s
14:24:10        72.00     19.50     52.50      0.00    612.00 119624.00      0.00

14:24:08    kbmemfree   kbavail kbmemused  %memused kbbuffers  kbcached  kbcommit   %commit  kbactive   kbinact   kbdirty
14:24:10       356752    584536   1195072     58.85         8    349484   2126748    104.73   1162272    320636     20576

14:24:10        CPU     %user     %nice   %system   %iowait    %steal     %idle
14:24:12        all     67.68      0.00     26.10      0.00      6.22      0.00

14:24:10          tps      rtps      wtps      dtps   bread/s   bwrtn/s   bdscd/s
14:24:12        37.00      4.50     32.50      0.00    144.00  75936.00      0.00

14:24:10    kbmemfree   kbavail kbmemused  %memused kbbuffers  kbcached  kbcommit   %commit  kbactive   kbinact   kbdirty
14:24:12      1070520   1487480    291888     14.37         8    538548   2126588    104.72    258088    509480    147288

14:24:12        CPU     %user     %nice   %system   %iowait    %steal     %idle
14:24:14        all     79.80      0.00     16.04      0.00      4.17      0.00

14:24:12          tps      rtps      wtps      dtps   bread/s   bwrtn/s   bdscd/s
14:24:14        73.50      4.00     69.50      0.00    128.00 119760.00      0.00

14:24:12    kbmemfree   kbavail kbmemused  %memused kbbuffers  kbcached  kbcommit   %commit  kbactive   kbinact   kbdirty
14:24:14       452596    963836    814980     40.13         8    633060   2126588    104.72    781400    603204     65420

14:24:14        CPU     %user     %nice   %system   %iowait    %steal     %idle
14:24:16        all     77.23      0.00     18.19      0.00      4.58      0.00

14:24:14          tps      rtps      wtps      dtps   bread/s   bwrtn/s   bdscd/s
14:24:16        88.00      1.00     87.00      0.00      8.00  61928.00      0.00

14:24:14    kbmemfree   kbavail kbmemused  %memused kbbuffers  kbcached  kbcommit   %commit  kbactive   kbinact   kbdirty
14:24:16        80200    583592   1195424     58.87         8    624804   2126588    104.72   1163084    595332     48020

14:24:16        CPU     %user     %nice   %system   %iowait    %steal     %idle
14:24:18        all     90.74      0.00      6.26      0.00      3.00      0.00

14:24:16          tps      rtps      wtps      dtps   bread/s   bwrtn/s   bdscd/s
14:24:18        89.00      0.00     89.00      0.00      0.00 148144.00      0.00

14:24:16    kbmemfree   kbavail kbmemused  %memused kbbuffers  kbcached  kbcommit   %commit  kbactive   kbinact   kbdirty
14:24:18        80104    582328   1196396     58.92         8    623864   2126588    104.72   1163244    593876     46624

14:24:18        CPU     %user     %nice   %system   %iowait    %steal     %idle
14:24:20        all     78.66      0.00     16.79      0.00      4.55      0.00

14:24:18          tps      rtps      wtps      dtps   bread/s   bwrtn/s   bdscd/s
14:24:20       169.50     69.50    100.00      0.00   3600.00 211104.00      0.00

14:24:18    kbmemfree   kbavail kbmemused  %memused kbbuffers  kbcached  kbcommit   %commit  kbactive   kbinact   kbdirty
14:24:20       494072    582096   1197588     58.98         8    210448   2126588    104.72   1156812    187024     41576

14:24:20        CPU     %user     %nice   %system   %iowait    %steal     %idle
14:24:22        all     89.22      0.00      6.88      0.00      3.90      0.00

14:24:20          tps      rtps      wtps      dtps   bread/s   bwrtn/s   bdscd/s
14:24:22        64.00      9.00     55.00      0.00    252.00  38428.00      0.00

14:24:20    kbmemfree   kbavail kbmemused  %memused kbbuffers  kbcached  kbcommit   %commit  kbactive   kbinact   kbdirty
14:24:22       403980    582016   1197612     58.98         8    300324   2126588    104.72   1157240    276372     68768

14:24:22        CPU     %user     %nice   %system   %iowait    %steal     %idle
14:24:24        all     76.11      0.00     18.33      0.00      5.56      0.00

14:24:22          tps      rtps      wtps      dtps   bread/s   bwrtn/s   bdscd/s
14:24:24       197.00     36.50    160.50      0.00  37000.00 212328.00      0.00

14:24:22    kbmemfree   kbavail kbmemused  %memused kbbuffers  kbcached  kbcommit   %commit  kbactive   kbinact   kbdirty
14:24:24      1243564   1523096    256564     12.63         8    401724   2257664    111.18    218872    377320     27288

14:24:24        CPU     %user     %nice   %system   %iowait    %steal     %idle
14:24:26        all     66.89      0.00     26.73      0.00      6.38      0.00

14:24:24          tps      rtps      wtps      dtps   bread/s   bwrtn/s   bdscd/s
14:24:26        49.28     27.05     22.22      0.00  50276.33  29553.62      0.00

14:24:24    kbmemfree   kbavail kbmemused  %memused kbbuffers  kbcached  kbcommit   %commit  kbactive   kbinact   kbdirty
14:24:26       699244   1028356    751156     36.99         8    451232   2257664    111.18    713316    426496       292

14:24:26        CPU     %user     %nice   %system   %iowait    %steal     %idle
14:24:28        all     68.19      0.00     26.01      0.00      5.80      0.00

14:24:26          tps      rtps      wtps      dtps   bread/s   bwrtn/s   bdscd/s
14:24:28       161.62     85.86     75.76      0.00  94630.30  13038.38      0.00

14:24:26    kbmemfree   kbavail kbmemused  %memused kbbuffers  kbcached  kbcommit   %commit  kbactive   kbinact   kbdirty
14:24:28       297156    729800   1049648     51.69         8    554604   2257664    111.18   1014700    526804       244

14:24:28        CPU     %user     %nice   %system   %iowait    %steal     %idle
14:24:30        all     84.42      0.00     14.81      0.00      0.77      0.00

14:24:28          tps      rtps      wtps      dtps   bread/s   bwrtn/s   bdscd/s
14:24:30        96.50     91.50      5.00      0.00  61584.00     40.00      0.00

14:24:28    kbmemfree   kbavail kbmemused  %memused kbbuffers  kbcached  kbcommit   %commit  kbactive   kbinact   kbdirty
14:24:30        72416    451240   1328288     65.41         8    500624   2257664    111.18   1293000    472252       528

14:24:30        CPU     %user     %nice   %system   %iowait    %steal     %idle
14:24:32        all     86.53      0.00     11.42      0.00      2.05      0.00

14:24:30          tps      rtps      wtps      dtps   bread/s   bwrtn/s   bdscd/s
14:24:32        83.00     51.50     31.50      0.00  63264.00    252.00      0.00

14:24:30    kbmemfree   kbavail kbmemused  %memused kbbuffers  kbcached  kbcommit   %commit  kbactive   kbinact   kbdirty
14:24:32        89124    450876   1328352     65.41         8    483628   2257664    111.18   1293048    454880       880

14:24:32        CPU     %user     %nice   %system   %iowait    %steal     %idle
14:24:34        all     80.84      0.00     16.62      0.13      2.28      0.13

14:24:32          tps      rtps      wtps      dtps   bread/s   bwrtn/s   bdscd/s
14:24:34       274.50    145.50    129.00      0.00 108764.00   6696.00      0.00

14:24:32    kbmemfree   kbavail kbmemused  %memused kbbuffers  kbcached  kbcommit   %commit  kbactive   kbinact   kbdirty
14:24:34       506864    480344   1329280     65.46         8     66160   2257664    111.18   1287396     42984       384

14:24:34        CPU     %user     %nice   %system   %iowait    %steal     %idle
14:24:36        all     77.92      0.00     16.82      0.00      5.26      0.00

14:24:34          tps      rtps      wtps      dtps   bread/s   bwrtn/s   bdscd/s
14:24:36       300.50    136.50    164.00      0.00 165012.00   1352.00      0.00

14:24:34    kbmemfree   kbavail kbmemused  %memused kbbuffers  kbcached  kbcommit   %commit  kbactive   kbinact   kbdirty
14:24:36       340008    449680   1330244     65.51         8    232108   2257664    111.18   1289448    207108      1264

14:24:36        CPU     %user     %nice   %system   %iowait    %steal     %idle
14:24:38        all     81.23      0.00     16.50      0.00      2.27      0.00

14:24:36          tps      rtps      wtps      dtps   bread/s   bwrtn/s   bdscd/s
14:24:38       346.00     56.50    289.50      0.00  86344.00   2344.00      0.00

14:24:36    kbmemfree   kbavail kbmemused  %memused kbbuffers  kbcached  kbcommit   %commit  kbactive   kbinact   kbdirty
14:24:38       246636    450940   1328800     65.44         8    326508   2257664    111.18   1290352    300628      1460

14:24:38        CPU     %user     %nice   %system   %iowait    %steal     %idle
14:24:40        all     77.90      0.00     18.42      0.00      3.68      0.00

14:24:38          tps      rtps      wtps      dtps   bread/s   bwrtn/s   bdscd/s
14:24:40       330.00    151.00    179.00      0.00  67288.00   9508.00      0.00

14:24:38    kbmemfree   kbavail kbmemused  %memused kbbuffers  kbcached  kbcommit   %commit  kbactive   kbinact   kbdirty
14:24:40       506068    479640   1330064     65.50         8     66172   2257664    111.18   1287440     42948       768

14:24:40        CPU     %user     %nice   %system   %iowait    %steal     %idle
14:24:42        all     76.41      0.00     20.00      0.00      3.59      0.00

14:24:40          tps      rtps      wtps      dtps   bread/s   bwrtn/s   bdscd/s
14:24:42       145.05     75.74     69.31      0.00  77548.51    566.34      0.00

14:24:40    kbmemfree   kbavail kbmemused  %memused kbbuffers  kbcached  kbcommit   %commit  kbactive   kbinact   kbdirty
14:24:42       435348    450376   1329528     65.47         8    137364   2257664    111.18   1288468    113404      1116

14:24:42        CPU     %user     %nice   %system   %iowait    %steal     %idle
14:24:44        all     78.43      0.00     17.20      0.00      4.36      0.00

14:24:42          tps      rtps      wtps      dtps   bread/s   bwrtn/s   bdscd/s
14:24:44       179.40     54.27    125.13      0.00  71127.64   1013.07      0.00

14:24:42    kbmemfree   kbavail kbmemused  %memused kbbuffers  kbcached  kbcommit   %commit  kbactive   kbinact   kbdirty
14:24:44       359540    450628   1328932     65.44         8    213448   2257664    111.18   1289288    188492      1392

14:24:44        CPU     %user     %nice   %system   %iowait    %steal     %idle
14:24:46        all     75.67      0.00     18.69      0.13      5.38      0.13

14:24:44          tps      rtps      wtps      dtps   bread/s   bwrtn/s   bdscd/s
14:24:46       260.50     69.50    191.00      0.00  70048.00   9040.00      0.00

14:24:44    kbmemfree   kbavail kbmemused  %memused kbbuffers  kbcached  kbcommit   %commit  kbactive   kbinact   kbdirty
14:24:46       284076    449772   1330004     65.50         8    287712   2257664    111.18   1292492    259740       636

14:24:46        CPU     %user     %nice   %system   %iowait    %steal     %idle
14:24:48        all     73.68      0.00     20.50      0.00      5.82      0.00

14:24:46          tps      rtps      wtps      dtps   bread/s   bwrtn/s   bdscd/s
14:24:48       195.50     60.50    135.00      0.00 110940.00   1092.00      0.00

14:24:46    kbmemfree   kbavail kbmemused  %memused kbbuffers  kbcached  kbcommit   %commit  kbactive   kbinact   kbdirty
14:24:48       172848    451320   1328144     65.40         8    400464   2257664    111.18   1293004    371836      1080

14:24:48        CPU     %user     %nice   %system   %iowait    %steal     %idle
14:24:50        all     72.18      0.00     23.97      0.00      3.85      0.00

14:24:48          tps      rtps      wtps      dtps   bread/s   bwrtn/s   bdscd/s
14:24:50       332.00     11.50    320.50      0.00   4316.00 206384.00      0.00

14:24:48    kbmemfree   kbavail kbmemused  %memused kbbuffers  kbcached  kbcommit   %commit  kbactive   kbinact   kbdirty
14:24:50       238512    451980   1327676     65.38         8    335556   2257664    111.18   1294328    305728     28868

14:24:50        CPU     %user     %nice   %system   %iowait    %steal     %idle
14:24:52        all     84.49      0.00     12.23      0.00      3.28      0.00

14:24:50          tps      rtps      wtps      dtps   bread/s   bwrtn/s   bdscd/s
14:24:52        94.50      1.00     93.50      0.00      8.00 116868.00      0.00

14:24:50    kbmemfree   kbavail kbmemused  %memused kbbuffers  kbcached  kbcommit   %commit  kbactive   kbinact   kbdirty
14:24:52       108528    451468   1327760     65.39         8    464872   2257664    111.18   1294580    434772     19724

14:24:52        CPU     %user     %nice   %system   %iowait    %steal     %idle
14:24:54        all     78.52      0.00     18.62      0.00      2.86      0.00

14:24:52          tps      rtps      wtps      dtps   bread/s   bwrtn/s   bdscd/s
14:24:54        39.00      0.50     38.50      0.00     16.00  93352.00      0.00

14:24:52    kbmemfree   kbavail kbmemused  %memused kbbuffers  kbcached  kbcommit   %commit  kbactive   kbinact   kbdirty
14:24:54        80096    450580   1328600     65.43         8    492256   2257664    111.18   1294860    461892      3644

14:24:54        CPU     %user     %nice   %system   %iowait    %steal     %idle
14:24:56        all     75.55      0.00     17.40      0.00      7.04      0.00

14:24:54          tps      rtps      wtps      dtps   bread/s   bwrtn/s   bdscd/s
14:24:56        59.00      1.00     58.00      0.00     20.00  73400.00      0.00

14:24:54    kbmemfree   kbavail kbmemused  %memused kbbuffers  kbcached  kbcommit   %commit  kbactive   kbinact   kbdirty
14:24:56        79368    451032   1328056     65.40         8    493352   2257664    111.18   1294764    463104     47508

14:24:56        CPU     %user     %nice   %system   %iowait    %steal     %idle
14:24:58        all     83.59      0.00     13.99      0.00      2.42      0.00

14:24:56          tps      rtps      wtps      dtps   bread/s   bwrtn/s   bdscd/s
14:24:58        76.50      0.00     76.50      0.00      0.00 114512.00      0.00

14:24:56    kbmemfree   kbavail kbmemused  %memused kbbuffers  kbcached  kbcommit   %commit  kbactive   kbinact   kbdirty
14:24:58        80264    451260   1327548     65.38         8    492740   2257664    111.18   1294648    462456     33764

14:24:58        CPU     %user     %nice   %system   %iowait    %steal     %idle
14:25:00        all     64.30      0.00     26.63      0.00      9.07      0.00

14:24:58          tps      rtps      wtps      dtps   bread/s   bwrtn/s   bdscd/s
14:25:00       102.38     17.14     85.24      0.00    537.14 173348.57      0.00

14:24:58    kbmemfree   kbavail kbmemused  %memused kbbuffers  kbcached  kbcommit   %commit  kbactive   kbinact   kbdirty
14:25:00        77296    450672   1328032     65.40         8    494824   2257664    111.18   1294916    464336     33184

14:25:00        CPU     %user     %nice   %system   %iowait    %steal     %idle
14:25:02        all     65.71      0.00     23.31      0.00     10.98      0.00

14:25:00          tps      rtps      wtps      dtps   bread/s   bwrtn/s   bdscd/s
14:25:02        96.48     25.13     71.36      0.00    779.90 130142.71      0.00

14:25:00    kbmemfree   kbavail kbmemused  %memused kbbuffers  kbcached  kbcommit   %commit  kbactive   kbinact   kbdirty
14:25:02        81924    450580   1328400     65.42         8    489776   2257664    111.18   1295176    459300      7152

14:25:02        CPU     %user     %nice   %system   %iowait    %steal     %idle
14:25:04        all     52.39      0.00     28.96      0.00     18.66      0.00

14:25:02          tps      rtps      wtps      dtps   bread/s   bwrtn/s   bdscd/s
14:25:04       125.00     28.50     96.50      0.00    912.00  70132.00      0.00

14:25:02    kbmemfree   kbavail kbmemused  %memused kbbuffers  kbcached  kbcommit   %commit  kbactive   kbinact   kbdirty
14:25:04       448532    450968   1330224     65.51         8    123472   2255408    111.07   1286868    101392      7324

14:25:04        CPU     %user     %nice   %system   %iowait    %steal     %idle
14:25:06        all     84.07      0.00     13.25      0.00      2.68      0.00

14:25:04          tps      rtps      wtps      dtps   bread/s   bwrtn/s   bdscd/s
14:25:06       211.50    153.00     58.50      0.00  58164.00  67692.00      0.00

14:25:04    kbmemfree   kbavail kbmemused  %memused kbbuffers  kbcached  kbcommit   %commit  kbactive   kbinact   kbdirty
14:25:06       379360    449244   1330656     65.53         8    192316   2255408    111.07   1288492    168820      9316

14:25:06        CPU     %user     %nice   %system   %iowait    %steal     %idle
14:25:08        all     55.78      0.00     34.70      0.00      9.51      0.00

14:25:06          tps      rtps      wtps      dtps   bread/s   bwrtn/s   bdscd/s
14:25:08       115.16    111.48      3.69      0.00  29167.21     32.79      0.00

14:25:06    kbmemfree   kbavail kbmemused  %memused kbbuffers  kbcached  kbcommit   %commit  kbactive   kbinact   kbdirty
14:25:08       351228    449580   1330084     65.50         8    220852   2255408    111.07   1289532    196404      9416

14:25:08        CPU     %user     %nice   %system   %iowait    %steal     %idle
14:25:10        all     67.52      0.00     24.77      0.15      7.55      0.00

14:25:08          tps      rtps      wtps      dtps   bread/s   bwrtn/s   bdscd/s
14:25:10        95.50     72.00     23.50      0.00  30804.00   8680.00      0.00

14:25:08    kbmemfree   kbavail kbmemused  %memused kbbuffers  kbcached  kbcommit   %commit  kbactive   kbinact   kbdirty
14:25:10       306256    449488   1329772     65.48         8    266216   2255408    111.07   1290136    240636       940

14:25:10        CPU     %user     %nice   %system   %iowait    %steal     %idle
14:25:12        all     69.35      0.00     24.40      0.00      6.25      0.00

14:25:10          tps      rtps      wtps      dtps   bread/s   bwrtn/s   bdscd/s
14:25:12       181.41     76.88    104.52      0.00  47610.05   8020.10      0.00

14:25:10    kbmemfree   kbavail kbmemused  %memused kbbuffers  kbcached  kbcommit   %commit  kbactive   kbinact   kbdirty
14:25:12       262776    448656   1331200     65.55         8    308252   2255408    111.07   1293096    279488        72

14:25:12        CPU     %user     %nice   %system   %iowait    %steal     %idle
14:25:14        all     75.90      0.00     19.33      0.00      4.77      0.00

14:25:12          tps      rtps      wtps      dtps   bread/s   bwrtn/s   bdscd/s
14:25:14       182.00    107.50     74.50      0.00  71724.00    724.00      0.00

14:25:12    kbmemfree   kbavail kbmemused  %memused kbbuffers  kbcached  kbcommit   %commit  kbactive   kbinact   kbdirty
14:25:14       458584    456780   1328376     65.42         8    115444   2255408    111.07   1288416     91392      1232

14:25:14        CPU     %user     %nice   %system   %iowait    %steal     %idle
14:25:16        all     70.88      0.00     20.69      0.00      8.43      0.00

14:25:14          tps      rtps      wtps      dtps   bread/s   bwrtn/s   bdscd/s
14:25:16       243.00     80.50    162.50      0.00 117180.00   1480.00      0.00

14:25:14    kbmemfree   kbavail kbmemused  %memused kbbuffers  kbcached  kbcommit   %commit  kbactive   kbinact   kbdirty
14:25:16       334264    448128   1331320     65.56         8    236428   2255408    111.07   1289444    211256      1464

14:25:16        CPU     %user     %nice   %system   %iowait    %steal     %idle
14:25:18        all     74.27      0.00     21.56      0.00      4.16      0.00

14:25:16          tps      rtps      wtps      dtps   bread/s   bwrtn/s   bdscd/s
14:25:18       592.50    123.00    469.50      0.00 165140.00  10564.00      0.00

14:25:16    kbmemfree   kbavail kbmemused  %memused kbbuffers  kbcached  kbcommit   %commit  kbactive   kbinact   kbdirty
14:25:18       164804    451664   1328024     65.40         8    408800   2255408    111.07   1292340    381092      1064

14:25:18        CPU     %user     %nice   %system   %iowait    %steal     %idle
14:25:20        all     79.07      0.00     19.17      0.00      1.75      0.00

14:25:18          tps      rtps      wtps      dtps   bread/s   bwrtn/s   bdscd/s
14:25:20       501.00    112.00    389.00      0.00 151876.00   3220.00      0.00

14:25:18    kbmemfree   kbavail kbmemused  %memused kbbuffers  kbcached  kbcommit   %commit  kbactive   kbinact   kbdirty
14:25:20        82772    450256   1329000     65.45         8    489392   2255408    111.07   1293752    460024      1540

Average:        CPU     %user     %nice   %system   %iowait    %steal     %idle
Average:        all     72.85      0.00     20.92      0.10      4.91      1.23

Average:          tps      rtps      wtps      dtps   bread/s   bwrtn/s   bdscd/s
Average:       170.39     48.28    122.11      0.00  47093.94  51010.23      0.00

Average:    kbmemfree   kbavail kbmemused  %memused kbbuffers  kbcached  kbcommit   %commit  kbactive   kbinact   kbdirty
Average:       470903    734688   1047086     51.56         8    383463   2138811    105.33   1013128    355026     26794
