Linux 5.4.0-86-generic (flexran) 	12/13/21 	_x86_64_	(4 CPU)

16:02:55        CPU     %user     %nice   %system   %iowait    %steal     %idle
16:02:57        all     58.27      0.00     31.91      0.00      9.82      0.00

16:02:55          tps      rtps      wtps      dtps   bread/s   bwrtn/s   bdscd/s
16:02:57        23.00      0.00     23.00      0.00      0.00  53320.00      0.00

16:02:55    kbmemfree   kbavail kbmemused  %memused kbbuffers  kbcached  kbcommit   %commit  kbactive   kbinact   kbdirty
16:02:57       388972   1136540    637516     31.39         8    867032   2222056    109.43    731184    711284     83464

16:02:57        CPU     %user     %nice   %system   %iowait    %steal     %idle
16:02:59        all     69.46      0.00     23.45      0.00      7.09      0.00

16:02:57          tps      rtps      wtps      dtps   bread/s   bwrtn/s   bdscd/s
16:02:59        54.00      0.00     54.00      0.00      0.00 129780.00      0.00

16:02:57    kbmemfree   kbavail kbmemused  %memused kbbuffers  kbcached  kbcommit   %commit  kbactive   kbinact   kbdirty
16:02:59        93844    939120    834768     41.11         8    964588   2222056    109.43    927632    808896     71392

16:02:59        CPU     %user     %nice   %system   %iowait    %steal     %idle
16:03:01        all     65.42      0.00     31.36      0.00      3.21      0.00

16:02:59          tps      rtps      wtps      dtps   bread/s   bwrtn/s   bdscd/s
16:03:01        58.21      0.00     58.21      0.00      0.00 143056.72      0.00

16:02:59    kbmemfree   kbavail kbmemused  %memused kbbuffers  kbcached  kbcommit   %commit  kbactive   kbinact   kbdirty
16:03:01        80136    724068   1049916     51.70         8    763304   2222056    109.43   1104040    646860     21312

16:03:01        CPU     %user     %nice   %system   %iowait    %steal     %idle
16:03:03        all     59.76      0.00     35.80      0.00      4.44      0.00

16:03:01          tps      rtps      wtps      dtps   bread/s   bwrtn/s   bdscd/s
16:03:03       120.00      1.00    119.00      0.00     84.00 218592.00      0.00

16:03:01    kbmemfree   kbavail kbmemused  %memused kbbuffers  kbcached  kbcommit   %commit  kbactive   kbinact   kbdirty
16:03:03        80044    524824   1249744     61.54         8    563844   2222056    109.43   1275500    475988     21896

16:03:03        CPU     %user     %nice   %system   %iowait    %steal     %idle
16:03:05        all     70.86      0.00     22.34      0.00      6.80      0.00

16:03:03          tps      rtps      wtps      dtps   bread/s   bwrtn/s   bdscd/s
16:03:05        92.00      2.50     89.50      0.00   1804.00 187676.00      0.00

16:03:03    kbmemfree   kbavail kbmemused  %memused kbbuffers  kbcached  kbcommit   %commit  kbactive   kbinact   kbdirty
16:03:05        82616    524292   1250088     61.56         8    560608   2220084    109.33   1266052    481832     52316

16:03:05        CPU     %user     %nice   %system   %iowait    %steal     %idle
16:03:07        all     78.72      0.00     15.35      0.00      5.93      0.00

16:03:05          tps      rtps      wtps      dtps   bread/s   bwrtn/s   bdscd/s
16:03:07        50.73     23.41     27.32      0.00  37978.54  53549.27      0.00

16:03:05    kbmemfree   kbavail kbmemused  %memused kbbuffers  kbcached  kbcommit   %commit  kbactive   kbinact   kbdirty
16:03:07        74900    523516   1250892     61.60         8    567624   2220084    109.33   1264788    490028     52532

16:03:07        CPU     %user     %nice   %system   %iowait    %steal     %idle
16:03:09        all     62.20      0.00     23.17      0.00     14.63      0.00

16:03:07          tps      rtps      wtps      dtps   bread/s   bwrtn/s   bdscd/s
16:03:09        79.00     44.00     35.00      0.00  58180.00  25856.00      0.00

16:03:07    kbmemfree   kbavail kbmemused  %memused kbbuffers  kbcached  kbcommit   %commit  kbactive   kbinact   kbdirty
16:03:09        78176    525376   1249220     61.52         8    565988   2220084    109.33   1262504    490880     52628

16:03:09        CPU     %user     %nice   %system   %iowait    %steal     %idle
16:03:11        all     74.58      0.00     22.76      0.00      2.66      0.00

16:03:09          tps      rtps      wtps      dtps   bread/s   bwrtn/s   bdscd/s
16:03:11        74.00     27.00     47.00      0.00  40128.00    408.00      0.00

16:03:09    kbmemfree   kbavail kbmemused  %memused kbbuffers  kbcached  kbcommit   %commit  kbactive   kbinact   kbdirty
16:03:11        68820    523032   1251444     61.63         8    573088   2220084    109.33   1261064    499224     52644

16:03:11        CPU     %user     %nice   %system   %iowait    %steal     %idle
16:03:13        all     80.27      0.00     16.89      0.00      2.84      0.00

16:03:11          tps      rtps      wtps      dtps   bread/s   bwrtn/s   bdscd/s
16:03:13       164.00     46.50    117.50      0.00  84164.00  51976.00      0.00

16:03:11    kbmemfree   kbavail kbmemused  %memused kbbuffers  kbcached  kbcommit   %commit  kbactive   kbinact   kbdirty
16:03:13        74772    522760   1251460     61.63         8    566904   2220084    109.33   1257644    496488      1560

16:03:13        CPU     %user     %nice   %system   %iowait    %steal     %idle
16:03:15        all     70.48      0.00     19.63      0.00      9.89      0.00

16:03:13          tps      rtps      wtps      dtps   bread/s   bwrtn/s   bdscd/s
16:03:15       174.63     62.19    112.44      0.00 103737.31   1006.97      0.00

16:03:13    kbmemfree   kbavail kbmemused  %memused kbbuffers  kbcached  kbcommit   %commit  kbactive   kbinact   kbdirty
16:03:15        84080    522340   1251908     61.65         8    557184   2220084    109.33   1253500    490904      1560

16:03:15        CPU     %user     %nice   %system   %iowait    %steal     %idle
16:03:17        all     78.52      0.00     18.22      0.00      3.27      0.00

16:03:15          tps      rtps      wtps      dtps   bread/s   bwrtn/s   bdscd/s
16:03:17       310.00     68.50    241.50      0.00 126980.00   1992.00      0.00

16:03:15    kbmemfree   kbavail kbmemused  %memused kbbuffers  kbcached  kbcommit   %commit  kbactive   kbinact   kbdirty
16:03:17        79352    525248   1249048     61.51         8    564584   2220084    109.33   1249832    502112      1592

16:03:17        CPU     %user     %nice   %system   %iowait    %steal     %idle
16:03:19        all     76.07      0.00     18.02      0.00      5.91      0.00

16:03:17          tps      rtps      wtps      dtps   bread/s   bwrtn/s   bdscd/s
16:03:19       228.00     51.50    176.50      0.00  69876.00   1428.00      0.00

16:03:17    kbmemfree   kbavail kbmemused  %memused kbbuffers  kbcached  kbcommit   %commit  kbactive   kbinact   kbdirty
16:03:19        93496    523520   1250904     61.60         8    548612   2220084    109.33   1247000    489040      1860

16:03:19        CPU     %user     %nice   %system   %iowait    %steal     %idle
16:03:21        all     73.27      0.00     19.82      0.00      6.91      0.00

16:03:19          tps      rtps      wtps      dtps   bread/s   bwrtn/s   bdscd/s
16:03:21       252.00     67.50    184.50      0.00  82056.00   7500.00      0.00

16:03:19    kbmemfree   kbavail kbmemused  %memused kbbuffers  kbcached  kbcommit   %commit  kbactive   kbinact   kbdirty
16:03:21        79784    523516   1250664     61.59         8    562460   2220084    109.33   1244892    504832       224

16:03:21        CPU     %user     %nice   %system   %iowait    %steal     %idle
16:03:23        all     78.64      0.00     16.88      0.00      4.48      0.00

16:03:21          tps      rtps      wtps      dtps   bread/s   bwrtn/s   bdscd/s
16:03:23       300.50     60.50    240.00      0.00  94236.00   1940.00      0.00

16:03:21    kbmemfree   kbavail kbmemused  %memused kbbuffers  kbcached  kbcommit   %commit  kbactive   kbinact   kbdirty
16:03:23        92544    525116   1248904     61.50         8    551336   2220084    109.33   1241568    496816       304

16:03:23        CPU     %user     %nice   %system   %iowait    %steal     %idle
16:03:25        all     72.40      0.00     19.79      0.00      7.81      0.00

16:03:23          tps      rtps      wtps      dtps   bread/s   bwrtn/s   bdscd/s
16:03:25       321.50     89.00    232.50      0.00 139324.00   1884.00      0.00

16:03:23    kbmemfree   kbavail kbmemused  %memused kbbuffers  kbcached  kbcommit   %commit  kbactive   kbinact   kbdirty
16:03:25        79356    521016   1253112     61.71         8    560224   2222728    109.46   1239064    508856       368

16:03:25        CPU     %user     %nice   %system   %iowait    %steal     %idle
16:03:27        all     71.89      0.00     19.82      0.00      8.29      0.00

16:03:25          tps      rtps      wtps      dtps   bread/s   bwrtn/s   bdscd/s
16:03:27       290.00     98.50    191.50      0.00 163840.00   1548.00      0.00

16:03:25    kbmemfree   kbavail kbmemused  %memused kbbuffers  kbcached  kbcommit   %commit  kbactive   kbinact   kbdirty
16:03:27        77588    523376   1250524     61.58         8    564580   2222728    109.46   1236024    516132       372

16:03:27        CPU     %user     %nice   %system   %iowait    %steal     %idle
16:03:29        all     66.45      0.00     25.75      0.00      7.80      0.00

16:03:27          tps      rtps      wtps      dtps   bread/s   bwrtn/s   bdscd/s
16:03:29       336.50     73.00    263.50      0.00  46940.00 206308.00      0.00

16:03:27    kbmemfree   kbavail kbmemused  %memused kbbuffers  kbcached  kbcommit   %commit  kbactive   kbinact   kbdirty
16:03:29       253128    526056   1248460     61.48         8    392544   2222728    109.46   1235436    344156     29512

16:03:29        CPU     %user     %nice   %system   %iowait    %steal     %idle
16:03:31        all     81.90      0.00     15.53      0.00      2.57      0.00

16:03:29          tps      rtps      wtps      dtps   bread/s   bwrtn/s   bdscd/s
16:03:31        44.00      0.00     44.00      0.00      0.00 102288.00      0.00

16:03:29    kbmemfree   kbavail kbmemused  %memused kbbuffers  kbcached  kbcommit   %commit  kbactive   kbinact   kbdirty
16:03:31        80488    525256   1249232     61.52         8    564092   2222728    109.46   1235680    515648      6736

16:03:31        CPU     %user     %nice   %system   %iowait    %steal     %idle
16:03:33        all     80.24      0.00     15.71      0.00      4.06      0.00

16:03:31          tps      rtps      wtps      dtps   bread/s   bwrtn/s   bdscd/s
16:03:33       119.50      0.50    119.00      0.00      4.00 212920.00      0.00

16:03:31    kbmemfree   kbavail kbmemused  %memused kbbuffers  kbcached  kbcommit   %commit  kbactive   kbinact   kbdirty
16:03:33        80248    524596   1249592     61.54         8    563544   2222728    109.46   1234036    516640     53828

16:03:33        CPU     %user     %nice   %system   %iowait    %steal     %idle
16:03:35        all     79.67      0.00     17.21      0.00      3.12      0.00

16:03:33          tps      rtps      wtps      dtps   bread/s   bwrtn/s   bdscd/s
16:03:35        96.02      0.50     95.52      0.00      3.98 114837.81      0.00

16:03:33    kbmemfree   kbavail kbmemused  %memused kbbuffers  kbcached  kbcommit   %commit  kbactive   kbinact   kbdirty
16:03:35        79140    525080   1249236     61.52         8    564832   2222728    109.46   1233000    519116     42432

16:03:35        CPU     %user     %nice   %system   %iowait    %steal     %idle
16:03:37        all     80.56      0.00     15.37      0.00      4.07      0.00

16:03:35          tps      rtps      wtps      dtps   bread/s   bwrtn/s   bdscd/s
16:03:37        52.26      0.00     52.26      0.00      0.00 115545.73      0.00

16:03:35    kbmemfree   kbavail kbmemused  %memused kbbuffers  kbcached  kbcommit   %commit  kbactive   kbinact   kbdirty
16:03:37        80128    526224   1247760     61.45         8    565000   2222728    109.46   1232236    519900     45556

16:03:37        CPU     %user     %nice   %system   %iowait    %steal     %idle
16:03:39        all     78.45      0.00     16.67      0.00      4.89      0.00

16:03:37          tps      rtps      wtps      dtps   bread/s   bwrtn/s   bdscd/s
16:03:39         5.97      0.00      5.97      0.00      0.00  13412.94      0.00

16:03:37    kbmemfree   kbavail kbmemused  %memused kbbuffers  kbcached  kbcommit   %commit  kbactive   kbinact   kbdirty
16:03:39        81008    525280   1248664     61.49         8    563024   2222728    109.46   1231956    518176     14608

16:03:39        CPU     %user     %nice   %system   %iowait    %steal     %idle
16:03:41        all     77.45      0.00     17.45      0.00      5.10      0.00

16:03:39          tps      rtps      wtps      dtps   bread/s   bwrtn/s   bdscd/s
16:03:41        48.26      0.00     48.26      0.00      0.00 110630.85      0.00

16:03:39    kbmemfree   kbavail kbmemused  %memused kbbuffers  kbcached  kbcommit   %commit  kbactive   kbinact   kbdirty
16:03:41        81276    525852   1247988     61.46         8    563460   2222728    109.46   1231408    519136      7888

16:03:41        CPU     %user     %nice   %system   %iowait    %steal     %idle
16:03:43        all     76.20      0.00     19.75      0.00      4.05      0.00

16:03:41          tps      rtps      wtps      dtps   bread/s   bwrtn/s   bdscd/s
16:03:43       134.33     48.26     86.07      0.00  35327.36 140764.18      0.00

16:03:41    kbmemfree   kbavail kbmemused  %memused kbbuffers  kbcached  kbcommit   %commit  kbactive   kbinact   kbdirty
16:03:43        80044    524240   1249472     61.53         8    563016   2222728    109.46   1231100    518952     14264

16:03:43        CPU     %user     %nice   %system   %iowait    %steal     %idle
16:03:45        all     90.00      0.00      8.33      0.00      1.67      0.00

16:03:43          tps      rtps      wtps      dtps   bread/s   bwrtn/s   bdscd/s
16:03:45        60.56     35.68     24.88      0.00  40142.72  19767.14      0.00

16:03:43    kbmemfree   kbavail kbmemused  %memused kbbuffers  kbcached  kbcommit   %commit  kbactive   kbinact   kbdirty
16:03:45       968188   1434260    339816     16.73         8    584600   2223284    109.49    322616    541228     14532

16:03:45        CPU     %user     %nice   %system   %iowait    %steal     %idle
16:03:47        all     64.09      0.00     30.89      0.00      4.88      0.14

16:03:45          tps      rtps      wtps      dtps   bread/s   bwrtn/s   bdscd/s
16:03:47       178.00     33.50    144.50      0.00  65560.00   7000.00      0.00

16:03:45    kbmemfree   kbavail kbmemused  %memused kbbuffers  kbcached  kbcommit   %commit  kbactive   kbinact   kbdirty
16:03:47       363324    897088    876848     43.18         8    652396   2223284    109.49    856516    608172     12192

16:03:47        CPU     %user     %nice   %system   %iowait    %steal     %idle
16:03:49        all     68.16      0.00     31.46      0.00      0.38      0.00

16:03:47          tps      rtps      wtps      dtps   bread/s   bwrtn/s   bdscd/s
16:03:49       161.50     38.00    123.50      0.00  69668.00   1016.00      0.00

16:03:47    kbmemfree   kbavail kbmemused  %memused kbbuffers  kbcached  kbcommit   %commit  kbactive   kbinact   kbdirty
16:03:49        74172    521996   1251904     61.65         8    566584   2221312    109.39   1229700    523884     12260

16:03:49        CPU     %user     %nice   %system   %iowait    %steal     %idle
16:03:51        all     71.31      0.00     23.31      0.00      5.38      0.00

16:03:49          tps      rtps      wtps      dtps   bread/s   bwrtn/s   bdscd/s
16:03:51       131.00     56.00     75.00      0.00 110608.00    600.00      0.00

16:03:49    kbmemfree   kbavail kbmemused  %memused kbbuffers  kbcached  kbcommit   %commit  kbactive   kbinact   kbdirty
16:03:51        76424    523384   1250816     61.60         8    565388   2221312    109.39   1229064    523664     12260

16:03:51        CPU     %user     %nice   %system   %iowait    %steal     %idle
16:03:53        all     64.62      0.00     30.33      0.00      5.05      0.00

16:03:51          tps      rtps      wtps      dtps   bread/s   bwrtn/s   bdscd/s
16:03:53       191.00     81.50    109.50      0.00 126992.00    888.00      0.00

16:03:51    kbmemfree   kbavail kbmemused  %memused kbbuffers  kbcached  kbcommit   %commit  kbactive   kbinact   kbdirty
16:03:53       320748    852888    920896     45.35         8    650888   2221720    109.41    901488    609232     12292

16:03:53        CPU     %user     %nice   %system   %iowait    %steal     %idle
16:03:55        all     67.99      0.00     24.21      0.00      7.80      0.00

16:03:53          tps      rtps      wtps      dtps   bread/s   bwrtn/s   bdscd/s
16:03:55       152.00     68.50     83.50      0.00  79852.00  12460.00      0.00

16:03:53    kbmemfree   kbavail kbmemused  %memused kbbuffers  kbcached  kbcommit   %commit  kbactive   kbinact   kbdirty
16:03:55       269864    716808   1057580     52.08         8    565040   2221720    109.41   1033232    525472       384

16:03:55        CPU     %user     %nice   %system   %iowait    %steal     %idle
16:03:57        all     74.87      0.00     19.13      0.00      5.99      0.00

16:03:55          tps      rtps      wtps      dtps   bread/s   bwrtn/s   bdscd/s
16:03:57       220.00     85.00    135.00      0.00  86684.00   1092.00      0.00

16:03:55    kbmemfree   kbavail kbmemused  %memused kbbuffers  kbcached  kbcommit   %commit  kbactive   kbinact   kbdirty
16:03:57       924680   1456924    316872     15.60         8    650896   2221332    109.39    297116    610640       572

16:03:57        CPU     %user     %nice   %system   %iowait    %steal     %idle
16:03:59        all     74.54      0.00     17.55      0.00      7.92      0.00

16:03:57          tps      rtps      wtps      dtps   bread/s   bwrtn/s   bdscd/s
16:03:59       174.00     50.50    123.50      0.00 102404.00   1004.00      0.00

16:03:57    kbmemfree   kbavail kbmemused  %memused kbbuffers  kbcached  kbcommit   %commit  kbactive   kbinact   kbdirty
16:03:59       700556   1340636    433296     21.34         8    758580   2221332    109.39    413048    718280       608

16:03:59        CPU     %user     %nice   %system   %iowait    %steal     %idle
16:04:01        all     77.21      0.00     17.42      0.00      5.37      0.00

16:03:59          tps      rtps      wtps      dtps   bread/s   bwrtn/s   bdscd/s
16:04:01       162.50     42.50    120.00      0.00  86020.00    976.00      0.00

16:03:59    kbmemfree   kbavail kbmemused  %memused kbbuffers  kbcached  kbcommit   %commit  kbactive   kbinact   kbdirty
16:04:01       513336   1236632    537484     26.47         8    841596   2221332    109.39    518052    801120       608

16:04:01        CPU     %user     %nice   %system   %iowait    %steal     %idle
16:04:03        all     68.37      0.00     20.69      0.00     10.94      0.00

16:04:01          tps      rtps      wtps      dtps   bread/s   bwrtn/s   bdscd/s
16:04:03       122.50     37.00     85.50      0.00  73736.00    700.00      0.00

16:04:01    kbmemfree   kbavail kbmemused  %memused kbbuffers  kbcached  kbcommit   %commit  kbactive   kbinact   kbdirty
16:04:03       339976   1138632    635204     31.28         8    917172   2221332    109.39    615492    876440       612

16:04:03        CPU     %user     %nice   %system   %iowait    %steal     %idle
16:04:05        all     75.31      0.00     13.25      0.00     11.44      0.00

16:04:03          tps      rtps      wtps      dtps   bread/s   bwrtn/s   bdscd/s
16:04:05       136.00     48.50     87.50      0.00  98308.00    708.00      0.00

16:04:03    kbmemfree   kbavail kbmemused  %memused kbbuffers  kbcached  kbcommit   %commit  kbactive   kbinact   kbdirty
16:04:05        85456    991296    782608     38.54         8   1024288   2221332    109.39    762992    983328       628

16:04:05        CPU     %user     %nice   %system   %iowait    %steal     %idle
16:04:07        all     63.76      0.00     19.49      0.00     16.75      0.00

16:04:05          tps      rtps      wtps      dtps   bread/s   bwrtn/s   bdscd/s
16:04:07        64.68     28.36     36.32      0.00  44831.84    290.55      0.00

16:04:05    kbmemfree   kbavail kbmemused  %memused kbbuffers  kbcached  kbcommit   %commit  kbactive   kbinact   kbdirty
16:04:07        74480    948112    825860     40.67         8    991908   2221332    109.39    802388    951308       644

16:04:07        CPU     %user     %nice   %system   %iowait    %steal     %idle
16:04:09        all     60.13      0.00     25.47      0.00     14.41      0.00

16:04:07          tps      rtps      wtps      dtps   bread/s   bwrtn/s   bdscd/s
16:04:09        31.68     12.87     18.81      0.00  25794.06    154.46      0.00

16:04:07    kbmemfree   kbavail kbmemused  %memused kbbuffers  kbcached  kbcommit   %commit  kbactive   kbinact   kbdirty
16:04:09       150088    926400    847660     41.74         8    894416   2221332    109.39    827880    851104       648

16:04:09        CPU     %user     %nice   %system   %iowait    %steal     %idle
16:04:11        all     50.97      0.00     33.55      0.00     15.48      0.00

16:04:09          tps      rtps      wtps      dtps   bread/s   bwrtn/s   bdscd/s
16:04:11        39.30      0.50     38.81      0.00      3.98    326.37      0.00

16:04:09    kbmemfree   kbavail kbmemused  %memused kbbuffers  kbcached  kbcommit   %commit  kbactive   kbinact   kbdirty
16:04:11       901300    902676    877324     43.20         8    115220   2221332    109.39    855452     74456     40204

16:04:11        CPU     %user     %nice   %system   %iowait    %steal     %idle
16:04:13        all     54.58      0.00     31.68      0.00     13.74      0.00

16:04:11          tps      rtps      wtps      dtps   bread/s   bwrtn/s   bdscd/s
16:04:13       137.00      1.50    135.50      0.00     12.00  91956.00      0.00

16:04:11    kbmemfree   kbavail kbmemused  %memused kbbuffers  kbcached  kbcommit   %commit  kbactive   kbinact   kbdirty
16:04:13       721192    853232    921688     45.39         8    251240   2221332    109.39    901164    210544     50124

16:04:13        CPU     %user     %nice   %system   %iowait    %steal     %idle
16:04:15        all     58.42      0.00     26.56      0.00     15.02      0.00

16:04:13          tps      rtps      wtps      dtps   bread/s   bwrtn/s   bdscd/s
16:04:15       102.00      0.50    101.50      0.00      4.00 109620.00      0.00

16:04:13    kbmemfree   kbavail kbmemused  %memused kbbuffers  kbcached  kbcommit   %commit  kbactive   kbinact   kbdirty
16:04:15       608456    815860    958776     47.21         8    326936   2221332    109.39    938288    285904     13236

16:04:15        CPU     %user     %nice   %system   %iowait    %steal     %idle
16:04:17        all     63.82      0.00     30.77      0.00      5.41      0.00

16:04:15          tps      rtps      wtps      dtps   bread/s   bwrtn/s   bdscd/s
16:04:17        92.00      1.50     90.50      0.00     12.00  98560.00      0.00

16:04:15    kbmemfree   kbavail kbmemused  %memused kbbuffers  kbcached  kbcommit   %commit  kbactive   kbinact   kbdirty
16:04:17       382184    752156   1022252     50.34         8    489360   2221332    109.39   1004452    445736     30944

16:04:17        CPU     %user     %nice   %system   %iowait    %steal     %idle
16:04:19        all     78.38      0.00     20.42      0.00      1.19      0.00

16:04:17          tps      rtps      wtps      dtps   bread/s   bwrtn/s   bdscd/s
16:04:19        49.50      0.00     49.50      0.00      0.00 115156.00      0.00

16:04:17    kbmemfree   kbavail kbmemused  %memused kbbuffers  kbcached  kbcommit   %commit  kbactive   kbinact   kbdirty
16:04:19       121736    646960   1127436     55.52         8    644128   2221332    109.39   1109796    600624     52432

16:04:19        CPU     %user     %nice   %system   %iowait    %steal     %idle
16:04:21        all     77.86      0.00     17.38      0.00      4.75      0.00

16:04:19          tps      rtps      wtps      dtps   bread/s   bwrtn/s   bdscd/s
16:04:21        11.00      0.00     11.00      0.00      0.00  25160.00      0.00

16:04:19    kbmemfree   kbavail kbmemused  %memused kbbuffers  kbcached  kbcommit   %commit  kbactive   kbinact   kbdirty
16:04:21        80072    545592   1228656     60.51         8    584340   2221332    109.39   1208684    541872     23176

16:04:21        CPU     %user     %nice   %system   %iowait    %steal     %idle
16:04:23        all     75.92      0.00     11.18      0.00     12.89      0.00

16:04:21          tps      rtps      wtps      dtps   bread/s   bwrtn/s   bdscd/s
16:04:23        71.00      0.50     70.50      0.00      4.00 140912.00      0.00

16:04:21    kbmemfree   kbavail kbmemused  %memused kbbuffers  kbcached  kbcommit   %commit  kbactive   kbinact   kbdirty
16:04:23        82044    524796   1249160     61.51         8    561992   2221332    109.39   1229284    519548     51560

16:04:23        CPU     %user     %nice   %system   %iowait    %steal     %idle
16:04:25        all     71.56      0.00     21.56      0.00      6.89      0.00

16:04:23          tps      rtps      wtps      dtps   bread/s   bwrtn/s   bdscd/s
16:04:25        34.50      0.00     34.50      0.00      0.00  31508.00      0.00

16:04:23    kbmemfree   kbavail kbmemused  %memused kbbuffers  kbcached  kbcommit   %commit  kbactive   kbinact   kbdirty
16:04:25        81568    525376   1249048     61.51         8    562480   2221332    109.39   1228088    521564      9548

16:04:25        CPU     %user     %nice   %system   %iowait    %steal     %idle
16:04:27        all     87.45      0.00     11.17      0.00      1.38      0.00

16:04:25          tps      rtps      wtps      dtps   bread/s   bwrtn/s   bdscd/s
16:04:27        17.50      0.00     17.50      0.00      0.00  25356.00      0.00

16:04:25    kbmemfree   kbavail kbmemused  %memused kbbuffers  kbcached  kbcommit   %commit  kbactive   kbinact   kbdirty
16:04:27        81504    525224   1249420     61.53         8    562108   2221332    109.39   1228024    521508     25704

16:04:27        CPU     %user     %nice   %system   %iowait    %steal     %idle
16:04:29        all     76.60      0.00     18.11      0.00      5.28      0.00

16:04:27          tps      rtps      wtps      dtps   bread/s   bwrtn/s   bdscd/s
16:04:29       145.27      3.98    141.29      0.00     83.58 301002.99      0.00

16:04:27    kbmemfree   kbavail kbmemused  %memused kbbuffers  kbcached  kbcommit   %commit  kbactive   kbinact   kbdirty
16:04:29        75692    524788   1249252     61.52         8    567560   2221332    109.39   1226556    528228     36536

16:04:29        CPU     %user     %nice   %system   %iowait    %steal     %idle
16:04:31        all     74.81      0.00     17.30      0.00      7.76      0.13

16:04:29          tps      rtps      wtps      dtps   bread/s   bwrtn/s   bdscd/s
16:04:31       291.00     85.00    206.00      0.00 128736.00 100088.00      0.00

16:04:29    kbmemfree   kbavail kbmemused  %memused kbbuffers  kbcached  kbcommit   %commit  kbactive   kbinact   kbdirty
16:04:31        81944    524296   1249616     61.54         8    560844   2221332    109.39   1225804    522124     22372

16:04:31        CPU     %user     %nice   %system   %iowait    %steal     %idle
16:04:33        all     78.10      0.00     16.13      0.00      5.76      0.00

16:04:31          tps      rtps      wtps      dtps   bread/s   bwrtn/s   bdscd/s
16:04:33       258.50     69.00    189.50      0.00 137308.00   1524.00      0.00

16:04:31    kbmemfree   kbavail kbmemused  %memused kbbuffers  kbcached  kbcommit   %commit  kbactive   kbinact   kbdirty
16:04:33        72856    524048   1250500     61.58         8    569048   2221332    109.39   1225228    531044     22420

16:04:33        CPU     %user     %nice   %system   %iowait    %steal     %idle
16:04:35        all     80.28      0.00     13.91      0.00      5.82      0.00

16:04:33          tps      rtps      wtps      dtps   bread/s   bwrtn/s   bdscd/s
16:04:35       227.50     50.00    177.50      0.00  99596.00   1444.00      0.00

16:04:33    kbmemfree   kbavail kbmemused  %memused kbbuffers  kbcached  kbcommit   %commit  kbactive   kbinact   kbdirty
16:04:35        79928    523884   1250296     61.57         8    562180   2221332    109.39   1224788    524744     22420

16:04:35        CPU     %user     %nice   %system   %iowait    %steal     %idle
16:04:37        all     78.54      0.00     15.76      0.00      5.56      0.13

16:04:35          tps      rtps      wtps      dtps   bread/s   bwrtn/s   bdscd/s
16:04:37       271.50     91.50    180.00      0.00 174860.00  22904.00      0.00

16:04:35    kbmemfree   kbavail kbmemused  %memused kbbuffers  kbcached  kbcommit   %commit  kbactive   kbinact   kbdirty
16:04:37        82416    522768   1251068     61.61         8    558856   2221332    109.39   1223468    522444       896

16:04:37        CPU     %user     %nice   %system   %iowait    %steal     %idle
16:04:39        all     77.55      0.00     16.20      0.00      6.25      0.00

16:04:37          tps      rtps      wtps      dtps   bread/s   bwrtn/s   bdscd/s
16:04:39       291.04     91.04    200.00      0.00 154873.63   1631.84      0.00

16:04:37    kbmemfree   kbavail kbmemused  %memused kbbuffers  kbcached  kbcommit   %commit  kbactive   kbinact   kbdirty
16:04:39        79096    523728   1250508     61.58         8    562752   2221332    109.39   1223196    526988      1040

16:04:39        CPU     %user     %nice   %system   %iowait    %steal     %idle
16:04:41        all     81.09      0.00     14.64      0.00      4.27      0.00

16:04:39          tps      rtps      wtps      dtps   bread/s   bwrtn/s   bdscd/s
16:04:41       134.50     85.50     49.00      0.00 131084.00    404.00      0.00

16:04:39    kbmemfree   kbavail kbmemused  %memused kbbuffers  kbcached  kbcommit   %commit  kbactive   kbinact   kbdirty
16:04:41       949352   1437696    336256     16.56         8    606732   2220992    109.37    311660    571044      1056

16:04:41        CPU     %user     %nice   %system   %iowait    %steal     %idle
16:04:43        all     61.80      0.00     31.03      0.00      7.16      0.00

16:04:41          tps      rtps      wtps      dtps   bread/s   bwrtn/s   bdscd/s
16:04:43       271.00    140.50    130.50      0.00 218808.00   1060.00      0.00

16:04:41    kbmemfree   kbavail kbmemused  %memused kbbuffers  kbcached  kbcommit   %commit  kbactive   kbinact   kbdirty
16:04:43       690124   1096072    677896     33.38         8    524672   2220992    109.37    657000    484212      1056

16:04:43        CPU     %user     %nice   %system   %iowait    %steal     %idle
16:04:45        all     65.74      0.00     29.08      0.00      5.18      0.00

16:04:43          tps      rtps      wtps      dtps   bread/s   bwrtn/s   bdscd/s
16:04:45       241.50      3.00    238.50      0.00     60.00 324312.00      0.00

16:04:43    kbmemfree   kbavail kbmemused  %memused kbbuffers  kbcached  kbcommit   %commit  kbactive   kbinact   kbdirty
16:04:45       124824    525904   1248488     61.48         8    520152   2220992    109.37   1223764    483420     24212

16:04:45        CPU     %user     %nice   %system   %iowait    %steal     %idle
16:04:47        all     75.62      0.00     19.82      0.00      4.56      0.00

16:04:45          tps      rtps      wtps      dtps   bread/s   bwrtn/s   bdscd/s
16:04:47        40.00      2.00     38.00      0.00     40.00  89200.00      0.00

16:04:45    kbmemfree   kbavail kbmemused  %memused kbbuffers  kbcached  kbcommit   %commit  kbactive   kbinact   kbdirty
16:04:47       490160   1047512    726808     35.79         8    676016   2220500    109.35    703016    639476     24900

16:04:47        CPU     %user     %nice   %system   %iowait    %steal     %idle
16:04:49        all     75.29      0.00     19.95      0.00      4.76      0.00

16:04:47          tps      rtps      wtps      dtps   bread/s   bwrtn/s   bdscd/s
16:04:49        98.00      0.50     97.50      0.00      8.00 118052.00      0.00

16:04:47    kbmemfree   kbavail kbmemused  %memused kbbuffers  kbcached  kbcommit   %commit  kbactive   kbinact   kbdirty
16:04:49        79168    525484   1248636     61.49         8    564964   2220500    109.35   1223348    528844     50024

16:04:49        CPU     %user     %nice   %system   %iowait    %steal     %idle
16:04:51        all     83.99      0.00     11.05      0.00      4.96      0.00

16:04:49          tps      rtps      wtps      dtps   bread/s   bwrtn/s   bdscd/s
16:04:51        91.00      1.50     89.50      0.00     24.00 181960.00      0.00

16:04:49    kbmemfree   kbavail kbmemused  %memused kbbuffers  kbcached  kbcommit   %commit  kbactive   kbinact   kbdirty
16:04:51        79368    525528   1248348     61.47         8    564732   2220500    109.35   1223268    528728     53368

16:04:51        CPU     %user     %nice   %system   %iowait    %steal     %idle
16:04:53        all     72.54      0.00     20.49      0.00      6.97      0.00

16:04:51          tps      rtps      wtps      dtps   bread/s   bwrtn/s   bdscd/s
16:04:53       211.00      8.50    202.50      0.00    272.00 301984.00      0.00

16:04:51    kbmemfree   kbavail kbmemused  %memused kbbuffers  kbcached  kbcommit   %commit  kbactive   kbinact   kbdirty
16:04:53        81332    524236   1249696     61.54         8    561164   2220500    109.35   1224428    524032       108

16:04:53        CPU     %user     %nice   %system   %iowait    %steal     %idle
16:04:55        all     75.22      0.00     16.57      0.00      8.21      0.00

16:04:53          tps      rtps      wtps      dtps   bread/s   bwrtn/s   bdscd/s
16:04:55       174.00     39.00    135.00      0.00  65288.00  42560.00      0.00

16:04:53    kbmemfree   kbavail kbmemused  %memused kbbuffers  kbcached  kbcommit   %commit  kbactive   kbinact   kbdirty
16:04:55        84388    524036   1249700     61.54         8    557944   2220500    109.35   1224832    520340       792

16:04:55        CPU     %user     %nice   %system   %iowait    %steal     %idle
16:04:57        all     72.90      0.00     17.89      0.00      9.21      0.00

16:04:55          tps      rtps      wtps      dtps   bread/s   bwrtn/s   bdscd/s
16:04:57       138.00     44.50     93.50      0.00  90116.00    756.00      0.00

16:04:55    kbmemfree   kbavail kbmemused  %memused kbbuffers  kbcached  kbcommit   %commit  kbactive   kbinact   kbdirty
16:04:57        77724    521204   1252704     61.69         8    561604   2220500    109.35   1224732    524240       796

16:04:57        CPU     %user     %nice   %system   %iowait    %steal     %idle
16:04:59        all     74.27      0.00     17.60      0.00      8.13      0.00

16:04:57          tps      rtps      wtps      dtps   bread/s   bwrtn/s   bdscd/s
16:04:59       197.00     43.50    153.50      0.00  86028.00   1248.00      0.00

16:04:57    kbmemfree   kbavail kbmemused  %memused kbbuffers  kbcached  kbcommit   %commit  kbactive   kbinact   kbdirty
16:04:59        75016    521204   1252388     61.67         8    564612   2220500    109.35   1224428    527276       816

16:04:59        CPU     %user     %nice   %system   %iowait    %steal     %idle
16:05:01        all     79.23      0.00     15.13      0.00      5.64      0.00

16:04:59          tps      rtps      wtps      dtps   bread/s   bwrtn/s   bdscd/s
16:05:01       141.79     33.83    107.96      0.00  69285.57    883.58      0.00

16:04:59    kbmemfree   kbavail kbmemused  %memused kbbuffers  kbcached  kbcommit   %commit  kbactive   kbinact   kbdirty
16:05:01        81204    524524   1249256     61.52         8    561540   2220500    109.35   1224480    524316       836

16:05:01        CPU     %user     %nice   %system   %iowait    %steal     %idle
16:05:03        all     72.69      0.00      9.53      0.00     17.78      0.00

16:05:01          tps      rtps      wtps      dtps   bread/s   bwrtn/s   bdscd/s
16:05:03        75.50     72.50      3.00      0.00  66920.00     24.00      0.00

16:05:01    kbmemfree   kbavail kbmemused  %memused kbbuffers  kbcached  kbcommit   %commit  kbactive   kbinact   kbdirty
16:05:03        74456    524036   1249860     61.55         8    567676   2220500    109.35   1225304    530248       888

16:05:03        CPU     %user     %nice   %system   %iowait    %steal     %idle
16:05:05        all     79.84      0.00     14.89      0.00      5.27      0.00

16:05:03          tps      rtps      wtps      dtps   bread/s   bwrtn/s   bdscd/s
16:05:05       225.00    189.50     35.50      0.00 104140.00    336.00      0.00

16:05:03    kbmemfree   kbavail kbmemused  %memused kbbuffers  kbcached  kbcommit   %commit  kbactive   kbinact   kbdirty
16:05:05        83592    520100   1253392     61.72         8    555076   2220500    109.35   1228504    514316       892

16:05:05        CPU     %user     %nice   %system   %iowait    %steal     %idle
16:05:07        all     68.50      0.00     22.83      0.17      8.50      0.00

16:05:05          tps      rtps      wtps      dtps   bread/s   bwrtn/s   bdscd/s
16:05:07       153.50    104.00     49.50      0.00  92324.00    440.00      0.00

16:05:05    kbmemfree   kbavail kbmemused  %memused kbbuffers  kbcached  kbcommit   %commit  kbactive   kbinact   kbdirty
16:05:07        77884    520936   1252808     61.69         8    561504   2220500    109.35   1229608    518860      1248

16:05:07        CPU     %user     %nice   %system   %iowait    %steal     %idle
16:05:09        all     68.56      0.00     19.91      0.00     11.53      0.00

16:05:07          tps      rtps      wtps      dtps   bread/s   bwrtn/s   bdscd/s
16:05:09        86.00     43.50     42.50      0.00  81944.00    368.00      0.00

16:05:07    kbmemfree   kbavail kbmemused  %memused kbbuffers  kbcached  kbcommit   %commit  kbactive   kbinact   kbdirty
16:05:09        79664    524524   1249340     61.52         8    563192   2220500    109.35   1229856    520364      1260

16:05:09        CPU     %user     %nice   %system   %iowait    %steal     %idle
16:05:11        all     67.79      0.00     21.81      0.00     10.40      0.00

16:05:09          tps      rtps      wtps      dtps   bread/s   bwrtn/s   bdscd/s
16:05:11        98.01     43.78     54.23      0.00  81532.34    469.65      0.00

16:05:09    kbmemfree   kbavail kbmemused  %memused kbbuffers  kbcached  kbcommit   %commit  kbactive   kbinact   kbdirty
16:05:11        84200    524472   1249328     61.52         8    558680   2220500    109.35   1229744    515928      1260

16:05:11        CPU     %user     %nice   %system   %iowait    %steal     %idle
16:05:13        all     77.69      0.00     15.43      0.00      6.89      0.00

16:05:11          tps      rtps      wtps      dtps   bread/s   bwrtn/s   bdscd/s
16:05:13       198.00     35.00    163.00      0.00  57660.00   1416.00      0.00

16:05:11    kbmemfree   kbavail kbmemused  %memused kbbuffers  kbcached  kbcommit   %commit  kbactive   kbinact   kbdirty
16:05:13        77124    524256   1249536     61.53         8    565548   2220500    109.35   1229772    522836      1308

16:05:13        CPU     %user     %nice   %system   %iowait    %steal     %idle
16:05:15        all     81.03      0.00     15.70      0.00      3.27      0.00

16:05:13          tps      rtps      wtps      dtps   bread/s   bwrtn/s   bdscd/s
16:05:15       259.50     53.00    206.50      0.00 102236.00   1944.00      0.00

16:05:13    kbmemfree   kbavail kbmemused  %memused kbbuffers  kbcached  kbcommit   %commit  kbactive   kbinact   kbdirty
16:05:15        91948    524392   1249528     61.53         8    550712   2220500    109.35   1230076    507868      1372

16:05:15        CPU     %user     %nice   %system   %iowait    %steal     %idle
16:05:17        all     77.20      0.00     20.47      0.13      2.20      0.00

16:05:15          tps      rtps      wtps      dtps   bread/s   bwrtn/s   bdscd/s
16:05:17       243.00     83.50    159.50      0.00 120916.00   1432.00      0.00

16:05:15    kbmemfree   kbavail kbmemused  %memused kbbuffers  kbcached  kbcommit   %commit  kbactive   kbinact   kbdirty
16:05:17        87760    520112   1253804     61.74         8    550604   2220500    109.35   1229916    507896      1376

16:05:17        CPU     %user     %nice   %system   %iowait    %steal     %idle
16:05:19        all     71.19      0.00     24.77      0.00      4.04      0.00

16:05:17          tps      rtps      wtps      dtps   bread/s   bwrtn/s   bdscd/s
16:05:19       358.00     43.50    314.50      0.00  71916.00  35020.00      0.00

16:05:17    kbmemfree   kbavail kbmemused  %memused kbbuffers  kbcached  kbcommit   %commit  kbactive   kbinact   kbdirty
16:05:19      1362320   1473772    301324     14.84         8    230076   2220524    109.35    284364    187216    123656

16:05:19        CPU     %user     %nice   %system   %iowait    %steal     %idle
16:05:21        all     64.24      0.00     31.34      0.00      4.42      0.00

16:05:19          tps      rtps      wtps      dtps   bread/s   bwrtn/s   bdscd/s
16:05:21       172.50      1.50    171.00      0.00     12.00 214816.00      0.00

16:05:19    kbmemfree   kbavail kbmemused  %memused kbbuffers  kbcached  kbcommit   %commit  kbactive   kbinact   kbdirty
16:05:21       874252   1275264    499024     24.57         8    520416   2220524    109.35    483176    476976    125920

16:05:21        CPU     %user     %nice   %system   %iowait    %steal     %idle
16:05:23        all     67.29      0.00     27.34      0.00      5.37      0.00

16:05:21          tps      rtps      wtps      dtps   bread/s   bwrtn/s   bdscd/s
16:05:23        69.15      1.49     67.66      0.00     11.94 107621.89      0.00

16:05:21    kbmemfree   kbavail kbmemused  %memused kbbuffers  kbcached  kbcommit   %commit  kbactive   kbinact   kbdirty
16:05:23       484232   1031600    742824     36.58         8    666108   2220524    109.35    725960    622972     82472

16:05:23        CPU     %user     %nice   %system   %iowait    %steal     %idle
16:05:25        all     66.01      0.00     26.90      0.00      7.09      0.00

16:05:23          tps      rtps      wtps      dtps   bread/s   bwrtn/s   bdscd/s
16:05:25        93.50     10.50     83.00      0.00    316.00  95908.00      0.00

16:05:23    kbmemfree   kbavail kbmemused  %memused kbbuffers  kbcached  kbcommit   %commit  kbactive   kbinact   kbdirty
16:05:25       115956    760252   1013832     49.93         8    763084   2220524    109.35    997904    718652     69272

16:05:25        CPU     %user     %nice   %system   %iowait    %steal     %idle
16:05:27        all     77.58      0.00     13.48      0.00      8.94      0.00

16:05:25          tps      rtps      wtps      dtps   bread/s   bwrtn/s   bdscd/s
16:05:27        29.50      0.00     29.50      0.00      0.00  63540.00      0.00

16:05:25    kbmemfree   kbavail kbmemused  %memused kbbuffers  kbcached  kbcommit   %commit  kbactive   kbinact   kbdirty
16:05:27        77248    525008   1249076     61.51         8    566328   2220524    109.35   1230812    522768     35984

16:05:27        CPU     %user     %nice   %system   %iowait    %steal     %idle
16:05:29        all     80.27      0.00     14.83      0.00      4.90      0.00

16:05:27          tps      rtps      wtps      dtps   bread/s   bwrtn/s   bdscd/s
16:05:29        64.25      0.00     64.25      0.00      0.00 138570.05      0.00

16:05:27    kbmemfree   kbavail kbmemused  %memused kbbuffers  kbcached  kbcommit   %commit  kbactive   kbinact   kbdirty
16:05:29        77420    524260   1249656     61.54         8    565468   2220524    109.35   1230792    521828     45052

16:05:29        CPU     %user     %nice   %system   %iowait    %steal     %idle
16:05:31        all     66.29      0.00     26.64      0.00      7.07      0.00

16:05:29          tps      rtps      wtps      dtps   bread/s   bwrtn/s   bdscd/s
16:05:31        45.75      0.00     45.75      0.00      0.00  90105.66      0.00

16:05:29    kbmemfree   kbavail kbmemused  %memused kbbuffers  kbcached  kbcommit   %commit  kbactive   kbinact   kbdirty
16:05:31        76984    524648   1249588     61.54         8    565824   2220524    109.35   1230732    522072     27532

16:05:31        CPU     %user     %nice   %system   %iowait    %steal     %idle
16:05:33        all     71.90      0.00     20.05      0.00      8.05      0.00

16:05:31          tps      rtps      wtps      dtps   bread/s   bwrtn/s   bdscd/s
16:05:33        49.75      0.00     49.75      0.00      0.00  93717.77      0.00

16:05:31    kbmemfree   kbavail kbmemused  %memused kbbuffers  kbcached  kbcommit   %commit  kbactive   kbinact   kbdirty
16:05:33        77216    524616   1249088     61.51         8    565920   2220524    109.35   1230800    522124     20480

16:05:33        CPU     %user     %nice   %system   %iowait    %steal     %idle
16:05:35        all     86.89      0.00      8.70      0.00      4.41      0.00

16:05:33          tps      rtps      wtps      dtps   bread/s   bwrtn/s   bdscd/s
16:05:35       103.50     44.00     59.50      0.00  25260.00 113036.00      0.00

16:05:33    kbmemfree   kbavail kbmemused  %memused kbbuffers  kbcached  kbcommit   %commit  kbactive   kbinact   kbdirty
16:05:35        77232    524272   1249628     61.54         8    565292   2220524    109.35   1231088    521436     41128

16:05:35        CPU     %user     %nice   %system   %iowait    %steal     %idle
16:05:37        all     83.63      0.00     14.58      0.00      1.79      0.00

16:05:35          tps      rtps      wtps      dtps   bread/s   bwrtn/s   bdscd/s
16:05:37       342.00    141.50    200.50      0.00  94620.00  56132.00      0.00

16:05:35    kbmemfree   kbavail kbmemused  %memused kbbuffers  kbcached  kbcommit   %commit  kbactive   kbinact   kbdirty
16:05:37        81312    525204   1248904     61.50         8    561920   2220524    109.35   1230940    518396     41616

16:05:37        CPU     %user     %nice   %system   %iowait    %steal     %idle
16:05:39        all     79.01      0.00     17.56      0.00      3.44      0.00

16:05:37          tps      rtps      wtps      dtps   bread/s   bwrtn/s   bdscd/s
16:05:39       278.50     63.50    215.00      0.00  68320.00  41712.00      0.00

16:05:37    kbmemfree   kbavail kbmemused  %memused kbbuffers  kbcached  kbcommit   %commit  kbactive   kbinact   kbdirty
16:05:39        85864    524432   1249488     61.53         8    556816   2220524    109.35   1228776    515228      1708

16:05:39        CPU     %user     %nice   %system   %iowait    %steal     %idle
16:05:41        all     79.49      0.00     18.46      0.00      2.05      0.00

16:05:39          tps      rtps      wtps      dtps   bread/s   bwrtn/s   bdscd/s
16:05:41       128.00    103.00     25.00      0.00  79660.00    200.00      0.00

16:05:39    kbmemfree   kbavail kbmemused  %memused kbbuffers  kbcached  kbcommit   %commit  kbactive   kbinact   kbdirty
16:05:41        77564    524976   1248856     61.50         8    565864   2220524    109.35   1228996    523844      1668

16:05:41        CPU     %user     %nice   %system   %iowait    %steal     %idle
16:05:43        all     82.81      0.00     13.53      0.00      3.67      0.00

16:05:41          tps      rtps      wtps      dtps   bread/s   bwrtn/s   bdscd/s
16:05:43       224.00     36.50    187.50      0.00  65548.00   1528.00      0.00

16:05:41    kbmemfree   kbavail kbmemused  %memused kbbuffers  kbcached  kbcommit   %commit  kbactive   kbinact   kbdirty
16:05:43        75036    524140   1249572     61.54         8    567572   2220524    109.35   1228796    525768      1684

16:05:43        CPU     %user     %nice   %system   %iowait    %steal     %idle
16:05:45        all     76.44      0.00     20.23      0.00      3.33      0.00

16:05:43          tps      rtps      wtps      dtps   bread/s   bwrtn/s   bdscd/s
16:05:45       401.00    115.00    286.00      0.00 151596.00   2320.00      0.00

16:05:43    kbmemfree   kbavail kbmemused  %memused kbbuffers  kbcached  kbcommit   %commit  kbactive   kbinact   kbdirty
16:05:45       941440   1432828    341248     16.80         8    609480   2221044    109.38    322168    568608      1752

16:05:45        CPU     %user     %nice   %system   %iowait    %steal     %idle
16:05:47        all     74.39      0.00     21.88      0.00      3.73      0.00

16:05:45          tps      rtps      wtps      dtps   bread/s   bwrtn/s   bdscd/s
16:05:47       366.50     77.50    289.00      0.00 143592.00   2336.00      0.00

16:05:45    kbmemfree   kbavail kbmemused  %memused kbbuffers  kbcached  kbcommit   %commit  kbactive   kbinact   kbdirty
16:05:47       395340   1031688    742000     36.54         8    754812   2221044    109.38    722724    713512      1768

16:05:47        CPU     %user     %nice   %system   %iowait    %steal     %idle
16:05:49        all     70.97      0.00     24.52      0.00      4.52      0.00

16:05:47          tps      rtps      wtps      dtps   bread/s   bwrtn/s   bdscd/s
16:05:49       294.00     55.50    238.50      0.00 110604.00   1936.00      0.00

16:05:47    kbmemfree   kbavail kbmemused  %memused kbbuffers  kbcached  kbcommit   %commit  kbactive   kbinact   kbdirty
16:05:49        79964    716664   1057176     52.06         8    755012   2221044    109.38   1033164    714168      1788

16:05:49        CPU     %user     %nice   %system   %iowait    %steal     %idle
16:05:51        all     71.32      0.00     25.25      0.00      3.43      0.00

16:05:49          tps      rtps      wtps      dtps   bread/s   bwrtn/s   bdscd/s
16:05:51       268.50     63.00    205.50      0.00 106548.00   1684.00      0.00

16:05:49    kbmemfree   kbavail kbmemused  %memused kbbuffers  kbcached  kbcommit   %commit  kbactive   kbinact   kbdirty
16:05:51        81200    525308   1249048     61.51         8    561888   2221044    109.38   1227000    522196      1844

16:05:51        CPU     %user     %nice   %system   %iowait    %steal     %idle
16:05:53        all     81.32      0.00     14.94      0.00      3.74      0.00

16:05:51          tps      rtps      wtps      dtps   bread/s   bwrtn/s   bdscd/s
16:05:53       165.50     35.50    130.00      0.00  62724.00   1048.00      0.00

16:05:51    kbmemfree   kbavail kbmemused  %memused kbbuffers  kbcached  kbcommit   %commit  kbactive   kbinact   kbdirty
16:05:53        69356    525040   1248904     61.50         8    573880   2221044    109.38   1227076    533920      1884

16:05:53        CPU     %user     %nice   %system   %iowait    %steal     %idle
16:05:55        all     77.56      0.00     17.40      0.00      5.05      0.00

16:05:53          tps      rtps      wtps      dtps   bread/s   bwrtn/s   bdscd/s
16:05:55       271.00     67.50    203.50      0.00  82712.00   1636.00      0.00

16:05:53    kbmemfree   kbavail kbmemused  %memused kbbuffers  kbcached  kbcommit   %commit  kbactive   kbinact   kbdirty
16:05:55        70836    525232   1248804     61.50         8    572496   2221044    109.38   1226560    533240      1900

16:05:55        CPU     %user     %nice   %system   %iowait    %steal     %idle
16:05:57        all     75.58      0.00     20.95      0.00      3.47      0.00

16:05:55          tps      rtps      wtps      dtps   bread/s   bwrtn/s   bdscd/s
16:05:57       275.00     65.50    209.50      0.00  60000.00   1708.00      0.00

16:05:55    kbmemfree   kbavail kbmemused  %memused kbbuffers  kbcached  kbcommit   %commit  kbactive   kbinact   kbdirty
16:05:57       800956   1019872    754528     37.16         8    337304   2221044    109.38    725956    300788      1936

16:05:57        CPU     %user     %nice   %system   %iowait    %steal     %idle
16:05:59        all     59.25      0.00     37.86      0.00      2.89      0.00

16:05:57          tps      rtps      wtps      dtps   bread/s   bwrtn/s   bdscd/s
16:05:59       373.50     16.50    357.00      0.00    452.00   9464.00      0.00

16:05:57    kbmemfree   kbavail kbmemused  %memused kbbuffers  kbcached  kbcommit   %commit  kbactive   kbinact   kbdirty
16:05:59      1347404   1450788    323252     15.92         8    222552   2221044    109.38    302476    183460    132800

16:05:59        CPU     %user     %nice   %system   %iowait    %steal     %idle
16:06:01        all     57.01      0.00     36.83      0.00      6.16      0.00

16:05:59          tps      rtps      wtps      dtps   bread/s   bwrtn/s   bdscd/s
16:06:01       210.50      2.50    208.00      0.00     68.00 159268.00      0.00

16:05:59    kbmemfree   kbavail kbmemused  %memused kbbuffers  kbcached  kbcommit   %commit  kbactive   kbinact   kbdirty
16:06:01       953656   1297168    476900     23.48         8    462492   2221044    109.38    456244    423112     88140

16:06:01        CPU     %user     %nice   %system   %iowait    %steal     %idle
16:06:03        all     62.11      0.00     31.76      0.00      6.13      0.00

16:06:01          tps      rtps      wtps      dtps   bread/s   bwrtn/s   bdscd/s
16:06:03         8.00      0.00      8.00      0.00      0.00  18792.00      0.00

16:06:01    kbmemfree   kbavail kbmemused  %memused kbbuffers  kbcached  kbcommit   %commit  kbactive   kbinact   kbdirty
16:06:03       697560   1120856    653312     32.17         8    542088   2221044    109.38    632608    502968    110456

16:06:03        CPU     %user     %nice   %system   %iowait    %steal     %idle
16:06:05        all     44.27      0.00     21.79      0.00     33.94      0.00

16:06:03          tps      rtps      wtps      dtps   bread/s   bwrtn/s   bdscd/s
16:06:05        15.84      0.00     15.84      0.00      0.00  34681.19      0.00

16:06:03    kbmemfree   kbavail kbmemused  %memused kbbuffers  kbcached  kbcommit   %commit  kbactive   kbinact   kbdirty
16:06:05       580316   1032548    741708     36.53         8    571020   2221044    109.38    720044    531916     73076

16:06:05        CPU     %user     %nice   %system   %iowait    %steal     %idle
16:06:07        all     61.37      0.00     25.81      0.00     12.82      0.00

16:06:05          tps      rtps      wtps      dtps   bread/s   bwrtn/s   bdscd/s
16:06:07        28.86      0.00     28.86      0.00      0.00  65822.89      0.00

16:06:05    kbmemfree   kbavail kbmemused  %memused kbbuffers  kbcached  kbcommit   %commit  kbactive   kbinact   kbdirty
16:06:07       384604    876444    897748     44.21         8    610436   2221044    109.38    876144    571480     39392

16:06:07        CPU     %user     %nice   %system   %iowait    %steal     %idle
16:06:09        all     61.07      0.00     33.88      0.00      5.05      0.00

16:06:07          tps      rtps      wtps      dtps   bread/s   bwrtn/s   bdscd/s
16:06:09        49.00      0.50     48.50      0.00      4.00 113060.00      0.00

16:06:07    kbmemfree   kbavail kbmemused  %memused kbbuffers  kbcached  kbcommit   %commit  kbactive   kbinact   kbdirty
16:06:09        96192    630820   1143184     56.30         8    653284   2221044    109.38   1119940    614320     51460

16:06:09        CPU     %user     %nice   %system   %iowait    %steal     %idle
16:06:11        all     77.73      0.00     20.83      0.00      1.43      0.00

16:06:09          tps      rtps      wtps      dtps   bread/s   bwrtn/s   bdscd/s
16:06:11        16.00      0.00     16.00      0.00      0.00  37204.00      0.00

16:06:09    kbmemfree   kbavail kbmemused  %memused kbbuffers  kbcached  kbcommit   %commit  kbactive   kbinact   kbdirty
16:06:11      1095332   1573128    200852      9.89         8    596180   2221044    109.38    176908    558208     55180

16:06:11        CPU     %user     %nice   %system   %iowait    %steal     %idle
16:06:13        all     76.80      0.00     20.75      0.00      2.45      0.00

16:06:11          tps      rtps      wtps      dtps   bread/s   bwrtn/s   bdscd/s
16:06:13        65.50      0.50     65.00      0.00     16.00 146260.00      0.00

16:06:11    kbmemfree   kbavail kbmemused  %memused kbbuffers  kbcached  kbcommit   %commit  kbactive   kbinact   kbdirty
16:06:13       581548   1142136    631804     31.11         8    679108   2221044    109.38    610016    640932    104936

16:06:13        CPU     %user     %nice   %system   %iowait    %steal     %idle
16:06:15        all     75.29      0.00     18.95      0.00      5.75      0.00

16:06:13          tps      rtps      wtps      dtps   bread/s   bwrtn/s   bdscd/s
16:06:15       116.50      1.00    115.50      0.00     32.00 122984.00      0.00

16:06:13    kbmemfree   kbavail kbmemused  %memused kbbuffers  kbcached  kbcommit   %commit  kbactive   kbinact   kbdirty
16:06:15        71788    733396   1040224     51.23         8    780112   2221044    109.38   1017648    741676     43028

16:06:15        CPU     %user     %nice   %system   %iowait    %steal     %idle
16:06:17        all     74.36      0.00     19.23      0.00      6.41      0.00

16:06:15          tps      rtps      wtps      dtps   bread/s   bwrtn/s   bdscd/s
16:06:17        32.50      0.00     32.50      0.00      0.00  49196.00      0.00

16:06:15    kbmemfree   kbavail kbmemused  %memused kbbuffers  kbcached  kbcommit   %commit  kbactive   kbinact   kbdirty
16:06:17        79516    524260   1249196     61.52         8    563236   2221044    109.38   1224800    525504     16632

16:06:17        CPU     %user     %nice   %system   %iowait    %steal     %idle
16:06:19        all     77.71      0.00     18.14      0.00      4.16      0.00

16:06:17          tps      rtps      wtps      dtps   bread/s   bwrtn/s   bdscd/s
16:06:19       139.00     18.00    121.00      0.00  32560.00 270100.00      0.00

16:06:17    kbmemfree   kbavail kbmemused  %memused kbbuffers  kbcached  kbcommit   %commit  kbactive   kbinact   kbdirty
16:06:19        75360    525164   1248304     61.47         8    568316   2221044    109.38   1224144    530980     15464

16:06:19        CPU     %user     %nice   %system   %iowait    %steal     %idle
16:06:21        all     85.31      0.00     11.60      0.00      2.96      0.13

16:06:19          tps      rtps      wtps      dtps   bread/s   bwrtn/s   bdscd/s
16:06:21        83.00     22.50     60.50      0.00  40992.00  16120.00      0.00

16:06:19    kbmemfree   kbavail kbmemused  %memused kbbuffers  kbcached  kbcommit   %commit  kbactive   kbinact   kbdirty
16:06:21        80608    524336   1249444     61.53         8    561960   2221044    109.38   1224424    524692     15904

16:06:21        CPU     %user     %nice   %system   %iowait    %steal     %idle
16:06:23        all     84.14      0.00     11.17      0.00      4.70      0.00

16:06:21          tps      rtps      wtps      dtps   bread/s   bwrtn/s   bdscd/s
16:06:23       109.50     76.00     33.50      0.00  86044.00  13960.00      0.00

16:06:21    kbmemfree   kbavail kbmemused  %memused kbbuffers  kbcached  kbcommit   %commit  kbactive   kbinact   kbdirty
16:06:23      1027608   1497768    276120     13.60         8    588268   2352424    115.85    253356    551304      2256

16:06:23        CPU     %user     %nice   %system   %iowait    %steal     %idle
16:06:25        all     70.07      0.00     22.68      0.00      7.25      0.00

16:06:23          tps      rtps      wtps      dtps   bread/s   bwrtn/s   bdscd/s
16:06:25       214.93     68.66    146.27      0.00 130431.84   1186.07      0.00

16:06:23    kbmemfree   kbavail kbmemused  %memused kbbuffers  kbcached  kbcommit   %commit  kbactive   kbinact   kbdirty
16:06:25       507748   1101796    672124     33.10         8    712204   2352424    115.85    649468    674924      2412

16:06:25        CPU     %user     %nice   %system   %iowait    %steal     %idle
16:06:27        all     62.14      0.00     30.47      0.00      7.39      0.00

16:06:25          tps      rtps      wtps      dtps   bread/s   bwrtn/s   bdscd/s
16:06:27       270.00     81.50    188.50      0.00 148768.00   1532.00      0.00

16:06:25    kbmemfree   kbavail kbmemused  %memused kbbuffers  kbcached  kbcommit   %commit  kbactive   kbinact   kbdirty
16:06:27        77600    490684   1283124     63.19         8    531316   2352424    115.85   1256480    495796      2416

16:06:27        CPU     %user     %nice   %system   %iowait    %steal     %idle
16:06:29        all     76.42      0.00     20.10      0.00      3.48      0.00

16:06:27          tps      rtps      wtps      dtps   bread/s   bwrtn/s   bdscd/s
16:06:29       299.50    140.00    159.50      0.00 203652.00   1288.00      0.00

16:06:27    kbmemfree   kbavail kbmemused  %memused kbbuffers  kbcached  kbcommit   %commit  kbactive   kbinact   kbdirty
16:06:29        69744    389972   1383772     68.14         8    438464   2352424    115.85   1352872    403824      2512

16:06:29        CPU     %user     %nice   %system   %iowait    %steal     %idle
16:06:31        all     82.01      0.00     14.97      0.00      3.02      0.00

16:06:29          tps      rtps      wtps      dtps   bread/s   bwrtn/s   bdscd/s
16:06:31       323.00     74.00    249.00      0.00 102844.00  10528.00      0.00

16:06:29    kbmemfree   kbavail kbmemused  %memused kbbuffers  kbcached  kbcommit   %commit  kbactive   kbinact   kbdirty
16:06:31        71144    393120   1380412     67.98         8    440344   2352424    115.85   1353952    404508       508

16:06:31        CPU     %user     %nice   %system   %iowait    %steal     %idle
16:06:33        all     78.13      0.00     15.15      0.00      6.72      0.00

16:06:31          tps      rtps      wtps      dtps   bread/s   bwrtn/s   bdscd/s
16:06:33       291.00     38.50    252.50      0.00  73784.00   2048.00      0.00

16:06:31    kbmemfree   kbavail kbmemused  %memused kbbuffers  kbcached  kbcommit   %commit  kbactive   kbinact   kbdirty
16:06:33        81004    393232   1380328     67.97         8    430568   2352424    115.85   1354256    394464      1120

16:06:33        CPU     %user     %nice   %system   %iowait    %steal     %idle
16:06:35        all     76.12      0.00     16.35      0.00      7.54      0.00

16:06:33          tps      rtps      wtps      dtps   bread/s   bwrtn/s   bdscd/s
16:06:35       321.00     99.50    221.50      0.00 131188.00   1928.00      0.00

16:06:33    kbmemfree   kbavail kbmemused  %memused kbbuffers  kbcached  kbcommit   %commit  kbactive   kbinact   kbdirty
16:06:35        79556    391948   1381828     68.05         8    430516   2352424    115.85   1353656    395196      1168

16:06:35        CPU     %user     %nice   %system   %iowait    %steal     %idle
16:06:37        all     75.69      0.00     18.30      0.00      6.01      0.00

16:06:35          tps      rtps      wtps      dtps   bread/s   bwrtn/s   bdscd/s
16:06:37       287.50     51.50    236.00      0.00  97352.00   2004.00      0.00

16:06:35    kbmemfree   kbavail kbmemused  %memused kbbuffers  kbcached  kbcommit   %commit  kbactive   kbinact   kbdirty
16:06:37        82280    394280   1379280     67.92         8    430340   2352424    115.85   1353300    395160      1188

16:06:37        CPU     %user     %nice   %system   %iowait    %steal     %idle
16:06:39        all     82.39      0.00     14.32      0.00      3.29      0.00

16:06:37          tps      rtps      wtps      dtps   bread/s   bwrtn/s   bdscd/s
16:06:39        84.00      2.50     81.50      0.00   1272.00  43068.00      0.00

16:06:37    kbmemfree   kbavail kbmemused  %memused kbbuffers  kbcached  kbcommit   %commit  kbactive   kbinact   kbdirty
16:06:39       296420    393552   1380536     67.98         8    216160   2352424    115.85   1353476    180772     28424

16:06:39        CPU     %user     %nice   %system   %iowait    %steal     %idle
16:06:41        all     84.22      0.00     13.06      0.00      2.72      0.00

16:06:39          tps      rtps      wtps      dtps   bread/s   bwrtn/s   bdscd/s
16:06:41        24.00      0.00     24.00      0.00      0.00  33636.00      0.00

16:06:39    kbmemfree   kbavail kbmemused  %memused kbbuffers  kbcached  kbcommit   %commit  kbactive   kbinact   kbdirty
16:06:41       216164    393228   1380912     68.00         8    296020   2352424    115.85   1354088    260060     23788

16:06:41        CPU     %user     %nice   %system   %iowait    %steal     %idle
16:06:43        all     91.05      0.00      4.04      0.00      4.92      0.00

16:06:41          tps      rtps      wtps      dtps   bread/s   bwrtn/s   bdscd/s
16:06:43        45.00     30.50     14.50      0.00   1092.00  28772.00      0.00

16:06:41    kbmemfree   kbavail kbmemused  %memused kbbuffers  kbcached  kbcommit   %commit  kbactive   kbinact   kbdirty
16:06:43       178584    393240   1380876     68.00         8    333456   2352424    115.85   1354264    297476     19804

16:06:43        CPU     %user     %nice   %system   %iowait    %steal     %idle
16:06:45        all     85.28      0.00      9.94      0.00      4.78      0.00

16:06:43          tps      rtps      wtps      dtps   bread/s   bwrtn/s   bdscd/s
16:06:45        40.00      0.50     39.50      0.00     16.00  81520.00      0.00

16:06:43    kbmemfree   kbavail kbmemused  %memused kbbuffers  kbcached  kbcommit   %commit  kbactive   kbinact   kbdirty
16:06:45       115284    392988   1381012     68.01         8    396636   2352424    115.85   1354476    360220     40928

16:06:45        CPU     %user     %nice   %system   %iowait    %steal     %idle
16:06:47        all     75.43      0.00     19.05      0.00      5.52      0.00

16:06:45          tps      rtps      wtps      dtps   bread/s   bwrtn/s   bdscd/s
16:06:47        54.00      1.00     53.00      0.00     20.00 116572.00      0.00

16:06:45    kbmemfree   kbavail kbmemused  %memused kbbuffers  kbcached  kbcommit   %commit  kbactive   kbinact   kbdirty
16:06:47        79264    393720   1380344     67.98         8    433340   2352424    115.85   1354568    396880     13328

16:06:47        CPU     %user     %nice   %system   %iowait    %steal     %idle
16:06:49        all     77.03      0.00     20.13      0.00      2.84      0.00

16:06:47          tps      rtps      wtps      dtps   bread/s   bwrtn/s   bdscd/s
16:06:49       110.50      1.00    109.50      0.00     20.00 146236.00      0.00

16:06:47    kbmemfree   kbavail kbmemused  %memused kbbuffers  kbcached  kbcommit   %commit  kbactive   kbinact   kbdirty
16:06:49        73204    394096   1380252     67.97         8    439732   2352424    115.85   1354444    403440     35548

16:06:49        CPU     %user     %nice   %system   %iowait    %steal     %idle
16:06:51        all     80.93      0.00     15.43      0.00      3.51      0.13

16:06:49          tps      rtps      wtps      dtps   bread/s   bwrtn/s   bdscd/s
16:06:51       121.50      3.00    118.50      0.00     72.00 220456.00      0.00

16:06:49    kbmemfree   kbavail kbmemused  %memused kbbuffers  kbcached  kbcommit   %commit  kbactive   kbinact   kbdirty
16:06:51        75236    393784   1380276     67.97         8    437268   2352424    115.85   1353028    402348      2408

16:06:51        CPU     %user     %nice   %system   %iowait    %steal     %idle
16:06:53        all     81.30      0.00     15.27      0.00      3.44      0.00

16:06:51          tps      rtps      wtps      dtps   bread/s   bwrtn/s   bdscd/s
16:06:53       215.50      2.00    213.50      0.00     52.00 272712.00      0.00

16:06:51    kbmemfree   kbavail kbmemused  %memused kbbuffers  kbcached  kbcommit   %commit  kbactive   kbinact   kbdirty
16:06:53        68288    393080   1380816     68.00         8    443140   2352424    115.85   1352128    409260      4212

16:06:53        CPU     %user     %nice   %system   %iowait    %steal     %idle
16:06:55        all     85.75      0.00      9.46      0.00      4.79      0.00

16:06:53          tps      rtps      wtps      dtps   bread/s   bwrtn/s   bdscd/s
16:06:55       100.50     33.50     67.00      0.00  65288.00 105220.00      0.00

16:06:53    kbmemfree   kbavail kbmemused  %memused kbbuffers  kbcached  kbcommit   %commit  kbactive   kbinact   kbdirty
16:06:55        69264    393588   1380244     67.97         8    442464   2352424    115.85   1351940    408736      4188

16:06:55        CPU     %user     %nice   %system   %iowait    %steal     %idle
16:06:57        all     88.36      0.00      9.51      0.00      2.13      0.00

16:06:55          tps      rtps      wtps      dtps   bread/s   bwrtn/s   bdscd/s
16:06:57       170.50     24.00    146.50      0.00  43716.00   1320.00      0.00

16:06:55    kbmemfree   kbavail kbmemused  %memused kbbuffers  kbcached  kbcommit   %commit  kbactive   kbinact   kbdirty
16:06:57        77108    393456   1380132     67.96         8    434780   2352424    115.85   1352296    400404      4252

16:06:57        CPU     %user     %nice   %system   %iowait    %steal     %idle
16:06:59        all     84.02      0.00     13.40      0.00      2.58      0.00

16:06:57          tps      rtps      wtps      dtps   bread/s   bwrtn/s   bdscd/s
16:06:59       328.50     70.00    258.50      0.00  77440.00   2208.00      0.00

16:06:57    kbmemfree   kbavail kbmemused  %memused kbbuffers  kbcached  kbcommit   %commit  kbactive   kbinact   kbdirty
16:06:59        76352    394488   1379444     67.93         8    436256   2352424    115.85   1352344    402236      4256

16:06:59        CPU     %user     %nice   %system   %iowait    %steal     %idle
16:07:01        all     82.11      0.00     13.00      0.00      4.89      0.00

16:06:59          tps      rtps      wtps      dtps   bread/s   bwrtn/s   bdscd/s
16:07:01       142.50     65.00     77.50      0.00 108292.00   2064.00      0.00

16:06:59    kbmemfree   kbavail kbmemused  %memused kbbuffers  kbcached  kbcommit   %commit  kbactive   kbinact   kbdirty
16:07:01        68256    393060   1380604     67.99         8    443192   2352424    115.85   1352144    409136      2836

16:07:01        CPU     %user     %nice   %system   %iowait    %steal     %idle
16:07:03        all     72.69      0.00     20.75      0.00      6.56      0.00

16:07:01          tps      rtps      wtps      dtps   bread/s   bwrtn/s   bdscd/s
16:07:03       224.38    103.48    120.90      0.00 127598.01  10129.35      0.00

16:07:01    kbmemfree   kbavail kbmemused  %memused kbbuffers  kbcached  kbcommit   %commit  kbactive   kbinact   kbdirty
16:07:03        75660    393948   1379576     67.94         8    436816   2352424    115.85   1353792    400880       108

16:07:03        CPU     %user     %nice   %system   %iowait    %steal     %idle
16:07:05        all     73.97      0.00     18.46      0.00      7.57      0.00

16:07:03          tps      rtps      wtps      dtps   bread/s   bwrtn/s   bdscd/s
16:07:05       220.90    101.99    118.91      0.00 138762.19    963.18      0.00

16:07:03    kbmemfree   kbavail kbmemused  %memused kbbuffers  kbcached  kbcommit   %commit  kbactive   kbinact   kbdirty
16:07:05        83692    392516   1381244     68.02         8    427148   2352424    115.85   1353624    391676      1044

16:07:05        CPU     %user     %nice   %system   %iowait    %steal     %idle
16:07:07        all     64.57      0.00     20.73      0.00     14.70      0.00

16:07:05          tps      rtps      wtps      dtps   bread/s   bwrtn/s   bdscd/s
16:07:07        48.76     29.35     19.40      0.00  40776.12    155.22      0.00

16:07:05    kbmemfree   kbavail kbmemused  %memused kbbuffers  kbcached  kbcommit   %commit  kbactive   kbinact   kbdirty
16:07:07        70872    392992   1380964     68.01         8    440336   2352424    115.85   1353788    404736      1072

16:07:07        CPU     %user     %nice   %system   %iowait    %steal     %idle
16:07:09        all     61.79      0.00     14.45      0.00     23.76      0.00

16:07:07          tps      rtps      wtps      dtps   bread/s   bwrtn/s   bdscd/s
16:07:09        53.50     36.00     17.50      0.00  57444.00    140.00      0.00

16:07:07    kbmemfree   kbavail kbmemused  %memused kbbuffers  kbcached  kbcommit   %commit  kbactive   kbinact   kbdirty
16:07:09        83552    394088   1379868     67.95         8    428780   2352424    115.85   1353468    393408      1088

16:07:09        CPU     %user     %nice   %system   %iowait    %steal     %idle
16:07:11        all     69.16      0.00     17.84      0.00     13.00      0.00

16:07:09          tps      rtps      wtps      dtps   bread/s   bwrtn/s   bdscd/s
16:07:11       117.50     41.50     76.00      0.00  77928.00    620.00      0.00

16:07:09    kbmemfree   kbavail kbmemused  %memused kbbuffers  kbcached  kbcommit   %commit  kbactive   kbinact   kbdirty
16:07:11        80228    392384   1381584     68.04         8    430300   2352424    115.85   1353212    395420      1156

16:07:11        CPU     %user     %nice   %system   %iowait    %steal     %idle
16:07:13        all     79.79      0.00     17.42      0.00      2.79      0.00

16:07:11          tps      rtps      wtps      dtps   bread/s   bwrtn/s   bdscd/s
16:07:13       272.00     51.00    221.00      0.00  98488.00   1792.00      0.00

16:07:11    kbmemfree   kbavail kbmemused  %memused kbbuffers  kbcached  kbcommit   %commit  kbactive   kbinact   kbdirty
16:07:13        78180    393180   1380816     68.00         8    433116   2352424    115.85   1353296    398148      1300

16:07:13        CPU     %user     %nice   %system   %iowait    %steal     %idle
16:07:15        all     77.76      0.00     17.87      0.00      4.37      0.00

16:07:13          tps      rtps      wtps      dtps   bread/s   bwrtn/s   bdscd/s
16:07:15       317.00    100.50    216.50      0.00 135280.00   1744.00      0.00

16:07:13    kbmemfree   kbavail kbmemused  %memused kbbuffers  kbcached  kbcommit   %commit  kbactive   kbinact   kbdirty
16:07:15        76888    389860   1383932     68.15         8    431292   2352424    115.85   1353140    396308      1364

16:07:15        CPU     %user     %nice   %system   %iowait    %steal     %idle
16:07:17        all     74.56      0.00     19.68      0.13      5.62      0.00

16:07:15          tps      rtps      wtps      dtps   bread/s   bwrtn/s   bdscd/s
16:07:17       285.50     52.50    233.00      0.00  78180.00  96892.00      0.00

16:07:15    kbmemfree   kbavail kbmemused  %memused kbbuffers  kbcached  kbcommit   %commit  kbactive   kbinact   kbdirty
16:07:17       349508    393832   1380648     67.99         8    163220   2352424    115.85   1352900    128532     18032

16:07:17        CPU     %user     %nice   %system   %iowait    %steal     %idle
16:07:19        all     65.25      0.00     27.45      0.00      7.29      0.00

16:07:17          tps      rtps      wtps      dtps   bread/s   bwrtn/s   bdscd/s
16:07:19       220.00      3.50    216.50      0.00     76.00 242124.00      0.00

16:07:17    kbmemfree   kbavail kbmemused  %memused kbbuffers  kbcached  kbcommit   %commit  kbactive   kbinact   kbdirty
16:07:19        83696    394192   1380312     67.97         8    429424   2352424    115.85   1353104    394516     25504

16:07:19        CPU     %user     %nice   %system   %iowait    %steal     %idle
16:07:21        all     64.93      0.00     32.93      0.00      2.13      0.00

16:07:19          tps      rtps      wtps      dtps   bread/s   bwrtn/s   bdscd/s
16:07:21       150.00      1.00    149.00      0.00     20.00 150788.00      0.00

16:07:19    kbmemfree   kbavail kbmemused  %memused kbbuffers  kbcached  kbcommit   %commit  kbactive   kbinact   kbdirty
16:07:21       901928   1446384    327532     16.13         8    663304   2221348    109.39    303004    628160    138352

16:07:21        CPU     %user     %nice   %system   %iowait    %steal     %idle
16:07:23        all     69.50      0.00     29.10      0.00      1.40      0.00

16:07:21          tps      rtps      wtps      dtps   bread/s   bwrtn/s   bdscd/s
16:07:23        95.00      4.00     91.00      0.00    104.00 135896.00      0.00

16:07:21    kbmemfree   kbavail kbmemused  %memused kbbuffers  kbcached  kbcommit   %commit  kbactive   kbinact   kbdirty
16:07:23       497196   1213232    560732     27.61         8    834564   2221348    109.39    535868    799312     94508

16:07:23        CPU     %user     %nice   %system   %iowait    %steal     %idle
16:07:25        all     67.45      0.00     28.48      0.00      4.07      0.00

16:07:23          tps      rtps      wtps      dtps   bread/s   bwrtn/s   bdscd/s
16:07:25        69.15      0.00     69.15      0.00      0.00 159227.86      0.00

16:07:23    kbmemfree   kbavail kbmemused  %memused kbbuffers  kbcached  kbcommit   %commit  kbactive   kbinact   kbdirty
16:07:25        79528    771324   1002524     49.37         8    810088   2221348    109.39    975664    774956     53436

16:07:25        CPU     %user     %nice   %system   %iowait    %steal     %idle
16:07:27        all     63.05      0.00     31.67      0.00      5.28      0.00

16:07:25          tps      rtps      wtps      dtps   bread/s   bwrtn/s   bdscd/s
16:07:27        48.50      0.00     48.50      0.00      0.00 114616.00      0.00

16:07:25    kbmemfree   kbavail kbmemused  %memused kbbuffers  kbcached  kbcommit   %commit  kbactive   kbinact   kbdirty
16:07:27        78956    571576   1202260     59.21         8    610884   2221348    109.39   1174484    576212     30648

16:07:27        CPU     %user     %nice   %system   %iowait    %steal     %idle
16:07:29        all     74.07      0.00     20.28      0.00      5.65      0.00

16:07:27          tps      rtps      wtps      dtps   bread/s   bwrtn/s   bdscd/s
16:07:29        83.50     17.50     66.00      0.00  24324.00 110920.00      0.00

16:07:27    kbmemfree   kbavail kbmemused  %memused kbbuffers  kbcached  kbcommit   %commit  kbactive   kbinact   kbdirty
16:07:29        74200    524880   1248936     61.50         8    568740   2221348    109.39   1222028    534012      2752

16:07:29        CPU     %user     %nice   %system   %iowait    %steal     %idle
16:07:31        all     83.61      0.00     12.36      0.00      4.04      0.00

16:07:29          tps      rtps      wtps      dtps   bread/s   bwrtn/s   bdscd/s
16:07:31       236.00     35.00    201.00      0.00  68392.00  40888.00      0.00

16:07:29    kbmemfree   kbavail kbmemused  %memused kbbuffers  kbcached  kbcommit   %commit  kbactive   kbinact   kbdirty
16:07:31        80532    524876   1248712     61.49         8    562696   2221348    109.39   1222248    527488      2928

16:07:31        CPU     %user     %nice   %system   %iowait    %steal     %idle
16:07:33        all     83.35      0.00     13.37      0.00      3.28      0.00

16:07:31          tps      rtps      wtps      dtps   bread/s   bwrtn/s   bdscd/s
16:07:33       309.50     48.50    261.00      0.00  95468.00   2088.00      0.00

16:07:31    kbmemfree   kbavail kbmemused  %memused kbbuffers  kbcached  kbcommit   %commit  kbactive   kbinact   kbdirty
16:07:33        80532    524844   1249060     61.51         8    562344   2221348    109.39   1222104    527568      2960

16:07:33        CPU     %user     %nice   %system   %iowait    %steal     %idle
16:07:35        all     83.98      0.00     12.27      0.00      3.75      0.00

16:07:33          tps      rtps      wtps      dtps   bread/s   bwrtn/s   bdscd/s
16:07:35       232.00    101.00    131.00      0.00 156380.00   1072.00      0.00

16:07:33    kbmemfree   kbavail kbmemused  %memused kbbuffers  kbcached  kbcommit   %commit  kbactive   kbinact   kbdirty
16:07:35        76784    523896   1249696     61.54         8    565452   2221348    109.39   1222836    529668      3488

16:07:35        CPU     %user     %nice   %system   %iowait    %steal     %idle
16:07:37        all     73.55      0.00     20.53      0.00      5.92      0.00

16:07:35          tps      rtps      wtps      dtps   bread/s   bwrtn/s   bdscd/s
16:07:37       465.00    153.50    311.50      0.00 209180.00  11920.00      0.00

16:07:35    kbmemfree   kbavail kbmemused  %memused kbbuffers  kbcached  kbcommit   %commit  kbactive   kbinact   kbdirty
16:07:37        80784    524180   1249396     61.53         8    561748   2221348    109.39   1224056    524700      1256

16:07:37        CPU     %user     %nice   %system   %iowait    %steal     %idle
16:07:39        all     80.27      0.00     16.73      0.00      3.00      0.00

16:07:37          tps      rtps      wtps      dtps   bread/s   bwrtn/s   bdscd/s
16:07:39       374.50     67.50    307.00      0.00 127032.00   2488.00      0.00

16:07:37    kbmemfree   kbavail kbmemused  %memused kbbuffers  kbcached  kbcommit   %commit  kbactive   kbinact   kbdirty
16:07:39        79508    524308   1249324     61.52         8    563128   2221348    109.39   1223936    526224      1484

16:07:39        CPU     %user     %nice   %system   %iowait    %steal     %idle
16:07:41        all     78.35      0.00     15.06      0.00      6.58      0.00

16:07:39          tps      rtps      wtps      dtps   bread/s   bwrtn/s   bdscd/s
16:07:41       225.50     67.50    158.00      0.00  71084.00   1292.00      0.00

16:07:39    kbmemfree   kbavail kbmemused  %memused kbbuffers  kbcached  kbcommit   %commit  kbactive   kbinact   kbdirty
16:07:41       575108   1074352    699216     34.43         8    617620   2220940    109.37    676296    580028      1488

16:07:41        CPU     %user     %nice   %system   %iowait    %steal     %idle
16:07:43        all     74.53      0.00     19.67      0.13      5.67      0.00

16:07:41          tps      rtps      wtps      dtps   bread/s   bwrtn/s   bdscd/s
16:07:43       246.50     40.00    206.50      0.00  73764.00   1664.00      0.00

16:07:41    kbmemfree   kbavail kbmemused  %memused kbbuffers  kbcached  kbcommit   %commit  kbactive   kbinact   kbdirty
16:07:43        85336    524108   1249488     61.53         8    557144   2220940    109.37   1224080    520076      1488

16:07:43        CPU     %user     %nice   %system   %iowait    %steal     %idle
16:07:45        all     77.82      0.00     16.42      0.00      5.76      0.00

16:07:43          tps      rtps      wtps      dtps   bread/s   bwrtn/s   bdscd/s
16:07:45       370.00     65.00    305.00      0.00 122904.00   2484.00      0.00

16:07:43    kbmemfree   kbavail kbmemused  %memused kbbuffers  kbcached  kbcommit   %commit  kbactive   kbinact   kbdirty
16:07:45        81824    524364   1249060     61.51         8    561056   2220940    109.37   1223412    524512      1508

16:07:45        CPU     %user     %nice   %system   %iowait    %steal     %idle
16:07:47        all     73.91      0.00     19.60      0.00      6.49      0.00

16:07:45          tps      rtps      wtps      dtps   bread/s   bwrtn/s   bdscd/s
16:07:47       420.00     93.00    327.00      0.00 102744.00  69804.00      0.00

16:07:45    kbmemfree   kbavail kbmemused  %memused kbbuffers  kbcached  kbcommit   %commit  kbactive   kbinact   kbdirty
16:07:47       436648    524680   1249540     61.53         8    206864   2220940    109.37   1223440    170544     19692

16:07:47        CPU     %user     %nice   %system   %iowait    %steal     %idle
16:07:49        all     83.90      0.00     10.65      3.93      1.52      0.00

16:07:47          tps      rtps      wtps      dtps   bread/s   bwrtn/s   bdscd/s
16:07:49        85.50     17.00     68.50      0.00    760.00 128132.00      0.00

16:07:47    kbmemfree   kbavail kbmemused  %memused kbbuffers  kbcached  kbcommit   %commit  kbactive   kbinact   kbdirty
16:07:49      1345548   1582216    192404      9.47         8    354944    844832     41.60    168824    318096      1924

16:07:49        CPU     %user     %nice   %system   %iowait    %steal     %idle
16:07:51        all     20.26      0.00      1.68     52.00      1.29     24.77

16:07:49          tps      rtps      wtps      dtps   bread/s   bwrtn/s   bdscd/s
16:07:51        61.50     40.00     21.50      0.00  12344.00  38236.00      0.00

16:07:49    kbmemfree   kbavail kbmemused  %memused kbbuffers  kbcached  kbcommit   %commit  kbactive   kbinact   kbdirty
16:07:51      1365168   1592012    184060      9.06         8    345996    527908     26.00    150152    321076      1580

16:07:51        CPU     %user     %nice   %system   %iowait    %steal     %idle
16:07:53        all      0.51      0.00      2.92     35.49      0.63     60.46

16:07:51          tps      rtps      wtps      dtps   bread/s   bwrtn/s   bdscd/s
16:07:53        62.50     32.50     30.00      0.00   7532.00  62964.00      0.00

16:07:51    kbmemfree   kbavail kbmemused  %memused kbbuffers  kbcached  kbcommit   %commit  kbactive   kbinact   kbdirty
16:07:53      1657920   1630144    182256      8.98         8     56336    512788     25.25    150188     29608      1200

16:07:53        CPU     %user     %nice   %system   %iowait    %steal     %idle
16:07:55        all      0.25      0.00      0.25      0.00      0.89     98.60

16:07:53          tps      rtps      wtps      dtps   bread/s   bwrtn/s   bdscd/s
16:07:55         0.00      0.00      0.00      0.00      0.00      0.00      0.00

16:07:53    kbmemfree   kbavail kbmemused  %memused kbbuffers  kbcached  kbcommit   %commit  kbactive   kbinact   kbdirty
16:07:55      1657824   1630048    182348      8.98         8     56340    512788     25.25    150188     29608      1204

Average:        CPU     %user     %nice   %system   %iowait    %steal     %idle
Average:        all     73.04      0.00     19.26      0.65      5.75      1.30

Average:          tps      rtps      wtps      dtps   bread/s   bwrtn/s   bdscd/s
Average:       161.93     39.68    122.25      0.00  56317.33  57777.56      0.00

Average:    kbmemfree   kbavail kbmemused  %memused kbbuffers  kbcached  kbcommit   %commit  kbactive   kbinact   kbdirty
Average:       266132    693337   1081244     53.25         8    545279   2203278    108.50   1062397    502026     21713
