Linux 5.4.0-86-generic (flexran) 	12/14/21 	_x86_64_	(4 CPU)

11:25:49        CPU     %user     %nice   %system   %iowait    %steal     %idle
11:25:51        all      0.64      0.00     19.21      4.71      3.94     71.50

11:25:49          tps      rtps      wtps      dtps   bread/s   bwrtn/s   bdscd/s
11:25:51        16.50     16.50      0.00      0.00  24064.00      0.00      0.00

11:25:49    kbmemfree   kbavail kbmemused  %memused kbbuffers  kbcached  kbcommit   %commit  kbactive   kbinact   kbdirty
11:25:51        93528   1639064    132608      6.53        44   1658996    485940     23.93   1058040    675608    157408

11:25:51        CPU     %user     %nice   %system   %iowait    %steal     %idle
11:25:53        all      0.39      0.00     21.95     20.80      1.41     55.46

11:25:51          tps      rtps      wtps      dtps   bread/s   bwrtn/s   bdscd/s
11:25:53       197.50      0.00    197.50      0.00      0.00 320384.00      0.00

11:25:51    kbmemfree   kbavail kbmemused  %memused kbbuffers  kbcached  kbcommit   %commit  kbactive   kbinact   kbdirty
11:25:53       809696   1640568    133784      6.59        44    947076    485940     23.93    457912    563772    128020

11:25:53        CPU     %user     %nice   %system   %iowait    %steal     %idle
11:25:55        all      0.26      0.00      2.21     36.33      0.65     60.55

11:25:53          tps      rtps      wtps      dtps   bread/s   bwrtn/s   bdscd/s
11:25:55        60.00      0.00     60.00      0.00      0.00 138460.00      0.00

11:25:53    kbmemfree   kbavail kbmemused  %memused kbbuffers  kbcached  kbcommit   %commit  kbactive   kbinact   kbdirty
11:25:55       642408   1643188    131032      6.45        44   1116804    478648     23.57    455396    733488    121824

11:25:55        CPU     %user     %nice   %system   %iowait    %steal     %idle
11:25:57        all      0.66      0.00      9.01     27.28      1.72     61.32

11:25:55          tps      rtps      wtps      dtps   bread/s   bwrtn/s   bdscd/s
11:25:57       183.50      0.00    183.50      0.00      0.00 446188.00      0.00

11:25:55    kbmemfree   kbavail kbmemused  %memused kbbuffers  kbcached  kbcommit   %commit  kbactive   kbinact   kbdirty
11:25:57       232172   1643804    129696      6.39        44   1527080    478648     23.57    455540   1143668     13872

11:25:57        CPU     %user     %nice   %system   %iowait    %steal     %idle
11:25:59        all      0.25      0.00     10.43     38.55      1.27     49.49

11:25:57          tps      rtps      wtps      dtps   bread/s   bwrtn/s   bdscd/s
11:25:59        65.50      0.00     65.50      0.00      0.00 162960.00      0.00

11:25:57    kbmemfree   kbavail kbmemused  %memused kbbuffers  kbcached  kbcommit   %commit  kbactive   kbinact   kbdirty
11:25:59        93648   1643608    129880      6.40        44   1665240    478648     23.57   1504180    233192     93144

11:25:59        CPU     %user     %nice   %system   %iowait    %steal     %idle
11:26:01        all      0.13      0.00     13.39     21.68      5.36     59.44

11:25:59          tps      rtps      wtps      dtps   bread/s   bwrtn/s   bdscd/s
11:26:01        62.00      0.00     62.00      0.00      0.00 153348.00      0.00

11:25:59    kbmemfree   kbavail kbmemused  %memused kbbuffers  kbcached  kbcommit   %commit  kbactive   kbinact   kbdirty
11:26:01        81376   1642968    132608      6.53        28   1679056    478648     23.57   1191576    560056      6088

11:26:01        CPU     %user     %nice   %system   %iowait    %steal     %idle
11:26:03        all      0.00      0.00      8.03     42.49      4.15     45.34

11:26:01          tps      rtps      wtps      dtps   bread/s   bwrtn/s   bdscd/s
11:26:03       192.00      0.00    192.00      0.00      0.00 270232.00      0.00

11:26:01    kbmemfree   kbavail kbmemused  %memused kbbuffers  kbcached  kbcommit   %commit  kbactive   kbinact   kbdirty
11:26:03       820160   1645932    130780      6.44        28    944076    476540     23.47    295832    720260    135476

11:26:03        CPU     %user     %nice   %system   %iowait    %steal     %idle
11:26:05        all      0.26      0.00      4.31     39.03      2.87     53.52

11:26:03          tps      rtps      wtps      dtps   bread/s   bwrtn/s   bdscd/s
11:26:05       164.00      0.00    164.00      0.00      0.00 343184.00      0.00

11:26:03    kbmemfree   kbavail kbmemused  %memused kbbuffers  kbcached  kbcommit   %commit  kbactive   kbinact   kbdirty
11:26:05       454692   1647628    128768      6.34        28   1310852    476540     23.47    296132   1086852    150032

11:26:05        CPU     %user     %nice   %system   %iowait    %steal     %idle
11:26:07        all      0.51      0.00      7.13     38.60      5.10     48.66

11:26:05          tps      rtps      wtps      dtps   bread/s   bwrtn/s   bdscd/s
11:26:07        69.15      0.00     69.15      0.00      0.00 168628.86      0.00

11:26:05    kbmemfree   kbavail kbmemused  %memused kbbuffers  kbcached  kbcommit   %commit  kbactive   kbinact   kbdirty
11:26:07       305312   1647480    128456      6.33        28   1459920    476540     23.47    317536   1214472      3504

11:26:07        CPU     %user     %nice   %system   %iowait    %steal     %idle
11:26:09        all      0.00      0.00      0.63     46.26      2.41     50.70

11:26:07          tps      rtps      wtps      dtps   bread/s   bwrtn/s   bdscd/s
11:26:09        99.50      3.50     96.00      0.00   7004.00 237808.00      0.00

11:26:07    kbmemfree   kbavail kbmemused  %memused kbbuffers  kbcached  kbcommit   %commit  kbactive   kbinact   kbdirty
11:26:09       298276   1647544    128680      6.34        28   1467004    476540     23.47    317680   1221428      3652

11:26:09        CPU     %user     %nice   %system   %iowait    %steal     %idle
11:26:11        all      0.50      0.00     19.48      9.36      4.00     66.67

11:26:09          tps      rtps      wtps      dtps   bread/s   bwrtn/s   bdscd/s
11:26:11         8.00      3.50      4.50      0.00   4144.00  11376.00      0.00

11:26:09    kbmemfree   kbavail kbmemused  %memused kbbuffers  kbcached  kbcommit   %commit  kbactive   kbinact   kbdirty
11:26:11      1111884   1647720    129504      6.38        28    654540    476540     23.47    297136    429396    162320

11:26:11        CPU     %user     %nice   %system   %iowait    %steal     %idle
11:26:13        all      0.13      0.00      5.07     61.47      6.59     26.74

11:26:11          tps      rtps      wtps      dtps   bread/s   bwrtn/s   bdscd/s
11:26:13       171.50      1.00    170.50      0.00     32.00 189876.00      0.00

11:26:11    kbmemfree   kbavail kbmemused  %memused kbbuffers  kbcached  kbcommit   %commit  kbactive   kbinact   kbdirty
11:26:13       923820   1648236    128524      6.33        28    842944    476540     23.47    298444    616524    104304

11:26:13        CPU     %user     %nice   %system   %iowait    %steal     %idle
11:26:15        all      0.25      0.00     12.26     34.64      5.56     47.28

11:26:13          tps      rtps      wtps      dtps   bread/s   bwrtn/s   bdscd/s
11:26:15       219.40      0.00    219.40      0.00      0.00 460386.07      0.00

11:26:13    kbmemfree   kbavail kbmemused  %memused kbbuffers  kbcached  kbcommit   %commit  kbactive   kbinact   kbdirty
11:26:15       439284   1648136    127960      6.30        28   1326816    476540     23.47    298928   1099924    161584

11:26:15        CPU     %user     %nice   %system   %iowait    %steal     %idle
11:26:17        all      0.26      0.00     16.03     20.51      2.56     60.64

11:26:15          tps      rtps      wtps      dtps   bread/s   bwrtn/s   bdscd/s
11:26:17       111.00      0.00    111.00      0.00      0.00 272652.00      0.00

11:26:15    kbmemfree   kbavail kbmemused  %memused kbbuffers  kbcached  kbcommit   %commit  kbactive   kbinact   kbdirty
11:26:17       296712   1648012    128132      6.31        28   1469024    476540     23.47    926164    614976    127632

11:26:17        CPU     %user     %nice   %system   %iowait    %steal     %idle
11:26:19        all      0.39      0.00     19.64     24.06      2.34     53.58

11:26:17          tps      rtps      wtps      dtps   bread/s   bwrtn/s   bdscd/s
11:26:19       198.00      0.00    198.00      0.00      0.00 352896.00      0.00

11:26:17    kbmemfree   kbavail kbmemused  %memused kbbuffers  kbcached  kbcommit   %commit  kbactive   kbinact   kbdirty
11:26:19       857728   1646872    129716      6.39        28    907528    476540     23.47    299584    679952    148324

11:26:19        CPU     %user     %nice   %system   %iowait    %steal     %idle
11:26:21        all      0.00      0.00      6.25     21.48      1.56     70.70

11:26:19          tps      rtps      wtps      dtps   bread/s   bwrtn/s   bdscd/s
11:26:21       128.50      0.00    128.50      0.00      0.00 230232.00      0.00

11:26:19    kbmemfree   kbavail kbmemused  %memused kbbuffers  kbcached  kbcommit   %commit  kbactive   kbinact   kbdirty
11:26:21       591052   1646720    129276      6.37        28   1173812    476540     23.47    299844    945912    152324

11:26:21        CPU     %user     %nice   %system   %iowait    %steal     %idle
11:26:23        all      0.00      0.00      5.23     23.40      0.39     70.98

11:26:21          tps      rtps      wtps      dtps   bread/s   bwrtn/s   bdscd/s
11:26:23       112.00      0.00    112.00      0.00      0.00 276608.00      0.00

11:26:21    kbmemfree   kbavail kbmemused  %memused kbbuffers  kbcached  kbcommit   %commit  kbactive   kbinact   kbdirty
11:26:23       368576   1646472    129472      6.38        28   1395612    476540     23.47    300136   1167592     47900

11:26:23        CPU     %user     %nice   %system   %iowait    %steal     %idle
11:26:25        all      0.26      0.00     16.32     25.71      3.47     54.24

11:26:23          tps      rtps      wtps      dtps   bread/s   bwrtn/s   bdscd/s
11:26:25        79.00      0.00     79.00      0.00      0.00 195320.00      0.00

11:26:23    kbmemfree   kbavail kbmemused  %memused kbbuffers  kbcached  kbcommit   %commit  kbactive   kbinact   kbdirty
11:26:25       294144   1646560    129620      6.38        28   1470088    476540     23.47   1250880    291288    122392

11:26:25        CPU     %user     %nice   %system   %iowait    %steal     %idle
11:26:27        all      0.51      0.00     28.66      6.68      5.40     58.74

11:26:25          tps      rtps      wtps      dtps   bread/s   bwrtn/s   bdscd/s
11:26:27       216.50      0.00    216.50      0.00      0.00 360232.00      0.00

11:26:25    kbmemfree   kbavail kbmemused  %memused kbbuffers  kbcached  kbcommit   %commit  kbactive   kbinact   kbdirty
11:26:27       831980   1648628    128232      6.31        28    934968    476540     23.47    300704    706308    130696

11:26:27        CPU     %user     %nice   %system   %iowait    %steal     %idle
11:26:29        all      0.26      0.00      4.85     18.62      5.99     70.28

11:26:27          tps      rtps      wtps      dtps   bread/s   bwrtn/s   bdscd/s
11:26:29        51.00      0.00     51.00      0.00      0.00  95208.00      0.00

11:26:27    kbmemfree   kbavail kbmemused  %memused kbbuffers  kbcached  kbcommit   %commit  kbactive   kbinact   kbdirty
11:26:29       689984   1647960    128460      6.33        28   1076128    476540     23.47    300856    847332     82696

11:26:29        CPU     %user     %nice   %system   %iowait    %steal     %idle
11:26:31        all      0.13      0.00      6.39     17.29      6.02     70.18

11:26:29          tps      rtps      wtps      dtps   bread/s   bwrtn/s   bdscd/s
11:26:31       134.50      0.00    134.50      0.00      0.00 316748.00      0.00

11:26:29    kbmemfree   kbavail kbmemused  %memused kbbuffers  kbcached  kbcommit   %commit  kbactive   kbinact   kbdirty
11:26:31       504272   1648276    128084      6.31        28   1261960    476540     23.47    301192   1032824    145500

11:26:31        CPU     %user     %nice   %system   %iowait    %steal     %idle
11:26:33        all      0.13      0.00     13.35     33.12      2.05     51.35

11:26:31          tps      rtps      wtps      dtps   bread/s   bwrtn/s   bdscd/s
11:26:33        74.50      0.00     74.50      0.00      0.00 184824.00      0.00

11:26:31    kbmemfree   kbavail kbmemused  %memused kbbuffers  kbcached  kbcommit   %commit  kbactive   kbinact   kbdirty
11:26:33       229452   1647744    128024      6.30        28   1535944    476540     23.47   1349880    258168     68276

11:26:33        CPU     %user     %nice   %system   %iowait    %steal     %idle
11:26:35        all      0.26      0.00      7.81     38.54      2.34     51.04

11:26:33          tps      rtps      wtps      dtps   bread/s   bwrtn/s   bdscd/s
11:26:35       144.00      0.00    144.00      0.00      0.00 350992.00      0.00

11:26:33    kbmemfree   kbavail kbmemused  %memused kbbuffers  kbcached  kbcommit   %commit  kbactive   kbinact   kbdirty
11:26:35       922696   1647316    129316      6.37        28    842908    476540     23.47    301628    613404    159132

11:26:35        CPU     %user     %nice   %system   %iowait    %steal     %idle
11:26:37        all      0.93      0.00      6.77     38.91      3.98     49.40

11:26:35          tps      rtps      wtps      dtps   bread/s   bwrtn/s   bdscd/s
11:26:37       213.50      0.00    213.50      0.00      0.00 301804.00      0.00

11:26:35    kbmemfree   kbavail kbmemused  %memused kbbuffers  kbcached  kbcommit   %commit  kbactive   kbinact   kbdirty
11:26:37       649916   1648028    128412      6.32        28   1116220    476540     23.47    302016    886228    139872

11:26:37        CPU     %user     %nice   %system   %iowait    %steal     %idle
11:26:39        all      0.26      0.00      4.67     22.44      2.33     70.30

11:26:37          tps      rtps      wtps      dtps   bread/s   bwrtn/s   bdscd/s
11:26:39       114.50      0.00    114.50      0.00      0.00 280140.00      0.00

11:26:37    kbmemfree   kbavail kbmemused  %memused kbbuffers  kbcached  kbcommit   %commit  kbactive   kbinact   kbdirty
11:26:39       340168   1647960    128220      6.31        28   1425648    476540     23.47    302320   1195356    122732

11:26:39        CPU     %user     %nice   %system   %iowait    %steal     %idle
11:26:41        all      0.25      0.00     12.19     32.04      3.52     52.01

11:26:39          tps      rtps      wtps      dtps   bread/s   bwrtn/s   bdscd/s
11:26:41       100.00      0.00    100.00      0.00      0.00 248900.00      0.00

11:26:39    kbmemfree   kbavail kbmemused  %memused kbbuffers  kbcached  kbcommit   %commit  kbactive   kbinact   kbdirty
11:26:41       157556   1647812    128040      6.31        28   1608008    476540     23.47   1351004    328944    140300

11:26:41        CPU     %user     %nice   %system   %iowait    %steal     %idle
11:26:43        all      0.38      0.00      7.12     41.80      3.43     47.27

11:26:41          tps      rtps      wtps      dtps   bread/s   bwrtn/s   bdscd/s
11:26:43        56.00      0.00     56.00      0.00      0.00 139444.00      0.00

11:26:41    kbmemfree   kbavail kbmemused  %memused kbbuffers  kbcached  kbcommit   %commit  kbactive   kbinact   kbdirty
11:26:43       978972   1647208    129316      6.37        28    786644    476540     23.47    302720    556040      9588

11:26:43        CPU     %user     %nice   %system   %iowait    %steal     %idle
11:26:45        all      0.52      0.00      3.37     45.78      4.02     46.30

11:26:43          tps      rtps      wtps      dtps   bread/s   bwrtn/s   bdscd/s
11:26:45       203.50      0.00    203.50      0.00      0.00 299588.00      0.00

11:26:43    kbmemfree   kbavail kbmemused  %memused kbbuffers  kbcached  kbcommit   %commit  kbactive   kbinact   kbdirty
11:26:45       714688   1648732    128024      6.30        28   1052316    476540     23.47    303164    821188    152300

11:26:45        CPU     %user     %nice   %system   %iowait    %steal     %idle
11:26:47        all      0.39      0.00     10.59     30.75      4.52     53.75

11:26:45          tps      rtps      wtps      dtps   bread/s   bwrtn/s   bdscd/s
11:26:47       283.00      1.00    282.00      0.00     32.00 558508.00      0.00

11:26:45    kbmemfree   kbavail kbmemused  %memused kbbuffers  kbcached  kbcommit   %commit  kbactive   kbinact   kbdirty
11:26:47       292320   1648228    128036      6.31        28   1473616    476540     23.47    635640    910096    134220

11:26:47        CPU     %user     %nice   %system   %iowait    %steal     %idle
11:26:49        all      0.13      0.00     15.33     27.97      3.70     52.87

11:26:47          tps      rtps      wtps      dtps   bread/s   bwrtn/s   bdscd/s
11:26:49        96.50      0.00     96.50      0.00      0.00 240800.00      0.00

11:26:47    kbmemfree   kbavail kbmemused  %memused kbbuffers  kbcached  kbcommit   %commit  kbactive   kbinact   kbdirty
11:26:49       941644   1647184    129348      6.37        28    823988    476540     23.47    304424    591592    145840

11:26:49        CPU     %user     %nice   %system   %iowait    %steal     %idle
11:26:51        all      0.26      0.00      5.97     35.45      3.12     55.19

11:26:49          tps      rtps      wtps      dtps   bread/s   bwrtn/s   bdscd/s
11:26:51       250.50      0.00    250.50      0.00      0.00 392552.00      0.00

11:26:49    kbmemfree   kbavail kbmemused  %memused kbbuffers  kbcached  kbcommit   %commit  kbactive   kbinact   kbdirty
11:26:51       581432   1646380    130004      6.40        28   1182952    476540     23.47    304800    950240    156952

11:26:51        CPU     %user     %nice   %system   %iowait    %steal     %idle
11:26:53        all      0.13      0.00      3.67     40.89      2.53     52.78

11:26:51          tps      rtps      wtps      dtps   bread/s   bwrtn/s   bdscd/s
11:26:53       130.00      0.00    130.00      0.00      0.00 318848.00      0.00

11:26:51    kbmemfree   kbavail kbmemused  %memused kbbuffers  kbcached  kbcommit   %commit  kbactive   kbinact   kbdirty
11:26:53       376408   1646292    129836      6.39        28   1387664    476540     23.47    305256   1154488    117356

11:26:53        CPU     %user     %nice   %system   %iowait    %steal     %idle
11:26:55        all      0.25      0.00     15.67     30.06      5.61     48.41

11:26:53          tps      rtps      wtps      dtps   bread/s   bwrtn/s   bdscd/s
11:26:55       186.00      0.00    186.00      0.00      0.00 441284.00      0.00

11:26:53    kbmemfree   kbavail kbmemused  %memused kbbuffers  kbcached  kbcommit   %commit  kbactive   kbinact   kbdirty
11:26:55       854372   1646420    130132      6.41        28    910408    476540     23.47    305676    676784    146252

11:26:55        CPU     %user     %nice   %system   %iowait    %steal     %idle
11:26:57        all      0.13      0.00      0.78     52.85      0.78     45.47

11:26:55          tps      rtps      wtps      dtps   bread/s   bwrtn/s   bdscd/s
11:26:57         5.50      0.00      5.50      0.00      0.00   3764.00      0.00

11:26:55    kbmemfree   kbavail kbmemused  %memused kbbuffers  kbcached  kbcommit   %commit  kbactive   kbinact   kbdirty
11:26:57       795576   1647800    128752      6.34        28    970504    476540     23.47    305676    736920    161288

11:26:57        CPU     %user     %nice   %system   %iowait    %steal     %idle
11:26:59        all      0.25      0.00      7.12     32.95      5.22     54.45

11:26:57          tps      rtps      wtps      dtps   bread/s   bwrtn/s   bdscd/s
11:26:59       256.00      0.00    256.00      0.00      0.00 421072.00      0.00

11:26:57    kbmemfree   kbavail kbmemused  %memused kbbuffers  kbcached  kbcommit   %commit  kbactive   kbinact   kbdirty
11:26:59       419844   1647116    128940      6.35        28   1345216    476540     23.47    306084   1111192    139120

11:26:59        CPU     %user     %nice   %system   %iowait    %steal     %idle
11:27:01        all      0.25      0.00      3.14     41.13      4.53     50.94

11:26:59          tps      rtps      wtps      dtps   bread/s   bwrtn/s   bdscd/s
11:27:01        47.50      0.00     47.50      0.00      0.00 116744.00      0.00

11:26:59    kbmemfree   kbavail kbmemused  %memused kbbuffers  kbcached  kbcommit   %commit  kbactive   kbinact   kbdirty
11:27:01       297448   1647156    128796      6.34        28   1467404    476540     23.47    306276   1233244    130236

11:27:01        CPU     %user     %nice   %system   %iowait    %steal     %idle
11:27:03        all      0.39      0.00      7.98     29.60      2.32     59.72

11:27:01          tps      rtps      wtps      dtps   bread/s   bwrtn/s   bdscd/s
11:27:03        47.00      0.00     47.00      0.00      0.00 116280.00      0.00

11:27:01    kbmemfree   kbavail kbmemused  %memused kbbuffers  kbcached  kbcommit   %commit  kbactive   kbinact   kbdirty
11:27:03       161428   1647352    128464      6.33        28   1603532    476540     23.47   1354992    320592    130832

11:27:03        CPU     %user     %nice   %system   %iowait    %steal     %idle
11:27:05        all      0.13      0.00      9.80     27.32      2.35     60.39

11:27:03          tps      rtps      wtps      dtps   bread/s   bwrtn/s   bdscd/s
11:27:05        75.62      1.49     74.13      0.00     47.76 181042.79      0.00

11:27:03    kbmemfree   kbavail kbmemused  %memused kbbuffers  kbcached  kbcommit   %commit  kbactive   kbinact   kbdirty
11:27:05      1059232   1647180    129468      6.38        28    706528    476540     23.47    339632    438884    159636

11:27:05        CPU     %user     %nice   %system   %iowait    %steal     %idle
11:27:07        all      0.59      0.00     12.65     20.44     11.03     55.29

11:27:05          tps      rtps      wtps      dtps   bread/s   bwrtn/s   bdscd/s
11:27:07       158.00      0.50    157.50      0.00     16.00 281156.00      0.00

11:27:05    kbmemfree   kbavail kbmemused  %memused kbbuffers  kbcached  kbcommit   %commit  kbactive   kbinact   kbdirty
11:27:07       843160   1647520    129140      6.36        28    922708    478512     23.56    267092    728128    154852

11:27:07        CPU     %user     %nice   %system   %iowait    %steal     %idle
11:27:09        all      0.91      0.00     37.64     12.47     13.15     35.83

11:27:07          tps      rtps      wtps      dtps   bread/s   bwrtn/s   bdscd/s
11:27:09        65.35      0.00     65.35      0.00      0.00  66899.01      0.00

11:27:07    kbmemfree   kbavail kbmemused  %memused kbbuffers  kbcached  kbcommit   %commit  kbactive   kbinact   kbdirty
11:27:09       753944   1647588    128824      6.34        28   1012224    476404     23.46    266740    817256     81748

11:27:09        CPU     %user     %nice   %system   %iowait    %steal     %idle
11:27:11        all      0.26      0.00     19.13     20.18      5.94     54.49

11:27:09          tps      rtps      wtps      dtps   bread/s   bwrtn/s   bdscd/s
11:27:11       127.78      0.00    127.78      0.00      0.00 250795.96      0.00

11:27:09    kbmemfree   kbavail kbmemused  %memused kbbuffers  kbcached  kbcommit   %commit  kbactive   kbinact   kbdirty
11:27:11       505320   1647464    128860      6.35        28   1260188    476404     23.46    267004   1065236    166284

11:27:11        CPU     %user     %nice   %system   %iowait    %steal     %idle
11:27:13        all      0.00      0.00     20.05     21.83      1.02     57.11

11:27:11          tps      rtps      wtps      dtps   bread/s   bwrtn/s   bdscd/s
11:27:13       101.50      0.00    101.50      0.00      0.00 248152.00      0.00

11:27:11    kbmemfree   kbavail kbmemused  %memused kbbuffers  kbcached  kbcommit   %commit  kbactive   kbinact   kbdirty
11:27:13       330444   1648016    128272      6.32        28   1435380    476404     23.46    489240   1018212    165200

11:27:13        CPU     %user     %nice   %system   %iowait    %steal     %idle
11:27:15        all      0.13      0.00     18.75     20.28      0.89     59.95

11:27:13          tps      rtps      wtps      dtps   bread/s   bwrtn/s   bdscd/s
11:27:15        38.50      0.00     38.50      0.00      0.00  96732.00      0.00

11:27:13    kbmemfree   kbavail kbmemused  %memused kbbuffers  kbcached  kbcommit   %commit  kbactive   kbinact   kbdirty
11:27:15       161356   1647408    128320      6.32        28   1603668    476404     23.46   1315924    359816    139644

11:27:15        CPU     %user     %nice   %system   %iowait    %steal     %idle
11:27:17        all      0.13      0.00      9.23     58.84      0.92     30.87

11:27:15          tps      rtps      wtps      dtps   bread/s   bwrtn/s   bdscd/s
11:27:17        53.50      0.00     53.50      0.00      0.00 134884.00      0.00

11:27:15    kbmemfree   kbavail kbmemused  %memused kbbuffers  kbcached  kbcommit   %commit  kbactive   kbinact   kbdirty
11:27:17      1069996   1647428    129436      6.37        28    695976    476404     23.46    267576    500496    149580

11:27:17        CPU     %user     %nice   %system   %iowait    %steal     %idle
11:27:19        all      0.00      0.00     10.53     41.97      2.76     44.74

11:27:17          tps      rtps      wtps      dtps   bread/s   bwrtn/s   bdscd/s
11:27:19       214.50      0.00    214.50      0.00      0.00 294068.00      0.00

11:27:17    kbmemfree   kbavail kbmemused  %memused kbbuffers  kbcached  kbcommit   %commit  kbactive   kbinact   kbdirty
11:27:19       723812   1647256    129408      6.37        28   1041684    476404     23.46    267816    845876    138484

11:27:19        CPU     %user     %nice   %system   %iowait    %steal     %idle
11:27:21        all      0.13      0.00      2.07     35.23      0.91     61.66

11:27:19          tps      rtps      wtps      dtps   bread/s   bwrtn/s   bdscd/s
11:27:21        56.00      0.00     56.00      0.00      0.00  78688.00      0.00

11:27:19    kbmemfree   kbavail kbmemused  %memused kbbuffers  kbcached  kbcommit   %commit  kbactive   kbinact   kbdirty
11:27:21       666776   1647056    129432      6.37        28   1098424    476404     23.46    267816    902656     53236

11:27:21        CPU     %user     %nice   %system   %iowait    %steal     %idle
11:27:23        all      0.13      0.00      8.60     28.16      3.65     59.45

11:27:21          tps      rtps      wtps      dtps   bread/s   bwrtn/s   bdscd/s
11:27:23       163.68      0.00    163.68      0.00      0.00 371908.46      0.00

11:27:21    kbmemfree   kbavail kbmemused  %memused kbbuffers  kbcached  kbcommit   %commit  kbactive   kbinact   kbdirty
11:27:23       350104   1646732    129528      6.38        28   1414332    476404     23.46    267836   1218616    160648

11:27:23        CPU     %user     %nice   %system   %iowait    %steal     %idle
11:27:25        all      0.26      0.00     11.99     24.62      5.61     57.53

11:27:23          tps      rtps      wtps      dtps   bread/s   bwrtn/s   bdscd/s
11:27:25       128.50      0.50    128.00      0.00     16.00 314728.00      0.00

11:27:23    kbmemfree   kbavail kbmemused  %memused kbbuffers  kbcached  kbcommit   %commit  kbactive   kbinact   kbdirty
11:27:25       673324   1647084    129236      6.36        28   1091500    476404     23.46    700584    463016    149988

11:27:25        CPU     %user     %nice   %system   %iowait    %steal     %idle
11:27:27        all      0.13      0.00      7.81     24.18      5.54     62.34

11:27:25          tps      rtps      wtps      dtps   bread/s   bwrtn/s   bdscd/s
11:27:27        49.00      0.00     49.00      0.00      0.00 122644.00      0.00

11:27:25    kbmemfree   kbavail kbmemused  %memused kbbuffers  kbcached  kbcommit   %commit  kbactive   kbinact   kbdirty
11:27:27       884616   1647504    129464      6.38        28    881196    476404     23.46    267852    685460    155464

11:27:27        CPU     %user     %nice   %system   %iowait    %steal     %idle
11:27:29        all      0.40      0.00      6.17     35.44      3.62     54.36

11:27:27          tps      rtps      wtps      dtps   bread/s   bwrtn/s   bdscd/s
11:27:29       168.50      0.00    168.50      0.00      0.00 219228.00      0.00

11:27:27    kbmemfree   kbavail kbmemused  %memused kbbuffers  kbcached  kbcommit   %commit  kbactive   kbinact   kbdirty
11:27:29       705172   1647156    129708      6.39        28   1060156    476404     23.46    267856    864376    158612

11:27:29        CPU     %user     %nice   %system   %iowait    %steal     %idle
11:27:31        all      0.25      0.00      7.22     42.66      3.80     46.08

11:27:29          tps      rtps      wtps      dtps   bread/s   bwrtn/s   bdscd/s
11:27:31        41.00      0.50     40.50      0.00     16.00  79840.00      0.00

11:27:29    kbmemfree   kbavail kbmemused  %memused kbbuffers  kbcached  kbcommit   %commit  kbactive   kbinact   kbdirty
11:27:31       599120   1647220    129156      6.36        28   1166280    476404     23.46    267872    970340     89372

11:27:31        CPU     %user     %nice   %system   %iowait    %steal     %idle
11:27:33        all      1.18      0.00     15.45     21.47      5.24     56.68

11:27:31          tps      rtps      wtps      dtps   bread/s   bwrtn/s   bdscd/s
11:27:33       187.00      0.00    187.00      0.00      0.00 437232.00      0.00

11:27:31    kbmemfree   kbavail kbmemused  %memused kbbuffers  kbcached  kbcommit   %commit  kbactive   kbinact   kbdirty
11:27:33       330248   1648296    128136      6.31        28   1435932    476404     23.46    554440    953544    150808

11:27:33        CPU     %user     %nice   %system   %iowait    %steal     %idle
11:27:35        all      0.13      0.00     17.49     17.49      3.55     61.34

11:27:33          tps      rtps      wtps      dtps   bread/s   bwrtn/s   bdscd/s
11:27:35        52.50      0.00     52.50      0.00      0.00 130064.00      0.00

11:27:33    kbmemfree   kbavail kbmemused  %memused kbbuffers  kbcached  kbcommit   %commit  kbactive   kbinact   kbdirty
11:27:35       108936   1648020    128084      6.31        28   1656752    476404     23.46   1316448    412316    145432

11:27:35        CPU     %user     %nice   %system   %iowait    %steal     %idle
11:27:37        all      0.38      0.00      6.81     41.99      3.78     47.04

11:27:35          tps      rtps      wtps      dtps   bread/s   bwrtn/s   bdscd/s
11:27:37         5.00      0.00      5.00      0.00      0.00  12340.00      0.00

11:27:35    kbmemfree   kbavail kbmemused  %memused kbbuffers  kbcached  kbcommit   %commit  kbactive   kbinact   kbdirty
11:27:37        81516   1646896    129188      6.36        28   1682860    476404     23.46   1247744    507236    149156

11:27:37        CPU     %user     %nice   %system   %iowait    %steal     %idle
11:27:39        all      0.38      0.00     12.06     37.94      5.84     43.78

11:27:37          tps      rtps      wtps      dtps   bread/s   bwrtn/s   bdscd/s
11:27:39       264.50      0.00    264.50      0.00      0.00 436140.00      0.00

11:27:37    kbmemfree   kbavail kbmemused  %memused kbbuffers  kbcached  kbcommit   %commit  kbactive   kbinact   kbdirty
11:27:39       726740   1647300    129836      6.39        28   1038796    476404     23.46    229584    881264    161020

11:27:39        CPU     %user     %nice   %system   %iowait    %steal     %idle
11:27:41        all      0.26      0.00      7.50     33.12      4.27     54.85

11:27:39          tps      rtps      wtps      dtps   bread/s   bwrtn/s   bdscd/s
11:27:41       125.50      0.00    125.50      0.00      0.00 250444.00      0.00

11:27:39    kbmemfree   kbavail kbmemused  %memused kbbuffers  kbcached  kbcommit   %commit  kbactive   kbinact   kbdirty
11:27:41       473248   1647844    128532      6.33        28   1292596    476404     23.46    229484   1135144    156704

11:27:41        CPU     %user     %nice   %system   %iowait    %steal     %idle
11:27:43        all      0.13      0.00      5.63     23.40      3.07     67.77

11:27:41          tps      rtps      wtps      dtps   bread/s   bwrtn/s   bdscd/s
11:27:43        36.00      0.00     36.00      0.00      0.00  88944.00      0.00

11:27:41    kbmemfree   kbavail kbmemused  %memused kbbuffers  kbcached  kbcommit   %commit  kbactive   kbinact   kbdirty
11:27:43       393520   1648084    128384      6.32        28   1372408    476404     23.46    618412    826096    150620

11:27:43        CPU     %user     %nice   %system   %iowait    %steal     %idle
11:27:45        all      0.00      0.00     18.27     25.62      1.58     54.53

11:27:43          tps      rtps      wtps      dtps   bread/s   bwrtn/s   bdscd/s
11:27:45       176.00      0.00    176.00      0.00      0.00 436652.00      0.00

11:27:43    kbmemfree   kbavail kbmemused  %memused kbbuffers  kbcached  kbcommit   %commit  kbactive   kbinact   kbdirty
11:27:45      1037512   1647376    129528      6.38        28    728392    476404     23.46    229580    570884    143452

11:27:45        CPU     %user     %nice   %system   %iowait    %steal     %idle
11:27:47        all      0.14      0.00      7.57     41.89      2.16     48.24

11:27:45          tps      rtps      wtps      dtps   bread/s   bwrtn/s   bdscd/s
11:27:47       238.00      0.00    238.00      0.00      0.00 352760.00      0.00

11:27:45    kbmemfree   kbavail kbmemused  %memused kbbuffers  kbcached  kbcommit   %commit  kbactive   kbinact   kbdirty
11:27:47       681896   1648120    128776      6.34        28   1084428    476404     23.46    230092    926404    147224

11:27:47        CPU     %user     %nice   %system   %iowait    %steal     %idle
11:27:49        all      0.26      0.00      4.15     43.91      1.04     50.65

11:27:47          tps      rtps      wtps      dtps   bread/s   bwrtn/s   bdscd/s
11:27:49        54.00      0.50     53.50      0.00     16.00 116312.00      0.00

11:27:47    kbmemfree   kbavail kbmemused  %memused kbbuffers  kbcached  kbcommit   %commit  kbactive   kbinact   kbdirty
11:27:49       522008   1647444    129052      6.36        28   1243464    476404     23.46    230412   1085120    130812

11:27:49        CPU     %user     %nice   %system   %iowait    %steal     %idle
11:27:51        all      0.13      0.00     17.84     47.01      3.26     31.77

11:27:49          tps      rtps      wtps      dtps   bread/s   bwrtn/s   bdscd/s
11:27:51       137.50      1.00    136.50      0.00     32.00 211712.00      0.00

11:27:49    kbmemfree   kbavail kbmemused  %memused kbbuffers  kbcached  kbcommit   %commit  kbactive   kbinact   kbdirty
11:27:51       390728   1647840    128572      6.33        28   1375032    476404     23.46   1279432    167624       904

11:27:51        CPU     %user     %nice   %system   %iowait    %steal     %idle
11:27:53        all      0.13      0.00     21.05     22.08      8.34     48.40

11:27:51          tps      rtps      wtps      dtps   bread/s   bwrtn/s   bdscd/s
11:27:53       331.50      0.00    331.50      0.00      0.00 577560.00      0.00

11:27:51    kbmemfree   kbavail kbmemused  %memused kbbuffers  kbcached  kbcommit   %commit  kbactive   kbinact   kbdirty
11:27:53       761468   1648548    128496      6.33        28   1005360    476404     23.46    230992    846456    164312

11:27:53        CPU     %user     %nice   %system   %iowait    %steal     %idle
11:27:55        all      0.12      0.00      6.38     42.25      6.62     44.62

11:27:53          tps      rtps      wtps      dtps   bread/s   bwrtn/s   bdscd/s
11:27:55        72.00      0.00     72.00      0.00      0.00 160896.00      0.00

11:27:53    kbmemfree   kbavail kbmemused  %memused kbbuffers  kbcached  kbcommit   %commit  kbactive   kbinact   kbdirty
11:27:55       598332   1647716    128624      6.33        28   1167552    476404     23.46    230992   1008576     29300

11:27:55        CPU     %user     %nice   %system   %iowait    %steal     %idle
11:27:57        all      0.38      0.00      7.25     36.77      3.82     51.78

11:27:55          tps      rtps      wtps      dtps   bread/s   bwrtn/s   bdscd/s
11:27:57       131.00      0.00    131.00      0.00      0.00 322368.00      0.00

11:27:55    kbmemfree   kbavail kbmemused  %memused kbbuffers  kbcached  kbcommit   %commit  kbactive   kbinact   kbdirty
11:27:57       430456   1648180    128524      6.33        28   1335720    476404     23.46    230992   1176748    165104

11:27:57        CPU     %user     %nice   %system   %iowait    %steal     %idle
11:27:59        all      0.25      0.00     27.69      5.64      3.76     62.66

11:27:57          tps      rtps      wtps      dtps   bread/s   bwrtn/s   bdscd/s
11:27:59       177.00      0.00    177.00      0.00      0.00 336016.00      0.00

11:27:57    kbmemfree   kbavail kbmemused  %memused kbbuffers  kbcached  kbcommit   %commit  kbactive   kbinact   kbdirty
11:27:59      1039440   1646300    130668      6.43        28    725232    476404     23.46    231008    566316    147188

11:27:59        CPU     %user     %nice   %system   %iowait    %steal     %idle
11:28:01        all      0.13      0.00      3.98     46.40      3.34     46.14

11:27:59          tps      rtps      wtps      dtps   bread/s   bwrtn/s   bdscd/s
11:28:01       168.50      0.00    168.50      0.00      0.00 255188.00      0.00

11:27:59    kbmemfree   kbavail kbmemused  %memused kbbuffers  kbcached  kbcommit   %commit  kbactive   kbinact   kbdirty
11:28:01       780172   1648636    127996      6.30        28    986708    476404     23.46    231012    827732    141732

11:28:01        CPU     %user     %nice   %system   %iowait    %steal     %idle
11:28:03        all      0.53      0.00      7.18     32.05      2.13     58.11

11:28:01          tps      rtps      wtps      dtps   bread/s   bwrtn/s   bdscd/s
11:28:03       121.00      0.00    121.00      0.00      0.00 286816.00      0.00

11:28:01    kbmemfree   kbavail kbmemused  %memused kbbuffers  kbcached  kbcommit   %commit  kbactive   kbinact   kbdirty
11:28:03       543808   1648556    128196      6.31        28   1222696    476404     23.46    231016   1063892    167048

11:28:03        CPU     %user     %nice   %system   %iowait    %steal     %idle
11:28:05        all      0.91      0.00     20.63     17.49      2.09     58.88

11:28:03          tps      rtps      wtps      dtps   bread/s   bwrtn/s   bdscd/s
11:28:05        63.00      0.00     63.00      0.00      0.00 153496.00      0.00

11:28:03    kbmemfree   kbavail kbmemused  %memused kbbuffers  kbcached  kbcommit   %commit  kbactive   kbinact   kbdirty
11:28:05       391768   1648424    128012      6.30        28   1374488    476404     23.46    646392    800208    145024

11:28:05        CPU     %user     %nice   %system   %iowait    %steal     %idle
11:28:07        all      0.66      0.00     17.02     17.02      4.62     60.69

11:28:05          tps      rtps      wtps      dtps   bread/s   bwrtn/s   bdscd/s
11:28:07        16.00      0.00     16.00      0.00      0.00  40960.00      0.00

11:28:05    kbmemfree   kbavail kbmemused  %memused kbbuffers  kbcached  kbcommit   %commit  kbactive   kbinact   kbdirty
11:28:07       286896   1647948    128012      6.30        28   1478848    476404     23.46   1279596    271280    107028

11:28:07        CPU     %user     %nice   %system   %iowait    %steal     %idle
11:28:09        all      0.13      0.00      5.30     42.30      2.20     50.06

11:28:07          tps      rtps      wtps      dtps   bread/s   bwrtn/s   bdscd/s
11:28:09         0.00      0.00      0.00      0.00      0.00      0.00      0.00

11:28:07    kbmemfree   kbavail kbmemused  %memused kbbuffers  kbcached  kbcommit   %commit  kbactive   kbinact   kbdirty
11:28:09       194376   1647660    128188      6.31        28   1570904    476404     23.46   1279600    363396    166300

11:28:09        CPU     %user     %nice   %system   %iowait    %steal     %idle
11:28:11        all      0.26      0.00     10.59     35.27      3.23     50.65

11:28:09          tps      rtps      wtps      dtps   bread/s   bwrtn/s   bdscd/s
11:28:11       101.00      0.00    101.00      0.00      0.00 250924.00      0.00

11:28:09    kbmemfree   kbavail kbmemused  %memused kbbuffers  kbcached  kbcommit   %commit  kbactive   kbinact   kbdirty
11:28:11      1062432   1647184    129456      6.38        28    703256    476404     23.46    231032    544344     11936

11:28:11        CPU     %user     %nice   %system   %iowait    %steal     %idle
11:28:13        all      0.00      0.00      5.22     33.42      3.00     58.36

11:28:11          tps      rtps      wtps      dtps   bread/s   bwrtn/s   bdscd/s
11:28:13       179.00      0.00    179.00      0.00      0.00 307616.00      0.00

11:28:11    kbmemfree   kbavail kbmemused  %memused kbbuffers  kbcached  kbcommit   %commit  kbactive   kbinact   kbdirty
11:28:13       733332   1647412    129360      6.37        28   1032244    476404     23.46    231048    873280    128352

11:28:13        CPU     %user     %nice   %system   %iowait    %steal     %idle
11:28:15        all      0.00      0.00      1.28     45.00      3.46     50.26

11:28:13          tps      rtps      wtps      dtps   bread/s   bwrtn/s   bdscd/s
11:28:15       133.00      0.00    133.00      0.00      0.00 223100.00      0.00

11:28:13    kbmemfree   kbavail kbmemused  %memused kbbuffers  kbcached  kbcommit   %commit  kbactive   kbinact   kbdirty
11:28:15       576080   1648436    128232      6.31        28   1190384    476404     23.46    231068   1031448    161112

11:28:15        CPU     %user     %nice   %system   %iowait    %steal     %idle
11:28:17        all      0.00      0.00      7.33     50.39      3.34     38.95

11:28:15          tps      rtps      wtps      dtps   bread/s   bwrtn/s   bdscd/s
11:28:17        69.50      0.00     69.50      0.00      0.00 163840.00      0.00

11:28:15    kbmemfree   kbavail kbmemused  %memused kbbuffers  kbcached  kbcommit   %commit  kbactive   kbinact   kbdirty
11:28:17       329156   1647752    128332      6.32        28   1436424    476404     23.46   1279644    228832     65656

11:28:17        CPU     %user     %nice   %system   %iowait    %steal     %idle
11:28:19        all      0.13      0.00      0.76     48.10      1.27     49.75

11:28:17          tps      rtps      wtps      dtps   bread/s   bwrtn/s   bdscd/s
11:28:19        38.50      0.00     38.50      0.00      0.00  94436.00      0.00

11:28:17    kbmemfree   kbavail kbmemused  %memused kbbuffers  kbcached  kbcommit   %commit  kbactive   kbinact   kbdirty
11:28:19       280644   1647916    128256      6.32        28   1484900    476404     23.46   1279648    277448    114288

11:28:19        CPU     %user     %nice   %system   %iowait    %steal     %idle
11:28:21        all      0.26      0.00      6.89     32.38      2.34     58.13

11:28:19          tps      rtps      wtps      dtps   bread/s   bwrtn/s   bdscd/s
11:28:21       136.00      0.00    136.00      0.00      0.00 338288.00      0.00

11:28:19    kbmemfree   kbavail kbmemused  %memused kbbuffers  kbcached  kbcommit   %commit  kbactive   kbinact   kbdirty
11:28:21      1043520   1648872    127928      6.30        28    723936    476404     23.46    231264    564744     13856

11:28:21        CPU     %user     %nice   %system   %iowait    %steal     %idle
11:28:23        all      0.13      0.00      4.29     38.75      2.99     53.84

11:28:21          tps      rtps      wtps      dtps   bread/s   bwrtn/s   bdscd/s
11:28:23       208.00      1.50    206.50      0.00     48.00 288296.00      0.00

11:28:21    kbmemfree   kbavail kbmemused  %memused kbbuffers  kbcached  kbcommit   %commit  kbactive   kbinact   kbdirty
11:28:23       708520   1648448    128364      6.32        28   1058200    476404     23.46    232112    898104    135328

11:28:23        CPU     %user     %nice   %system   %iowait    %steal     %idle
11:28:25        all      0.13      0.00      9.86     41.10      4.99     43.92

11:28:23          tps      rtps      wtps      dtps   bread/s   bwrtn/s   bdscd/s
11:28:25       221.00      0.00    221.00      0.00      0.00 412928.00      0.00

11:28:23    kbmemfree   kbavail kbmemused  %memused kbbuffers  kbcached  kbcommit   %commit  kbactive   kbinact   kbdirty
11:28:25       344820   1647996    128136      6.31        28   1420976    476404     23.46   1281392    211656     45684

11:28:25        CPU     %user     %nice   %system   %iowait    %steal     %idle
11:28:27        all      0.00      0.00      4.16     39.53      4.03     52.28

11:28:25          tps      rtps      wtps      dtps   bread/s   bwrtn/s   bdscd/s
11:28:27       107.50      0.00    107.50      0.00      0.00 268180.00      0.00

11:28:25    kbmemfree   kbavail kbmemused  %memused kbbuffers  kbcached  kbcommit   %commit  kbactive   kbinact   kbdirty
11:28:27      1132176   1646744    130428      6.42        28    633200    476404     23.46    232832    472456    143420

11:28:27        CPU     %user     %nice   %system   %iowait    %steal     %idle
11:28:29        all      0.13      0.00      4.30     35.29      3.26     57.03

11:28:27          tps      rtps      wtps      dtps   bread/s   bwrtn/s   bdscd/s
11:28:29       194.00      0.00    194.00      0.00      0.00 287880.00      0.00

11:28:27    kbmemfree   kbavail kbmemused  %memused kbbuffers  kbcached  kbcommit   %commit  kbactive   kbinact   kbdirty
11:28:29       818916   1646340    130620      6.43        28    945852    476404     23.46    232836    784996    149220

11:28:29        CPU     %user     %nice   %system   %iowait    %steal     %idle
11:28:31        all      0.26      0.00      4.88     41.59      4.36     48.91

11:28:29          tps      rtps      wtps      dtps   bread/s   bwrtn/s   bdscd/s
11:28:31       112.50      0.00    112.50      0.00      0.00 221252.00      0.00

11:28:29    kbmemfree   kbavail kbmemused  %memused kbbuffers  kbcached  kbcommit   %commit  kbactive   kbinact   kbdirty
11:28:31       600316   1645860    130492      6.43        28   1163612    476404     23.46    232836   1002836     16068

11:28:31        CPU     %user     %nice   %system   %iowait    %steal     %idle
11:28:33        all      0.26      0.00      8.80     34.82      3.83     52.30

11:28:31          tps      rtps      wtps      dtps   bread/s   bwrtn/s   bdscd/s
11:28:33        96.00      0.00     96.00      0.00      0.00 237608.00      0.00

11:28:31    kbmemfree   kbavail kbmemused  %memused kbbuffers  kbcached  kbcommit   %commit  kbactive   kbinact   kbdirty
11:28:33       326568   1646572    129292      6.37        28   1437744    476404     23.46   1281416    228404     63968

11:28:33        CPU     %user     %nice   %system   %iowait    %steal     %idle
11:28:35        all      0.00      0.00      0.26     50.19      1.03     48.52

11:28:33          tps      rtps      wtps      dtps   bread/s   bwrtn/s   bdscd/s
11:28:35        48.00      0.00     48.00      0.00      0.00 117996.00      0.00

11:28:33    kbmemfree   kbavail kbmemused  %memused kbbuffers  kbcached  kbcommit   %commit  kbactive   kbinact   kbdirty
11:28:35       219924   1646464    129464      6.38        28   1544248    476404     23.46   1281416    334828    137868

11:28:35        CPU     %user     %nice   %system   %iowait    %steal     %idle
11:28:37        all      0.13      0.00      1.51     72.13      1.01     25.22

11:28:35          tps      rtps      wtps      dtps   bread/s   bwrtn/s   bdscd/s
11:28:37         0.00      0.00      0.00      0.00      0.00      0.00      0.00

11:28:35    kbmemfree   kbavail kbmemused  %memused kbbuffers  kbcached  kbcommit   %commit  kbactive   kbinact   kbdirty
11:28:37       200548   1646464    129208      6.36        28   1563512    476404     23.46   1281416    354180      2016

11:28:37        CPU     %user     %nice   %system   %iowait    %steal     %idle
11:28:39        all      0.13      0.00     14.30     32.18      5.87     47.51

11:28:37          tps      rtps      wtps      dtps   bread/s   bwrtn/s   bdscd/s
11:28:39       329.00      0.00    329.00      0.00      0.00 570688.00      0.00

11:28:37    kbmemfree   kbavail kbmemused  %memused kbbuffers  kbcached  kbcommit   %commit  kbactive   kbinact   kbdirty
11:28:39       698180   1648680    128088      6.31        28   1068760    476404     23.46    232840    907956    130560

11:28:39        CPU     %user     %nice   %system   %iowait    %steal     %idle
11:28:41        all      0.51      0.00      4.10     42.38      3.33     49.68

11:28:39          tps      rtps      wtps      dtps   bread/s   bwrtn/s   bdscd/s
11:28:41        74.50      0.00     74.50      0.00      0.00 171264.00      0.00

11:28:39    kbmemfree   kbavail kbmemused  %memused kbbuffers  kbcached  kbcommit   %commit  kbactive   kbinact   kbdirty
11:28:41       495816   1648488    128084      6.31        28   1270616    476404     23.46    232840   1109896    156400

11:28:41        CPU     %user     %nice   %system   %iowait    %steal     %idle
11:28:43        all      0.26      0.00      2.83     50.90      2.57     43.44

11:28:41          tps      rtps      wtps      dtps   bread/s   bwrtn/s   bdscd/s
11:28:43        73.50      0.00     73.50      0.00      0.00 182332.00      0.00

11:28:41    kbmemfree   kbavail kbmemused  %memused kbbuffers  kbcached  kbcommit   %commit  kbactive   kbinact   kbdirty
11:28:43       390600   1648312    128016      6.30        28   1375548    476404     23.46    407824   1039832    106688

11:28:43        CPU     %user     %nice   %system   %iowait    %steal     %idle
11:28:45        all      0.38      0.00     12.95     36.54      6.28     43.85

11:28:43          tps      rtps      wtps      dtps   bread/s   bwrtn/s   bdscd/s
11:28:45       153.00      0.00    153.00      0.00      0.00 381400.00      0.00

11:28:43    kbmemfree   kbavail kbmemused  %memused kbbuffers  kbcached  kbcommit   %commit  kbactive   kbinact   kbdirty
11:28:45      1038088   1647704    129200      6.36        28    728172    476404     23.46    232876    567348    150488

11:28:45        CPU     %user     %nice   %system   %iowait    %steal     %idle
11:28:47        all      0.27      0.00      5.85     44.02      2.26     47.61

11:28:45          tps      rtps      wtps      dtps   bread/s   bwrtn/s   bdscd/s
11:28:47       213.50      0.00    213.50      0.00      0.00 301828.00      0.00

11:28:45    kbmemfree   kbavail kbmemused  %memused kbbuffers  kbcached  kbcommit   %commit  kbactive   kbinact   kbdirty
11:28:47       694384   1647728    129140      6.36        28   1071536    476404     23.46    232876    910692    135280

11:28:47        CPU     %user     %nice   %system   %iowait    %steal     %idle
11:28:49        all      0.26      0.00      3.39     46.48      2.22     47.65

11:28:47          tps      rtps      wtps      dtps   bread/s   bwrtn/s   bdscd/s
11:28:49       111.50      0.00    111.50      0.00      0.00 247216.00      0.00

11:28:47    kbmemfree   kbavail kbmemused  %memused kbbuffers  kbcached  kbcommit   %commit  kbactive   kbinact   kbdirty
11:28:49       497580   1648236    128168      6.31        28   1268736    476404     23.46    232884   1107844    156384

11:28:49        CPU     %user     %nice   %system   %iowait    %steal     %idle
11:28:51        all      0.38      0.00      9.74     38.59      3.97     47.31

11:28:49          tps      rtps      wtps      dtps   bread/s   bwrtn/s   bdscd/s
11:28:51       113.00      0.50    112.50      0.00     16.00 278024.00      0.00

11:28:49    kbmemfree   kbavail kbmemused  %memused kbbuffers  kbcached  kbcommit   %commit  kbactive   kbinact   kbdirty
11:28:51       251052   1648216    127936      6.30        28   1514952    476404     23.46   1281460    305496    143436

11:28:51        CPU     %user     %nice   %system   %iowait    %steal     %idle
11:28:53        all      0.00      0.00     10.75     36.28      6.07     46.90

11:28:51          tps      rtps      wtps      dtps   bread/s   bwrtn/s   bdscd/s
11:28:53       142.00      0.00    142.00      0.00      0.00 328928.00      0.00

11:28:51    kbmemfree   kbavail kbmemused  %memused kbbuffers  kbcached  kbcommit   %commit  kbactive   kbinact   kbdirty
11:28:53       938328   1649108    127964      6.30        28    829232    476404     23.46    232884    668408    166780

11:28:53        CPU     %user     %nice   %system   %iowait    %steal     %idle
11:28:55        all      0.13      0.00      3.08     31.92      4.87     60.00

11:28:53          tps      rtps      wtps      dtps   bread/s   bwrtn/s   bdscd/s
11:28:55       154.00      0.00    154.00      0.00      0.00 181708.00      0.00

11:28:53    kbmemfree   kbavail kbmemused  %memused kbbuffers  kbcached  kbcommit   %commit  kbactive   kbinact   kbdirty
11:28:55       755404   1648696    128352      6.32        28   1011608    476404     23.46    232884    850776    132340

11:28:55        CPU     %user     %nice   %system   %iowait    %steal     %idle
11:28:57        all      0.00      0.00      3.62     45.22      3.62     47.55

11:28:55          tps      rtps      wtps      dtps   bread/s   bwrtn/s   bdscd/s
11:28:57        68.50      0.50     68.00      0.00     16.00 140056.00      0.00

11:28:55    kbmemfree   kbavail kbmemused  %memused kbbuffers  kbcached  kbcommit   %commit  kbactive   kbinact   kbdirty
11:28:57       554232   1647784    128636      6.33        28   1211600    476404     23.46    233220   1050460     73636

11:28:57        CPU     %user     %nice   %system   %iowait    %steal     %idle
11:28:59        all      0.25      0.00     19.72     30.79      5.47     43.77

11:28:57          tps      rtps      wtps      dtps   bread/s   bwrtn/s   bdscd/s
11:28:59       272.00      0.00    272.00      0.00      0.00 542776.00      0.00

11:28:57    kbmemfree   kbavail kbmemused  %memused kbbuffers  kbcached  kbcommit   %commit  kbactive   kbinact   kbdirty
11:28:59       822180   1647120    129788      6.39        28    942804    476404     23.46    586308    428736    140180

11:28:59        CPU     %user     %nice   %system   %iowait    %steal     %idle
11:29:01        all      0.13      0.00      5.58     42.93      3.63     47.73

11:28:59          tps      rtps      wtps      dtps   bread/s   bwrtn/s   bdscd/s
11:29:01       152.00      0.00    152.00      0.00      0.00 224572.00      0.00

11:28:59    kbmemfree   kbavail kbmemused  %memused kbbuffers  kbcached  kbcommit   %commit  kbactive   kbinact   kbdirty
11:29:01       874832   1648568    128580      6.33        28    892120    476404     23.46    234060    730124    138892

11:29:01        CPU     %user     %nice   %system   %iowait    %steal     %idle
11:29:03        all      0.00      0.00      2.96     46.20      3.99     46.85

11:29:01          tps      rtps      wtps      dtps   bread/s   bwrtn/s   bdscd/s
11:29:03       137.00      0.00    137.00      0.00      0.00 234420.00      0.00

11:29:01    kbmemfree   kbavail kbmemused  %memused kbbuffers  kbcached  kbcommit   %commit  kbactive   kbinact   kbdirty
11:29:03       627768   1648220    128636      6.33        28   1138520    476404     23.46    234060    976560    158952

11:29:03        CPU     %user     %nice   %system   %iowait    %steal     %idle
11:29:05        all      0.13      0.00      2.58     48.65      3.48     45.16

11:29:03          tps      rtps      wtps      dtps   bread/s   bwrtn/s   bdscd/s
11:29:05        16.00      0.00     16.00      0.00      0.00  36272.00      0.00

11:29:03    kbmemfree   kbavail kbmemused  %memused kbbuffers  kbcached  kbcommit   %commit  kbactive   kbinact   kbdirty
11:29:05       551816   1647856    128772      6.34        28   1214016    476404     23.46    234060   1052060    148664

11:29:05        CPU     %user     %nice   %system   %iowait    %steal     %idle
11:29:07        all      0.00      0.00      4.81     65.69      3.47     26.03

11:29:05          tps      rtps      wtps      dtps   bread/s   bwrtn/s   bdscd/s
11:29:07        32.00      0.00     32.00      0.00      0.00  72620.00      0.00

11:29:05    kbmemfree   kbavail kbmemused  %memused kbbuffers  kbcached  kbcommit   %commit  kbactive   kbinact   kbdirty
11:29:07       530812   1647872    128592      6.33        28   1235080    476404     23.46    234060   1073072     18700

11:29:07        CPU     %user     %nice   %system   %iowait    %steal     %idle
11:29:09        all      0.39      0.00     19.40      5.86      4.30     70.05

11:29:07          tps      rtps      wtps      dtps   bread/s   bwrtn/s   bdscd/s
11:29:09       105.00      0.00    105.00      0.00      0.00 260500.00      0.00

11:29:07    kbmemfree   kbavail kbmemused  %memused kbbuffers  kbcached  kbcommit   %commit  kbactive   kbinact   kbdirty
11:29:09       389048   1648256    128500      6.33        28   1377016    476404     23.46    824964    624140    161104

11:29:09        CPU     %user     %nice   %system   %iowait    %steal     %idle
11:29:11        all      0.13      0.00     14.69     21.07      2.60     61.51

11:29:09          tps      rtps      wtps      dtps   bread/s   bwrtn/s   bdscd/s
11:29:11        48.00      0.00     48.00      0.00      0.00 121732.00      0.00

11:29:09    kbmemfree   kbavail kbmemused  %memused kbbuffers  kbcached  kbcommit   %commit  kbactive   kbinact   kbdirty
11:29:11       182236   1647504    128596      6.33        28   1582836    476404     23.46   1282668    372256    137956

11:29:11        CPU     %user     %nice   %system   %iowait    %steal     %idle
11:29:13        all      0.13      0.00      5.30     25.10      3.10     66.36

11:29:11          tps      rtps      wtps      dtps   bread/s   bwrtn/s   bdscd/s
11:29:13        63.50      0.00     63.50      0.00      0.00 156696.00      0.00

11:29:11    kbmemfree   kbavail kbmemused  %memused kbbuffers  kbcached  kbcommit   %commit  kbactive   kbinact   kbdirty
11:29:13      1066848   1646644    130408      6.42        28    698268    476404     23.46    234096    536276    164960

11:29:13        CPU     %user     %nice   %system   %iowait    %steal     %idle
11:29:15        all      0.00      0.00      4.87     37.63      1.18     56.32

11:29:13          tps      rtps      wtps      dtps   bread/s   bwrtn/s   bdscd/s
11:29:15       162.50      0.00    162.50      0.00      0.00 208752.00      0.00

11:29:13    kbmemfree   kbavail kbmemused  %memused kbbuffers  kbcached  kbcommit   %commit  kbactive   kbinact   kbdirty
11:29:15       831120   1646440    130540      6.43        28    933536    476404     23.46    234100    771532    162776

11:29:15        CPU     %user     %nice   %system   %iowait    %steal     %idle
11:29:17        all      0.13      0.00      5.09     43.60      1.44     49.74

11:29:15          tps      rtps      wtps      dtps   bread/s   bwrtn/s   bdscd/s
11:29:17        80.10      0.50     79.60      0.00     15.92 144604.98      0.00

11:29:15    kbmemfree   kbavail kbmemused  %memused kbbuffers  kbcached  kbcommit   %commit  kbactive   kbinact   kbdirty
11:29:17       675992   1647072    129572      6.38        28   1089200    476404     23.46    234116    927124     81524

11:29:17        CPU     %user     %nice   %system   %iowait    %steal     %idle
11:29:19        all      0.39      0.00      2.33     47.67      0.52     49.09

11:29:17          tps      rtps      wtps      dtps   bread/s   bwrtn/s   bdscd/s
11:29:19        23.00      0.00     23.00      0.00      0.00  49344.00      0.00

11:29:17    kbmemfree   kbavail kbmemused  %memused kbbuffers  kbcached  kbcommit   %commit  kbactive   kbinact   kbdirty
11:29:19       585820   1647212    129344      6.37        28   1179392    476404     23.46    234132   1017316    139036

11:29:19        CPU     %user     %nice   %system   %iowait    %steal     %idle
11:29:21        all      0.13      0.00      0.40     81.74      0.54     17.18

11:29:19          tps      rtps      wtps      dtps   bread/s   bwrtn/s   bdscd/s
11:29:21        22.00      0.00     22.00      0.00      0.00  52256.00      0.00

11:29:19    kbmemfree   kbavail kbmemused  %memused kbbuffers  kbcached  kbcommit   %commit  kbactive   kbinact   kbdirty
11:29:21       577204   1647016    129512      6.38        28   1187824    476404     23.46    234148   1025712    147468

11:29:21        CPU     %user     %nice   %system   %iowait    %steal     %idle
11:29:23        all      0.13      0.00      7.77     78.37      0.78     12.95

11:29:21          tps      rtps      wtps      dtps   bread/s   bwrtn/s   bdscd/s
11:29:23        80.00      0.00     80.00      0.00      0.00 195188.00      0.00

11:29:21    kbmemfree   kbavail kbmemused  %memused kbbuffers  kbcached  kbcommit   %commit  kbactive   kbinact   kbdirty
11:29:23       430680   1647032    129532      6.38        28   1334136    476404     23.46    234148   1172092    148272

11:29:23        CPU     %user     %nice   %system   %iowait    %steal     %idle
11:29:25        all      1.27      0.00     23.16      4.20      3.44     67.94

11:29:23          tps      rtps      wtps      dtps   bread/s   bwrtn/s   bdscd/s
11:29:25        51.00      0.00     51.00      0.00      0.00 123020.00      0.00

11:29:23    kbmemfree   kbavail kbmemused  %memused kbbuffers  kbcached  kbcommit   %commit  kbactive   kbinact   kbdirty
11:29:25       388060   1647368    129296      6.37        28   1377040    476404     23.46    809584    639556    158540

11:29:25        CPU     %user     %nice   %system   %iowait    %steal     %idle
11:29:27        all      0.13      0.00     19.07     27.06      4.90     48.84

11:29:25          tps      rtps      wtps      dtps   bread/s   bwrtn/s   bdscd/s
11:29:27       142.00      0.00    142.00      0.00      0.00 310792.00      0.00

11:29:25    kbmemfree   kbavail kbmemused  %memused kbbuffers  kbcached  kbcommit   %commit  kbactive   kbinact   kbdirty
11:29:27       981040   1647528    129408      6.37        28    784916    476404     23.46    234168    622840     47372

11:29:27        CPU     %user     %nice   %system   %iowait    %steal     %idle
11:29:29        all      0.13      0.00      0.39     48.18      1.43     49.87

11:29:27          tps      rtps      wtps      dtps   bread/s   bwrtn/s   bdscd/s
11:29:29       138.50      0.00    138.50      0.00      0.00 150492.00      0.00

11:29:27    kbmemfree   kbavail kbmemused  %memused kbbuffers  kbcached  kbcommit   %commit  kbactive   kbinact   kbdirty
11:29:29       886048   1647500    129340      6.37        28    879800    476404     23.46    234168    717700    142408

11:29:29        CPU     %user     %nice   %system   %iowait    %steal     %idle
11:29:31        all      0.00      0.00      2.68     54.21      3.83     39.29

11:29:29          tps      rtps      wtps      dtps   bread/s   bwrtn/s   bdscd/s
11:29:31        24.00      0.00     24.00      0.00      0.00  49280.00      0.00

11:29:29    kbmemfree   kbavail kbmemused  %memused kbbuffers  kbcached  kbcommit   %commit  kbactive   kbinact   kbdirty
11:29:31       754972   1646784    129936      6.40        28   1009992    476404     23.46    233964    848112    106436

11:29:31        CPU     %user     %nice   %system   %iowait    %steal     %idle
11:29:33        all      0.13      0.00      1.56     70.44      2.21     25.65

11:29:31          tps      rtps      wtps      dtps   bread/s   bwrtn/s   bdscd/s
11:29:33        71.00      0.00     71.00      0.00      0.00 146752.00      0.00

11:29:31    kbmemfree   kbavail kbmemused  %memused kbbuffers  kbcached  kbcommit   %commit  kbactive   kbinact   kbdirty
11:29:33       623312   1646724    129720      6.39        28   1141468    476404     23.46    234196    979328    116576

11:29:33        CPU     %user     %nice   %system   %iowait    %steal     %idle
11:29:35        all      0.13      0.00      8.22     63.03      1.80     26.83

11:29:33          tps      rtps      wtps      dtps   bread/s   bwrtn/s   bdscd/s
11:29:35       187.00      0.00    187.00      0.00      0.00 361480.00      0.00

11:29:33    kbmemfree   kbavail kbmemused  %memused kbbuffers  kbcached  kbcommit   %commit  kbactive   kbinact   kbdirty
11:29:35       386556   1646776    129760      6.39        28   1377992    476404     23.46    962916    487152    155100

11:29:35        CPU     %user     %nice   %system   %iowait    %steal     %idle
11:29:37        all      0.39      0.00      9.54     41.37      1.80     46.91

11:29:35          tps      rtps      wtps      dtps   bread/s   bwrtn/s   bdscd/s
11:29:37       126.50      0.00    126.50      0.00      0.00 316396.00      0.00

11:29:35    kbmemfree   kbavail kbmemused  %memused kbbuffers  kbcached  kbcommit   %commit  kbactive   kbinact   kbdirty
11:29:37      1098256   1647272    129844      6.39        28    667584    476404     23.46    235180    504516    166464

11:29:37        CPU     %user     %nice   %system   %iowait    %steal     %idle
11:29:39        all      0.25      0.00      3.81     45.69      4.31     45.94

11:29:37          tps      rtps      wtps      dtps   bread/s   bwrtn/s   bdscd/s
11:29:39       128.00      0.00    128.00      0.00      0.00 154016.00      0.00

11:29:37    kbmemfree   kbavail kbmemused  %memused kbbuffers  kbcached  kbcommit   %commit  kbactive   kbinact   kbdirty
11:29:39       867324   1647216    129792      6.39        28    898216    476404     23.46    235180    735144    143376

11:29:39        CPU     %user     %nice   %system   %iowait    %steal     %idle
11:29:41        all      0.13      0.00      3.65     45.18      3.26     47.79

11:29:39          tps      rtps      wtps      dtps   bread/s   bwrtn/s   bdscd/s
11:29:41       158.50      0.00    158.50      0.00      0.00 290740.00      0.00

11:29:39    kbmemfree   kbavail kbmemused  %memused kbbuffers  kbcached  kbcommit   %commit  kbactive   kbinact   kbdirty
11:29:41       616936   1648056    128452      6.33        28   1149256    476404     23.46    235184    986120    132620

11:29:41        CPU     %user     %nice   %system   %iowait    %steal     %idle
11:29:43        all      0.26      0.00      3.88     44.70      2.33     48.84

11:29:41          tps      rtps      wtps      dtps   bread/s   bwrtn/s   bdscd/s
11:29:43        97.50      0.00     97.50      0.00      0.00 239444.00      0.00

11:29:41    kbmemfree   kbavail kbmemused  %memused kbbuffers  kbcached  kbcommit   %commit  kbactive   kbinact   kbdirty
11:29:43       387704   1647852    128484      6.33        28   1378056    476404     23.46    402264   1047836    158996

11:29:43        CPU     %user     %nice   %system   %iowait    %steal     %idle
11:29:45        all      0.38      0.00     11.27     37.64      3.07     47.63

11:29:43          tps      rtps      wtps      dtps   bread/s   bwrtn/s   bdscd/s
11:29:45       139.00      0.00    139.00      0.00      0.00 343368.00      0.00

11:29:43    kbmemfree   kbavail kbmemused  %memused kbbuffers  kbcached  kbcommit   %commit  kbactive   kbinact   kbdirty
11:29:45      1085292   1647232    129752      6.39        28    680528    476404     23.46    235268    517328    144268

11:29:45        CPU     %user     %nice   %system   %iowait    %steal     %idle
11:29:47        all      0.13      0.00      4.85     28.10      2.81     64.11

11:29:45          tps      rtps      wtps      dtps   bread/s   bwrtn/s   bdscd/s
11:29:47       162.50      0.00    162.50      0.00      0.00 231308.00      0.00

11:29:45    kbmemfree   kbavail kbmemused  %memused kbbuffers  kbcached  kbcommit   %commit  kbactive   kbinact   kbdirty
11:29:47       810244   1647288    129616      6.38        28    955376    476404     23.46    235268    792120     48756

11:29:47        CPU     %user     %nice   %system   %iowait    %steal     %idle
11:29:49        all      0.00      0.00      0.78     21.89      2.07     75.26

11:29:47          tps      rtps      wtps      dtps   bread/s   bwrtn/s   bdscd/s
11:29:49         0.50      0.00      0.50      0.00      0.00      4.00      0.00

11:29:47    kbmemfree   kbavail kbmemused  %memused kbbuffers  kbcached  kbcommit   %commit  kbactive   kbinact   kbdirty
11:29:49       765576   1647420    129516      6.38        28   1000048    476404     23.46    235268    836872     93436

11:29:49        CPU     %user     %nice   %system   %iowait    %steal     %idle
11:29:51        all      0.13      0.00      0.38     24.08      2.04     73.38

11:29:49          tps      rtps      wtps      dtps   bread/s   bwrtn/s   bdscd/s
11:29:51        17.50      0.00     17.50      0.00      0.00  25292.00      0.00

11:29:49    kbmemfree   kbavail kbmemused  %memused kbbuffers  kbcached  kbcommit   %commit  kbactive   kbinact   kbdirty
11:29:51       744392   1647380    129560      6.38        28   1021172    476404     23.46    235268    857992    114560

11:29:51        CPU     %user     %nice   %system   %iowait    %steal     %idle
11:29:53        all      0.13      0.00      1.54     24.01      1.16     73.17

11:29:51          tps      rtps      wtps      dtps   bread/s   bwrtn/s   bdscd/s
11:29:53        70.50      0.00     70.50      0.00      0.00 128652.00      0.00

11:29:51    kbmemfree   kbavail kbmemused  %memused kbbuffers  kbcached  kbcommit   %commit  kbactive   kbinact   kbdirty
11:29:53       644220   1647400    129516      6.38        28   1121228    476404     23.46    235268    958072    149092

11:29:53        CPU     %user     %nice   %system   %iowait    %steal     %idle
11:29:55        all      0.00      0.00      3.70     37.76      3.57     54.97

11:29:53          tps      rtps      wtps      dtps   bread/s   bwrtn/s   bdscd/s
11:29:55       113.50      0.00    113.50      0.00      0.00 261224.00      0.00

11:29:53    kbmemfree   kbavail kbmemused  %memused kbbuffers  kbcached  kbcommit   %commit  kbactive   kbinact   kbdirty
11:29:55       436156   1647208    129488      6.38        28   1328936    476404     23.46    235512   1165468    127536

11:29:55        CPU     %user     %nice   %system   %iowait    %steal     %idle
11:29:57        all      0.25      0.00     14.94     32.03      3.54     49.24

11:29:55          tps      rtps      wtps      dtps   bread/s   bwrtn/s   bdscd/s
11:29:57        39.50      0.00     39.50      0.00      0.00  96440.00      0.00

11:29:55    kbmemfree   kbavail kbmemused  %memused kbbuffers  kbcached  kbcommit   %commit  kbactive   kbinact   kbdirty
11:29:57       325664   1646816    129692      6.39        28   1438856    476404     23.46   1284264    226688     63400

11:29:57        CPU     %user     %nice   %system   %iowait    %steal     %idle
11:29:59        all      0.13      0.00      1.16     49.16      2.72     46.83

11:29:57          tps      rtps      wtps      dtps   bread/s   bwrtn/s   bdscd/s
11:29:59        28.50      0.00     28.50      0.00      0.00  71072.00      0.00

11:29:57    kbmemfree   kbavail kbmemused  %memused kbbuffers  kbcached  kbcommit   %commit  kbactive   kbinact   kbdirty
11:29:59       234184   1646948    129424      6.37        28   1530380    476404     23.46   1284280    318172    154928

11:29:59        CPU     %user     %nice   %system   %iowait    %steal     %idle
11:30:01        all      0.38      0.00      7.54     27.49      2.94     61.64

11:29:59          tps      rtps      wtps      dtps   bread/s   bwrtn/s   bdscd/s
11:30:01        74.00      7.50     66.50      0.00    228.00 162712.00      0.00

11:29:59    kbmemfree   kbavail kbmemused  %memused kbbuffers  kbcached  kbcommit   %commit  kbactive   kbinact   kbdirty
11:30:01      1137972   1647116    130156      6.41        28    627672    476404     23.46    236376    463512    136556

11:30:01        CPU     %user     %nice   %system   %iowait    %steal     %idle
11:30:03        all      1.39      0.00     10.01     51.46      7.86     29.28

11:30:01          tps      rtps      wtps      dtps   bread/s   bwrtn/s   bdscd/s
11:30:03       316.50     24.50    292.00      0.00    900.00 357696.00      0.00

11:30:01    kbmemfree   kbavail kbmemused  %memused kbbuffers  kbcached  kbcommit   %commit  kbactive   kbinact   kbdirty
11:30:03       777192   1646700    130024      6.40        28    987904    476404     23.46    239884    819904    150592

11:30:03        CPU     %user     %nice   %system   %iowait    %steal     %idle
11:30:05        all      0.13      0.00      3.07     27.88      4.22     64.71

11:30:03          tps      rtps      wtps      dtps   bread/s   bwrtn/s   bdscd/s
11:30:05        86.00      0.00     86.00      0.00      0.00 157960.00      0.00

11:30:03    kbmemfree   kbavail kbmemused  %memused kbbuffers  kbcached  kbcommit   %commit  kbactive   kbinact   kbdirty
11:30:05       616080   1647576    129172      6.36        28   1149516    476404     23.46    240008    981624    136092

11:30:05        CPU     %user     %nice   %system   %iowait    %steal     %idle
11:30:08        all      0.25      0.00     10.97     20.47      8.26     60.05

11:30:05          tps      rtps      wtps      dtps   bread/s   bwrtn/s   bdscd/s
11:30:08       102.70      0.00    102.70      0.00      0.00 247419.82      0.00

11:30:05    kbmemfree   kbavail kbmemused  %memused kbbuffers  kbcached  kbcommit   %commit  kbactive   kbinact   kbdirty
11:30:08       381756   1647040    129176      6.36        28   1383148    476404     23.46   1152872    302348      3088

11:30:08        CPU     %user     %nice   %system   %iowait    %steal     %idle
11:30:10        all      0.13      0.00     11.45     37.71      4.76     45.95

11:30:08          tps      rtps      wtps      dtps   bread/s   bwrtn/s   bdscd/s
11:30:10       121.50      0.00    121.50      0.00      0.00 298276.00      0.00

11:30:08    kbmemfree   kbavail kbmemused  %memused kbbuffers  kbcached  kbcommit   %commit  kbactive   kbinact   kbdirty
11:30:10      1118240   1647888    129412      6.37        28    648332    476404     23.46    240056    480368    151648

11:30:10        CPU     %user     %nice   %system   %iowait    %steal     %idle
11:30:12        all      0.26      0.00      6.42     30.30      4.11     58.92

11:30:10          tps      rtps      wtps      dtps   bread/s   bwrtn/s   bdscd/s
11:30:12       165.84      0.00    165.84      0.00      0.00 235984.16      0.00

11:30:10    kbmemfree   kbavail kbmemused  %memused kbbuffers  kbcached  kbcommit   %commit  kbactive   kbinact   kbdirty
11:30:12       876900   1648980    128100      6.31        28    890680    476404     23.46    240060    722532    132152

11:30:12        CPU     %user     %nice   %system   %iowait    %steal     %idle
11:30:14        all      0.00      0.00      2.66     21.57      3.93     71.83

11:30:12          tps      rtps      wtps      dtps   bread/s   bwrtn/s   bdscd/s
11:30:14        49.00      0.00     49.00      0.00      0.00  74200.00      0.00

11:30:12    kbmemfree   kbavail kbmemused  %memused kbbuffers  kbcached  kbcommit   %commit  kbactive   kbinact   kbdirty
11:30:14       727408   1648800    128188      6.31        28   1039652    476404     23.46    240064    871680    112292

11:30:14        CPU     %user     %nice   %system   %iowait    %steal     %idle
11:30:16        all      0.00      0.00      9.03     18.71      4.65     67.61

11:30:14          tps      rtps      wtps      dtps   bread/s   bwrtn/s   bdscd/s
11:30:16       145.00      0.00    145.00      0.00      0.00 323172.00      0.00

11:30:14    kbmemfree   kbavail kbmemused  %memused kbbuffers  kbcached  kbcommit   %commit  kbactive   kbinact   kbdirty
11:30:16       454368   1647780    128500      6.33        28   1311580    476404     23.46    240064   1143436    130384

11:30:16        CPU     %user     %nice   %system   %iowait    %steal     %idle
11:30:18        all      0.51      0.00     16.31     17.83      4.97     60.38

11:30:16          tps      rtps      wtps      dtps   bread/s   bwrtn/s   bdscd/s
11:30:18        74.50      0.00     74.50      0.00      0.00 184320.00      0.00

11:30:16    kbmemfree   kbavail kbmemused  %memused kbbuffers  kbcached  kbcommit   %commit  kbactive   kbinact   kbdirty
11:30:18       383496   1648520    128132      6.31        28   1382900    476404     23.46   1088060    366916    161108

11:30:18        CPU     %user     %nice   %system   %iowait    %steal     %idle
11:30:20        all      0.26      0.00     14.76     30.81      4.75     49.42

11:30:18          tps      rtps      wtps      dtps   bread/s   bwrtn/s   bdscd/s
11:30:20       233.50      0.00    233.50      0.00      0.00 383208.00      0.00

11:30:18    kbmemfree   kbavail kbmemused  %memused kbbuffers  kbcached  kbcommit   %commit  kbactive   kbinact   kbdirty
11:30:20       896536   1649000    128084      6.31        28    870820    476404     23.46    240192    702744    154184

11:30:20        CPU     %user     %nice   %system   %iowait    %steal     %idle
11:30:22        all      0.39      0.00      2.46     30.74      2.46     63.94

11:30:20          tps      rtps      wtps      dtps   bread/s   bwrtn/s   bdscd/s
11:30:22        95.50      0.00     95.50      0.00      0.00 164616.00      0.00

11:30:20    kbmemfree   kbavail kbmemused  %memused kbbuffers  kbcached  kbcommit   %commit  kbactive   kbinact   kbdirty
11:30:22       716900   1648608    128216      6.31        28   1049860    476404     23.46    240336    881644    161268

11:30:22        CPU     %user     %nice   %system   %iowait    %steal     %idle
11:30:24        all      0.13      0.00      1.28     33.46      1.15     63.97

11:30:22          tps      rtps      wtps      dtps   bread/s   bwrtn/s   bdscd/s
11:30:24         0.00      0.00      0.00      0.00      0.00      0.00      0.00

11:30:22    kbmemfree   kbavail kbmemused  %memused kbbuffers  kbcached  kbcommit   %commit  kbactive   kbinact   kbdirty
11:30:24       713792   1648220    128332      6.32        28   1052580    476404     23.46    240336    884364      3096

11:30:24        CPU     %user     %nice   %system   %iowait    %steal     %idle
11:30:26        all      0.13      0.00      4.44     43.53      2.16     49.75

11:30:24          tps      rtps      wtps      dtps   bread/s   bwrtn/s   bdscd/s
11:30:26       157.00      0.00    157.00      0.00      0.00 370048.00      0.00

11:30:24    kbmemfree   kbavail kbmemused  %memused kbbuffers  kbcached  kbcommit   %commit  kbactive   kbinact   kbdirty
11:30:26       439644   1648092    128444      6.33        28   1326392    476404     23.46    240772   1157684    112924

11:30:26        CPU     %user     %nice   %system   %iowait    %steal     %idle
11:30:28        all      0.13      0.00     10.90     25.51      3.08     60.38

11:30:26          tps      rtps      wtps      dtps   bread/s   bwrtn/s   bdscd/s
11:30:28        94.00      0.00     94.00      0.00      0.00 234208.00      0.00

11:30:26    kbmemfree   kbavail kbmemused  %memused kbbuffers  kbcached  kbcommit   %commit  kbactive   kbinact   kbdirty
11:30:28       175208   1648100    128172      6.31        28   1590540    476404     23.46   1289628    372976    132520

11:30:28        CPU     %user     %nice   %system   %iowait    %steal     %idle
11:30:30        all      0.26      0.00      4.93     42.28      1.69     50.84

11:30:28          tps      rtps      wtps      dtps   bread/s   bwrtn/s   bdscd/s
11:30:30        71.50      0.00     71.50      0.00      0.00 178124.00      0.00

11:30:28    kbmemfree   kbavail kbmemused  %memused kbbuffers  kbcached  kbcommit   %commit  kbactive   kbinact   kbdirty
11:30:30      1046524   1647608    129400      6.37        28    719628    476404     23.46    241128    550580    143948

11:30:30        CPU     %user     %nice   %system   %iowait    %steal     %idle
11:30:32        all      0.13      0.00      3.93     53.08      0.92     41.94

11:30:30          tps      rtps      wtps      dtps   bread/s   bwrtn/s   bdscd/s
11:30:32       137.50      0.00    137.50      0.00      0.00 194912.00      0.00

11:30:30    kbmemfree   kbavail kbmemused  %memused kbbuffers  kbcached  kbcommit   %commit  kbactive   kbinact   kbdirty
11:30:32       837016   1648672    128316      6.32        28    930108    476404     23.46    241384    760720    145516

11:30:32        CPU     %user     %nice   %system   %iowait    %steal     %idle
11:30:34        all      0.00      0.00      2.30     71.39      1.02     25.29

11:30:32          tps      rtps      wtps      dtps   bread/s   bwrtn/s   bdscd/s
11:30:34        54.00      0.00     54.00      0.00      0.00  73768.00      0.00

11:30:32    kbmemfree   kbavail kbmemused  %memused kbbuffers  kbcached  kbcommit   %commit  kbactive   kbinact   kbdirty
11:30:34       729608   1647676    128900      6.35        28   1036436    476404     23.46    241176    867204     18292

11:30:34        CPU     %user     %nice   %system   %iowait    %steal     %idle
11:30:36        all      0.25      0.00      2.28     52.59      3.03     41.85

11:30:34          tps      rtps      wtps      dtps   bread/s   bwrtn/s   bdscd/s
11:30:36        81.50      0.00     81.50      0.00      0.00 153504.00      0.00

11:30:34    kbmemfree   kbavail kbmemused  %memused kbbuffers  kbcached  kbcommit   %commit  kbactive   kbinact   kbdirty
11:30:36       595856   1648472    128196      6.31        28   1170652    476404     23.46    241608   1001160    152076

11:30:36        CPU     %user     %nice   %system   %iowait    %steal     %idle
11:30:38        all      0.13      0.00      8.44     44.16      6.36     40.91

11:30:36          tps      rtps      wtps      dtps   bread/s   bwrtn/s   bdscd/s
11:30:38       152.50      0.00    152.50      0.00      0.00 267292.00      0.00

11:30:36    kbmemfree   kbavail kbmemused  %memused kbbuffers  kbcached  kbcommit   %commit  kbactive   kbinact   kbdirty
11:30:38       380972   1648356    128056      6.31        28   1385244    476404     23.46    241960   1215336    155896

11:30:38        CPU     %user     %nice   %system   %iowait    %steal     %idle
11:30:40        all      0.38      0.00     17.88     23.24      4.09     54.41

11:30:38          tps      rtps      wtps      dtps   bread/s   bwrtn/s   bdscd/s
11:30:40        30.00      0.00     30.00      0.00      0.00  74244.00      0.00

11:30:38    kbmemfree   kbavail kbmemused  %memused kbbuffers  kbcached  kbcommit   %commit  kbactive   kbinact   kbdirty
11:30:40       304976   1648516    127796      6.29        28   1461356    476404     23.46   1290540    242864     76316

11:30:40        CPU     %user     %nice   %system   %iowait    %steal     %idle
11:30:42        all      0.25      0.00      8.92     31.34      2.55     56.94

11:30:40          tps      rtps      wtps      dtps   bread/s   bwrtn/s   bdscd/s
11:30:42       107.00      0.00    107.00      0.00      0.00 264724.00      0.00

11:30:40    kbmemfree   kbavail kbmemused  %memused kbbuffers  kbcached  kbcommit   %commit  kbactive   kbinact   kbdirty
11:30:42      1123164   1646796    130312      6.42        28    642108    476404     23.46    242032    472192    142020

11:30:42        CPU     %user     %nice   %system   %iowait    %steal     %idle
11:30:44        all      0.26      0.00      7.59     32.56      2.57     57.01

11:30:42          tps      rtps      wtps      dtps   bread/s   bwrtn/s   bdscd/s
11:30:44       261.00     19.50    241.50      0.00   3180.00 368364.00      0.00

11:30:42    kbmemfree   kbavail kbmemused  %memused kbbuffers  kbcached  kbcommit   %commit  kbactive   kbinact   kbdirty
11:30:44       822060   1650832    128412      6.32        28    944972    417832     20.58    240528    774748      1252

11:30:44        CPU     %user     %nice   %system   %iowait    %steal     %idle
11:30:46        all      0.39      0.00      1.16      1.80      0.77     95.89

11:30:44          tps      rtps      wtps      dtps   bread/s   bwrtn/s   bdscd/s
11:30:46        65.50      0.00     65.50      0.00      0.00 140216.00      0.00

11:30:44    kbmemfree   kbavail kbmemused  %memused kbbuffers  kbcached  kbcommit   %commit  kbactive   kbinact   kbdirty
11:30:46      1430268   1651536    128476      6.33        28    338060    417832     20.58    240528    167876      1484

11:30:46        CPU     %user     %nice   %system   %iowait    %steal     %idle
11:30:48        all      0.37      0.00      0.37      0.00      0.37     98.88

11:30:46          tps      rtps      wtps      dtps   bread/s   bwrtn/s   bdscd/s
11:30:48         0.00      0.00      0.00      0.00      0.00      0.00      0.00

11:30:46    kbmemfree   kbavail kbmemused  %memused kbbuffers  kbcached  kbcommit   %commit  kbactive   kbinact   kbdirty
11:30:48      1430236   1651504    128508      6.33        28    338060    417832     20.58    240528    167876      1484

11:30:48        CPU     %user     %nice   %system   %iowait    %steal     %idle
11:30:50        all      0.64      0.00      0.38      0.00      0.51     98.47

11:30:48          tps      rtps      wtps      dtps   bread/s   bwrtn/s   bdscd/s
11:30:50         0.00      0.00      0.00      0.00      0.00      0.00      0.00

11:30:48    kbmemfree   kbavail kbmemused  %memused kbbuffers  kbcached  kbcommit   %commit  kbactive   kbinact   kbdirty
11:30:50      1430236   1651504    128508      6.33        28    338060    417832     20.58    240528    167876      1484

Average:        CPU     %user     %nice   %system   %iowait    %steal     %idle
Average:        all      0.25      0.00      8.54     34.75      3.37     53.08

Average:          tps      rtps      wtps      dtps   bread/s   bwrtn/s   bdscd/s
Average:       114.52      0.56    113.96      0.00    265.15 221735.53      0.00

Average:    kbmemfree   kbavail kbmemused  %memused kbbuffers  kbcached  kbcommit   %commit  kbactive   kbinact   kbdirty
Average:       619823   1647485    129047      6.35        29   1145613    475072     23.39    477591    740082    118505
