Linux 5.4.0-86-generic (flexran) 	12/13/21 	_x86_64_	(4 CPU)

16:45:10        CPU     %user     %nice   %system   %iowait    %steal     %idle
16:45:12        all      0.13      0.00      0.13      0.00      1.40     98.35

16:45:10          tps      rtps      wtps      dtps   bread/s   bwrtn/s   bdscd/s
16:45:12         0.00      0.00      0.00      0.00      0.00      0.00      0.00

16:45:10    kbmemfree   kbavail kbmemused  %memused kbbuffers  kbcached  kbcommit   %commit  kbactive   kbinact   kbdirty
16:45:12      1600852   1605308    177992      8.77         8    122064    503388     24.79    162856     78716       380

16:45:12        CPU     %user     %nice   %system   %iowait    %steal     %idle
16:45:14        all      0.25      0.00      0.25      0.00      1.02     98.47

16:45:12          tps      rtps      wtps      dtps   bread/s   bwrtn/s   bdscd/s
16:45:14         0.00      0.00      0.00      0.00      0.00      0.00      0.00

16:45:12    kbmemfree   kbavail kbmemused  %memused kbbuffers  kbcached  kbcommit   %commit  kbactive   kbinact   kbdirty
16:45:14      1600788   1605248    178048      8.77         8    122072    503388     24.79    162864     78716       388

16:45:14        CPU     %user     %nice   %system   %iowait    %steal     %idle
16:45:16        all      0.26      0.00      0.26      0.00      1.28     98.21

16:45:14          tps      rtps      wtps      dtps   bread/s   bwrtn/s   bdscd/s
16:45:16         0.00      0.00      0.00      0.00      0.00      0.00      0.00

16:45:14    kbmemfree   kbavail kbmemused  %memused kbbuffers  kbcached  kbcommit   %commit  kbactive   kbinact   kbdirty
16:45:16      1600820   1605280    178016      8.77         8    122072    503388     24.79    162864     78716       388

16:45:16        CPU     %user     %nice   %system   %iowait    %steal     %idle
16:45:18        all      0.13      0.00      0.38     12.33      0.76     86.40

16:45:16          tps      rtps      wtps      dtps   bread/s   bwrtn/s   bdscd/s
16:45:18         1.50      0.00      1.50      0.00      0.00     16.00      0.00

16:45:16    kbmemfree   kbavail kbmemused  %memused kbbuffers  kbcached  kbcommit   %commit  kbactive   kbinact   kbdirty
16:45:18      1600820   1605280    178016      8.77         8    122072    503388     24.79    162892     78716       368

16:45:18        CPU     %user     %nice   %system   %iowait    %steal     %idle
16:45:20        all      0.25      0.00      0.25      0.00      1.53     97.96

16:45:18          tps      rtps      wtps      dtps   bread/s   bwrtn/s   bdscd/s
16:45:20         0.00      0.00      0.00      0.00      0.00      0.00      0.00

16:45:18    kbmemfree   kbavail kbmemused  %memused kbbuffers  kbcached  kbcommit   %commit  kbactive   kbinact   kbdirty
16:45:20      1600820   1605280    178016      8.77         8    122072    503388     24.79    162928     78716       396

16:45:20        CPU     %user     %nice   %system   %iowait    %steal     %idle
16:45:22        all      0.00      0.00      0.25      7.52      1.91     90.32

16:45:20          tps      rtps      wtps      dtps   bread/s   bwrtn/s   bdscd/s
16:45:22         1.50      0.00      1.50      0.00      0.00     12.00      0.00

16:45:20    kbmemfree   kbavail kbmemused  %memused kbbuffers  kbcached  kbcommit   %commit  kbactive   kbinact   kbdirty
16:45:22      1600820   1605280    178016      8.77         8    122072    503388     24.79    162928     78716       400

16:45:22        CPU     %user     %nice   %system   %iowait    %steal     %idle
16:45:24        all      0.00      0.00      0.90      1.16      0.77     97.18

16:45:22          tps      rtps      wtps      dtps   bread/s   bwrtn/s   bdscd/s
16:45:24        12.00      0.00     12.00      0.00      0.00   3048.00      0.00

16:45:22    kbmemfree   kbavail kbmemused  %memused kbbuffers  kbcached  kbcommit   %commit  kbactive   kbinact   kbdirty
16:45:24      1600820   1605284    178012      8.77         8    122076    503388     24.79    162948     78700        16

16:45:24        CPU     %user     %nice   %system   %iowait    %steal     %idle
16:45:26        all      0.00      0.00      0.26      0.00      1.92     97.83

16:45:24          tps      rtps      wtps      dtps   bread/s   bwrtn/s   bdscd/s
16:45:26         0.00      0.00      0.00      0.00      0.00      0.00      0.00

16:45:24    kbmemfree   kbavail kbmemused  %memused kbbuffers  kbcached  kbcommit   %commit  kbactive   kbinact   kbdirty
16:45:26      1600852   1605316    177980      8.76         8    122076    503388     24.79    162948     78700        16

16:45:26        CPU     %user     %nice   %system   %iowait    %steal     %idle
16:45:28        all      0.00      0.00      0.13      0.00      1.15     98.72

16:45:26          tps      rtps      wtps      dtps   bread/s   bwrtn/s   bdscd/s
16:45:28         0.00      0.00      0.00      0.00      0.00      0.00      0.00

16:45:26    kbmemfree   kbavail kbmemused  %memused kbbuffers  kbcached  kbcommit   %commit  kbactive   kbinact   kbdirty
16:45:28      1600852   1605320    177972      8.76         8    122084    503388     24.79    162956     78700        24

16:45:28        CPU     %user     %nice   %system   %iowait    %steal     %idle
16:45:30        all      0.00      0.00      0.38      0.00      1.78     97.84

16:45:28          tps      rtps      wtps      dtps   bread/s   bwrtn/s   bdscd/s
16:45:30         0.00      0.00      0.00      0.00      0.00      0.00      0.00

16:45:28    kbmemfree   kbavail kbmemused  %memused kbbuffers  kbcached  kbcommit   %commit  kbactive   kbinact   kbdirty
16:45:30      1600820   1605288    178004      8.77         8    122084    503388     24.79    162956     78700        24

16:45:30        CPU     %user     %nice   %system   %iowait    %steal     %idle
16:45:32        all      0.13      0.00      0.13      0.00      1.40     98.35

16:45:30          tps      rtps      wtps      dtps   bread/s   bwrtn/s   bdscd/s
16:45:32         0.00      0.00      0.00      0.00      0.00      0.00      0.00

16:45:30    kbmemfree   kbavail kbmemused  %memused kbbuffers  kbcached  kbcommit   %commit  kbactive   kbinact   kbdirty
16:45:32      1600820   1605288    178004      8.77         8    122084    503388     24.79    162956     78700        24

16:45:32        CPU     %user     %nice   %system   %iowait    %steal     %idle
16:45:34        all      0.13      0.00      0.38      0.00      0.90     98.59

16:45:32          tps      rtps      wtps      dtps   bread/s   bwrtn/s   bdscd/s
16:45:34         0.00      0.00      0.00      0.00      0.00      0.00      0.00

16:45:32    kbmemfree   kbavail kbmemused  %memused kbbuffers  kbcached  kbcommit   %commit  kbactive   kbinact   kbdirty
16:45:34      1600820   1605288    178004      8.77         8    122084    503388     24.79    162956     78700        24

16:45:34        CPU     %user     %nice   %system   %iowait    %steal     %idle
16:45:36        all      0.25      0.00      0.00      0.00      0.25     99.49

16:45:34          tps      rtps      wtps      dtps   bread/s   bwrtn/s   bdscd/s
16:45:36         0.00      0.00      0.00      0.00      0.00      0.00      0.00

16:45:34    kbmemfree   kbavail kbmemused  %memused kbbuffers  kbcached  kbcommit   %commit  kbactive   kbinact   kbdirty
16:45:36      1600820   1605288    178004      8.77         8    122084    503388     24.79    162956     78700        24

16:45:36        CPU     %user     %nice   %system   %iowait    %steal     %idle
16:45:38        all      0.38      0.00      0.26      0.00      0.89     98.47

16:45:36          tps      rtps      wtps      dtps   bread/s   bwrtn/s   bdscd/s
16:45:38         0.00      0.00      0.00      0.00      0.00      0.00      0.00

16:45:36    kbmemfree   kbavail kbmemused  %memused kbbuffers  kbcached  kbcommit   %commit  kbactive   kbinact   kbdirty
16:45:38      1600852   1605320    177972      8.76         8    122084    503388     24.79    162956     78700        24

16:45:38        CPU     %user     %nice   %system   %iowait    %steal     %idle
16:45:40        all      0.26      0.00      0.26      0.00      0.77     98.72

16:45:38          tps      rtps      wtps      dtps   bread/s   bwrtn/s   bdscd/s
16:45:40         0.00      0.00      0.00      0.00      0.00      0.00      0.00

16:45:38    kbmemfree   kbavail kbmemused  %memused kbbuffers  kbcached  kbcommit   %commit  kbactive   kbinact   kbdirty
16:45:40      1600820   1605288    178000      8.77         8    122088    503388     24.79    162960     78700        28

16:45:40        CPU     %user     %nice   %system   %iowait    %steal     %idle
16:45:42        all      0.25      0.00      0.51      0.00      2.54     96.70

16:45:40          tps      rtps      wtps      dtps   bread/s   bwrtn/s   bdscd/s
16:45:42         0.00      0.00      0.00      0.00      0.00      0.00      0.00

16:45:40    kbmemfree   kbavail kbmemused  %memused kbbuffers  kbcached  kbcommit   %commit  kbactive   kbinact   kbdirty
16:45:42      1600820   1605292    177992      8.77         8    122096    503388     24.79    162964     78700        36

16:45:42        CPU     %user     %nice   %system   %iowait    %steal     %idle
16:45:44        all      0.64      0.00      0.64      0.00      1.53     97.20

16:45:42          tps      rtps      wtps      dtps   bread/s   bwrtn/s   bdscd/s
16:45:44         0.00      0.00      0.00      0.00      0.00      0.00      0.00

16:45:42    kbmemfree   kbavail kbmemused  %memused kbbuffers  kbcached  kbcommit   %commit  kbactive   kbinact   kbdirty
16:45:44      1600788   1605260    178024      8.77         8    122096    503388     24.79    162964     78700        36

16:45:44        CPU     %user     %nice   %system   %iowait    %steal     %idle
16:45:46        all      0.25      0.00      0.38      0.00      1.91     97.46

16:45:44          tps      rtps      wtps      dtps   bread/s   bwrtn/s   bdscd/s
16:45:46         0.00      0.00      0.00      0.00      0.00      0.00      0.00

16:45:44    kbmemfree   kbavail kbmemused  %memused kbbuffers  kbcached  kbcommit   %commit  kbactive   kbinact   kbdirty
16:45:46      1600788   1605260    178024      8.77         8    122096    503388     24.79    162964     78700        36

16:45:46        CPU     %user     %nice   %system   %iowait    %steal     %idle
16:45:48        all      0.13      0.00      0.51      0.00      0.64     98.73

16:45:46          tps      rtps      wtps      dtps   bread/s   bwrtn/s   bdscd/s
16:45:48         0.00      0.00      0.00      0.00      0.00      0.00      0.00

16:45:46    kbmemfree   kbavail kbmemused  %memused kbbuffers  kbcached  kbcommit   %commit  kbactive   kbinact   kbdirty
16:45:48      1600756   1605228    178056      8.77         8    122096    503388     24.79    162964     78700        36

16:45:48        CPU     %user     %nice   %system   %iowait    %steal     %idle
16:45:50        all      0.13      0.00      0.26      0.00      1.16     98.46

16:45:48          tps      rtps      wtps      dtps   bread/s   bwrtn/s   bdscd/s
16:45:50         0.00      0.00      0.00      0.00      0.00      0.00      0.00

16:45:48    kbmemfree   kbavail kbmemused  %memused kbbuffers  kbcached  kbcommit   %commit  kbactive   kbinact   kbdirty
16:45:50      1600820   1605292    177992      8.77         8    122096    503388     24.79    162964     78700        36

16:45:50        CPU     %user     %nice   %system   %iowait    %steal     %idle
16:45:52        all      0.13      0.00      0.38      0.00      2.53     96.96

16:45:50          tps      rtps      wtps      dtps   bread/s   bwrtn/s   bdscd/s
16:45:52         0.00      0.00      0.00      0.00      0.00      0.00      0.00

16:45:50    kbmemfree   kbavail kbmemused  %memused kbbuffers  kbcached  kbcommit   %commit  kbactive   kbinact   kbdirty
16:45:52      1600820   1605292    177992      8.77         8    122096    503388     24.79    162964     78700        36

16:45:52        CPU     %user     %nice   %system   %iowait    %steal     %idle
16:45:54        all      0.13      0.00      0.64      1.02      3.18     95.04

16:45:52          tps      rtps      wtps      dtps   bread/s   bwrtn/s   bdscd/s
16:45:54         1.49      0.00      1.49      0.00      0.00     35.82      0.00

16:45:52    kbmemfree   kbavail kbmemused  %memused kbbuffers  kbcached  kbcommit   %commit  kbactive   kbinact   kbdirty
16:45:54      1600852   1605328    177956      8.76         8    122100    503388     24.79    162972     78700       156

16:45:54        CPU     %user     %nice   %system   %iowait    %steal     %idle
16:45:56        all      0.00      0.00      0.00      0.00      1.92     98.08

16:45:54          tps      rtps      wtps      dtps   bread/s   bwrtn/s   bdscd/s
16:45:56         0.00      0.00      0.00      0.00      0.00      0.00      0.00

16:45:54    kbmemfree   kbavail kbmemused  %memused kbbuffers  kbcached  kbcommit   %commit  kbactive   kbinact   kbdirty
16:45:56      1600852   1605332    177948      8.76         8    122108    503388     24.79    162980     78700       168

16:45:56        CPU     %user     %nice   %system   %iowait    %steal     %idle
16:45:58        all      0.13      0.00      0.38      0.00      1.78     97.71

16:45:56          tps      rtps      wtps      dtps   bread/s   bwrtn/s   bdscd/s
16:45:58         0.00      0.00      0.00      0.00      0.00      0.00      0.00

16:45:56    kbmemfree   kbavail kbmemused  %memused kbbuffers  kbcached  kbcommit   %commit  kbactive   kbinact   kbdirty
16:45:58      1600820   1605300    177976      8.76         8    122112    503388     24.79    163000     78684       172

16:45:58        CPU     %user     %nice   %system   %iowait    %steal     %idle
16:46:00        all      0.26      0.00      0.38      0.00      0.64     98.72

16:45:58          tps      rtps      wtps      dtps   bread/s   bwrtn/s   bdscd/s
16:46:00         0.00      0.00      0.00      0.00      0.00      0.00      0.00

16:45:58    kbmemfree   kbavail kbmemused  %memused kbbuffers  kbcached  kbcommit   %commit  kbactive   kbinact   kbdirty
16:46:00      1600852   1605336    177940      8.76         8    122116    503388     24.79    163004     78684       176

16:46:00        CPU     %user     %nice   %system   %iowait    %steal     %idle
16:46:02        all      0.13      0.00      0.26      0.00      1.53     98.09

16:46:00          tps      rtps      wtps      dtps   bread/s   bwrtn/s   bdscd/s
16:46:02         0.00      0.00      0.00      0.00      0.00      0.00      0.00

16:46:00    kbmemfree   kbavail kbmemused  %memused kbbuffers  kbcached  kbcommit   %commit  kbactive   kbinact   kbdirty
16:46:02      1600820   1605304    177968      8.76         8    122120    503388     24.79    163008     78684       180

16:46:02        CPU     %user     %nice   %system   %iowait    %steal     %idle
16:46:04        all      0.13      0.00      0.38      0.00      2.55     96.94

16:46:02          tps      rtps      wtps      dtps   bread/s   bwrtn/s   bdscd/s
16:46:04         0.00      0.00      0.00      0.00      0.00      0.00      0.00

16:46:02    kbmemfree   kbavail kbmemused  %memused kbbuffers  kbcached  kbcommit   %commit  kbactive   kbinact   kbdirty
16:46:04      1600852   1605340    177932      8.76         8    122124    503388     24.79    163012     78684       184

16:46:04        CPU     %user     %nice   %system   %iowait    %steal     %idle
16:46:06        all      0.13      0.00      0.13      0.00      1.91     97.84

16:46:04          tps      rtps      wtps      dtps   bread/s   bwrtn/s   bdscd/s
16:46:06         0.00      0.00      0.00      0.00      0.00      0.00      0.00

16:46:04    kbmemfree   kbavail kbmemused  %memused kbbuffers  kbcached  kbcommit   %commit  kbactive   kbinact   kbdirty
16:46:06      1600820   1605308    177964      8.76         8    122124    503388     24.79    163012     78684       184

16:46:06        CPU     %user     %nice   %system   %iowait    %steal     %idle
16:46:08        all      0.25      0.00      0.50      0.00      1.51     97.74

16:46:06          tps      rtps      wtps      dtps   bread/s   bwrtn/s   bdscd/s
16:46:08         0.00      0.00      0.00      0.00      0.00      0.00      0.00

16:46:06    kbmemfree   kbavail kbmemused  %memused kbbuffers  kbcached  kbcommit   %commit  kbactive   kbinact   kbdirty
16:46:08      1600788   1605276    177996      8.77         8    122124    503388     24.79    163012     78684       184

16:46:08        CPU     %user     %nice   %system   %iowait    %steal     %idle
16:46:10        all      0.00      0.00      0.00      0.00      0.90     99.10

16:46:08          tps      rtps      wtps      dtps   bread/s   bwrtn/s   bdscd/s
16:46:10         0.00      0.00      0.00      0.00      0.00      0.00      0.00

16:46:08    kbmemfree   kbavail kbmemused  %memused kbbuffers  kbcached  kbcommit   %commit  kbactive   kbinact   kbdirty
16:46:10      1600600   1605088    178176      8.77         8    122132    503388     24.79    163012     78684       192

16:46:10        CPU     %user     %nice   %system   %iowait    %steal     %idle
16:46:12        all      0.13      0.00      0.26      0.00      0.89     98.72

16:46:10          tps      rtps      wtps      dtps   bread/s   bwrtn/s   bdscd/s
16:46:12         0.00      0.00      0.00      0.00      0.00      0.00      0.00

16:46:10    kbmemfree   kbavail kbmemused  %memused kbbuffers  kbcached  kbcommit   %commit  kbactive   kbinact   kbdirty
16:46:12      1600568   1605056    178208      8.78         8    122132    503388     24.79    163012     78684       192

16:46:12        CPU     %user     %nice   %system   %iowait    %steal     %idle
16:46:14        all      0.13      0.00      0.26      0.00      0.89     98.72

16:46:12          tps      rtps      wtps      dtps   bread/s   bwrtn/s   bdscd/s
16:46:14         0.00      0.00      0.00      0.00      0.00      0.00      0.00

16:46:12    kbmemfree   kbavail kbmemused  %memused kbbuffers  kbcached  kbcommit   %commit  kbactive   kbinact   kbdirty
16:46:14      1600536   1605024    178240      8.78         8    122132    503388     24.79    163012     78684       192

16:46:14        CPU     %user     %nice   %system   %iowait    %steal     %idle
16:46:16        all      0.00      0.00      0.38      0.00      1.65     97.97

16:46:14          tps      rtps      wtps      dtps   bread/s   bwrtn/s   bdscd/s
16:46:16         0.00      0.00      0.00      0.00      0.00      0.00      0.00

16:46:14    kbmemfree   kbavail kbmemused  %memused kbbuffers  kbcached  kbcommit   %commit  kbactive   kbinact   kbdirty
16:46:16      1600568   1605056    178208      8.78         8    122132    503388     24.79    163012     78684       192

16:46:16        CPU     %user     %nice   %system   %iowait    %steal     %idle
16:46:18        all      0.13      0.00      0.88      0.00      5.51     93.49

16:46:16          tps      rtps      wtps      dtps   bread/s   bwrtn/s   bdscd/s
16:46:18         0.00      0.00      0.00      0.00      0.00      0.00      0.00

16:46:16    kbmemfree   kbavail kbmemused  %memused kbbuffers  kbcached  kbcommit   %commit  kbactive   kbinact   kbdirty
16:46:18      1600600   1605088    178172      8.77         8    122136    503388     24.79    163012     78684       196

16:46:18        CPU     %user     %nice   %system   %iowait    %steal     %idle
16:46:20        all      0.13      0.00      0.63      0.00      4.53     94.71

16:46:18          tps      rtps      wtps      dtps   bread/s   bwrtn/s   bdscd/s
16:46:20         0.00      0.00      0.00      0.00      0.00      0.00      0.00

16:46:18    kbmemfree   kbavail kbmemused  %memused kbbuffers  kbcached  kbcommit   %commit  kbactive   kbinact   kbdirty
16:46:20      1600568   1605056    178204      8.78         8    122136    503388     24.79    163012     78684       196

16:46:20        CPU     %user     %nice   %system   %iowait    %steal     %idle
16:46:22        all      0.13      0.00      0.76      0.00      2.42     96.69

16:46:20          tps      rtps      wtps      dtps   bread/s   bwrtn/s   bdscd/s
16:46:22         0.00      0.00      0.00      0.00      0.00      0.00      0.00

16:46:20    kbmemfree   kbavail kbmemused  %memused kbbuffers  kbcached  kbcommit   %commit  kbactive   kbinact   kbdirty
16:46:22      1600632   1605120    178140      8.77         8    122136    503388     24.79    163012     78684       196

16:46:22        CPU     %user     %nice   %system   %iowait    %steal     %idle
16:46:24        all      0.26      0.00      0.26      0.00      0.89     98.60

16:46:22          tps      rtps      wtps      dtps   bread/s   bwrtn/s   bdscd/s
16:46:24         1.00      0.00      1.00      0.00      0.00     28.00      0.00

16:46:22    kbmemfree   kbavail kbmemused  %memused kbbuffers  kbcached  kbcommit   %commit  kbactive   kbinact   kbdirty
16:46:24      1600568   1605056    178196      8.78         8    122144    503388     24.79    163012     78684       180

16:46:24        CPU     %user     %nice   %system   %iowait    %steal     %idle
16:46:26        all      0.00      0.00      0.51      7.21      1.03     91.25

16:46:24          tps      rtps      wtps      dtps   bread/s   bwrtn/s   bdscd/s
16:46:26         2.50      0.00      2.50      0.00      0.00    896.00      0.00

16:46:24    kbmemfree   kbavail kbmemused  %memused kbbuffers  kbcached  kbcommit   %commit  kbactive   kbinact   kbdirty
16:46:26      1600600   1605100    178164      8.77         8    122144    503388     24.79    163112     78620       452

16:46:26        CPU     %user     %nice   %system   %iowait    %steal     %idle
16:46:28        all      0.26      0.00      0.26     25.16      0.90     73.43

16:46:26          tps      rtps      wtps      dtps   bread/s   bwrtn/s   bdscd/s
16:46:28         7.00      0.00      7.00      0.00      0.00    896.00      0.00

16:46:26    kbmemfree   kbavail kbmemused  %memused kbbuffers  kbcached  kbcommit   %commit  kbactive   kbinact   kbdirty
16:46:28      1600568   1605068    178196      8.78         8    122144    503388     24.79    163112     78620        36

16:46:28        CPU     %user     %nice   %system   %iowait    %steal     %idle
16:46:30        all      0.00      0.00      0.38      2.79      2.66     94.16

16:46:28          tps      rtps      wtps      dtps   bread/s   bwrtn/s   bdscd/s
16:46:30         2.00      0.00      2.00      0.00      0.00     40.00      0.00

16:46:28    kbmemfree   kbavail kbmemused  %memused kbbuffers  kbcached  kbcommit   %commit  kbactive   kbinact   kbdirty
16:46:30      1600568   1605068    178196      8.78         8    122144    503388     24.79    163112     78620       140

16:46:30        CPU     %user     %nice   %system   %iowait    %steal     %idle
16:46:32        all      0.13      0.00      0.38      0.00      2.16     97.34

16:46:30          tps      rtps      wtps      dtps   bread/s   bwrtn/s   bdscd/s
16:46:32         0.00      0.00      0.00      0.00      0.00      0.00      0.00

16:46:30    kbmemfree   kbavail kbmemused  %memused kbbuffers  kbcached  kbcommit   %commit  kbactive   kbinact   kbdirty
16:46:32      1600600   1605100    178160      8.77         8    122148    503388     24.79    163112     78620       144

16:46:32        CPU     %user     %nice   %system   %iowait    %steal     %idle
16:46:34        all      0.38      0.00      0.26      0.00      0.89     98.47

16:46:32          tps      rtps      wtps      dtps   bread/s   bwrtn/s   bdscd/s
16:46:34         0.00      0.00      0.00      0.00      0.00      0.00      0.00

16:46:32    kbmemfree   kbavail kbmemused  %memused kbbuffers  kbcached  kbcommit   %commit  kbactive   kbinact   kbdirty
16:46:34      1600568   1605068    178192      8.78         8    122148    503388     24.79    163112     78620       144

16:46:34        CPU     %user     %nice   %system   %iowait    %steal     %idle
16:46:36        all      0.13      0.00      0.00      0.00      0.13     99.74

16:46:34          tps      rtps      wtps      dtps   bread/s   bwrtn/s   bdscd/s
16:46:36         0.00      0.00      0.00      0.00      0.00      0.00      0.00

16:46:34    kbmemfree   kbavail kbmemused  %memused kbbuffers  kbcached  kbcommit   %commit  kbactive   kbinact   kbdirty
16:46:36      1600632   1605132    178128      8.77         8    122148    503388     24.79    163112     78620       144

16:46:36        CPU     %user     %nice   %system   %iowait    %steal     %idle
16:46:38        all      0.13      0.00      0.25      0.00      0.89     98.73

16:46:36          tps      rtps      wtps      dtps   bread/s   bwrtn/s   bdscd/s
16:46:38         0.00      0.00      0.00      0.00      0.00      0.00      0.00

16:46:36    kbmemfree   kbavail kbmemused  %memused kbbuffers  kbcached  kbcommit   %commit  kbactive   kbinact   kbdirty
16:46:38      1600568   1605068    178184      8.77         8    122156    503388     24.79    163112     78620       152

16:46:38        CPU     %user     %nice   %system   %iowait    %steal     %idle
16:46:40        all      0.38      0.00      0.13      0.00      1.90     97.59

16:46:38          tps      rtps      wtps      dtps   bread/s   bwrtn/s   bdscd/s
16:46:40         0.00      0.00      0.00      0.00      0.00      0.00      0.00

16:46:38    kbmemfree   kbavail kbmemused  %memused kbbuffers  kbcached  kbcommit   %commit  kbactive   kbinact   kbdirty
16:46:40      1600568   1605068    178184      8.77         8    122156    503388     24.79    163112     78620       152

16:46:40        CPU     %user     %nice   %system   %iowait    %steal     %idle
16:46:42        all      0.50      0.00      0.62      0.00      3.61     95.27

16:46:40          tps      rtps      wtps      dtps   bread/s   bwrtn/s   bdscd/s
16:46:42         0.00      0.00      0.00      0.00      0.00      0.00      0.00

16:46:40    kbmemfree   kbavail kbmemused  %memused kbbuffers  kbcached  kbcommit   %commit  kbactive   kbinact   kbdirty
16:46:42      1600568   1605068    178180      8.77         8    122160    503388     24.79    163116     78620       156

16:46:42        CPU     %user     %nice   %system   %iowait    %steal     %idle
16:46:44        all      0.37      0.00      0.75      0.00      5.60     93.28

16:46:42          tps      rtps      wtps      dtps   bread/s   bwrtn/s   bdscd/s
16:46:44         0.00      0.00      0.00      0.00      0.00      0.00      0.00

16:46:42    kbmemfree   kbavail kbmemused  %memused kbbuffers  kbcached  kbcommit   %commit  kbactive   kbinact   kbdirty
16:46:44      1600568   1605068    178180      8.77         8    122160    503388     24.79    163116     78620       156

16:46:44        CPU     %user     %nice   %system   %iowait    %steal     %idle
16:46:46        all      0.26      0.00      0.13      0.00      1.02     98.59

16:46:44          tps      rtps      wtps      dtps   bread/s   bwrtn/s   bdscd/s
16:46:46         0.00      0.00      0.00      0.00      0.00      0.00      0.00

16:46:44    kbmemfree   kbavail kbmemused  %memused kbbuffers  kbcached  kbcommit   %commit  kbactive   kbinact   kbdirty
16:46:46      1600568   1605068    178176      8.77         8    122164    503388     24.79    163116     78620       160

16:46:46        CPU     %user     %nice   %system   %iowait    %steal     %idle
16:46:48        all      0.00      0.00      0.26      0.00      1.66     98.09

16:46:46          tps      rtps      wtps      dtps   bread/s   bwrtn/s   bdscd/s
16:46:48         0.00      0.00      0.00      0.00      0.00      0.00      0.00

16:46:46    kbmemfree   kbavail kbmemused  %memused kbbuffers  kbcached  kbcommit   %commit  kbactive   kbinact   kbdirty
16:46:48      1600600   1605104    178140      8.77         8    122168    503388     24.79    163120     78620       164

16:46:48        CPU     %user     %nice   %system   %iowait    %steal     %idle
16:46:50        all      0.13      0.00      0.13      0.00      1.53     98.21

16:46:48          tps      rtps      wtps      dtps   bread/s   bwrtn/s   bdscd/s
16:46:50         0.00      0.00      0.00      0.00      0.00      0.00      0.00

16:46:48    kbmemfree   kbavail kbmemused  %memused kbbuffers  kbcached  kbcommit   %commit  kbactive   kbinact   kbdirty
16:46:50      1600568   1605072    178172      8.77         8    122168    503388     24.79    163120     78620       164

16:46:50        CPU     %user     %nice   %system   %iowait    %steal     %idle
16:46:52        all      0.13      0.00      0.13      0.00      0.90     98.85

16:46:50          tps      rtps      wtps      dtps   bread/s   bwrtn/s   bdscd/s
16:46:52         0.00      0.00      0.00      0.00      0.00      0.00      0.00

16:46:50    kbmemfree   kbavail kbmemused  %memused kbbuffers  kbcached  kbcommit   %commit  kbactive   kbinact   kbdirty
16:46:52      1600568   1605072    178172      8.77         8    122168    503388     24.79    163120     78620       164

16:46:52        CPU     %user     %nice   %system   %iowait    %steal     %idle
16:46:54        all      0.00      0.00      0.38      0.00      2.04     97.58

16:46:52          tps      rtps      wtps      dtps   bread/s   bwrtn/s   bdscd/s
16:46:54         0.50      0.00      0.50      0.00      0.00     20.00      0.00

16:46:52    kbmemfree   kbavail kbmemused  %memused kbbuffers  kbcached  kbcommit   %commit  kbactive   kbinact   kbdirty
16:46:54      1600568   1605072    178168      8.77         8    122172    503388     24.79    163120     78620       168

16:46:54        CPU     %user     %nice   %system   %iowait    %steal     %idle
16:46:56        all      0.25      0.00      0.64      0.00      3.57     95.54

16:46:54          tps      rtps      wtps      dtps   bread/s   bwrtn/s   bdscd/s
16:46:56         0.00      0.00      0.00      0.00      0.00      0.00      0.00

16:46:54    kbmemfree   kbavail kbmemused  %memused kbbuffers  kbcached  kbcommit   %commit  kbactive   kbinact   kbdirty
16:46:56      1600632   1605136    178096      8.77         8    122180    503388     24.79    163136     78604       208

16:46:56        CPU     %user     %nice   %system   %iowait    %steal     %idle
16:46:58        all      0.38      0.00      0.13      0.00      1.78     97.71

16:46:56          tps      rtps      wtps      dtps   bread/s   bwrtn/s   bdscd/s
16:46:58         0.00      0.00      0.00      0.00      0.00      0.00      0.00

16:46:56    kbmemfree   kbavail kbmemused  %memused kbbuffers  kbcached  kbcommit   %commit  kbactive   kbinact   kbdirty
16:46:58      1600568   1605072    178156      8.77         8    122184    503388     24.79    163136     78604       212

16:46:58        CPU     %user     %nice   %system   %iowait    %steal     %idle
16:47:00        all      0.13      0.00      0.38      0.00      2.29     97.20

16:46:58          tps      rtps      wtps      dtps   bread/s   bwrtn/s   bdscd/s
16:47:00         0.50      0.00      0.50      0.00      0.00     12.00      0.00

16:46:58    kbmemfree   kbavail kbmemused  %memused kbbuffers  kbcached  kbcommit   %commit  kbactive   kbinact   kbdirty
16:47:00      1600536   1605040    178188      8.77         8    122184    503388     24.79    163136     78604       200

16:47:00        CPU     %user     %nice   %system   %iowait    %steal     %idle
16:47:02        all      0.13      0.00      0.77     22.70      1.91     74.49

16:47:00          tps      rtps      wtps      dtps   bread/s   bwrtn/s   bdscd/s
16:47:02         3.50      0.00      3.50      0.00      0.00    768.00      0.00

16:47:00    kbmemfree   kbavail kbmemused  %memused kbbuffers  kbcached  kbcommit   %commit  kbactive   kbinact   kbdirty
16:47:02      1600820   1605324    177900      8.76         8    122188    503388     24.79    163184     78556        64

16:47:02        CPU     %user     %nice   %system   %iowait    %steal     %idle
16:47:04        all      0.13      0.00      0.25      5.73      1.65     92.24

16:47:02          tps      rtps      wtps      dtps   bread/s   bwrtn/s   bdscd/s
16:47:04         7.00      0.00      7.00      0.00      0.00    660.00      0.00

16:47:02    kbmemfree   kbavail kbmemused  %memused kbbuffers  kbcached  kbcommit   %commit  kbactive   kbinact   kbdirty
16:47:04      1600852   1605356    177868      8.76         8    122188    503388     24.79    163184     78556        64

16:47:04        CPU     %user     %nice   %system   %iowait    %steal     %idle
16:47:06        all      0.00      0.00      0.76      0.00      1.78     97.46

16:47:04          tps      rtps      wtps      dtps   bread/s   bwrtn/s   bdscd/s
16:47:06         0.00      0.00      0.00      0.00      0.00      0.00      0.00

16:47:04    kbmemfree   kbavail kbmemused  %memused kbbuffers  kbcached  kbcommit   %commit  kbactive   kbinact   kbdirty
16:47:06      1600820   1605324    177900      8.76         8    122188    503388     24.79    163208     78532       152

16:47:06        CPU     %user     %nice   %system   %iowait    %steal     %idle
16:47:08        all      0.38      0.00      0.25      0.00      1.02     98.34

16:47:06          tps      rtps      wtps      dtps   bread/s   bwrtn/s   bdscd/s
16:47:08         0.00      0.00      0.00      0.00      0.00      0.00      0.00

16:47:06    kbmemfree   kbavail kbmemused  %memused kbbuffers  kbcached  kbcommit   %commit  kbactive   kbinact   kbdirty
16:47:08      1600820   1605324    177892      8.76         8    122196    503388     24.79    163208     78532       160

16:47:08        CPU     %user     %nice   %system   %iowait    %steal     %idle
16:47:10        all      0.13      0.00      0.38      0.00      1.90     97.59

16:47:08          tps      rtps      wtps      dtps   bread/s   bwrtn/s   bdscd/s
16:47:10         0.00      0.00      0.00      0.00      0.00      0.00      0.00

16:47:08    kbmemfree   kbavail kbmemused  %memused kbbuffers  kbcached  kbcommit   %commit  kbactive   kbinact   kbdirty
16:47:10      1600852   1605356    177860      8.76         8    122196    503388     24.79    163208     78532       160

16:47:10        CPU     %user     %nice   %system   %iowait    %steal     %idle
16:47:12        all      0.00      0.00      0.64      0.00      1.40     97.96

16:47:10          tps      rtps      wtps      dtps   bread/s   bwrtn/s   bdscd/s
16:47:12         0.00      0.00      0.00      0.00      0.00      0.00      0.00

16:47:10    kbmemfree   kbavail kbmemused  %memused kbbuffers  kbcached  kbcommit   %commit  kbactive   kbinact   kbdirty
16:47:12      1600852   1605356    177856      8.76         8    122200    503388     24.79    163208     78532       164

16:47:12        CPU     %user     %nice   %system   %iowait    %steal     %idle
16:47:14        all      0.25      0.00      0.76      0.00      2.40     96.60

16:47:12          tps      rtps      wtps      dtps   bread/s   bwrtn/s   bdscd/s
16:47:14         0.00      0.00      0.00      0.00      0.00      0.00      0.00

16:47:12    kbmemfree   kbavail kbmemused  %memused kbbuffers  kbcached  kbcommit   %commit  kbactive   kbinact   kbdirty
16:47:14      1600788   1605292    177920      8.76         8    122200    503388     24.79    163208     78532       164

16:47:14        CPU     %user     %nice   %system   %iowait    %steal     %idle
16:47:16        all      0.00      0.00      0.13      0.00      1.03     98.84

16:47:14          tps      rtps      wtps      dtps   bread/s   bwrtn/s   bdscd/s
16:47:16         0.00      0.00      0.00      0.00      0.00      0.00      0.00

16:47:14    kbmemfree   kbavail kbmemused  %memused kbbuffers  kbcached  kbcommit   %commit  kbactive   kbinact   kbdirty
16:47:16      1600852   1605356    177856      8.76         8    122200    503388     24.79    163208     78532       164

16:47:16        CPU     %user     %nice   %system   %iowait    %steal     %idle
16:47:18        all      0.25      0.00      0.13      0.00      2.66     96.95

16:47:16          tps      rtps      wtps      dtps   bread/s   bwrtn/s   bdscd/s
16:47:18         0.00      0.00      0.00      0.00      0.00      0.00      0.00

16:47:16    kbmemfree   kbavail kbmemused  %memused kbbuffers  kbcached  kbcommit   %commit  kbactive   kbinact   kbdirty
16:47:18      1600852   1605356    177856      8.76         8    122200    503388     24.79    163208     78532       164

16:47:18        CPU     %user     %nice   %system   %iowait    %steal     %idle
16:47:20        all      0.51      0.00      0.25      0.00      2.53     96.70

16:47:18          tps      rtps      wtps      dtps   bread/s   bwrtn/s   bdscd/s
16:47:20         0.00      0.00      0.00      0.00      0.00      0.00      0.00

16:47:18    kbmemfree   kbavail kbmemused  %memused kbbuffers  kbcached  kbcommit   %commit  kbactive   kbinact   kbdirty
16:47:20      1600820   1605324    177888      8.76         8    122200    503388     24.79    163208     78532       164

16:47:20        CPU     %user     %nice   %system   %iowait    %steal     %idle
16:47:22        all      0.38      0.00      0.63      0.00      4.52     94.47

16:47:20          tps      rtps      wtps      dtps   bread/s   bwrtn/s   bdscd/s
16:47:22         0.00      0.00      0.00      0.00      0.00      0.00      0.00

16:47:20    kbmemfree   kbavail kbmemused  %memused kbbuffers  kbcached  kbcommit   %commit  kbactive   kbinact   kbdirty
16:47:22      1600852   1605356    177848      8.76         8    122208    503388     24.79    163208     78532       172

16:47:22        CPU     %user     %nice   %system   %iowait    %steal     %idle
16:47:24        all      0.89      0.00      0.13      0.00      1.40     97.57

16:47:22          tps      rtps      wtps      dtps   bread/s   bwrtn/s   bdscd/s
16:47:24         0.00      0.00      0.00      0.00      0.00      0.00      0.00

16:47:22    kbmemfree   kbavail kbmemused  %memused kbbuffers  kbcached  kbcommit   %commit  kbactive   kbinact   kbdirty
16:47:24      1600852   1605384    177844      8.76         8    122212    503388     24.79    163264     78536       176

16:47:24        CPU     %user     %nice   %system   %iowait    %steal     %idle
16:47:26        all      0.13      0.00      0.26      0.00      0.90     98.72

16:47:24          tps      rtps      wtps      dtps   bread/s   bwrtn/s   bdscd/s
16:47:26         0.00      0.00      0.00      0.00      0.00      0.00      0.00

16:47:24    kbmemfree   kbavail kbmemused  %memused kbbuffers  kbcached  kbcommit   %commit  kbactive   kbinact   kbdirty
16:47:26      1600852   1605384    177844      8.76         8    122212    503388     24.79    163264     78536       176

16:47:26        CPU     %user     %nice   %system   %iowait    %steal     %idle
16:47:28        all      0.13      0.00      0.13      0.00      0.26     99.49

16:47:26          tps      rtps      wtps      dtps   bread/s   bwrtn/s   bdscd/s
16:47:28         0.00      0.00      0.00      0.00      0.00      0.00      0.00

16:47:26    kbmemfree   kbavail kbmemused  %memused kbbuffers  kbcached  kbcommit   %commit  kbactive   kbinact   kbdirty
16:47:28      1600852   1605384    177844      8.76         8    122212    503388     24.79    163264     78536       176

16:47:28        CPU     %user     %nice   %system   %iowait    %steal     %idle
16:47:30        all      0.00      0.00      0.26      0.00      0.51     99.23

16:47:28          tps      rtps      wtps      dtps   bread/s   bwrtn/s   bdscd/s
16:47:30         0.50      0.00      0.50      0.00      0.00     24.00      0.00

16:47:28    kbmemfree   kbavail kbmemused  %memused kbbuffers  kbcached  kbcommit   %commit  kbactive   kbinact   kbdirty
16:47:30      1600884   1605416    177812      8.76         8    122212    503388     24.79    163280     78520       168

16:47:30        CPU     %user     %nice   %system   %iowait    %steal     %idle
16:47:32        all      0.13      0.00      0.13      0.00      0.13     99.61

16:47:30          tps      rtps      wtps      dtps   bread/s   bwrtn/s   bdscd/s
16:47:32         0.00      0.00      0.00      0.00      0.00      0.00      0.00

16:47:30    kbmemfree   kbavail kbmemused  %memused kbbuffers  kbcached  kbcommit   %commit  kbactive   kbinact   kbdirty
16:47:32      1600852   1605384    177844      8.76         8    122212    503388     24.79    163284     78516       172

16:47:32        CPU     %user     %nice   %system   %iowait    %steal     %idle
16:47:34        all      0.77      0.00      0.52      0.00      0.64     98.07

16:47:32          tps      rtps      wtps      dtps   bread/s   bwrtn/s   bdscd/s
16:47:34         0.00      0.00      0.00      0.00      0.00      0.00      0.00

16:47:32    kbmemfree   kbavail kbmemused  %memused kbbuffers  kbcached  kbcommit   %commit  kbactive   kbinact   kbdirty
16:47:34      1600852   1605384    177844      8.76         8    122212    503388     24.79    163284     78516       172

16:47:34        CPU     %user     %nice   %system   %iowait    %steal     %idle
16:47:36        all      0.25      0.00      0.25      2.41      2.03     95.05

16:47:34          tps      rtps      wtps      dtps   bread/s   bwrtn/s   bdscd/s
16:47:36         2.00      0.00      2.00      0.00      0.00     32.00      0.00

16:47:34    kbmemfree   kbavail kbmemused  %memused kbbuffers  kbcached  kbcommit   %commit  kbactive   kbinact   kbdirty
16:47:36      1600820   1605352    177868      8.76         8    122220    503388     24.79    163300     78500       172

16:47:36        CPU     %user     %nice   %system   %iowait    %steal     %idle
16:47:38        all      0.13      0.00      0.13      0.00      2.17     97.58

16:47:36          tps      rtps      wtps      dtps   bread/s   bwrtn/s   bdscd/s
16:47:38         0.00      0.00      0.00      0.00      0.00      0.00      0.00

16:47:36    kbmemfree   kbavail kbmemused  %memused kbbuffers  kbcached  kbcommit   %commit  kbactive   kbinact   kbdirty
16:47:38      1600820   1605352    177868      8.76         8    122220    503388     24.79    163300     78500       176

16:47:38        CPU     %user     %nice   %system   %iowait    %steal     %idle
16:47:40        all      4.25      0.00      3.86      6.69     10.17     75.03

16:47:38          tps      rtps      wtps      dtps   bread/s   bwrtn/s   bdscd/s
16:47:40         6.00      0.00      6.00      0.00      0.00   1480.00      0.00

16:47:38    kbmemfree   kbavail kbmemused  %memused kbbuffers  kbcached  kbcommit   %commit  kbactive   kbinact   kbdirty
16:47:40      1600820   1605352    177868      8.76         8    122220    503388     24.79    163348     78452        16

16:47:40        CPU     %user     %nice   %system   %iowait    %steal     %idle
16:47:42        all      0.51      0.00      0.88      0.00      3.16     95.45

16:47:40          tps      rtps      wtps      dtps   bread/s   bwrtn/s   bdscd/s
16:47:42         0.00      0.00      0.00      0.00      0.00      0.00      0.00

16:47:40    kbmemfree   kbavail kbmemused  %memused kbbuffers  kbcached  kbcommit   %commit  kbactive   kbinact   kbdirty
16:47:42      1600820   1605352    177868      8.76         8    122220    503388     24.79    163348     78452        16

16:47:42        CPU     %user     %nice   %system   %iowait    %steal     %idle
16:47:44        all      0.25      0.00      0.50      0.00      2.89     96.35

16:47:42          tps      rtps      wtps      dtps   bread/s   bwrtn/s   bdscd/s
16:47:44         0.00      0.00      0.00      0.00      0.00      0.00      0.00

16:47:42    kbmemfree   kbavail kbmemused  %memused kbbuffers  kbcached  kbcommit   %commit  kbactive   kbinact   kbdirty
16:47:44      1600788   1605320    177900      8.76         8    122220    503388     24.79    163348     78452        16

16:47:44        CPU     %user     %nice   %system   %iowait    %steal     %idle
16:47:46        all      0.13      0.00      0.38      0.00      1.91     97.58

16:47:44          tps      rtps      wtps      dtps   bread/s   bwrtn/s   bdscd/s
16:47:46         0.00      0.00      0.00      0.00      0.00      0.00      0.00

16:47:44    kbmemfree   kbavail kbmemused  %memused kbbuffers  kbcached  kbcommit   %commit  kbactive   kbinact   kbdirty
16:47:46      1600820   1605352    177868      8.76         8    122220    503388     24.79    163348     78452        16

16:47:46        CPU     %user     %nice   %system   %iowait    %steal     %idle
16:47:48        all      0.00      0.00      0.00      0.00      1.03     98.97

16:47:46          tps      rtps      wtps      dtps   bread/s   bwrtn/s   bdscd/s
16:47:48         0.00      0.00      0.00      0.00      0.00      0.00      0.00

16:47:46    kbmemfree   kbavail kbmemused  %memused kbbuffers  kbcached  kbcommit   %commit  kbactive   kbinact   kbdirty
16:47:48      1600852   1605384    177836      8.76         8    122220    503388     24.79    163348     78452        16

16:47:48        CPU     %user     %nice   %system   %iowait    %steal     %idle
16:47:50        all      0.00      0.00      0.26      0.00      0.64     99.10

16:47:48          tps      rtps      wtps      dtps   bread/s   bwrtn/s   bdscd/s
16:47:50         0.00      0.00      0.00      0.00      0.00      0.00      0.00

16:47:48    kbmemfree   kbavail kbmemused  %memused kbbuffers  kbcached  kbcommit   %commit  kbactive   kbinact   kbdirty
16:47:50      1600820   1605356    177856      8.76         8    122232    503388     24.79    163352     78452        28

16:47:50        CPU     %user     %nice   %system   %iowait    %steal     %idle
16:47:52        all      0.26      0.00      0.38      0.00      1.28     98.08

16:47:50          tps      rtps      wtps      dtps   bread/s   bwrtn/s   bdscd/s
16:47:52         0.00      0.00      0.00      0.00      0.00      0.00      0.00

16:47:50    kbmemfree   kbavail kbmemused  %memused kbbuffers  kbcached  kbcommit   %commit  kbactive   kbinact   kbdirty
16:47:52      1600820   1605356    177856      8.76         8    122232    503388     24.79    163352     78452        28

16:47:52        CPU     %user     %nice   %system   %iowait    %steal     %idle
16:47:54        all      0.00      0.00      0.64      0.00      2.05     97.30

16:47:52          tps      rtps      wtps      dtps   bread/s   bwrtn/s   bdscd/s
16:47:54         0.00      0.00      0.00      0.00      0.00      0.00      0.00

16:47:52    kbmemfree   kbavail kbmemused  %memused kbbuffers  kbcached  kbcommit   %commit  kbactive   kbinact   kbdirty
16:47:54      1600852   1605388    177824      8.76         8    122232    503388     24.79    163352     78452        28

16:47:54        CPU     %user     %nice   %system   %iowait    %steal     %idle
16:47:56        all      0.25      0.00      0.76      0.25      3.65     95.09

16:47:54          tps      rtps      wtps      dtps   bread/s   bwrtn/s   bdscd/s
16:47:56         1.00      0.00      1.00      0.00      0.00     28.00      0.00

16:47:54    kbmemfree   kbavail kbmemused  %memused kbbuffers  kbcached  kbcommit   %commit  kbactive   kbinact   kbdirty
16:47:56      1600820   1605360    177856      8.76         8    122232    503388     24.79    163412     78404       184

16:47:56        CPU     %user     %nice   %system   %iowait    %steal     %idle
16:47:58        all      0.00      0.00      0.38      0.00      2.29     97.33

16:47:56          tps      rtps      wtps      dtps   bread/s   bwrtn/s   bdscd/s
16:47:58         0.00      0.00      0.00      0.00      0.00      0.00      0.00

16:47:56    kbmemfree   kbavail kbmemused  %memused kbbuffers  kbcached  kbcommit   %commit  kbactive   kbinact   kbdirty
16:47:58      1600852   1605392    177816      8.76         8    122240    503388     24.79    163412     78404       196

16:47:58        CPU     %user     %nice   %system   %iowait    %steal     %idle
16:48:00        all      0.25      0.00      0.63      0.00      1.77     97.34

16:47:58          tps      rtps      wtps      dtps   bread/s   bwrtn/s   bdscd/s
16:48:00         0.00      0.00      0.00      0.00      0.00      0.00      0.00

16:47:58    kbmemfree   kbavail kbmemused  %memused kbbuffers  kbcached  kbcommit   %commit  kbactive   kbinact   kbdirty
16:48:00      1600820   1605360    177848      8.76         8    122240    503388     24.79    163412     78404       196

16:48:00        CPU     %user     %nice   %system   %iowait    %steal     %idle
16:48:02        all      0.00      0.00      0.13      0.00      1.41     98.47

16:48:00          tps      rtps      wtps      dtps   bread/s   bwrtn/s   bdscd/s
16:48:02         0.50      0.00      0.50      0.00      0.00     20.00      0.00

16:48:00    kbmemfree   kbavail kbmemused  %memused kbbuffers  kbcached  kbcommit   %commit  kbactive   kbinact   kbdirty
16:48:02      1600852   1605392    177812      8.76         8    122244    503388     24.79    163412     78404       184

16:48:02        CPU     %user     %nice   %system   %iowait    %steal     %idle
16:48:04        all      0.00      0.00      0.13      0.00      2.40     97.47

16:48:02          tps      rtps      wtps      dtps   bread/s   bwrtn/s   bdscd/s
16:48:04         0.00      0.00      0.00      0.00      0.00      0.00      0.00

16:48:02    kbmemfree   kbavail kbmemused  %memused kbbuffers  kbcached  kbcommit   %commit  kbactive   kbinact   kbdirty
16:48:04      1600820   1605360    177840      8.76         8    122248    503388     24.79    163412     78404       196

16:48:04        CPU     %user     %nice   %system   %iowait    %steal     %idle
16:48:06        all      0.13      0.00      0.13      0.00      1.79     97.96

16:48:04          tps      rtps      wtps      dtps   bread/s   bwrtn/s   bdscd/s
16:48:06         0.50      0.00      0.50      0.00      0.00     20.00      0.00

16:48:04    kbmemfree   kbavail kbmemused  %memused kbbuffers  kbcached  kbcommit   %commit  kbactive   kbinact   kbdirty
16:48:06      1600820   1605360    177836      8.76         8    122252    503388     24.79    163412     78404       208

16:48:06        CPU     %user     %nice   %system   %iowait    %steal     %idle
16:48:08        all      0.38      0.00      0.76      0.00      2.15     96.71

16:48:06          tps      rtps      wtps      dtps   bread/s   bwrtn/s   bdscd/s
16:48:08         0.00      0.00      0.00      0.00      0.00      0.00      0.00

16:48:06    kbmemfree   kbavail kbmemused  %memused kbbuffers  kbcached  kbcommit   %commit  kbactive   kbinact   kbdirty
16:48:08      1600788   1605328    177864      8.76         8    122256    503388     24.79    163412     78404       216

16:48:08        CPU     %user     %nice   %system   %iowait    %steal     %idle
16:48:10        all      0.13      0.00      0.63      0.00      2.65     96.59

16:48:08          tps      rtps      wtps      dtps   bread/s   bwrtn/s   bdscd/s
16:48:10         0.00      0.00      0.00      0.00      0.00      0.00      0.00

16:48:08    kbmemfree   kbavail kbmemused  %memused kbbuffers  kbcached  kbcommit   %commit  kbactive   kbinact   kbdirty
16:48:10      1600788   1605328    177864      8.76         8    122256    503388     24.79    163412     78404       216

16:48:10        CPU     %user     %nice   %system   %iowait    %steal     %idle
16:48:12        all      0.13      0.00      0.13      0.00      1.91     97.84

16:48:10          tps      rtps      wtps      dtps   bread/s   bwrtn/s   bdscd/s
16:48:12         1.99      0.00      1.99      0.00      0.00     19.90      0.00

16:48:10    kbmemfree   kbavail kbmemused  %memused kbbuffers  kbcached  kbcommit   %commit  kbactive   kbinact   kbdirty
16:48:12      1600820   1605360    177832      8.76         8    122256    503388     24.79    163412     78404       216

16:48:12        CPU     %user     %nice   %system   %iowait    %steal     %idle
16:48:14        all      0.13      0.00      0.50      0.00      1.13     98.24

16:48:12          tps      rtps      wtps      dtps   bread/s   bwrtn/s   bdscd/s
16:48:14         0.00      0.00      0.00      0.00      0.00      0.00      0.00

16:48:12    kbmemfree   kbavail kbmemused  %memused kbbuffers  kbcached  kbcommit   %commit  kbactive   kbinact   kbdirty
16:48:14      1600788   1605328    177864      8.76         8    122256    503388     24.79    163412     78404       220

16:48:14        CPU     %user     %nice   %system   %iowait    %steal     %idle
16:48:16        all      0.13      0.00      0.13      0.00      2.77     96.97

16:48:14          tps      rtps      wtps      dtps   bread/s   bwrtn/s   bdscd/s
16:48:16         1.50      0.00      1.50      0.00      0.00     12.00      0.00

16:48:14    kbmemfree   kbavail kbmemused  %memused kbbuffers  kbcached  kbcommit   %commit  kbactive   kbinact   kbdirty
16:48:16      1600820   1605360    177832      8.76         8    122256    503388     24.79    163412     78404       228

16:48:16        CPU     %user     %nice   %system   %iowait    %steal     %idle
16:48:18        all      0.13      0.00      0.51      0.00      1.66     97.71

16:48:16          tps      rtps      wtps      dtps   bread/s   bwrtn/s   bdscd/s
16:48:18         0.00      0.00      0.00      0.00      0.00      0.00      0.00

16:48:16    kbmemfree   kbavail kbmemused  %memused kbbuffers  kbcached  kbcommit   %commit  kbactive   kbinact   kbdirty
16:48:18      1600852   1605392    177796      8.76         8    122260    503388     24.79    163412     78404       224

16:48:18        CPU     %user     %nice   %system   %iowait    %steal     %idle
16:48:20        all      0.38      0.00      0.64      0.00      1.53     97.46

16:48:18          tps      rtps      wtps      dtps   bread/s   bwrtn/s   bdscd/s
16:48:20         0.00      0.00      0.00      0.00      0.00      0.00      0.00

16:48:18    kbmemfree   kbavail kbmemused  %memused kbbuffers  kbcached  kbcommit   %commit  kbactive   kbinact   kbdirty
16:48:20      1600820   1605360    177820      8.76         8    122268    503388     24.79    163412     78404       232

16:48:20        CPU     %user     %nice   %system   %iowait    %steal     %idle
16:48:22        all      0.13      0.00      0.38      0.00      3.16     96.34

16:48:20          tps      rtps      wtps      dtps   bread/s   bwrtn/s   bdscd/s
16:48:22         1.00      0.00      1.00      0.00      0.00     24.00      0.00

16:48:20    kbmemfree   kbavail kbmemused  %memused kbbuffers  kbcached  kbcommit   %commit  kbactive   kbinact   kbdirty
16:48:22      1600788   1605328    177852      8.76         8    122268    503388     24.79    163412     78404       216

16:48:22        CPU     %user     %nice   %system   %iowait    %steal     %idle
16:48:24        all      0.00      0.00      0.25      0.00      2.53     97.22

16:48:22          tps      rtps      wtps      dtps   bread/s   bwrtn/s   bdscd/s
16:48:24         0.00      0.00      0.00      0.00      0.00      0.00      0.00

16:48:22    kbmemfree   kbavail kbmemused  %memused kbbuffers  kbcached  kbcommit   %commit  kbactive   kbinact   kbdirty
16:48:24      1600852   1605392    177788      8.76         8    122268    503388     24.79    163412     78404       220

16:48:24        CPU     %user     %nice   %system   %iowait    %steal     %idle
16:48:26        all      0.13      0.00      0.64      0.00      0.77     98.47

16:48:24          tps      rtps      wtps      dtps   bread/s   bwrtn/s   bdscd/s
16:48:26         6.00      0.00      6.00      0.00      0.00   1576.00      0.00

16:48:24    kbmemfree   kbavail kbmemused  %memused kbbuffers  kbcached  kbcommit   %commit  kbactive   kbinact   kbdirty
16:48:26      1600820   1605368    177820      8.76         8    122268    503388     24.79    163472     78356        12

16:48:26        CPU     %user     %nice   %system   %iowait    %steal     %idle
16:48:28        all      0.00      0.00      0.00      0.00      0.64     99.36

16:48:26          tps      rtps      wtps      dtps   bread/s   bwrtn/s   bdscd/s
16:48:28         0.00      0.00      0.00      0.00      0.00      0.00      0.00

16:48:26    kbmemfree   kbavail kbmemused  %memused kbbuffers  kbcached  kbcommit   %commit  kbactive   kbinact   kbdirty
16:48:28      1600852   1605400    177788      8.76         8    122268    503388     24.79    163472     78356        12

16:48:28        CPU     %user     %nice   %system   %iowait    %steal     %idle
16:48:30        all      0.25      0.00      0.13      0.00      1.15     98.47

16:48:28          tps      rtps      wtps      dtps   bread/s   bwrtn/s   bdscd/s
16:48:30         0.00      0.00      0.00      0.00      0.00      0.00      0.00

16:48:28    kbmemfree   kbavail kbmemused  %memused kbbuffers  kbcached  kbcommit   %commit  kbactive   kbinact   kbdirty
16:48:30      1600820   1605368    177820      8.76         8    122268    503388     24.79    163472     78356        12

16:48:30        CPU     %user     %nice   %system   %iowait    %steal     %idle
16:48:32        all      0.13      0.00      0.13      0.00      1.53     98.22

16:48:30          tps      rtps      wtps      dtps   bread/s   bwrtn/s   bdscd/s
16:48:32         0.00      0.00      0.00      0.00      0.00      0.00      0.00

16:48:30    kbmemfree   kbavail kbmemused  %memused kbbuffers  kbcached  kbcommit   %commit  kbactive   kbinact   kbdirty
16:48:32      1600852   1605400    177788      8.76         8    122268    503388     24.79    163472     78356        12

16:48:32        CPU     %user     %nice   %system   %iowait    %steal     %idle
16:48:34        all      1.40      0.00      0.89      0.00      3.32     94.39

16:48:32          tps      rtps      wtps      dtps   bread/s   bwrtn/s   bdscd/s
16:48:34         0.00      0.00      0.00      0.00      0.00      0.00      0.00

16:48:32    kbmemfree   kbavail kbmemused  %memused kbbuffers  kbcached  kbcommit   %commit  kbactive   kbinact   kbdirty
16:48:34      1600820   1605368    177812      8.76         8    122276    503388     24.79    163476     78356        20

16:48:34        CPU     %user     %nice   %system   %iowait    %steal     %idle
16:48:36        all      0.26      0.00      0.13      0.00      0.13     99.49

16:48:34          tps      rtps      wtps      dtps   bread/s   bwrtn/s   bdscd/s
16:48:36         0.00      0.00      0.00      0.00      0.00      0.00      0.00

16:48:34    kbmemfree   kbavail kbmemused  %memused kbbuffers  kbcached  kbcommit   %commit  kbactive   kbinact   kbdirty
16:48:36      1600788   1605336    177844      8.76         8    122276    503388     24.79    163476     78356        20

16:48:36        CPU     %user     %nice   %system   %iowait    %steal     %idle
16:48:38        all      0.00      0.00      0.00      0.00      0.64     99.36

16:48:36          tps      rtps      wtps      dtps   bread/s   bwrtn/s   bdscd/s
16:48:38         0.00      0.00      0.00      0.00      0.00      0.00      0.00

16:48:36    kbmemfree   kbavail kbmemused  %memused kbbuffers  kbcached  kbcommit   %commit  kbactive   kbinact   kbdirty
16:48:38      1600820   1605368    177808      8.76         8    122280    503388     24.79    163476     78356        24

16:48:38        CPU     %user     %nice   %system   %iowait    %steal     %idle
16:48:40        all      0.25      0.00      0.13      0.00      2.03     97.59

16:48:38          tps      rtps      wtps      dtps   bread/s   bwrtn/s   bdscd/s
16:48:40         0.00      0.00      0.00      0.00      0.00      0.00      0.00

16:48:38    kbmemfree   kbavail kbmemused  %memused kbbuffers  kbcached  kbcommit   %commit  kbactive   kbinact   kbdirty
16:48:40      1600820   1605368    177808      8.76         8    122280    503388     24.79    163476     78356        24

16:48:40        CPU     %user     %nice   %system   %iowait    %steal     %idle
16:48:42        all      0.50      0.00      0.99      0.00      5.59     92.92

16:48:40          tps      rtps      wtps      dtps   bread/s   bwrtn/s   bdscd/s
16:48:42         0.00      0.00      0.00      0.00      0.00      0.00      0.00

16:48:40    kbmemfree   kbavail kbmemused  %memused kbbuffers  kbcached  kbcommit   %commit  kbactive   kbinact   kbdirty
16:48:42      1600820   1605368    177808      8.76         8    122280    503388     24.79    163476     78356        24

16:48:42        CPU     %user     %nice   %system   %iowait    %steal     %idle
16:48:44        all      0.13      0.00      0.25      0.00      4.26     95.37

16:48:42          tps      rtps      wtps      dtps   bread/s   bwrtn/s   bdscd/s
16:48:44         0.00      0.00      0.00      0.00      0.00      0.00      0.00

16:48:42    kbmemfree   kbavail kbmemused  %memused kbbuffers  kbcached  kbcommit   %commit  kbactive   kbinact   kbdirty
16:48:44      1600820   1605368    177808      8.76         8    122280    503388     24.79    163476     78356        24

16:48:44        CPU     %user     %nice   %system   %iowait    %steal     %idle
16:48:46        all      0.26      0.00      0.13      0.00      1.79     97.83

16:48:44          tps      rtps      wtps      dtps   bread/s   bwrtn/s   bdscd/s
16:48:46         0.00      0.00      0.00      0.00      0.00      0.00      0.00

16:48:44    kbmemfree   kbavail kbmemused  %memused kbbuffers  kbcached  kbcommit   %commit  kbactive   kbinact   kbdirty
16:48:46      1600788   1605336    177840      8.76         8    122280    503388     24.79    163476     78356        24

16:48:46        CPU     %user     %nice   %system   %iowait    %steal     %idle
16:48:48        all      0.00      0.00      0.13      0.00      1.91     97.97

16:48:46          tps      rtps      wtps      dtps   bread/s   bwrtn/s   bdscd/s
16:48:48         0.00      0.00      0.00      0.00      0.00      0.00      0.00

16:48:46    kbmemfree   kbavail kbmemused  %memused kbbuffers  kbcached  kbcommit   %commit  kbactive   kbinact   kbdirty
16:48:48      1600820   1605372    177800      8.76         8    122288    503388     24.79    163480     78356        32

16:48:48        CPU     %user     %nice   %system   %iowait    %steal     %idle
16:48:50        all      0.00      0.00      0.00      0.00      0.26     99.74

16:48:48          tps      rtps      wtps      dtps   bread/s   bwrtn/s   bdscd/s
16:48:50         0.00      0.00      0.00      0.00      0.00      0.00      0.00

16:48:48    kbmemfree   kbavail kbmemused  %memused kbbuffers  kbcached  kbcommit   %commit  kbactive   kbinact   kbdirty
16:48:50      1600852   1605404    177768      8.75         8    122288    503388     24.79    163480     78356        32

16:48:50        CPU     %user     %nice   %system   %iowait    %steal     %idle
16:48:52        all      0.13      0.00      0.26      2.31      0.64     96.66

16:48:50          tps      rtps      wtps      dtps   bread/s   bwrtn/s   bdscd/s
16:48:52         1.00      0.00      1.00      0.00      0.00     12.00      0.00

16:48:50    kbmemfree   kbavail kbmemused  %memused kbbuffers  kbcached  kbcommit   %commit  kbactive   kbinact   kbdirty
16:48:52      1600852   1605404    177760      8.75         8    122296    503388     24.79    163480     78356        80

16:48:52        CPU     %user     %nice   %system   %iowait    %steal     %idle
16:48:54        all      0.13      0.00      0.26      0.00      1.79     97.83

16:48:52          tps      rtps      wtps      dtps   bread/s   bwrtn/s   bdscd/s
16:48:54         0.00      0.00      0.00      0.00      0.00      0.00      0.00

16:48:52    kbmemfree   kbavail kbmemused  %memused kbbuffers  kbcached  kbcommit   %commit  kbactive   kbinact   kbdirty
16:48:54      1600852   1605404    177760      8.75         8    122296    503388     24.79    163484     78356       128

16:48:54        CPU     %user     %nice   %system   %iowait    %steal     %idle
16:48:56        all      0.13      0.00      0.13      0.00      0.64     99.10

16:48:54          tps      rtps      wtps      dtps   bread/s   bwrtn/s   bdscd/s
16:48:56         0.00      0.00      0.00      0.00      0.00      0.00      0.00

16:48:54    kbmemfree   kbavail kbmemused  %memused kbbuffers  kbcached  kbcommit   %commit  kbactive   kbinact   kbdirty
16:48:56      1600820   1605372    177792      8.76         8    122296    503388     24.79    163484     78356       128

16:48:56        CPU     %user     %nice   %system   %iowait    %steal     %idle
16:48:58        all      0.00      0.00      0.39      0.00      0.65     98.97

16:48:56          tps      rtps      wtps      dtps   bread/s   bwrtn/s   bdscd/s
16:48:58         1.00      0.00      1.00      0.00      0.00     24.00      0.00

16:48:56    kbmemfree   kbavail kbmemused  %memused kbbuffers  kbcached  kbcommit   %commit  kbactive   kbinact   kbdirty
16:48:58      1600820   1605372    177792      8.76         8    122296    503388     24.79    163500     78340       156

16:48:58        CPU     %user     %nice   %system   %iowait    %steal     %idle
16:49:00        all      0.13      0.00      0.25      0.00      1.76     97.86

16:48:58          tps      rtps      wtps      dtps   bread/s   bwrtn/s   bdscd/s
16:49:00         0.00      0.00      0.00      0.00      0.00      0.00      0.00

16:48:58    kbmemfree   kbavail kbmemused  %memused kbbuffers  kbcached  kbcommit   %commit  kbactive   kbinact   kbdirty
16:49:00      1600788   1605340    177820      8.76         8    122300    503388     24.79    163500     78340       164

16:49:00        CPU     %user     %nice   %system   %iowait    %steal     %idle
16:49:02        all      0.13      0.00      0.76      0.00      2.17     96.94

16:49:00          tps      rtps      wtps      dtps   bread/s   bwrtn/s   bdscd/s
16:49:02         0.00      0.00      0.00      0.00      0.00      0.00      0.00

16:49:00    kbmemfree   kbavail kbmemused  %memused kbbuffers  kbcached  kbcommit   %commit  kbactive   kbinact   kbdirty
16:49:02      1600788   1605340    177812      8.76         8    122308    503388     24.79    163500     78340       172

16:49:02        CPU     %user     %nice   %system   %iowait    %steal     %idle
16:49:04        all      0.13      0.00      0.26      0.00      0.64     98.98

16:49:02          tps      rtps      wtps      dtps   bread/s   bwrtn/s   bdscd/s
16:49:04         0.00      0.00      0.00      0.00      0.00      0.00      0.00

16:49:02    kbmemfree   kbavail kbmemused  %memused kbbuffers  kbcached  kbcommit   %commit  kbactive   kbinact   kbdirty
16:49:04      1600852   1605404    177744      8.75         8    122312    503388     24.79    163500     78340       176

16:49:04        CPU     %user     %nice   %system   %iowait    %steal     %idle
16:49:06        all      0.13      0.00      0.26      0.00      1.79     97.83

16:49:04          tps      rtps      wtps      dtps   bread/s   bwrtn/s   bdscd/s
16:49:06         0.00      0.00      0.00      0.00      0.00      0.00      0.00

16:49:04    kbmemfree   kbavail kbmemused  %memused kbbuffers  kbcached  kbcommit   %commit  kbactive   kbinact   kbdirty
16:49:06      1600852   1605436    177740      8.75         8    122316    503388     24.79    163556     78344       180

16:49:06        CPU     %user     %nice   %system   %iowait    %steal     %idle
16:49:08        all      0.13      0.00      0.13      0.00      1.90     97.85

16:49:06          tps      rtps      wtps      dtps   bread/s   bwrtn/s   bdscd/s
16:49:08         0.00      0.00      0.00      0.00      0.00      0.00      0.00

16:49:06    kbmemfree   kbavail kbmemused  %memused kbbuffers  kbcached  kbcommit   %commit  kbactive   kbinact   kbdirty
16:49:08      1600884   1605468    177708      8.75         8    122316    503388     24.79    163560     78340       180

16:49:08        CPU     %user     %nice   %system   %iowait    %steal     %idle
16:49:10        all      0.38      0.00      0.50      0.00      2.13     96.99

16:49:08          tps      rtps      wtps      dtps   bread/s   bwrtn/s   bdscd/s
16:49:10         0.00      0.00      0.00      0.00      0.00      0.00      0.00

16:49:08    kbmemfree   kbavail kbmemused  %memused kbbuffers  kbcached  kbcommit   %commit  kbactive   kbinact   kbdirty
16:49:10      1600820   1605404    177772      8.75         8    122316    503388     24.79    163560     78340       180

16:49:10        CPU     %user     %nice   %system   %iowait    %steal     %idle
16:49:12        all      0.00      0.00      0.77      0.00      1.92     97.32

16:49:10          tps      rtps      wtps      dtps   bread/s   bwrtn/s   bdscd/s
16:49:12         0.00      0.00      0.00      0.00      0.00      0.00      0.00

16:49:10    kbmemfree   kbavail kbmemused  %memused kbbuffers  kbcached  kbcommit   %commit  kbactive   kbinact   kbdirty
16:49:12      1600852   1605436    177740      8.75         8    122316    503388     24.79    163560     78340       180

16:49:12        CPU     %user     %nice   %system   %iowait    %steal     %idle
16:49:14        all      0.13      0.00      0.63      0.00      2.40     96.84

16:49:12          tps      rtps      wtps      dtps   bread/s   bwrtn/s   bdscd/s
16:49:14         0.00      0.00      0.00      0.00      0.00      0.00      0.00

16:49:12    kbmemfree   kbavail kbmemused  %memused kbbuffers  kbcached  kbcommit   %commit  kbactive   kbinact   kbdirty
16:49:14      1600788   1605372    177804      8.76         8    122316    503388     24.79    163560     78340       180

16:49:14        CPU     %user     %nice   %system   %iowait    %steal     %idle
16:49:16        all      0.25      0.00      0.25      0.00      2.39     97.11

16:49:14          tps      rtps      wtps      dtps   bread/s   bwrtn/s   bdscd/s
16:49:16         0.00      0.00      0.00      0.00      0.00      0.00      0.00

16:49:14    kbmemfree   kbavail kbmemused  %memused kbbuffers  kbcached  kbcommit   %commit  kbactive   kbinact   kbdirty
16:49:16      1600820   1605404    177768      8.75         8    122320    503388     24.79    163560     78340       184

16:49:16        CPU     %user     %nice   %system   %iowait    %steal     %idle
16:49:18        all      0.13      0.00      0.38      0.00      3.76     95.73

16:49:16          tps      rtps      wtps      dtps   bread/s   bwrtn/s   bdscd/s
16:49:18         0.00      0.00      0.00      0.00      0.00      0.00      0.00

16:49:16    kbmemfree   kbavail kbmemused  %memused kbbuffers  kbcached  kbcommit   %commit  kbactive   kbinact   kbdirty
16:49:18      1600820   1605404    177764      8.75         8    122324    503388     24.79    163560     78340       188

16:49:18        CPU     %user     %nice   %system   %iowait    %steal     %idle
16:49:20        all      0.25      0.00      0.51      0.00      2.78     96.46

16:49:18          tps      rtps      wtps      dtps   bread/s   bwrtn/s   bdscd/s
16:49:20         0.00      0.00      0.00      0.00      0.00      0.00      0.00

16:49:18    kbmemfree   kbavail kbmemused  %memused kbbuffers  kbcached  kbcommit   %commit  kbactive   kbinact   kbdirty
16:49:20      1600820   1605404    177764      8.75         8    122324    503388     24.79    163560     78340       188

16:49:20        CPU     %user     %nice   %system   %iowait    %steal     %idle
16:49:22        all      0.13      0.00      0.38      0.00      2.17     97.31

16:49:20          tps      rtps      wtps      dtps   bread/s   bwrtn/s   bdscd/s
16:49:22         0.00      0.00      0.00      0.00      0.00      0.00      0.00

16:49:20    kbmemfree   kbavail kbmemused  %memused kbbuffers  kbcached  kbcommit   %commit  kbactive   kbinact   kbdirty
16:49:22      1600820   1605404    177764      8.75         8    122324    503388     24.79    163560     78340       188

16:49:22        CPU     %user     %nice   %system   %iowait    %steal     %idle
16:49:24        all      0.77      0.00      0.26      6.65      2.94     89.39

16:49:22          tps      rtps      wtps      dtps   bread/s   bwrtn/s   bdscd/s
16:49:24         7.50      0.00      7.50      0.00      0.00   1532.00      0.00

16:49:22    kbmemfree   kbavail kbmemused  %memused kbbuffers  kbcached  kbcommit   %commit  kbactive   kbinact   kbdirty
16:49:24      1600852   1605440    177728      8.75         8    122328    503388     24.79    163648     78260        32

16:49:24        CPU     %user     %nice   %system   %iowait    %steal     %idle
16:49:26        all      0.13      0.00      0.38      0.00      1.66     97.82

16:49:24          tps      rtps      wtps      dtps   bread/s   bwrtn/s   bdscd/s
16:49:26         0.00      0.00      0.00      0.00      0.00      0.00      0.00

16:49:24    kbmemfree   kbavail kbmemused  %memused kbbuffers  kbcached  kbcommit   %commit  kbactive   kbinact   kbdirty
16:49:26      1600788   1605376    177792      8.76         8    122328    503388     24.79    163648     78260        32

16:49:26        CPU     %user     %nice   %system   %iowait    %steal     %idle
16:49:28        all      0.00      0.00      0.25      0.00      3.03     96.72

16:49:26          tps      rtps      wtps      dtps   bread/s   bwrtn/s   bdscd/s
16:49:28         0.00      0.00      0.00      0.00      0.00      0.00      0.00

16:49:26    kbmemfree   kbavail kbmemused  %memused kbbuffers  kbcached  kbcommit   %commit  kbactive   kbinact   kbdirty
16:49:28      1600820   1605408    177760      8.75         8    122328    503388     24.79    163648     78260        32

16:49:28        CPU     %user     %nice   %system   %iowait    %steal     %idle
16:49:30        all      0.13      0.00      0.38      0.00      1.28     98.21

16:49:28          tps      rtps      wtps      dtps   bread/s   bwrtn/s   bdscd/s
16:49:30         0.00      0.00      0.00      0.00      0.00      0.00      0.00

16:49:28    kbmemfree   kbavail kbmemused  %memused kbbuffers  kbcached  kbcommit   %commit  kbactive   kbinact   kbdirty
16:49:30      1600756   1605344    177824      8.76         8    122328    503388     24.79    163648     78260        32

16:49:30        CPU     %user     %nice   %system   %iowait    %steal     %idle
16:49:32        all      0.00      0.00      0.26      0.00      2.04     97.70

16:49:30          tps      rtps      wtps      dtps   bread/s   bwrtn/s   bdscd/s
16:49:32         0.00      0.00      0.00      0.00      0.00      0.00      0.00

16:49:30    kbmemfree   kbavail kbmemused  %memused kbbuffers  kbcached  kbcommit   %commit  kbactive   kbinact   kbdirty
16:49:32      1600820   1605408    177752      8.75         8    122336    503388     24.79    163648     78260        40

16:49:32        CPU     %user     %nice   %system   %iowait    %steal     %idle
16:49:34        all      0.63      0.00      0.76      0.00      3.80     94.81

16:49:32          tps      rtps      wtps      dtps   bread/s   bwrtn/s   bdscd/s
16:49:34         0.50      0.00      0.50      0.00      0.00     32.00      0.00

16:49:32    kbmemfree   kbavail kbmemused  %memused kbbuffers  kbcached  kbcommit   %commit  kbactive   kbinact   kbdirty
16:49:34      1600820   1605408    177752      8.75         8    122336    503388     24.79    163664     78244       108

16:49:34        CPU     %user     %nice   %system   %iowait    %steal     %idle
16:49:36        all      0.00      0.00      0.13      0.00      0.77     99.10

16:49:34          tps      rtps      wtps      dtps   bread/s   bwrtn/s   bdscd/s
16:49:36         0.00      0.00      0.00      0.00      0.00      0.00      0.00

16:49:34    kbmemfree   kbavail kbmemused  %memused kbbuffers  kbcached  kbcommit   %commit  kbactive   kbinact   kbdirty
16:49:36      1600820   1605408    177752      8.75         8    122336    503388     24.79    163664     78244       112

16:49:36        CPU     %user     %nice   %system   %iowait    %steal     %idle
16:49:38        all      0.00      0.00      0.38      0.00      1.39     98.23

16:49:36          tps      rtps      wtps      dtps   bread/s   bwrtn/s   bdscd/s
16:49:38         1.00      0.00      1.00      0.00      0.00     16.00      0.00

16:49:36    kbmemfree   kbavail kbmemused  %memused kbbuffers  kbcached  kbcommit   %commit  kbactive   kbinact   kbdirty
16:49:38      1600820   1605408    177752      8.75         8    122336    503388     24.79    163664     78244       116

16:49:38        CPU     %user     %nice   %system   %iowait    %steal     %idle
16:49:40        all      0.25      0.00      0.00      0.00      1.40     98.35

16:49:38          tps      rtps      wtps      dtps   bread/s   bwrtn/s   bdscd/s
16:49:40         0.00      0.00      0.00      0.00      0.00      0.00      0.00

16:49:38    kbmemfree   kbavail kbmemused  %memused kbbuffers  kbcached  kbcommit   %commit  kbactive   kbinact   kbdirty
16:49:40      1600820   1605408    177748      8.75         8    122340    503388     24.79    163696     78212       160

16:49:40        CPU     %user     %nice   %system   %iowait    %steal     %idle
16:49:42        all      0.64      0.00      0.89      0.00      4.45     94.03

16:49:40          tps      rtps      wtps      dtps   bread/s   bwrtn/s   bdscd/s
16:49:42         0.00      0.00      0.00      0.00      0.00      0.00      0.00

16:49:40    kbmemfree   kbavail kbmemused  %memused kbbuffers  kbcached  kbcommit   %commit  kbactive   kbinact   kbdirty
16:49:42      1600820   1605408    177748      8.75         8    122340    503388     24.79    163696     78212       160

16:49:42        CPU     %user     %nice   %system   %iowait    %steal     %idle
16:49:44        all      0.13      0.00      0.38      0.00      1.78     97.71

16:49:42          tps      rtps      wtps      dtps   bread/s   bwrtn/s   bdscd/s
16:49:44         2.00      0.00      2.00      0.00      0.00     16.00      0.00

16:49:42    kbmemfree   kbavail kbmemused  %memused kbbuffers  kbcached  kbcommit   %commit  kbactive   kbinact   kbdirty
16:49:44      1600820   1605408    177748      8.75         8    122340    503388     24.79    163696     78212       168

16:49:44        CPU     %user     %nice   %system   %iowait    %steal     %idle
16:49:46        all      0.13      0.00      0.26      0.00      0.39     99.23

16:49:44          tps      rtps      wtps      dtps   bread/s   bwrtn/s   bdscd/s
16:49:46         0.00      0.00      0.00      0.00      0.00      0.00      0.00

16:49:44    kbmemfree   kbavail kbmemused  %memused kbbuffers  kbcached  kbcommit   %commit  kbactive   kbinact   kbdirty
16:49:46      1600820   1605408    177740      8.75         8    122348    503388     24.79    163696     78212       180

16:49:46        CPU     %user     %nice   %system   %iowait    %steal     %idle
16:49:48        all      0.00      0.00      0.64      0.00      0.90     98.46

16:49:46          tps      rtps      wtps      dtps   bread/s   bwrtn/s   bdscd/s
16:49:48         2.00      0.00      2.00      0.00      0.00     20.00      0.00

16:49:46    kbmemfree   kbavail kbmemused  %memused kbbuffers  kbcached  kbcommit   %commit  kbactive   kbinact   kbdirty
16:49:48      1600820   1605412    177740      8.75         8    122348    503388     24.79    163704     78212       236

16:49:48        CPU     %user     %nice   %system   %iowait    %steal     %idle
16:49:50        all      0.26      0.00      0.51      0.00      0.51     98.72

16:49:48          tps      rtps      wtps      dtps   bread/s   bwrtn/s   bdscd/s
16:49:50         0.00      0.00      0.00      0.00      0.00      0.00      0.00

16:49:48    kbmemfree   kbavail kbmemused  %memused kbbuffers  kbcached  kbcommit   %commit  kbactive   kbinact   kbdirty
16:49:50      1600820   1605412    177736      8.75         8    122352    503388     24.79    163704     78212       224

16:49:50        CPU     %user     %nice   %system   %iowait    %steal     %idle
16:49:52        all      0.13      0.00      0.13      0.00      2.15     97.59

16:49:50          tps      rtps      wtps      dtps   bread/s   bwrtn/s   bdscd/s
16:49:52         0.00      0.00      0.00      0.00      0.00      0.00      0.00

16:49:50    kbmemfree   kbavail kbmemused  %memused kbbuffers  kbcached  kbcommit   %commit  kbactive   kbinact   kbdirty
16:49:52      1600820   1605412    177736      8.75         8    122352    503388     24.79    163704     78212       224

16:49:52        CPU     %user     %nice   %system   %iowait    %steal     %idle
16:49:54        all      0.13      0.00      0.51      0.00      1.53     97.83

16:49:52          tps      rtps      wtps      dtps   bread/s   bwrtn/s   bdscd/s
16:49:54         1.00      0.00      1.00      0.00      0.00     16.00      0.00

16:49:52    kbmemfree   kbavail kbmemused  %memused kbbuffers  kbcached  kbcommit   %commit  kbactive   kbinact   kbdirty
16:49:54      1600852   1605444    177704      8.75         8    122352    503388     24.79    163720     78196       216

16:49:54        CPU     %user     %nice   %system   %iowait    %steal     %idle
16:49:56        all      0.38      0.00      0.51      0.00      1.15     97.96

16:49:54          tps      rtps      wtps      dtps   bread/s   bwrtn/s   bdscd/s
16:49:56         0.00      0.00      0.00      0.00      0.00      0.00      0.00

16:49:54    kbmemfree   kbavail kbmemused  %memused kbbuffers  kbcached  kbcommit   %commit  kbactive   kbinact   kbdirty
16:49:56      1600820   1605412    177736      8.75         8    122352    503388     24.79    163720     78196       220

16:49:56        CPU     %user     %nice   %system   %iowait    %steal     %idle
16:49:58        all      0.13      0.00      0.50      0.00      3.76     95.61

16:49:56          tps      rtps      wtps      dtps   bread/s   bwrtn/s   bdscd/s
16:49:58         1.00      0.00      1.00      0.00      0.00     20.00      0.00

16:49:56    kbmemfree   kbavail kbmemused  %memused kbbuffers  kbcached  kbcommit   %commit  kbactive   kbinact   kbdirty
16:49:58      1600788   1605392    177760      8.75         8    122360    503388     24.79    163748     78196       212

16:49:58        CPU     %user     %nice   %system   %iowait    %steal     %idle
16:50:00        all      0.13      0.00      0.64      0.00      2.55     96.69

16:49:58          tps      rtps      wtps      dtps   bread/s   bwrtn/s   bdscd/s
16:50:00         0.00      0.00      0.00      0.00      0.00      0.00      0.00

16:49:58    kbmemfree   kbavail kbmemused  %memused kbbuffers  kbcached  kbcommit   %commit  kbactive   kbinact   kbdirty
16:50:00      1600852   1605460    177684      8.75         8    122372    503388     24.79    163752     78196       232

16:50:00        CPU     %user     %nice   %system   %iowait    %steal     %idle
16:50:02        all      0.38      0.00      0.38      4.85      1.15     93.24

16:50:00          tps      rtps      wtps      dtps   bread/s   bwrtn/s   bdscd/s
16:50:02         2.50      0.00      2.50      0.00      0.00     72.00      0.00

16:50:00    kbmemfree   kbavail kbmemused  %memused kbbuffers  kbcached  kbcommit   %commit  kbactive   kbinact   kbdirty
16:50:02      1600852   1605460    177680      8.75         8    122376    503388     24.79    163752     78196       236

16:50:02        CPU     %user     %nice   %system   %iowait    %steal     %idle
16:50:04        all      0.00      0.00      0.26      0.90      1.16     97.69

16:50:02          tps      rtps      wtps      dtps   bread/s   bwrtn/s   bdscd/s
16:50:04         0.50      0.00      0.50      0.00      0.00     28.00      0.00

16:50:02    kbmemfree   kbavail kbmemused  %memused kbbuffers  kbcached  kbcommit   %commit  kbactive   kbinact   kbdirty
16:50:04      1600788   1605396    177740      8.75         8    122380    503388     24.79    163756     78196       220

16:50:04        CPU     %user     %nice   %system   %iowait    %steal     %idle
16:50:06        all      0.26      0.00      0.26      0.13      0.90     98.46

16:50:04          tps      rtps      wtps      dtps   bread/s   bwrtn/s   bdscd/s
16:50:06         9.00      0.00      9.00      0.00      0.00   1832.00      0.00

16:50:04    kbmemfree   kbavail kbmemused  %memused kbbuffers  kbcached  kbcommit   %commit  kbactive   kbinact   kbdirty
16:50:06      1600820   1605428    177708      8.75         8    122380    503388     24.79    163852     78100        16

16:50:06        CPU     %user     %nice   %system   %iowait    %steal     %idle
16:50:08        all      0.12      0.00      0.37      0.00      2.61     96.89

16:50:06          tps      rtps      wtps      dtps   bread/s   bwrtn/s   bdscd/s
16:50:08         0.00      0.00      0.00      0.00      0.00      0.00      0.00

16:50:06    kbmemfree   kbavail kbmemused  %memused kbbuffers  kbcached  kbcommit   %commit  kbactive   kbinact   kbdirty
16:50:08      1600852   1605460    177676      8.75         8    122380    503388     24.79    163852     78100        16

16:50:08        CPU     %user     %nice   %system   %iowait    %steal     %idle
16:50:10        all      0.25      0.00      0.38      0.00      2.28     97.08

16:50:08          tps      rtps      wtps      dtps   bread/s   bwrtn/s   bdscd/s
16:50:10         0.00      0.00      0.00      0.00      0.00      0.00      0.00

16:50:08    kbmemfree   kbavail kbmemused  %memused kbbuffers  kbcached  kbcommit   %commit  kbactive   kbinact   kbdirty
16:50:10      1600820   1605428    177708      8.75         8    122380    503388     24.79    163852     78100        16

Average:        CPU     %user     %nice   %system   %iowait    %steal     %idle
Average:        all      0.21      0.00      0.38      0.73      1.88     96.79

Average:          tps      rtps      wtps      dtps   bread/s   bwrtn/s   bdscd/s
Average:         0.60      0.00      0.60      0.00      0.00     88.54      0.00

Average:    kbmemfree   kbavail kbmemused  %memused kbbuffers  kbcached  kbcommit   %commit  kbactive   kbinact   kbdirty
Average:      1600783   1605311    177905      8.76         8    122221    503388     24.79    163308     78478       142
