Linux 5.4.0-86-generic (flexran) 	12/13/21 	_x86_64_	(4 CPU)

16:38:58        CPU     %user     %nice   %system   %iowait    %steal     %idle
16:39:00        all      0.13      0.00      0.26      0.00      0.26     99.36

16:38:58          tps      rtps      wtps      dtps   bread/s   bwrtn/s   bdscd/s
16:39:00         0.00      0.00      0.00      0.00      0.00      0.00      0.00

16:38:58    kbmemfree   kbavail kbmemused  %memused kbbuffers  kbcached  kbcommit   %commit  kbactive   kbinact   kbdirty
16:39:00      1604488   1607172    177916      8.76         8    118520    504644     24.85    162188     75844       164

16:39:00        CPU     %user     %nice   %system   %iowait    %steal     %idle
16:39:02        all      0.13      0.00      0.38      0.00      1.02     98.46

16:39:00          tps      rtps      wtps      dtps   bread/s   bwrtn/s   bdscd/s
16:39:02         0.00      0.00      0.00      0.00      0.00      0.00      0.00

16:39:00    kbmemfree   kbavail kbmemused  %memused kbbuffers  kbcached  kbcommit   %commit  kbactive   kbinact   kbdirty
16:39:02      1604520   1607204    177884      8.76         8    118520    504644     24.85    162188     75844       164

16:39:02        CPU     %user     %nice   %system   %iowait    %steal     %idle
16:39:04        all      0.13      0.00      0.13      0.00      0.51     99.23

16:39:02          tps      rtps      wtps      dtps   bread/s   bwrtn/s   bdscd/s
16:39:04         0.00      0.00      0.00      0.00      0.00      0.00      0.00

16:39:02    kbmemfree   kbavail kbmemused  %memused kbbuffers  kbcached  kbcommit   %commit  kbactive   kbinact   kbdirty
16:39:04      1604584   1607268    177820      8.76         8    118520    504644     24.85    162188     75844       164

16:39:04        CPU     %user     %nice   %system   %iowait    %steal     %idle
16:39:06        all      0.13      0.00      0.38      0.00      0.38     99.10

16:39:04          tps      rtps      wtps      dtps   bread/s   bwrtn/s   bdscd/s
16:39:06         0.00      0.00      0.00      0.00      0.00      0.00      0.00

16:39:04    kbmemfree   kbavail kbmemused  %memused kbbuffers  kbcached  kbcommit   %commit  kbactive   kbinact   kbdirty
16:39:06      1604552   1607236    177852      8.76         8    118520    504644     24.85    162188     75844       164

16:39:06        CPU     %user     %nice   %system   %iowait    %steal     %idle
16:39:08        all      0.25      0.00      0.25      0.00      3.38     96.12

16:39:06          tps      rtps      wtps      dtps   bread/s   bwrtn/s   bdscd/s
16:39:08         1.50      0.00      1.50      0.00      0.00     20.00      0.00

16:39:06    kbmemfree   kbavail kbmemused  %memused kbbuffers  kbcached  kbcommit   %commit  kbactive   kbinact   kbdirty
16:39:08      1604552   1607236    177852      8.76         8    118520    504644     24.85    162188     75844       180

16:39:08        CPU     %user     %nice   %system   %iowait    %steal     %idle
16:39:10        all      0.25      0.00      0.50      0.00      1.75     97.50

16:39:08          tps      rtps      wtps      dtps   bread/s   bwrtn/s   bdscd/s
16:39:10         0.00      0.00      0.00      0.00      0.00      0.00      0.00

16:39:08    kbmemfree   kbavail kbmemused  %memused kbbuffers  kbcached  kbcommit   %commit  kbactive   kbinact   kbdirty
16:39:10      1604520   1607204    177884      8.76         8    118520    504644     24.85    162188     75844       188

16:39:10        CPU     %user     %nice   %system   %iowait    %steal     %idle
16:39:12        all      0.13      0.00      0.51      0.00      2.53     96.83

16:39:10          tps      rtps      wtps      dtps   bread/s   bwrtn/s   bdscd/s
16:39:12         1.50      0.00      1.50      0.00      0.00     12.00      0.00

16:39:10    kbmemfree   kbavail kbmemused  %memused kbbuffers  kbcached  kbcommit   %commit  kbactive   kbinact   kbdirty
16:39:12      1604520   1607204    177884      8.76         8    118520    504644     24.85    162188     75844       188

16:39:12        CPU     %user     %nice   %system   %iowait    %steal     %idle
16:39:14        all      0.26      0.00      0.13      0.00      1.53     98.09

16:39:12          tps      rtps      wtps      dtps   bread/s   bwrtn/s   bdscd/s
16:39:14         0.00      0.00      0.00      0.00      0.00      0.00      0.00

16:39:12    kbmemfree   kbavail kbmemused  %memused kbbuffers  kbcached  kbcommit   %commit  kbactive   kbinact   kbdirty
16:39:14      1604520   1607204    177880      8.76         8    118524    504644     24.85    162240     75844       208

16:39:14        CPU     %user     %nice   %system   %iowait    %steal     %idle
16:39:16        all      0.13      0.00      0.13      0.00      1.41     98.34

16:39:14          tps      rtps      wtps      dtps   bread/s   bwrtn/s   bdscd/s
16:39:16         0.00      0.00      0.00      0.00      0.00      0.00      0.00

16:39:14    kbmemfree   kbavail kbmemused  %memused kbbuffers  kbcached  kbcommit   %commit  kbactive   kbinact   kbdirty
16:39:16      1604552   1607236    177844      8.76         8    118528    504644     24.85    162240     75844       212

16:39:16        CPU     %user     %nice   %system   %iowait    %steal     %idle
16:39:18        all      0.25      0.00      0.38      0.00      1.40     97.97

16:39:16          tps      rtps      wtps      dtps   bread/s   bwrtn/s   bdscd/s
16:39:18         2.50      0.00      2.50      0.00      0.00     20.00      0.00

16:39:16    kbmemfree   kbavail kbmemused  %memused kbbuffers  kbcached  kbcommit   %commit  kbactive   kbinact   kbdirty
16:39:18      1604488   1607172    177908      8.76         8    118528    504644     24.85    162240     75844       224

16:39:18        CPU     %user     %nice   %system   %iowait    %steal     %idle
16:39:20        all      0.00      0.00      0.25      0.00      2.53     97.22

16:39:18          tps      rtps      wtps      dtps   bread/s   bwrtn/s   bdscd/s
16:39:20         0.00      0.00      0.00      0.00      0.00      0.00      0.00

16:39:18    kbmemfree   kbavail kbmemused  %memused kbbuffers  kbcached  kbcommit   %commit  kbactive   kbinact   kbdirty
16:39:20      1604552   1607236    177844      8.76         8    118528    504644     24.85    162240     75844       236

16:39:20        CPU     %user     %nice   %system   %iowait    %steal     %idle
16:39:22        all      0.13      0.00      0.13      0.00      2.90     96.85

16:39:20          tps      rtps      wtps      dtps   bread/s   bwrtn/s   bdscd/s
16:39:22         1.50      0.00      1.50      0.00      0.00     12.00      0.00

16:39:20    kbmemfree   kbavail kbmemused  %memused kbbuffers  kbcached  kbcommit   %commit  kbactive   kbinact   kbdirty
16:39:22      1604584   1607268    177812      8.76         8    118528    504644     24.85    162240     75844       240

16:39:22        CPU     %user     %nice   %system   %iowait    %steal     %idle
16:39:24        all      0.25      0.00      0.50      0.00      2.26     96.98

16:39:22          tps      rtps      wtps      dtps   bread/s   bwrtn/s   bdscd/s
16:39:24         0.00      0.00      0.00      0.00      0.00      0.00      0.00

16:39:22    kbmemfree   kbavail kbmemused  %memused kbbuffers  kbcached  kbcommit   %commit  kbactive   kbinact   kbdirty
16:39:24      1604584   1607268    177812      8.76         8    118528    504644     24.85    162240     75844       252

16:39:24        CPU     %user     %nice   %system   %iowait    %steal     %idle
16:39:26        all      0.00      0.00      0.63      0.00      3.30     96.07

16:39:24          tps      rtps      wtps      dtps   bread/s   bwrtn/s   bdscd/s
16:39:26         0.00      0.00      0.00      0.00      0.00      0.00      0.00

16:39:24    kbmemfree   kbavail kbmemused  %memused kbbuffers  kbcached  kbcommit   %commit  kbactive   kbinact   kbdirty
16:39:26      1604552   1607236    177844      8.76         8    118528    504644     24.85    162240     75844       252

16:39:26        CPU     %user     %nice   %system   %iowait    %steal     %idle
16:39:28        all      0.13      0.00      0.75      0.00      2.38     96.74

16:39:26          tps      rtps      wtps      dtps   bread/s   bwrtn/s   bdscd/s
16:39:28         1.50      0.00      1.50      0.00      0.00     16.00      0.00

16:39:26    kbmemfree   kbavail kbmemused  %memused kbbuffers  kbcached  kbcommit   %commit  kbactive   kbinact   kbdirty
16:39:28      1604520   1607208    177872      8.76         8    118532    504644     24.85    162248     75844       244

16:39:28        CPU     %user     %nice   %system   %iowait    %steal     %idle
16:39:30        all      0.25      0.00      0.13      0.00      2.80     96.82

16:39:28          tps      rtps      wtps      dtps   bread/s   bwrtn/s   bdscd/s
16:39:30         0.00      0.00      0.00      0.00      0.00      0.00      0.00

16:39:28    kbmemfree   kbavail kbmemused  %memused kbbuffers  kbcached  kbcommit   %commit  kbactive   kbinact   kbdirty
16:39:30      1604552   1607240    177836      8.76         8    118536    504644     24.85    162248     75844       260

16:39:30        CPU     %user     %nice   %system   %iowait    %steal     %idle
16:39:32        all      0.13      0.00      0.51      0.13      3.67     95.58

16:39:30          tps      rtps      wtps      dtps   bread/s   bwrtn/s   bdscd/s
16:39:32        12.50      0.00     12.50      0.00      0.00   2216.00      0.00

16:39:30    kbmemfree   kbavail kbmemused  %memused kbbuffers  kbcached  kbcommit   %commit  kbactive   kbinact   kbdirty
16:39:32      1604584   1607272    177804      8.76         8    118536    504644     24.85    162280     75812        16

16:39:32        CPU     %user     %nice   %system   %iowait    %steal     %idle
16:39:34        all      0.25      0.00      0.38      0.00      2.66     96.71

16:39:32          tps      rtps      wtps      dtps   bread/s   bwrtn/s   bdscd/s
16:39:34         0.00      0.00      0.00      0.00      0.00      0.00      0.00

16:39:32    kbmemfree   kbavail kbmemused  %memused kbbuffers  kbcached  kbcommit   %commit  kbactive   kbinact   kbdirty
16:39:34      1604584   1607272    177804      8.76         8    118536    504644     24.85    162280     75812        16

16:39:34        CPU     %user     %nice   %system   %iowait    %steal     %idle
16:39:36        all      2.67      0.00      2.41      0.00      5.97     88.95

16:39:34          tps      rtps      wtps      dtps   bread/s   bwrtn/s   bdscd/s
16:39:36         0.00      0.00      0.00      0.00      0.00      0.00      0.00

16:39:34    kbmemfree   kbavail kbmemused  %memused kbbuffers  kbcached  kbcommit   %commit  kbactive   kbinact   kbdirty
16:39:36      1604584   1607272    177804      8.76         8    118536    504644     24.85    162280     75812        16

16:39:36        CPU     %user     %nice   %system   %iowait    %steal     %idle
16:39:38        all      0.51      0.00      0.38      0.00      1.40     97.70

16:39:36          tps      rtps      wtps      dtps   bread/s   bwrtn/s   bdscd/s
16:39:38         0.00      0.00      0.00      0.00      0.00      0.00      0.00

16:39:36    kbmemfree   kbavail kbmemused  %memused kbbuffers  kbcached  kbcommit   %commit  kbactive   kbinact   kbdirty
16:39:38      1604552   1607240    177836      8.76         8    118536    504644     24.85    162280     75812        16

16:39:38        CPU     %user     %nice   %system   %iowait    %steal     %idle
16:39:40        all      0.25      0.00      0.25      0.00      1.52     97.97

16:39:38          tps      rtps      wtps      dtps   bread/s   bwrtn/s   bdscd/s
16:39:40         0.00      0.00      0.00      0.00      0.00      0.00      0.00

16:39:38    kbmemfree   kbavail kbmemused  %memused kbbuffers  kbcached  kbcommit   %commit  kbactive   kbinact   kbdirty
16:39:40      1604552   1607240    177832      8.76         8    118540    504644     24.85    162280     75812        20

16:39:40        CPU     %user     %nice   %system   %iowait    %steal     %idle
16:39:42        all      0.63      0.00      0.88      0.00      2.88     95.61

16:39:40          tps      rtps      wtps      dtps   bread/s   bwrtn/s   bdscd/s
16:39:42         0.00      0.00      0.00      0.00      0.00      0.00      0.00

16:39:40    kbmemfree   kbavail kbmemused  %memused kbbuffers  kbcached  kbcommit   %commit  kbactive   kbinact   kbdirty
16:39:42      1604520   1607208    177864      8.76         8    118540    504644     24.85    162280     75812        20

16:39:42        CPU     %user     %nice   %system   %iowait    %steal     %idle
16:39:44        all      0.89      0.00      0.51      0.00      1.78     96.82

16:39:42          tps      rtps      wtps      dtps   bread/s   bwrtn/s   bdscd/s
16:39:44         0.00      0.00      0.00      0.00      0.00      0.00      0.00

16:39:42    kbmemfree   kbavail kbmemused  %memused kbbuffers  kbcached  kbcommit   %commit  kbactive   kbinact   kbdirty
16:39:44      1604552   1607240    177824      8.76         8    118548    504644     24.85    162280     75812        28

16:39:44        CPU     %user     %nice   %system   %iowait    %steal     %idle
16:39:46        all      0.50      0.00      0.75      0.00      3.14     95.61

16:39:44          tps      rtps      wtps      dtps   bread/s   bwrtn/s   bdscd/s
16:39:46         0.00      0.00      0.00      0.00      0.00      0.00      0.00

16:39:44    kbmemfree   kbavail kbmemused  %memused kbbuffers  kbcached  kbcommit   %commit  kbactive   kbinact   kbdirty
16:39:46      1604584   1607272    177792      8.76         8    118548    504644     24.85    162280     75812        28

16:39:46        CPU     %user     %nice   %system   %iowait    %steal     %idle
16:39:48        all      0.38      0.00      0.51      0.00      1.77     97.35

16:39:46          tps      rtps      wtps      dtps   bread/s   bwrtn/s   bdscd/s
16:39:48         0.00      0.00      0.00      0.00      0.00      0.00      0.00

16:39:46    kbmemfree   kbavail kbmemused  %memused kbbuffers  kbcached  kbcommit   %commit  kbactive   kbinact   kbdirty
16:39:48      1604552   1607240    177824      8.76         8    118548    504644     24.85    162280     75812        28

16:39:48        CPU     %user     %nice   %system   %iowait    %steal     %idle
16:39:50        all      0.38      0.00      0.38      0.00      2.28     96.96

16:39:48          tps      rtps      wtps      dtps   bread/s   bwrtn/s   bdscd/s
16:39:50         0.00      0.00      0.00      0.00      0.00      0.00      0.00

16:39:48    kbmemfree   kbavail kbmemused  %memused kbbuffers  kbcached  kbcommit   %commit  kbactive   kbinact   kbdirty
16:39:50      1604520   1607208    177856      8.76         8    118548    504644     24.85    162280     75812        28

16:39:50        CPU     %user     %nice   %system   %iowait    %steal     %idle
16:39:52        all      0.76      0.00      0.76      0.00      3.43     95.05

16:39:50          tps      rtps      wtps      dtps   bread/s   bwrtn/s   bdscd/s
16:39:52         0.00      0.00      0.00      0.00      0.00      0.00      0.00

16:39:50    kbmemfree   kbavail kbmemused  %memused kbbuffers  kbcached  kbcommit   %commit  kbactive   kbinact   kbdirty
16:39:52      1604552   1607240    177824      8.76         8    118548    504644     24.85    162280     75812        28

16:39:52        CPU     %user     %nice   %system   %iowait    %steal     %idle
16:39:54        all      0.25      0.00      0.88      0.00      3.89     94.97

16:39:52          tps      rtps      wtps      dtps   bread/s   bwrtn/s   bdscd/s
16:39:54         0.00      0.00      0.00      0.00      0.00      0.00      0.00

16:39:52    kbmemfree   kbavail kbmemused  %memused kbbuffers  kbcached  kbcommit   %commit  kbactive   kbinact   kbdirty
16:39:54      1604552   1607240    177824      8.76         8    118548    504644     24.85    162280     75812        28

16:39:54        CPU     %user     %nice   %system   %iowait    %steal     %idle
16:39:56        all      0.26      0.00      0.51      0.00      1.66     97.57

16:39:54          tps      rtps      wtps      dtps   bread/s   bwrtn/s   bdscd/s
16:39:56         0.00      0.00      0.00      0.00      0.00      0.00      0.00

16:39:54    kbmemfree   kbavail kbmemused  %memused kbbuffers  kbcached  kbcommit   %commit  kbactive   kbinact   kbdirty
16:39:56      1604584   1607272    177792      8.76         8    118548    504644     24.85    162280     75812        28

16:39:56        CPU     %user     %nice   %system   %iowait    %steal     %idle
16:39:58        all      0.26      0.00      0.39      0.00      0.77     98.58

16:39:56          tps      rtps      wtps      dtps   bread/s   bwrtn/s   bdscd/s
16:39:58         0.00      0.00      0.00      0.00      0.00      0.00      0.00

16:39:56    kbmemfree   kbavail kbmemused  %memused kbbuffers  kbcached  kbcommit   %commit  kbactive   kbinact   kbdirty
16:39:58      1604616   1607308    177752      8.75         8    118556    504644     24.85    162284     75812        36

16:39:58        CPU     %user     %nice   %system   %iowait    %steal     %idle
16:40:00        all      0.26      0.00      0.39      0.00      0.64     98.71

16:39:58          tps      rtps      wtps      dtps   bread/s   bwrtn/s   bdscd/s
16:40:00         0.00      0.00      0.00      0.00      0.00      0.00      0.00

16:39:58    kbmemfree   kbavail kbmemused  %memused kbbuffers  kbcached  kbcommit   %commit  kbactive   kbinact   kbdirty
16:40:00      1604584   1607276    177784      8.75         8    118556    504644     24.85    162284     75812        36

16:40:00        CPU     %user     %nice   %system   %iowait    %steal     %idle
16:40:02        all      0.38      0.00      0.13      0.00      1.53     97.95

16:40:00          tps      rtps      wtps      dtps   bread/s   bwrtn/s   bdscd/s
16:40:02         0.00      0.00      0.00      0.00      0.00      0.00      0.00

16:40:00    kbmemfree   kbavail kbmemused  %memused kbbuffers  kbcached  kbcommit   %commit  kbactive   kbinact   kbdirty
16:40:02      1604488   1607180    177880      8.76         8    118556    504644     24.85    162284     75812        36

16:40:02        CPU     %user     %nice   %system   %iowait    %steal     %idle
16:40:04        all      0.13      0.00      0.51      0.00      1.78     97.58

16:40:02          tps      rtps      wtps      dtps   bread/s   bwrtn/s   bdscd/s
16:40:04         2.50      0.00      2.50      0.00      0.00     36.00      0.00

16:40:02    kbmemfree   kbavail kbmemused  %memused kbbuffers  kbcached  kbcommit   %commit  kbactive   kbinact   kbdirty
16:40:04      1604584   1607276    177784      8.75         8    118556    504644     24.85    162308     75812       180

16:40:04        CPU     %user     %nice   %system   %iowait    %steal     %idle
16:40:06        all      0.13      0.00      0.13      0.00      1.52     98.23

16:40:04          tps      rtps      wtps      dtps   bread/s   bwrtn/s   bdscd/s
16:40:06         0.00      0.00      0.00      0.00      0.00      0.00      0.00

16:40:04    kbmemfree   kbavail kbmemused  %memused kbbuffers  kbcached  kbcommit   %commit  kbactive   kbinact   kbdirty
16:40:06      1604552   1607244    177816      8.76         8    118556    504644     24.85    162308     75812       188

16:40:06        CPU     %user     %nice   %system   %iowait    %steal     %idle
16:40:08        all      0.13      0.00      0.13      0.00      2.15     97.60

16:40:06          tps      rtps      wtps      dtps   bread/s   bwrtn/s   bdscd/s
16:40:08         0.00      0.00      0.00      0.00      0.00      0.00      0.00

16:40:06    kbmemfree   kbavail kbmemused  %memused kbbuffers  kbcached  kbcommit   %commit  kbactive   kbinact   kbdirty
16:40:08      1604552   1607244    177816      8.76         8    118556    504644     24.85    162308     75812       188

16:40:08        CPU     %user     %nice   %system   %iowait    %steal     %idle
16:40:10        all      0.38      0.00      0.76      0.00      1.27     97.59

16:40:08          tps      rtps      wtps      dtps   bread/s   bwrtn/s   bdscd/s
16:40:10         0.00      0.00      0.00      0.00      0.00      0.00      0.00

16:40:08    kbmemfree   kbavail kbmemused  %memused kbbuffers  kbcached  kbcommit   %commit  kbactive   kbinact   kbdirty
16:40:10      1604616   1607308    177752      8.75         8    118556    504644     24.85    162308     75812       188

16:40:10        CPU     %user     %nice   %system   %iowait    %steal     %idle
16:40:12        all      0.00      0.00      0.13      0.00      1.02     98.85

16:40:10          tps      rtps      wtps      dtps   bread/s   bwrtn/s   bdscd/s
16:40:12         0.00      0.00      0.00      0.00      0.00      0.00      0.00

16:40:10    kbmemfree   kbavail kbmemused  %memused kbbuffers  kbcached  kbcommit   %commit  kbactive   kbinact   kbdirty
16:40:12      1604520   1607212    177840      8.76         8    118564    504644     24.85    162308     75812       196

16:40:12        CPU     %user     %nice   %system   %iowait    %steal     %idle
16:40:14        all      0.13      0.00      0.00      0.00      0.64     99.24

16:40:12          tps      rtps      wtps      dtps   bread/s   bwrtn/s   bdscd/s
16:40:14         0.00      0.00      0.00      0.00      0.00      0.00      0.00

16:40:12    kbmemfree   kbavail kbmemused  %memused kbbuffers  kbcached  kbcommit   %commit  kbactive   kbinact   kbdirty
16:40:14      1604552   1607244    177808      8.76         8    118564    504644     24.85    162308     75812       196

16:40:14        CPU     %user     %nice   %system   %iowait    %steal     %idle
16:40:16        all      0.00      0.00      0.25      0.00      1.27     98.47

16:40:14          tps      rtps      wtps      dtps   bread/s   bwrtn/s   bdscd/s
16:40:16         0.00      0.00      0.00      0.00      0.00      0.00      0.00

16:40:14    kbmemfree   kbavail kbmemused  %memused kbbuffers  kbcached  kbcommit   %commit  kbactive   kbinact   kbdirty
16:40:16      1604552   1607244    177808      8.76         8    118564    504644     24.85    162308     75812       196

16:40:16        CPU     %user     %nice   %system   %iowait    %steal     %idle
16:40:18        all      0.25      0.00      0.51      0.00      3.54     95.71

16:40:16          tps      rtps      wtps      dtps   bread/s   bwrtn/s   bdscd/s
16:40:18         0.00      0.00      0.00      0.00      0.00      0.00      0.00

16:40:16    kbmemfree   kbavail kbmemused  %memused kbbuffers  kbcached  kbcommit   %commit  kbactive   kbinact   kbdirty
16:40:18      1604584   1607276    177776      8.75         8    118564    504644     24.85    162308     75812       196

16:40:18        CPU     %user     %nice   %system   %iowait    %steal     %idle
16:40:20        all      0.25      0.00      0.50      0.00      5.33     93.92

16:40:18          tps      rtps      wtps      dtps   bread/s   bwrtn/s   bdscd/s
16:40:20         0.00      0.00      0.00      0.00      0.00      0.00      0.00

16:40:18    kbmemfree   kbavail kbmemused  %memused kbbuffers  kbcached  kbcommit   %commit  kbactive   kbinact   kbdirty
16:40:20      1604552   1607244    177808      8.76         8    118564    504644     24.85    162308     75812       196

16:40:20        CPU     %user     %nice   %system   %iowait    %steal     %idle
16:40:22        all      0.13      0.00      0.13      0.00      1.28     98.47

16:40:20          tps      rtps      wtps      dtps   bread/s   bwrtn/s   bdscd/s
16:40:22         0.00      0.00      0.00      0.00      0.00      0.00      0.00

16:40:20    kbmemfree   kbavail kbmemused  %memused kbbuffers  kbcached  kbcommit   %commit  kbactive   kbinact   kbdirty
16:40:22      1604584   1607276    177776      8.75         8    118564    504644     24.85    162308     75812       196

16:40:22        CPU     %user     %nice   %system   %iowait    %steal     %idle
16:40:24        all      0.00      0.00      0.26      0.00      0.90     98.85

16:40:22          tps      rtps      wtps      dtps   bread/s   bwrtn/s   bdscd/s
16:40:24         0.00      0.00      0.00      0.00      0.00      0.00      0.00

16:40:22    kbmemfree   kbavail kbmemused  %memused kbbuffers  kbcached  kbcommit   %commit  kbactive   kbinact   kbdirty
16:40:24      1604488   1607180    177872      8.76         8    118564    504644     24.85    162308     75812       196

16:40:24        CPU     %user     %nice   %system   %iowait    %steal     %idle
16:40:26        all      0.25      0.00      0.25      0.00      1.40     98.09

16:40:24          tps      rtps      wtps      dtps   bread/s   bwrtn/s   bdscd/s
16:40:26         0.00      0.00      0.00      0.00      0.00      0.00      0.00

16:40:24    kbmemfree   kbavail kbmemused  %memused kbbuffers  kbcached  kbcommit   %commit  kbactive   kbinact   kbdirty
16:40:26      1604552   1607244    177800      8.76         8    118572    504644     24.85    162308     75812       204

16:40:26        CPU     %user     %nice   %system   %iowait    %steal     %idle
16:40:28        all      0.00      0.00      0.25      0.00      1.78     97.96

16:40:26          tps      rtps      wtps      dtps   bread/s   bwrtn/s   bdscd/s
16:40:28         0.00      0.00      0.00      0.00      0.00      0.00      0.00

16:40:26    kbmemfree   kbavail kbmemused  %memused kbbuffers  kbcached  kbcommit   %commit  kbactive   kbinact   kbdirty
16:40:28      1604552   1607244    177796      8.76         8    118576    504644     24.85    162308     75812       208

16:40:28        CPU     %user     %nice   %system   %iowait    %steal     %idle
16:40:30        all      0.00      0.00      0.39      0.00      0.13     99.49

16:40:28          tps      rtps      wtps      dtps   bread/s   bwrtn/s   bdscd/s
16:40:30         0.00      0.00      0.00      0.00      0.00      0.00      0.00

16:40:28    kbmemfree   kbavail kbmemused  %memused kbbuffers  kbcached  kbcommit   %commit  kbactive   kbinact   kbdirty
16:40:30      1604552   1607244    177796      8.76         8    118576    504644     24.85    162308     75812       208

16:40:30        CPU     %user     %nice   %system   %iowait    %steal     %idle
16:40:32        all      0.13      0.00      0.51      0.00      0.90     98.47

16:40:30          tps      rtps      wtps      dtps   bread/s   bwrtn/s   bdscd/s
16:40:32         0.00      0.00      0.00      0.00      0.00      0.00      0.00

16:40:30    kbmemfree   kbavail kbmemused  %memused kbbuffers  kbcached  kbcommit   %commit  kbactive   kbinact   kbdirty
16:40:32      1604520   1607212    177828      8.76         8    118576    504644     24.85    162308     75812       208

16:40:32        CPU     %user     %nice   %system   %iowait    %steal     %idle
16:40:34        all      0.00      0.00      0.38      0.00      2.03     97.59

16:40:32          tps      rtps      wtps      dtps   bread/s   bwrtn/s   bdscd/s
16:40:34         0.50      0.00      0.50      0.00      0.00      8.00      0.00

16:40:32    kbmemfree   kbavail kbmemused  %memused kbbuffers  kbcached  kbcommit   %commit  kbactive   kbinact   kbdirty
16:40:34      1604520   1607212    177828      8.76         8    118576    504644     24.85    162308     75812       204

16:40:34        CPU     %user     %nice   %system   %iowait    %steal     %idle
16:40:36        all      0.25      0.00      0.25      0.00      2.02     97.48

16:40:34          tps      rtps      wtps      dtps   bread/s   bwrtn/s   bdscd/s
16:40:36         0.00      0.00      0.00      0.00      0.00      0.00      0.00

16:40:34    kbmemfree   kbavail kbmemused  %memused kbbuffers  kbcached  kbcommit   %commit  kbactive   kbinact   kbdirty
16:40:36      1604552   1607244    177796      8.76         8    118576    504644     24.85    162308     75812       204

16:40:36        CPU     %user     %nice   %system   %iowait    %steal     %idle
16:40:38        all      0.12      0.00      1.00      0.25      4.36     94.26

16:40:36          tps      rtps      wtps      dtps   bread/s   bwrtn/s   bdscd/s
16:40:38         9.50      0.00      9.50      0.00      0.00   1960.00      0.00

16:40:36    kbmemfree   kbavail kbmemused  %memused kbbuffers  kbcached  kbcommit   %commit  kbactive   kbinact   kbdirty
16:40:38      1604552   1607248    177796      8.76         8    118576    504644     24.85    162312     75812        28

16:40:38        CPU     %user     %nice   %system   %iowait    %steal     %idle
16:40:40        all      0.25      0.00      0.63      0.38      3.03     95.70

16:40:38          tps      rtps      wtps      dtps   bread/s   bwrtn/s   bdscd/s
16:40:40         1.50      1.00      0.50      0.00     32.00     24.00      0.00

16:40:38    kbmemfree   kbavail kbmemused  %memused kbbuffers  kbcached  kbcommit   %commit  kbactive   kbinact   kbdirty
16:40:40      1604268   1606984    178044      8.77         8    118612    504644     24.85    162336     75828       156

16:40:40        CPU     %user     %nice   %system   %iowait    %steal     %idle
16:40:42        all      0.76      0.00      0.38      0.00      2.29     96.57

16:40:40          tps      rtps      wtps      dtps   bread/s   bwrtn/s   bdscd/s
16:40:42         0.00      0.00      0.00      0.00      0.00      0.00      0.00

16:40:40    kbmemfree   kbavail kbmemused  %memused kbbuffers  kbcached  kbcommit   %commit  kbactive   kbinact   kbdirty
16:40:42      1604332   1607048    177976      8.76         8    118616    504644     24.85    162336     75828       164

16:40:42        CPU     %user     %nice   %system   %iowait    %steal     %idle
16:40:44        all      0.25      0.00      0.25      0.00      2.28     97.22

16:40:42          tps      rtps      wtps      dtps   bread/s   bwrtn/s   bdscd/s
16:40:44         0.00      0.00      0.00      0.00      0.00      0.00      0.00

16:40:42    kbmemfree   kbavail kbmemused  %memused kbbuffers  kbcached  kbcommit   %commit  kbactive   kbinact   kbdirty
16:40:44      1604332   1607048    177976      8.76         8    118616    504644     24.85    162336     75828       164

16:40:44        CPU     %user     %nice   %system   %iowait    %steal     %idle
16:40:46        all      0.26      0.00      0.51      0.00      2.68     96.55

16:40:44          tps      rtps      wtps      dtps   bread/s   bwrtn/s   bdscd/s
16:40:46         0.00      0.00      0.00      0.00      0.00      0.00      0.00

16:40:44    kbmemfree   kbavail kbmemused  %memused kbbuffers  kbcached  kbcommit   %commit  kbactive   kbinact   kbdirty
16:40:46      1604300   1607016    178008      8.77         8    118616    504644     24.85    162336     75828       164

16:40:46        CPU     %user     %nice   %system   %iowait    %steal     %idle
16:40:48        all      0.76      0.00      0.63      0.00      1.39     97.22

16:40:46          tps      rtps      wtps      dtps   bread/s   bwrtn/s   bdscd/s
16:40:48         0.00      0.00      0.00      0.00      0.00      0.00      0.00

16:40:46    kbmemfree   kbavail kbmemused  %memused kbbuffers  kbcached  kbcommit   %commit  kbactive   kbinact   kbdirty
16:40:48      1604332   1607048    177976      8.76         8    118616    504644     24.85    162336     75828       164

16:40:48        CPU     %user     %nice   %system   %iowait    %steal     %idle
16:40:50        all      0.13      0.00      0.38      0.00      1.52     97.97

16:40:48          tps      rtps      wtps      dtps   bread/s   bwrtn/s   bdscd/s
16:40:50         0.00      0.00      0.00      0.00      0.00      0.00      0.00

16:40:48    kbmemfree   kbavail kbmemused  %memused kbbuffers  kbcached  kbcommit   %commit  kbactive   kbinact   kbdirty
16:40:50      1604364   1607080    177944      8.76         8    118616    504644     24.85    162336     75828       164

16:40:50        CPU     %user     %nice   %system   %iowait    %steal     %idle
16:40:52        all      0.50      0.00      0.13      0.00      2.75     96.62

16:40:50          tps      rtps      wtps      dtps   bread/s   bwrtn/s   bdscd/s
16:40:52         0.00      0.00      0.00      0.00      0.00      0.00      0.00

16:40:50    kbmemfree   kbavail kbmemused  %memused kbbuffers  kbcached  kbcommit   %commit  kbactive   kbinact   kbdirty
16:40:52      1604300   1607016    178008      8.77         8    118616    504644     24.85    162336     75828       164

16:40:52        CPU     %user     %nice   %system   %iowait    %steal     %idle
16:40:54        all      0.12      0.00      0.50      0.00      1.87     97.50

16:40:52          tps      rtps      wtps      dtps   bread/s   bwrtn/s   bdscd/s
16:40:54         0.00      0.00      0.00      0.00      0.00      0.00      0.00

16:40:52    kbmemfree   kbavail kbmemused  %memused kbbuffers  kbcached  kbcommit   %commit  kbactive   kbinact   kbdirty
16:40:54      1604364   1607080    177940      8.76         8    118620    504644     24.85    162336     75828       168

16:40:54        CPU     %user     %nice   %system   %iowait    %steal     %idle
16:40:56        all      0.00      0.00      0.00      0.00      1.76     98.24

16:40:54          tps      rtps      wtps      dtps   bread/s   bwrtn/s   bdscd/s
16:40:56         0.00      0.00      0.00      0.00      0.00      0.00      0.00

16:40:54    kbmemfree   kbavail kbmemused  %memused kbbuffers  kbcached  kbcommit   %commit  kbactive   kbinact   kbdirty
16:40:56      1604268   1606984    178032      8.77         8    118624    504644     24.85    162336     75828       172

16:40:56        CPU     %user     %nice   %system   %iowait    %steal     %idle
16:40:58        all      0.37      0.00      0.12      0.00      3.58     95.93

16:40:56          tps      rtps      wtps      dtps   bread/s   bwrtn/s   bdscd/s
16:40:58         0.00      0.00      0.00      0.00      0.00      0.00      0.00

16:40:56    kbmemfree   kbavail kbmemused  %memused kbbuffers  kbcached  kbcommit   %commit  kbactive   kbinact   kbdirty
16:40:58      1604396   1607112    177900      8.76         8    118628    504644     24.85    162336     75828       176

16:40:58        CPU     %user     %nice   %system   %iowait    %steal     %idle
16:41:00        all      0.13      0.00      0.38      0.00      2.15     97.35

16:40:58          tps      rtps      wtps      dtps   bread/s   bwrtn/s   bdscd/s
16:41:00         0.50      0.00      0.50      0.00      0.00     32.00      0.00

16:40:58    kbmemfree   kbavail kbmemused  %memused kbbuffers  kbcached  kbcommit   %commit  kbactive   kbinact   kbdirty
16:41:00      1604300   1607016    177996      8.77         8    118628    504644     24.85    162336     75828       176

16:41:00        CPU     %user     %nice   %system   %iowait    %steal     %idle
16:41:02        all      0.38      0.00      0.25      0.00      2.77     96.60

16:41:00          tps      rtps      wtps      dtps   bread/s   bwrtn/s   bdscd/s
16:41:02         0.00      0.00      0.00      0.00      0.00      0.00      0.00

16:41:00    kbmemfree   kbavail kbmemused  %memused kbbuffers  kbcached  kbcommit   %commit  kbactive   kbinact   kbdirty
16:41:02      1604332   1607072    177960      8.76         8    118632    504644     24.85    162392     75828       240

16:41:02        CPU     %user     %nice   %system   %iowait    %steal     %idle
16:41:04        all      0.13      0.00      0.13      0.00      2.64     97.11

16:41:02          tps      rtps      wtps      dtps   bread/s   bwrtn/s   bdscd/s
16:41:04         0.00      0.00      0.00      0.00      0.00      0.00      0.00

16:41:02    kbmemfree   kbavail kbmemused  %memused kbbuffers  kbcached  kbcommit   %commit  kbactive   kbinact   kbdirty
16:41:04      1604300   1607040    177992      8.77         8    118632    504644     24.85    162392     75828       240

16:41:04        CPU     %user     %nice   %system   %iowait    %steal     %idle
16:41:06        all      0.38      0.00      0.63      0.00      3.14     95.85

16:41:04          tps      rtps      wtps      dtps   bread/s   bwrtn/s   bdscd/s
16:41:06         2.00      0.00      2.00      0.00      0.00     16.00      0.00

16:41:04    kbmemfree   kbavail kbmemused  %memused kbbuffers  kbcached  kbcommit   %commit  kbactive   kbinact   kbdirty
16:41:06      1604364   1607104    177928      8.76         8    118632    504644     24.85    162392     75828       248

16:41:06        CPU     %user     %nice   %system   %iowait    %steal     %idle
16:41:08        all      0.00      0.00      0.50      0.00      2.49     97.01

16:41:06          tps      rtps      wtps      dtps   bread/s   bwrtn/s   bdscd/s
16:41:08         0.00      0.00      0.00      0.00      0.00      0.00      0.00

16:41:06    kbmemfree   kbavail kbmemused  %memused kbbuffers  kbcached  kbcommit   %commit  kbactive   kbinact   kbdirty
16:41:08      1604332   1607072    177960      8.76         8    118632    504644     24.85    162392     75828       252

16:41:08        CPU     %user     %nice   %system   %iowait    %steal     %idle
16:41:10        all      0.25      0.00      1.63      3.75      3.25     91.11

16:41:08          tps      rtps      wtps      dtps   bread/s   bwrtn/s   bdscd/s
16:41:10        12.50      0.00     12.50      0.00      0.00   2492.00      0.00

16:41:08    kbmemfree   kbavail kbmemused  %memused kbbuffers  kbcached  kbcommit   %commit  kbactive   kbinact   kbdirty
16:41:10      1604584   1607324    177700      8.75         8    118640    504644     24.85    162440     75780         0

16:41:10        CPU     %user     %nice   %system   %iowait    %steal     %idle
16:41:12        all      0.26      0.00      0.64      0.00      2.17     96.93

16:41:10          tps      rtps      wtps      dtps   bread/s   bwrtn/s   bdscd/s
16:41:12         0.00      0.00      0.00      0.00      0.00      0.00      0.00

16:41:10    kbmemfree   kbavail kbmemused  %memused kbbuffers  kbcached  kbcommit   %commit  kbactive   kbinact   kbdirty
16:41:12      1604584   1607324    177700      8.75         8    118640    504644     24.85    162440     75780        12

16:41:12        CPU     %user     %nice   %system   %iowait    %steal     %idle
16:41:14        all      0.13      0.00      0.26      0.00      1.15     98.46

16:41:12          tps      rtps      wtps      dtps   bread/s   bwrtn/s   bdscd/s
16:41:14         0.00      0.00      0.00      0.00      0.00      0.00      0.00

16:41:12    kbmemfree   kbavail kbmemused  %memused kbbuffers  kbcached  kbcommit   %commit  kbactive   kbinact   kbdirty
16:41:14      1604648   1607392    177632      8.75         8    118644    504644     24.85    162444     75780        16

16:41:14        CPU     %user     %nice   %system   %iowait    %steal     %idle
16:41:16        all      0.13      0.00      0.38      0.00      0.89     98.60

16:41:14          tps      rtps      wtps      dtps   bread/s   bwrtn/s   bdscd/s
16:41:16         0.00      0.00      0.00      0.00      0.00      0.00      0.00

16:41:14    kbmemfree   kbavail kbmemused  %memused kbbuffers  kbcached  kbcommit   %commit  kbactive   kbinact   kbdirty
16:41:16      1604584   1607328    177696      8.75         8    118644    504644     24.85    162444     75780        16

16:41:16        CPU     %user     %nice   %system   %iowait    %steal     %idle
16:41:18        all      0.13      0.00      0.26      0.00      0.77     98.85

16:41:16          tps      rtps      wtps      dtps   bread/s   bwrtn/s   bdscd/s
16:41:18         0.00      0.00      0.00      0.00      0.00      0.00      0.00

16:41:16    kbmemfree   kbavail kbmemused  %memused kbbuffers  kbcached  kbcommit   %commit  kbactive   kbinact   kbdirty
16:41:18      1604584   1607328    177692      8.75         8    118648    504644     24.85    162444     75780        20

16:41:18        CPU     %user     %nice   %system   %iowait    %steal     %idle
16:41:20        all      0.13      0.00      0.26      0.00      0.77     98.85

16:41:18          tps      rtps      wtps      dtps   bread/s   bwrtn/s   bdscd/s
16:41:20         0.00      0.00      0.00      0.00      0.00      0.00      0.00

16:41:18    kbmemfree   kbavail kbmemused  %memused kbbuffers  kbcached  kbcommit   %commit  kbactive   kbinact   kbdirty
16:41:20      1604552   1607296    177724      8.75         8    118648    504644     24.85    162444     75780        20

16:41:20        CPU     %user     %nice   %system   %iowait    %steal     %idle
16:41:22        all      0.26      0.00      0.13      0.00      0.89     98.72

16:41:20          tps      rtps      wtps      dtps   bread/s   bwrtn/s   bdscd/s
16:41:22         0.00      0.00      0.00      0.00      0.00      0.00      0.00

16:41:20    kbmemfree   kbavail kbmemused  %memused kbbuffers  kbcached  kbcommit   %commit  kbactive   kbinact   kbdirty
16:41:22      1604584   1607328    177688      8.75         8    118652    504644     24.85    162448     75780        24

16:41:22        CPU     %user     %nice   %system   %iowait    %steal     %idle
16:41:24        all      0.38      0.00      0.38      0.00      4.15     95.10

16:41:22          tps      rtps      wtps      dtps   bread/s   bwrtn/s   bdscd/s
16:41:24         0.00      0.00      0.00      0.00      0.00      0.00      0.00

16:41:22    kbmemfree   kbavail kbmemused  %memused kbbuffers  kbcached  kbcommit   %commit  kbactive   kbinact   kbdirty
16:41:24      1604584   1607328    177680      8.75         8    118660    504644     24.85    162448     75780        32

16:41:24        CPU     %user     %nice   %system   %iowait    %steal     %idle
16:41:26        all      0.00      0.00      0.38      0.00      2.29     97.33

16:41:24          tps      rtps      wtps      dtps   bread/s   bwrtn/s   bdscd/s
16:41:26         0.00      0.00      0.00      0.00      0.00      0.00      0.00

16:41:24    kbmemfree   kbavail kbmemused  %memused kbbuffers  kbcached  kbcommit   %commit  kbactive   kbinact   kbdirty
16:41:26      1604584   1607328    177680      8.75         8    118660    504644     24.85    162448     75780        32

16:41:26        CPU     %user     %nice   %system   %iowait    %steal     %idle
16:41:28        all      1.02      0.00      0.64      0.00      2.04     96.30

16:41:26          tps      rtps      wtps      dtps   bread/s   bwrtn/s   bdscd/s
16:41:28         0.00      0.00      0.00      0.00      0.00      0.00      0.00

16:41:26    kbmemfree   kbavail kbmemused  %memused kbbuffers  kbcached  kbcommit   %commit  kbactive   kbinact   kbdirty
16:41:28      1604584   1607328    177680      8.75         8    118660    504644     24.85    162448     75780        32

16:41:28        CPU     %user     %nice   %system   %iowait    %steal     %idle
16:41:30        all      0.51      0.00      0.38      0.00      2.28     96.83

16:41:28          tps      rtps      wtps      dtps   bread/s   bwrtn/s   bdscd/s
16:41:30         0.00      0.00      0.00      0.00      0.00      0.00      0.00

16:41:28    kbmemfree   kbavail kbmemused  %memused kbbuffers  kbcached  kbcommit   %commit  kbactive   kbinact   kbdirty
16:41:30      1604584   1607328    177680      8.75         8    118660    504644     24.85    162448     75780        32

16:41:30        CPU     %user     %nice   %system   %iowait    %steal     %idle
16:41:32        all      0.64      0.00      0.51      0.00      2.17     96.68

16:41:30          tps      rtps      wtps      dtps   bread/s   bwrtn/s   bdscd/s
16:41:32         0.00      0.00      0.00      0.00      0.00      0.00      0.00

16:41:30    kbmemfree   kbavail kbmemused  %memused kbbuffers  kbcached  kbcommit   %commit  kbactive   kbinact   kbdirty
16:41:32      1604552   1607300    177700      8.75         8    118672    504644     24.85    162452     75780        44

16:41:32        CPU     %user     %nice   %system   %iowait    %steal     %idle
16:41:34        all      0.26      0.00      0.51      0.00      0.38     98.85

16:41:32          tps      rtps      wtps      dtps   bread/s   bwrtn/s   bdscd/s
16:41:34         0.00      0.00      0.00      0.00      0.00      0.00      0.00

16:41:32    kbmemfree   kbavail kbmemused  %memused kbbuffers  kbcached  kbcommit   %commit  kbactive   kbinact   kbdirty
16:41:34      1604552   1607300    177696      8.75         8    118676    504644     24.85    162456     75780        48

16:41:34        CPU     %user     %nice   %system   %iowait    %steal     %idle
16:41:36        all      0.00      0.00      0.13      0.00      2.02     97.85

16:41:34          tps      rtps      wtps      dtps   bread/s   bwrtn/s   bdscd/s
16:41:36         0.00      0.00      0.00      0.00      0.00      0.00      0.00

16:41:34    kbmemfree   kbavail kbmemused  %memused kbbuffers  kbcached  kbcommit   %commit  kbactive   kbinact   kbdirty
16:41:36      1604584   1607332    177664      8.75         8    118676    504644     24.85    162456     75780        48

16:41:36        CPU     %user     %nice   %system   %iowait    %steal     %idle
16:41:38        all      0.26      0.00      0.38      0.00      1.15     98.21

16:41:36          tps      rtps      wtps      dtps   bread/s   bwrtn/s   bdscd/s
16:41:38         0.00      0.00      0.00      0.00      0.00      0.00      0.00

16:41:36    kbmemfree   kbavail kbmemused  %memused kbbuffers  kbcached  kbcommit   %commit  kbactive   kbinact   kbdirty
16:41:38      1604552   1607304    177684      8.75         8    118688    504644     24.85    162460     75780        60

16:41:38        CPU     %user     %nice   %system   %iowait    %steal     %idle
16:41:40        all      0.13      0.00      0.51      0.00      1.90     97.47

16:41:38          tps      rtps      wtps      dtps   bread/s   bwrtn/s   bdscd/s
16:41:40         0.00      0.00      0.00      0.00      0.00      0.00      0.00

16:41:38    kbmemfree   kbavail kbmemused  %memused kbbuffers  kbcached  kbcommit   %commit  kbactive   kbinact   kbdirty
16:41:40      1604648   1607404    177580      8.74         8    118696    504644     24.85    162468     75780        68

16:41:40        CPU     %user     %nice   %system   %iowait    %steal     %idle
16:41:42        all      0.51      0.00      0.76      0.00      1.27     97.46

16:41:40          tps      rtps      wtps      dtps   bread/s   bwrtn/s   bdscd/s
16:41:42         0.50      0.00      0.50      0.00      0.00     12.00      0.00

16:41:40    kbmemfree   kbavail kbmemused  %memused kbbuffers  kbcached  kbcommit   %commit  kbactive   kbinact   kbdirty
16:41:42      1604584   1607340    177644      8.75         8    118696    504644     24.85    162468     75780       136

16:41:42        CPU     %user     %nice   %system   %iowait    %steal     %idle
16:41:44        all      0.13      0.00      0.38      0.00      0.89     98.60

16:41:42          tps      rtps      wtps      dtps   bread/s   bwrtn/s   bdscd/s
16:41:44         0.00      0.00      0.00      0.00      0.00      0.00      0.00

16:41:42    kbmemfree   kbavail kbmemused  %memused kbbuffers  kbcached  kbcommit   %commit  kbactive   kbinact   kbdirty
16:41:44      1604584   1607340    177644      8.75         8    118696    504644     24.85    162468     75780       140

16:41:44        CPU     %user     %nice   %system   %iowait    %steal     %idle
16:41:46        all      0.38      0.00      0.38      0.00      1.91     97.33

16:41:44          tps      rtps      wtps      dtps   bread/s   bwrtn/s   bdscd/s
16:41:46         1.00      0.00      1.00      0.00      0.00     56.00      0.00

16:41:44    kbmemfree   kbavail kbmemused  %memused kbbuffers  kbcached  kbcommit   %commit  kbactive   kbinact   kbdirty
16:41:46      1604552   1607308    177676      8.75         8    118696    504644     24.85    162468     75780       152

16:41:46        CPU     %user     %nice   %system   %iowait    %steal     %idle
16:41:48        all      0.25      0.00      0.25      0.00      1.52     97.97

16:41:46          tps      rtps      wtps      dtps   bread/s   bwrtn/s   bdscd/s
16:41:48         0.00      0.00      0.00      0.00      0.00      0.00      0.00

16:41:46    kbmemfree   kbavail kbmemused  %memused kbbuffers  kbcached  kbcommit   %commit  kbactive   kbinact   kbdirty
16:41:48      1604584   1607340    177644      8.75         8    118696    504644     24.85    162468     75780       156

16:41:48        CPU     %user     %nice   %system   %iowait    %steal     %idle
16:41:50        all      0.13      0.00      0.25      0.00      1.02     98.60

16:41:48          tps      rtps      wtps      dtps   bread/s   bwrtn/s   bdscd/s
16:41:50         0.00      0.00      0.00      0.00      0.00      0.00      0.00

16:41:48    kbmemfree   kbavail kbmemused  %memused kbbuffers  kbcached  kbcommit   %commit  kbactive   kbinact   kbdirty
16:41:50      1604552   1607308    177676      8.75         8    118696    504644     24.85    162468     75780       156

16:41:50        CPU     %user     %nice   %system   %iowait    %steal     %idle
16:41:52        all      0.13      0.00      0.50      0.00      1.89     97.48

16:41:50          tps      rtps      wtps      dtps   bread/s   bwrtn/s   bdscd/s
16:41:52         0.00      0.00      0.00      0.00      0.00      0.00      0.00

16:41:50    kbmemfree   kbavail kbmemused  %memused kbbuffers  kbcached  kbcommit   %commit  kbactive   kbinact   kbdirty
16:41:52      1604552   1607308    177668      8.75         8    118704    504644     24.85    162468     75780       164

16:41:52        CPU     %user     %nice   %system   %iowait    %steal     %idle
16:41:54        all      0.13      0.00      0.13      0.00      1.02     98.72

16:41:52          tps      rtps      wtps      dtps   bread/s   bwrtn/s   bdscd/s
16:41:54         0.00      0.00      0.00      0.00      0.00      0.00      0.00

16:41:52    kbmemfree   kbavail kbmemused  %memused kbbuffers  kbcached  kbcommit   %commit  kbactive   kbinact   kbdirty
16:41:54      1604616   1607372    177604      8.75         8    118704    504644     24.85    162468     75780       164

16:41:54        CPU     %user     %nice   %system   %iowait    %steal     %idle
16:41:56        all      0.13      0.00      0.13      0.00      1.27     98.48

16:41:54          tps      rtps      wtps      dtps   bread/s   bwrtn/s   bdscd/s
16:41:56         0.00      0.00      0.00      0.00      0.00      0.00      0.00

16:41:54    kbmemfree   kbavail kbmemused  %memused kbbuffers  kbcached  kbcommit   %commit  kbactive   kbinact   kbdirty
16:41:56      1604616   1607372    177604      8.75         8    118704    504644     24.85    162468     75780       164

16:41:56        CPU     %user     %nice   %system   %iowait    %steal     %idle
16:41:58        all      0.13      0.00      0.13      0.00      0.89     98.85

16:41:56          tps      rtps      wtps      dtps   bread/s   bwrtn/s   bdscd/s
16:41:58         0.00      0.00      0.00      0.00      0.00      0.00      0.00

16:41:56    kbmemfree   kbavail kbmemused  %memused kbbuffers  kbcached  kbcommit   %commit  kbactive   kbinact   kbdirty
16:41:58      1604616   1607372    177604      8.75         8    118704    504644     24.85    162468     75780       164

16:41:58        CPU     %user     %nice   %system   %iowait    %steal     %idle
16:42:00        all      0.13      0.00      0.25      0.00      1.64     97.99

16:41:58          tps      rtps      wtps      dtps   bread/s   bwrtn/s   bdscd/s
16:42:00         0.00      0.00      0.00      0.00      0.00      0.00      0.00

16:41:58    kbmemfree   kbavail kbmemused  %memused kbbuffers  kbcached  kbcommit   %commit  kbactive   kbinact   kbdirty
16:42:00      1604552   1607308    177668      8.75         8    118704    504644     24.85    162468     75780       164

16:42:00        CPU     %user     %nice   %system   %iowait    %steal     %idle
16:42:02        all      0.50      0.00      0.50      0.00      2.77     96.22

16:42:00          tps      rtps      wtps      dtps   bread/s   bwrtn/s   bdscd/s
16:42:02         0.00      0.00      0.00      0.00      0.00      0.00      0.00

16:42:00    kbmemfree   kbavail kbmemused  %memused kbbuffers  kbcached  kbcommit   %commit  kbactive   kbinact   kbdirty
16:42:02      1604584   1607340    177636      8.75         8    118704    504644     24.85    162468     75780       164

16:42:02        CPU     %user     %nice   %system   %iowait    %steal     %idle
16:42:04        all      0.00      0.00      0.51      0.00      1.53     97.96

16:42:02          tps      rtps      wtps      dtps   bread/s   bwrtn/s   bdscd/s
16:42:04         0.00      0.00      0.00      0.00      0.00      0.00      0.00

16:42:02    kbmemfree   kbavail kbmemused  %memused kbbuffers  kbcached  kbcommit   %commit  kbactive   kbinact   kbdirty
16:42:04      1604584   1607340    177636      8.75         8    118704    504644     24.85    162468     75780       164

16:42:04        CPU     %user     %nice   %system   %iowait    %steal     %idle
16:42:06        all      0.25      0.00      0.38      0.00      3.54     95.82

16:42:04          tps      rtps      wtps      dtps   bread/s   bwrtn/s   bdscd/s
16:42:06         0.00      0.00      0.00      0.00      0.00      0.00      0.00

16:42:04    kbmemfree   kbavail kbmemused  %memused kbbuffers  kbcached  kbcommit   %commit  kbactive   kbinact   kbdirty
16:42:06      1604520   1607276    177696      8.75         8    118708    504644     24.85    162468     75780       168

16:42:06        CPU     %user     %nice   %system   %iowait    %steal     %idle
16:42:08        all      0.12      0.00      0.38      0.00      3.12     96.38

16:42:06          tps      rtps      wtps      dtps   bread/s   bwrtn/s   bdscd/s
16:42:08         0.00      0.00      0.00      0.00      0.00      0.00      0.00

16:42:06    kbmemfree   kbavail kbmemused  %memused kbbuffers  kbcached  kbcommit   %commit  kbactive   kbinact   kbdirty
16:42:08      1604648   1607404    177564      8.74         8    118712    504644     24.85    162468     75780       172

16:42:08        CPU     %user     %nice   %system   %iowait    %steal     %idle
16:42:10        all      0.12      0.00      0.50      0.00      3.98     95.40

16:42:08          tps      rtps      wtps      dtps   bread/s   bwrtn/s   bdscd/s
16:42:10         0.00      0.00      0.00      0.00      0.00      0.00      0.00

16:42:08    kbmemfree   kbavail kbmemused  %memused kbbuffers  kbcached  kbcommit   %commit  kbactive   kbinact   kbdirty
16:42:10      1604584   1607340    177624      8.75         8    118716    504644     24.85    162468     75780       176

16:42:10        CPU     %user     %nice   %system   %iowait    %steal     %idle
16:42:12        all      0.51      0.00      1.40      0.25      2.66     95.18

16:42:10          tps      rtps      wtps      dtps   bread/s   bwrtn/s   bdscd/s
16:42:12        11.50      0.00     11.50      0.00      0.00   1896.00      0.00

16:42:10    kbmemfree   kbavail kbmemused  %memused kbbuffers  kbcached  kbcommit   %commit  kbactive   kbinact   kbdirty
16:42:12      1604584   1607348    177624      8.75         8    118716    504644     24.85    162484     75780        32

16:42:12        CPU     %user     %nice   %system   %iowait    %steal     %idle
16:42:14        all      0.63      0.00      0.75      0.00      3.89     94.72

16:42:12          tps      rtps      wtps      dtps   bread/s   bwrtn/s   bdscd/s
16:42:14         0.00      0.00      0.00      0.00      0.00      0.00      0.00

16:42:12    kbmemfree   kbavail kbmemused  %memused kbbuffers  kbcached  kbcommit   %commit  kbactive   kbinact   kbdirty
16:42:14      1604584   1607348    177624      8.75         8    118716    504644     24.85    162484     75780        32

16:42:14        CPU     %user     %nice   %system   %iowait    %steal     %idle
16:42:16        all      0.52      0.00      0.78      0.00      0.52     98.18

16:42:14          tps      rtps      wtps      dtps   bread/s   bwrtn/s   bdscd/s
16:42:16         1.50      0.00      1.50      0.00      0.00     20.00      0.00

16:42:14    kbmemfree   kbavail kbmemused  %memused kbbuffers  kbcached  kbcommit   %commit  kbactive   kbinact   kbdirty
16:42:16      1604552   1607316    177656      8.75         8    118716    504644     24.85    162484     75780        64

16:42:16        CPU     %user     %nice   %system   %iowait    %steal     %idle
16:42:18        all      1.02      0.00      0.51      0.00      2.56     95.90

16:42:16          tps      rtps      wtps      dtps   bread/s   bwrtn/s   bdscd/s
16:42:18         0.00      0.00      0.00      0.00      0.00      0.00      0.00

16:42:16    kbmemfree   kbavail kbmemused  %memused kbbuffers  kbcached  kbcommit   %commit  kbactive   kbinact   kbdirty
16:42:18      1604616   1607408    177580      8.74         8    118728    504644     24.85    162540     75780       176

16:42:18        CPU     %user     %nice   %system   %iowait    %steal     %idle
16:42:20        all      0.51      0.00      0.89      0.00      3.54     95.06

16:42:18          tps      rtps      wtps      dtps   bread/s   bwrtn/s   bdscd/s
16:42:20         0.00      0.00      0.00      0.00      0.00      0.00      0.00

16:42:18    kbmemfree   kbavail kbmemused  %memused kbbuffers  kbcached  kbcommit   %commit  kbactive   kbinact   kbdirty
16:42:20      1604584   1607376    177612      8.75         8    118728    504644     24.85    162540     75780       176

16:42:20        CPU     %user     %nice   %system   %iowait    %steal     %idle
16:42:22        all      0.25      0.00      0.76      0.00      2.54     96.44

16:42:20          tps      rtps      wtps      dtps   bread/s   bwrtn/s   bdscd/s
16:42:22         0.50      0.00      0.50      0.00      0.00     15.92      0.00

16:42:20    kbmemfree   kbavail kbmemused  %memused kbbuffers  kbcached  kbcommit   %commit  kbactive   kbinact   kbdirty
16:42:22      1604584   1607376    177604      8.75         8    118736    504644     24.85    162540     75780       184

16:42:22        CPU     %user     %nice   %system   %iowait    %steal     %idle
16:42:24        all      0.39      0.00      0.51      0.00      1.28     97.82

16:42:22          tps      rtps      wtps      dtps   bread/s   bwrtn/s   bdscd/s
16:42:24         0.00      0.00      0.00      0.00      0.00      0.00      0.00

16:42:22    kbmemfree   kbavail kbmemused  %memused kbbuffers  kbcached  kbcommit   %commit  kbactive   kbinact   kbdirty
16:42:24      1604552   1607344    177636      8.75         8    118736    504644     24.85    162540     75780       188

16:42:24        CPU     %user     %nice   %system   %iowait    %steal     %idle
16:42:26        all      0.51      0.00      0.13      0.00      1.03     98.33

16:42:24          tps      rtps      wtps      dtps   bread/s   bwrtn/s   bdscd/s
16:42:26         0.00      0.00      0.00      0.00      0.00      0.00      0.00

16:42:24    kbmemfree   kbavail kbmemused  %memused kbbuffers  kbcached  kbcommit   %commit  kbactive   kbinact   kbdirty
16:42:26      1604648   1607440    177536      8.74         8    118740    504644     24.85    162540     75780       192

16:42:26        CPU     %user     %nice   %system   %iowait    %steal     %idle
16:42:28        all      0.25      0.00      0.25      0.00      2.15     97.34

16:42:26          tps      rtps      wtps      dtps   bread/s   bwrtn/s   bdscd/s
16:42:28         2.00      0.00      2.00      0.00      0.00     32.00      0.00

16:42:26    kbmemfree   kbavail kbmemused  %memused kbbuffers  kbcached  kbcommit   %commit  kbactive   kbinact   kbdirty
16:42:28      1604584   1607376    177596      8.75         8    118744    504644     24.85    162540     75780       188

16:42:28        CPU     %user     %nice   %system   %iowait    %steal     %idle
16:42:30        all      0.25      0.00      0.63      0.00      3.03     96.09

16:42:28          tps      rtps      wtps      dtps   bread/s   bwrtn/s   bdscd/s
16:42:30         0.00      0.00      0.00      0.00      0.00      0.00      0.00

16:42:28    kbmemfree   kbavail kbmemused  %memused kbbuffers  kbcached  kbcommit   %commit  kbactive   kbinact   kbdirty
16:42:30      1604616   1607408    177560      8.74         8    118748    504644     24.85    162540     75780       196

16:42:30        CPU     %user     %nice   %system   %iowait    %steal     %idle
16:42:32        all      0.25      0.00      0.63      0.00      1.40     97.72

16:42:30          tps      rtps      wtps      dtps   bread/s   bwrtn/s   bdscd/s
16:42:32         1.50      0.00      1.50      0.00      0.00     20.00      0.00

16:42:30    kbmemfree   kbavail kbmemused  %memused kbbuffers  kbcached  kbcommit   %commit  kbactive   kbinact   kbdirty
16:42:32      1604616   1607408    177560      8.74         8    118748    504644     24.85    162540     75784       192

16:42:32        CPU     %user     %nice   %system   %iowait    %steal     %idle
16:42:34        all      0.25      0.00      0.13      0.00      1.77     97.85

16:42:32          tps      rtps      wtps      dtps   bread/s   bwrtn/s   bdscd/s
16:42:34         0.00      0.00      0.00      0.00      0.00      0.00      0.00

16:42:32    kbmemfree   kbavail kbmemused  %memused kbbuffers  kbcached  kbcommit   %commit  kbactive   kbinact   kbdirty
16:42:34      1604584   1607376    177592      8.75         8    118748    504644     24.85    162540     75784       204

16:42:34        CPU     %user     %nice   %system   %iowait    %steal     %idle
16:42:36        all      0.00      0.00      0.00      0.00      1.28     98.72

16:42:34          tps      rtps      wtps      dtps   bread/s   bwrtn/s   bdscd/s
16:42:36         0.00      0.00      0.00      0.00      0.00      0.00      0.00

16:42:34    kbmemfree   kbavail kbmemused  %memused kbbuffers  kbcached  kbcommit   %commit  kbactive   kbinact   kbdirty
16:42:36      1604584   1607380    177584      8.75         8    118756    504644     24.85    162544     75784       212

16:42:36        CPU     %user     %nice   %system   %iowait    %steal     %idle
16:42:38        all      0.26      0.00      0.38      0.00      1.53     97.83

16:42:36          tps      rtps      wtps      dtps   bread/s   bwrtn/s   bdscd/s
16:42:38         2.00      0.00      2.00      0.00      0.00     20.00      0.00

16:42:36    kbmemfree   kbavail kbmemused  %memused kbbuffers  kbcached  kbcommit   %commit  kbactive   kbinact   kbdirty
16:42:38      1604552   1607348    177616      8.75         8    118756    504644     24.85    162544     75784       216

16:42:38        CPU     %user     %nice   %system   %iowait    %steal     %idle
16:42:40        all      0.13      0.00      0.64      0.00      1.02     98.21

16:42:38          tps      rtps      wtps      dtps   bread/s   bwrtn/s   bdscd/s
16:42:40         0.00      0.00      0.00      0.00      0.00      0.00      0.00

16:42:38    kbmemfree   kbavail kbmemused  %memused kbbuffers  kbcached  kbcommit   %commit  kbactive   kbinact   kbdirty
16:42:40      1604616   1607412    177548      8.74         8    118760    504644     24.85    162544     75784       224

16:42:40        CPU     %user     %nice   %system   %iowait    %steal     %idle
16:42:42        all      0.38      0.00      0.89      0.00      3.56     95.17

16:42:40          tps      rtps      wtps      dtps   bread/s   bwrtn/s   bdscd/s
16:42:42         0.00      0.00      0.00      0.00      0.00      0.00      0.00

16:42:40    kbmemfree   kbavail kbmemused  %memused kbbuffers  kbcached  kbcommit   %commit  kbactive   kbinact   kbdirty
16:42:42      1604616   1607424    177548      8.74         8    118760    504644     24.85    162568     75784       224

16:42:42        CPU     %user     %nice   %system   %iowait    %steal     %idle
16:42:44        all      0.38      0.00      0.51      0.00      1.77     97.34

16:42:42          tps      rtps      wtps      dtps   bread/s   bwrtn/s   bdscd/s
16:42:44         0.00      0.00      0.00      0.00      0.00      0.00      0.00

16:42:42    kbmemfree   kbavail kbmemused  %memused kbbuffers  kbcached  kbcommit   %commit  kbactive   kbinact   kbdirty
16:42:44      1604552   1607360    177612      8.75         8    118760    504644     24.85    162568     75784       224

16:42:44        CPU     %user     %nice   %system   %iowait    %steal     %idle
16:42:46        all      0.39      0.00      0.52      0.00      1.04     98.06

16:42:44          tps      rtps      wtps      dtps   bread/s   bwrtn/s   bdscd/s
16:42:46         0.00      0.00      0.00      0.00      0.00      0.00      0.00

16:42:44    kbmemfree   kbavail kbmemused  %memused kbbuffers  kbcached  kbcommit   %commit  kbactive   kbinact   kbdirty
16:42:46      1604584   1607392    177576      8.74         8    118764    504644     24.85    162572     75784       228

16:42:46        CPU     %user     %nice   %system   %iowait    %steal     %idle
16:42:49        all      0.38      0.00      0.88      0.25      2.38     96.12

16:42:46          tps      rtps      wtps      dtps   bread/s   bwrtn/s   bdscd/s
16:42:49         6.93      0.00      6.93      0.00      0.00   1592.08      0.00

16:42:46    kbmemfree   kbavail kbmemused  %memused kbbuffers  kbcached  kbcommit   %commit  kbactive   kbinact   kbdirty
16:42:49      1604552   1607360    177608      8.75         8    118764    504644     24.85    162572     75784        20

16:42:49        CPU     %user     %nice   %system   %iowait    %steal     %idle
16:42:51        all      0.00      0.00      0.50      0.00      2.85     96.66

16:42:49          tps      rtps      wtps      dtps   bread/s   bwrtn/s   bdscd/s
16:42:51         0.00      0.00      0.00      0.00      0.00      0.00      0.00

16:42:49    kbmemfree   kbavail kbmemused  %memused kbbuffers  kbcached  kbcommit   %commit  kbactive   kbinact   kbdirty
16:42:51      1604584   1607392    177568      8.74         8    118772    504644     24.85    162572     75784        28

16:42:51        CPU     %user     %nice   %system   %iowait    %steal     %idle
16:42:53        all      0.00      0.00      0.38      0.00      1.27     98.35

16:42:51          tps      rtps      wtps      dtps   bread/s   bwrtn/s   bdscd/s
16:42:53         0.00      0.00      0.00      0.00      0.00      0.00      0.00

16:42:51    kbmemfree   kbavail kbmemused  %memused kbbuffers  kbcached  kbcommit   %commit  kbactive   kbinact   kbdirty
16:42:53      1604552   1607360    177600      8.75         8    118772    504644     24.85    162572     75784        28

16:42:53        CPU     %user     %nice   %system   %iowait    %steal     %idle
16:42:55        all      0.25      0.00      0.13      0.00      1.14     98.48

16:42:53          tps      rtps      wtps      dtps   bread/s   bwrtn/s   bdscd/s
16:42:55         0.00      0.00      0.00      0.00      0.00      0.00      0.00

16:42:53    kbmemfree   kbavail kbmemused  %memused kbbuffers  kbcached  kbcommit   %commit  kbactive   kbinact   kbdirty
16:42:55      1604552   1607360    177600      8.75         8    118772    504644     24.85    162572     75784        28

16:42:55        CPU     %user     %nice   %system   %iowait    %steal     %idle
16:42:57        all      0.13      0.00      0.00      0.00      0.64     99.24

16:42:55          tps      rtps      wtps      dtps   bread/s   bwrtn/s   bdscd/s
16:42:57         0.00      0.00      0.00      0.00      0.00      0.00      0.00

16:42:55    kbmemfree   kbavail kbmemused  %memused kbbuffers  kbcached  kbcommit   %commit  kbactive   kbinact   kbdirty
16:42:57      1604584   1607392    177568      8.74         8    118772    504644     24.85    162572     75784        28

16:42:57        CPU     %user     %nice   %system   %iowait    %steal     %idle
16:42:59        all      0.00      0.00      0.25      0.00      1.39     98.36

16:42:57          tps      rtps      wtps      dtps   bread/s   bwrtn/s   bdscd/s
16:42:59         0.00      0.00      0.00      0.00      0.00      0.00      0.00

16:42:57    kbmemfree   kbavail kbmemused  %memused kbbuffers  kbcached  kbcommit   %commit  kbactive   kbinact   kbdirty
16:42:59      1604584   1607392    177568      8.74         8    118772    504644     24.85    162572     75784        28

16:42:59        CPU     %user     %nice   %system   %iowait    %steal     %idle
16:43:01        all      0.13      0.00      0.13      0.00      1.27     98.48

16:42:59          tps      rtps      wtps      dtps   bread/s   bwrtn/s   bdscd/s
16:43:01         0.00      0.00      0.00      0.00      0.00      0.00      0.00

16:42:59    kbmemfree   kbavail kbmemused  %memused kbbuffers  kbcached  kbcommit   %commit  kbactive   kbinact   kbdirty
16:43:01      1604552   1607360    177600      8.75         8    118772    504644     24.85    162572     75784        28

16:43:01        CPU     %user     %nice   %system   %iowait    %steal     %idle
16:43:03        all      0.38      0.00      0.25      0.00      1.53     97.84

16:43:01          tps      rtps      wtps      dtps   bread/s   bwrtn/s   bdscd/s
16:43:03         0.00      0.00      0.00      0.00      0.00      0.00      0.00

16:43:01    kbmemfree   kbavail kbmemused  %memused kbbuffers  kbcached  kbcommit   %commit  kbactive   kbinact   kbdirty
16:43:03      1604584   1607392    177568      8.74         8    118772    504644     24.85    162572     75784        28

16:43:03        CPU     %user     %nice   %system   %iowait    %steal     %idle
16:43:05        all      0.13      0.00      0.13      0.00      0.64     99.11

16:43:03          tps      rtps      wtps      dtps   bread/s   bwrtn/s   bdscd/s
16:43:05         0.00      0.00      0.00      0.00      0.00      0.00      0.00

16:43:03    kbmemfree   kbavail kbmemused  %memused kbbuffers  kbcached  kbcommit   %commit  kbactive   kbinact   kbdirty
16:43:05      1604552   1607364    177592      8.75         8    118780    504644     24.85    162576     75784        36

16:43:05        CPU     %user     %nice   %system   %iowait    %steal     %idle
16:43:07        all      0.00      0.00      0.50      0.00      1.89     97.61

16:43:05          tps      rtps      wtps      dtps   bread/s   bwrtn/s   bdscd/s
16:43:07         0.00      0.00      0.00      0.00      0.00      0.00      0.00

16:43:05    kbmemfree   kbavail kbmemused  %memused kbbuffers  kbcached  kbcommit   %commit  kbactive   kbinact   kbdirty
16:43:07      1604616   1607428    177528      8.74         8    118780    504644     24.85    162576     75784        36

16:43:07        CPU     %user     %nice   %system   %iowait    %steal     %idle
16:43:09        all      0.50      0.00      0.75      0.00      2.26     96.48

16:43:07          tps      rtps      wtps      dtps   bread/s   bwrtn/s   bdscd/s
16:43:09         1.00      0.00      1.00      0.00      0.00     23.88      0.00

16:43:07    kbmemfree   kbavail kbmemused  %memused kbbuffers  kbcached  kbcommit   %commit  kbactive   kbinact   kbdirty
16:43:09      1604584   1607396    177560      8.74         8    118780    504644     24.85    162576     75784       144

16:43:09        CPU     %user     %nice   %system   %iowait    %steal     %idle
16:43:11        all      0.51      0.00      0.13      0.00      1.27     98.09

16:43:09          tps      rtps      wtps      dtps   bread/s   bwrtn/s   bdscd/s
16:43:11         0.00      0.00      0.00      0.00      0.00      0.00      0.00

16:43:09    kbmemfree   kbavail kbmemused  %memused kbbuffers  kbcached  kbcommit   %commit  kbactive   kbinact   kbdirty
16:43:11      1604616   1607428    177528      8.74         8    118780    504644     24.85    162576     75784       148

16:43:11        CPU     %user     %nice   %system   %iowait    %steal     %idle
16:43:13        all      0.38      0.00      0.38      0.00      1.15     98.09

16:43:11          tps      rtps      wtps      dtps   bread/s   bwrtn/s   bdscd/s
16:43:13         0.00      0.00      0.00      0.00      0.00      0.00      0.00

16:43:11    kbmemfree   kbavail kbmemused  %memused kbbuffers  kbcached  kbcommit   %commit  kbactive   kbinact   kbdirty
16:43:13      1604584   1607400    177560      8.74         8    118780    504644     24.85    162588     75784       148

16:43:13        CPU     %user     %nice   %system   %iowait    %steal     %idle
16:43:15        all      0.26      0.00      0.38      0.00      1.02     98.34

16:43:13          tps      rtps      wtps      dtps   bread/s   bwrtn/s   bdscd/s
16:43:15         0.50      0.00      0.50      0.00      0.00     12.00      0.00

16:43:13    kbmemfree   kbavail kbmemused  %memused kbbuffers  kbcached  kbcommit   %commit  kbactive   kbinact   kbdirty
16:43:15      1604648   1607464    177496      8.74         8    118780    504644     24.85    162588     75784       152

16:43:15        CPU     %user     %nice   %system   %iowait    %steal     %idle
16:43:17        all      0.13      0.00      0.13      0.00      1.02     98.73

16:43:15          tps      rtps      wtps      dtps   bread/s   bwrtn/s   bdscd/s
16:43:17         0.00      0.00      0.00      0.00      0.00      0.00      0.00

16:43:15    kbmemfree   kbavail kbmemused  %memused kbbuffers  kbcached  kbcommit   %commit  kbactive   kbinact   kbdirty
16:43:17      1604616   1607432    177528      8.74         8    118780    504644     24.85    162588     75784       156

16:43:17        CPU     %user     %nice   %system   %iowait    %steal     %idle
16:43:19        all      0.26      0.00      0.39      0.00      0.39     98.97

16:43:17          tps      rtps      wtps      dtps   bread/s   bwrtn/s   bdscd/s
16:43:19         0.00      0.00      0.00      0.00      0.00      0.00      0.00

16:43:17    kbmemfree   kbavail kbmemused  %memused kbbuffers  kbcached  kbcommit   %commit  kbactive   kbinact   kbdirty
16:43:19      1604616   1607432    177524      8.74         8    118784    504644     24.85    162588     75784       160

16:43:19        CPU     %user     %nice   %system   %iowait    %steal     %idle
16:43:21        all      0.26      0.00      0.26      0.00      1.28     98.21

16:43:19          tps      rtps      wtps      dtps   bread/s   bwrtn/s   bdscd/s
16:43:21         0.00      0.00      0.00      0.00      0.00      0.00      0.00

16:43:19    kbmemfree   kbavail kbmemused  %memused kbbuffers  kbcached  kbcommit   %commit  kbactive   kbinact   kbdirty
16:43:21      1604616   1607436    177520      8.74         8    118788    504644     24.85    162592     75784       164

16:43:21        CPU     %user     %nice   %system   %iowait    %steal     %idle
16:43:23        all      0.50      0.00      0.38      0.00      2.26     96.86

16:43:21          tps      rtps      wtps      dtps   bread/s   bwrtn/s   bdscd/s
16:43:23         0.00      0.00      0.00      0.00      0.00      0.00      0.00

16:43:21    kbmemfree   kbavail kbmemused  %memused kbbuffers  kbcached  kbcommit   %commit  kbactive   kbinact   kbdirty
16:43:23      1604584   1607404    177552      8.74         8    118788    504644     24.85    162592     75784       164

16:43:23        CPU     %user     %nice   %system   %iowait    %steal     %idle
16:43:25        all      0.00      0.00      0.00      0.00      0.89     99.11

16:43:23          tps      rtps      wtps      dtps   bread/s   bwrtn/s   bdscd/s
16:43:25         0.00      0.00      0.00      0.00      0.00      0.00      0.00

16:43:23    kbmemfree   kbavail kbmemused  %memused kbbuffers  kbcached  kbcommit   %commit  kbactive   kbinact   kbdirty
16:43:25      1604584   1607404    177552      8.74         8    118788    504644     24.85    162592     75784       164

16:43:25        CPU     %user     %nice   %system   %iowait    %steal     %idle
16:43:27        all      0.00      0.00      0.13      0.00      0.90     98.98

16:43:25          tps      rtps      wtps      dtps   bread/s   bwrtn/s   bdscd/s
16:43:27         0.00      0.00      0.00      0.00      0.00      0.00      0.00

16:43:25    kbmemfree   kbavail kbmemused  %memused kbbuffers  kbcached  kbcommit   %commit  kbactive   kbinact   kbdirty
16:43:27      1604584   1607404    177552      8.74         8    118788    504644     24.85    162592     75784       164

16:43:27        CPU     %user     %nice   %system   %iowait    %steal     %idle
16:43:29        all      0.13      0.00      0.51      0.00      1.65     97.71

16:43:27          tps      rtps      wtps      dtps   bread/s   bwrtn/s   bdscd/s
16:43:29         0.00      0.00      0.00      0.00      0.00      0.00      0.00

16:43:27    kbmemfree   kbavail kbmemused  %memused kbbuffers  kbcached  kbcommit   %commit  kbactive   kbinact   kbdirty
16:43:29      1604616   1607436    177520      8.74         8    118788    504644     24.85    162592     75784       164

16:43:29        CPU     %user     %nice   %system   %iowait    %steal     %idle
16:43:31        all      0.00      0.00      0.13      0.00      0.38     99.49

16:43:29          tps      rtps      wtps      dtps   bread/s   bwrtn/s   bdscd/s
16:43:31         0.00      0.00      0.00      0.00      0.00      0.00      0.00

16:43:29    kbmemfree   kbavail kbmemused  %memused kbbuffers  kbcached  kbcommit   %commit  kbactive   kbinact   kbdirty
16:43:31      1604584   1607404    177552      8.74         8    118788    504644     24.85    162592     75784       164

16:43:31        CPU     %user     %nice   %system   %iowait    %steal     %idle
16:43:33        all      0.13      0.00      0.13      0.00      2.39     97.36

16:43:31          tps      rtps      wtps      dtps   bread/s   bwrtn/s   bdscd/s
16:43:33         0.00      0.00      0.00      0.00      0.00      0.00      0.00

16:43:31    kbmemfree   kbavail kbmemused  %memused kbbuffers  kbcached  kbcommit   %commit  kbactive   kbinact   kbdirty
16:43:33      1604584   1607404    177544      8.74         8    118796    504644     24.85    162592     75784       172

16:43:33        CPU     %user     %nice   %system   %iowait    %steal     %idle
16:43:35        all      0.00      0.00      0.00      0.00      1.52     98.48

16:43:33          tps      rtps      wtps      dtps   bread/s   bwrtn/s   bdscd/s
16:43:35         0.00      0.00      0.00      0.00      0.00      0.00      0.00

16:43:33    kbmemfree   kbavail kbmemused  %memused kbbuffers  kbcached  kbcommit   %commit  kbactive   kbinact   kbdirty
16:43:35      1604616   1607436    177508      8.74         8    118800    504644     24.85    162596     75784       176

16:43:35        CPU     %user     %nice   %system   %iowait    %steal     %idle
16:43:37        all      0.00      0.00      0.00      0.00      1.40     98.60

16:43:35          tps      rtps      wtps      dtps   bread/s   bwrtn/s   bdscd/s
16:43:37         0.00      0.00      0.00      0.00      0.00      0.00      0.00

16:43:35    kbmemfree   kbavail kbmemused  %memused kbbuffers  kbcached  kbcommit   %commit  kbactive   kbinact   kbdirty
16:43:37      1604616   1607444    177508      8.74         8    118800    504644     24.85    162608     75784       176

16:43:37        CPU     %user     %nice   %system   %iowait    %steal     %idle
16:43:39        all      0.00      0.00      0.13      0.00      1.02     98.86

16:43:37          tps      rtps      wtps      dtps   bread/s   bwrtn/s   bdscd/s
16:43:39         0.00      0.00      0.00      0.00      0.00      0.00      0.00

16:43:37    kbmemfree   kbavail kbmemused  %memused kbbuffers  kbcached  kbcommit   %commit  kbactive   kbinact   kbdirty
16:43:39      1604616   1607444    177508      8.74         8    118800    504644     24.85    162608     75784       176

16:43:39        CPU     %user     %nice   %system   %iowait    %steal     %idle
16:43:41        all      0.26      0.00      0.64      4.48      0.38     94.25

16:43:39          tps      rtps      wtps      dtps   bread/s   bwrtn/s   bdscd/s
16:43:41        10.00      0.00     10.00      0.00      0.00   1448.00      0.00

16:43:39    kbmemfree   kbavail kbmemused  %memused kbbuffers  kbcached  kbcommit   %commit  kbactive   kbinact   kbdirty
16:43:41      1604616   1607444    177508      8.74         8    118800    504644     24.85    162656     75736        32

16:43:41        CPU     %user     %nice   %system   %iowait    %steal     %idle
16:43:43        all      0.26      0.00      0.77      0.00      0.51     98.46

16:43:41          tps      rtps      wtps      dtps   bread/s   bwrtn/s   bdscd/s
16:43:43         0.00      0.00      0.00      0.00      0.00      0.00      0.00

16:43:41    kbmemfree   kbavail kbmemused  %memused kbbuffers  kbcached  kbcommit   %commit  kbactive   kbinact   kbdirty
16:43:43      1604616   1607444    177508      8.74         8    118800    504644     24.85    162656     75736        32

16:43:43        CPU     %user     %nice   %system   %iowait    %steal     %idle
16:43:45        all      0.89      0.00      1.27      0.00      0.89     96.95

16:43:43          tps      rtps      wtps      dtps   bread/s   bwrtn/s   bdscd/s
16:43:45         0.50      0.00      0.50      0.00      0.00     20.00      0.00

16:43:43    kbmemfree   kbavail kbmemused  %memused kbbuffers  kbcached  kbcommit   %commit  kbactive   kbinact   kbdirty
16:43:45      1604616   1607444    177508      8.74         8    118800    504644     24.85    162672     75720       144

16:43:45        CPU     %user     %nice   %system   %iowait    %steal     %idle
16:43:47        all      0.13      0.00      0.13      0.00      1.40     98.35

16:43:45          tps      rtps      wtps      dtps   bread/s   bwrtn/s   bdscd/s
16:43:47         0.00      0.00      0.00      0.00      0.00      0.00      0.00

16:43:45    kbmemfree   kbavail kbmemused  %memused kbbuffers  kbcached  kbcommit   %commit  kbactive   kbinact   kbdirty
16:43:47      1604616   1607444    177508      8.74         8    118800    504644     24.85    162672     75720       148

16:43:47        CPU     %user     %nice   %system   %iowait    %steal     %idle
16:43:49        all      0.13      0.00      0.50      0.00      2.90     96.47

16:43:47          tps      rtps      wtps      dtps   bread/s   bwrtn/s   bdscd/s
16:43:49         0.50      0.00      0.50      0.00      0.00     16.00      0.00

16:43:47    kbmemfree   kbavail kbmemused  %memused kbbuffers  kbcached  kbcommit   %commit  kbactive   kbinact   kbdirty
16:43:49      1604584   1607412    177532      8.74         8    118808    504644     24.85    162672     75720       156

16:43:49        CPU     %user     %nice   %system   %iowait    %steal     %idle
16:43:51        all      0.00      0.00      0.13      0.00      0.64     99.23

16:43:49          tps      rtps      wtps      dtps   bread/s   bwrtn/s   bdscd/s
16:43:51         0.00      0.00      0.00      0.00      0.00      0.00      0.00

16:43:49    kbmemfree   kbavail kbmemused  %memused kbbuffers  kbcached  kbcommit   %commit  kbactive   kbinact   kbdirty
16:43:51      1604616   1607448    177500      8.74         8    118808    504644     24.85    162696     75704       160

16:43:51        CPU     %user     %nice   %system   %iowait    %steal     %idle
16:43:53        all      0.00      0.00      0.51      0.00      0.26     99.23

16:43:51          tps      rtps      wtps      dtps   bread/s   bwrtn/s   bdscd/s
16:43:53         0.00      0.00      0.00      0.00      0.00      0.00      0.00

16:43:51    kbmemfree   kbavail kbmemused  %memused kbbuffers  kbcached  kbcommit   %commit  kbactive   kbinact   kbdirty
16:43:53      1604584   1607416    177532      8.74         8    118808    504644     24.85    162696     75704       160

16:43:53        CPU     %user     %nice   %system   %iowait    %steal     %idle
16:43:55        all      0.13      0.00      0.00     11.74      0.51     87.63

16:43:53          tps      rtps      wtps      dtps   bread/s   bwrtn/s   bdscd/s
16:43:55         0.00      0.00      0.00      0.00      0.00      0.00      0.00

16:43:53    kbmemfree   kbavail kbmemused  %memused kbbuffers  kbcached  kbcommit   %commit  kbactive   kbinact   kbdirty
16:43:55      1604584   1607416    177532      8.74         8    118808    504644     24.85    162696     75704       160

16:43:55        CPU     %user     %nice   %system   %iowait    %steal     %idle
16:43:57        all      0.00      0.00      0.00      6.15      0.13     93.73

16:43:55          tps      rtps      wtps      dtps   bread/s   bwrtn/s   bdscd/s
16:43:57         1.50      0.00      1.50      0.00      0.00     16.00      0.00

16:43:55    kbmemfree   kbavail kbmemused  %memused kbbuffers  kbcached  kbcommit   %commit  kbactive   kbinact   kbdirty
16:43:57      1604584   1607416    177532      8.74         8    118808    504644     24.85    162696     75704       172

16:43:57        CPU     %user     %nice   %system   %iowait    %steal     %idle
16:43:59        all      0.25      0.00      0.00      0.00      0.38     99.36

16:43:57          tps      rtps      wtps      dtps   bread/s   bwrtn/s   bdscd/s
16:43:59         0.00      0.00      0.00      0.00      0.00      0.00      0.00

16:43:57    kbmemfree   kbavail kbmemused  %memused kbbuffers  kbcached  kbcommit   %commit  kbactive   kbinact   kbdirty
16:43:59      1604584   1607416    177532      8.74         8    118808    504644     24.85    162696     75704       172

Average:        CPU     %user     %nice   %system   %iowait    %steal     %idle
Average:        all      0.26      0.00      0.41      0.18      1.85     97.30

Average:          tps      rtps      wtps      dtps   bread/s   bwrtn/s   bdscd/s
Average:         0.61      0.01      0.60      0.00      0.21     80.47      0.00

Average:    kbmemfree   kbavail kbmemused  %memused kbbuffers  kbcached  kbcommit   %commit  kbactive   kbinact   kbdirty
Average:      1604550   1607298    177711      8.75         8    118663    504644     24.85    162431     75795       135
