Linux 5.4.0-86-generic (flexran) 	12/14/21 	_x86_64_	(4 CPU)

12:20:03        CPU     %user     %nice   %system   %iowait    %steal     %idle
12:20:05        all      0.13      0.00      0.26      0.00      0.51     99.10

12:20:03          tps      rtps      wtps      dtps   bread/s   bwrtn/s   bdscd/s
12:20:05         0.00      0.00      0.00      0.00      0.00      0.00      0.00

12:20:03    kbmemfree   kbavail kbmemused  %memused kbbuffers  kbcached  kbcommit   %commit  kbactive   kbinact   kbdirty
12:20:05      1654572   1656620    128012      6.30         8    115144    418092     20.59    117612     67748       196

12:20:05        CPU     %user     %nice   %system   %iowait    %steal     %idle
12:20:07        all      0.13      0.00      0.76      0.00      1.53     97.58

12:20:05          tps      rtps      wtps      dtps   bread/s   bwrtn/s   bdscd/s
12:20:07         0.00      0.00      0.00      0.00      0.00      0.00      0.00

12:20:05    kbmemfree   kbavail kbmemused  %memused kbbuffers  kbcached  kbcommit   %commit  kbactive   kbinact   kbdirty
12:20:07      1654540   1656588    128044      6.31         8    115144    418092     20.59    117620     67744       196

12:20:07        CPU     %user     %nice   %system   %iowait    %steal     %idle
12:20:09        all      0.25      0.00      0.63      0.00      3.13     95.99

12:20:07          tps      rtps      wtps      dtps   bread/s   bwrtn/s   bdscd/s
12:20:09         1.00      0.00      1.00      0.00      0.00     16.00      0.00

12:20:07    kbmemfree   kbavail kbmemused  %memused kbbuffers  kbcached  kbcommit   %commit  kbactive   kbinact   kbdirty
12:20:09      1654572   1656620    127996      6.30         8    115160    418092     20.59    117664     67744       196

12:20:09        CPU     %user     %nice   %system   %iowait    %steal     %idle
12:20:11        all      0.13      0.00      0.38      0.00      2.65     96.85

12:20:09          tps      rtps      wtps      dtps   bread/s   bwrtn/s   bdscd/s
12:20:11         0.00      0.00      0.00      0.00      0.00      0.00      0.00

12:20:09    kbmemfree   kbavail kbmemused  %memused kbbuffers  kbcached  kbcommit   %commit  kbactive   kbinact   kbdirty
12:20:11      1654572   1656620    127996      6.30         8    115160    418092     20.59    117664     67744       204

12:20:11        CPU     %user     %nice   %system   %iowait    %steal     %idle
12:20:13        all      0.00      0.00      0.39      0.00      0.64     98.97

12:20:11          tps      rtps      wtps      dtps   bread/s   bwrtn/s   bdscd/s
12:20:13         0.00      0.00      0.00      0.00      0.00      0.00      0.00

12:20:11    kbmemfree   kbavail kbmemused  %memused kbbuffers  kbcached  kbcommit   %commit  kbactive   kbinact   kbdirty
12:20:13      1654604   1656652    127960      6.30         8    115164    418092     20.59    117664     67744       208

12:20:13        CPU     %user     %nice   %system   %iowait    %steal     %idle
12:20:15        all      0.13      0.00      0.63      0.00      2.52     96.73

12:20:13          tps      rtps      wtps      dtps   bread/s   bwrtn/s   bdscd/s
12:20:15         2.00      0.00      2.00      0.00      0.00     16.00      0.00

12:20:13    kbmemfree   kbavail kbmemused  %memused kbbuffers  kbcached  kbcommit   %commit  kbactive   kbinact   kbdirty
12:20:15      1654320   1656384    128212      6.31         8    115196    418092     20.59    117696     67744       228

12:20:15        CPU     %user     %nice   %system   %iowait    %steal     %idle
12:20:17        all      0.76      0.00      0.25      0.00      1.15     97.83

12:20:15          tps      rtps      wtps      dtps   bread/s   bwrtn/s   bdscd/s
12:20:17         0.00      0.00      0.00      0.00      0.00      0.00      0.00

12:20:15    kbmemfree   kbavail kbmemused  %memused kbbuffers  kbcached  kbcommit   %commit  kbactive   kbinact   kbdirty
12:20:17      1654320   1656384    128212      6.31         8    115196    418092     20.59    117696     67744       236

12:20:17        CPU     %user     %nice   %system   %iowait    %steal     %idle
12:20:19        all      0.26      0.00      0.26      0.00      0.89     98.60

12:20:17          tps      rtps      wtps      dtps   bread/s   bwrtn/s   bdscd/s
12:20:19         1.50      0.00      1.50      0.00      0.00     12.00      0.00

12:20:17    kbmemfree   kbavail kbmemused  %memused kbbuffers  kbcached  kbcommit   %commit  kbactive   kbinact   kbdirty
12:20:19      1654352   1656416    128180      6.31         8    115196    418092     20.59    117696     67744       224

12:20:19        CPU     %user     %nice   %system   %iowait    %steal     %idle
12:20:21        all      0.26      0.00      0.13      0.00      0.51     99.11

12:20:19          tps      rtps      wtps      dtps   bread/s   bwrtn/s   bdscd/s
12:20:21         0.00      0.00      0.00      0.00      0.00      0.00      0.00

12:20:19    kbmemfree   kbavail kbmemused  %memused kbbuffers  kbcached  kbcommit   %commit  kbactive   kbinact   kbdirty
12:20:21      1654384   1656448    128144      6.31         8    115200    418092     20.59    117696     67744       236

12:20:21        CPU     %user     %nice   %system   %iowait    %steal     %idle
12:20:23        all      0.00      0.00      0.38      0.13      1.27     98.22

12:20:21          tps      rtps      wtps      dtps   bread/s   bwrtn/s   bdscd/s
12:20:23        11.00      0.00     11.00      0.00      0.00   2344.00      0.00

12:20:21    kbmemfree   kbavail kbmemused  %memused kbbuffers  kbcached  kbcommit   %commit  kbactive   kbinact   kbdirty
12:20:23      1654124   1656360    128060      6.31         8    115536    418092     20.59    117972     67824        12

12:20:23        CPU     %user     %nice   %system   %iowait    %steal     %idle
12:20:25        all      0.64      0.00      0.64      0.00      1.78     96.95

12:20:23          tps      rtps      wtps      dtps   bread/s   bwrtn/s   bdscd/s
12:20:25         0.00      0.00      0.00      0.00      0.00      0.00      0.00

12:20:23    kbmemfree   kbavail kbmemused  %memused kbbuffers  kbcached  kbcommit   %commit  kbactive   kbinact   kbdirty
12:20:25      1654060   1656296    128124      6.31         8    115536    418092     20.59    117972     67824        16

12:20:25        CPU     %user     %nice   %system   %iowait    %steal     %idle
12:20:27        all      0.26      0.00      0.64      0.00      0.90     98.20

12:20:25          tps      rtps      wtps      dtps   bread/s   bwrtn/s   bdscd/s
12:20:27         0.00      0.00      0.00      0.00      0.00      0.00      0.00

12:20:25    kbmemfree   kbavail kbmemused  %memused kbbuffers  kbcached  kbcommit   %commit  kbactive   kbinact   kbdirty
12:20:27      1654060   1656300    128120      6.31         8    115540    418092     20.59    117976     67824        20

12:20:27        CPU     %user     %nice   %system   %iowait    %steal     %idle
12:20:29        all      0.25      0.00      0.25      0.00      1.40     98.10

12:20:27          tps      rtps      wtps      dtps   bread/s   bwrtn/s   bdscd/s
12:20:29         0.00      0.00      0.00      0.00      0.00      0.00      0.00

12:20:27    kbmemfree   kbavail kbmemused  %memused kbbuffers  kbcached  kbcommit   %commit  kbactive   kbinact   kbdirty
12:20:29      1654060   1656300    128120      6.31         8    115540    418092     20.59    117976     67824        20

12:20:29        CPU     %user     %nice   %system   %iowait    %steal     %idle
12:20:31        all      0.13      0.00      0.13      0.00      1.52     98.22

12:20:29          tps      rtps      wtps      dtps   bread/s   bwrtn/s   bdscd/s
12:20:31         0.00      0.00      0.00      0.00      0.00      0.00      0.00

12:20:29    kbmemfree   kbavail kbmemused  %memused kbbuffers  kbcached  kbcommit   %commit  kbactive   kbinact   kbdirty
12:20:31      1654060   1656300    128120      6.31         8    115540    418092     20.59    117976     67824        20

12:20:31        CPU     %user     %nice   %system   %iowait    %steal     %idle
12:20:33        all      0.00      0.00      0.51      0.00      1.27     98.22

12:20:31          tps      rtps      wtps      dtps   bread/s   bwrtn/s   bdscd/s
12:20:33         0.00      0.00      0.00      0.00      0.00      0.00      0.00

12:20:31    kbmemfree   kbavail kbmemused  %memused kbbuffers  kbcached  kbcommit   %commit  kbactive   kbinact   kbdirty
12:20:33      1654092   1656332    128088      6.31         8    115540    418092     20.59    117976     67824        20

12:20:33        CPU     %user     %nice   %system   %iowait    %steal     %idle
12:20:35        all      0.13      0.00      0.13      0.00      1.78     97.96

12:20:33          tps      rtps      wtps      dtps   bread/s   bwrtn/s   bdscd/s
12:20:35         0.00      0.00      0.00      0.00      0.00      0.00      0.00

12:20:33    kbmemfree   kbavail kbmemused  %memused kbbuffers  kbcached  kbcommit   %commit  kbactive   kbinact   kbdirty
12:20:35      1654092   1656332    128084      6.31         8    115544    418092     20.59    117980     67824        24

12:20:35        CPU     %user     %nice   %system   %iowait    %steal     %idle
12:20:37        all      0.25      0.00      0.76      0.00      1.15     97.84

12:20:35          tps      rtps      wtps      dtps   bread/s   bwrtn/s   bdscd/s
12:20:37         0.00      0.00      0.00      0.00      0.00      0.00      0.00

12:20:35    kbmemfree   kbavail kbmemused  %memused kbbuffers  kbcached  kbcommit   %commit  kbactive   kbinact   kbdirty
12:20:37      1654060   1656300    128116      6.31         8    115544    418092     20.59    117980     67824        24

12:20:37        CPU     %user     %nice   %system   %iowait    %steal     %idle
12:20:39        all      0.00      0.00      0.38      0.00      1.52     98.11

12:20:37          tps      rtps      wtps      dtps   bread/s   bwrtn/s   bdscd/s
12:20:39         0.00      0.00      0.00      0.00      0.00      0.00      0.00

12:20:37    kbmemfree   kbavail kbmemused  %memused kbbuffers  kbcached  kbcommit   %commit  kbactive   kbinact   kbdirty
12:20:39      1654124   1656364    128052      6.31         8    115544    418092     20.59    117980     67824        24

12:20:39        CPU     %user     %nice   %system   %iowait    %steal     %idle
12:20:41        all      0.00      0.00      0.38      0.00      2.40     97.22

12:20:39          tps      rtps      wtps      dtps   bread/s   bwrtn/s   bdscd/s
12:20:41         0.00      0.00      0.00      0.00      0.00      0.00      0.00

12:20:39    kbmemfree   kbavail kbmemused  %memused kbbuffers  kbcached  kbcommit   %commit  kbactive   kbinact   kbdirty
12:20:41      1654060   1656300    128112      6.31         8    115548    418092     20.59    117980     67824        28

12:20:41        CPU     %user     %nice   %system   %iowait    %steal     %idle
12:20:43        all      0.00      0.00      0.00      0.00      1.15     98.85

12:20:41          tps      rtps      wtps      dtps   bread/s   bwrtn/s   bdscd/s
12:20:43         0.00      0.00      0.00      0.00      0.00      0.00      0.00

12:20:41    kbmemfree   kbavail kbmemused  %memused kbbuffers  kbcached  kbcommit   %commit  kbactive   kbinact   kbdirty
12:20:43      1654092   1656332    128080      6.31         8    115548    418092     20.59    117980     67824        28

12:20:43        CPU     %user     %nice   %system   %iowait    %steal     %idle
12:20:45        all      0.78      0.00      0.78      0.00      1.82     96.62

12:20:43          tps      rtps      wtps      dtps   bread/s   bwrtn/s   bdscd/s
12:20:45         0.00      0.00      0.00      0.00      0.00      0.00      0.00

12:20:43    kbmemfree   kbavail kbmemused  %memused kbbuffers  kbcached  kbcommit   %commit  kbactive   kbinact   kbdirty
12:20:45      1654092   1656332    128080      6.31         8    115548    418092     20.59    117980     67824        28

12:20:45        CPU     %user     %nice   %system   %iowait    %steal     %idle
12:20:47        all      0.13      0.00      0.00      0.00      1.27     98.60

12:20:45          tps      rtps      wtps      dtps   bread/s   bwrtn/s   bdscd/s
12:20:47         0.00      0.00      0.00      0.00      0.00      0.00      0.00

12:20:45    kbmemfree   kbavail kbmemused  %memused kbbuffers  kbcached  kbcommit   %commit  kbactive   kbinact   kbdirty
12:20:47      1654092   1656332    128080      6.31         8    115548    418092     20.59    117980     67824        28

12:20:47        CPU     %user     %nice   %system   %iowait    %steal     %idle
12:20:49        all      0.13      0.00      0.51      0.00      1.39     97.98

12:20:47          tps      rtps      wtps      dtps   bread/s   bwrtn/s   bdscd/s
12:20:49         0.00      0.00      0.00      0.00      0.00      0.00      0.00

12:20:47    kbmemfree   kbavail kbmemused  %memused kbbuffers  kbcached  kbcommit   %commit  kbactive   kbinact   kbdirty
12:20:49      1654092   1656332    128076      6.31         8    115552    418092     20.59    117980     67824        32

12:20:49        CPU     %user     %nice   %system   %iowait    %steal     %idle
12:20:51        all      0.00      0.00      0.38      0.00      1.52     98.10

12:20:49          tps      rtps      wtps      dtps   bread/s   bwrtn/s   bdscd/s
12:20:51         1.00      0.00      1.00      0.00      0.00     16.00      0.00

12:20:49    kbmemfree   kbavail kbmemused  %memused kbbuffers  kbcached  kbcommit   %commit  kbactive   kbinact   kbdirty
12:20:51      1653808   1656080    128280      6.32         8    115632    418092     20.59    118028     67840       112

12:20:51        CPU     %user     %nice   %system   %iowait    %steal     %idle
12:20:53        all      0.25      0.00      0.25      0.00      1.65     97.85

12:20:51          tps      rtps      wtps      dtps   bread/s   bwrtn/s   bdscd/s
12:20:53         0.00      0.00      0.00      0.00      0.00      0.00      0.00

12:20:51    kbmemfree   kbavail kbmemused  %memused kbbuffers  kbcached  kbcommit   %commit  kbactive   kbinact   kbdirty
12:20:53      1653840   1656116    128244      6.32         8    115636    418092     20.59    118032     67840       120

12:20:53        CPU     %user     %nice   %system   %iowait    %steal     %idle
12:20:55        all      0.13      0.00      0.38      0.00      2.41     97.09

12:20:53          tps      rtps      wtps      dtps   bread/s   bwrtn/s   bdscd/s
12:20:55         1.50      0.00      1.50      0.00      0.00     20.00      0.00

12:20:53    kbmemfree   kbavail kbmemused  %memused kbbuffers  kbcached  kbcommit   %commit  kbactive   kbinact   kbdirty
12:20:55      1653808   1656136    128164      6.31         8    115748    418092     20.59    118092     67888       212

12:20:55        CPU     %user     %nice   %system   %iowait    %steal     %idle
12:20:57        all      0.13      0.00      0.13      0.00      3.05     96.70

12:20:55          tps      rtps      wtps      dtps   bread/s   bwrtn/s   bdscd/s
12:20:57         0.00      0.00      0.00      0.00      0.00      0.00      0.00

12:20:55    kbmemfree   kbavail kbmemused  %memused kbbuffers  kbcached  kbcommit   %commit  kbactive   kbinact   kbdirty
12:20:57      1653840   1656168    128128      6.31         8    115752    418092     20.59    118092     67888       224

12:20:57        CPU     %user     %nice   %system   %iowait    %steal     %idle
12:20:59        all      0.13      0.00      0.25      0.00      2.65     96.97

12:20:57          tps      rtps      wtps      dtps   bread/s   bwrtn/s   bdscd/s
12:20:59         0.00      0.00      0.00      0.00      0.00      0.00      0.00

12:20:57    kbmemfree   kbavail kbmemused  %memused kbbuffers  kbcached  kbcommit   %commit  kbactive   kbinact   kbdirty
12:20:59      1653872   1656200    128096      6.31         8    115752    418092     20.59    118092     67888       224

12:20:59        CPU     %user     %nice   %system   %iowait    %steal     %idle
12:21:01        all      0.13      0.00      0.25      0.00      3.27     96.35

12:20:59          tps      rtps      wtps      dtps   bread/s   bwrtn/s   bdscd/s
12:21:01         0.00      0.00      0.00      0.00      0.00      0.00      0.00

12:20:59    kbmemfree   kbavail kbmemused  %memused kbbuffers  kbcached  kbcommit   %commit  kbactive   kbinact   kbdirty
12:21:01      1653808   1656136    128160      6.31         8    115752    418092     20.59    118092     67888       224

12:21:01        CPU     %user     %nice   %system   %iowait    %steal     %idle
12:21:03        all      0.13      0.00      0.13      0.00      1.15     98.59

12:21:01          tps      rtps      wtps      dtps   bread/s   bwrtn/s   bdscd/s
12:21:03         0.00      0.00      0.00      0.00      0.00      0.00      0.00

12:21:01    kbmemfree   kbavail kbmemused  %memused kbbuffers  kbcached  kbcommit   %commit  kbactive   kbinact   kbdirty
12:21:03      1653808   1656136    128156      6.31         8    115756    418092     20.59    118092     67888       228

12:21:03        CPU     %user     %nice   %system   %iowait    %steal     %idle
12:21:05        all      0.00      0.00      0.26      0.00      1.41     98.33

12:21:03          tps      rtps      wtps      dtps   bread/s   bwrtn/s   bdscd/s
12:21:05         0.00      0.00      0.00      0.00      0.00      0.00      0.00

12:21:03    kbmemfree   kbavail kbmemused  %memused kbbuffers  kbcached  kbcommit   %commit  kbactive   kbinact   kbdirty
12:21:05      1653776   1656104    128188      6.31         8    115756    418092     20.59    118092     67888       228

12:21:05        CPU     %user     %nice   %system   %iowait    %steal     %idle
12:21:07        all      0.13      0.00      0.38      0.00      3.30     96.20

12:21:05          tps      rtps      wtps      dtps   bread/s   bwrtn/s   bdscd/s
12:21:07         0.00      0.00      0.00      0.00      0.00      0.00      0.00

12:21:05    kbmemfree   kbavail kbmemused  %memused kbbuffers  kbcached  kbcommit   %commit  kbactive   kbinact   kbdirty
12:21:07      1653872   1656216    128092      6.31         8    115756    418092     20.59    118128     67880       228

12:21:07        CPU     %user     %nice   %system   %iowait    %steal     %idle
12:21:09        all      0.51      0.00      0.38      0.00      2.17     96.94

12:21:07          tps      rtps      wtps      dtps   bread/s   bwrtn/s   bdscd/s
12:21:09         0.00      0.00      0.00      0.00      0.00      0.00      0.00

12:21:07    kbmemfree   kbavail kbmemused  %memused kbbuffers  kbcached  kbcommit   %commit  kbactive   kbinact   kbdirty
12:21:09      1653808   1656152    128156      6.31         8    115756    418092     20.59    118128     67880       228

12:21:09        CPU     %user     %nice   %system   %iowait    %steal     %idle
12:21:11        all      0.38      0.00      0.51      0.00      1.53     97.58

12:21:09          tps      rtps      wtps      dtps   bread/s   bwrtn/s   bdscd/s
12:21:11         0.00      0.00      0.00      0.00      0.00      0.00      0.00

12:21:09    kbmemfree   kbavail kbmemused  %memused kbbuffers  kbcached  kbcommit   %commit  kbactive   kbinact   kbdirty
12:21:11      1653776   1656120    128184      6.31         8    115760    418092     20.59    118128     67880       232

12:21:11        CPU     %user     %nice   %system   %iowait    %steal     %idle
12:21:13        all      0.00      0.00      0.13      0.00      0.39     99.49

12:21:11          tps      rtps      wtps      dtps   bread/s   bwrtn/s   bdscd/s
12:21:13         0.00      0.00      0.00      0.00      0.00      0.00      0.00

12:21:11    kbmemfree   kbavail kbmemused  %memused kbbuffers  kbcached  kbcommit   %commit  kbactive   kbinact   kbdirty
12:21:13      1653776   1656120    128184      6.31         8    115760    418092     20.59    118128     67880       232

12:21:13        CPU     %user     %nice   %system   %iowait    %steal     %idle
12:21:15        all      0.13      0.00      0.13      0.00      1.78     97.96

12:21:13          tps      rtps      wtps      dtps   bread/s   bwrtn/s   bdscd/s
12:21:15         0.00      0.00      0.00      0.00      0.00      0.00      0.00

12:21:13    kbmemfree   kbavail kbmemused  %memused kbbuffers  kbcached  kbcommit   %commit  kbactive   kbinact   kbdirty
12:21:15      1653776   1656120    128184      6.31         8    115760    418092     20.59    118128     67880       232

12:21:15        CPU     %user     %nice   %system   %iowait    %steal     %idle
12:21:17        all      0.00      0.00      0.51      0.00      2.41     97.09

12:21:15          tps      rtps      wtps      dtps   bread/s   bwrtn/s   bdscd/s
12:21:17         0.00      0.00      0.00      0.00      0.00      0.00      0.00

12:21:15    kbmemfree   kbavail kbmemused  %memused kbbuffers  kbcached  kbcommit   %commit  kbactive   kbinact   kbdirty
12:21:17      1653808   1656152    128148      6.31         8    115764    418092     20.59    118128     67880       236

12:21:17        CPU     %user     %nice   %system   %iowait    %steal     %idle
12:21:19        all      0.00      0.00      0.38      0.00      1.40     98.22

12:21:17          tps      rtps      wtps      dtps   bread/s   bwrtn/s   bdscd/s
12:21:19         0.00      0.00      0.00      0.00      0.00      0.00      0.00

12:21:17    kbmemfree   kbavail kbmemused  %memused kbbuffers  kbcached  kbcommit   %commit  kbactive   kbinact   kbdirty
12:21:19      1653808   1656152    128148      6.31         8    115764    418092     20.59    118128     67880       236

12:21:19        CPU     %user     %nice   %system   %iowait    %steal     %idle
12:21:21        all      0.13      0.00      0.64      0.25      0.89     98.09

12:21:19          tps      rtps      wtps      dtps   bread/s   bwrtn/s   bdscd/s
12:21:21         7.00      0.00      7.00      0.00      0.00   2280.00      0.00

12:21:19    kbmemfree   kbavail kbmemused  %memused kbbuffers  kbcached  kbcommit   %commit  kbactive   kbinact   kbdirty
12:21:21      1653304   1655808    128332      6.32         8    116084    418092     20.59    118416     67912        28

12:21:21        CPU     %user     %nice   %system   %iowait    %steal     %idle
12:21:23        all      0.00      0.00      0.26      0.00      0.90     98.85

12:21:21          tps      rtps      wtps      dtps   bread/s   bwrtn/s   bdscd/s
12:21:23         0.00      0.00      0.00      0.00      0.00      0.00      0.00

12:21:21    kbmemfree   kbavail kbmemused  %memused kbbuffers  kbcached  kbcommit   %commit  kbactive   kbinact   kbdirty
12:21:23      1653304   1655808    128332      6.32         8    116084    418092     20.59    118416     67912        28

12:21:23        CPU     %user     %nice   %system   %iowait    %steal     %idle
12:21:25        all      0.77      0.00      0.51      0.00      1.15     97.56

12:21:23          tps      rtps      wtps      dtps   bread/s   bwrtn/s   bdscd/s
12:21:25         0.00      0.00      0.00      0.00      0.00      0.00      0.00

12:21:23    kbmemfree   kbavail kbmemused  %memused kbbuffers  kbcached  kbcommit   %commit  kbactive   kbinact   kbdirty
12:21:25      1653304   1655808    128328      6.32         8    116088    418092     20.59    118416     67912        32

12:21:25        CPU     %user     %nice   %system   %iowait    %steal     %idle
12:21:27        all      0.64      0.00      0.38      0.00      1.15     97.83

12:21:25          tps      rtps      wtps      dtps   bread/s   bwrtn/s   bdscd/s
12:21:27         1.00      0.00      1.00      0.00      0.00     16.00      0.00

12:21:25    kbmemfree   kbavail kbmemused  %memused kbbuffers  kbcached  kbcommit   %commit  kbactive   kbinact   kbdirty
12:21:27      1653304   1655872    128184      6.31         8    116232    418092     20.59    118464     67992       164

12:21:27        CPU     %user     %nice   %system   %iowait    %steal     %idle
12:21:29        all      0.13      0.00      0.64      0.00      1.52     97.71

12:21:27          tps      rtps      wtps      dtps   bread/s   bwrtn/s   bdscd/s
12:21:29         0.00      0.00      0.00      0.00      0.00      0.00      0.00

12:21:27    kbmemfree   kbavail kbmemused  %memused kbbuffers  kbcached  kbcommit   %commit  kbactive   kbinact   kbdirty
12:21:29      1653272   1655840    128216      6.31         8    116232    418092     20.59    118464     67992       168

12:21:29        CPU     %user     %nice   %system   %iowait    %steal     %idle
12:21:31        all      0.00      0.00      0.25      0.00      1.78     97.96

12:21:29          tps      rtps      wtps      dtps   bread/s   bwrtn/s   bdscd/s
12:21:31         1.00      0.00      1.00      0.00      0.00     16.00      0.00

12:21:29    kbmemfree   kbavail kbmemused  %memused kbbuffers  kbcached  kbcommit   %commit  kbactive   kbinact   kbdirty
12:21:31      1653304   1655888    128148      6.31         8    116268    418092     20.59    118500     67992       188

12:21:31        CPU     %user     %nice   %system   %iowait    %steal     %idle
12:21:33        all      0.00      0.00      0.38      0.00      2.03     97.59

12:21:31          tps      rtps      wtps      dtps   bread/s   bwrtn/s   bdscd/s
12:21:33         0.00      0.00      0.00      0.00      0.00      0.00      0.00

12:21:31    kbmemfree   kbavail kbmemused  %memused kbbuffers  kbcached  kbcommit   %commit  kbactive   kbinact   kbdirty
12:21:33      1653336   1655920    128116      6.31         8    116268    418092     20.59    118500     67992       192

12:21:33        CPU     %user     %nice   %system   %iowait    %steal     %idle
12:21:35        all      0.26      0.00      0.38      0.00      2.04     97.32

12:21:33          tps      rtps      wtps      dtps   bread/s   bwrtn/s   bdscd/s
12:21:35         0.00      0.00      0.00      0.00      0.00      0.00      0.00

12:21:33    kbmemfree   kbavail kbmemused  %memused kbbuffers  kbcached  kbcommit   %commit  kbactive   kbinact   kbdirty
12:21:35      1653336   1655920    128116      6.31         8    116268    418092     20.59    118500     67992       192

12:21:35        CPU     %user     %nice   %system   %iowait    %steal     %idle
12:21:37        all      0.00      0.00      0.50      0.00      2.52     96.98

12:21:35          tps      rtps      wtps      dtps   bread/s   bwrtn/s   bdscd/s
12:21:37         0.00      0.00      0.00      0.00      0.00      0.00      0.00

12:21:35    kbmemfree   kbavail kbmemused  %memused kbbuffers  kbcached  kbcommit   %commit  kbactive   kbinact   kbdirty
12:21:37      1653336   1655920    128116      6.31         8    116268    418092     20.59    118500     67992       192

12:21:37        CPU     %user     %nice   %system   %iowait    %steal     %idle
12:21:39        all      0.38      0.00      0.26      0.00      0.77     98.59

12:21:37          tps      rtps      wtps      dtps   bread/s   bwrtn/s   bdscd/s
12:21:39         0.00      0.00      0.00      0.00      0.00      0.00      0.00

12:21:37    kbmemfree   kbavail kbmemused  %memused kbbuffers  kbcached  kbcommit   %commit  kbactive   kbinact   kbdirty
12:21:39      1653304   1655888    128144      6.31         8    116272    418092     20.59    118500     67992       196

12:21:39        CPU     %user     %nice   %system   %iowait    %steal     %idle
12:21:41        all      0.26      0.00      0.64      0.00      1.41     97.69

12:21:39          tps      rtps      wtps      dtps   bread/s   bwrtn/s   bdscd/s
12:21:41         0.00      0.00      0.00      0.00      0.00      0.00      0.00

12:21:39    kbmemfree   kbavail kbmemused  %memused kbbuffers  kbcached  kbcommit   %commit  kbactive   kbinact   kbdirty
12:21:41      1653304   1655900    128144      6.31         8    116272    418092     20.59    118520     67992       196

12:21:41        CPU     %user     %nice   %system   %iowait    %steal     %idle
12:21:43        all      0.00      0.00      0.26      0.00      0.64     99.10

12:21:41          tps      rtps      wtps      dtps   bread/s   bwrtn/s   bdscd/s
12:21:43         0.00      0.00      0.00      0.00      0.00      0.00      0.00

12:21:41    kbmemfree   kbavail kbmemused  %memused kbbuffers  kbcached  kbcommit   %commit  kbactive   kbinact   kbdirty
12:21:43      1653336   1655932    128112      6.31         8    116272    418092     20.59    118520     67992       196

12:21:43        CPU     %user     %nice   %system   %iowait    %steal     %idle
12:21:45        all      0.13      0.00      0.25      0.00      1.40     98.22

12:21:43          tps      rtps      wtps      dtps   bread/s   bwrtn/s   bdscd/s
12:21:45         0.00      0.00      0.00      0.00      0.00      0.00      0.00

12:21:43    kbmemfree   kbavail kbmemused  %memused kbbuffers  kbcached  kbcommit   %commit  kbactive   kbinact   kbdirty
12:21:45      1653272   1655868    128176      6.31         8    116272    418092     20.59    118520     67992       196

12:21:45        CPU     %user     %nice   %system   %iowait    %steal     %idle
12:21:47        all      0.00      0.00      0.26      0.00      1.79     97.96

12:21:45          tps      rtps      wtps      dtps   bread/s   bwrtn/s   bdscd/s
12:21:47         0.00      0.00      0.00      0.00      0.00      0.00      0.00

12:21:45    kbmemfree   kbavail kbmemused  %memused kbbuffers  kbcached  kbcommit   %commit  kbactive   kbinact   kbdirty
12:21:47      1653304   1655900    128140      6.31         8    116276    418092     20.59    118520     67992       200

12:21:47        CPU     %user     %nice   %system   %iowait    %steal     %idle
12:21:49        all      0.13      0.00      0.38      0.00      2.29     97.20

12:21:47          tps      rtps      wtps      dtps   bread/s   bwrtn/s   bdscd/s
12:21:49         0.00      0.00      0.00      0.00      0.00      0.00      0.00

12:21:47    kbmemfree   kbavail kbmemused  %memused kbbuffers  kbcached  kbcommit   %commit  kbactive   kbinact   kbdirty
12:21:49      1653368   1655964    128076      6.31         8    116276    418092     20.59    118520     67992       200

12:21:49        CPU     %user     %nice   %system   %iowait    %steal     %idle
12:21:51        all      0.13      0.00      0.26      0.00      2.55     97.07

12:21:49          tps      rtps      wtps      dtps   bread/s   bwrtn/s   bdscd/s
12:21:51         0.00      0.00      0.00      0.00      0.00      0.00      0.00

12:21:49    kbmemfree   kbavail kbmemused  %memused kbbuffers  kbcached  kbcommit   %commit  kbactive   kbinact   kbdirty
12:21:51      1653336   1655932    128108      6.31         8    116276    418092     20.59    118520     67992       200

12:21:51        CPU     %user     %nice   %system   %iowait    %steal     %idle
12:21:53        all      0.00      0.00      0.51      0.00      1.67     97.81

12:21:51          tps      rtps      wtps      dtps   bread/s   bwrtn/s   bdscd/s
12:21:53         0.00      0.00      0.00      0.00      0.00      0.00      0.00

12:21:51    kbmemfree   kbavail kbmemused  %memused kbbuffers  kbcached  kbcommit   %commit  kbactive   kbinact   kbdirty
12:21:53      1653304   1655900    128136      6.31         8    116280    418092     20.59    118540     67976       204

12:21:53        CPU     %user     %nice   %system   %iowait    %steal     %idle
12:21:55        all      0.13      0.00      0.51      0.00      0.51     98.85

12:21:53          tps      rtps      wtps      dtps   bread/s   bwrtn/s   bdscd/s
12:21:55         0.00      0.00      0.00      0.00      0.00      0.00      0.00

12:21:53    kbmemfree   kbavail kbmemused  %memused kbbuffers  kbcached  kbcommit   %commit  kbactive   kbinact   kbdirty
12:21:55      1653272   1655868    128168      6.31         8    116280    418092     20.59    118540     67976       204

12:21:55        CPU     %user     %nice   %system   %iowait    %steal     %idle
12:21:57        all      0.13      0.00      0.64      0.13      0.90     98.21

12:21:55          tps      rtps      wtps      dtps   bread/s   bwrtn/s   bdscd/s
12:21:57         8.50      0.00      8.50      0.00      0.00   2156.00      0.00

12:21:55    kbmemfree   kbavail kbmemused  %memused kbbuffers  kbcached  kbcommit   %commit  kbactive   kbinact   kbdirty
12:21:57      1653020   1655760    128132      6.31         8    116568    418092     20.59    118812     67992        24

12:21:57        CPU     %user     %nice   %system   %iowait    %steal     %idle
12:21:59        all      0.13      0.00      0.25      0.00      1.15     98.47

12:21:57          tps      rtps      wtps      dtps   bread/s   bwrtn/s   bdscd/s
12:21:59         0.00      0.00      0.00      0.00      0.00      0.00      0.00

12:21:57    kbmemfree   kbavail kbmemused  %memused kbbuffers  kbcached  kbcommit   %commit  kbactive   kbinact   kbdirty
12:21:59      1653084   1655824    128068      6.31         8    116568    418092     20.59    118812     67992        28

12:21:59        CPU     %user     %nice   %system   %iowait    %steal     %idle
12:22:01        all      0.26      0.00      0.00      0.00      0.89     98.85

12:21:59          tps      rtps      wtps      dtps   bread/s   bwrtn/s   bdscd/s
12:22:01         0.00      0.00      0.00      0.00      0.00      0.00      0.00

12:21:59    kbmemfree   kbavail kbmemused  %memused kbbuffers  kbcached  kbcommit   %commit  kbactive   kbinact   kbdirty
12:22:01      1653020   1655760    128128      6.31         8    116572    418092     20.59    118812     67992        32

12:22:01        CPU     %user     %nice   %system   %iowait    %steal     %idle
12:22:03        all      0.26      0.00      0.26      0.00      1.53     97.95

12:22:01          tps      rtps      wtps      dtps   bread/s   bwrtn/s   bdscd/s
12:22:03         0.50      0.00      0.50      0.00      0.00     16.00      0.00

12:22:01    kbmemfree   kbavail kbmemused  %memused kbbuffers  kbcached  kbcommit   %commit  kbactive   kbinact   kbdirty
12:22:03      1653052   1655836    128016      6.30         8    116652    418092     20.59    118848     68040        96

12:22:03        CPU     %user     %nice   %system   %iowait    %steal     %idle
12:22:05        all      0.13      0.00      0.38      0.00      1.53     97.96

12:22:03          tps      rtps      wtps      dtps   bread/s   bwrtn/s   bdscd/s
12:22:05         0.00      0.00      0.00      0.00      0.00      0.00      0.00

12:22:03    kbmemfree   kbavail kbmemused  %memused kbbuffers  kbcached  kbcommit   %commit  kbactive   kbinact   kbdirty
12:22:05      1653052   1655836    128016      6.30         8    116652    418092     20.59    118848     68040       100

12:22:05        CPU     %user     %nice   %system   %iowait    %steal     %idle
12:22:07        all      0.25      0.00      1.14      0.00      2.41     96.20

12:22:05          tps      rtps      wtps      dtps   bread/s   bwrtn/s   bdscd/s
12:22:07         0.50      0.00      0.50      0.00      0.00     15.92      0.00

12:22:05    kbmemfree   kbavail kbmemused  %memused kbbuffers  kbcached  kbcommit   %commit  kbactive   kbinact   kbdirty
12:22:07      1653052   1655852    127980      6.30         8    116688    418092     20.59    118868     68056       120

12:22:07        CPU     %user     %nice   %system   %iowait    %steal     %idle
12:22:09        all      0.51      0.00      0.77      0.00      2.05     96.68

12:22:07          tps      rtps      wtps      dtps   bread/s   bwrtn/s   bdscd/s
12:22:09         0.00      0.00      0.00      0.00      0.00      0.00      0.00

12:22:07    kbmemfree   kbavail kbmemused  %memused kbbuffers  kbcached  kbcommit   %commit  kbactive   kbinact   kbdirty
12:22:09      1653052   1655852    127980      6.30         8    116688    418092     20.59    118868     68056       124

12:22:09        CPU     %user     %nice   %system   %iowait    %steal     %idle
12:22:11        all      0.64      0.00      0.26      0.00      1.03     98.08

12:22:09          tps      rtps      wtps      dtps   bread/s   bwrtn/s   bdscd/s
12:22:11         0.00      0.00      0.00      0.00      0.00      0.00      0.00

12:22:09    kbmemfree   kbavail kbmemused  %memused kbbuffers  kbcached  kbcommit   %commit  kbactive   kbinact   kbdirty
12:22:11      1653020   1655820    128012      6.30         8    116688    418092     20.59    118868     68056       124

12:22:11        CPU     %user     %nice   %system   %iowait    %steal     %idle
12:22:14        all      1.35      0.00      1.97      0.00      4.18     92.51

12:22:11          tps      rtps      wtps      dtps   bread/s   bwrtn/s   bdscd/s
12:22:14         0.00      0.00      0.00      0.00      0.00      0.00      0.00

12:22:11    kbmemfree   kbavail kbmemused  %memused kbbuffers  kbcached  kbcommit   %commit  kbactive   kbinact   kbdirty
12:22:14      1653052   1655852    127980      6.30         8    116688    418092     20.59    118868     68056       124

12:22:14        CPU     %user     %nice   %system   %iowait    %steal     %idle
12:22:15        all      1.48      0.00      0.54      0.00      2.55     95.43

12:22:14          tps      rtps      wtps      dtps   bread/s   bwrtn/s   bdscd/s
12:22:15         0.00      0.00      0.00      0.00      0.00      0.00      0.00

12:22:14    kbmemfree   kbavail kbmemused  %memused kbbuffers  kbcached  kbcommit   %commit  kbactive   kbinact   kbdirty
12:22:15      1653020   1655820    128008      6.30         8    116692    418092     20.59    118868     68056       128

12:22:15        CPU     %user     %nice   %system   %iowait    %steal     %idle
12:22:17        all      0.26      0.00      0.13      0.00      0.77     98.84

12:22:15          tps      rtps      wtps      dtps   bread/s   bwrtn/s   bdscd/s
12:22:17         0.00      0.00      0.00      0.00      0.00      0.00      0.00

12:22:15    kbmemfree   kbavail kbmemused  %memused kbbuffers  kbcached  kbcommit   %commit  kbactive   kbinact   kbdirty
12:22:17      1653084   1655884    127944      6.30         8    116692    418092     20.59    118868     68056       128

12:22:17        CPU     %user     %nice   %system   %iowait    %steal     %idle
12:22:19        all      0.13      0.00      0.26      0.00      0.26     99.36

12:22:17          tps      rtps      wtps      dtps   bread/s   bwrtn/s   bdscd/s
12:22:19         0.00      0.00      0.00      0.00      0.00      0.00      0.00

12:22:17    kbmemfree   kbavail kbmemused  %memused kbbuffers  kbcached  kbcommit   %commit  kbactive   kbinact   kbdirty
12:22:19      1653084   1655884    127944      6.30         8    116692    418092     20.59    118868     68056       128

12:22:19        CPU     %user     %nice   %system   %iowait    %steal     %idle
12:22:21        all      0.00      0.00      0.00      0.00      0.26     99.74

12:22:19          tps      rtps      wtps      dtps   bread/s   bwrtn/s   bdscd/s
12:22:21         0.00      0.00      0.00      0.00      0.00      0.00      0.00

12:22:19    kbmemfree   kbavail kbmemused  %memused kbbuffers  kbcached  kbcommit   %commit  kbactive   kbinact   kbdirty
12:22:21      1653084   1655884    127944      6.30         8    116692    418092     20.59    118868     68056       128

12:22:21        CPU     %user     %nice   %system   %iowait    %steal     %idle
12:22:23        all      0.13      0.00      0.13      0.00      1.29     98.45

12:22:21          tps      rtps      wtps      dtps   bread/s   bwrtn/s   bdscd/s
12:22:23         0.00      0.00      0.00      0.00      0.00      0.00      0.00

12:22:21    kbmemfree   kbavail kbmemused  %memused kbbuffers  kbcached  kbcommit   %commit  kbactive   kbinact   kbdirty
12:22:23      1653052   1655852    127972      6.30         8    116696    418092     20.59    118868     68056       132

12:22:23        CPU     %user     %nice   %system   %iowait    %steal     %idle
12:22:25        all      0.13      0.00      0.39      0.00      0.90     98.59

12:22:23          tps      rtps      wtps      dtps   bread/s   bwrtn/s   bdscd/s
12:22:25         0.00      0.00      0.00      0.00      0.00      0.00      0.00

12:22:23    kbmemfree   kbavail kbmemused  %memused kbbuffers  kbcached  kbcommit   %commit  kbactive   kbinact   kbdirty
12:22:25      1653116   1655916    127908      6.30         8    116696    418092     20.59    118868     68056       132

12:22:25        CPU     %user     %nice   %system   %iowait    %steal     %idle
12:22:27        all      0.13      0.00      0.51      0.38      2.65     96.33

12:22:25          tps      rtps      wtps      dtps   bread/s   bwrtn/s   bdscd/s
12:22:27        10.00     10.00      0.00      0.00    740.00      0.00      0.00

12:22:25    kbmemfree   kbavail kbmemused  %memused kbbuffers  kbcached  kbcommit   %commit  kbactive   kbinact   kbdirty
12:22:27      1652264   1655456    128020      6.30         8    117436    418092     20.59    119084     68620       132

12:22:27        CPU     %user     %nice   %system   %iowait    %steal     %idle
12:22:29        all      0.13      0.00      0.13      0.00      1.03     98.72

12:22:27          tps      rtps      wtps      dtps   bread/s   bwrtn/s   bdscd/s
12:22:29         0.00      0.00      0.00      0.00      0.00      0.00      0.00

12:22:27    kbmemfree   kbavail kbmemused  %memused kbbuffers  kbcached  kbcommit   %commit  kbactive   kbinact   kbdirty
12:22:29      1652328   1655520    127952      6.30         8    117440    418092     20.59    119084     68620       136

12:22:29        CPU     %user     %nice   %system   %iowait    %steal     %idle
12:22:31        all      0.00      0.00      0.13      0.00      0.51     99.36

12:22:29          tps      rtps      wtps      dtps   bread/s   bwrtn/s   bdscd/s
12:22:31         0.00      0.00      0.00      0.00      0.00      0.00      0.00

12:22:29    kbmemfree   kbavail kbmemused  %memused kbbuffers  kbcached  kbcommit   %commit  kbactive   kbinact   kbdirty
12:22:31      1652264   1655456    128016      6.30         8    117440    418092     20.59    119084     68620       136

12:22:31        CPU     %user     %nice   %system   %iowait    %steal     %idle
12:22:33        all      0.00      0.00      0.26      0.00      0.51     99.23

12:22:31          tps      rtps      wtps      dtps   bread/s   bwrtn/s   bdscd/s
12:22:33         0.50      0.00      0.50      0.00      0.00      4.00      0.00

12:22:31    kbmemfree   kbavail kbmemused  %memused kbbuffers  kbcached  kbcommit   %commit  kbactive   kbinact   kbdirty
12:22:33      1652296   1655520    127928      6.30         8    117504    418092     20.59    119100     68668       196

12:22:33        CPU     %user     %nice   %system   %iowait    %steal     %idle
12:22:35        all      0.25      0.00      0.76      0.13      1.27     97.59

12:22:33          tps      rtps      wtps      dtps   bread/s   bwrtn/s   bdscd/s
12:22:35         8.00      0.00      8.00      0.00      0.00   2120.00      0.00

12:22:33    kbmemfree   kbavail kbmemused  %memused kbbuffers  kbcached  kbcommit   %commit  kbactive   kbinact   kbdirty
12:22:35      1652012   1655372    127940      6.30         8    117776    418092     20.59    119324     68720        20

12:22:35        CPU     %user     %nice   %system   %iowait    %steal     %idle
12:22:37        all      0.13      0.00      0.38      0.00      1.40     98.09

12:22:35          tps      rtps      wtps      dtps   bread/s   bwrtn/s   bdscd/s
12:22:37         1.00      0.00      1.00      0.00      0.00     11.94      0.00

12:22:35    kbmemfree   kbavail kbmemused  %memused kbbuffers  kbcached  kbcommit   %commit  kbactive   kbinact   kbdirty
12:22:37      1652108   1655468    127836      6.30         8    117784    418092     20.59    119324     68720        32

12:22:37        CPU     %user     %nice   %system   %iowait    %steal     %idle
12:22:39        all      0.38      0.00      0.38      0.00      3.02     96.23

12:22:37          tps      rtps      wtps      dtps   bread/s   bwrtn/s   bdscd/s
12:22:39         0.00      0.00      0.00      0.00      0.00      0.00      0.00

12:22:37    kbmemfree   kbavail kbmemused  %memused kbbuffers  kbcached  kbcommit   %commit  kbactive   kbinact   kbdirty
12:22:39      1652044   1655436    127836      6.30         8    117848    418092     20.59    119372     68736       120

12:22:39        CPU     %user     %nice   %system   %iowait    %steal     %idle
12:22:41        all      0.13      0.00      0.64      0.00      1.78     97.46

12:22:39          tps      rtps      wtps      dtps   bread/s   bwrtn/s   bdscd/s
12:22:41         0.00      0.00      0.00      0.00      0.00      0.00      0.00

12:22:39    kbmemfree   kbavail kbmemused  %memused kbbuffers  kbcached  kbcommit   %commit  kbactive   kbinact   kbdirty
12:22:41      1652076   1655468    127804      6.29         8    117848    418092     20.59    119372     68736       120

12:22:41        CPU     %user     %nice   %system   %iowait    %steal     %idle
12:22:43        all      0.13      0.00      0.00      0.00      1.40     98.47

12:22:41          tps      rtps      wtps      dtps   bread/s   bwrtn/s   bdscd/s
12:22:43         0.50      0.00      0.50      0.00      0.00     12.00      0.00

12:22:41    kbmemfree   kbavail kbmemused  %memused kbbuffers  kbcached  kbcommit   %commit  kbactive   kbinact   kbdirty
12:22:43      1652044   1655460    127800      6.29         8    117884    418092     20.59    119444     68756       144

12:22:43        CPU     %user     %nice   %system   %iowait    %steal     %idle
12:22:45        all      0.13      0.00      0.25      0.00      1.27     98.34

12:22:43          tps      rtps      wtps      dtps   bread/s   bwrtn/s   bdscd/s
12:22:45         0.00      0.00      0.00      0.00      0.00      0.00      0.00

12:22:43    kbmemfree   kbavail kbmemused  %memused kbbuffers  kbcached  kbcommit   %commit  kbactive   kbinact   kbdirty
12:22:45      1652076   1655492    127768      6.29         8    117884    418092     20.59    119448     68752       148

12:22:45        CPU     %user     %nice   %system   %iowait    %steal     %idle
12:22:47        all      0.00      0.00      0.13      0.00      0.64     99.23

12:22:45          tps      rtps      wtps      dtps   bread/s   bwrtn/s   bdscd/s
12:22:47         0.00      0.00      0.00      0.00      0.00      0.00      0.00

12:22:45    kbmemfree   kbavail kbmemused  %memused kbbuffers  kbcached  kbcommit   %commit  kbactive   kbinact   kbdirty
12:22:47      1652108   1655524    127736      6.29         8    117884    418092     20.59    119448     68752       148

12:22:47        CPU     %user     %nice   %system   %iowait    %steal     %idle
12:22:49        all      0.13      0.00      0.13      0.00      0.51     99.23

12:22:47          tps      rtps      wtps      dtps   bread/s   bwrtn/s   bdscd/s
12:22:49         0.00      0.00      0.00      0.00      0.00      0.00      0.00

12:22:47    kbmemfree   kbavail kbmemused  %memused kbbuffers  kbcached  kbcommit   %commit  kbactive   kbinact   kbdirty
12:22:49      1652044   1655460    127800      6.29         8    117884    418092     20.59    119448     68752       148

12:22:49        CPU     %user     %nice   %system   %iowait    %steal     %idle
12:22:51        all      0.00      0.00      0.64      0.00      2.17     97.20

12:22:49          tps      rtps      wtps      dtps   bread/s   bwrtn/s   bdscd/s
12:22:51         0.00      0.00      0.00      0.00      0.00      0.00      0.00

12:22:49    kbmemfree   kbavail kbmemused  %memused kbbuffers  kbcached  kbcommit   %commit  kbactive   kbinact   kbdirty
12:22:51      1652076   1655492    127764      6.29         8    117888    418092     20.59    119448     68752       152

12:22:51        CPU     %user     %nice   %system   %iowait    %steal     %idle
12:22:53        all      0.00      0.00      0.38      0.00      1.15     98.47

12:22:51          tps      rtps      wtps      dtps   bread/s   bwrtn/s   bdscd/s
12:22:53         0.00      0.00      0.00      0.00      0.00      0.00      0.00

12:22:51    kbmemfree   kbavail kbmemused  %memused kbbuffers  kbcached  kbcommit   %commit  kbactive   kbinact   kbdirty
12:22:53      1652044   1655460    127796      6.29         8    117888    418092     20.59    119448     68752       152

12:22:53        CPU     %user     %nice   %system   %iowait    %steal     %idle
12:22:55        all      0.13      0.00      0.13      0.00      0.77     98.97

12:22:53          tps      rtps      wtps      dtps   bread/s   bwrtn/s   bdscd/s
12:22:55         0.00      0.00      0.00      0.00      0.00      0.00      0.00

12:22:53    kbmemfree   kbavail kbmemused  %memused kbbuffers  kbcached  kbcommit   %commit  kbactive   kbinact   kbdirty
12:22:55      1652076   1655492    127764      6.29         8    117888    418092     20.59    119448     68752       152

12:22:55        CPU     %user     %nice   %system   %iowait    %steal     %idle
12:22:57        all      0.13      0.00      0.26      0.00      0.89     98.72

12:22:55          tps      rtps      wtps      dtps   bread/s   bwrtn/s   bdscd/s
12:22:57         0.00      0.00      0.00      0.00      0.00      0.00      0.00

12:22:55    kbmemfree   kbavail kbmemused  %memused kbbuffers  kbcached  kbcommit   %commit  kbactive   kbinact   kbdirty
12:22:57      1652044   1655460    127792      6.29         8    117892    418092     20.59    119448     68752       156

12:22:57        CPU     %user     %nice   %system   %iowait    %steal     %idle
12:22:59        all      0.00      0.00      0.25      0.00      1.40     98.35

12:22:57          tps      rtps      wtps      dtps   bread/s   bwrtn/s   bdscd/s
12:22:59         0.00      0.00      0.00      0.00      0.00      0.00      0.00

12:22:57    kbmemfree   kbavail kbmemused  %memused kbbuffers  kbcached  kbcommit   %commit  kbactive   kbinact   kbdirty
12:22:59      1652076   1655492    127760      6.29         8    117892    418092     20.59    119448     68752       156

12:22:59        CPU     %user     %nice   %system   %iowait    %steal     %idle
12:23:01        all      0.25      0.00      0.25      0.00      1.27     98.22

12:22:59          tps      rtps      wtps      dtps   bread/s   bwrtn/s   bdscd/s
12:23:01         0.00      0.00      0.00      0.00      0.00      0.00      0.00

12:22:59    kbmemfree   kbavail kbmemused  %memused kbbuffers  kbcached  kbcommit   %commit  kbactive   kbinact   kbdirty
12:23:01      1652044   1655460    127792      6.29         8    117892    418092     20.59    119448     68752       156

12:23:01        CPU     %user     %nice   %system   %iowait    %steal     %idle
12:23:03        all      0.13      0.00      0.00      0.00      0.90     98.98

12:23:01          tps      rtps      wtps      dtps   bread/s   bwrtn/s   bdscd/s
12:23:03         0.00      0.00      0.00      0.00      0.00      0.00      0.00

12:23:01    kbmemfree   kbavail kbmemused  %memused kbbuffers  kbcached  kbcommit   %commit  kbactive   kbinact   kbdirty
12:23:03      1652076   1655492    127760      6.29         8    117892    418092     20.59    119448     68752       156

12:23:03        CPU     %user     %nice   %system   %iowait    %steal     %idle
12:23:05        all      0.26      0.00      0.13      0.00      1.53     98.09

12:23:03          tps      rtps      wtps      dtps   bread/s   bwrtn/s   bdscd/s
12:23:05         0.00      0.00      0.00      0.00      0.00      0.00      0.00

12:23:03    kbmemfree   kbavail kbmemused  %memused kbbuffers  kbcached  kbcommit   %commit  kbactive   kbinact   kbdirty
12:23:05      1652076   1655492    127756      6.29         8    117896    418092     20.59    119448     68752       160

12:23:05        CPU     %user     %nice   %system   %iowait    %steal     %idle
12:23:08        all      0.37      0.00      0.37      0.00      4.34     94.91

12:23:05          tps      rtps      wtps      dtps   bread/s   bwrtn/s   bdscd/s
12:23:08         0.00      0.00      0.00      0.00      0.00      0.00      0.00

12:23:05    kbmemfree   kbavail kbmemused  %memused kbbuffers  kbcached  kbcommit   %commit  kbactive   kbinact   kbdirty
12:23:08      1652076   1655492    127756      6.29         8    117896    418092     20.59    119448     68752       160

12:23:08        CPU     %user     %nice   %system   %iowait    %steal     %idle
12:23:10        all      0.37      0.00      0.50      0.00      5.09     94.04

12:23:08          tps      rtps      wtps      dtps   bread/s   bwrtn/s   bdscd/s
12:23:10         1.50      0.00      1.50      0.00      0.00     20.00      0.00

12:23:08    kbmemfree   kbavail kbmemused  %memused kbbuffers  kbcached  kbcommit   %commit  kbactive   kbinact   kbdirty
12:23:10      1651816   1655272    127928      6.30         8    117976    418092     20.59    119528     68752       224

12:23:10        CPU     %user     %nice   %system   %iowait    %steal     %idle
12:23:12        all      0.89      0.00      0.89      0.13      3.94     94.15

12:23:10          tps      rtps      wtps      dtps   bread/s   bwrtn/s   bdscd/s
12:23:12         9.00      0.00      9.00      0.00      0.00   2184.00      0.00

12:23:10    kbmemfree   kbavail kbmemused  %memused kbbuffers  kbcached  kbcommit   %commit  kbactive   kbinact   kbdirty
12:23:12      1651596   1655188    127876      6.30         8    118248    418092     20.59    119820     68732        20

12:23:12        CPU     %user     %nice   %system   %iowait    %steal     %idle
12:23:14        all      0.13      0.00      0.38      0.00      2.04     97.45

12:23:12          tps      rtps      wtps      dtps   bread/s   bwrtn/s   bdscd/s
12:23:14         0.00      0.00      0.00      0.00      0.00      0.00      0.00

12:23:12    kbmemfree   kbavail kbmemused  %memused kbbuffers  kbcached  kbcommit   %commit  kbactive   kbinact   kbdirty
12:23:14      1651596   1655188    127872      6.30         8    118252    418092     20.59    119820     68732        24

12:23:14        CPU     %user     %nice   %system   %iowait    %steal     %idle
12:23:16        all      0.38      0.00      0.25      0.00      4.79     94.58

12:23:14          tps      rtps      wtps      dtps   bread/s   bwrtn/s   bdscd/s
12:23:16         0.00      0.00      0.00      0.00      0.00      0.00      0.00

12:23:14    kbmemfree   kbavail kbmemused  %memused kbbuffers  kbcached  kbcommit   %commit  kbactive   kbinact   kbdirty
12:23:16      1651564   1655156    127904      6.30         8    118252    418092     20.59    119820     68732        24

12:23:16        CPU     %user     %nice   %system   %iowait    %steal     %idle
12:23:18        all      0.13      0.00      0.38      0.00      2.03     97.46

12:23:16          tps      rtps      wtps      dtps   bread/s   bwrtn/s   bdscd/s
12:23:18         0.00      0.00      0.00      0.00      0.00      0.00      0.00

12:23:16    kbmemfree   kbavail kbmemused  %memused kbbuffers  kbcached  kbcommit   %commit  kbactive   kbinact   kbdirty
12:23:18      1651532   1655124    127936      6.30         8    118252    418092     20.59    119820     68732        24

12:23:18        CPU     %user     %nice   %system   %iowait    %steal     %idle
12:23:20        all      0.00      0.00      0.26      0.00      1.15     98.59

12:23:18          tps      rtps      wtps      dtps   bread/s   bwrtn/s   bdscd/s
12:23:20         0.50      0.00      0.50      0.00      0.00     16.00      0.00

12:23:18    kbmemfree   kbavail kbmemused  %memused kbbuffers  kbcached  kbcommit   %commit  kbactive   kbinact   kbdirty
12:23:20      1651532   1655148    127884      6.30         8    118304    418092     20.59    119852     68748        92

12:23:20        CPU     %user     %nice   %system   %iowait    %steal     %idle
12:23:22        all      0.13      0.00      0.13      0.00      1.41     98.34

12:23:20          tps      rtps      wtps      dtps   bread/s   bwrtn/s   bdscd/s
12:23:22         0.00      0.00      0.00      0.00      0.00      0.00      0.00

12:23:20    kbmemfree   kbavail kbmemused  %memused kbbuffers  kbcached  kbcommit   %commit  kbactive   kbinact   kbdirty
12:23:22      1651564   1655180    127852      6.30         8    118304    418092     20.59    119852     68748        96

12:23:22        CPU     %user     %nice   %system   %iowait    %steal     %idle
12:23:24        all      0.26      0.00      0.26      0.00      0.64     98.85

12:23:22          tps      rtps      wtps      dtps   bread/s   bwrtn/s   bdscd/s
12:23:24         0.00      0.00      0.00      0.00      0.00      0.00      0.00

12:23:22    kbmemfree   kbavail kbmemused  %memused kbbuffers  kbcached  kbcommit   %commit  kbactive   kbinact   kbdirty
12:23:24      1651532   1655148    127884      6.30         8    118304    418092     20.59    119852     68748        96

12:23:24        CPU     %user     %nice   %system   %iowait    %steal     %idle
12:23:26        all      0.00      0.00      0.26      0.00      1.02     98.72

12:23:24          tps      rtps      wtps      dtps   bread/s   bwrtn/s   bdscd/s
12:23:26         0.00      0.00      0.00      0.00      0.00      0.00      0.00

12:23:24    kbmemfree   kbavail kbmemused  %memused kbbuffers  kbcached  kbcommit   %commit  kbactive   kbinact   kbdirty
12:23:26      1651532   1655148    127884      6.30         8    118304    418092     20.59    119852     68748        96

12:23:26        CPU     %user     %nice   %system   %iowait    %steal     %idle
12:23:28        all      0.13      0.00      0.13      0.00      0.77     98.97

12:23:26          tps      rtps      wtps      dtps   bread/s   bwrtn/s   bdscd/s
12:23:28         0.00      0.00      0.00      0.00      0.00      0.00      0.00

12:23:26    kbmemfree   kbavail kbmemused  %memused kbbuffers  kbcached  kbcommit   %commit  kbactive   kbinact   kbdirty
12:23:28      1651564   1655180    127848      6.30         8    118308    418092     20.59    119852     68748       100

12:23:28        CPU     %user     %nice   %system   %iowait    %steal     %idle
12:23:30        all      0.13      0.00      0.13      0.00      1.53     98.22

12:23:28          tps      rtps      wtps      dtps   bread/s   bwrtn/s   bdscd/s
12:23:30         0.00      0.00      0.00      0.00      0.00      0.00      0.00

12:23:28    kbmemfree   kbavail kbmemused  %memused kbbuffers  kbcached  kbcommit   %commit  kbactive   kbinact   kbdirty
12:23:30      1651532   1655148    127880      6.30         8    118308    418092     20.59    119852     68748       100

12:23:30        CPU     %user     %nice   %system   %iowait    %steal     %idle
12:23:32        all      0.13      0.00      0.13      0.00      1.40     98.34

12:23:30          tps      rtps      wtps      dtps   bread/s   bwrtn/s   bdscd/s
12:23:32         0.00      0.00      0.00      0.00      0.00      0.00      0.00

12:23:30    kbmemfree   kbavail kbmemused  %memused kbbuffers  kbcached  kbcommit   %commit  kbactive   kbinact   kbdirty
12:23:32      1651564   1655180    127848      6.30         8    118308    418092     20.59    119852     68748       100

12:23:32        CPU     %user     %nice   %system   %iowait    %steal     %idle
12:23:34        all      0.13      0.00      0.13      0.00      1.90     97.85

12:23:32          tps      rtps      wtps      dtps   bread/s   bwrtn/s   bdscd/s
12:23:34         0.00      0.00      0.00      0.00      0.00      0.00      0.00

12:23:32    kbmemfree   kbavail kbmemused  %memused kbbuffers  kbcached  kbcommit   %commit  kbactive   kbinact   kbdirty
12:23:34      1651564   1655180    127844      6.30         8    118312    418092     20.59    119852     68748       104

12:23:34        CPU     %user     %nice   %system   %iowait    %steal     %idle
12:23:36        all      0.00      0.00      0.25      0.00      1.66     98.09

12:23:34          tps      rtps      wtps      dtps   bread/s   bwrtn/s   bdscd/s
12:23:36         0.00      0.00      0.00      0.00      0.00      0.00      0.00

12:23:34    kbmemfree   kbavail kbmemused  %memused kbbuffers  kbcached  kbcommit   %commit  kbactive   kbinact   kbdirty
12:23:36      1651532   1655148    127876      6.30         8    118312    418092     20.59    119852     68748       104

12:23:36        CPU     %user     %nice   %system   %iowait    %steal     %idle
12:23:38        all      0.26      0.00      0.39      0.00      1.29     98.07

12:23:36          tps      rtps      wtps      dtps   bread/s   bwrtn/s   bdscd/s
12:23:38         0.00      0.00      0.00      0.00      0.00      0.00      0.00

12:23:36    kbmemfree   kbavail kbmemused  %memused kbbuffers  kbcached  kbcommit   %commit  kbactive   kbinact   kbdirty
12:23:38      1651500   1655116    127908      6.30         8    118312    418092     20.59    119852     68748       104

12:23:38        CPU     %user     %nice   %system   %iowait    %steal     %idle
12:23:40        all      0.13      0.00      0.25      0.00      2.55     97.07

12:23:38          tps      rtps      wtps      dtps   bread/s   bwrtn/s   bdscd/s
12:23:40         0.00      0.00      0.00      0.00      0.00      0.00      0.00

12:23:38    kbmemfree   kbavail kbmemused  %memused kbbuffers  kbcached  kbcommit   %commit  kbactive   kbinact   kbdirty
12:23:40      1651564   1655180    127844      6.30         8    118312    418092     20.59    119852     68748       104

12:23:40        CPU     %user     %nice   %system   %iowait    %steal     %idle
12:23:42        all      0.51      0.00      1.01      0.00      2.40     96.09

12:23:40          tps      rtps      wtps      dtps   bread/s   bwrtn/s   bdscd/s
12:23:42         0.00      0.00      0.00      0.00      0.00      0.00      0.00

12:23:40    kbmemfree   kbavail kbmemused  %memused kbbuffers  kbcached  kbcommit   %commit  kbactive   kbinact   kbdirty
12:23:42      1651500   1655116    127904      6.30         8    118316    418092     20.59    119852     68748       108

12:23:42        CPU     %user     %nice   %system   %iowait    %steal     %idle
12:23:44        all      0.13      0.00      0.25      0.00      2.65     96.97

12:23:42          tps      rtps      wtps      dtps   bread/s   bwrtn/s   bdscd/s
12:23:44         0.00      0.00      0.00      0.00      0.00      0.00      0.00

12:23:42    kbmemfree   kbavail kbmemused  %memused kbbuffers  kbcached  kbcommit   %commit  kbactive   kbinact   kbdirty
12:23:44      1651500   1655116    127904      6.30         8    118316    418092     20.59    119852     68748       108

12:23:44        CPU     %user     %nice   %system   %iowait    %steal     %idle
12:23:46        all      0.25      0.00      0.25      0.00      3.41     96.08

12:23:44          tps      rtps      wtps      dtps   bread/s   bwrtn/s   bdscd/s
12:23:46         1.00      0.00      1.00      0.00      0.00     20.00      0.00

12:23:44    kbmemfree   kbavail kbmemused  %memused kbbuffers  kbcached  kbcommit   %commit  kbactive   kbinact   kbdirty
12:23:46      1651312   1654976    127996      6.30         8    118412    418092     20.59    119884     68812       188

12:23:46        CPU     %user     %nice   %system   %iowait    %steal     %idle
12:23:48        all      0.00      0.00      0.26      0.00      2.05     97.70

12:23:46          tps      rtps      wtps      dtps   bread/s   bwrtn/s   bdscd/s
12:23:48         0.00      0.00      0.00      0.00      0.00      0.00      0.00

12:23:46    kbmemfree   kbavail kbmemused  %memused kbbuffers  kbcached  kbcommit   %commit  kbactive   kbinact   kbdirty
12:23:48      1651312   1654976    127996      6.30         8    118412    418092     20.59    119884     68812       192

12:23:48        CPU     %user     %nice   %system   %iowait    %steal     %idle
12:23:50        all      0.00      0.00      0.38      0.00      1.66     97.96

12:23:48          tps      rtps      wtps      dtps   bread/s   bwrtn/s   bdscd/s
12:23:50         0.00      0.00      0.00      0.00      0.00      0.00      0.00

12:23:48    kbmemfree   kbavail kbmemused  %memused kbbuffers  kbcached  kbcommit   %commit  kbactive   kbinact   kbdirty
12:23:50      1651312   1654976    127992      6.30         8    118416    418092     20.59    119884     68812       196

12:23:50        CPU     %user     %nice   %system   %iowait    %steal     %idle
12:23:52        all      0.13      0.00      0.25      0.00      2.41     97.21

12:23:50          tps      rtps      wtps      dtps   bread/s   bwrtn/s   bdscd/s
12:23:52         0.00      0.00      0.00      0.00      0.00      0.00      0.00

12:23:50    kbmemfree   kbavail kbmemused  %memused kbbuffers  kbcached  kbcommit   %commit  kbactive   kbinact   kbdirty
12:23:52      1651248   1654912    128056      6.31         8    118416    418092     20.59    119884     68812       196

12:23:52        CPU     %user     %nice   %system   %iowait    %steal     %idle
12:23:54        all      0.13      0.00      0.25      0.00      1.91     97.71

12:23:52          tps      rtps      wtps      dtps   bread/s   bwrtn/s   bdscd/s
12:23:54         7.00      0.00      7.00      0.00      0.00   2120.00      0.00

12:23:52    kbmemfree   kbavail kbmemused  %memused kbbuffers  kbcached  kbcommit   %commit  kbactive   kbinact   kbdirty
12:23:54      1651020   1654836    128004      6.30         8    118688    418092     20.59    120156     68844        20

12:23:54        CPU     %user     %nice   %system   %iowait    %steal     %idle
12:23:56        all      0.76      0.00      0.38      0.00      3.15     95.71

12:23:54          tps      rtps      wtps      dtps   bread/s   bwrtn/s   bdscd/s
12:23:56         0.50      0.00      0.50      0.00      0.00     12.00      0.00

12:23:54    kbmemfree   kbavail kbmemused  %memused kbbuffers  kbcached  kbcommit   %commit  kbactive   kbinact   kbdirty
12:23:56      1651020   1654852    127968      6.30         8    118724    418092     20.59    120188     68844        96

12:23:56        CPU     %user     %nice   %system   %iowait    %steal     %idle
12:23:58        all      0.89      0.00      0.38      0.00      2.67     96.06

12:23:56          tps      rtps      wtps      dtps   bread/s   bwrtn/s   bdscd/s
12:23:58         0.00      0.00      0.00      0.00      0.00      0.00      0.00

12:23:56    kbmemfree   kbavail kbmemused  %memused kbbuffers  kbcached  kbcommit   %commit  kbactive   kbinact   kbdirty
12:23:58      1651020   1654852    127968      6.30         8    118724    418092     20.59    120188     68844        96

12:23:58        CPU     %user     %nice   %system   %iowait    %steal     %idle
12:24:00        all      0.25      0.00      0.76      0.00      2.28     96.71

12:23:58          tps      rtps      wtps      dtps   bread/s   bwrtn/s   bdscd/s
12:24:00         0.00      0.00      0.00      0.00      0.00      0.00      0.00

12:23:58    kbmemfree   kbavail kbmemused  %memused kbbuffers  kbcached  kbcommit   %commit  kbactive   kbinact   kbdirty
12:24:00      1651052   1654884    127936      6.30         8    118724    418092     20.59    120188     68844        96

12:24:00        CPU     %user     %nice   %system   %iowait    %steal     %idle
12:24:02        all      0.00      0.00      0.13      0.00      1.15     98.72

12:24:00          tps      rtps      wtps      dtps   bread/s   bwrtn/s   bdscd/s
12:24:02         0.00      0.00      0.00      0.00      0.00      0.00      0.00

12:24:00    kbmemfree   kbavail kbmemused  %memused kbbuffers  kbcached  kbcommit   %commit  kbactive   kbinact   kbdirty
12:24:02      1650988   1654820    128000      6.30         8    118724    418092     20.59    120188     68844        96

12:24:02        CPU     %user     %nice   %system   %iowait    %steal     %idle
12:24:04        all      0.13      0.00      0.13      0.00      2.78     96.97

12:24:02          tps      rtps      wtps      dtps   bread/s   bwrtn/s   bdscd/s
12:24:04         0.00      0.00      0.00      0.00      0.00      0.00      0.00

12:24:02    kbmemfree   kbavail kbmemused  %memused kbbuffers  kbcached  kbcommit   %commit  kbactive   kbinact   kbdirty
12:24:04      1650988   1654820    127996      6.30         8    118728    418092     20.59    120188     68844       100

12:24:04        CPU     %user     %nice   %system   %iowait    %steal     %idle
12:24:06        all      0.00      0.00      0.25      0.00      2.91     96.84

12:24:04          tps      rtps      wtps      dtps   bread/s   bwrtn/s   bdscd/s
12:24:06         0.00      0.00      0.00      0.00      0.00      0.00      0.00

12:24:04    kbmemfree   kbavail kbmemused  %memused kbbuffers  kbcached  kbcommit   %commit  kbactive   kbinact   kbdirty
12:24:06      1651020   1654852    127964      6.30         8    118728    418092     20.59    120188     68844       100

12:24:06        CPU     %user     %nice   %system   %iowait    %steal     %idle
12:24:08        all      0.50      0.00      0.37      0.00      4.96     94.17

12:24:06          tps      rtps      wtps      dtps   bread/s   bwrtn/s   bdscd/s
12:24:08         0.00      0.00      0.00      0.00      0.00      0.00      0.00

12:24:06    kbmemfree   kbavail kbmemused  %memused kbbuffers  kbcached  kbcommit   %commit  kbactive   kbinact   kbdirty
12:24:08      1650988   1654820    127996      6.30         8    118728    418092     20.59    120188     68844       100

12:24:08        CPU     %user     %nice   %system   %iowait    %steal     %idle
12:24:10        all      0.25      0.00      0.89      0.00      2.67     96.19

12:24:08          tps      rtps      wtps      dtps   bread/s   bwrtn/s   bdscd/s
12:24:10         0.00      0.00      0.00      0.00      0.00      0.00      0.00

12:24:08    kbmemfree   kbavail kbmemused  %memused kbbuffers  kbcached  kbcommit   %commit  kbactive   kbinact   kbdirty
12:24:10      1650988   1654820    127992      6.30         8    118732    418092     20.59    120188     68844       104

12:24:10        CPU     %user     %nice   %system   %iowait    %steal     %idle
12:24:12        all      0.13      0.00      0.39      0.00      0.39     99.09

12:24:10          tps      rtps      wtps      dtps   bread/s   bwrtn/s   bdscd/s
12:24:12         0.00      0.00      0.00      0.00      0.00      0.00      0.00

12:24:10    kbmemfree   kbavail kbmemused  %memused kbbuffers  kbcached  kbcommit   %commit  kbactive   kbinact   kbdirty
12:24:12      1651052   1654884    127928      6.30         8    118732    418092     20.59    120188     68844       104

12:24:12        CPU     %user     %nice   %system   %iowait    %steal     %idle
12:24:14        all      0.26      0.00      0.26      0.00      1.03     98.46

12:24:12          tps      rtps      wtps      dtps   bread/s   bwrtn/s   bdscd/s
12:24:14         0.00      0.00      0.00      0.00      0.00      0.00      0.00

12:24:12    kbmemfree   kbavail kbmemused  %memused kbbuffers  kbcached  kbcommit   %commit  kbactive   kbinact   kbdirty
12:24:14      1651084   1654916    127896      6.30         8    118732    418092     20.59    120188     68844       104

12:24:14        CPU     %user     %nice   %system   %iowait    %steal     %idle
12:24:16        all      0.26      0.00      0.13      0.00      1.28     98.34

12:24:14          tps      rtps      wtps      dtps   bread/s   bwrtn/s   bdscd/s
12:24:16         0.50      0.00      0.50      0.00      0.00      4.00      0.00

12:24:14    kbmemfree   kbavail kbmemused  %memused kbbuffers  kbcached  kbcommit   %commit  kbactive   kbinact   kbdirty
12:24:16      1650988   1654852    127928      6.30         8    118796    418092     20.59    120236     68860       164

12:24:16        CPU     %user     %nice   %system   %iowait    %steal     %idle
12:24:18        all      0.00      0.00      0.13      0.00      0.26     99.61

12:24:16          tps      rtps      wtps      dtps   bread/s   bwrtn/s   bdscd/s
12:24:18         0.00      0.00      0.00      0.00      0.00      0.00      0.00

12:24:16    kbmemfree   kbavail kbmemused  %memused kbbuffers  kbcached  kbcommit   %commit  kbactive   kbinact   kbdirty
12:24:18      1651020   1654884    127892      6.30         8    118800    418092     20.59    120236     68860       168

12:24:18        CPU     %user     %nice   %system   %iowait    %steal     %idle
12:24:20        all      0.13      0.00      0.38      0.00      0.64     98.85

12:24:18          tps      rtps      wtps      dtps   bread/s   bwrtn/s   bdscd/s
12:24:20         0.00      0.00      0.00      0.00      0.00      0.00      0.00

12:24:18    kbmemfree   kbavail kbmemused  %memused kbbuffers  kbcached  kbcommit   %commit  kbactive   kbinact   kbdirty
12:24:20      1651020   1654884    127892      6.30         8    118800    418092     20.59    120236     68860       168

12:24:20        CPU     %user     %nice   %system   %iowait    %steal     %idle
12:24:22        all      0.38      0.00      0.51      0.00      1.02     98.08

12:24:20          tps      rtps      wtps      dtps   bread/s   bwrtn/s   bdscd/s
12:24:22         1.00      0.00      1.00      0.00      0.00     12.00      0.00

12:24:20    kbmemfree   kbavail kbmemused  %memused kbbuffers  kbcached  kbcommit   %commit  kbactive   kbinact   kbdirty
12:24:22      1651020   1654908    127844      6.30         8    118848    418092     20.59    120284     68860       208

12:24:22        CPU     %user     %nice   %system   %iowait    %steal     %idle
12:24:24        all      0.00      0.00      0.26      0.00      1.28     98.47

12:24:22          tps      rtps      wtps      dtps   bread/s   bwrtn/s   bdscd/s
12:24:24         0.00      0.00      0.00      0.00      0.00      0.00      0.00

12:24:22    kbmemfree   kbavail kbmemused  %memused kbbuffers  kbcached  kbcommit   %commit  kbactive   kbinact   kbdirty
12:24:24      1650988   1654876    127876      6.30         8    118848    418092     20.59    120284     68860       212

12:24:24        CPU     %user     %nice   %system   %iowait    %steal     %idle
12:24:26        all      0.12      0.00      1.00      0.00      3.38     95.50

12:24:24          tps      rtps      wtps      dtps   bread/s   bwrtn/s   bdscd/s
12:24:26         1.49      0.00      1.49      0.00      0.00     23.76      0.00

12:24:24    kbmemfree   kbavail kbmemused  %memused kbbuffers  kbcached  kbcommit   %commit  kbactive   kbinact   kbdirty
12:24:26      1651020   1654916    127824      6.29         8    118868    418092     20.59    120332     68828       208

12:24:26        CPU     %user     %nice   %system   %iowait    %steal     %idle
12:24:28        all      0.37      0.00      0.37      0.00      4.09     95.16

12:24:26          tps      rtps      wtps      dtps   bread/s   bwrtn/s   bdscd/s
12:24:28         0.00      0.00      0.00      0.00      0.00      0.00      0.00

12:24:26    kbmemfree   kbavail kbmemused  %memused kbbuffers  kbcached  kbcommit   %commit  kbactive   kbinact   kbdirty
12:24:28      1651052   1654948    127792      6.29         8    118868    418092     20.59    120332     68828       220

12:24:28        CPU     %user     %nice   %system   %iowait    %steal     %idle
12:24:30        all      0.00      0.00      1.13      0.38      2.77     95.71

12:24:28          tps      rtps      wtps      dtps   bread/s   bwrtn/s   bdscd/s
12:24:30        11.00      0.00     11.00      0.00      0.00   2216.00      0.00

12:24:28    kbmemfree   kbavail kbmemused  %memused kbbuffers  kbcached  kbcommit   %commit  kbactive   kbinact   kbdirty
12:24:30      1650768   1654808    127788      6.29         8    119156    418092     20.59    120556     68892        12

12:24:30        CPU     %user     %nice   %system   %iowait    %steal     %idle
12:24:32        all      0.38      0.00      0.38      0.00      2.28     96.96

12:24:30          tps      rtps      wtps      dtps   bread/s   bwrtn/s   bdscd/s
12:24:32         0.00      0.00      0.00      0.00      0.00      0.00      0.00

12:24:30    kbmemfree   kbavail kbmemused  %memused kbbuffers  kbcached  kbcommit   %commit  kbactive   kbinact   kbdirty
12:24:32      1650768   1654808    127784      6.29         8    119160    418092     20.59    120560     68892        16

12:24:32        CPU     %user     %nice   %system   %iowait    %steal     %idle
12:24:34        all      0.00      0.00      0.25      0.00      2.15     97.59

12:24:32          tps      rtps      wtps      dtps   bread/s   bwrtn/s   bdscd/s
12:24:34         0.00      0.00      0.00      0.00      0.00      0.00      0.00

12:24:32    kbmemfree   kbavail kbmemused  %memused kbbuffers  kbcached  kbcommit   %commit  kbactive   kbinact   kbdirty
12:24:34      1650832   1654872    127720      6.29         8    119160    418092     20.59    120560     68892        16

12:24:34        CPU     %user     %nice   %system   %iowait    %steal     %idle
12:24:36        all      0.26      0.00      0.26      0.00      0.90     98.59

12:24:34          tps      rtps      wtps      dtps   bread/s   bwrtn/s   bdscd/s
12:24:36         0.00      0.00      0.00      0.00      0.00      0.00      0.00

12:24:34    kbmemfree   kbavail kbmemused  %memused kbbuffers  kbcached  kbcommit   %commit  kbactive   kbinact   kbdirty
12:24:36      1650736   1654776    127816      6.29         8    119160    418092     20.59    120560     68892        16

12:24:36        CPU     %user     %nice   %system   %iowait    %steal     %idle
12:24:38        all      0.13      0.00      0.13      0.00      0.77     98.98

12:24:36          tps      rtps      wtps      dtps   bread/s   bwrtn/s   bdscd/s
12:24:38         0.00      0.00      0.00      0.00      0.00      0.00      0.00

12:24:36    kbmemfree   kbavail kbmemused  %memused kbbuffers  kbcached  kbcommit   %commit  kbactive   kbinact   kbdirty
12:24:38      1650768   1654808    127784      6.29         8    119160    418092     20.59    120560     68892        16

12:24:38        CPU     %user     %nice   %system   %iowait    %steal     %idle
12:24:40        all      0.00      0.00      0.26      0.00      0.64     99.10

12:24:38          tps      rtps      wtps      dtps   bread/s   bwrtn/s   bdscd/s
12:24:40         0.00      0.00      0.00      0.00      0.00      0.00      0.00

12:24:38    kbmemfree   kbavail kbmemused  %memused kbbuffers  kbcached  kbcommit   %commit  kbactive   kbinact   kbdirty
12:24:40      1650768   1654808    127780      6.29         8    119164    418092     20.59    120560     68892        20

12:24:40        CPU     %user     %nice   %system   %iowait    %steal     %idle
12:24:42        all      0.38      0.00      0.25      0.00      1.27     98.09

12:24:40          tps      rtps      wtps      dtps   bread/s   bwrtn/s   bdscd/s
12:24:42         0.00      0.00      0.00      0.00      0.00      0.00      0.00

12:24:40    kbmemfree   kbavail kbmemused  %memused kbbuffers  kbcached  kbcommit   %commit  kbactive   kbinact   kbdirty
12:24:42      1650800   1654840    127748      6.29         8    119164    418092     20.59    120560     68892        20

12:24:42        CPU     %user     %nice   %system   %iowait    %steal     %idle
12:24:44        all      0.13      0.00      0.13      0.00      1.28     98.47

12:24:42          tps      rtps      wtps      dtps   bread/s   bwrtn/s   bdscd/s
12:24:44         0.00      0.00      0.00      0.00      0.00      0.00      0.00

12:24:42    kbmemfree   kbavail kbmemused  %memused kbbuffers  kbcached  kbcommit   %commit  kbactive   kbinact   kbdirty
12:24:44      1650768   1654808    127780      6.29         8    119164    418092     20.59    120560     68892        20

12:24:44        CPU     %user     %nice   %system   %iowait    %steal     %idle
12:24:46        all      0.51      0.00      0.38      0.00      1.92     97.18

12:24:44          tps      rtps      wtps      dtps   bread/s   bwrtn/s   bdscd/s
12:24:46         0.00      0.00      0.00      0.00      0.00      0.00      0.00

12:24:44    kbmemfree   kbavail kbmemused  %memused kbbuffers  kbcached  kbcommit   %commit  kbactive   kbinact   kbdirty
12:24:46      1650832   1654876    127708      6.29         8    119172    418092     20.59    120564     68892        28

12:24:46        CPU     %user     %nice   %system   %iowait    %steal     %idle
12:24:48        all      0.26      0.00      0.38      0.00      2.17     97.19

12:24:46          tps      rtps      wtps      dtps   bread/s   bwrtn/s   bdscd/s
12:24:48         0.00      0.00      0.00      0.00      0.00      0.00      0.00

12:24:46    kbmemfree   kbavail kbmemused  %memused kbbuffers  kbcached  kbcommit   %commit  kbactive   kbinact   kbdirty
12:24:48      1650832   1654876    127708      6.29         8    119172    418092     20.59    120564     68892        28

12:24:48        CPU     %user     %nice   %system   %iowait    %steal     %idle
12:24:50        all      0.00      0.00      0.38      0.00      0.77     98.85

12:24:48          tps      rtps      wtps      dtps   bread/s   bwrtn/s   bdscd/s
12:24:50         0.00      0.00      0.00      0.00      0.00      0.00      0.00

12:24:48    kbmemfree   kbavail kbmemused  %memused kbbuffers  kbcached  kbcommit   %commit  kbactive   kbinact   kbdirty
12:24:50      1650800   1654844    127740      6.29         8    119172    418092     20.59    120564     68892        28

12:24:50        CPU     %user     %nice   %system   %iowait    %steal     %idle
12:24:52        all      0.13      0.00      0.13      0.00      1.15     98.60

12:24:50          tps      rtps      wtps      dtps   bread/s   bwrtn/s   bdscd/s
12:24:52         0.00      0.00      0.00      0.00      0.00      0.00      0.00

12:24:50    kbmemfree   kbavail kbmemused  %memused kbbuffers  kbcached  kbcommit   %commit  kbactive   kbinact   kbdirty
12:24:52      1650736   1654780    127804      6.29         8    119172    418092     20.59    120564     68892        28

12:24:52        CPU     %user     %nice   %system   %iowait    %steal     %idle
12:24:54        all      0.00      0.00      0.13      0.00      0.26     99.61

12:24:52          tps      rtps      wtps      dtps   bread/s   bwrtn/s   bdscd/s
12:24:54         0.00      0.00      0.00      0.00      0.00      0.00      0.00

12:24:52    kbmemfree   kbavail kbmemused  %memused kbbuffers  kbcached  kbcommit   %commit  kbactive   kbinact   kbdirty
12:24:54      1650768   1654812    127768      6.29         8    119176    418092     20.59    120564     68892        32

12:24:54        CPU     %user     %nice   %system   %iowait    %steal     %idle
12:24:56        all      0.13      0.00      0.63      0.00      1.77     97.48

12:24:54          tps      rtps      wtps      dtps   bread/s   bwrtn/s   bdscd/s
12:24:56         0.00      0.00      0.00      0.00      0.00      0.00      0.00

12:24:54    kbmemfree   kbavail kbmemused  %memused kbbuffers  kbcached  kbcommit   %commit  kbactive   kbinact   kbdirty
12:24:56      1650768   1654812    127768      6.29         8    119176    418092     20.59    120564     68892        32

12:24:56        CPU     %user     %nice   %system   %iowait    %steal     %idle
12:24:58        all      0.00      0.00      0.00      0.00      0.77     99.23

12:24:56          tps      rtps      wtps      dtps   bread/s   bwrtn/s   bdscd/s
12:24:58         1.50      0.00      1.50      0.00      0.00     20.00      0.00

12:24:56    kbmemfree   kbavail kbmemused  %memused kbbuffers  kbcached  kbcommit   %commit  kbactive   kbinact   kbdirty
12:24:58      1650548   1654664    127844      6.30         8    119320    418092     20.59    120676     68924       172

12:24:58        CPU     %user     %nice   %system   %iowait    %steal     %idle
12:25:00        all      0.38      0.00      0.25      0.00      0.25     99.11

12:24:58          tps      rtps      wtps      dtps   bread/s   bwrtn/s   bdscd/s
12:25:00         0.00      0.00      0.00      0.00      0.00      0.00      0.00

12:24:58    kbmemfree   kbavail kbmemused  %memused kbbuffers  kbcached  kbcommit   %commit  kbactive   kbinact   kbdirty
12:25:00      1650548   1654664    127844      6.30         8    119320    418092     20.59    120676     68924       176

12:25:00        CPU     %user     %nice   %system   %iowait    %steal     %idle
12:25:02        all      2.41      0.00      2.41      0.13      2.53     92.53

12:25:00          tps      rtps      wtps      dtps   bread/s   bwrtn/s   bdscd/s
12:25:02         3.00      0.00      3.00      0.00      0.00     88.00      0.00

12:25:00    kbmemfree   kbavail kbmemused  %memused kbbuffers  kbcached  kbcommit   %commit  kbactive   kbinact   kbdirty
12:25:02      1650004   1654300    128032      6.30         8    119652    418092     20.59    120864     69080       456

12:25:02        CPU     %user     %nice   %system   %iowait    %steal     %idle
12:25:04        all      0.25      0.00      0.13      0.00      0.51     99.11

12:25:02          tps      rtps      wtps      dtps   bread/s   bwrtn/s   bdscd/s
12:25:04         0.00      0.00      0.00      0.00      0.00      0.00      0.00

12:25:02    kbmemfree   kbavail kbmemused  %memused kbbuffers  kbcached  kbcommit   %commit  kbactive   kbinact   kbdirty
12:25:04      1650044   1654340    127992      6.30         8    119652    418092     20.59    120864     69080       460

Average:        CPU     %user     %nice   %system   %iowait    %steal     %idle
Average:        all      0.22      0.00      0.37      0.01      1.69     97.71

Average:          tps      rtps      wtps      dtps   bread/s   bwrtn/s   bdscd/s
Average:         0.63      0.07      0.56      0.00      4.93    105.33      0.00

Average:    kbmemfree   kbavail kbmemused  %memused kbbuffers  kbcached  kbcommit   %commit  kbactive   kbinact   kbdirty
Average:      1652453   1655558    127981      6.30         8    117285    418092     20.59    119172     68381       128
