Linux 5.4.0-86-generic (flexran) 	12/14/21 	_x86_64_	(4 CPU)

12:40:19        CPU     %user     %nice   %system   %iowait    %steal     %idle
12:40:21        all      0.00      0.00      0.26      0.00      1.92     97.83

12:40:19          tps      rtps      wtps      dtps   bread/s   bwrtn/s   bdscd/s
12:40:21         0.00      0.00      0.00      0.00      0.00      0.00      0.00

12:40:19    kbmemfree   kbavail kbmemused  %memused kbbuffers  kbcached  kbcommit   %commit  kbactive   kbinact   kbdirty
12:40:21      1625540   1651500    128836      6.34         8    142920    416160     20.49    135740     77436       164

12:40:21        CPU     %user     %nice   %system   %iowait    %steal     %idle
12:40:23        all      0.00      0.00      0.25      0.00      2.65     97.09

12:40:21          tps      rtps      wtps      dtps   bread/s   bwrtn/s   bdscd/s
12:40:23         1.00      0.00      1.00      0.00      0.00     16.00      0.00

12:40:21    kbmemfree   kbavail kbmemused  %memused kbbuffers  kbcached  kbcommit   %commit  kbactive   kbinact   kbdirty
12:40:23      1625604   1651596    128740      6.34         8    142952    416160     20.49    135772     77436       176

12:40:23        CPU     %user     %nice   %system   %iowait    %steal     %idle
12:40:25        all      0.00      0.00      0.25      0.00      3.41     96.34

12:40:23          tps      rtps      wtps      dtps   bread/s   bwrtn/s   bdscd/s
12:40:25         0.00      0.00      0.00      0.00      0.00      0.00      0.00

12:40:23    kbmemfree   kbavail kbmemused  %memused kbbuffers  kbcached  kbcommit   %commit  kbactive   kbinact   kbdirty
12:40:25      1625604   1651596    128740      6.34         8    142952    416160     20.49    135772     77436       184

12:40:25        CPU     %user     %nice   %system   %iowait    %steal     %idle
12:40:27        all      0.37      0.00      0.75      0.00      5.99     92.88

12:40:25          tps      rtps      wtps      dtps   bread/s   bwrtn/s   bdscd/s
12:40:27         0.00      0.00      0.00      0.00      0.00      0.00      0.00

12:40:25    kbmemfree   kbavail kbmemused  %memused kbbuffers  kbcached  kbcommit   %commit  kbactive   kbinact   kbdirty
12:40:27      1625572   1651564    128772      6.34         8    142952    416160     20.49    135772     77436       184

12:40:27        CPU     %user     %nice   %system   %iowait    %steal     %idle
12:40:29        all      0.13      0.00      0.38      0.00      3.91     95.59

12:40:27          tps      rtps      wtps      dtps   bread/s   bwrtn/s   bdscd/s
12:40:29         1.00      0.00      1.00      0.00      0.00      8.00      0.00

12:40:27    kbmemfree   kbavail kbmemused  %memused kbbuffers  kbcached  kbcommit   %commit  kbactive   kbinact   kbdirty
12:40:29      1625572   1651580    128756      6.34         8    142968    416160     20.49    135824     77404       196

12:40:29        CPU     %user     %nice   %system   %iowait    %steal     %idle
12:40:31        all      0.38      0.00      0.38      0.00      3.40     95.84

12:40:29          tps      rtps      wtps      dtps   bread/s   bwrtn/s   bdscd/s
12:40:31         0.00      0.00      0.00      0.00      0.00      0.00      0.00

12:40:29    kbmemfree   kbavail kbmemused  %memused kbbuffers  kbcached  kbcommit   %commit  kbactive   kbinact   kbdirty
12:40:31      1625572   1651580    128756      6.34         8    142968    416160     20.49    135824     77404       204

12:40:31        CPU     %user     %nice   %system   %iowait    %steal     %idle
12:40:33        all      0.25      0.00      0.76      0.38      3.28     95.33

12:40:31          tps      rtps      wtps      dtps   bread/s   bwrtn/s   bdscd/s
12:40:33        10.50      1.50      9.00      0.00     48.00   2760.00      0.00

12:40:31    kbmemfree   kbavail kbmemused  %memused kbbuffers  kbcached  kbcommit   %commit  kbactive   kbinact   kbdirty
12:40:33      1625036   1651508    128828      6.34         8    143432    416160     20.49    136192     77500        12

12:40:33        CPU     %user     %nice   %system   %iowait    %steal     %idle
12:40:35        all      0.26      0.00      0.13      0.00      1.02     98.60

12:40:33          tps      rtps      wtps      dtps   bread/s   bwrtn/s   bdscd/s
12:40:35         0.00      0.00      0.00      0.00      0.00      0.00      0.00

12:40:33    kbmemfree   kbavail kbmemused  %memused kbbuffers  kbcached  kbcommit   %commit  kbactive   kbinact   kbdirty
12:40:35      1625036   1651508    128824      6.34         8    143436    416160     20.49    136192     77500        16

12:40:35        CPU     %user     %nice   %system   %iowait    %steal     %idle
12:40:37        all      0.64      0.00      0.38      0.00      1.40     97.58

12:40:35          tps      rtps      wtps      dtps   bread/s   bwrtn/s   bdscd/s
12:40:37         0.00      0.00      0.00      0.00      0.00      0.00      0.00

12:40:35    kbmemfree   kbavail kbmemused  %memused kbbuffers  kbcached  kbcommit   %commit  kbactive   kbinact   kbdirty
12:40:37      1625068   1651540    128788      6.34         8    143440    416160     20.49    136192     77500        20

12:40:37        CPU     %user     %nice   %system   %iowait    %steal     %idle
12:40:39        all      0.00      0.00      0.13      0.00      1.03     98.85

12:40:37          tps      rtps      wtps      dtps   bread/s   bwrtn/s   bdscd/s
12:40:39         0.00      0.00      0.00      0.00      0.00      0.00      0.00

12:40:37    kbmemfree   kbavail kbmemused  %memused kbbuffers  kbcached  kbcommit   %commit  kbactive   kbinact   kbdirty
12:40:39      1625100   1651580    128756      6.34         8    143440    416160     20.49    136200     77500        20

12:40:39        CPU     %user     %nice   %system   %iowait    %steal     %idle
12:40:41        all      0.13      0.00      0.76      0.00      1.90     97.22

12:40:39          tps      rtps      wtps      dtps   bread/s   bwrtn/s   bdscd/s
12:40:41         0.00      0.00      0.00      0.00      0.00      0.00      0.00

12:40:39    kbmemfree   kbavail kbmemused  %memused kbbuffers  kbcached  kbcommit   %commit  kbactive   kbinact   kbdirty
12:40:41      1625100   1651580    128756      6.34         8    143440    416160     20.49    136200     77500        20

12:40:41        CPU     %user     %nice   %system   %iowait    %steal     %idle
12:40:43        all      0.00      0.00      0.38      0.00      1.28     98.34

12:40:41          tps      rtps      wtps      dtps   bread/s   bwrtn/s   bdscd/s
12:40:43         0.00      0.00      0.00      0.00      0.00      0.00      0.00

12:40:41    kbmemfree   kbavail kbmemused  %memused kbbuffers  kbcached  kbcommit   %commit  kbactive   kbinact   kbdirty
12:40:43      1625100   1651580    128756      6.34         8    143440    416160     20.49    136200     77500        20

12:40:43        CPU     %user     %nice   %system   %iowait    %steal     %idle
12:40:45        all      0.25      0.00      0.75      0.00      5.10     93.91

12:40:43          tps      rtps      wtps      dtps   bread/s   bwrtn/s   bdscd/s
12:40:45         0.00      0.00      0.00      0.00      0.00      0.00      0.00

12:40:43    kbmemfree   kbavail kbmemused  %memused kbbuffers  kbcached  kbcommit   %commit  kbactive   kbinact   kbdirty
12:40:45      1625068   1651548    128788      6.34         8    143440    416160     20.49    136200     77500        20

12:40:45        CPU     %user     %nice   %system   %iowait    %steal     %idle
12:40:47        all      0.26      0.00      0.77      0.00      1.28     97.70

12:40:45          tps      rtps      wtps      dtps   bread/s   bwrtn/s   bdscd/s
12:40:47         0.00      0.00      0.00      0.00      0.00      0.00      0.00

12:40:45    kbmemfree   kbavail kbmemused  %memused kbbuffers  kbcached  kbcommit   %commit  kbactive   kbinact   kbdirty
12:40:47      1625068   1651548    128788      6.34         8    143440    416160     20.49    136200     77500        20

12:40:47        CPU     %user     %nice   %system   %iowait    %steal     %idle
12:40:49        all      0.13      0.00      0.51      0.00      1.91     97.46

12:40:47          tps      rtps      wtps      dtps   bread/s   bwrtn/s   bdscd/s
12:40:49         0.00      0.00      0.00      0.00      0.00      0.00      0.00

12:40:47    kbmemfree   kbavail kbmemused  %memused kbbuffers  kbcached  kbcommit   %commit  kbactive   kbinact   kbdirty
12:40:49      1625068   1651552    128784      6.34         8    143444    416160     20.49    136204     77500        24

12:40:49        CPU     %user     %nice   %system   %iowait    %steal     %idle
12:40:51        all      0.13      0.00      0.76      0.00      2.66     96.46

12:40:49          tps      rtps      wtps      dtps   bread/s   bwrtn/s   bdscd/s
12:40:51         0.00      0.00      0.00      0.00      0.00      0.00      0.00

12:40:49    kbmemfree   kbavail kbmemused  %memused kbbuffers  kbcached  kbcommit   %commit  kbactive   kbinact   kbdirty
12:40:51      1625036   1651524    128812      6.34         8    143448    416160     20.49    136208     77500        28

12:40:51        CPU     %user     %nice   %system   %iowait    %steal     %idle
12:40:53        all      0.00      0.00      0.13      0.00      2.03     97.85

12:40:51          tps      rtps      wtps      dtps   bread/s   bwrtn/s   bdscd/s
12:40:53         0.00      0.00      0.00      0.00      0.00      0.00      0.00

12:40:51    kbmemfree   kbavail kbmemused  %memused kbbuffers  kbcached  kbcommit   %commit  kbactive   kbinact   kbdirty
12:40:53      1625100   1651588    128748      6.34         8    143448    416160     20.49    136208     77500        28

12:40:53        CPU     %user     %nice   %system   %iowait    %steal     %idle
12:40:55        all      0.00      0.00      0.51      0.00      2.92     96.57

12:40:53          tps      rtps      wtps      dtps   bread/s   bwrtn/s   bdscd/s
12:40:55         0.00      0.00      0.00      0.00      0.00      0.00      0.00

12:40:53    kbmemfree   kbavail kbmemused  %memused kbbuffers  kbcached  kbcommit   %commit  kbactive   kbinact   kbdirty
12:40:55      1625100   1651588    128748      6.34         8    143448    416160     20.49    136208     77500        28

12:40:55        CPU     %user     %nice   %system   %iowait    %steal     %idle
12:40:57        all      0.25      0.00      0.13      0.00      2.39     97.23

12:40:55          tps      rtps      wtps      dtps   bread/s   bwrtn/s   bdscd/s
12:40:57         0.00      0.00      0.00      0.00      0.00      0.00      0.00

12:40:55    kbmemfree   kbavail kbmemused  %memused kbbuffers  kbcached  kbcommit   %commit  kbactive   kbinact   kbdirty
12:40:57      1625068   1651556    128780      6.34         8    143448    416160     20.49    136208     77500        28

12:40:57        CPU     %user     %nice   %system   %iowait    %steal     %idle
12:40:59        all      0.13      0.00      0.63      0.00      2.01     97.23

12:40:57          tps      rtps      wtps      dtps   bread/s   bwrtn/s   bdscd/s
12:40:59         0.00      0.00      0.00      0.00      0.00      0.00      0.00

12:40:57    kbmemfree   kbavail kbmemused  %memused kbbuffers  kbcached  kbcommit   %commit  kbactive   kbinact   kbdirty
12:40:59      1625036   1651524    128812      6.34         8    143448    416160     20.49    136208     77500        28

12:40:59        CPU     %user     %nice   %system   %iowait    %steal     %idle
12:41:01        all      0.13      0.00      0.25      0.00      1.52     98.10

12:40:59          tps      rtps      wtps      dtps   bread/s   bwrtn/s   bdscd/s
12:41:01         0.00      0.00      0.00      0.00      0.00      0.00      0.00

12:40:59    kbmemfree   kbavail kbmemused  %memused kbbuffers  kbcached  kbcommit   %commit  kbactive   kbinact   kbdirty
12:41:01      1625100   1651588    128748      6.34         8    143448    416160     20.49    136208     77500        28

12:41:01        CPU     %user     %nice   %system   %iowait    %steal     %idle
12:41:03        all      0.51      0.00      0.25      0.00      1.53     97.71

12:41:01          tps      rtps      wtps      dtps   bread/s   bwrtn/s   bdscd/s
12:41:03         0.00      0.00      0.00      0.00      0.00      0.00      0.00

12:41:01    kbmemfree   kbavail kbmemused  %memused kbbuffers  kbcached  kbcommit   %commit  kbactive   kbinact   kbdirty
12:41:03      1625100   1651588    128744      6.34         8    143452    416160     20.49    136208     77500        32

12:41:03        CPU     %user     %nice   %system   %iowait    %steal     %idle
12:41:05        all      0.13      0.00      0.38      0.00      1.91     97.58

12:41:03          tps      rtps      wtps      dtps   bread/s   bwrtn/s   bdscd/s
12:41:05         2.00      0.00      2.00      0.00      0.00     36.00      0.00

12:41:03    kbmemfree   kbavail kbmemused  %memused kbbuffers  kbcached  kbcommit   %commit  kbactive   kbinact   kbdirty
12:41:05      1624848   1651488    128800      6.34         8    143648    416160     20.49    136280     77580       192

12:41:05        CPU     %user     %nice   %system   %iowait    %steal     %idle
12:41:07        all      0.13      0.00      0.63      0.00      2.03     97.22

12:41:05          tps      rtps      wtps      dtps   bread/s   bwrtn/s   bdscd/s
12:41:07         0.00      0.00      0.00      0.00      0.00      0.00      0.00

12:41:05    kbmemfree   kbavail kbmemused  %memused kbbuffers  kbcached  kbcommit   %commit  kbactive   kbinact   kbdirty
12:41:07      1624784   1651428    128860      6.35         8    143652    416160     20.49    136312     77552       208

12:41:07        CPU     %user     %nice   %system   %iowait    %steal     %idle
12:41:09        all      0.25      0.00      0.38      0.00      1.76     97.61

12:41:07          tps      rtps      wtps      dtps   bread/s   bwrtn/s   bdscd/s
12:41:09         1.99      0.00      1.99      0.00      0.00     15.92      0.00

12:41:07    kbmemfree   kbavail kbmemused  %memused kbbuffers  kbcached  kbcommit   %commit  kbactive   kbinact   kbdirty
12:41:09      1624848   1651492    128796      6.34         8    143652    416160     20.49    136316     77548       208

12:41:09        CPU     %user     %nice   %system   %iowait    %steal     %idle
12:41:11        all      0.13      0.00      0.38      0.00      2.64     96.86

12:41:09          tps      rtps      wtps      dtps   bread/s   bwrtn/s   bdscd/s
12:41:11         0.00      0.00      0.00      0.00      0.00      0.00      0.00

12:41:09    kbmemfree   kbavail kbmemused  %memused kbbuffers  kbcached  kbcommit   %commit  kbactive   kbinact   kbdirty
12:41:11      1624912   1651620    128716      6.34         8    143668    416160     20.49    136412     77516       220

12:41:11        CPU     %user     %nice   %system   %iowait    %steal     %idle
12:41:13        all      0.12      0.00      0.50      0.00      4.61     94.76

12:41:11          tps      rtps      wtps      dtps   bread/s   bwrtn/s   bdscd/s
12:41:13         0.00      0.00      0.00      0.00      0.00      0.00      0.00

12:41:11    kbmemfree   kbavail kbmemused  %memused kbbuffers  kbcached  kbcommit   %commit  kbactive   kbinact   kbdirty
12:41:13      1624848   1651556    128780      6.34         8    143668    416160     20.49    136412     77516       220

12:41:13        CPU     %user     %nice   %system   %iowait    %steal     %idle
12:41:15        all      0.25      0.00      0.38      0.00      3.65     95.72

12:41:13          tps      rtps      wtps      dtps   bread/s   bwrtn/s   bdscd/s
12:41:15         1.49      0.00      1.49      0.00      0.00     11.94      0.00

12:41:13    kbmemfree   kbavail kbmemused  %memused kbbuffers  kbcached  kbcommit   %commit  kbactive   kbinact   kbdirty
12:41:15      1624848   1651572    128764      6.34         8    143684    416160     20.49    136444     77500       224

12:41:15        CPU     %user     %nice   %system   %iowait    %steal     %idle
12:41:17        all      0.13      0.00      0.13      0.00      1.53     98.21

12:41:15          tps      rtps      wtps      dtps   bread/s   bwrtn/s   bdscd/s
12:41:17         0.00      0.00      0.00      0.00      0.00      0.00      0.00

12:41:15    kbmemfree   kbavail kbmemused  %memused kbbuffers  kbcached  kbcommit   %commit  kbactive   kbinact   kbdirty
12:41:17      1624816   1651544    128792      6.34         8    143688    416160     20.49    136448     77500       236

12:41:17        CPU     %user     %nice   %system   %iowait    %steal     %idle
12:41:19        all      0.13      0.00      0.25      0.00      1.40     98.22

12:41:17          tps      rtps      wtps      dtps   bread/s   bwrtn/s   bdscd/s
12:41:19         0.00      0.00      0.00      0.00      0.00      0.00      0.00

12:41:17    kbmemfree   kbavail kbmemused  %memused kbbuffers  kbcached  kbcommit   %commit  kbactive   kbinact   kbdirty
12:41:19      1624784   1651516    128820      6.34         8    143692    416160     20.49    136452     77500       240

12:41:19        CPU     %user     %nice   %system   %iowait    %steal     %idle
12:41:21        all      0.13      0.00      0.38      0.00      1.02     98.46

12:41:19          tps      rtps      wtps      dtps   bread/s   bwrtn/s   bdscd/s
12:41:21         2.00      0.00      2.00      0.00      0.00     16.00      0.00

12:41:19    kbmemfree   kbavail kbmemused  %memused kbbuffers  kbcached  kbcommit   %commit  kbactive   kbinact   kbdirty
12:41:21      1624784   1651532    128804      6.34         8    143708    416160     20.49    136468     77500       248

12:41:21        CPU     %user     %nice   %system   %iowait    %steal     %idle
12:41:23        all      0.25      0.00      0.38      0.00      3.41     95.96

12:41:21          tps      rtps      wtps      dtps   bread/s   bwrtn/s   bdscd/s
12:41:23         0.00      0.00      0.00      0.00      0.00      0.00      0.00

12:41:21    kbmemfree   kbavail kbmemused  %memused kbbuffers  kbcached  kbcommit   %commit  kbactive   kbinact   kbdirty
12:41:23      1624816   1651564    128772      6.34         8    143708    416160     20.49    136468     77500       252

12:41:23        CPU     %user     %nice   %system   %iowait    %steal     %idle
12:41:25        all      0.26      0.00      0.51      0.00      1.41     97.82

12:41:23          tps      rtps      wtps      dtps   bread/s   bwrtn/s   bdscd/s
12:41:25         1.50      0.00      1.50      0.00      0.00     12.00      0.00

12:41:23    kbmemfree   kbavail kbmemused  %memused kbbuffers  kbcached  kbcommit   %commit  kbactive   kbinact   kbdirty
12:41:25      1624816   1651580    128756      6.34         8    143724    416160     20.49    136500     77484       260

12:41:25        CPU     %user     %nice   %system   %iowait    %steal     %idle
12:41:27        all      0.00      0.00      0.38      0.00      2.40     97.22

12:41:25          tps      rtps      wtps      dtps   bread/s   bwrtn/s   bdscd/s
12:41:27         0.00      0.00      0.00      0.00      0.00      0.00      0.00

12:41:25    kbmemfree   kbavail kbmemused  %memused kbbuffers  kbcached  kbcommit   %commit  kbactive   kbinact   kbdirty
12:41:27      1624784   1651548    128788      6.34         8    143724    416160     20.49    136500     77484       268

12:41:27        CPU     %user     %nice   %system   %iowait    %steal     %idle
12:41:29        all      0.13      0.00      0.38      0.00      1.53     97.96

12:41:27          tps      rtps      wtps      dtps   bread/s   bwrtn/s   bdscd/s
12:41:29         0.00      0.00      0.00      0.00      0.00      0.00      0.00

12:41:27    kbmemfree   kbavail kbmemused  %memused kbbuffers  kbcached  kbcommit   %commit  kbactive   kbinact   kbdirty
12:41:29      1624848   1651612    128724      6.34         8    143724    416160     20.49    136500     77484       268

12:41:29        CPU     %user     %nice   %system   %iowait    %steal     %idle
12:41:31        all      0.13      0.00      0.38      0.00      1.15     98.34

12:41:29          tps      rtps      wtps      dtps   bread/s   bwrtn/s   bdscd/s
12:41:31         1.50      0.00      1.50      0.00      0.00     16.00      0.00

12:41:29    kbmemfree   kbavail kbmemused  %memused kbbuffers  kbcached  kbcommit   %commit  kbactive   kbinact   kbdirty
12:41:31      1624880   1651644    128688      6.34         8    143728    416160     20.49    136500     77484       260

12:41:31        CPU     %user     %nice   %system   %iowait    %steal     %idle
12:41:33        all      0.38      0.00      0.38      0.00      2.02     97.22

12:41:31          tps      rtps      wtps      dtps   bread/s   bwrtn/s   bdscd/s
12:41:33         0.00      0.00      0.00      0.00      0.00      0.00      0.00

12:41:31    kbmemfree   kbavail kbmemused  %memused kbbuffers  kbcached  kbcommit   %commit  kbactive   kbinact   kbdirty
12:41:33      1624848   1651612    128716      6.34         8    143732    416160     20.49    136500     77484       272

12:41:33        CPU     %user     %nice   %system   %iowait    %steal     %idle
12:41:35        all      0.13      0.00      0.76      1.39      2.53     95.18

12:41:33          tps      rtps      wtps      dtps   bread/s   bwrtn/s   bdscd/s
12:41:35        11.50      1.00     10.50      0.00     32.00   2728.00      0.00

12:41:33    kbmemfree   kbavail kbmemused  %memused kbbuffers  kbcached  kbcommit   %commit  kbactive   kbinact   kbdirty
12:41:35      1624028   1651288    129040      6.35         8    144228    416160     20.49    136892     77588        16

12:41:35        CPU     %user     %nice   %system   %iowait    %steal     %idle
12:41:37        all      1.14      0.00      0.51      0.00      2.54     95.81

12:41:35          tps      rtps      wtps      dtps   bread/s   bwrtn/s   bdscd/s
12:41:37         0.00      0.00      0.00      0.00      0.00      0.00      0.00

12:41:35    kbmemfree   kbavail kbmemused  %memused kbbuffers  kbcached  kbcommit   %commit  kbactive   kbinact   kbdirty
12:41:37      1624060   1651320    129008      6.35         8    144228    416160     20.49    136892     77588        16

12:41:37        CPU     %user     %nice   %system   %iowait    %steal     %idle
12:41:39        all      0.38      0.00      0.25      0.00      4.05     95.32

12:41:37          tps      rtps      wtps      dtps   bread/s   bwrtn/s   bdscd/s
12:41:39         0.00      0.00      0.00      0.00      0.00      0.00      0.00

12:41:37    kbmemfree   kbavail kbmemused  %memused kbbuffers  kbcached  kbcommit   %commit  kbactive   kbinact   kbdirty
12:41:39      1624092   1651352    128976      6.35         8    144228    416160     20.49    136892     77588        16

12:41:39        CPU     %user     %nice   %system   %iowait    %steal     %idle
12:41:41        all      0.25      0.00      0.89      0.00      2.42     96.44

12:41:39          tps      rtps      wtps      dtps   bread/s   bwrtn/s   bdscd/s
12:41:41         0.00      0.00      0.00      0.00      0.00      0.00      0.00

12:41:39    kbmemfree   kbavail kbmemused  %memused kbbuffers  kbcached  kbcommit   %commit  kbactive   kbinact   kbdirty
12:41:41      1624092   1651352    128976      6.35         8    144228    416160     20.49    136892     77588        16

12:41:41        CPU     %user     %nice   %system   %iowait    %steal     %idle
12:41:43        all      0.25      0.00      0.63      0.00      4.43     94.68

12:41:41          tps      rtps      wtps      dtps   bread/s   bwrtn/s   bdscd/s
12:41:43         0.00      0.00      0.00      0.00      0.00      0.00      0.00

12:41:41    kbmemfree   kbavail kbmemused  %memused kbbuffers  kbcached  kbcommit   %commit  kbactive   kbinact   kbdirty
12:41:43      1624092   1651352    128976      6.35         8    144228    416160     20.49    136892     77588        16

12:41:43        CPU     %user     %nice   %system   %iowait    %steal     %idle
12:41:45        all      0.00      0.00      0.25      0.00      1.02     98.73

12:41:43          tps      rtps      wtps      dtps   bread/s   bwrtn/s   bdscd/s
12:41:45         0.00      0.00      0.00      0.00      0.00      0.00      0.00

12:41:43    kbmemfree   kbavail kbmemused  %memused kbbuffers  kbcached  kbcommit   %commit  kbactive   kbinact   kbdirty
12:41:45      1624092   1651352    128976      6.35         8    144228    416160     20.49    136892     77588        16

12:41:45        CPU     %user     %nice   %system   %iowait    %steal     %idle
12:41:47        all      0.26      0.00      0.38      0.00      0.77     98.60

12:41:45          tps      rtps      wtps      dtps   bread/s   bwrtn/s   bdscd/s
12:41:47         0.00      0.00      0.00      0.00      0.00      0.00      0.00

12:41:45    kbmemfree   kbavail kbmemused  %memused kbbuffers  kbcached  kbcommit   %commit  kbactive   kbinact   kbdirty
12:41:47      1624092   1651352    128968      6.35         8    144236    416160     20.49    136892     77588        24

12:41:47        CPU     %user     %nice   %system   %iowait    %steal     %idle
12:41:49        all      0.25      0.00      0.63      0.00      1.39     97.73

12:41:47          tps      rtps      wtps      dtps   bread/s   bwrtn/s   bdscd/s
12:41:49         0.00      0.00      0.00      0.00      0.00      0.00      0.00

12:41:47    kbmemfree   kbavail kbmemused  %memused kbbuffers  kbcached  kbcommit   %commit  kbactive   kbinact   kbdirty
12:41:49      1624092   1651352    128968      6.35         8    144236    416160     20.49    136892     77588        24

12:41:49        CPU     %user     %nice   %system   %iowait    %steal     %idle
12:41:51        all      0.25      0.00      0.25      0.00      2.27     97.23

12:41:49          tps      rtps      wtps      dtps   bread/s   bwrtn/s   bdscd/s
12:41:51         0.00      0.00      0.00      0.00      0.00      0.00      0.00

12:41:49    kbmemfree   kbavail kbmemused  %memused kbbuffers  kbcached  kbcommit   %commit  kbactive   kbinact   kbdirty
12:41:51      1624060   1651320    129000      6.35         8    144236    416160     20.49    136892     77588        24

12:41:51        CPU     %user     %nice   %system   %iowait    %steal     %idle
12:41:53        all      0.25      0.00      0.38      0.00      2.27     97.10

12:41:51          tps      rtps      wtps      dtps   bread/s   bwrtn/s   bdscd/s
12:41:53         0.00      0.00      0.00      0.00      0.00      0.00      0.00

12:41:51    kbmemfree   kbavail kbmemused  %memused kbbuffers  kbcached  kbcommit   %commit  kbactive   kbinact   kbdirty
12:41:53      1624060   1651320    129000      6.35         8    144236    416160     20.49    136892     77588        24

12:41:53        CPU     %user     %nice   %system   %iowait    %steal     %idle
12:41:55        all      0.25      0.00      0.38      0.00      3.16     96.20

12:41:53          tps      rtps      wtps      dtps   bread/s   bwrtn/s   bdscd/s
12:41:55         0.00      0.00      0.00      0.00      0.00      0.00      0.00

12:41:53    kbmemfree   kbavail kbmemused  %memused kbbuffers  kbcached  kbcommit   %commit  kbactive   kbinact   kbdirty
12:41:55      1624060   1651320    129000      6.35         8    144236    416160     20.49    136892     77588        24

12:41:55        CPU     %user     %nice   %system   %iowait    %steal     %idle
12:41:57        all      0.50      0.00      0.76      0.00      3.53     95.21

12:41:55          tps      rtps      wtps      dtps   bread/s   bwrtn/s   bdscd/s
12:41:57         0.00      0.00      0.00      0.00      0.00      0.00      0.00

12:41:55    kbmemfree   kbavail kbmemused  %memused kbbuffers  kbcached  kbcommit   %commit  kbactive   kbinact   kbdirty
12:41:57      1624028   1651288    129032      6.35         8    144236    416160     20.49    136892     77588        24

12:41:57        CPU     %user     %nice   %system   %iowait    %steal     %idle
12:41:59        all      0.13      0.00      0.38      0.00      3.53     95.96

12:41:57          tps      rtps      wtps      dtps   bread/s   bwrtn/s   bdscd/s
12:41:59         0.00      0.00      0.00      0.00      0.00      0.00      0.00

12:41:57    kbmemfree   kbavail kbmemused  %memused kbbuffers  kbcached  kbcommit   %commit  kbactive   kbinact   kbdirty
12:41:59      1624092   1651352    128968      6.35         8    144236    416160     20.49    136892     77588        24

12:41:59        CPU     %user     %nice   %system   %iowait    %steal     %idle
12:42:01        all      0.00      0.00      0.64      0.00      2.80     96.57

12:41:59          tps      rtps      wtps      dtps   bread/s   bwrtn/s   bdscd/s
12:42:01         0.50      0.00      0.50      0.00      0.00      4.00      0.00

12:41:59    kbmemfree   kbavail kbmemused  %memused kbbuffers  kbcached  kbcommit   %commit  kbactive   kbinact   kbdirty
12:42:01      1624092   1651448    128868      6.35         8    144336    416160     20.49    136924     77652       120

12:42:01        CPU     %user     %nice   %system   %iowait    %steal     %idle
12:42:03        all      0.00      0.00      0.38      0.00      2.40     97.22

12:42:01          tps      rtps      wtps      dtps   bread/s   bwrtn/s   bdscd/s
12:42:03         0.00      0.00      0.00      0.00      0.00      0.00      0.00

12:42:01    kbmemfree   kbavail kbmemused  %memused kbbuffers  kbcached  kbcommit   %commit  kbactive   kbinact   kbdirty
12:42:03      1624092   1651448    128864      6.35         8    144340    416160     20.49    136924     77652       124

12:42:03        CPU     %user     %nice   %system   %iowait    %steal     %idle
12:42:05        all      0.00      0.00      0.25      0.00      2.15     97.60

12:42:03          tps      rtps      wtps      dtps   bread/s   bwrtn/s   bdscd/s
12:42:05         0.00      0.00      0.00      0.00      0.00      0.00      0.00

12:42:03    kbmemfree   kbavail kbmemused  %memused kbbuffers  kbcached  kbcommit   %commit  kbactive   kbinact   kbdirty
12:42:05      1624092   1651448    128864      6.35         8    144340    416160     20.49    136924     77652       124

12:42:05        CPU     %user     %nice   %system   %iowait    %steal     %idle
12:42:07        all      0.13      0.00      0.25      0.00      4.38     95.24

12:42:05          tps      rtps      wtps      dtps   bread/s   bwrtn/s   bdscd/s
12:42:07         2.00      0.00      2.00      0.00      0.00     28.00      0.00

12:42:05    kbmemfree   kbavail kbmemused  %memused kbbuffers  kbcached  kbcommit   %commit  kbactive   kbinact   kbdirty
12:42:07      1623776   1651244    129068      6.36         8    144452    416160     20.49    137052     77636       208

12:42:07        CPU     %user     %nice   %system   %iowait    %steal     %idle
12:42:09        all      0.13      0.00      0.38      0.00      2.88     96.62

12:42:07          tps      rtps      wtps      dtps   bread/s   bwrtn/s   bdscd/s
12:42:09         0.00      0.00      0.00      0.00      0.00      0.00      0.00

12:42:07    kbmemfree   kbavail kbmemused  %memused kbbuffers  kbcached  kbcommit   %commit  kbactive   kbinact   kbdirty
12:42:09      1623808   1651276    129036      6.35         8    144452    416160     20.49    137052     77636       216

12:42:09        CPU     %user     %nice   %system   %iowait    %steal     %idle
12:42:11        all      0.25      0.00      0.63      0.00      2.52     96.60

12:42:09          tps      rtps      wtps      dtps   bread/s   bwrtn/s   bdscd/s
12:42:11         0.00      0.00      0.00      0.00      0.00      0.00      0.00

12:42:09    kbmemfree   kbavail kbmemused  %memused kbbuffers  kbcached  kbcommit   %commit  kbactive   kbinact   kbdirty
12:42:11      1623808   1651276    129036      6.35         8    144452    416160     20.49    137052     77636       216

12:42:11        CPU     %user     %nice   %system   %iowait    %steal     %idle
12:42:13        all      0.13      0.00      0.00      0.00      1.66     98.22

12:42:11          tps      rtps      wtps      dtps   bread/s   bwrtn/s   bdscd/s
12:42:13         0.00      0.00      0.00      0.00      0.00      0.00      0.00

12:42:11    kbmemfree   kbavail kbmemused  %memused kbbuffers  kbcached  kbcommit   %commit  kbactive   kbinact   kbdirty
12:42:13      1623744   1651212    129100      6.36         8    144452    416160     20.49    137052     77636       220

12:42:13        CPU     %user     %nice   %system   %iowait    %steal     %idle
12:42:15        all      0.13      0.00      0.25      0.00      1.90     97.72

12:42:13          tps      rtps      wtps      dtps   bread/s   bwrtn/s   bdscd/s
12:42:15         0.00      0.00      0.00      0.00      0.00      0.00      0.00

12:42:13    kbmemfree   kbavail kbmemused  %memused kbbuffers  kbcached  kbcommit   %commit  kbactive   kbinact   kbdirty
12:42:15      1623808   1651276    129032      6.35         8    144456    416160     20.49    137052     77636       224

12:42:15        CPU     %user     %nice   %system   %iowait    %steal     %idle
12:42:17        all      0.00      0.00      0.25      0.00      1.90     97.85

12:42:15          tps      rtps      wtps      dtps   bread/s   bwrtn/s   bdscd/s
12:42:17         0.00      0.00      0.00      0.00      0.00      0.00      0.00

12:42:15    kbmemfree   kbavail kbmemused  %memused kbbuffers  kbcached  kbcommit   %commit  kbactive   kbinact   kbdirty
12:42:17      1623808   1651276    129028      6.35         8    144460    416160     20.49    137052     77636       228

12:42:17        CPU     %user     %nice   %system   %iowait    %steal     %idle
12:42:19        all      0.00      0.00      0.25      0.00      1.02     98.73

12:42:17          tps      rtps      wtps      dtps   bread/s   bwrtn/s   bdscd/s
12:42:19         0.00      0.00      0.00      0.00      0.00      0.00      0.00

12:42:17    kbmemfree   kbavail kbmemused  %memused kbbuffers  kbcached  kbcommit   %commit  kbactive   kbinact   kbdirty
12:42:19      1623776   1651244    129060      6.36         8    144460    416160     20.49    137052     77636       228

12:42:19        CPU     %user     %nice   %system   %iowait    %steal     %idle
12:42:21        all      0.25      0.00      0.13      0.00      1.40     98.22

12:42:19          tps      rtps      wtps      dtps   bread/s   bwrtn/s   bdscd/s
12:42:21         0.00      0.00      0.00      0.00      0.00      0.00      0.00

12:42:19    kbmemfree   kbavail kbmemused  %memused kbbuffers  kbcached  kbcommit   %commit  kbactive   kbinact   kbdirty
12:42:21      1623808   1651276    129028      6.35         8    144460    416160     20.49    137052     77636       228

12:42:21        CPU     %user     %nice   %system   %iowait    %steal     %idle
12:42:23        all      0.25      0.00      0.38      0.00      1.02     98.35

12:42:21          tps      rtps      wtps      dtps   bread/s   bwrtn/s   bdscd/s
12:42:23         0.00      0.00      0.00      0.00      0.00      0.00      0.00

12:42:21    kbmemfree   kbavail kbmemused  %memused kbbuffers  kbcached  kbcommit   %commit  kbactive   kbinact   kbdirty
12:42:23      1623808   1651276    129028      6.35         8    144460    416160     20.49    137052     77636       228

12:42:23        CPU     %user     %nice   %system   %iowait    %steal     %idle
12:42:25        all      0.13      0.00      0.13      0.00      1.90     97.85

12:42:23          tps      rtps      wtps      dtps   bread/s   bwrtn/s   bdscd/s
12:42:25         0.00      0.00      0.00      0.00      0.00      0.00      0.00

12:42:23    kbmemfree   kbavail kbmemused  %memused kbbuffers  kbcached  kbcommit   %commit  kbactive   kbinact   kbdirty
12:42:25      1623840   1651308    128996      6.35         8    144460    416160     20.49    137052     77636       228

12:42:25        CPU     %user     %nice   %system   %iowait    %steal     %idle
12:42:27        all      0.26      0.00      0.51      0.00      1.02     98.21

12:42:25          tps      rtps      wtps      dtps   bread/s   bwrtn/s   bdscd/s
12:42:27         0.00      0.00      0.00      0.00      0.00      0.00      0.00

12:42:25    kbmemfree   kbavail kbmemused  %memused kbbuffers  kbcached  kbcommit   %commit  kbactive   kbinact   kbdirty
12:42:27      1623872   1651340    128968      6.35         8    144460    416160     20.49    137052     77636       228

12:42:27        CPU     %user     %nice   %system   %iowait    %steal     %idle
12:42:29        all      0.25      0.00      0.50      0.00      3.14     96.11

12:42:27          tps      rtps      wtps      dtps   bread/s   bwrtn/s   bdscd/s
12:42:29         0.00      0.00      0.00      0.00      0.00      0.00      0.00

12:42:27    kbmemfree   kbavail kbmemused  %memused kbbuffers  kbcached  kbcommit   %commit  kbactive   kbinact   kbdirty
12:42:29      1623872   1651340    128964      6.35         8    144464    416160     20.49    137052     77636       232

12:42:29        CPU     %user     %nice   %system   %iowait    %steal     %idle
12:42:31        all      0.76      0.00      0.88      0.13      3.03     95.20

12:42:29          tps      rtps      wtps      dtps   bread/s   bwrtn/s   bdscd/s
12:42:31        10.50      0.00     10.50      0.00      0.00   2408.00      0.00

12:42:29    kbmemfree   kbavail kbmemused  %memused kbbuffers  kbcached  kbcommit   %commit  kbactive   kbinact   kbdirty
12:42:31      1623556   1651400    128924      6.35         8    144820    416160     20.49    137392     77716        28

12:42:31        CPU     %user     %nice   %system   %iowait    %steal     %idle
12:42:33        all      0.25      0.00      1.00      0.00      5.12     93.63

12:42:31          tps      rtps      wtps      dtps   bread/s   bwrtn/s   bdscd/s
12:42:33         0.00      0.00      0.00      0.00      0.00      0.00      0.00

12:42:31    kbmemfree   kbavail kbmemused  %memused kbbuffers  kbcached  kbcommit   %commit  kbactive   kbinact   kbdirty
12:42:33      1623556   1651400    128924      6.35         8    144820    416160     20.49    137392     77716        28

12:42:33        CPU     %user     %nice   %system   %iowait    %steal     %idle
12:42:35        all      0.13      0.00      0.50      0.00      3.28     96.09

12:42:33          tps      rtps      wtps      dtps   bread/s   bwrtn/s   bdscd/s
12:42:35         0.00      0.00      0.00      0.00      0.00      0.00      0.00

12:42:33    kbmemfree   kbavail kbmemused  %memused kbbuffers  kbcached  kbcommit   %commit  kbactive   kbinact   kbdirty
12:42:35      1623556   1651400    128924      6.35         8    144820    416160     20.49    137392     77716        28

12:42:35        CPU     %user     %nice   %system   %iowait    %steal     %idle
12:42:37        all      0.64      0.00      0.26      0.00      1.03     98.07

12:42:35          tps      rtps      wtps      dtps   bread/s   bwrtn/s   bdscd/s
12:42:37         0.00      0.00      0.00      0.00      0.00      0.00      0.00

12:42:35    kbmemfree   kbavail kbmemused  %memused kbbuffers  kbcached  kbcommit   %commit  kbactive   kbinact   kbdirty
12:42:37      1623588   1651432    128892      6.35         8    144820    416160     20.49    137392     77716        28

12:42:37        CPU     %user     %nice   %system   %iowait    %steal     %idle
12:42:39        all      0.38      0.00      0.26      0.00      0.77     98.59

12:42:37          tps      rtps      wtps      dtps   bread/s   bwrtn/s   bdscd/s
12:42:39         0.00      0.00      0.00      0.00      0.00      0.00      0.00

12:42:37    kbmemfree   kbavail kbmemused  %memused kbbuffers  kbcached  kbcommit   %commit  kbactive   kbinact   kbdirty
12:42:39      1623556   1651400    128924      6.35         8    144820    416160     20.49    137392     77716        28

12:42:39        CPU     %user     %nice   %system   %iowait    %steal     %idle
12:42:41        all      0.00      0.00      0.38      0.00      3.15     96.47

12:42:39          tps      rtps      wtps      dtps   bread/s   bwrtn/s   bdscd/s
12:42:41         1.00      0.00      1.00      0.00      0.00     24.00      0.00

12:42:39    kbmemfree   kbavail kbmemused  %memused kbbuffers  kbcached  kbcommit   %commit  kbactive   kbinact   kbdirty
12:42:41      1623304   1651148    129176      6.36         8    144820    416160     20.49    137392     77716        28

12:42:41        CPU     %user     %nice   %system   %iowait    %steal     %idle
12:42:43        all      0.38      0.00      0.63      0.00      3.38     95.62

12:42:41          tps      rtps      wtps      dtps   bread/s   bwrtn/s   bdscd/s
12:42:43         0.00      0.00      0.00      0.00      0.00      0.00      0.00

12:42:41    kbmemfree   kbavail kbmemused  %memused kbbuffers  kbcached  kbcommit   %commit  kbactive   kbinact   kbdirty
12:42:43      1623336   1651292    129028      6.35         8    144936    416160     20.49    137440     77780       128

12:42:43        CPU     %user     %nice   %system   %iowait    %steal     %idle
12:42:45        all      0.13      0.00      0.13      0.00      2.77     96.98

12:42:43          tps      rtps      wtps      dtps   bread/s   bwrtn/s   bdscd/s
12:42:45         0.00      0.00      0.00      0.00      0.00      0.00      0.00

12:42:43    kbmemfree   kbavail kbmemused  %memused kbbuffers  kbcached  kbcommit   %commit  kbactive   kbinact   kbdirty
12:42:45      1623336   1651292    129024      6.35         8    144940    416160     20.49    137440     77780       132

12:42:45        CPU     %user     %nice   %system   %iowait    %steal     %idle
12:42:47        all      0.13      0.00      0.25      0.00      2.89     96.73

12:42:45          tps      rtps      wtps      dtps   bread/s   bwrtn/s   bdscd/s
12:42:47         0.50      0.00      0.50      0.00      0.00      4.00      0.00

12:42:45    kbmemfree   kbavail kbmemused  %memused kbbuffers  kbcached  kbcommit   %commit  kbactive   kbinact   kbdirty
12:42:47      1623336   1651356    128960      6.35         8    145004    416160     20.49    137472     77812       192

12:42:47        CPU     %user     %nice   %system   %iowait    %steal     %idle
12:42:49        all      0.12      0.00      0.25      0.00      3.22     96.41

12:42:47          tps      rtps      wtps      dtps   bread/s   bwrtn/s   bdscd/s
12:42:49         0.00      0.00      0.00      0.00      0.00      0.00      0.00

12:42:47    kbmemfree   kbavail kbmemused  %memused kbbuffers  kbcached  kbcommit   %commit  kbactive   kbinact   kbdirty
12:42:49      1623304   1651324    128992      6.35         8    145004    416160     20.49    137472     77812       196

12:42:49        CPU     %user     %nice   %system   %iowait    %steal     %idle
12:42:51        all      0.13      0.00      0.38      0.00      0.76     98.73

12:42:49          tps      rtps      wtps      dtps   bread/s   bwrtn/s   bdscd/s
12:42:51         0.00      0.00      0.00      0.00      0.00      0.00      0.00

12:42:49    kbmemfree   kbavail kbmemused  %memused kbbuffers  kbcached  kbcommit   %commit  kbactive   kbinact   kbdirty
12:42:51      1623304   1651324    128992      6.35         8    145004    416160     20.49    137472     77812       196

12:42:51        CPU     %user     %nice   %system   %iowait    %steal     %idle
12:42:53        all      0.13      0.00      0.26      0.00      1.16     98.46

12:42:51          tps      rtps      wtps      dtps   bread/s   bwrtn/s   bdscd/s
12:42:53         0.00      0.00      0.00      0.00      0.00      0.00      0.00

12:42:51    kbmemfree   kbavail kbmemused  %memused kbbuffers  kbcached  kbcommit   %commit  kbactive   kbinact   kbdirty
12:42:53      1623368   1651388    128928      6.35         8    145004    416160     20.49    137472     77812       196

12:42:53        CPU     %user     %nice   %system   %iowait    %steal     %idle
12:42:55        all      0.25      0.00      0.50      0.00      3.01     96.24

12:42:53          tps      rtps      wtps      dtps   bread/s   bwrtn/s   bdscd/s
12:42:55         0.00      0.00      0.00      0.00      0.00      0.00      0.00

12:42:53    kbmemfree   kbavail kbmemused  %memused kbbuffers  kbcached  kbcommit   %commit  kbactive   kbinact   kbdirty
12:42:55      1623272   1651292    129024      6.35         8    145004    416160     20.49    137472     77812       196

12:42:55        CPU     %user     %nice   %system   %iowait    %steal     %idle
12:42:57        all      0.13      0.00      0.25      0.00      3.28     96.34

12:42:55          tps      rtps      wtps      dtps   bread/s   bwrtn/s   bdscd/s
12:42:57         0.00      0.00      0.00      0.00      0.00      0.00      0.00

12:42:55    kbmemfree   kbavail kbmemused  %memused kbbuffers  kbcached  kbcommit   %commit  kbactive   kbinact   kbdirty
12:42:57      1623240   1651260    129056      6.36         8    145004    416160     20.49    137472     77812       196

12:42:57        CPU     %user     %nice   %system   %iowait    %steal     %idle
12:42:59        all      0.13      0.00      0.51      0.00      2.15     97.21

12:42:57          tps      rtps      wtps      dtps   bread/s   bwrtn/s   bdscd/s
12:42:59         0.00      0.00      0.00      0.00      0.00      0.00      0.00

12:42:57    kbmemfree   kbavail kbmemused  %memused kbbuffers  kbcached  kbcommit   %commit  kbactive   kbinact   kbdirty
12:42:59      1623272   1651292    129016      6.35         8    145012    416160     20.49    137472     77812       204

12:42:59        CPU     %user     %nice   %system   %iowait    %steal     %idle
12:43:01        all      0.00      0.00      0.38      0.00      2.90     96.73

12:42:59          tps      rtps      wtps      dtps   bread/s   bwrtn/s   bdscd/s
12:43:01         0.00      0.00      0.00      0.00      0.00      0.00      0.00

12:42:59    kbmemfree   kbavail kbmemused  %memused kbbuffers  kbcached  kbcommit   %commit  kbactive   kbinact   kbdirty
12:43:01      1623272   1651292    129016      6.35         8    145012    416160     20.49    137472     77812       204

12:43:01        CPU     %user     %nice   %system   %iowait    %steal     %idle
12:43:03        all      0.00      0.00      0.51      0.00      1.92     97.57

12:43:01          tps      rtps      wtps      dtps   bread/s   bwrtn/s   bdscd/s
12:43:03         0.00      0.00      0.00      0.00      0.00      0.00      0.00

12:43:01    kbmemfree   kbavail kbmemused  %memused kbbuffers  kbcached  kbcommit   %commit  kbactive   kbinact   kbdirty
12:43:03      1623304   1651324    128984      6.35         8    145012    416160     20.49    137472     77812       204

12:43:03        CPU     %user     %nice   %system   %iowait    %steal     %idle
12:43:05        all      0.13      0.00      0.25      0.00      5.01     94.61

12:43:03          tps      rtps      wtps      dtps   bread/s   bwrtn/s   bdscd/s
12:43:05         0.00      0.00      0.00      0.00      0.00      0.00      0.00

12:43:03    kbmemfree   kbavail kbmemused  %memused kbbuffers  kbcached  kbcommit   %commit  kbactive   kbinact   kbdirty
12:43:05      1623272   1651292    129016      6.35         8    145012    416160     20.49    137472     77812       204

12:43:05        CPU     %user     %nice   %system   %iowait    %steal     %idle
12:43:07        all      0.00      0.00      0.37      0.00      5.28     94.35

12:43:05          tps      rtps      wtps      dtps   bread/s   bwrtn/s   bdscd/s
12:43:07         0.00      0.00      0.00      0.00      0.00      0.00      0.00

12:43:05    kbmemfree   kbavail kbmemused  %memused kbbuffers  kbcached  kbcommit   %commit  kbactive   kbinact   kbdirty
12:43:07      1623272   1651292    129016      6.35         8    145012    416160     20.49    137472     77812       204

12:43:07        CPU     %user     %nice   %system   %iowait    %steal     %idle
12:43:09        all      0.25      0.00      0.38      0.00      3.01     96.37

12:43:07          tps      rtps      wtps      dtps   bread/s   bwrtn/s   bdscd/s
12:43:09         0.00      0.00      0.00      0.00      0.00      0.00      0.00

12:43:07    kbmemfree   kbavail kbmemused  %memused kbbuffers  kbcached  kbcommit   %commit  kbactive   kbinact   kbdirty
12:43:09      1623272   1651292    129016      6.35         8    145012    416160     20.49    137472     77812       204

12:43:09        CPU     %user     %nice   %system   %iowait    %steal     %idle
12:43:11        all      0.25      0.00      0.76      0.00      2.54     96.45

12:43:09          tps      rtps      wtps      dtps   bread/s   bwrtn/s   bdscd/s
12:43:11         0.00      0.00      0.00      0.00      0.00      0.00      0.00

12:43:09    kbmemfree   kbavail kbmemused  %memused kbbuffers  kbcached  kbcommit   %commit  kbactive   kbinact   kbdirty
12:43:11      1623304   1651324    128984      6.35         8    145012    416160     20.49    137472     77812       204

12:43:11        CPU     %user     %nice   %system   %iowait    %steal     %idle
12:43:13        all      0.26      0.00      0.51      0.64      1.28     97.30

12:43:11          tps      rtps      wtps      dtps   bread/s   bwrtn/s   bdscd/s
12:43:13        13.50      1.00     12.50      0.00     32.00   2408.00      0.00

12:43:11    kbmemfree   kbavail kbmemused  %memused kbbuffers  kbcached  kbcommit   %commit  kbactive   kbinact   kbdirty
12:43:13      1623116   1651536    128764      6.34         8    145420    416160     20.49    137888     77796         4

12:43:13        CPU     %user     %nice   %system   %iowait    %steal     %idle
12:43:15        all      0.26      0.00      0.51      0.00      0.77     98.46

12:43:13          tps      rtps      wtps      dtps   bread/s   bwrtn/s   bdscd/s
12:43:15         0.00      0.00      0.00      0.00      0.00      0.00      0.00

12:43:13    kbmemfree   kbavail kbmemused  %memused kbbuffers  kbcached  kbcommit   %commit  kbactive   kbinact   kbdirty
12:43:15      1623084   1651504    128796      6.34         8    145420    416160     20.49    137888     77796        12

12:43:15        CPU     %user     %nice   %system   %iowait    %steal     %idle
12:43:17        all      0.13      0.00      0.76      0.00      1.40     97.71

12:43:15          tps      rtps      wtps      dtps   bread/s   bwrtn/s   bdscd/s
12:43:17         0.00      0.00      0.00      0.00      0.00      0.00      0.00

12:43:15    kbmemfree   kbavail kbmemused  %memused kbbuffers  kbcached  kbcommit   %commit  kbactive   kbinact   kbdirty
12:43:17      1623020   1651440    128860      6.35         8    145420    416160     20.49    137888     77796        12

12:43:17        CPU     %user     %nice   %system   %iowait    %steal     %idle
12:43:19        all      0.12      0.00      0.62      0.00      5.11     94.14

12:43:17          tps      rtps      wtps      dtps   bread/s   bwrtn/s   bdscd/s
12:43:19         0.00      0.00      0.00      0.00      0.00      0.00      0.00

12:43:17    kbmemfree   kbavail kbmemused  %memused kbbuffers  kbcached  kbcommit   %commit  kbactive   kbinact   kbdirty
12:43:19      1623084   1651504    128796      6.34         8    145420    416160     20.49    137888     77796        12

12:43:19        CPU     %user     %nice   %system   %iowait    %steal     %idle
12:43:21        all      0.13      0.00      0.25      0.00      2.03     97.59

12:43:19          tps      rtps      wtps      dtps   bread/s   bwrtn/s   bdscd/s
12:43:21         0.00      0.00      0.00      0.00      0.00      0.00      0.00

12:43:19    kbmemfree   kbavail kbmemused  %memused kbbuffers  kbcached  kbcommit   %commit  kbactive   kbinact   kbdirty
12:43:21      1623052   1651472    128828      6.34         8    145420    416160     20.49    137888     77796        12

12:43:21        CPU     %user     %nice   %system   %iowait    %steal     %idle
12:43:23        all      0.13      0.00      0.63      0.00      4.76     94.49

12:43:21          tps      rtps      wtps      dtps   bread/s   bwrtn/s   bdscd/s
12:43:23         0.50      0.00      0.50      0.00      0.00      4.00      0.00

12:43:21    kbmemfree   kbavail kbmemused  %memused kbbuffers  kbcached  kbcommit   %commit  kbactive   kbinact   kbdirty
12:43:23      1622832   1651348    128952      6.35         8    145516    416160     20.49    137936     77844       108

12:43:23        CPU     %user     %nice   %system   %iowait    %steal     %idle
12:43:25        all      0.36      0.00      0.49      0.00      8.27     90.88

12:43:23          tps      rtps      wtps      dtps   bread/s   bwrtn/s   bdscd/s
12:43:25         0.00      0.00      0.00      0.00      0.00      0.00      0.00

12:43:23    kbmemfree   kbavail kbmemused  %memused kbbuffers  kbcached  kbcommit   %commit  kbactive   kbinact   kbdirty
12:43:25      1622768   1651284    129016      6.35         8    145516    416160     20.49    137936     77844       108

12:43:25        CPU     %user     %nice   %system   %iowait    %steal     %idle
12:43:27        all      0.25      0.00      0.89      0.00      3.68     95.18

12:43:25          tps      rtps      wtps      dtps   bread/s   bwrtn/s   bdscd/s
12:43:27         0.00      0.00      0.00      0.00      0.00      0.00      0.00

12:43:25    kbmemfree   kbavail kbmemused  %memused kbbuffers  kbcached  kbcommit   %commit  kbactive   kbinact   kbdirty
12:43:27      1622768   1651284    129008      6.35         8    145524    416160     20.49    137936     77844       116

12:43:27        CPU     %user     %nice   %system   %iowait    %steal     %idle
12:43:29        all      0.13      0.00      0.25      0.00      3.92     95.70

12:43:27          tps      rtps      wtps      dtps   bread/s   bwrtn/s   bdscd/s
12:43:29         0.00      0.00      0.00      0.00      0.00      0.00      0.00

12:43:27    kbmemfree   kbavail kbmemused  %memused kbbuffers  kbcached  kbcommit   %commit  kbactive   kbinact   kbdirty
12:43:29      1622768   1651284    129004      6.35         8    145528    416160     20.49    137936     77844       120

12:43:29        CPU     %user     %nice   %system   %iowait    %steal     %idle
12:43:31        all      0.76      0.00      0.13      0.00      2.93     96.18

12:43:29          tps      rtps      wtps      dtps   bread/s   bwrtn/s   bdscd/s
12:43:31         0.00      0.00      0.00      0.00      0.00      0.00      0.00

12:43:29    kbmemfree   kbavail kbmemused  %memused kbbuffers  kbcached  kbcommit   %commit  kbactive   kbinact   kbdirty
12:43:31      1622832   1651348    128940      6.35         8    145528    416160     20.49    137936     77844       120

12:43:31        CPU     %user     %nice   %system   %iowait    %steal     %idle
12:43:33        all      0.13      0.00      0.13      0.00      0.64     99.10

12:43:31          tps      rtps      wtps      dtps   bread/s   bwrtn/s   bdscd/s
12:43:33         0.00      0.00      0.00      0.00      0.00      0.00      0.00

12:43:31    kbmemfree   kbavail kbmemused  %memused kbbuffers  kbcached  kbcommit   %commit  kbactive   kbinact   kbdirty
12:43:33      1622832   1651348    128940      6.35         8    145528    416160     20.49    137936     77844       120

12:43:33        CPU     %user     %nice   %system   %iowait    %steal     %idle
12:43:35        all      0.76      0.00      0.63      0.00      2.90     95.71

12:43:33          tps      rtps      wtps      dtps   bread/s   bwrtn/s   bdscd/s
12:43:35         0.00      0.00      0.00      0.00      0.00      0.00      0.00

12:43:33    kbmemfree   kbavail kbmemused  %memused kbbuffers  kbcached  kbcommit   %commit  kbactive   kbinact   kbdirty
12:43:35      1622832   1651348    128940      6.35         8    145528    416160     20.49    137936     77844       120

12:43:35        CPU     %user     %nice   %system   %iowait    %steal     %idle
12:43:37        all      0.25      0.00      0.13      0.00      4.04     95.59

12:43:35          tps      rtps      wtps      dtps   bread/s   bwrtn/s   bdscd/s
12:43:37         0.00      0.00      0.00      0.00      0.00      0.00      0.00

12:43:35    kbmemfree   kbavail kbmemused  %memused kbbuffers  kbcached  kbcommit   %commit  kbactive   kbinact   kbdirty
12:43:37      1622832   1651348    128940      6.35         8    145528    416160     20.49    137936     77844       120

12:43:37        CPU     %user     %nice   %system   %iowait    %steal     %idle
12:43:39        all      0.38      0.00      0.76      0.00      2.77     96.10

12:43:37          tps      rtps      wtps      dtps   bread/s   bwrtn/s   bdscd/s
12:43:39         0.00      0.00      0.00      0.00      0.00      0.00      0.00

12:43:37    kbmemfree   kbavail kbmemused  %memused kbbuffers  kbcached  kbcommit   %commit  kbactive   kbinact   kbdirty
12:43:39      1622832   1651348    128940      6.35         8    145528    416160     20.49    137936     77844       120

12:43:39        CPU     %user     %nice   %system   %iowait    %steal     %idle
12:43:41        all      0.00      0.00      0.25      0.00      2.28     97.47

12:43:39          tps      rtps      wtps      dtps   bread/s   bwrtn/s   bdscd/s
12:43:41         0.00      0.00      0.00      0.00      0.00      0.00      0.00

12:43:39    kbmemfree   kbavail kbmemused  %memused kbbuffers  kbcached  kbcommit   %commit  kbactive   kbinact   kbdirty
12:43:41      1622832   1651348    128936      6.35         8    145532    416160     20.49    137936     77844       124

12:43:41        CPU     %user     %nice   %system   %iowait    %steal     %idle
12:43:43        all      0.50      0.00      0.63      0.00      3.53     95.33

12:43:41          tps      rtps      wtps      dtps   bread/s   bwrtn/s   bdscd/s
12:43:43         0.00      0.00      0.00      0.00      0.00      0.00      0.00

12:43:41    kbmemfree   kbavail kbmemused  %memused kbbuffers  kbcached  kbcommit   %commit  kbactive   kbinact   kbdirty
12:43:43      1622768   1651288    128996      6.35         8    145536    416160     20.49    137940     77844       128

12:43:43        CPU     %user     %nice   %system   %iowait    %steal     %idle
12:43:45        all      0.13      0.00      0.51      0.00      2.05     97.31

12:43:43          tps      rtps      wtps      dtps   bread/s   bwrtn/s   bdscd/s
12:43:45         0.00      0.00      0.00      0.00      0.00      0.00      0.00

12:43:43    kbmemfree   kbavail kbmemused  %memused kbbuffers  kbcached  kbcommit   %commit  kbactive   kbinact   kbdirty
12:43:45      1622800   1651320    128964      6.35         8    145536    416160     20.49    137940     77844       128

12:43:45        CPU     %user     %nice   %system   %iowait    %steal     %idle
12:43:47        all      0.25      0.00      0.25      0.00      2.15     97.34

12:43:45          tps      rtps      wtps      dtps   bread/s   bwrtn/s   bdscd/s
12:43:47         0.00      0.00      0.00      0.00      0.00      0.00      0.00

12:43:45    kbmemfree   kbavail kbmemused  %memused kbbuffers  kbcached  kbcommit   %commit  kbactive   kbinact   kbdirty
12:43:47      1622832   1651352    128932      6.35         8    145536    416160     20.49    137940     77844       128

12:43:47        CPU     %user     %nice   %system   %iowait    %steal     %idle
12:43:49        all      0.25      0.00      0.38      0.00      2.29     97.07

12:43:47          tps      rtps      wtps      dtps   bread/s   bwrtn/s   bdscd/s
12:43:49         1.50      0.00      1.50      0.00      0.00     24.00      0.00

12:43:47    kbmemfree   kbavail kbmemused  %memused kbbuffers  kbcached  kbcommit   %commit  kbactive   kbinact   kbdirty
12:43:49      1622832   1651448    128836      6.34         8    145632    416160     20.49    138036     77844       200

12:43:49        CPU     %user     %nice   %system   %iowait    %steal     %idle
12:43:51        all      0.25      0.00      0.25      0.00      2.67     96.82

12:43:49          tps      rtps      wtps      dtps   bread/s   bwrtn/s   bdscd/s
12:43:51         0.00      0.00      0.00      0.00      0.00      0.00      0.00

12:43:49    kbmemfree   kbavail kbmemused  %memused kbbuffers  kbcached  kbcommit   %commit  kbactive   kbinact   kbdirty
12:43:51      1622800   1651416    128868      6.35         8    145632    416160     20.49    138036     77844       208

12:43:51        CPU     %user     %nice   %system   %iowait    %steal     %idle
12:43:53        all      0.13      0.00      0.51      0.00      2.78     96.59

12:43:51          tps      rtps      wtps      dtps   bread/s   bwrtn/s   bdscd/s
12:43:53         1.00      0.00      1.00      0.00      0.00      8.00      0.00

12:43:51    kbmemfree   kbavail kbmemused  %memused kbbuffers  kbcached  kbcommit   %commit  kbactive   kbinact   kbdirty
12:43:53      1622832   1651448    128836      6.34         8    145632    416160     20.49    138036     77844       208

12:43:53        CPU     %user     %nice   %system   %iowait    %steal     %idle
12:43:55        all      0.13      0.00      0.51      0.38      2.15     96.84

12:43:53          tps      rtps      wtps      dtps   bread/s   bwrtn/s   bdscd/s
12:43:55        11.00      0.50     10.50      0.00     16.00   2504.00      0.00

12:43:53    kbmemfree   kbavail kbmemused  %memused kbbuffers  kbcached  kbcommit   %commit  kbactive   kbinact   kbdirty
12:43:55      1622296   1651344    128936      6.35         8    146068    416160     20.49    138404     77908        16

12:43:55        CPU     %user     %nice   %system   %iowait    %steal     %idle
12:43:57        all      0.25      0.00      0.00      0.00      1.15     98.60

12:43:55          tps      rtps      wtps      dtps   bread/s   bwrtn/s   bdscd/s
12:43:57         0.00      0.00      0.00      0.00      0.00      0.00      0.00

12:43:55    kbmemfree   kbavail kbmemused  %memused kbbuffers  kbcached  kbcommit   %commit  kbactive   kbinact   kbdirty
12:43:57      1622264   1651316    128964      6.35         8    146072    416160     20.49    138408     77908        20

12:43:57        CPU     %user     %nice   %system   %iowait    %steal     %idle
12:43:59        all      0.26      0.00      0.39      0.00      1.29     98.07

12:43:57          tps      rtps      wtps      dtps   bread/s   bwrtn/s   bdscd/s
12:43:59         0.00      0.00      0.00      0.00      0.00      0.00      0.00

12:43:57    kbmemfree   kbavail kbmemused  %memused kbbuffers  kbcached  kbcommit   %commit  kbactive   kbinact   kbdirty
12:43:59      1622328   1651380    128900      6.35         8    146072    416160     20.49    138408     77908        20

12:43:59        CPU     %user     %nice   %system   %iowait    %steal     %idle
12:44:01        all      0.13      0.00      0.51      0.00      1.91     97.46

12:43:59          tps      rtps      wtps      dtps   bread/s   bwrtn/s   bdscd/s
12:44:01         0.00      0.00      0.00      0.00      0.00      0.00      0.00

12:43:59    kbmemfree   kbavail kbmemused  %memused kbbuffers  kbcached  kbcommit   %commit  kbactive   kbinact   kbdirty
12:44:01      1622264   1651316    128964      6.35         8    146072    416160     20.49    138408     77908        20

12:44:01        CPU     %user     %nice   %system   %iowait    %steal     %idle
12:44:03        all      0.13      0.00      0.51      0.00      2.28     97.08

12:44:01          tps      rtps      wtps      dtps   bread/s   bwrtn/s   bdscd/s
12:44:03         0.00      0.00      0.00      0.00      0.00      0.00      0.00

12:44:01    kbmemfree   kbavail kbmemused  %memused kbbuffers  kbcached  kbcommit   %commit  kbactive   kbinact   kbdirty
12:44:03      1622360   1651412    128868      6.35         8    146072    416160     20.49    138408     77908        20

12:44:03        CPU     %user     %nice   %system   %iowait    %steal     %idle
12:44:05        all      0.25      0.00      0.38      0.00      2.93     96.44

12:44:03          tps      rtps      wtps      dtps   bread/s   bwrtn/s   bdscd/s
12:44:05         0.00      0.00      0.00      0.00      0.00      0.00      0.00

12:44:03    kbmemfree   kbavail kbmemused  %memused kbbuffers  kbcached  kbcommit   %commit  kbactive   kbinact   kbdirty
12:44:05      1622296   1651348    128932      6.35         8    146072    416160     20.49    138408     77908        20

12:44:05        CPU     %user     %nice   %system   %iowait    %steal     %idle
12:44:07        all      0.00      0.00      0.25      0.00      1.65     98.10

12:44:05          tps      rtps      wtps      dtps   bread/s   bwrtn/s   bdscd/s
12:44:07         0.00      0.00      0.00      0.00      0.00      0.00      0.00

12:44:05    kbmemfree   kbavail kbmemused  %memused kbbuffers  kbcached  kbcommit   %commit  kbactive   kbinact   kbdirty
12:44:07      1622328   1651380    128900      6.35         8    146072    416160     20.49    138408     77908        20

12:44:07        CPU     %user     %nice   %system   %iowait    %steal     %idle
12:44:09        all      0.13      0.00      0.13      0.00      1.27     98.48

12:44:07          tps      rtps      wtps      dtps   bread/s   bwrtn/s   bdscd/s
12:44:09         0.00      0.00      0.00      0.00      0.00      0.00      0.00

12:44:07    kbmemfree   kbavail kbmemused  %memused kbbuffers  kbcached  kbcommit   %commit  kbactive   kbinact   kbdirty
12:44:09      1622264   1651316    128960      6.35         8    146076    416160     20.49    138408     77908        24

12:44:09        CPU     %user     %nice   %system   %iowait    %steal     %idle
12:44:11        all      0.13      0.00      0.13      0.00      1.64     98.11

12:44:09          tps      rtps      wtps      dtps   bread/s   bwrtn/s   bdscd/s
12:44:11         0.00      0.00      0.00      0.00      0.00      0.00      0.00

12:44:09    kbmemfree   kbavail kbmemused  %memused kbbuffers  kbcached  kbcommit   %commit  kbactive   kbinact   kbdirty
12:44:11      1622328   1651384    128892      6.35         8    146080    416160     20.49    138412     77908        28

12:44:11        CPU     %user     %nice   %system   %iowait    %steal     %idle
12:44:13        all      0.13      0.00      0.13      0.00      1.90     97.85

12:44:11          tps      rtps      wtps      dtps   bread/s   bwrtn/s   bdscd/s
12:44:13         0.00      0.00      0.00      0.00      0.00      0.00      0.00

12:44:11    kbmemfree   kbavail kbmemused  %memused kbbuffers  kbcached  kbcommit   %commit  kbactive   kbinact   kbdirty
12:44:13      1622296   1651352    128924      6.35         8    146080    416160     20.49    138412     77908        28

12:44:13        CPU     %user     %nice   %system   %iowait    %steal     %idle
12:44:15        all      0.13      0.00      0.26      0.00      2.68     96.94

12:44:13          tps      rtps      wtps      dtps   bread/s   bwrtn/s   bdscd/s
12:44:15         0.00      0.00      0.00      0.00      0.00      0.00      0.00

12:44:13    kbmemfree   kbavail kbmemused  %memused kbbuffers  kbcached  kbcommit   %commit  kbactive   kbinact   kbdirty
12:44:15      1622328   1651384    128892      6.35         8    146080    416160     20.49    138412     77908        28

12:44:15        CPU     %user     %nice   %system   %iowait    %steal     %idle
12:44:17        all      0.13      0.00      0.76      0.00      1.52     97.59

12:44:15          tps      rtps      wtps      dtps   bread/s   bwrtn/s   bdscd/s
12:44:17         0.00      0.00      0.00      0.00      0.00      0.00      0.00

12:44:15    kbmemfree   kbavail kbmemused  %memused kbbuffers  kbcached  kbcommit   %commit  kbactive   kbinact   kbdirty
12:44:17      1622328   1651384    128892      6.35         8    146080    416160     20.49    138412     77908        28

12:44:17        CPU     %user     %nice   %system   %iowait    %steal     %idle
12:44:19        all      0.00      0.00      0.00      0.00      1.03     98.97

12:44:17          tps      rtps      wtps      dtps   bread/s   bwrtn/s   bdscd/s
12:44:19         0.00      0.00      0.00      0.00      0.00      0.00      0.00

12:44:17    kbmemfree   kbavail kbmemused  %memused kbbuffers  kbcached  kbcommit   %commit  kbactive   kbinact   kbdirty
12:44:19      1622328   1651384    128892      6.35         8    146080    416160     20.49    138412     77908        28

12:44:19        CPU     %user     %nice   %system   %iowait    %steal     %idle
12:44:21        all      0.13      0.00      0.00      0.00      2.04     97.83

12:44:19          tps      rtps      wtps      dtps   bread/s   bwrtn/s   bdscd/s
12:44:21         0.00      0.00      0.00      0.00      0.00      0.00      0.00

12:44:19    kbmemfree   kbavail kbmemused  %memused kbbuffers  kbcached  kbcommit   %commit  kbactive   kbinact   kbdirty
12:44:21      1622360   1651416    128860      6.35         8    146080    416160     20.49    138412     77908        28

12:44:21        CPU     %user     %nice   %system   %iowait    %steal     %idle
12:44:23        all      0.00      0.00      0.64      0.00      1.40     97.96

12:44:21          tps      rtps      wtps      dtps   bread/s   bwrtn/s   bdscd/s
12:44:23         0.00      0.00      0.00      0.00      0.00      0.00      0.00

12:44:21    kbmemfree   kbavail kbmemused  %memused kbbuffers  kbcached  kbcommit   %commit  kbactive   kbinact   kbdirty
12:44:23      1622264   1651320    128956      6.35         8    146080    416160     20.49    138412     77908        28

12:44:23        CPU     %user     %nice   %system   %iowait    %steal     %idle
12:44:25        all      0.00      0.00      0.00      0.00      2.16     97.84

12:44:23          tps      rtps      wtps      dtps   bread/s   bwrtn/s   bdscd/s
12:44:25         1.50      0.00      1.50      0.00      0.00     36.00      0.00

12:44:23    kbmemfree   kbavail kbmemused  %memused kbbuffers  kbcached  kbcommit   %commit  kbactive   kbinact   kbdirty
12:44:25      1622076   1651312    128960      6.35         8    146264    416160     20.49    138480     78020       176

12:44:25        CPU     %user     %nice   %system   %iowait    %steal     %idle
12:44:27        all      0.00      0.00      0.50      0.00      4.72     94.78

12:44:25          tps      rtps      wtps      dtps   bread/s   bwrtn/s   bdscd/s
12:44:27         0.00      0.00      0.00      0.00      0.00      0.00      0.00

12:44:25    kbmemfree   kbavail kbmemused  %memused kbbuffers  kbcached  kbcommit   %commit  kbactive   kbinact   kbdirty
12:44:27      1622044   1651280    128992      6.35         8    146264    416160     20.49    138480     78020       188

12:44:27        CPU     %user     %nice   %system   %iowait    %steal     %idle
12:44:29        all      0.25      0.00      0.62      0.00      4.98     94.15

12:44:27          tps      rtps      wtps      dtps   bread/s   bwrtn/s   bdscd/s
12:44:29         1.50      0.00      1.50      0.00      0.00     12.00      0.00

12:44:27    kbmemfree   kbavail kbmemused  %memused kbbuffers  kbcached  kbcommit   %commit  kbactive   kbinact   kbdirty
12:44:29      1622044   1651312    128960      6.35         8    146296    416160     20.49    138576     77956       208

12:44:29        CPU     %user     %nice   %system   %iowait    %steal     %idle
12:44:31        all      0.13      0.00      0.25      0.00      3.27     96.35

12:44:29          tps      rtps      wtps      dtps   bread/s   bwrtn/s   bdscd/s
12:44:31         0.00      0.00      0.00      0.00      0.00      0.00      0.00

12:44:29    kbmemfree   kbavail kbmemused  %memused kbbuffers  kbcached  kbcommit   %commit  kbactive   kbinact   kbdirty
12:44:31      1622044   1651312    128960      6.35         8    146296    416160     20.49    138576     77956       216

12:44:31        CPU     %user     %nice   %system   %iowait    %steal     %idle
12:44:33        all      0.51      0.00      0.51      0.00      1.90     97.08

12:44:31          tps      rtps      wtps      dtps   bread/s   bwrtn/s   bdscd/s
12:44:33         0.00      0.00      0.00      0.00      0.00      0.00      0.00

12:44:31    kbmemfree   kbavail kbmemused  %memused kbbuffers  kbcached  kbcommit   %commit  kbactive   kbinact   kbdirty
12:44:33      1622076   1651344    128928      6.35         8    146296    416160     20.49    138576     77956       220

12:44:33        CPU     %user     %nice   %system   %iowait    %steal     %idle
12:44:35        all      0.77      0.00      0.39      0.00      1.41     97.43

12:44:33          tps      rtps      wtps      dtps   bread/s   bwrtn/s   bdscd/s
12:44:35         1.50      0.00      1.50      0.00      0.00     12.00      0.00

12:44:33    kbmemfree   kbavail kbmemused  %memused kbbuffers  kbcached  kbcommit   %commit  kbactive   kbinact   kbdirty
12:44:35      1622012   1651296    128976      6.35         8    146312    416160     20.49    138592     77956       228

12:44:35        CPU     %user     %nice   %system   %iowait    %steal     %idle
12:44:37        all      0.26      0.00      0.51      0.00      0.51     98.72

12:44:35          tps      rtps      wtps      dtps   bread/s   bwrtn/s   bdscd/s
12:44:37         0.00      0.00      0.00      0.00      0.00      0.00      0.00

12:44:35    kbmemfree   kbavail kbmemused  %memused kbbuffers  kbcached  kbcommit   %commit  kbactive   kbinact   kbdirty
12:44:37      1622044   1651328    128944      6.35         8    146312    416160     20.49    138592     77956       236

12:44:37        CPU     %user     %nice   %system   %iowait    %steal     %idle
12:44:39        all      0.38      0.00      0.64      0.00      2.30     96.68

12:44:37          tps      rtps      wtps      dtps   bread/s   bwrtn/s   bdscd/s
12:44:39         2.00      0.00      2.00      0.00      0.00     16.00      0.00

12:44:37    kbmemfree   kbavail kbmemused  %memused kbbuffers  kbcached  kbcommit   %commit  kbactive   kbinact   kbdirty
12:44:39      1622012   1651300    128972      6.35         8    146316    416160     20.49    138596     77956       244

12:44:39        CPU     %user     %nice   %system   %iowait    %steal     %idle
12:44:41        all      0.13      0.00      0.13      0.00      1.91     97.84

12:44:39          tps      rtps      wtps      dtps   bread/s   bwrtn/s   bdscd/s
12:44:41         0.00      0.00      0.00      0.00      0.00      0.00      0.00

12:44:39    kbmemfree   kbavail kbmemused  %memused kbbuffers  kbcached  kbcommit   %commit  kbactive   kbinact   kbdirty
12:44:41      1622012   1651316    128952      6.35         8    146336    416160     20.49    138612     77956       256

12:44:41        CPU     %user     %nice   %system   %iowait    %steal     %idle
12:44:43        all      0.38      0.00      0.13      0.00      1.53     97.96

12:44:41          tps      rtps      wtps      dtps   bread/s   bwrtn/s   bdscd/s
12:44:43         0.00      0.00      0.00      0.00      0.00      0.00      0.00

12:44:41    kbmemfree   kbavail kbmemused  %memused kbbuffers  kbcached  kbcommit   %commit  kbactive   kbinact   kbdirty
12:44:43      1622044   1651348    128920      6.35         8    146336    416160     20.49    138612     77956       256

12:44:43        CPU     %user     %nice   %system   %iowait    %steal     %idle
12:44:45        all      0.13      0.00      0.26      0.00      1.28     98.34

12:44:43          tps      rtps      wtps      dtps   bread/s   bwrtn/s   bdscd/s
12:44:45         2.00      0.00      2.00      0.00      0.00     16.00      0.00

12:44:43    kbmemfree   kbavail kbmemused  %memused kbbuffers  kbcached  kbcommit   %commit  kbactive   kbinact   kbdirty
12:44:45      1622076   1651380    128888      6.35         8    146336    416160     20.49    138612     77956       240

12:44:45        CPU     %user     %nice   %system   %iowait    %steal     %idle
12:44:47        all      0.26      0.00      0.51      0.00      2.42     96.81

12:44:45          tps      rtps      wtps      dtps   bread/s   bwrtn/s   bdscd/s
12:44:47         0.00      0.00      0.00      0.00      0.00      0.00      0.00

12:44:45    kbmemfree   kbavail kbmemused  %memused kbbuffers  kbcached  kbcommit   %commit  kbactive   kbinact   kbdirty
12:44:47      1622012   1651316    128952      6.35         8    146336    416160     20.49    138612     77956       252

12:44:47        CPU     %user     %nice   %system   %iowait    %steal     %idle
12:44:49        all      0.25      0.00      0.63      0.00      2.65     96.46

12:44:47          tps      rtps      wtps      dtps   bread/s   bwrtn/s   bdscd/s
12:44:49         1.50      0.00      1.50      0.00      0.00     12.00      0.00

12:44:47    kbmemfree   kbavail kbmemused  %memused kbbuffers  kbcached  kbcommit   %commit  kbactive   kbinact   kbdirty
12:44:49      1622044   1651348    128920      6.35         8    146336    416160     20.49    138612     77956       252

12:44:49        CPU     %user     %nice   %system   %iowait    %steal     %idle
12:44:51        all      0.00      0.00      0.13      0.00      0.90     98.97

12:44:49          tps      rtps      wtps      dtps   bread/s   bwrtn/s   bdscd/s
12:44:51         0.00      0.00      0.00      0.00      0.00      0.00      0.00

12:44:49    kbmemfree   kbavail kbmemused  %memused kbbuffers  kbcached  kbcommit   %commit  kbactive   kbinact   kbdirty
12:44:51      1622044   1651364    128904      6.35         8    146352    416160     20.49    138644     77940       268

12:44:51        CPU     %user     %nice   %system   %iowait    %steal     %idle
12:44:53        all      0.13      0.00      0.00      0.00      2.04     97.83

12:44:51          tps      rtps      wtps      dtps   bread/s   bwrtn/s   bdscd/s
12:44:53         0.00      0.00      0.00      0.00      0.00      0.00      0.00

12:44:51    kbmemfree   kbavail kbmemused  %memused kbbuffers  kbcached  kbcommit   %commit  kbactive   kbinact   kbdirty
12:44:53      1622076   1651400    128868      6.35         8    146356    416160     20.49    138648     77940       272

12:44:53        CPU     %user     %nice   %system   %iowait    %steal     %idle
12:44:55        all      0.25      0.00      0.50      1.13      3.91     94.20

12:44:53          tps      rtps      wtps      dtps   bread/s   bwrtn/s   bdscd/s
12:44:55        10.50      2.00      8.50      0.00     64.00   2876.00      0.00

12:44:53    kbmemfree   kbavail kbmemused  %memused kbbuffers  kbcached  kbcommit   %commit  kbactive   kbinact   kbdirty
12:44:55      1621540   1651456    128808      6.34         8    146952    416160     20.49    139192     77988         0

12:44:55        CPU     %user     %nice   %system   %iowait    %steal     %idle
12:44:57        all      0.13      0.00      0.26      0.00      2.96     96.66

12:44:55          tps      rtps      wtps      dtps   bread/s   bwrtn/s   bdscd/s
12:44:57         0.00      0.00      0.00      0.00      0.00      0.00      0.00

12:44:55    kbmemfree   kbavail kbmemused  %memused kbbuffers  kbcached  kbcommit   %commit  kbactive   kbinact   kbdirty
12:44:57      1621572   1651488    128776      6.34         8    146952    416160     20.49    139192     77988         8

12:44:57        CPU     %user     %nice   %system   %iowait    %steal     %idle
12:44:59        all      0.13      0.00      0.38      0.00      4.97     94.52

12:44:57          tps      rtps      wtps      dtps   bread/s   bwrtn/s   bdscd/s
12:44:59         0.00      0.00      0.00      0.00      0.00      0.00      0.00

12:44:57    kbmemfree   kbavail kbmemused  %memused kbbuffers  kbcached  kbcommit   %commit  kbactive   kbinact   kbdirty
12:44:59      1621540   1651456    128808      6.34         8    146952    416160     20.49    139192     77988         8

12:44:59        CPU     %user     %nice   %system   %iowait    %steal     %idle
12:45:01        all      0.25      0.00      0.89      0.00      1.91     96.95

12:44:59          tps      rtps      wtps      dtps   bread/s   bwrtn/s   bdscd/s
12:45:01         0.00      0.00      0.00      0.00      0.00      0.00      0.00

12:44:59    kbmemfree   kbavail kbmemused  %memused kbbuffers  kbcached  kbcommit   %commit  kbactive   kbinact   kbdirty
12:45:01      1621500   1651416    128848      6.35         8    146952    418132     20.59    139192     77988         8

12:45:01        CPU     %user     %nice   %system   %iowait    %steal     %idle
12:45:03        all      2.53      0.00      2.02      0.38      5.31     89.76

12:45:01          tps      rtps      wtps      dtps   bread/s   bwrtn/s   bdscd/s
12:45:03         3.50      0.00      3.50      0.00      0.00     72.00      0.00

12:45:01    kbmemfree   kbavail kbmemused  %memused kbbuffers  kbcached  kbcommit   %commit  kbactive   kbinact   kbdirty
12:45:03      1620532   1650608    129696      6.39         8    147068    418132     20.59    139352     77988       280

12:45:03        CPU     %user     %nice   %system   %iowait    %steal     %idle
12:45:05        all      0.13      0.00      0.13      0.00      2.29     97.46

12:45:03          tps      rtps      wtps      dtps   bread/s   bwrtn/s   bdscd/s
12:45:05         0.00      0.00      0.00      0.00      0.00      0.00      0.00

12:45:03    kbmemfree   kbavail kbmemused  %memused kbbuffers  kbcached  kbcommit   %commit  kbactive   kbinact   kbdirty
12:45:05      1620564   1650640    129664      6.39         8    147068    418132     20.59    139352     77988       280

12:45:05        CPU     %user     %nice   %system   %iowait    %steal     %idle
12:45:07        all      0.25      0.00      0.13      0.00      2.92     96.70

12:45:05          tps      rtps      wtps      dtps   bread/s   bwrtn/s   bdscd/s
12:45:07         0.00      0.00      0.00      0.00      0.00      0.00      0.00

12:45:05    kbmemfree   kbavail kbmemused  %memused kbbuffers  kbcached  kbcommit   %commit  kbactive   kbinact   kbdirty
12:45:07      1620500   1650580    129724      6.39         8    147072    418132     20.59    139356     77988       284

12:45:07        CPU     %user     %nice   %system   %iowait    %steal     %idle
12:45:09        all      0.24      0.00      0.48      0.00      4.73     94.55

12:45:07          tps      rtps      wtps      dtps   bread/s   bwrtn/s   bdscd/s
12:45:09         0.00      0.00      0.00      0.00      0.00      0.00      0.00

12:45:07    kbmemfree   kbavail kbmemused  %memused kbbuffers  kbcached  kbcommit   %commit  kbactive   kbinact   kbdirty
12:45:09      1620532   1650612    129688      6.39         8    147076    418132     20.59    139356     77988       288

12:45:09        CPU     %user     %nice   %system   %iowait    %steal     %idle
12:45:11        all      0.25      0.00      0.62      0.00      3.97     95.16

12:45:09          tps      rtps      wtps      dtps   bread/s   bwrtn/s   bdscd/s
12:45:11         0.00      0.00      0.00      0.00      0.00      0.00      0.00

12:45:09    kbmemfree   kbavail kbmemused  %memused kbbuffers  kbcached  kbcommit   %commit  kbactive   kbinact   kbdirty
12:45:11      1620500   1650580    129720      6.39         8    147076    418132     20.59    139356     77988       288

12:45:11        CPU     %user     %nice   %system   %iowait    %steal     %idle
12:45:13        all      0.26      0.00      0.00      0.00      1.28     98.46

12:45:11          tps      rtps      wtps      dtps   bread/s   bwrtn/s   bdscd/s
12:45:13         0.00      0.00      0.00      0.00      0.00      0.00      0.00

12:45:11    kbmemfree   kbavail kbmemused  %memused kbbuffers  kbcached  kbcommit   %commit  kbactive   kbinact   kbdirty
12:45:13      1620532   1650612    129688      6.39         8    147076    418132     20.59    139356     77988       288

12:45:13        CPU     %user     %nice   %system   %iowait    %steal     %idle
12:45:15        all      0.13      0.00      0.38      0.00      1.64     97.85

12:45:13          tps      rtps      wtps      dtps   bread/s   bwrtn/s   bdscd/s
12:45:15         0.00      0.00      0.00      0.00      0.00      0.00      0.00

12:45:13    kbmemfree   kbavail kbmemused  %memused kbbuffers  kbcached  kbcommit   %commit  kbactive   kbinact   kbdirty
12:45:15      1620564   1650644    129656      6.38         8    147076    418132     20.59    139356     77988       288

12:45:15        CPU     %user     %nice   %system   %iowait    %steal     %idle
12:45:17        all      0.25      0.00      0.13      0.00      0.89     98.73

12:45:15          tps      rtps      wtps      dtps   bread/s   bwrtn/s   bdscd/s
12:45:17         0.00      0.00      0.00      0.00      0.00      0.00      0.00

12:45:15    kbmemfree   kbavail kbmemused  %memused kbbuffers  kbcached  kbcommit   %commit  kbactive   kbinact   kbdirty
12:45:17      1620532   1650612    129688      6.39         8    147076    418132     20.59    139356     77988       288

12:45:17        CPU     %user     %nice   %system   %iowait    %steal     %idle
12:45:19        all      0.00      0.00      0.26      0.00      0.13     99.61

12:45:17          tps      rtps      wtps      dtps   bread/s   bwrtn/s   bdscd/s
12:45:19         0.00      0.00      0.00      0.00      0.00      0.00      0.00

12:45:17    kbmemfree   kbavail kbmemused  %memused kbbuffers  kbcached  kbcommit   %commit  kbactive   kbinact   kbdirty
12:45:19      1620532   1650612    129688      6.39         8    147076    418132     20.59    139356     77988       288

Average:        CPU     %user     %nice   %system   %iowait    %steal     %idle
Average:        all      0.22      0.00      0.41      0.03      2.49     96.85

Average:          tps      rtps      wtps      dtps   bread/s   bwrtn/s   bdscd/s
Average:         0.67      0.04      0.63      0.00      1.28    107.20      0.00

Average:    kbmemfree   kbavail kbmemused  %memused kbbuffers  kbcached  kbcommit   %commit  kbactive   kbinact   kbdirty
Average:      1623368   1651354    128951      6.35         8    144979    416291     20.50    137496     77735       134
