Linux 5.4.0-86-generic (flexran) 	12/14/21 	_x86_64_	(4 CPU)

15:19:51        CPU     %user     %nice   %system   %iowait    %steal     %idle
15:19:53        all      0.00      0.00      0.38      0.00      1.78     97.84

15:19:51          tps      rtps      wtps      dtps   bread/s   bwrtn/s   bdscd/s
15:19:53         0.00      0.00      0.00      0.00      0.00      0.00      0.00

15:19:51    kbmemfree   kbavail kbmemused  %memused kbbuffers  kbcached  kbcommit   %commit  kbactive   kbinact   kbdirty
15:19:53      1657864   1658508    126984      6.25         8    111764    415732     20.47    115860     66204       212

15:19:53        CPU     %user     %nice   %system   %iowait    %steal     %idle
15:19:55        all      0.25      0.00      0.25      0.00      1.77     97.72

15:19:53          tps      rtps      wtps      dtps   bread/s   bwrtn/s   bdscd/s
15:19:55         0.00      0.00      0.00      0.00      0.00      0.00      0.00

15:19:53    kbmemfree   kbavail kbmemused  %memused kbbuffers  kbcached  kbcommit   %commit  kbactive   kbinact   kbdirty
15:19:55      1657832   1658476    127016      6.25         8    111764    415732     20.47    115860     66204       212

15:19:55        CPU     %user     %nice   %system   %iowait    %steal     %idle
15:19:57        all      0.13      0.00      0.25      0.00      3.53     96.10

15:19:55          tps      rtps      wtps      dtps   bread/s   bwrtn/s   bdscd/s
15:19:57         0.00      0.00      0.00      0.00      0.00      0.00      0.00

15:19:55    kbmemfree   kbavail kbmemused  %memused kbbuffers  kbcached  kbcommit   %commit  kbactive   kbinact   kbdirty
15:19:57      1657832   1658476    127016      6.25         8    111764    415732     20.47    115860     66204       212

15:19:57        CPU     %user     %nice   %system   %iowait    %steal     %idle
15:19:59        all      0.13      0.00      1.01      0.00      3.16     95.71

15:19:57          tps      rtps      wtps      dtps   bread/s   bwrtn/s   bdscd/s
15:19:59         0.00      0.00      0.00      0.00      0.00      0.00      0.00

15:19:57    kbmemfree   kbavail kbmemused  %memused kbbuffers  kbcached  kbcommit   %commit  kbactive   kbinact   kbdirty
15:19:59      1657832   1658476    127012      6.25         8    111768    415732     20.47    115860     66204       216

15:19:59        CPU     %user     %nice   %system   %iowait    %steal     %idle
15:20:01        all      0.25      0.00      0.38      0.00      2.03     97.34

15:19:59          tps      rtps      wtps      dtps   bread/s   bwrtn/s   bdscd/s
15:20:01         0.00      0.00      0.00      0.00      0.00      0.00      0.00

15:19:59    kbmemfree   kbavail kbmemused  %memused kbbuffers  kbcached  kbcommit   %commit  kbactive   kbinact   kbdirty
15:20:01      1657864   1658508    126980      6.25         8    111768    415732     20.47    115860     66204       216

15:20:01        CPU     %user     %nice   %system   %iowait    %steal     %idle
15:20:03        all      0.13      0.00      0.13      0.00      3.16     96.59

15:20:01          tps      rtps      wtps      dtps   bread/s   bwrtn/s   bdscd/s
15:20:03         0.00      0.00      0.00      0.00      0.00      0.00      0.00

15:20:01    kbmemfree   kbavail kbmemused  %memused kbbuffers  kbcached  kbcommit   %commit  kbactive   kbinact   kbdirty
15:20:03      1657832   1658476    127012      6.25         8    111768    415732     20.47    115860     66204       216

15:20:03        CPU     %user     %nice   %system   %iowait    %steal     %idle
15:20:05        all      0.48      0.00      0.48      0.60      6.88     91.55

15:20:03          tps      rtps      wtps      dtps   bread/s   bwrtn/s   bdscd/s
15:20:05         2.50      0.00      2.50      0.00      0.00     72.00      0.00

15:20:03    kbmemfree   kbavail kbmemused  %memused kbbuffers  kbcached  kbcommit   %commit  kbactive   kbinact   kbdirty
15:20:05      1657864   1658528    126944      6.25         8    111804    415732     20.47    115928     66188       220

15:20:05        CPU     %user     %nice   %system   %iowait    %steal     %idle
15:20:07        all      0.86      0.00      1.85      0.37      8.99     87.93

15:20:05          tps      rtps      wtps      dtps   bread/s   bwrtn/s   bdscd/s
15:20:07         7.00      0.00      7.00      0.00      0.00   1672.00      0.00

15:20:05    kbmemfree   kbavail kbmemused  %memused kbbuffers  kbcached  kbcommit   %commit  kbactive   kbinact   kbdirty
15:20:07      1657580   1658304    126924      6.25         8    112108    415732     20.47    116060     66188        96

15:20:07        CPU     %user     %nice   %system   %iowait    %steal     %idle
15:20:09        all      0.12      0.00      0.61      0.00      6.85     92.41

15:20:07          tps      rtps      wtps      dtps   bread/s   bwrtn/s   bdscd/s
15:20:09         1.00      0.00      1.00      0.00      0.00     16.00      0.00

15:20:07    kbmemfree   kbavail kbmemused  %memused kbbuffers  kbcached  kbcommit   %commit  kbactive   kbinact   kbdirty
15:20:09      1657580   1658400    126888      6.25         8    112144    415732     20.47    116164     66276        96

15:20:09        CPU     %user     %nice   %system   %iowait    %steal     %idle
15:20:11        all      0.38      0.00      0.38      0.00      2.77     96.47

15:20:09          tps      rtps      wtps      dtps   bread/s   bwrtn/s   bdscd/s
15:20:11         0.00      0.00      0.00      0.00      0.00      0.00      0.00

15:20:09    kbmemfree   kbavail kbmemused  %memused kbbuffers  kbcached  kbcommit   %commit  kbactive   kbinact   kbdirty
15:20:11      1657580   1658400    126888      6.25         8    112144    415732     20.47    116164     66276       100

15:20:11        CPU     %user     %nice   %system   %iowait    %steal     %idle
15:20:13        all      1.26      0.00      1.13      0.00      3.27     94.35

15:20:11          tps      rtps      wtps      dtps   bread/s   bwrtn/s   bdscd/s
15:20:13         0.00      0.00      0.00      0.00      0.00      0.00      0.00

15:20:11    kbmemfree   kbavail kbmemused  %memused kbbuffers  kbcached  kbcommit   %commit  kbactive   kbinact   kbdirty
15:20:13      1657612   1658448    126856      6.25         8    112144    415732     20.47    116212     66264       100

15:20:13        CPU     %user     %nice   %system   %iowait    %steal     %idle
15:20:15        all      0.63      0.00      0.88      0.00      2.90     95.59

15:20:13          tps      rtps      wtps      dtps   bread/s   bwrtn/s   bdscd/s
15:20:15         0.00      0.00      0.00      0.00      0.00      0.00      0.00

15:20:13    kbmemfree   kbavail kbmemused  %memused kbbuffers  kbcached  kbcommit   %commit  kbactive   kbinact   kbdirty
15:20:15      1657580   1658416    126888      6.25         8    112144    415732     20.47    116212     66264       100

15:20:15        CPU     %user     %nice   %system   %iowait    %steal     %idle
15:20:17        all      0.12      0.00      0.50      0.00      4.48     94.89

15:20:15          tps      rtps      wtps      dtps   bread/s   bwrtn/s   bdscd/s
15:20:17         0.00      0.00      0.00      0.00      0.00      0.00      0.00

15:20:15    kbmemfree   kbavail kbmemused  %memused kbbuffers  kbcached  kbcommit   %commit  kbactive   kbinact   kbdirty
15:20:17      1657580   1658416    126888      6.25         8    112144    415732     20.47    116212     66264       100

15:20:17        CPU     %user     %nice   %system   %iowait    %steal     %idle
15:20:19        all      0.37      0.00      0.37      1.98      5.19     92.09

15:20:17          tps      rtps      wtps      dtps   bread/s   bwrtn/s   bdscd/s
15:20:19         1.00      0.00      1.00      0.00      0.00      8.00      0.00

15:20:17    kbmemfree   kbavail kbmemused  %memused kbbuffers  kbcached  kbcommit   %commit  kbactive   kbinact   kbdirty
15:20:19      1657392   1658260    127012      6.25         8    112208    415732     20.47    116212     66324       140

15:20:19        CPU     %user     %nice   %system   %iowait    %steal     %idle
15:20:21        all      0.51      0.00      0.25      9.13      2.66     87.45

15:20:19          tps      rtps      wtps      dtps   bread/s   bwrtn/s   bdscd/s
15:20:21         1.00      1.00      0.00      0.00     32.00      0.00      0.00

15:20:19    kbmemfree   kbavail kbmemused  %memused kbbuffers  kbcached  kbcommit   %commit  kbactive   kbinact   kbdirty
15:20:21      1656848   1657748    127492      6.28         8    112272    415732     20.47    116228     66376       188

15:20:21        CPU     %user     %nice   %system   %iowait    %steal     %idle
15:20:23        all      0.38      0.00      0.51      0.00      1.91     97.19

15:20:21          tps      rtps      wtps      dtps   bread/s   bwrtn/s   bdscd/s
15:20:23         0.00      0.00      0.00      0.00      0.00      0.00      0.00

15:20:21    kbmemfree   kbavail kbmemused  %memused kbbuffers  kbcached  kbcommit   %commit  kbactive   kbinact   kbdirty
15:20:23      1657360   1658260    126972      6.25         8    112280    415732     20.47    116228     66376       200

15:20:23        CPU     %user     %nice   %system   %iowait    %steal     %idle
15:20:25        all      0.13      0.00      0.26      0.00      0.77     98.85

15:20:23          tps      rtps      wtps      dtps   bread/s   bwrtn/s   bdscd/s
15:20:25         0.50      0.00      0.50      0.00      0.00     12.00      0.00

15:20:23    kbmemfree   kbavail kbmemused  %memused kbbuffers  kbcached  kbcommit   %commit  kbactive   kbinact   kbdirty
15:20:25      1657360   1658268    126956      6.25         8    112296    415732     20.47    116228     66392       204

15:20:25        CPU     %user     %nice   %system   %iowait    %steal     %idle
15:20:27        all      0.26      0.00      0.51      0.00      1.15     98.08

15:20:25          tps      rtps      wtps      dtps   bread/s   bwrtn/s   bdscd/s
15:20:27         0.00      0.00      0.00      0.00      0.00      0.00      0.00

15:20:25    kbmemfree   kbavail kbmemused  %memused kbbuffers  kbcached  kbcommit   %commit  kbactive   kbinact   kbdirty
15:20:27      1657296   1658204    127020      6.26         8    112296    415732     20.47    116228     66392       208

15:20:27        CPU     %user     %nice   %system   %iowait    %steal     %idle
15:20:29        all      0.25      0.00      0.50      0.00      3.77     95.48

15:20:27          tps      rtps      wtps      dtps   bread/s   bwrtn/s   bdscd/s
15:20:29         0.00      0.00      0.00      0.00      0.00      0.00      0.00

15:20:27    kbmemfree   kbavail kbmemused  %memused kbbuffers  kbcached  kbcommit   %commit  kbactive   kbinact   kbdirty
15:20:29      1657296   1658204    127020      6.26         8    112296    415732     20.47    116228     66392       208

15:20:29        CPU     %user     %nice   %system   %iowait    %steal     %idle
15:20:31        all      0.13      0.00      0.38      0.00      1.66     97.83

15:20:29          tps      rtps      wtps      dtps   bread/s   bwrtn/s   bdscd/s
15:20:31         0.00      0.00      0.00      0.00      0.00      0.00      0.00

15:20:29    kbmemfree   kbavail kbmemused  %memused kbbuffers  kbcached  kbcommit   %commit  kbactive   kbinact   kbdirty
15:20:31      1657296   1658204    127020      6.26         8    112296    415732     20.47    116228     66392       208

15:20:31        CPU     %user     %nice   %system   %iowait    %steal     %idle
15:20:33        all      0.38      0.00      0.13      0.00      2.39     97.11

15:20:31          tps      rtps      wtps      dtps   bread/s   bwrtn/s   bdscd/s
15:20:33         0.00      0.00      0.00      0.00      0.00      0.00      0.00

15:20:31    kbmemfree   kbavail kbmemused  %memused kbbuffers  kbcached  kbcommit   %commit  kbactive   kbinact   kbdirty
15:20:33      1657328   1658236    126988      6.25         8    112296    415732     20.47    116228     66392       208

15:20:33        CPU     %user     %nice   %system   %iowait    %steal     %idle
15:20:35        all      0.50      0.00      0.50      0.00      4.65     94.35

15:20:33          tps      rtps      wtps      dtps   bread/s   bwrtn/s   bdscd/s
15:20:35         0.00      0.00      0.00      0.00      0.00      0.00      0.00

15:20:33    kbmemfree   kbavail kbmemused  %memused kbbuffers  kbcached  kbcommit   %commit  kbactive   kbinact   kbdirty
15:20:35      1657296   1658208    127016      6.25         8    112300    415732     20.47    116232     66392       212

15:20:35        CPU     %user     %nice   %system   %iowait    %steal     %idle
15:20:37        all      0.00      0.00      0.26      0.00      0.77     98.97

15:20:35          tps      rtps      wtps      dtps   bread/s   bwrtn/s   bdscd/s
15:20:37         0.00      0.00      0.00      0.00      0.00      0.00      0.00

15:20:35    kbmemfree   kbavail kbmemused  %memused kbbuffers  kbcached  kbcommit   %commit  kbactive   kbinact   kbdirty
15:20:37      1657328   1658240    126980      6.25         8    112304    415732     20.47    116232     66392       216

15:20:37        CPU     %user     %nice   %system   %iowait    %steal     %idle
15:20:39        all      0.26      0.00      0.38      0.00      1.41     97.95

15:20:37          tps      rtps      wtps      dtps   bread/s   bwrtn/s   bdscd/s
15:20:39         0.00      0.00      0.00      0.00      0.00      0.00      0.00

15:20:37    kbmemfree   kbavail kbmemused  %memused kbbuffers  kbcached  kbcommit   %commit  kbactive   kbinact   kbdirty
15:20:39      1657392   1658304    126916      6.25         8    112304    415732     20.47    116232     66392       216

15:20:39        CPU     %user     %nice   %system   %iowait    %steal     %idle
15:20:41        all      0.13      0.00      0.38      0.00      1.15     98.33

15:20:39          tps      rtps      wtps      dtps   bread/s   bwrtn/s   bdscd/s
15:20:41         0.00      0.00      0.00      0.00      0.00      0.00      0.00

15:20:39    kbmemfree   kbavail kbmemused  %memused kbbuffers  kbcached  kbcommit   %commit  kbactive   kbinact   kbdirty
15:20:41      1657296   1658208    127012      6.25         8    112304    415732     20.47    116232     66392       216

15:20:41        CPU     %user     %nice   %system   %iowait    %steal     %idle
15:20:43        all      0.51      0.00      0.51      4.43      3.04     91.52

15:20:41          tps      rtps      wtps      dtps   bread/s   bwrtn/s   bdscd/s
15:20:43         1.50      0.00      1.50      0.00      0.00    576.00      0.00

15:20:41    kbmemfree   kbavail kbmemused  %memused kbbuffers  kbcached  kbcommit   %commit  kbactive   kbinact   kbdirty
15:20:43      1657108   1658144    126836      6.25         8    112668    415732     20.47    116356     66516       588

15:20:43        CPU     %user     %nice   %system   %iowait    %steal     %idle
15:20:45        all      0.25      0.00      0.62     15.44      3.86     79.83

15:20:43          tps      rtps      wtps      dtps   bread/s   bwrtn/s   bdscd/s
15:20:45         6.47      0.00      6.47      0.00      0.00   1420.90      0.00

15:20:43    kbmemfree   kbavail kbmemused  %memused kbbuffers  kbcached  kbcommit   %commit  kbactive   kbinact   kbdirty
15:20:45      1657076   1658188    126832      6.25         8    112704    415732     20.47    116480     66544        96

15:20:45        CPU     %user     %nice   %system   %iowait    %steal     %idle
15:20:47        all      0.37      0.00      0.00      0.00      3.87     95.76

15:20:45          tps      rtps      wtps      dtps   bread/s   bwrtn/s   bdscd/s
15:20:47         0.00      0.00      0.00      0.00      0.00      0.00      0.00

15:20:45    kbmemfree   kbavail kbmemused  %memused kbbuffers  kbcached  kbcommit   %commit  kbactive   kbinact   kbdirty
15:20:47      1657108   1658220    126800      6.24         8    112704    415732     20.47    116480     66544        96

15:20:47        CPU     %user     %nice   %system   %iowait    %steal     %idle
15:20:49        all      0.00      0.00      0.51      0.00      2.40     97.10

15:20:47          tps      rtps      wtps      dtps   bread/s   bwrtn/s   bdscd/s
15:20:49         0.00      0.00      0.00      0.00      0.00      0.00      0.00

15:20:47    kbmemfree   kbavail kbmemused  %memused kbbuffers  kbcached  kbcommit   %commit  kbactive   kbinact   kbdirty
15:20:49      1657044   1658156    126860      6.25         8    112708    415732     20.47    116500     66528       100

15:20:49        CPU     %user     %nice   %system   %iowait    %steal     %idle
15:20:51        all      0.00      0.00      0.13      0.00      0.90     98.98

15:20:49          tps      rtps      wtps      dtps   bread/s   bwrtn/s   bdscd/s
15:20:51         0.00      0.00      0.00      0.00      0.00      0.00      0.00

15:20:49    kbmemfree   kbavail kbmemused  %memused kbbuffers  kbcached  kbcommit   %commit  kbactive   kbinact   kbdirty
15:20:51      1657044   1658160    126856      6.25         8    112712    415732     20.47    116520     66512       104

15:20:51        CPU     %user     %nice   %system   %iowait    %steal     %idle
15:20:53        all      0.51      0.00      0.25      0.00      2.15     97.08

15:20:51          tps      rtps      wtps      dtps   bread/s   bwrtn/s   bdscd/s
15:20:53         0.00      0.00      0.00      0.00      0.00      0.00      0.00

15:20:51    kbmemfree   kbavail kbmemused  %memused kbbuffers  kbcached  kbcommit   %commit  kbactive   kbinact   kbdirty
15:20:53      1657076   1658192    126824      6.25         8    112712    415732     20.47    116520     66512       104

15:20:53        CPU     %user     %nice   %system   %iowait    %steal     %idle
15:20:55        all      0.12      0.00      0.50      0.00      4.10     95.28

15:20:53          tps      rtps      wtps      dtps   bread/s   bwrtn/s   bdscd/s
15:20:55         0.50      0.00      0.50      0.00      0.00      4.00      0.00

15:20:53    kbmemfree   kbavail kbmemused  %memused kbbuffers  kbcached  kbcommit   %commit  kbactive   kbinact   kbdirty
15:20:55      1656856   1658004    126980      6.25         8    112776    415732     20.47    116552     66544       164

15:20:55        CPU     %user     %nice   %system   %iowait    %steal     %idle
15:20:57        all      0.13      0.00      0.50      0.00      3.38     95.99

15:20:55          tps      rtps      wtps      dtps   bread/s   bwrtn/s   bdscd/s
15:20:57         0.00      0.00      0.00      0.00      0.00      0.00      0.00

15:20:55    kbmemfree   kbavail kbmemused  %memused kbbuffers  kbcached  kbcommit   %commit  kbactive   kbinact   kbdirty
15:20:57      1656856   1658004    126980      6.25         8    112776    415732     20.47    116552     66544       164

15:20:57        CPU     %user     %nice   %system   %iowait    %steal     %idle
15:20:59        all      0.00      0.00      0.38      0.00      2.02     97.60

15:20:57          tps      rtps      wtps      dtps   bread/s   bwrtn/s   bdscd/s
15:20:59         0.00      0.00      0.00      0.00      0.00      0.00      0.00

15:20:57    kbmemfree   kbavail kbmemused  %memused kbbuffers  kbcached  kbcommit   %commit  kbactive   kbinact   kbdirty
15:20:59      1656760   1657908    127076      6.26         8    112776    415732     20.47    116552     66544       164

15:20:59        CPU     %user     %nice   %system   %iowait    %steal     %idle
15:21:01        all      0.13      0.00      0.25      0.00      2.15     97.47

15:20:59          tps      rtps      wtps      dtps   bread/s   bwrtn/s   bdscd/s
15:21:01         1.00      0.00      1.00      0.00      0.00     12.00      0.00

15:20:59    kbmemfree   kbavail kbmemused  %memused kbbuffers  kbcached  kbcommit   %commit  kbactive   kbinact   kbdirty
15:21:01      1656856   1658012    126964      6.25         8    112792    415732     20.47    116572     66544       172

15:21:01        CPU     %user     %nice   %system   %iowait    %steal     %idle
15:21:03        all      0.13      0.00      0.13      0.00      1.40     98.35

15:21:01          tps      rtps      wtps      dtps   bread/s   bwrtn/s   bdscd/s
15:21:03         0.00      0.00      0.00      0.00      0.00      0.00      0.00

15:21:01    kbmemfree   kbavail kbmemused  %memused kbbuffers  kbcached  kbcommit   %commit  kbactive   kbinact   kbdirty
15:21:03      1656856   1658016    126960      6.25         8    112796    415732     20.47    116576     66544       180

15:21:03        CPU     %user     %nice   %system   %iowait    %steal     %idle
15:21:05        all      0.13      0.00      0.13      0.00      1.27     98.48

15:21:03          tps      rtps      wtps      dtps   bread/s   bwrtn/s   bdscd/s
15:21:05         0.00      0.00      0.00      0.00      0.00      0.00      0.00

15:21:03    kbmemfree   kbavail kbmemused  %memused kbbuffers  kbcached  kbcommit   %commit  kbactive   kbinact   kbdirty
15:21:05      1656824   1657984    126988      6.25         8    112800    415732     20.47    116580     66544       184

15:21:05        CPU     %user     %nice   %system   %iowait    %steal     %idle
15:21:07        all      0.25      0.00      0.37      0.00      4.23     95.15

15:21:05          tps      rtps      wtps      dtps   bread/s   bwrtn/s   bdscd/s
15:21:07         0.00      0.00      0.00      0.00      0.00      0.00      0.00

15:21:05    kbmemfree   kbavail kbmemused  %memused kbbuffers  kbcached  kbcommit   %commit  kbactive   kbinact   kbdirty
15:21:07      1656792   1657952    127020      6.26         8    112800    415732     20.47    116580     66544       184

15:21:07        CPU     %user     %nice   %system   %iowait    %steal     %idle
15:21:09        all      0.00      0.00      0.13      0.00      1.53     98.34

15:21:07          tps      rtps      wtps      dtps   bread/s   bwrtn/s   bdscd/s
15:21:09         0.00      0.00      0.00      0.00      0.00      0.00      0.00

15:21:07    kbmemfree   kbavail kbmemused  %memused kbbuffers  kbcached  kbcommit   %commit  kbactive   kbinact   kbdirty
15:21:09      1656824   1657984    126988      6.25         8    112800    415732     20.47    116580     66544       184

15:21:09        CPU     %user     %nice   %system   %iowait    %steal     %idle
15:21:11        all      0.50      0.00      0.00      0.00      4.02     95.48

15:21:09          tps      rtps      wtps      dtps   bread/s   bwrtn/s   bdscd/s
15:21:11         0.00      0.00      0.00      0.00      0.00      0.00      0.00

15:21:09    kbmemfree   kbavail kbmemused  %memused kbbuffers  kbcached  kbcommit   %commit  kbactive   kbinact   kbdirty
15:21:11      1656792   1657952    127020      6.26         8    112800    415732     20.47    116580     66544       184

15:21:11        CPU     %user     %nice   %system   %iowait    %steal     %idle
15:21:13        all      0.50      0.00      0.88      0.00      4.13     94.49

15:21:11          tps      rtps      wtps      dtps   bread/s   bwrtn/s   bdscd/s
15:21:13         0.00      0.00      0.00      0.00      0.00      0.00      0.00

15:21:11    kbmemfree   kbavail kbmemused  %memused kbbuffers  kbcached  kbcommit   %commit  kbactive   kbinact   kbdirty
15:21:13      1656856   1658016    126956      6.25         8    112800    415732     20.47    116580     66544       184

15:21:13        CPU     %user     %nice   %system   %iowait    %steal     %idle
15:21:15        all      0.13      0.00      0.88      3.53      2.27     93.19

15:21:13          tps      rtps      wtps      dtps   bread/s   bwrtn/s   bdscd/s
15:21:15         6.47      0.00      6.47      0.00      0.00   1727.36      0.00

15:21:13    kbmemfree   kbavail kbmemused  %memused kbbuffers  kbcached  kbcommit   %commit  kbactive   kbinact   kbdirty
15:21:15      1656604   1657876    126984      6.25         8    113024    415732     20.47    116804     66544        24

15:21:15        CPU     %user     %nice   %system   %iowait    %steal     %idle
15:21:17        all      0.38      0.00      0.64      0.00      1.92     97.06

15:21:15          tps      rtps      wtps      dtps   bread/s   bwrtn/s   bdscd/s
15:21:17         0.50      0.00      0.50      0.00      0.00     12.00      0.00

15:21:15    kbmemfree   kbavail kbmemused  %memused kbbuffers  kbcached  kbcommit   %commit  kbactive   kbinact   kbdirty
15:21:17      1656604   1657916    126900      6.25         8    113108    415732     20.47    116836     66592       100

15:21:17        CPU     %user     %nice   %system   %iowait    %steal     %idle
15:21:19        all      0.26      0.00      0.39      0.00      0.64     98.71

15:21:17          tps      rtps      wtps      dtps   bread/s   bwrtn/s   bdscd/s
15:21:19         0.00      0.00      0.00      0.00      0.00      0.00      0.00

15:21:17    kbmemfree   kbavail kbmemused  %memused kbbuffers  kbcached  kbcommit   %commit  kbactive   kbinact   kbdirty
15:21:19      1656604   1657916    126896      6.25         8    113112    415732     20.47    116836     66592       104

15:21:19        CPU     %user     %nice   %system   %iowait    %steal     %idle
15:21:21        all      0.26      0.00      0.38      0.00      1.15     98.21

15:21:19          tps      rtps      wtps      dtps   bread/s   bwrtn/s   bdscd/s
15:21:21         0.00      0.00      0.00      0.00      0.00      0.00      0.00

15:21:19    kbmemfree   kbavail kbmemused  %memused kbbuffers  kbcached  kbcommit   %commit  kbactive   kbinact   kbdirty
15:21:21      1656636   1657948    126864      6.25         8    113112    415732     20.47    116836     66592       104

15:21:21        CPU     %user     %nice   %system   %iowait    %steal     %idle
15:21:23        all      0.25      0.00      0.76      0.00      2.67     96.32

15:21:21          tps      rtps      wtps      dtps   bread/s   bwrtn/s   bdscd/s
15:21:23         0.00      0.00      0.00      0.00      0.00      0.00      0.00

15:21:21    kbmemfree   kbavail kbmemused  %memused kbbuffers  kbcached  kbcommit   %commit  kbactive   kbinact   kbdirty
15:21:23      1656572   1657884    126928      6.25         8    113112    415732     20.47    116836     66592       104

15:21:23        CPU     %user     %nice   %system   %iowait    %steal     %idle
15:21:25        all      0.25      0.00      0.38      0.00      2.40     96.97

15:21:23          tps      rtps      wtps      dtps   bread/s   bwrtn/s   bdscd/s
15:21:25         0.00      0.00      0.00      0.00      0.00      0.00      0.00

15:21:23    kbmemfree   kbavail kbmemused  %memused kbbuffers  kbcached  kbcommit   %commit  kbactive   kbinact   kbdirty
15:21:25      1656604   1657916    126896      6.25         8    113112    415732     20.47    116836     66592       104

15:21:25        CPU     %user     %nice   %system   %iowait    %steal     %idle
15:21:27        all      0.76      0.00      0.38      0.00      1.40     97.45

15:21:25          tps      rtps      wtps      dtps   bread/s   bwrtn/s   bdscd/s
15:21:27         0.00      0.00      0.00      0.00      0.00      0.00      0.00

15:21:25    kbmemfree   kbavail kbmemused  %memused kbbuffers  kbcached  kbcommit   %commit  kbactive   kbinact   kbdirty
15:21:27      1656572   1657884    126928      6.25         8    113112    415732     20.47    116836     66592       104

15:21:27        CPU     %user     %nice   %system   %iowait    %steal     %idle
15:21:29        all      0.25      0.00      0.25      0.00      2.90     96.60

15:21:27          tps      rtps      wtps      dtps   bread/s   bwrtn/s   bdscd/s
15:21:29         0.00      0.00      0.00      0.00      0.00      0.00      0.00

15:21:27    kbmemfree   kbavail kbmemused  %memused kbbuffers  kbcached  kbcommit   %commit  kbactive   kbinact   kbdirty
15:21:29      1656572   1657884    126928      6.25         8    113112    415732     20.47    116836     66592       104

15:21:29        CPU     %user     %nice   %system   %iowait    %steal     %idle
15:21:31        all      0.13      0.00      0.13      0.00      1.65     98.09

15:21:29          tps      rtps      wtps      dtps   bread/s   bwrtn/s   bdscd/s
15:21:31         0.50      0.00      0.50      0.00      0.00      4.00      0.00

15:21:29    kbmemfree   kbavail kbmemused  %memused kbbuffers  kbcached  kbcommit   %commit  kbactive   kbinact   kbdirty
15:21:31      1656352   1657664    127148      6.26         8    113112    415732     20.47    116836     66592       104

15:21:31        CPU     %user     %nice   %system   %iowait    %steal     %idle
15:21:33        all      0.51      0.00      0.25      0.00      2.16     97.08

15:21:31          tps      rtps      wtps      dtps   bread/s   bwrtn/s   bdscd/s
15:21:33         0.00      0.00      0.00      0.00      0.00      0.00      0.00

15:21:31    kbmemfree   kbavail kbmemused  %memused kbbuffers  kbcached  kbcommit   %commit  kbactive   kbinact   kbdirty
15:21:33      1656352   1657692    127092      6.26         8    113168    415732     20.47    116856     66624       172

15:21:33        CPU     %user     %nice   %system   %iowait    %steal     %idle
15:21:35        all      0.00      0.00      0.00      0.00      1.53     98.47

15:21:33          tps      rtps      wtps      dtps   bread/s   bwrtn/s   bdscd/s
15:21:35         0.00      0.00      0.00      0.00      0.00      0.00      0.00

15:21:33    kbmemfree   kbavail kbmemused  %memused kbbuffers  kbcached  kbcommit   %commit  kbactive   kbinact   kbdirty
15:21:35      1656384   1657724    127056      6.26         8    113172    415732     20.47    116856     66624       176

15:21:35        CPU     %user     %nice   %system   %iowait    %steal     %idle
15:21:37        all      0.00      0.00      0.13      0.00      0.39     99.49

15:21:35          tps      rtps      wtps      dtps   bread/s   bwrtn/s   bdscd/s
15:21:37         0.50      0.00      0.50      0.00      0.00     16.00      0.00

15:21:35    kbmemfree   kbavail kbmemused  %memused kbbuffers  kbcached  kbcommit   %commit  kbactive   kbinact   kbdirty
15:21:37      1656352   1657700    127080      6.26         8    113180    415732     20.47    116880     66616       176

15:21:37        CPU     %user     %nice   %system   %iowait    %steal     %idle
15:21:39        all      0.13      0.00      0.13      0.00      0.64     99.10

15:21:37          tps      rtps      wtps      dtps   bread/s   bwrtn/s   bdscd/s
15:21:39         0.00      0.00      0.00      0.00      0.00      0.00      0.00

15:21:37    kbmemfree   kbavail kbmemused  %memused kbbuffers  kbcached  kbcommit   %commit  kbactive   kbinact   kbdirty
15:21:39      1656320   1657668    127112      6.26         8    113180    415732     20.47    116880     66616       180

15:21:39        CPU     %user     %nice   %system   %iowait    %steal     %idle
15:21:41        all      0.00      0.00      0.13      0.00      0.26     99.62

15:21:39          tps      rtps      wtps      dtps   bread/s   bwrtn/s   bdscd/s
15:21:41         0.00      0.00      0.00      0.00      0.00      0.00      0.00

15:21:39    kbmemfree   kbavail kbmemused  %memused kbbuffers  kbcached  kbcommit   %commit  kbactive   kbinact   kbdirty
15:21:41      1656320   1657668    127112      6.26         8    113180    415732     20.47    116880     66616       180

15:21:41        CPU     %user     %nice   %system   %iowait    %steal     %idle
15:21:43        all      0.51      0.00      0.38      0.00      1.52     97.59

15:21:41          tps      rtps      wtps      dtps   bread/s   bwrtn/s   bdscd/s
15:21:43         0.00      0.00      0.00      0.00      0.00      0.00      0.00

15:21:41    kbmemfree   kbavail kbmemused  %memused kbbuffers  kbcached  kbcommit   %commit  kbactive   kbinact   kbdirty
15:21:43      1656384   1657732    127048      6.26         8    113180    415732     20.47    116880     66616       180

15:21:43        CPU     %user     %nice   %system   %iowait    %steal     %idle
15:21:45        all      0.00      0.00      0.00      0.00      1.27     98.73

15:21:43          tps      rtps      wtps      dtps   bread/s   bwrtn/s   bdscd/s
15:21:45         0.00      0.00      0.00      0.00      0.00      0.00      0.00

15:21:43    kbmemfree   kbavail kbmemused  %memused kbbuffers  kbcached  kbcommit   %commit  kbactive   kbinact   kbdirty
15:21:45      1656352   1657700    127080      6.26         8    113180    415732     20.47    116880     66616       180

15:21:45        CPU     %user     %nice   %system   %iowait    %steal     %idle
15:21:47        all      0.13      0.00      0.38      6.82      1.77     90.91

15:21:45          tps      rtps      wtps      dtps   bread/s   bwrtn/s   bdscd/s
15:21:47         5.50      0.00      5.50      0.00      0.00   1736.00      0.00

15:21:45    kbmemfree   kbavail kbmemused  %memused kbbuffers  kbcached  kbcommit   %commit  kbactive   kbinact   kbdirty
15:21:47      1656320   1657780    126888      6.25         8    113404    415732     20.47    117096     66624        20

15:21:47        CPU     %user     %nice   %system   %iowait    %steal     %idle
15:21:49        all      0.25      0.00      0.00      0.00      1.02     98.73

15:21:47          tps      rtps      wtps      dtps   bread/s   bwrtn/s   bdscd/s
15:21:49         0.00      0.00      0.00      0.00      0.00      0.00      0.00

15:21:47    kbmemfree   kbavail kbmemused  %memused kbbuffers  kbcached  kbcommit   %commit  kbactive   kbinact   kbdirty
15:21:49      1656288   1657748    126912      6.25         8    113412    415732     20.47    117096     66624        28

15:21:49        CPU     %user     %nice   %system   %iowait    %steal     %idle
15:21:51        all      0.26      0.00      0.26      0.00      1.28     98.21

15:21:49          tps      rtps      wtps      dtps   bread/s   bwrtn/s   bdscd/s
15:21:51         0.00      0.00      0.00      0.00      0.00      0.00      0.00

15:21:49    kbmemfree   kbavail kbmemused  %memused kbbuffers  kbcached  kbcommit   %commit  kbactive   kbinact   kbdirty
15:21:51      1656384   1657844    126816      6.25         8    113412    415732     20.47    117096     66624        28

15:21:51        CPU     %user     %nice   %system   %iowait    %steal     %idle
15:21:53        all      0.13      0.00      0.13      0.00      2.40     97.35

15:21:51          tps      rtps      wtps      dtps   bread/s   bwrtn/s   bdscd/s
15:21:53         1.00      0.00      1.00      0.00      0.00     16.00      0.00

15:21:51    kbmemfree   kbavail kbmemused  %memused kbbuffers  kbcached  kbcommit   %commit  kbactive   kbinact   kbdirty
15:21:53      1656288   1657788    126832      6.25         8    113492    415732     20.47    117144     66656       108

15:21:53        CPU     %user     %nice   %system   %iowait    %steal     %idle
15:21:55        all      0.13      0.00      0.25      0.00      3.39     96.24

15:21:53          tps      rtps      wtps      dtps   bread/s   bwrtn/s   bdscd/s
15:21:55         0.00      0.00      0.00      0.00      0.00      0.00      0.00

15:21:53    kbmemfree   kbavail kbmemused  %memused kbbuffers  kbcached  kbcommit   %commit  kbactive   kbinact   kbdirty
15:21:55      1656320   1657820    126800      6.24         8    113492    415732     20.47    117144     66656       112

15:21:55        CPU     %user     %nice   %system   %iowait    %steal     %idle
15:21:57        all      0.13      0.00      0.38      0.00      2.53     96.96

15:21:55          tps      rtps      wtps      dtps   bread/s   bwrtn/s   bdscd/s
15:21:57         0.00      0.00      0.00      0.00      0.00      0.00      0.00

15:21:55    kbmemfree   kbavail kbmemused  %memused kbbuffers  kbcached  kbcommit   %commit  kbactive   kbinact   kbdirty
15:21:57      1656320   1657820    126800      6.24         8    113492    415732     20.47    117144     66656       112

15:21:57        CPU     %user     %nice   %system   %iowait    %steal     %idle
15:21:59        all      0.00      0.00      0.00      0.00      1.90     98.10

15:21:57          tps      rtps      wtps      dtps   bread/s   bwrtn/s   bdscd/s
15:21:59         0.00      0.00      0.00      0.00      0.00      0.00      0.00

15:21:57    kbmemfree   kbavail kbmemused  %memused kbbuffers  kbcached  kbcommit   %commit  kbactive   kbinact   kbdirty
15:21:59      1656320   1657820    126800      6.24         8    113492    415732     20.47    117144     66656       112

15:21:59        CPU     %user     %nice   %system   %iowait    %steal     %idle
15:22:01        all      2.63      0.00      2.51      0.00      3.51     91.35

15:21:59          tps      rtps      wtps      dtps   bread/s   bwrtn/s   bdscd/s
15:22:01         0.00      0.00      0.00      0.00      0.00      0.00      0.00

15:21:59    kbmemfree   kbavail kbmemused  %memused kbbuffers  kbcached  kbcommit   %commit  kbactive   kbinact   kbdirty
15:22:01      1656320   1657820    126800      6.24         8    113492    415732     20.47    117144     66656       112

15:22:01        CPU     %user     %nice   %system   %iowait    %steal     %idle
15:22:03        all      0.25      0.00      0.63      0.00      4.65     94.47

15:22:01          tps      rtps      wtps      dtps   bread/s   bwrtn/s   bdscd/s
15:22:03         0.00      0.00      0.00      0.00      0.00      0.00      0.00

15:22:01    kbmemfree   kbavail kbmemused  %memused kbbuffers  kbcached  kbcommit   %commit  kbactive   kbinact   kbdirty
15:22:03      1656100   1657600    127012      6.25         8    113500    415732     20.47    117144     66656       120

15:22:03        CPU     %user     %nice   %system   %iowait    %steal     %idle
15:22:05        all      0.37      0.00      0.62      0.00      6.08     92.93

15:22:03          tps      rtps      wtps      dtps   bread/s   bwrtn/s   bdscd/s
15:22:05         0.00      0.00      0.00      0.00      0.00      0.00      0.00

15:22:03    kbmemfree   kbavail kbmemused  %memused kbbuffers  kbcached  kbcommit   %commit  kbactive   kbinact   kbdirty
15:22:05      1656036   1657536    127076      6.26         8    113500    415732     20.47    117144     66656       120

15:22:05        CPU     %user     %nice   %system   %iowait    %steal     %idle
15:22:07        all      0.13      0.00      0.77      0.00      1.79     97.31

15:22:05          tps      rtps      wtps      dtps   bread/s   bwrtn/s   bdscd/s
15:22:07         0.50      0.00      0.50      0.00      0.00      4.00      0.00

15:22:05    kbmemfree   kbavail kbmemused  %memused kbbuffers  kbcached  kbcommit   %commit  kbactive   kbinact   kbdirty
15:22:07      1655848   1657348    127264      6.27         8    113500    415732     20.47    117144     66656       116

15:22:07        CPU     %user     %nice   %system   %iowait    %steal     %idle
15:22:09        all      0.13      0.00      0.25      0.00      2.03     97.59

15:22:07          tps      rtps      wtps      dtps   bread/s   bwrtn/s   bdscd/s
15:22:09         0.00      0.00      0.00      0.00      0.00      0.00      0.00

15:22:07    kbmemfree   kbavail kbmemused  %memused kbbuffers  kbcached  kbcommit   %commit  kbactive   kbinact   kbdirty
15:22:09      1655816   1657348    127232      6.27         8    113564    415732     20.47    117176     66688       168

15:22:09        CPU     %user     %nice   %system   %iowait    %steal     %idle
15:22:11        all      0.00      0.00      0.38      0.00      3.25     96.38

15:22:09          tps      rtps      wtps      dtps   bread/s   bwrtn/s   bdscd/s
15:22:11         0.00      0.00      0.00      0.00      0.00      0.00      0.00

15:22:09    kbmemfree   kbavail kbmemused  %memused kbbuffers  kbcached  kbcommit   %commit  kbactive   kbinact   kbdirty
15:22:11      1655816   1657348    127228      6.27         8    113568    415732     20.47    117176     66688       172

15:22:11        CPU     %user     %nice   %system   %iowait    %steal     %idle
15:22:13        all      0.13      0.00      0.51      0.00      3.29     96.08

15:22:11          tps      rtps      wtps      dtps   bread/s   bwrtn/s   bdscd/s
15:22:13         0.50      0.00      0.50      0.00      0.00     12.00      0.00

15:22:11    kbmemfree   kbavail kbmemused  %memused kbbuffers  kbcached  kbcommit   %commit  kbactive   kbinact   kbdirty
15:22:13      1655848   1657388    127180      6.26         8    113584    415732     20.47    117176     66704       176

15:22:13        CPU     %user     %nice   %system   %iowait    %steal     %idle
15:22:15        all      0.13      0.00      0.13      0.00      1.40     98.35

15:22:13          tps      rtps      wtps      dtps   bread/s   bwrtn/s   bdscd/s
15:22:15         0.00      0.00      0.00      0.00      0.00      0.00      0.00

15:22:13    kbmemfree   kbavail kbmemused  %memused kbbuffers  kbcached  kbcommit   %commit  kbactive   kbinact   kbdirty
15:22:15      1655848   1657388    127176      6.26         8    113588    415732     20.47    117176     66704       184

15:22:15        CPU     %user     %nice   %system   %iowait    %steal     %idle
15:22:17        all      0.13      0.00      0.50      0.00      2.89     96.48

15:22:15          tps      rtps      wtps      dtps   bread/s   bwrtn/s   bdscd/s
15:22:17         0.00      0.00      0.00      0.00      0.00      0.00      0.00

15:22:15    kbmemfree   kbavail kbmemused  %memused kbbuffers  kbcached  kbcommit   %commit  kbactive   kbinact   kbdirty
15:22:17      1655848   1657388    127172      6.26         8    113592    415732     20.47    117176     66704       188

15:22:17        CPU     %user     %nice   %system   %iowait    %steal     %idle
15:22:19        all      0.38      0.00      0.13      0.00      1.90     97.60

15:22:17          tps      rtps      wtps      dtps   bread/s   bwrtn/s   bdscd/s
15:22:19         0.00      0.00      0.00      0.00      0.00      0.00      0.00

15:22:17    kbmemfree   kbavail kbmemused  %memused kbbuffers  kbcached  kbcommit   %commit  kbactive   kbinact   kbdirty
15:22:19      1655784   1657324    127236      6.27         8    113592    415732     20.47    117176     66704       188

15:22:19        CPU     %user     %nice   %system   %iowait    %steal     %idle
15:22:21        all      0.25      0.00      0.51      0.89      2.41     95.94

15:22:19          tps      rtps      wtps      dtps   bread/s   bwrtn/s   bdscd/s
15:22:21         5.50      0.00      5.50      0.00      0.00   1704.00      0.00

15:22:19    kbmemfree   kbavail kbmemused  %memused kbbuffers  kbcached  kbcommit   %commit  kbactive   kbinact   kbdirty
15:22:21      1655816   1657480    127084      6.26         8    113712    415732     20.47    117300     66828        64

15:22:21        CPU     %user     %nice   %system   %iowait    %steal     %idle
15:22:23        all      0.76      0.00      0.76      0.00      3.28     95.20

15:22:21          tps      rtps      wtps      dtps   bread/s   bwrtn/s   bdscd/s
15:22:23         0.00      0.00      0.00      0.00      0.00      0.00      0.00

15:22:21    kbmemfree   kbavail kbmemused  %memused kbbuffers  kbcached  kbcommit   %commit  kbactive   kbinact   kbdirty
15:22:23      1655816   1657436    127044      6.26         8    113752    415732     20.47    117320     66720        28

15:22:23        CPU     %user     %nice   %system   %iowait    %steal     %idle
15:22:25        all      0.38      0.00      0.13      0.00      2.64     96.85

15:22:23          tps      rtps      wtps      dtps   bread/s   bwrtn/s   bdscd/s
15:22:25         0.00      0.00      0.00      0.00      0.00      0.00      0.00

15:22:23    kbmemfree   kbavail kbmemused  %memused kbbuffers  kbcached  kbcommit   %commit  kbactive   kbinact   kbdirty
15:22:25      1655848   1657468    127012      6.25         8    113752    415732     20.47    117320     66720        28

15:22:25        CPU     %user     %nice   %system   %iowait    %steal     %idle
15:22:27        all      0.51      0.00      0.51      0.00      1.64     97.35

15:22:25          tps      rtps      wtps      dtps   bread/s   bwrtn/s   bdscd/s
15:22:27         0.50      0.00      0.50      0.00      0.00     11.88      0.00

15:22:25    kbmemfree   kbavail kbmemused  %memused kbbuffers  kbcached  kbcommit   %commit  kbactive   kbinact   kbdirty
15:22:27      1655816   1657476    126964      6.25         8    113832    415732     20.47    117348     66776        96

15:22:27        CPU     %user     %nice   %system   %iowait    %steal     %idle
15:22:29        all      0.25      0.00      0.13      0.00      3.26     96.36

15:22:27          tps      rtps      wtps      dtps   bread/s   bwrtn/s   bdscd/s
15:22:29         0.00      0.00      0.00      0.00      0.00      0.00      0.00

15:22:27    kbmemfree   kbavail kbmemused  %memused kbbuffers  kbcached  kbcommit   %commit  kbactive   kbinact   kbdirty
15:22:29      1655880   1657552    126900      6.25         8    113832    415732     20.47    117396     66752        96

15:22:29        CPU     %user     %nice   %system   %iowait    %steal     %idle
15:22:31        all      0.13      0.00      0.38      0.00      1.64     97.86

15:22:29          tps      rtps      wtps      dtps   bread/s   bwrtn/s   bdscd/s
15:22:31         0.00      0.00      0.00      0.00      0.00      0.00      0.00

15:22:29    kbmemfree   kbavail kbmemused  %memused kbbuffers  kbcached  kbcommit   %commit  kbactive   kbinact   kbdirty
15:22:31      1655848   1657520    126924      6.25         8    113840    415732     20.47    117396     66752       108

15:22:31        CPU     %user     %nice   %system   %iowait    %steal     %idle
15:22:33        all      0.77      0.00      0.64      0.00      2.04     96.56

15:22:31          tps      rtps      wtps      dtps   bread/s   bwrtn/s   bdscd/s
15:22:33         0.00      0.00      0.00      0.00      0.00      0.00      0.00

15:22:31    kbmemfree   kbavail kbmemused  %memused kbbuffers  kbcached  kbcommit   %commit  kbactive   kbinact   kbdirty
15:22:33      1655848   1657520    126924      6.25         8    113840    415732     20.47    117396     66752       108

15:22:33        CPU     %user     %nice   %system   %iowait    %steal     %idle
15:22:35        all      0.00      0.00      0.00      0.00      0.77     99.23

15:22:33          tps      rtps      wtps      dtps   bread/s   bwrtn/s   bdscd/s
15:22:35         0.00      0.00      0.00      0.00      0.00      0.00      0.00

15:22:33    kbmemfree   kbavail kbmemused  %memused kbbuffers  kbcached  kbcommit   %commit  kbactive   kbinact   kbdirty
15:22:35      1655848   1657520    126924      6.25         8    113840    415732     20.47    117396     66752       108

15:22:35        CPU     %user     %nice   %system   %iowait    %steal     %idle
15:22:37        all      0.13      0.00      0.00      0.00      0.26     99.61

15:22:35          tps      rtps      wtps      dtps   bread/s   bwrtn/s   bdscd/s
15:22:37         0.00      0.00      0.00      0.00      0.00      0.00      0.00

15:22:35    kbmemfree   kbavail kbmemused  %memused kbbuffers  kbcached  kbcommit   %commit  kbactive   kbinact   kbdirty
15:22:37      1655848   1657520    126924      6.25         8    113840    415732     20.47    117396     66752       108

15:22:37        CPU     %user     %nice   %system   %iowait    %steal     %idle
15:22:39        all      0.00      0.00      0.13      0.00      0.77     99.10

15:22:37          tps      rtps      wtps      dtps   bread/s   bwrtn/s   bdscd/s
15:22:39         0.00      0.00      0.00      0.00      0.00      0.00      0.00

15:22:37    kbmemfree   kbavail kbmemused  %memused kbbuffers  kbcached  kbcommit   %commit  kbactive   kbinact   kbdirty
15:22:39      1655816   1657488    126956      6.25         8    113840    415732     20.47    117396     66752       108

15:22:39        CPU     %user     %nice   %system   %iowait    %steal     %idle
15:22:41        all      0.13      0.00      0.26      0.00      0.77     98.84

15:22:39          tps      rtps      wtps      dtps   bread/s   bwrtn/s   bdscd/s
15:22:41         0.00      0.00      0.00      0.00      0.00      0.00      0.00

15:22:39    kbmemfree   kbavail kbmemused  %memused kbbuffers  kbcached  kbcommit   %commit  kbactive   kbinact   kbdirty
15:22:41      1655816   1657488    126956      6.25         8    113840    415732     20.47    117396     66752       108

15:22:41        CPU     %user     %nice   %system   %iowait    %steal     %idle
15:22:43        all      0.50      0.00      0.50      0.00      1.99     97.01

15:22:41          tps      rtps      wtps      dtps   bread/s   bwrtn/s   bdscd/s
15:22:43         0.99      0.00      0.99      0.00      0.00      7.92      0.00

15:22:41    kbmemfree   kbavail kbmemused  %memused kbbuffers  kbcached  kbcommit   %commit  kbactive   kbinact   kbdirty
15:22:43      1655596   1657320    127092      6.26         8    113924    415732     20.47    117468     66780       184

15:22:43        CPU     %user     %nice   %system   %iowait    %steal     %idle
15:22:45        all      0.00      0.00      0.13      0.00      2.27     97.60

15:22:43          tps      rtps      wtps      dtps   bread/s   bwrtn/s   bdscd/s
15:22:45         0.00      0.00      0.00      0.00      0.00      0.00      0.00

15:22:43    kbmemfree   kbavail kbmemused  %memused kbbuffers  kbcached  kbcommit   %commit  kbactive   kbinact   kbdirty
15:22:45      1655564   1657288    127120      6.26         8    113928    415732     20.47    117468     66780       192

15:22:45        CPU     %user     %nice   %system   %iowait    %steal     %idle
15:22:47        all      0.00      0.00      0.38      0.00      0.51     99.11

15:22:45          tps      rtps      wtps      dtps   bread/s   bwrtn/s   bdscd/s
15:22:47         0.00      0.00      0.00      0.00      0.00      0.00      0.00

15:22:45    kbmemfree   kbavail kbmemused  %memused kbbuffers  kbcached  kbcommit   %commit  kbactive   kbinact   kbdirty
15:22:47      1655564   1657288    127120      6.26         8    113928    415732     20.47    117468     66780       192

15:22:47        CPU     %user     %nice   %system   %iowait    %steal     %idle
15:22:49        all      0.13      0.00      0.00      0.00      1.28     98.60

15:22:47          tps      rtps      wtps      dtps   bread/s   bwrtn/s   bdscd/s
15:22:49         1.00      0.00      1.00      0.00      0.00     16.00      0.00

15:22:47    kbmemfree   kbavail kbmemused  %memused kbbuffers  kbcached  kbcommit   %commit  kbactive   kbinact   kbdirty
15:22:49      1655596   1657320    127072      6.26         8    113944    415732     20.47    117484     66768       192

15:22:49        CPU     %user     %nice   %system   %iowait    %steal     %idle
15:22:51        all      0.13      0.00      0.00      0.00      1.02     98.85

15:22:49          tps      rtps      wtps      dtps   bread/s   bwrtn/s   bdscd/s
15:22:51         0.00      0.00      0.00      0.00      0.00      0.00      0.00

15:22:49    kbmemfree   kbavail kbmemused  %memused kbbuffers  kbcached  kbcommit   %commit  kbactive   kbinact   kbdirty
15:22:51      1655564   1657288    127104      6.26         8    113944    415732     20.47    117484     66768       196

15:22:51        CPU     %user     %nice   %system   %iowait    %steal     %idle
15:22:53        all      0.00      0.00      0.38      0.00      1.15     98.47

15:22:51          tps      rtps      wtps      dtps   bread/s   bwrtn/s   bdscd/s
15:22:53         0.00      0.00      0.00      0.00      0.00      0.00      0.00

15:22:51    kbmemfree   kbavail kbmemused  %memused kbbuffers  kbcached  kbcommit   %commit  kbactive   kbinact   kbdirty
15:22:53      1655596   1657320    127072      6.26         8    113944    415732     20.47    117484     66768       196

15:22:53        CPU     %user     %nice   %system   %iowait    %steal     %idle
15:22:55        all      0.00      0.00      0.64      0.00      1.92     97.44

15:22:53          tps      rtps      wtps      dtps   bread/s   bwrtn/s   bdscd/s
15:22:55         0.00      0.00      0.00      0.00      0.00      0.00      0.00

15:22:53    kbmemfree   kbavail kbmemused  %memused kbbuffers  kbcached  kbcommit   %commit  kbactive   kbinact   kbdirty
15:22:55      1655596   1657320    127072      6.26         8    113944    415732     20.47    117484     66768       196

15:22:55        CPU     %user     %nice   %system   %iowait    %steal     %idle
15:22:57        all      0.13      0.00      0.00      0.00      1.66     98.22

15:22:55          tps      rtps      wtps      dtps   bread/s   bwrtn/s   bdscd/s
15:22:57         0.00      0.00      0.00      0.00      0.00      0.00      0.00

15:22:55    kbmemfree   kbavail kbmemused  %memused kbbuffers  kbcached  kbcommit   %commit  kbactive   kbinact   kbdirty
15:22:57      1655564   1657288    127104      6.26         8    113944    415732     20.47    117484     66768       196

15:22:57        CPU     %user     %nice   %system   %iowait    %steal     %idle
15:22:59        all      0.13      0.00      0.64      6.92      0.64     91.67

15:22:57          tps      rtps      wtps      dtps   bread/s   bwrtn/s   bdscd/s
15:22:59         7.50      0.00      7.50      0.00      0.00   1800.00      0.00

15:22:57    kbmemfree   kbavail kbmemused  %memused kbbuffers  kbcached  kbcommit   %commit  kbactive   kbinact   kbdirty
15:22:59      1655312   1657140    127148      6.26         8    114152    415732     20.47    117692     66768        20

15:22:59        CPU     %user     %nice   %system   %iowait    %steal     %idle
15:23:01        all      0.13      0.00      0.38      0.00      4.05     95.44

15:22:59          tps      rtps      wtps      dtps   bread/s   bwrtn/s   bdscd/s
15:23:01         0.00      0.00      0.00      0.00      0.00      0.00      0.00

15:22:59    kbmemfree   kbavail kbmemused  %memused kbbuffers  kbcached  kbcommit   %commit  kbactive   kbinact   kbdirty
15:23:01      1655312   1657140    127140      6.26         8    114160    415732     20.47    117692     66768        28

15:23:01        CPU     %user     %nice   %system   %iowait    %steal     %idle
15:23:03        all      0.00      0.00      0.26      0.00      2.04     97.70

15:23:01          tps      rtps      wtps      dtps   bread/s   bwrtn/s   bdscd/s
15:23:03         0.50      0.00      0.50      0.00      0.00     16.00      0.00

15:23:01    kbmemfree   kbavail kbmemused  %memused kbbuffers  kbcached  kbcommit   %commit  kbactive   kbinact   kbdirty
15:23:03      1655312   1657188    127060      6.26         8    114240    415732     20.47    117724     66832        92

15:23:03        CPU     %user     %nice   %system   %iowait    %steal     %idle
15:23:05        all      0.13      0.00      0.13      0.00      1.15     98.60

15:23:03          tps      rtps      wtps      dtps   bread/s   bwrtn/s   bdscd/s
15:23:05         0.00      0.00      0.00      0.00      0.00      0.00      0.00

15:23:03    kbmemfree   kbavail kbmemused  %memused kbbuffers  kbcached  kbcommit   %commit  kbactive   kbinact   kbdirty
15:23:05      1655312   1657188    127060      6.26         8    114240    415732     20.47    117724     66832        92

15:23:05        CPU     %user     %nice   %system   %iowait    %steal     %idle
15:23:07        all      0.13      0.00      0.13      0.00      1.52     98.22

15:23:05          tps      rtps      wtps      dtps   bread/s   bwrtn/s   bdscd/s
15:23:07         0.00      0.00      0.00      0.00      0.00      0.00      0.00

15:23:05    kbmemfree   kbavail kbmemused  %memused kbbuffers  kbcached  kbcommit   %commit  kbactive   kbinact   kbdirty
15:23:07      1655344   1657220    127028      6.26         8    114240    415732     20.47    117724     66832        96

15:23:07        CPU     %user     %nice   %system   %iowait    %steal     %idle
15:23:09        all      0.13      0.00      0.63      0.00      2.39     96.86

15:23:07          tps      rtps      wtps      dtps   bread/s   bwrtn/s   bdscd/s
15:23:09         0.00      0.00      0.00      0.00      0.00      0.00      0.00

15:23:07    kbmemfree   kbavail kbmemused  %memused kbbuffers  kbcached  kbcommit   %commit  kbactive   kbinact   kbdirty
15:23:09      1655312   1657188    127060      6.26         8    114240    415732     20.47    117724     66832        96

15:23:09        CPU     %user     %nice   %system   %iowait    %steal     %idle
15:23:11        all      0.13      0.00      0.38      0.00      2.13     97.37

15:23:09          tps      rtps      wtps      dtps   bread/s   bwrtn/s   bdscd/s
15:23:11         0.00      0.00      0.00      0.00      0.00      0.00      0.00

15:23:09    kbmemfree   kbavail kbmemused  %memused kbbuffers  kbcached  kbcommit   %commit  kbactive   kbinact   kbdirty
15:23:11      1655312   1657188    127060      6.26         8    114240    415732     20.47    117724     66832        96

15:23:11        CPU     %user     %nice   %system   %iowait    %steal     %idle
15:23:13        all      0.90      0.00      0.51      0.00      2.05     96.54

15:23:11          tps      rtps      wtps      dtps   bread/s   bwrtn/s   bdscd/s
15:23:13         0.00      0.00      0.00      0.00      0.00      0.00      0.00

15:23:11    kbmemfree   kbavail kbmemused  %memused kbbuffers  kbcached  kbcommit   %commit  kbactive   kbinact   kbdirty
15:23:13      1655344   1657220    127028      6.26         8    114240    415732     20.47    117724     66832        96

15:23:13        CPU     %user     %nice   %system   %iowait    %steal     %idle
15:23:15        all      0.51      0.00      0.38      0.00      3.16     95.95

15:23:13          tps      rtps      wtps      dtps   bread/s   bwrtn/s   bdscd/s
15:23:15         0.00      0.00      0.00      0.00      0.00      0.00      0.00

15:23:13    kbmemfree   kbavail kbmemused  %memused kbbuffers  kbcached  kbcommit   %commit  kbactive   kbinact   kbdirty
15:23:15      1655312   1657188    127052      6.26         8    114248    415732     20.47    117724     66832       104

15:23:15        CPU     %user     %nice   %system   %iowait    %steal     %idle
15:23:17        all      0.13      0.00      0.13      0.00      0.26     99.49

15:23:15          tps      rtps      wtps      dtps   bread/s   bwrtn/s   bdscd/s
15:23:17         0.00      0.00      0.00      0.00      0.00      0.00      0.00

15:23:15    kbmemfree   kbavail kbmemused  %memused kbbuffers  kbcached  kbcommit   %commit  kbactive   kbinact   kbdirty
15:23:17      1655344   1657220    127020      6.26         8    114248    415732     20.47    117724     66832       104

15:23:17        CPU     %user     %nice   %system   %iowait    %steal     %idle
15:23:19        all      0.38      0.00      0.13      0.00      2.66     96.84

15:23:17          tps      rtps      wtps      dtps   bread/s   bwrtn/s   bdscd/s
15:23:19         0.50      0.00      0.50      0.00      0.00      4.00      0.00

15:23:17    kbmemfree   kbavail kbmemused  %memused kbbuffers  kbcached  kbcommit   %commit  kbactive   kbinact   kbdirty
15:23:19      1655344   1657252    126956      6.25         8    114312    415732     20.47    117740     66880       164

15:23:19        CPU     %user     %nice   %system   %iowait    %steal     %idle
15:23:21        all      0.13      0.00      0.26      0.00      1.91     97.70

15:23:19          tps      rtps      wtps      dtps   bread/s   bwrtn/s   bdscd/s
15:23:21         0.00      0.00      0.00      0.00      0.00      0.00      0.00

15:23:19    kbmemfree   kbavail kbmemused  %memused kbbuffers  kbcached  kbcommit   %commit  kbactive   kbinact   kbdirty
15:23:21      1655280   1657188    127020      6.26         8    114312    415732     20.47    117740     66880       164

15:23:21        CPU     %user     %nice   %system   %iowait    %steal     %idle
15:23:23        all      0.13      0.00      0.38      0.00      1.65     97.85

15:23:21          tps      rtps      wtps      dtps   bread/s   bwrtn/s   bdscd/s
15:23:23         0.00      0.00      0.00      0.00      0.00      0.00      0.00

15:23:21    kbmemfree   kbavail kbmemused  %memused kbbuffers  kbcached  kbcommit   %commit  kbactive   kbinact   kbdirty
15:23:23      1655280   1657188    127020      6.26         8    114312    415732     20.47    117740     66880       164

15:23:23        CPU     %user     %nice   %system   %iowait    %steal     %idle
15:23:25        all      0.13      0.00      0.51      0.00      2.65     96.71

15:23:23          tps      rtps      wtps      dtps   bread/s   bwrtn/s   bdscd/s
15:23:25         0.50      0.00      0.50      0.00      0.00     12.00      0.00

15:23:23    kbmemfree   kbavail kbmemused  %memused kbbuffers  kbcached  kbcommit   %commit  kbactive   kbinact   kbdirty
15:23:25      1655344   1657260    126940      6.25         8    114328    415732     20.47    117756     66880       168

15:23:25        CPU     %user     %nice   %system   %iowait    %steal     %idle
15:23:27        all      0.26      0.00      0.26      0.00      1.53     97.96

15:23:25          tps      rtps      wtps      dtps   bread/s   bwrtn/s   bdscd/s
15:23:27         0.00      0.00      0.00      0.00      0.00      0.00      0.00

15:23:25    kbmemfree   kbavail kbmemused  %memused kbbuffers  kbcached  kbcommit   %commit  kbactive   kbinact   kbdirty
15:23:27      1655344   1657260    126936      6.25         8    114332    415732     20.47    117756     66880       180

15:23:27        CPU     %user     %nice   %system   %iowait    %steal     %idle
15:23:29        all      0.13      0.00      0.38      0.00      1.02     98.46

15:23:27          tps      rtps      wtps      dtps   bread/s   bwrtn/s   bdscd/s
15:23:29         0.00      0.00      0.00      0.00      0.00      0.00      0.00

15:23:27    kbmemfree   kbavail kbmemused  %memused kbbuffers  kbcached  kbcommit   %commit  kbactive   kbinact   kbdirty
15:23:29      1655280   1657196    126996      6.25         8    114336    415732     20.47    117756     66880       184

15:23:29        CPU     %user     %nice   %system   %iowait    %steal     %idle
15:23:31        all      0.13      0.00      0.00      0.00      0.90     98.97

15:23:29          tps      rtps      wtps      dtps   bread/s   bwrtn/s   bdscd/s
15:23:31         0.00      0.00      0.00      0.00      0.00      0.00      0.00

15:23:29    kbmemfree   kbavail kbmemused  %memused kbbuffers  kbcached  kbcommit   %commit  kbactive   kbinact   kbdirty
15:23:31      1655344   1657260    126932      6.25         8    114336    415732     20.47    117756     66880       184

15:23:31        CPU     %user     %nice   %system   %iowait    %steal     %idle
15:23:33        all      0.00      0.00      0.26      0.00      0.89     98.85

15:23:31          tps      rtps      wtps      dtps   bread/s   bwrtn/s   bdscd/s
15:23:33         0.00      0.00      0.00      0.00      0.00      0.00      0.00

15:23:31    kbmemfree   kbavail kbmemused  %memused kbbuffers  kbcached  kbcommit   %commit  kbactive   kbinact   kbdirty
15:23:33      1655312   1657228    126964      6.25         8    114336    415732     20.47    117756     66880       184

15:23:33        CPU     %user     %nice   %system   %iowait    %steal     %idle
15:23:35        all      0.00      0.00      0.13      1.40      1.53     96.94

15:23:33          tps      rtps      wtps      dtps   bread/s   bwrtn/s   bdscd/s
15:23:35         5.50      0.00      5.50      0.00      0.00   1704.00      0.00

15:23:33    kbmemfree   kbavail kbmemused  %memused kbbuffers  kbcached  kbcommit   %commit  kbactive   kbinact   kbdirty
15:23:35      1655060   1657100    127036      6.26         8    114516    415732     20.47    117880     67004        60

15:23:35        CPU     %user     %nice   %system   %iowait    %steal     %idle
15:23:37        all      0.00      0.00      0.00      0.00      1.02     98.98

15:23:35          tps      rtps      wtps      dtps   bread/s   bwrtn/s   bdscd/s
15:23:37         0.00      0.00      0.00      0.00      0.00      0.00      0.00

15:23:35    kbmemfree   kbavail kbmemused  %memused kbbuffers  kbcached  kbcommit   %commit  kbactive   kbinact   kbdirty
15:23:37      1655060   1657080    127008      6.25         8    114544    415732     20.47    117932     66912        24

15:23:37        CPU     %user     %nice   %system   %iowait    %steal     %idle
15:23:39        all      0.38      0.00      0.25      0.00      2.38     96.99

15:23:37          tps      rtps      wtps      dtps   bread/s   bwrtn/s   bdscd/s
15:23:39         1.00      0.00      1.00      0.00      0.00     12.00      0.00

15:23:37    kbmemfree   kbavail kbmemused  %memused kbbuffers  kbcached  kbcommit   %commit  kbactive   kbinact   kbdirty
15:23:39      1654808   1656860    127164      6.26         8    114640    415732     20.47    117932     66972       108

15:23:39        CPU     %user     %nice   %system   %iowait    %steal     %idle
15:23:41        all      0.00      0.00      0.38      0.00      3.88     95.75

15:23:39          tps      rtps      wtps      dtps   bread/s   bwrtn/s   bdscd/s
15:23:41         0.00      0.00      0.00      0.00      0.00      0.00      0.00

15:23:39    kbmemfree   kbavail kbmemused  %memused kbbuffers  kbcached  kbcommit   %commit  kbactive   kbinact   kbdirty
15:23:41      1654808   1656864    127160      6.26         8    114644    415732     20.47    117960     66956       116

15:23:41        CPU     %user     %nice   %system   %iowait    %steal     %idle
15:23:43        all      0.25      0.00      1.13      0.00      2.14     96.47

15:23:41          tps      rtps      wtps      dtps   bread/s   bwrtn/s   bdscd/s
15:23:43         0.00      0.00      0.00      0.00      0.00      0.00      0.00

15:23:41    kbmemfree   kbavail kbmemused  %memused kbbuffers  kbcached  kbcommit   %commit  kbactive   kbinact   kbdirty
15:23:43      1654808   1656868    127156      6.26         8    114648    415732     20.47    117960     66960       120

15:23:43        CPU     %user     %nice   %system   %iowait    %steal     %idle
15:23:45        all      0.00      0.00      0.51      0.00      0.51     98.98

15:23:43          tps      rtps      wtps      dtps   bread/s   bwrtn/s   bdscd/s
15:23:45         0.00      0.00      0.00      0.00      0.00      0.00      0.00

15:23:43    kbmemfree   kbavail kbmemused  %memused kbbuffers  kbcached  kbcommit   %commit  kbactive   kbinact   kbdirty
15:23:45      1654872   1656932    127092      6.26         8    114648    415732     20.47    117980     66940       120

15:23:45        CPU     %user     %nice   %system   %iowait    %steal     %idle
15:23:47        all      0.13      0.00      0.00      0.00      1.52     98.35

15:23:45          tps      rtps      wtps      dtps   bread/s   bwrtn/s   bdscd/s
15:23:47         0.00      0.00      0.00      0.00      0.00      0.00      0.00

15:23:45    kbmemfree   kbavail kbmemused  %memused kbbuffers  kbcached  kbcommit   %commit  kbactive   kbinact   kbdirty
15:23:47      1654840   1656900    127124      6.26         8    114648    415732     20.47    117980     66940       120

15:23:47        CPU     %user     %nice   %system   %iowait    %steal     %idle
15:23:49        all      0.00      0.00      0.00      0.00      0.64     99.36

15:23:47          tps      rtps      wtps      dtps   bread/s   bwrtn/s   bdscd/s
15:23:49         0.00      0.00      0.00      0.00      0.00      0.00      0.00

15:23:47    kbmemfree   kbavail kbmemused  %memused kbbuffers  kbcached  kbcommit   %commit  kbactive   kbinact   kbdirty
15:23:49      1654840   1656900    127124      6.26         8    114648    415732     20.47    117980     66940       120

15:23:49        CPU     %user     %nice   %system   %iowait    %steal     %idle
15:23:51        all      0.00      0.00      0.00      0.00      1.40     98.60

15:23:49          tps      rtps      wtps      dtps   bread/s   bwrtn/s   bdscd/s
15:23:51         0.00      0.00      0.00      0.00      0.00      0.00      0.00

15:23:49    kbmemfree   kbavail kbmemused  %memused kbbuffers  kbcached  kbcommit   %commit  kbactive   kbinact   kbdirty
15:23:51      1654808   1656868    127156      6.26         8    114648    415732     20.47    117980     66940       120

15:23:51        CPU     %user     %nice   %system   %iowait    %steal     %idle
15:23:53        all      0.13      0.00      0.25      0.00      1.90     97.72

15:23:51          tps      rtps      wtps      dtps   bread/s   bwrtn/s   bdscd/s
15:23:53         0.00      0.00      0.00      0.00      0.00      0.00      0.00

15:23:51    kbmemfree   kbavail kbmemused  %memused kbbuffers  kbcached  kbcommit   %commit  kbactive   kbinact   kbdirty
15:23:53      1654840   1656900    127124      6.26         8    114648    415732     20.47    117980     66940       120

15:23:53        CPU     %user     %nice   %system   %iowait    %steal     %idle
15:23:55        all      0.13      0.00      0.13      0.00      1.27     98.47

15:23:53          tps      rtps      wtps      dtps   bread/s   bwrtn/s   bdscd/s
15:23:55         0.00      0.00      0.00      0.00      0.00      0.00      0.00

15:23:53    kbmemfree   kbavail kbmemused  %memused kbbuffers  kbcached  kbcommit   %commit  kbactive   kbinact   kbdirty
15:23:55      1654840   1656900    127120      6.26         8    114652    415732     20.47    118000     66924       124

15:23:55        CPU     %user     %nice   %system   %iowait    %steal     %idle
15:23:57        all      0.13      0.00      0.00      0.00      1.53     98.35

15:23:55          tps      rtps      wtps      dtps   bread/s   bwrtn/s   bdscd/s
15:23:57         0.00      0.00      0.00      0.00      0.00      0.00      0.00

15:23:55    kbmemfree   kbavail kbmemused  %memused kbbuffers  kbcached  kbcommit   %commit  kbactive   kbinact   kbdirty
15:23:57      1654840   1656900    127116      6.26         8    114656    415732     20.47    118000     66924       128

15:23:57        CPU     %user     %nice   %system   %iowait    %steal     %idle
15:23:59        all      0.13      0.00      0.38      0.00      0.77     98.72

15:23:57          tps      rtps      wtps      dtps   bread/s   bwrtn/s   bdscd/s
15:23:59         1.00      0.00      1.00      0.00      0.00     20.00      0.00

15:23:57    kbmemfree   kbavail kbmemused  %memused kbbuffers  kbcached  kbcommit   %commit  kbactive   kbinact   kbdirty
15:23:59      1654808   1656900    127084      6.26         8    114720    415732     20.47    118052     66932       192

15:23:59        CPU     %user     %nice   %system   %iowait    %steal     %idle
15:24:01        all      0.25      0.00      0.00      0.00      1.27     98.48

15:23:59          tps      rtps      wtps      dtps   bread/s   bwrtn/s   bdscd/s
15:24:01         0.00      0.00      0.00      0.00      0.00      0.00      0.00

15:23:59    kbmemfree   kbavail kbmemused  %memused kbbuffers  kbcached  kbcommit   %commit  kbactive   kbinact   kbdirty
15:24:01      1654840   1656940    127036      6.26         8    114736    415732     20.47    118052     66948       192

15:24:01        CPU     %user     %nice   %system   %iowait    %steal     %idle
15:24:03        all      0.00      0.00      0.00      0.00      2.03     97.97

15:24:01          tps      rtps      wtps      dtps   bread/s   bwrtn/s   bdscd/s
15:24:03         0.00      0.00      0.00      0.00      0.00      0.00      0.00

15:24:01    kbmemfree   kbavail kbmemused  %memused kbbuffers  kbcached  kbcommit   %commit  kbactive   kbinact   kbdirty
15:24:03      1654808   1656908    127068      6.26         8    114736    415732     20.47    118052     66948       192

15:24:03        CPU     %user     %nice   %system   %iowait    %steal     %idle
15:24:05        all      0.13      0.00      0.25      0.00      1.64     97.98

15:24:03          tps      rtps      wtps      dtps   bread/s   bwrtn/s   bdscd/s
15:24:05         0.00      0.00      0.00      0.00      0.00      0.00      0.00

15:24:03    kbmemfree   kbavail kbmemused  %memused kbbuffers  kbcached  kbcommit   %commit  kbactive   kbinact   kbdirty
15:24:05      1654808   1656908    127068      6.26         8    114736    415732     20.47    118052     66948       192

15:24:05        CPU     %user     %nice   %system   %iowait    %steal     %idle
15:24:07        all      0.25      0.00      0.38      0.00      2.76     96.61

15:24:05          tps      rtps      wtps      dtps   bread/s   bwrtn/s   bdscd/s
15:24:07         0.00      0.00      0.00      0.00      0.00      0.00      0.00

15:24:05    kbmemfree   kbavail kbmemused  %memused kbbuffers  kbcached  kbcommit   %commit  kbactive   kbinact   kbdirty
15:24:07      1654840   1656940    127036      6.26         8    114736    415732     20.47    118052     66948       196

15:24:07        CPU     %user     %nice   %system   %iowait    %steal     %idle
15:24:09        all      0.74      0.00      0.74      0.00      4.83     93.68

15:24:07          tps      rtps      wtps      dtps   bread/s   bwrtn/s   bdscd/s
15:24:09         0.00      0.00      0.00      0.00      0.00      0.00      0.00

15:24:07    kbmemfree   kbavail kbmemused  %memused kbbuffers  kbcached  kbcommit   %commit  kbactive   kbinact   kbdirty
15:24:09      1654872   1656972    127000      6.25         8    114740    415732     20.47    118052     66948       200

15:24:09        CPU     %user     %nice   %system   %iowait    %steal     %idle
15:24:11        all      0.37      0.00      0.50      0.00      4.11     95.01

15:24:09          tps      rtps      wtps      dtps   bread/s   bwrtn/s   bdscd/s
15:24:11         0.50      0.00      0.50      0.00      0.00     16.00      0.00

15:24:09    kbmemfree   kbavail kbmemused  %memused kbbuffers  kbcached  kbcommit   %commit  kbactive   kbinact   kbdirty
15:24:11      1654808   1656928    127064      6.26         8    114740    415732     20.47    118080     66960       184

15:24:11        CPU     %user     %nice   %system   %iowait    %steal     %idle
15:24:13        all      1.12      0.00      1.00      2.12      7.49     88.26

15:24:11          tps      rtps      wtps      dtps   bread/s   bwrtn/s   bdscd/s
15:24:13         8.50      0.00      8.50      0.00      0.00   1768.00      0.00

15:24:11    kbmemfree   kbavail kbmemused  %memused kbbuffers  kbcached  kbcommit   %commit  kbactive   kbinact   kbdirty
15:24:13      1654524   1656756    127120      6.26         8    114968    415732     20.47    118272     66992        16

15:24:13        CPU     %user     %nice   %system   %iowait    %steal     %idle
15:24:15        all      0.13      0.00      0.25      0.00      1.65     97.97

15:24:13          tps      rtps      wtps      dtps   bread/s   bwrtn/s   bdscd/s
15:24:15         0.00      0.00      0.00      0.00      0.00      0.00      0.00

15:24:13    kbmemfree   kbavail kbmemused  %memused kbbuffers  kbcached  kbcommit   %commit  kbactive   kbinact   kbdirty
15:24:15      1654556   1656788    127088      6.26         8    114968    415732     20.47    118272     66992        16

15:24:15        CPU     %user     %nice   %system   %iowait    %steal     %idle
15:24:17        all      0.13      0.00      0.25      0.00      2.41     97.22

15:24:15          tps      rtps      wtps      dtps   bread/s   bwrtn/s   bdscd/s
15:24:17         0.00      0.00      0.00      0.00      0.00      0.00      0.00

15:24:15    kbmemfree   kbavail kbmemused  %memused kbbuffers  kbcached  kbcommit   %commit  kbactive   kbinact   kbdirty
15:24:17      1654588   1656820    127056      6.26         8    114968    415732     20.47    118272     66992        16

15:24:17        CPU     %user     %nice   %system   %iowait    %steal     %idle
15:24:19        all      0.37      0.00      0.75      0.00      4.97     93.91

15:24:17          tps      rtps      wtps      dtps   bread/s   bwrtn/s   bdscd/s
15:24:19         0.00      0.00      0.00      0.00      0.00      0.00      0.00

15:24:17    kbmemfree   kbavail kbmemused  %memused kbbuffers  kbcached  kbcommit   %commit  kbactive   kbinact   kbdirty
15:24:19      1654524   1656756    127120      6.26         8    114968    415732     20.47    118272     66992        16

15:24:19        CPU     %user     %nice   %system   %iowait    %steal     %idle
15:24:21        all      0.13      0.00      0.51      0.00      3.16     96.20

15:24:19          tps      rtps      wtps      dtps   bread/s   bwrtn/s   bdscd/s
15:24:21         0.00      0.00      0.00      0.00      0.00      0.00      0.00

15:24:19    kbmemfree   kbavail kbmemused  %memused kbbuffers  kbcached  kbcommit   %commit  kbactive   kbinact   kbdirty
15:24:21      1654588   1656820    127056      6.26         8    114968    415732     20.47    118272     66992        16

15:24:21        CPU     %user     %nice   %system   %iowait    %steal     %idle
15:24:23        all      0.00      0.00      0.38      0.00      3.15     96.47

15:24:21          tps      rtps      wtps      dtps   bread/s   bwrtn/s   bdscd/s
15:24:23         0.00      0.00      0.00      0.00      0.00      0.00      0.00

15:24:21    kbmemfree   kbavail kbmemused  %memused kbbuffers  kbcached  kbcommit   %commit  kbactive   kbinact   kbdirty
15:24:23      1654524   1656756    127120      6.26         8    114968    415732     20.47    118272     66992        16

15:24:23        CPU     %user     %nice   %system   %iowait    %steal     %idle
15:24:25        all      0.25      0.00      0.13      0.00      1.52     98.11

15:24:23          tps      rtps      wtps      dtps   bread/s   bwrtn/s   bdscd/s
15:24:25         0.00      0.00      0.00      0.00      0.00      0.00      0.00

15:24:23    kbmemfree   kbavail kbmemused  %memused kbbuffers  kbcached  kbcommit   %commit  kbactive   kbinact   kbdirty
15:24:25      1654524   1656756    127116      6.26         8    114972    415732     20.47    118272     66992        20

15:24:25        CPU     %user     %nice   %system   %iowait    %steal     %idle
15:24:27        all      0.13      0.00      0.13      0.00      1.91     97.83

15:24:25          tps      rtps      wtps      dtps   bread/s   bwrtn/s   bdscd/s
15:24:27         0.00      0.00      0.00      0.00      0.00      0.00      0.00

15:24:25    kbmemfree   kbavail kbmemused  %memused kbbuffers  kbcached  kbcommit   %commit  kbactive   kbinact   kbdirty
15:24:27      1654588   1656820    127044      6.26         8    114980    415732     20.47    118272     66992        28

15:24:27        CPU     %user     %nice   %system   %iowait    %steal     %idle
15:24:29        all      0.13      0.00      0.25      0.00      1.02     98.60

15:24:27          tps      rtps      wtps      dtps   bread/s   bwrtn/s   bdscd/s
15:24:29         0.00      0.00      0.00      0.00      0.00      0.00      0.00

15:24:27    kbmemfree   kbavail kbmemused  %memused kbbuffers  kbcached  kbcommit   %commit  kbactive   kbinact   kbdirty
15:24:29      1654588   1656820    127044      6.26         8    114980    415732     20.47    118272     66992        28

15:24:29        CPU     %user     %nice   %system   %iowait    %steal     %idle
15:24:31        all      0.00      0.00      0.38      0.00      1.02     98.60

15:24:29          tps      rtps      wtps      dtps   bread/s   bwrtn/s   bdscd/s
15:24:31         1.00      0.00      1.00      0.00      0.00     12.00      0.00

15:24:29    kbmemfree   kbavail kbmemused  %memused kbbuffers  kbcached  kbcommit   %commit  kbactive   kbinact   kbdirty
15:24:31      1654556   1656804    126996      6.25         8    115060    415732     20.47    118272     67024        96

15:24:31        CPU     %user     %nice   %system   %iowait    %steal     %idle
15:24:33        all      0.25      0.00      0.25      0.00      2.14     97.36

15:24:31          tps      rtps      wtps      dtps   bread/s   bwrtn/s   bdscd/s
15:24:33         0.00      0.00      0.00      0.00      0.00      0.00      0.00

15:24:31    kbmemfree   kbavail kbmemused  %memused kbbuffers  kbcached  kbcommit   %commit  kbactive   kbinact   kbdirty
15:24:33      1654556   1656804    126996      6.25         8    115060    415732     20.47    118272     67024       100

15:24:33        CPU     %user     %nice   %system   %iowait    %steal     %idle
15:24:35        all      0.13      0.00      0.13      0.00      2.76     96.98

15:24:33          tps      rtps      wtps      dtps   bread/s   bwrtn/s   bdscd/s
15:24:35         0.00      0.00      0.00      0.00      0.00      0.00      0.00

15:24:33    kbmemfree   kbavail kbmemused  %memused kbbuffers  kbcached  kbcommit   %commit  kbactive   kbinact   kbdirty
15:24:35      1654556   1656804    126996      6.25         8    115060    415732     20.47    118272     67024       100

15:24:35        CPU     %user     %nice   %system   %iowait    %steal     %idle
15:24:37        all      0.00      0.00      0.50      0.00      2.26     97.24

15:24:35          tps      rtps      wtps      dtps   bread/s   bwrtn/s   bdscd/s
15:24:37         0.00      0.00      0.00      0.00      0.00      0.00      0.00

15:24:35    kbmemfree   kbavail kbmemused  %memused kbbuffers  kbcached  kbcommit   %commit  kbactive   kbinact   kbdirty
15:24:37      1654588   1656836    126964      6.25         8    115060    415732     20.47    118272     67024       100

15:24:37        CPU     %user     %nice   %system   %iowait    %steal     %idle
15:24:39        all      0.13      0.00      0.38      0.00      1.40     98.09

15:24:37          tps      rtps      wtps      dtps   bread/s   bwrtn/s   bdscd/s
15:24:39         0.00      0.00      0.00      0.00      0.00      0.00      0.00

15:24:37    kbmemfree   kbavail kbmemused  %memused kbbuffers  kbcached  kbcommit   %commit  kbactive   kbinact   kbdirty
15:24:39      1654588   1656836    126960      6.25         8    115064    415732     20.47    118272     67024       104

15:24:39        CPU     %user     %nice   %system   %iowait    %steal     %idle
15:24:41        all      0.00      0.00      0.26      0.00      1.28     98.46

15:24:39          tps      rtps      wtps      dtps   bread/s   bwrtn/s   bdscd/s
15:24:41         1.00      0.00      1.00      0.00      0.00      8.00      0.00

15:24:39    kbmemfree   kbavail kbmemused  %memused kbbuffers  kbcached  kbcommit   %commit  kbactive   kbinact   kbdirty
15:24:41      1654524   1656832    126940      6.25         8    115148    415732     20.47    118320     67100       180

15:24:41        CPU     %user     %nice   %system   %iowait    %steal     %idle
15:24:43        all      0.38      0.00      0.13      0.00      1.27     98.22

15:24:41          tps      rtps      wtps      dtps   bread/s   bwrtn/s   bdscd/s
15:24:43         0.00      0.00      0.00      0.00      0.00      0.00      0.00

15:24:41    kbmemfree   kbavail kbmemused  %memused kbbuffers  kbcached  kbcommit   %commit  kbactive   kbinact   kbdirty
15:24:43      1654556   1656880    126908      6.25         8    115148    415732     20.47    118368     67084       180

15:24:43        CPU     %user     %nice   %system   %iowait    %steal     %idle
15:24:45        all      0.00      0.00      0.26      0.00      0.64     99.10

15:24:43          tps      rtps      wtps      dtps   bread/s   bwrtn/s   bdscd/s
15:24:45         0.00      0.00      0.00      0.00      0.00      0.00      0.00

15:24:43    kbmemfree   kbavail kbmemused  %memused kbbuffers  kbcached  kbcommit   %commit  kbactive   kbinact   kbdirty
15:24:45      1654588   1656912    126876      6.25         8    115148    415732     20.47    118368     67084       180

15:24:45        CPU     %user     %nice   %system   %iowait    %steal     %idle
15:24:47        all      0.00      0.00      0.00      0.00      1.02     98.98

15:24:45          tps      rtps      wtps      dtps   bread/s   bwrtn/s   bdscd/s
15:24:47         0.50      0.00      0.50      0.00      0.00     12.00      0.00

15:24:45    kbmemfree   kbavail kbmemused  %memused kbbuffers  kbcached  kbcommit   %commit  kbactive   kbinact   kbdirty
15:24:47      1654556   1656892    126892      6.25         8    115164    415732     20.47    118384     67088       188

15:24:47        CPU     %user     %nice   %system   %iowait    %steal     %idle
15:24:49        all      0.00      0.00      0.26      0.00      1.03     98.72

15:24:47          tps      rtps      wtps      dtps   bread/s   bwrtn/s   bdscd/s
15:24:49         0.00      0.00      0.00      0.00      0.00      0.00      0.00

15:24:47    kbmemfree   kbavail kbmemused  %memused kbbuffers  kbcached  kbcommit   %commit  kbactive   kbinact   kbdirty
15:24:49      1654524   1656860    126924      6.25         8    115164    415732     20.47    118384     67088       188

15:24:49        CPU     %user     %nice   %system   %iowait    %steal     %idle
15:24:51        all      0.13      0.00      0.25      0.00      0.89     98.73

15:24:49          tps      rtps      wtps      dtps   bread/s   bwrtn/s   bdscd/s
15:24:51         0.00      0.00      0.00      0.00      0.00      0.00      0.00

15:24:49    kbmemfree   kbavail kbmemused  %memused kbbuffers  kbcached  kbcommit   %commit  kbactive   kbinact   kbdirty
15:24:51      1654556   1656904    126892      6.25         8    115164    415732     20.47    118424     67072       192

Average:        CPU     %user     %nice   %system   %iowait    %steal     %idle
Average:        all      0.23      0.00      0.36      0.36      2.26     96.79

Average:          tps      rtps      wtps      dtps   bread/s   bwrtn/s   bdscd/s
Average:         0.49      0.01      0.49      0.00      0.21     96.35      0.00

Average:    kbmemfree   kbavail kbmemused  %memused kbbuffers  kbcached  kbcommit   %commit  kbactive   kbinact   kbdirty
Average:      1655958   1657531    127010      6.25         8    113644    415732     20.47    117244     66702       138
