Linux 5.4.0-86-generic (flexran) 	12/14/21 	_x86_64_	(4 CPU)

15:07:43        CPU     %user     %nice   %system   %iowait    %steal     %idle
15:07:45        all     54.53      0.00     40.23      0.00      5.24      0.00

15:07:43          tps      rtps      wtps      dtps   bread/s   bwrtn/s   bdscd/s
15:07:45       483.50      0.50    483.00      0.00      4.00 413752.00      0.00

15:07:43    kbmemfree   kbavail kbmemused  %memused kbbuffers  kbcached  kbcommit   %commit  kbactive   kbinact   kbdirty
15:07:45       273616   1166660    608664     29.97         8   1011624   2125364    104.66    656156    903796     89304

15:07:45        CPU     %user     %nice   %system   %iowait    %steal     %idle
15:07:47        all     62.98      0.00     34.70      0.00      2.31      0.00

15:07:45          tps      rtps      wtps      dtps   bread/s   bwrtn/s   bdscd/s
15:07:47        99.50      3.00     96.50      0.00   3856.00 204220.00      0.00

15:07:45    kbmemfree   kbavail kbmemused  %memused kbbuffers  kbcached  kbcommit   %commit  kbactive   kbinact   kbdirty
15:07:47        88760    989940    785024     38.66         8   1019536   2125364    104.66    817192    925584     51984

15:07:47        CPU     %user     %nice   %system   %iowait    %steal     %idle
15:07:49        all     64.07      0.00     31.78      0.00      4.15      0.00

15:07:47          tps      rtps      wtps      dtps   bread/s   bwrtn/s   bdscd/s
15:07:49       321.50     60.50    261.00      0.00 110620.00 124952.00      0.00

15:07:47    kbmemfree   kbavail kbmemused  %memused kbbuffers  kbcached  kbcommit   %commit  kbactive   kbinact   kbdirty
15:07:49        71540    625968   1149104     56.59         8    672724   2125364    104.66   1157592    602964     50788

15:07:49        CPU     %user     %nice   %system   %iowait    %steal     %idle
15:07:51        all     85.57      0.00     11.14      0.00      3.29      0.00

15:07:49          tps      rtps      wtps      dtps   bread/s   bwrtn/s   bdscd/s
15:07:51       204.50     40.00    164.50      0.00  77856.00   1324.00      0.00

15:07:49    kbmemfree   kbavail kbmemused  %memused kbbuffers  kbcached  kbcommit   %commit  kbactive   kbinact   kbdirty
15:07:51        85100    579180   1195940     58.89         8    612216   2125364    104.66   1199684    546624     50804

15:07:51        CPU     %user     %nice   %system   %iowait    %steal     %idle
15:07:53        all     76.59      0.00     17.30      0.00      6.11      0.00

15:07:51          tps      rtps      wtps      dtps   bread/s   bwrtn/s   bdscd/s
15:07:53       339.50     53.50    286.00      0.00  98372.00  52504.00      0.00

15:07:51    kbmemfree   kbavail kbmemused  %memused kbbuffers  kbcached  kbcommit   %commit  kbactive   kbinact   kbdirty
15:07:53        81344    577316   1197676     58.98         8    614256   2125364    104.66   1197336    550980       492

15:07:53        CPU     %user     %nice   %system   %iowait    %steal     %idle
15:07:55        all     71.71      0.00     19.38      0.00      8.91      0.00

15:07:53          tps      rtps      wtps      dtps   bread/s   bwrtn/s   bdscd/s
15:07:55       369.00    100.50    268.50      0.00 167968.00   2188.00      0.00

15:07:53    kbmemfree   kbavail kbmemused  %memused kbbuffers  kbcached  kbcommit   %commit  kbactive   kbinact   kbdirty
15:07:55        78128    579120   1196020     58.90         8    619020   2125364    104.66   1193056    560100       512

15:07:55        CPU     %user     %nice   %system   %iowait    %steal     %idle
15:07:57        all     75.48      0.00     21.58      0.00      2.94      0.00

15:07:55          tps      rtps      wtps      dtps   bread/s   bwrtn/s   bdscd/s
15:07:57       417.00     84.00    333.00      0.00 143508.00   2692.00      0.00

15:07:55    kbmemfree   kbavail kbmemused  %memused kbbuffers  kbcached  kbcommit   %commit  kbactive   kbinact   kbdirty
15:07:57        83096    577836   1197216     58.96         8    612736   2125364    104.66   1190988    555992       592

15:07:57        CPU     %user     %nice   %system   %iowait    %steal     %idle
15:07:59        all     76.87      0.00     20.67      0.13      2.20      0.13

15:07:57          tps      rtps      wtps      dtps   bread/s   bwrtn/s   bdscd/s
15:07:59       268.50     69.00    199.50      0.00 127080.00   1596.00      0.00

15:07:57    kbmemfree   kbavail kbmemused  %memused kbbuffers  kbcached  kbcommit   %commit  kbactive   kbinact   kbdirty
15:07:59        75456    579032   1195712     58.88         8    621836   2125364    104.66   1188872    566848       592

15:07:59        CPU     %user     %nice   %system   %iowait    %steal     %idle
15:08:01        all     73.22      0.00     20.27      0.61      5.90      0.00

15:07:59          tps      rtps      wtps      dtps   bread/s   bwrtn/s   bdscd/s
15:08:01       168.50     57.50    111.00      0.00  98396.00    904.00      0.00

15:07:59    kbmemfree   kbavail kbmemused  %memused kbbuffers  kbcached  kbcommit   %commit  kbactive   kbinact   kbdirty
15:08:01        73628    579188   1195656     58.88         8    623624   2125364    104.66   1187436    570292       612

15:08:01        CPU     %user     %nice   %system   %iowait    %steal     %idle
15:08:03        all     73.94      0.00     21.39      0.28      4.25      0.14

15:08:01          tps      rtps      wtps      dtps   bread/s   bwrtn/s   bdscd/s
15:08:03       251.00     75.50    175.50      0.00 135192.00   1416.00      0.00

15:08:01    kbmemfree   kbavail kbmemused  %memused kbbuffers  kbcached  kbcommit   %commit  kbactive   kbinact   kbdirty
15:08:03        77224    577160   1197568     58.97         8    618088   2125364    104.66   1185408    566556       644

15:08:03        CPU     %user     %nice   %system   %iowait    %steal     %idle
15:08:05        all     71.78      0.00     23.50      0.00      4.73      0.00

15:08:03          tps      rtps      wtps      dtps   bread/s   bwrtn/s   bdscd/s
15:08:05       398.50     62.00    336.50      0.00  86276.00   2876.00      0.00

15:08:03    kbmemfree   kbavail kbmemused  %memused kbbuffers  kbcached  kbcommit   %commit  kbactive   kbinact   kbdirty
15:08:05       546712    580556   1195064     58.85         8    152472   2125364    104.66   1184292    102384     45424

15:08:05        CPU     %user     %nice   %system   %iowait    %steal     %idle
15:08:07        all     68.87      0.00     24.41      0.13      6.60      0.00

15:08:05          tps      rtps      wtps      dtps   bread/s   bwrtn/s   bdscd/s
15:08:07       329.50      6.50    323.00      0.00    168.00 391460.00      0.00

15:08:05    kbmemfree   kbavail kbmemused  %memused kbbuffers  kbcached  kbcommit   %commit  kbactive   kbinact   kbdirty
15:08:07       185664    580376   1194888     58.84         8    513624   2125364    104.66   1184940    462652     34208

15:08:07        CPU     %user     %nice   %system   %iowait    %steal     %idle
15:08:09        all     59.13      0.00     26.99      0.00     13.88      0.00

15:08:07          tps      rtps      wtps      dtps   bread/s   bwrtn/s   bdscd/s
15:08:09       189.00      0.50    188.50      0.00     16.00 221224.00      0.00

15:08:07    kbmemfree   kbavail kbmemused  %memused kbbuffers  kbcached  kbcommit   %commit  kbactive   kbinact   kbdirty
15:08:09        77064    580472   1195052     58.85         8    621660   2125364    104.66   1183584    571936     20868

15:08:09        CPU     %user     %nice   %system   %iowait    %steal     %idle
15:08:11        all     64.50      0.00     30.07      0.00      5.43      0.00

15:08:09          tps      rtps      wtps      dtps   bread/s   bwrtn/s   bdscd/s
15:08:11       181.50      1.00    180.50      0.00      8.00 276788.00      0.00

15:08:09    kbmemfree   kbavail kbmemused  %memused kbbuffers  kbcached  kbcommit   %commit  kbactive   kbinact   kbdirty
15:08:11        93428    579052   1195772     58.89         8    603668   2125364    104.66   1177984    559644     52840

15:08:11        CPU     %user     %nice   %system   %iowait    %steal     %idle
15:08:13        all     81.73      0.00     16.00      0.00      2.13      0.13

15:08:11          tps      rtps      wtps      dtps   bread/s   bwrtn/s   bdscd/s
15:08:13        95.00     17.00     78.00      0.00  32516.00 119312.00      0.00

15:08:11    kbmemfree   kbavail kbmemused  %memused kbbuffers  kbcached  kbcommit   %commit  kbactive   kbinact   kbdirty
15:08:13        80396    579584   1195332     58.86         8    616972   2125364    104.66   1177336    573792     43880

15:08:13        CPU     %user     %nice   %system   %iowait    %steal     %idle
15:08:15        all     79.36      0.00     13.27      0.00      7.37      0.00

15:08:13          tps      rtps      wtps      dtps   bread/s   bwrtn/s   bdscd/s
15:08:15       290.00      8.00    282.00      0.00  16384.00   2400.00      0.00

15:08:13    kbmemfree   kbavail kbmemused  %memused kbbuffers  kbcached  kbcommit   %commit  kbactive   kbinact   kbdirty
15:08:15        67772    579280   1195396     58.87         8    629516   2125364    104.66   1177388    586176     43888

15:08:15        CPU     %user     %nice   %system   %iowait    %steal     %idle
15:08:17        all     79.89      0.00     18.11      0.13      1.86      0.00

15:08:15          tps      rtps      wtps      dtps   bread/s   bwrtn/s   bdscd/s
15:08:17       188.00     65.00    123.00      0.00  53272.00  18904.00      0.00

15:08:15    kbmemfree   kbavail kbmemused  %memused kbbuffers  kbcached  kbcommit   %commit  kbactive   kbinact   kbdirty
15:08:17        83496    576028   1198972     59.04         8    610168   2125364    104.66   1176776    567656      2024

15:08:17        CPU     %user     %nice   %system   %iowait    %steal     %idle
15:08:19        all     77.14      0.00     17.95      0.00      4.91      0.00

15:08:17          tps      rtps      wtps      dtps   bread/s   bwrtn/s   bdscd/s
15:08:19       160.48     58.10    102.38      0.00  93630.48  23630.48      0.00

15:08:17    kbmemfree   kbavail kbmemused  %memused kbbuffers  kbcached  kbcommit   %commit  kbactive   kbinact   kbdirty
15:08:19        84504    579228   1195288     58.86         8    612812   2125364    104.66   1176172    570436      2096

15:08:19        CPU     %user     %nice   %system   %iowait    %steal     %idle
15:08:21        all     85.84      0.00     13.14      0.13      0.89      0.00

15:08:19          tps      rtps      wtps      dtps   bread/s   bwrtn/s   bdscd/s
15:08:21       277.00     46.50    230.50      0.00  30036.00   8232.00      0.00

15:08:19    kbmemfree   kbavail kbmemused  %memused kbbuffers  kbcached  kbcommit   %commit  kbactive   kbinact   kbdirty
15:08:21        82076    579520   1195040     58.85         8    615456   2125364    104.66   1177008    572304       348

15:08:21        CPU     %user     %nice   %system   %iowait    %steal     %idle
15:08:23        all     87.23      0.00     10.86      0.00      1.92      0.00

15:08:21          tps      rtps      wtps      dtps   bread/s   bwrtn/s   bdscd/s
15:08:23       146.50     24.00    122.50      0.00  45100.00   1012.00      0.00

15:08:21    kbmemfree   kbavail kbmemused  %memused kbbuffers  kbcached  kbcommit   %commit  kbactive   kbinact   kbdirty
15:08:23        84556    580048   1194632     58.83         8    613288   2125364    104.66   1176728    570608       484

15:08:23        CPU     %user     %nice   %system   %iowait    %steal     %idle
15:08:25        all     77.69      0.00     17.53      0.00      4.78      0.00

15:08:23          tps      rtps      wtps      dtps   bread/s   bwrtn/s   bdscd/s
15:08:25       347.00     44.00    303.00      0.00  82204.00   2452.00      0.00

15:08:23    kbmemfree   kbavail kbmemused  %memused kbbuffers  kbcached  kbcommit   %commit  kbactive   kbinact   kbdirty
15:08:25        85564    578252   1196000     58.90         8    610848   2125364    104.66   1176176    568448       500

15:08:25        CPU     %user     %nice   %system   %iowait    %steal     %idle
15:08:27        all     76.98      0.00     19.50      0.00      3.52      0.00

15:08:25          tps      rtps      wtps      dtps   bread/s   bwrtn/s   bdscd/s
15:08:27       427.50     77.50    350.00      0.00 159488.00   2836.00      0.00

15:08:25    kbmemfree   kbavail kbmemused  %memused kbbuffers  kbcached  kbcommit   %commit  kbactive   kbinact   kbdirty
15:08:27        84776    578168   1196424     58.92         8    611148   2125364    104.66   1175388    569908       564

15:08:27        CPU     %user     %nice   %system   %iowait    %steal     %idle
15:08:29        all     79.93      0.00     17.71      0.00      2.37      0.00

15:08:27          tps      rtps      wtps      dtps   bread/s   bwrtn/s   bdscd/s
15:08:29       449.00     76.50    372.50      0.00 118796.00   3020.00      0.00

15:08:27    kbmemfree   kbavail kbmemused  %memused kbbuffers  kbcached  kbcommit   %commit  kbactive   kbinact   kbdirty
15:08:29        81024    579728   1194836     58.84         8    616472   2125364    104.66   1174728    575872       616

15:08:29        CPU     %user     %nice   %system   %iowait    %steal     %idle
15:08:31        all     73.31      0.00     20.55      0.00      6.14      0.00

15:08:29          tps      rtps      wtps      dtps   bread/s   bwrtn/s   bdscd/s
15:08:31       508.50    100.50    408.00      0.00 135176.00   3284.00      0.00

15:08:29    kbmemfree   kbavail kbmemused  %memused kbbuffers  kbcached  kbcommit   %commit  kbactive   kbinact   kbdirty
15:08:31        78764    578652   1195852     58.89         8    617668   2125364    104.66   1173912    577848       680

15:08:31        CPU     %user     %nice   %system   %iowait    %steal     %idle
15:08:33        all     74.65      0.00     20.20      0.00      5.14      0.00

15:08:31          tps      rtps      wtps      dtps   bread/s   bwrtn/s   bdscd/s
15:08:33       484.00     81.00    403.00      0.00 155680.00   3296.00      0.00

15:08:31    kbmemfree   kbavail kbmemused  %memused kbbuffers  kbcached  kbcommit   %commit  kbactive   kbinact   kbdirty
15:08:33        73188    578604   1196048     58.90         8    623032   2125364    104.66   1173388    583860       696

15:08:33        CPU     %user     %nice   %system   %iowait    %steal     %idle
15:08:35        all     64.21      0.00     31.04      0.00      4.76      0.00

15:08:33          tps      rtps      wtps      dtps   bread/s   bwrtn/s   bdscd/s
15:08:35       542.29     80.60    461.69      0.00 122543.28  80608.96      0.00

15:08:33    kbmemfree   kbavail kbmemused  %memused kbbuffers  kbcached  kbcommit   %commit  kbactive   kbinact   kbdirty
15:08:35      1006700   1158040    617284     30.40         8    269608   2125808    104.69    596428    230828    100724

15:08:35        CPU     %user     %nice   %system   %iowait    %steal     %idle
15:08:37        all     65.23      0.00     31.73      0.00      3.05      0.00

15:08:35          tps      rtps      wtps      dtps   bread/s   bwrtn/s   bdscd/s
15:08:37       343.00      0.50    342.50      0.00      4.00 529040.00      0.00

15:08:35    kbmemfree   kbavail kbmemused  %memused kbbuffers  kbcached  kbcommit   %commit  kbactive   kbinact   kbdirty
15:08:37        81520    578700   1196000     58.90         8    615412   2125808    104.69   1172416    576908     51168

15:08:37        CPU     %user     %nice   %system   %iowait    %steal     %idle
15:08:39        all     72.77      0.00     24.84      0.00      2.38      0.00

15:08:37          tps      rtps      wtps      dtps   bread/s   bwrtn/s   bdscd/s
15:08:39        65.50      0.00     65.50      0.00      0.00 131036.00      0.00

15:08:37    kbmemfree   kbavail kbmemused  %memused kbbuffers  kbcached  kbcommit   %commit  kbactive   kbinact   kbdirty
15:08:39       264184    953104    821192     40.44         8    806820   2125808    104.69    799620    768340     54896

15:08:39        CPU     %user     %nice   %system   %iowait    %steal     %idle
15:08:41        all     72.51      0.00     25.09      0.00      2.40      0.00

15:08:39          tps      rtps      wtps      dtps   bread/s   bwrtn/s   bdscd/s
15:08:41        43.00     10.00     33.00      0.00   8032.00  71716.00      0.00

15:08:39    kbmemfree   kbavail kbmemused  %memused kbbuffers  kbcached  kbcommit   %commit  kbactive   kbinact   kbdirty
15:08:41      1000300   1500956    273072     13.45         8    618456   2126072    104.70    251988    580584      3756

15:08:41        CPU     %user     %nice   %system   %iowait    %steal     %idle
15:08:43        all     83.25      0.00     13.71      0.00      3.05      0.00

15:08:41          tps      rtps      wtps      dtps   bread/s   bwrtn/s   bdscd/s
15:08:43       163.00     54.00    109.00      0.00 106528.00  44480.00      0.00

15:08:41    kbmemfree   kbavail kbmemused  %memused kbbuffers  kbcached  kbcommit   %commit  kbactive   kbinact   kbdirty
15:08:43       714140   1325860    448272     22.08         8    729432   2126072    104.70    426948    691356      2060

15:08:43        CPU     %user     %nice   %system   %iowait    %steal     %idle
15:08:45        all     80.64      0.00     16.05      0.00      3.31      0.00

15:08:43          tps      rtps      wtps      dtps   bread/s   bwrtn/s   bdscd/s
15:08:45       234.50     79.50    155.00      0.00 161032.00 201660.00      0.00

15:08:43    kbmemfree   kbavail kbmemused  %memused kbbuffers  kbcached  kbcommit   %commit  kbactive   kbinact   kbdirty
15:08:45       387268   1160796    613396     30.21         8    891404   2126072    104.70    592192    852628      2288

15:08:45        CPU     %user     %nice   %system   %iowait    %steal     %idle
15:08:47        all     85.20      0.00     13.13      0.00      1.67      0.00

15:08:45          tps      rtps      wtps      dtps   bread/s   bwrtn/s   bdscd/s
15:08:47       174.00     14.50    159.50      0.00  27400.00   1292.00      0.00

15:08:45    kbmemfree   kbavail kbmemused  %memused kbbuffers  kbcached  kbcommit   %commit  kbactive   kbinact   kbdirty
15:08:47       187448    987140    787176     38.76         8    917460   2126072    104.70    766356    878212      2608

15:08:47        CPU     %user     %nice   %system   %iowait    %steal     %idle
15:08:49        all     81.75      0.00     14.70      0.00      3.55      0.00

15:08:47          tps      rtps      wtps      dtps   bread/s   bwrtn/s   bdscd/s
15:08:49       252.50     39.00    213.50      0.00  77832.00   1744.00      0.00

15:08:47    kbmemfree   kbavail kbmemused  %memused kbbuffers  kbcached  kbcommit   %commit  kbactive   kbinact   kbdirty
15:08:49        72744    842860    931612     45.88         8    887728   2126072    104.70    909520    848772      2624

15:08:49        CPU     %user     %nice   %system   %iowait    %steal     %idle
15:08:51        all     66.23      0.00     26.62      0.00      7.15      0.00

15:08:49          tps      rtps      wtps      dtps   bread/s   bwrtn/s   bdscd/s
15:08:51       371.50    107.50    264.00      0.00 151940.00   2140.00      0.00

15:08:49    kbmemfree   kbavail kbmemused  %memused kbbuffers  kbcached  kbcommit   %commit  kbactive   kbinact   kbdirty
15:08:51        80768    753792   1020652     50.26         8    790632   2128588    104.82    995760    752064      2676

15:08:51        CPU     %user     %nice   %system   %iowait    %steal     %idle
15:08:53        all     63.53      0.00     29.48      0.00      7.00      0.00

15:08:51          tps      rtps      wtps      dtps   bread/s   bwrtn/s   bdscd/s
15:08:53       321.50    100.50    221.00      0.00 147556.00   3312.00      0.00

15:08:51    kbmemfree   kbavail kbmemused  %memused kbbuffers  kbcached  kbcommit   %commit  kbactive   kbinact   kbdirty
15:08:53        77492    682504   1091496     53.75         8    723064   2128588    104.82   1066080    684396      1188

15:08:53        CPU     %user     %nice   %system   %iowait    %steal     %idle
15:08:55        all     61.92      0.00     27.84      0.00     10.24      0.00

15:08:53          tps      rtps      wtps      dtps   bread/s   bwrtn/s   bdscd/s
15:08:55       263.00     70.00    193.00      0.00 123120.00   1648.00      0.00

15:08:53    kbmemfree   kbavail kbmemused  %memused kbbuffers  kbcached  kbcommit   %commit  kbactive   kbinact   kbdirty
15:08:55        82612    575844   1198548     59.02         8    610860   2126592    104.72   1172228    572716      1276

15:08:55        CPU     %user     %nice   %system   %iowait    %steal     %idle
15:08:57        all     72.97      0.00     20.40      0.00      6.63      0.00

15:08:55          tps      rtps      wtps      dtps   bread/s   bwrtn/s   bdscd/s
15:08:57       366.50    147.78    218.72      0.00 194238.42   2029.56      0.00

15:08:55    kbmemfree   kbavail kbmemused  %memused kbbuffers  kbcached  kbcommit   %commit  kbactive   kbinact   kbdirty
15:08:57        93084    576828   1197276     58.96         8    601548   2126592    104.72   1171928    563536      1280

15:08:57        CPU     %user     %nice   %system   %iowait    %steal     %idle
15:08:59        all     65.20      0.00     27.39      0.00      7.41      0.00

15:08:57          tps      rtps      wtps      dtps   bread/s   bwrtn/s   bdscd/s
15:08:59       421.50     30.50    391.00      0.00  53576.00 166640.00      0.00

15:08:57    kbmemfree   kbavail kbmemused  %memused kbbuffers  kbcached  kbcommit   %commit  kbactive   kbinact   kbdirty
15:08:59       412076    580072   1194840     58.84         8    286428   2126592    104.72   1172340    247940     13808

15:08:59        CPU     %user     %nice   %system   %iowait    %steal     %idle
15:09:01        all     80.96      0.00     14.63      0.00      4.41      0.00

15:08:59          tps      rtps      wtps      dtps   bread/s   bwrtn/s   bdscd/s
15:09:01       184.00      1.50    182.50      0.00     36.00 348720.00      0.00

15:08:59    kbmemfree   kbavail kbmemused  %memused kbbuffers  kbcached  kbcommit   %commit  kbactive   kbinact   kbdirty
15:09:01        81360    578860   1195440     58.87         8    615728   2126592    104.72   1172640    576988     14900

15:09:01        CPU     %user     %nice   %system   %iowait    %steal     %idle
15:09:03        all     83.90      0.00     13.23      0.00      2.87      0.00

15:09:01          tps      rtps      wtps      dtps   bread/s   bwrtn/s   bdscd/s
15:09:03        91.50      0.00     91.50      0.00      0.00 114132.00      0.00

15:09:01    kbmemfree   kbavail kbmemused  %memused kbbuffers  kbcached  kbcommit   %commit  kbactive   kbinact   kbdirty
15:09:03        81576    577892   1196744     58.93         8    614080   2126592    104.72   1172604    575588     38536

15:09:03        CPU     %user     %nice   %system   %iowait    %steal     %idle
15:09:05        all     80.90      0.00     15.98      0.00      3.12      0.00

15:09:03          tps      rtps      wtps      dtps   bread/s   bwrtn/s   bdscd/s
15:09:05       103.00      0.00    103.00      0.00      0.00 205956.00      0.00

15:09:03    kbmemfree   kbavail kbmemused  %memused kbbuffers  kbcached  kbcommit   %commit  kbactive   kbinact   kbdirty
15:09:05        81552    577932   1196164     58.91         8    614188   2126592    104.72   1172700    575460     33368

15:09:05        CPU     %user     %nice   %system   %iowait    %steal     %idle
15:09:07        all     79.00      0.00     16.53      0.00      4.47      0.00

15:09:05          tps      rtps      wtps      dtps   bread/s   bwrtn/s   bdscd/s
15:09:07        66.17     16.42     49.75      0.00  32350.25 113122.39      0.00

15:09:05    kbmemfree   kbavail kbmemused  %memused kbbuffers  kbcached  kbcommit   %commit  kbactive   kbinact   kbdirty
15:09:07        83772    577976   1196064     58.90         8    611876   2126592    104.72   1172448    573492     13288

15:09:07        CPU     %user     %nice   %system   %iowait    %steal     %idle
15:09:09        all     78.65      0.00     15.51      0.00      5.84      0.00

15:09:07          tps      rtps      wtps      dtps   bread/s   bwrtn/s   bdscd/s
15:09:09        67.50     19.00     48.50      0.00  36876.00  73696.00      0.00

15:09:07    kbmemfree   kbavail kbmemused  %memused kbbuffers  kbcached  kbcommit   %commit  kbactive   kbinact   kbdirty
15:09:09        70104    579340   1194904     58.84         8    626928   2126592    104.72   1172620    588352     13404

15:09:09        CPU     %user     %nice   %system   %iowait    %steal     %idle
15:09:11        all     83.49      0.00     11.53      0.00      4.98      0.00

15:09:09          tps      rtps      wtps      dtps   bread/s   bwrtn/s   bdscd/s
15:09:11        95.50     48.00     47.50      0.00  57352.00  18148.00      0.00

15:09:09    kbmemfree   kbavail kbmemused  %memused kbbuffers  kbcached  kbcommit   %commit  kbactive   kbinact   kbdirty
15:09:11        86356    577780   1196660     58.93         8    609048   2126592    104.72   1172404    570756     13472

15:09:11        CPU     %user     %nice   %system   %iowait    %steal     %idle
15:09:13        all     70.40      0.00     22.78      0.00      6.82      0.00

15:09:11          tps      rtps      wtps      dtps   bread/s   bwrtn/s   bdscd/s
15:09:13       256.50     68.00    188.50      0.00  77840.00   1592.00      0.00

15:09:11    kbmemfree   kbavail kbmemused  %memused kbbuffers  kbcached  kbcommit   %commit  kbactive   kbinact   kbdirty
15:09:13       707212   1250796    523408     25.78         8    661444   2126592    104.72    501956    622728     13504

15:09:13        CPU     %user     %nice   %system   %iowait    %steal     %idle
15:09:15        all     66.30      0.00     26.30      0.00      7.40      0.00

15:09:13          tps      rtps      wtps      dtps   bread/s   bwrtn/s   bdscd/s
15:09:15       162.19     44.28    117.91      0.00  86877.61    959.20      0.00

15:09:13    kbmemfree   kbavail kbmemused  %memused kbbuffers  kbcached  kbcommit   %commit  kbactive   kbinact   kbdirty
15:09:15       248712    879804    894332     44.04         8    749020   2126592    104.72    872692    710332     13504

15:09:15        CPU     %user     %nice   %system   %iowait    %steal     %idle
15:09:17        all     62.13      0.00     29.73      0.00      8.13      0.00

15:09:15          tps      rtps      wtps      dtps   bread/s   bwrtn/s   bdscd/s
15:09:17       209.55     81.41    128.14      0.00 134970.85   2946.73      0.00

15:09:15    kbmemfree   kbavail kbmemused  %memused kbbuffers  kbcached  kbcommit   %commit  kbactive   kbinact   kbdirty
15:09:17        78184    576796   1197352     58.96         8    616464   2126592    104.72   1173888    576192     13876

15:09:17        CPU     %user     %nice   %system   %iowait    %steal     %idle
15:09:19        all     77.25      0.00     19.22      0.00      3.53      0.00

15:09:17          tps      rtps      wtps      dtps   bread/s   bwrtn/s   bdscd/s
15:09:19       260.70     69.15    191.54      0.00 134575.12  18185.07      0.00

15:09:17    kbmemfree   kbavail kbmemused  %memused kbbuffers  kbcached  kbcommit   %commit  kbactive   kbinact   kbdirty
15:09:19        74940    578260   1196392     58.92         8    620668   2126592    104.72   1174456    580572       952

15:09:19        CPU     %user     %nice   %system   %iowait    %steal     %idle
15:09:21        all     65.92      0.00     29.36      0.00      4.72      0.00

15:09:19          tps      rtps      wtps      dtps   bread/s   bwrtn/s   bdscd/s
15:09:21       284.00    103.00    181.00      0.00 155688.00   1464.00      0.00

15:09:19    kbmemfree   kbavail kbmemused  %memused kbbuffers  kbcached  kbcommit   %commit  kbactive   kbinact   kbdirty
15:09:21       405628   1039236    735324     36.21         8    751028   2127148    104.75    715484    710684      1120

15:09:21        CPU     %user     %nice   %system   %iowait    %steal     %idle
15:09:23        all     70.53      0.00     27.73      0.00      1.73      0.00

15:09:21          tps      rtps      wtps      dtps   bread/s   bwrtn/s   bdscd/s
15:09:23       299.00     88.00    211.00      0.00 167948.00   1728.00      0.00

15:09:21    kbmemfree   kbavail kbmemused  %memused kbbuffers  kbcached  kbcommit   %commit  kbactive   kbinact   kbdirty
15:09:23        74276    578608   1195564     58.88         8    622124   2127148    104.75   1172896    582980      1136

15:09:23        CPU     %user     %nice   %system   %iowait    %steal     %idle
15:09:25        all     77.50      0.00     19.58      0.00      2.92      0.00

15:09:23          tps      rtps      wtps      dtps   bread/s   bwrtn/s   bdscd/s
15:09:25       283.00     69.00    214.00      0.00 139268.00   1728.00      0.00

15:09:23    kbmemfree   kbavail kbmemused  %memused kbbuffers  kbcached  kbcommit   %commit  kbactive   kbinact   kbdirty
15:09:25        71268    574896   1199528     59.07         8    621136   2127148    104.75   1172536    582736      1152

15:09:25        CPU     %user     %nice   %system   %iowait    %steal     %idle
15:09:27        all     69.07      0.00     23.95      0.00      6.97      0.00

15:09:25          tps      rtps      wtps      dtps   bread/s   bwrtn/s   bdscd/s
15:09:27       296.50     14.00    282.50      0.00  21880.00  62360.00      0.00

15:09:25    kbmemfree   kbavail kbmemused  %memused kbbuffers  kbcached  kbcommit   %commit  kbactive   kbinact   kbdirty
15:09:27       541080    579404   1195540     58.87         8    156752   2127148    104.75   1172696    118024     39968

15:09:27        CPU     %user     %nice   %system   %iowait    %steal     %idle
15:09:29        all     67.42      0.00     27.69      0.00      4.76      0.13

15:09:27          tps      rtps      wtps      dtps   bread/s   bwrtn/s   bdscd/s
15:09:29       489.00      1.00    488.00      0.00      8.00 437604.00      0.00

15:09:27    kbmemfree   kbavail kbmemused  %memused kbbuffers  kbcached  kbcommit   %commit  kbactive   kbinact   kbdirty
15:09:29        72812    580160   1194532     58.82         8    625740   2127148    104.75   1173216    586276     13944

15:09:29        CPU     %user     %nice   %system   %iowait    %steal     %idle
15:09:31        all     79.05      0.00     15.56      0.00      5.40      0.00

15:09:29          tps      rtps      wtps      dtps   bread/s   bwrtn/s   bdscd/s
15:09:31       143.00      0.00    143.00      0.00      0.00 240900.00      0.00

15:09:29    kbmemfree   kbavail kbmemused  %memused kbbuffers  kbcached  kbcommit   %commit  kbactive   kbinact   kbdirty
15:09:31        82012    579348   1195280     58.86         8    614976   2127148    104.75   1172512    576608     55028

15:09:31        CPU     %user     %nice   %system   %iowait    %steal     %idle
15:09:33        all     67.09      0.00     25.74      0.00      7.17      0.00

15:09:31          tps      rtps      wtps      dtps   bread/s   bwrtn/s   bdscd/s
15:09:33        34.50      0.00     34.50      0.00      0.00  80856.00      0.00

15:09:31    kbmemfree   kbavail kbmemused  %memused kbbuffers  kbcached  kbcommit   %commit  kbactive   kbinact   kbdirty
15:09:33        82572    578724   1195576     58.88         8    613640   2127148    104.75   1172512    575412      5052

15:09:33        CPU     %user     %nice   %system   %iowait    %steal     %idle
15:09:35        all     86.61      0.00      8.39      0.00      5.01      0.00

15:09:33          tps      rtps      wtps      dtps   bread/s   bwrtn/s   bdscd/s
15:09:35        92.00     30.00     62.00      0.00  60288.00 144164.00      0.00

15:09:33    kbmemfree   kbavail kbmemused  %memused kbbuffers  kbcached  kbcommit   %commit  kbactive   kbinact   kbdirty
15:09:35        86904    578356   1195748     58.88         8    609120   2127148    104.75   1172472    570624     52480

15:09:35        CPU     %user     %nice   %system   %iowait    %steal     %idle
15:09:37        all     83.03      0.00     11.66      0.00      5.31      0.00

15:09:35          tps      rtps      wtps      dtps   bread/s   bwrtn/s   bdscd/s
15:09:37       196.00     61.50    134.50      0.00  74644.00  37836.00      0.00

15:09:35    kbmemfree   kbavail kbmemused  %memused kbbuffers  kbcached  kbcommit   %commit  kbactive   kbinact   kbdirty
15:09:37        78432    574616   1199456     59.07         8    613932   2127148    104.75   1172660    575068     52544

15:09:37        CPU     %user     %nice   %system   %iowait    %steal     %idle
15:09:39        all     84.59      0.00     12.95      0.00      2.46      0.00

15:09:37          tps      rtps      wtps      dtps   bread/s   bwrtn/s   bdscd/s
15:09:39       204.50     40.50    164.00      0.00  61460.00   1336.00      0.00

15:09:37    kbmemfree   kbavail kbmemused  %memused kbbuffers  kbcached  kbcommit   %commit  kbactive   kbinact   kbdirty
15:09:39        71580    579208   1194624     58.83         8    625616   2127148    104.75   1172640    586532     52544

15:09:39        CPU     %user     %nice   %system   %iowait    %steal     %idle
15:09:41        all     76.59      0.00     20.84      0.00      2.57      0.00

15:09:39          tps      rtps      wtps      dtps   bread/s   bwrtn/s   bdscd/s
15:09:41       354.00     55.00    299.00      0.00 102432.00   2428.00      0.00

15:09:39    kbmemfree   kbavail kbmemused  %memused kbbuffers  kbcached  kbcommit   %commit  kbactive   kbinact   kbdirty
15:09:41        77628    579016   1195116     58.85         8    619012   2127148    104.75   1172752    580280     52580

15:09:41        CPU     %user     %nice   %system   %iowait    %steal     %idle
15:09:43        all     69.71      0.00     22.72      0.00      7.44      0.13

15:09:41          tps      rtps      wtps      dtps   bread/s   bwrtn/s   bdscd/s
15:09:43       414.00     70.00    344.00      0.00 135200.00   2780.00      0.00

15:09:41    kbmemfree   kbavail kbmemused  %memused kbbuffers  kbcached  kbcommit   %commit  kbactive   kbinact   kbdirty
15:09:43        76888    577496   1196664     58.93         8    618092   2127148    104.75   1172692    579552     52692

15:09:43        CPU     %user     %nice   %system   %iowait    %steal     %idle
15:09:45        all     73.47      0.00     22.78      0.00      3.75      0.00

15:09:43          tps      rtps      wtps      dtps   bread/s   bwrtn/s   bdscd/s
15:09:45       440.00     58.50    381.50      0.00 110776.00  53064.00      0.00

15:09:43    kbmemfree   kbavail kbmemused  %memused kbbuffers  kbcached  kbcommit   %commit  kbactive   kbinact   kbdirty
15:09:45        85172    577964   1195996     58.90         8    610368   2127148    104.75   1172468    571836      2640

15:09:45        CPU     %user     %nice   %system   %iowait    %steal     %idle
15:09:47        all     82.96      0.00     12.03      0.00      5.01      0.00

15:09:45          tps      rtps      wtps      dtps   bread/s   bwrtn/s   bdscd/s
15:09:47       263.00     63.50    199.50      0.00 114592.00   1600.00      0.00

15:09:45    kbmemfree   kbavail kbmemused  %memused kbbuffers  kbcached  kbcommit   %commit  kbactive   kbinact   kbdirty
15:09:47        87156    578080   1195952     58.89         8    608368   2127148    104.75   1172112    570448      2648

15:09:47        CPU     %user     %nice   %system   %iowait    %steal     %idle
15:09:49        all     70.92      0.00     21.37      0.00      7.71      0.00

15:09:47          tps      rtps      wtps      dtps   bread/s   bwrtn/s   bdscd/s
15:09:49       376.00    112.50    263.50      0.00  99356.00   4004.00      0.00

15:09:47    kbmemfree   kbavail kbmemused  %memused kbbuffers  kbcached  kbcommit   %commit  kbactive   kbinact   kbdirty
15:09:49        84652    578352   1195352     58.87         8    611456   2127148    104.75   1174656    570672      3288

15:09:49        CPU     %user     %nice   %system   %iowait    %steal     %idle
15:09:51        all     79.01      0.00     16.43      0.00      4.55      0.00

15:09:49          tps      rtps      wtps      dtps   bread/s   bwrtn/s   bdscd/s
15:09:51       377.50     83.50    294.00      0.00 154236.00   9200.00      0.00

15:09:49    kbmemfree   kbavail kbmemused  %memused kbbuffers  kbcached  kbcommit   %commit  kbactive   kbinact   kbdirty
15:09:51        85376    578764   1195324     58.86         8    610900   2127148    104.75   1175428    569580      1244

15:09:51        CPU     %user     %nice   %system   %iowait    %steal     %idle
15:09:53        all     62.06      0.00     32.61      0.00      5.33      0.00

15:09:51          tps      rtps      wtps      dtps   bread/s   bwrtn/s   bdscd/s
15:09:53       377.50     80.00    297.50      0.00 123360.00 194256.00      0.00

15:09:51    kbmemfree   kbavail kbmemused  %memused kbbuffers  kbcached  kbcommit   %commit  kbactive   kbinact   kbdirty
15:09:53       914472   1189348    585224     28.82         8    393008   2127148    104.75    566016    351624    108696

15:09:53        CPU     %user     %nice   %system   %iowait    %steal     %idle
15:09:55        all     59.95      0.00     35.05      0.00      5.01      0.00

15:09:53          tps      rtps      wtps      dtps   bread/s   bwrtn/s   bdscd/s
15:09:55       279.50      0.50    279.00      0.00      8.00 478776.00      0.00

15:09:53    kbmemfree   kbavail kbmemused  %memused kbbuffers  kbcached  kbcommit   %commit  kbactive   kbinact   kbdirty
15:09:55        81708    578416   1195668     58.88         8    614512   2127148    104.75   1174288    574076     25024

15:09:55        CPU     %user     %nice   %system   %iowait    %steal     %idle
15:09:57        all     94.93      0.00      2.53      0.00      2.53      0.00

15:09:55          tps      rtps      wtps      dtps   bread/s   bwrtn/s   bdscd/s
15:09:57        25.00      0.00     25.00      0.00      0.00  55140.00      0.00

15:09:55    kbmemfree   kbavail kbmemused  %memused kbbuffers  kbcached  kbcommit   %commit  kbactive   kbinact   kbdirty
15:09:57        81824    578320   1195724     58.88         8    614228   2127148    104.75   1174580    573736     46632

15:09:57        CPU     %user     %nice   %system   %iowait    %steal     %idle
15:09:59        all     79.62      0.00     13.50      0.00      6.88      0.00

15:09:57          tps      rtps      wtps      dtps   bread/s   bwrtn/s   bdscd/s
15:09:59       108.00      0.50    107.50      0.00    256.00 231312.00      0.00

15:09:57    kbmemfree   kbavail kbmemused  %memused kbbuffers  kbcached  kbcommit   %commit  kbactive   kbinact   kbdirty
15:09:59        83976    578284   1195784     58.89         8    611760   2127148    104.75   1174152    571684      2436

15:09:59        CPU     %user     %nice   %system   %iowait    %steal     %idle
15:10:01        all     81.69      0.00     13.18      0.00      5.13      0.00

15:09:59          tps      rtps      wtps      dtps   bread/s   bwrtn/s   bdscd/s
15:10:01       129.50     16.50    113.00      0.00  26904.00  92340.00      0.00

15:09:59    kbmemfree   kbavail kbmemused  %memused kbbuffers  kbcached  kbcommit   %commit  kbactive   kbinact   kbdirty
15:10:01        87176    578320   1195712     58.88         8    608632   2127148    104.75   1174160    568596      2540

15:10:01        CPU     %user     %nice   %system   %iowait    %steal     %idle
15:10:03        all     77.94      0.00     17.57      0.00      4.49      0.00

15:10:01          tps      rtps      wtps      dtps   bread/s   bwrtn/s   bdscd/s
15:10:03       212.94     39.30    173.63      0.00  74658.71   1484.58      0.00

15:10:01    kbmemfree   kbavail kbmemused  %memused kbbuffers  kbcached  kbcommit   %commit  kbactive   kbinact   kbdirty
15:10:03        82136    577608   1196760     58.93         8    612688   2127148    104.75   1174192    572892      2608

15:10:03        CPU     %user     %nice   %system   %iowait    %steal     %idle
15:10:05        all     82.94      0.00     12.80      0.00      4.27      0.00

15:10:03          tps      rtps      wtps      dtps   bread/s   bwrtn/s   bdscd/s
15:10:05       191.50     55.50    136.00      0.00 106524.00   1132.00      0.00

15:10:03    kbmemfree   kbavail kbmemused  %memused kbbuffers  kbcached  kbcommit   %commit  kbactive   kbinact   kbdirty
15:10:05        86152    578320   1195584     58.88         8    609832   2127148    104.75   1173836    569936      2624

15:10:05        CPU     %user     %nice   %system   %iowait    %steal     %idle
15:10:07        all     74.90      0.00     19.57      0.00      5.53      0.00

15:10:05          tps      rtps      wtps      dtps   bread/s   bwrtn/s   bdscd/s
15:10:07       196.00     61.00    135.00      0.00 106536.00   1108.00      0.00

15:10:05    kbmemfree   kbavail kbmemused  %memused kbbuffers  kbcached  kbcommit   %commit  kbactive   kbinact   kbdirty
15:10:07        78352    574516   1199256     59.06         8    613960   2127148    104.75   1173676    574060      2640

15:10:07        CPU     %user     %nice   %system   %iowait    %steal     %idle
15:10:09        all     69.60      0.00     25.43      0.00      4.97      0.00

15:10:07          tps      rtps      wtps      dtps   bread/s   bwrtn/s   bdscd/s
15:10:09       135.50     51.00     84.50      0.00  98328.00    684.00      0.00

15:10:07    kbmemfree   kbavail kbmemused  %memused kbbuffers  kbcached  kbcommit   %commit  kbactive   kbinact   kbdirty
15:10:09        77328    576732   1197396     58.97         8    616844   2127148    104.75   1173796    577180      2656

15:10:09        CPU     %user     %nice   %system   %iowait    %steal     %idle
15:10:11        all     71.09      0.00     21.09      0.00      7.82      0.00

15:10:09          tps      rtps      wtps      dtps   bread/s   bwrtn/s   bdscd/s
15:10:11       246.00     71.50    174.50      0.00 139292.00   1432.00      0.00

15:10:09    kbmemfree   kbavail kbmemused  %memused kbbuffers  kbcached  kbcommit   %commit  kbactive   kbinact   kbdirty
15:10:11        81456    578560   1195448     58.87         8    614628   2127148    104.75   1173660    574916      2688

15:10:11        CPU     %user     %nice   %system   %iowait    %steal     %idle
15:10:13        all     65.75      0.00     26.38      0.00      7.87      0.00

15:10:11          tps      rtps      wtps      dtps   bread/s   bwrtn/s   bdscd/s
15:10:13       240.00    121.00    119.00      0.00 143384.00    964.00      0.00

15:10:11    kbmemfree   kbavail kbmemused  %memused kbbuffers  kbcached  kbcommit   %commit  kbactive   kbinact   kbdirty
15:10:13       749924   1390792    383264     18.87         8    758376   2127148    104.75    362884    718484      2688

15:10:13        CPU     %user     %nice   %system   %iowait    %steal     %idle
15:10:15        all     66.80      0.00     23.25      0.00      9.95      0.00

15:10:13          tps      rtps      wtps      dtps   bread/s   bwrtn/s   bdscd/s
15:10:15       199.50     72.50    127.00      0.00 147460.00   1032.00      0.00

15:10:13    kbmemfree   kbavail kbmemused  %memused kbbuffers  kbcached  kbcommit   %commit  kbactive   kbinact   kbdirty
15:10:15       306624   1095380    678632     33.42         8    906308   2127148    104.75    658852    866192      2704

15:10:15        CPU     %user     %nice   %system   %iowait    %steal     %idle
15:10:17        all     69.18      0.00     25.66      0.00      5.16      0.00

15:10:15          tps      rtps      wtps      dtps   bread/s   bwrtn/s   bdscd/s
15:10:17       173.50     62.50    111.00      0.00 121876.00    916.00      0.00

15:10:15    kbmemfree   kbavail kbmemused  %memused kbbuffers  kbcached  kbcommit   %commit  kbactive   kbinact   kbdirty
15:10:17        70856    725352   1048796     51.65         8    771868   2127148    104.75   1028232    732192      2740

15:10:17        CPU     %user     %nice   %system   %iowait    %steal     %idle
15:10:19        all     70.78      0.00     26.81      0.00      2.41      0.00

15:10:17          tps      rtps      wtps      dtps   bread/s   bwrtn/s   bdscd/s
15:10:19       229.00     47.00    182.00      0.00  83256.00  66944.00      0.00

15:10:17    kbmemfree   kbavail kbmemused  %memused kbbuffers  kbcached  kbcommit   %commit  kbactive   kbinact   kbdirty
15:10:19       527908    579724   1194716     58.83         8    170020   2127148    104.75   1173308    130680     27060

15:10:19        CPU     %user     %nice   %system   %iowait    %steal     %idle
15:10:21        all     68.54      0.00     27.42      0.00      4.05      0.00

15:10:19          tps      rtps      wtps      dtps   bread/s   bwrtn/s   bdscd/s
15:10:21       325.00      7.50    317.50      0.00    216.00 438060.00      0.00

15:10:19    kbmemfree   kbavail kbmemused  %memused kbbuffers  kbcached  kbcommit   %commit  kbactive   kbinact   kbdirty
15:10:21        78988    578992   1195104     58.85         8    618484   2127148    104.75   1174044    578148     60588

15:10:21        CPU     %user     %nice   %system   %iowait    %steal     %idle
15:10:23        all     63.45      0.00     23.89      0.00     12.66      0.00

15:10:21          tps      rtps      wtps      dtps   bread/s   bwrtn/s   bdscd/s
15:10:23       233.00     30.00    203.00      0.00    948.00 293820.00      0.00

15:10:21    kbmemfree   kbavail kbmemused  %memused kbbuffers  kbcached  kbcommit   %commit  kbactive   kbinact   kbdirty
15:10:23        82160    577776   1196080     58.90         8    613448   2127148    104.75   1174596    572736     44156

15:10:23        CPU     %user     %nice   %system   %iowait    %steal     %idle
15:10:25        all     78.17      0.00     17.05      0.00      4.78      0.00

15:10:23          tps      rtps      wtps      dtps   bread/s   bwrtn/s   bdscd/s
15:10:25       196.50     58.00    138.50      0.00  45716.00 254596.00      0.00

15:10:23    kbmemfree   kbavail kbmemused  %memused kbbuffers  kbcached  kbcommit   %commit  kbactive   kbinact   kbdirty
15:10:25      1028284   1536312    237476     11.69         8    625680   2127152    104.75    217484    582504      3856

15:10:25        CPU     %user     %nice   %system   %iowait    %steal     %idle
15:10:27        all     71.35      0.00     23.57      0.00      5.08      0.00

15:10:25          tps      rtps      wtps      dtps   bread/s   bwrtn/s   bdscd/s
15:10:27       223.00     63.00    160.00      0.00 112276.00   9880.00      0.00

15:10:25    kbmemfree   kbavail kbmemused  %memused kbbuffers  kbcached  kbcommit   %commit  kbactive   kbinact   kbdirty
15:10:27       254596    879832    893872     44.02         8    742988   2127152    104.75    878428    697828      1260

15:10:27        CPU     %user     %nice   %system   %iowait    %steal     %idle
15:10:29        all     74.67      0.00     22.69      0.00      2.64      0.00

15:10:27          tps      rtps      wtps      dtps   bread/s   bwrtn/s   bdscd/s
15:10:29       295.00    109.50    185.50      0.00 164496.00   1492.00      0.00

15:10:27    kbmemfree   kbavail kbmemused  %memused kbbuffers  kbcached  kbcommit   %commit  kbactive   kbinact   kbdirty
15:10:29      1108984   1625160    148436      7.31         8    634036   2127256    104.76    128396    590708      1436

15:10:29        CPU     %user     %nice   %system   %iowait    %steal     %idle
15:10:31        all     72.05      0.00     26.25      0.13      1.57      0.00

15:10:29          tps      rtps      wtps      dtps   bread/s   bwrtn/s   bdscd/s
15:10:31       621.50    149.50    472.00      0.00 178260.00   3804.00      0.00

15:10:29    kbmemfree   kbavail kbmemused  %memused kbbuffers  kbcached  kbcommit   %commit  kbactive   kbinact   kbdirty
15:10:31       672180   1363716    410264     20.20         8    809044   2127256    104.76    394140    765320      1548

15:10:31        CPU     %user     %nice   %system   %iowait    %steal     %idle
15:10:33        all     73.59      0.00     24.05      0.00      2.37      0.00

15:10:31          tps      rtps      wtps      dtps   bread/s   bwrtn/s   bdscd/s
15:10:33       594.50     84.50    510.00      0.00 155716.00   4132.00      0.00

15:10:31    kbmemfree   kbavail kbmemused  %memused kbbuffers  kbcached  kbcommit   %commit  kbactive   kbinact   kbdirty
15:10:33       124080    982044    791920     39.00         8    975488   2127256    104.76    775492    931152      1552

15:10:33        CPU     %user     %nice   %system   %iowait    %steal     %idle
15:10:35        all     65.79      0.00     30.20      0.00      4.01      0.00

15:10:33          tps      rtps      wtps      dtps   bread/s   bwrtn/s   bdscd/s
15:10:35       492.00     46.00    446.00      0.00  90164.00   3580.00      0.00

15:10:33    kbmemfree   kbavail kbmemused  %memused kbbuffers  kbcached  kbcommit   %commit  kbactive   kbinact   kbdirty
15:10:35        86872    684208   1089228     53.64         8    715284   2127256    104.76   1070364    672492      1648

15:10:35        CPU     %user     %nice   %system   %iowait    %steal     %idle
15:10:37        all     74.11      0.00     24.23      0.00      1.66      0.00

15:10:35          tps      rtps      wtps      dtps   bread/s   bwrtn/s   bdscd/s
15:10:37       477.00     37.00    440.00      0.00  69648.00   3556.00      0.00

15:10:35    kbmemfree   kbavail kbmemused  %memused kbbuffers  kbcached  kbcommit   %commit  kbactive   kbinact   kbdirty
15:10:37        75312    577608   1195980     58.90         8    619960   2127256    104.76   1176156    577736      1788

15:10:37        CPU     %user     %nice   %system   %iowait    %steal     %idle
15:10:39        all     71.38      0.00     25.00      0.00      3.62      0.00

15:10:37          tps      rtps      wtps      dtps   bread/s   bwrtn/s   bdscd/s
15:10:39       564.50    111.00    453.50      0.00 106532.00   3668.00      0.00

15:10:37    kbmemfree   kbavail kbmemused  %memused kbbuffers  kbcached  kbcommit   %commit  kbactive   kbinact   kbdirty
15:10:39        79516    574784   1198872     59.04         8    612688   2127256    104.76   1176248    570452      1868

15:10:39        CPU     %user     %nice   %system   %iowait    %steal     %idle
15:10:41        all     76.53      0.00     18.10      0.12      5.12      0.12

15:10:39          tps      rtps      wtps      dtps   bread/s   bwrtn/s   bdscd/s
15:10:41       360.00     85.00    275.00      0.00  93260.00   2432.00      0.00

15:10:39    kbmemfree   kbavail kbmemused  %memused kbbuffers  kbcached  kbcommit   %commit  kbactive   kbinact   kbdirty
15:10:41        85532    577388   1195964     58.90         8    609472   2127256    104.76   1176312    567132      1900

15:10:41        CPU     %user     %nice   %system   %iowait    %steal     %idle
15:10:43        all     72.00      0.00     22.12      0.00      5.88      0.00

15:10:41          tps      rtps      wtps      dtps   bread/s   bwrtn/s   bdscd/s
15:10:43       551.50     23.00    528.50      0.00  34496.00 144044.00      0.00

15:10:41    kbmemfree   kbavail kbmemused  %memused kbbuffers  kbcached  kbcommit   %commit  kbactive   kbinact   kbdirty
15:10:43      1275096   1537732    235856     11.61         8    380996   2258332    111.21    219836    337980    154576

15:10:43        CPU     %user     %nice   %system   %iowait    %steal     %idle
15:10:45        all     58.56      0.00     35.16      0.00      6.27      0.00

15:10:43          tps      rtps      wtps      dtps   bread/s   bwrtn/s   bdscd/s
15:10:45       350.00      6.50    343.50      0.00     76.00 568244.00      0.00

15:10:43    kbmemfree   kbavail kbmemused  %memused kbbuffers  kbcached  kbcommit   %commit  kbactive   kbinact   kbdirty
15:10:45       306260   1080088    693080     34.13         8    891888   2258332    111.21    676540    848360      5784

15:10:45        CPU     %user     %nice   %system   %iowait    %steal     %idle
15:10:47        all     57.31      0.00     34.36      0.00      8.33      0.00

15:10:45          tps      rtps      wtps      dtps   bread/s   bwrtn/s   bdscd/s
15:10:47       235.50     69.50    166.00      0.00 103992.00 276916.00      0.00

15:10:45    kbmemfree   kbavail kbmemused  %memused kbbuffers  kbcached  kbcommit   %commit  kbactive   kbinact   kbdirty
15:10:47        77720    505732   1267652     62.43         8    545452   2258332    111.21   1248748    502556      4028

15:10:47        CPU     %user     %nice   %system   %iowait    %steal     %idle
15:10:49        all     83.54      0.00     11.27      0.00      5.19      0.00

15:10:47          tps      rtps      wtps      dtps   bread/s   bwrtn/s   bdscd/s
15:10:49       180.50     21.50    159.00      0.00  40988.00  74308.00      0.00

15:10:47    kbmemfree   kbavail kbmemused  %memused kbbuffers  kbcached  kbcommit   %commit  kbactive   kbinact   kbdirty
15:10:49        76332    446828   1326700     65.33         8    488012   2258332    111.21   1307980    445172       636

15:10:49        CPU     %user     %nice   %system   %iowait    %steal     %idle
15:10:51        all     77.74      0.00     15.97      0.13      6.16      0.00

15:10:49          tps      rtps      wtps      dtps   bread/s   bwrtn/s   bdscd/s
15:10:51       301.50     51.50    250.00      0.00  88952.00   2104.00      0.00

15:10:49    kbmemfree   kbavail kbmemused  %memused kbbuffers  kbcached  kbcommit   %commit  kbactive   kbinact   kbdirty
15:10:51        78064    446380   1327028     65.35         8    485956   2258332    111.21   1309144    441704      1592

15:10:51        CPU     %user     %nice   %system   %iowait    %steal     %idle
15:10:53        all     87.75      0.00      7.95      0.00      4.29      0.00

15:10:51          tps      rtps      wtps      dtps   bread/s   bwrtn/s   bdscd/s
15:10:53       150.00     36.50    113.50      0.00  72476.00    932.00      0.00

15:10:51    kbmemfree   kbavail kbmemused  %memused kbbuffers  kbcached  kbcommit   %commit  kbactive   kbinact   kbdirty
15:10:53        89656    447444   1326164     65.31         8    475228   2258332    111.21   1309020    431300      1628

15:10:53        CPU     %user     %nice   %system   %iowait    %steal     %idle
15:10:55        all     91.60      0.00      5.26      0.00      3.13      0.00

15:10:53          tps      rtps      wtps      dtps   bread/s   bwrtn/s   bdscd/s
15:10:55       148.00     64.50     83.50      0.00  82268.00    680.00      0.00

15:10:53    kbmemfree   kbavail kbmemused  %memused kbbuffers  kbcached  kbcommit   %commit  kbactive   kbinact   kbdirty
15:10:55        95140    446188   1327336     65.36         8    468572   2258332    111.21   1308644    425000      1740

15:10:55        CPU     %user     %nice   %system   %iowait    %steal     %idle
15:10:57        all     79.10      0.00     16.65      0.00      4.26      0.00

15:10:55          tps      rtps      wtps      dtps   bread/s   bwrtn/s   bdscd/s
15:10:57       395.50     98.00    297.50      0.00 181268.00   2404.00      0.00

15:10:55    kbmemfree   kbavail kbmemused  %memused kbbuffers  kbcached  kbcommit   %commit  kbactive   kbinact   kbdirty
15:10:57        86744    447628   1325768     65.29         8    478536   2258332    111.21   1308180    435328      1852

15:10:57        CPU     %user     %nice   %system   %iowait    %steal     %idle
15:10:59        all     72.91      0.00     18.73      0.00      8.36      0.00

15:10:57          tps      rtps      wtps      dtps   bread/s   bwrtn/s   bdscd/s
15:10:59       559.50    165.00    394.50      0.00 272284.00   3220.00      0.00

15:10:57    kbmemfree   kbavail kbmemused  %memused kbbuffers  kbcached  kbcommit   %commit  kbactive   kbinact   kbdirty
15:10:59        78120    447304   1326304     65.31         8    486624   2258332    111.21   1308204    443636      1868

15:10:59        CPU     %user     %nice   %system   %iowait    %steal     %idle
15:11:01        all     78.34      0.00     18.03      0.00      3.63      0.00

15:10:59          tps      rtps      wtps      dtps   bread/s   bwrtn/s   bdscd/s
15:11:01       522.39     90.05    432.34      0.00 157377.11   3498.51      0.00

15:10:59    kbmemfree   kbavail kbmemused  %memused kbbuffers  kbcached  kbcommit   %commit  kbactive   kbinact   kbdirty
15:11:01        72280    445900   1327492     65.37         8    491232   2258332    111.21   1308304    447972      1968

15:11:01        CPU     %user     %nice   %system   %iowait    %steal     %idle
15:11:03        all     71.63      0.00     21.31      0.00      7.06      0.00

15:11:01          tps      rtps      wtps      dtps   bread/s   bwrtn/s   bdscd/s
15:11:03       528.50     32.50    496.00      0.00  49560.00 347416.00      0.00

15:11:01    kbmemfree   kbavail kbmemused  %memused kbbuffers  kbcached  kbcommit   %commit  kbactive   kbinact   kbdirty
15:11:03        97628    446384   1327444     65.37         8    466836   2258332    111.21   1309064    422856     26120

15:11:03        CPU     %user     %nice   %system   %iowait    %steal     %idle
15:11:05        all     81.08      0.00     18.30      0.00      0.63      0.00

15:11:03          tps      rtps      wtps      dtps   bread/s   bwrtn/s   bdscd/s
15:11:05       232.50      3.50    229.00      0.00     40.00 357396.00      0.00

15:11:03    kbmemfree   kbavail kbmemused  %memused kbbuffers  kbcached  kbcommit   %commit  kbactive   kbinact   kbdirty
15:11:05        81416    446736   1326900     65.34         8    483032   2258332    111.21   1308140    440096     11140

15:11:05        CPU     %user     %nice   %system   %iowait    %steal     %idle
15:11:07        all     85.93      0.00     11.89      0.00      2.17      0.00

15:11:05          tps      rtps      wtps      dtps   bread/s   bwrtn/s   bdscd/s
15:11:07        68.50      0.00     68.50      0.00      0.00 163208.00      0.00

15:11:05    kbmemfree   kbavail kbmemused  %memused kbbuffers  kbcached  kbcommit   %commit  kbactive   kbinact   kbdirty
15:11:07        70100    446232   1327204     65.36         8    493636   2258332    111.21   1308028    450876     20676

15:11:07        CPU     %user     %nice   %system   %iowait    %steal     %idle
15:11:09        all     80.99      0.00     13.01      0.00      5.99      0.00

15:11:07          tps      rtps      wtps      dtps   bread/s   bwrtn/s   bdscd/s
15:11:09       175.00     24.50    150.50      0.00  45612.00 183756.00      0.00

15:11:07    kbmemfree   kbavail kbmemused  %memused kbbuffers  kbcached  kbcommit   %commit  kbactive   kbinact   kbdirty
15:11:09        80256    446360   1326780     65.34         8    483784   2258332    111.21   1308316    440400      3312

15:11:09        CPU     %user     %nice   %system   %iowait    %steal     %idle
15:11:11        all     79.50      0.00     15.62      0.00      4.88      0.00

15:11:09          tps      rtps      wtps      dtps   bread/s   bwrtn/s   bdscd/s
15:11:11       149.50     43.50    106.00      0.00  85232.00    872.00      0.00

15:11:09    kbmemfree   kbavail kbmemused  %memused kbbuffers  kbcached  kbcommit   %commit  kbactive   kbinact   kbdirty
15:11:11        77768    445972   1327116     65.35         8    485932   2258332    111.21   1308476    442340      3336

15:11:11        CPU     %user     %nice   %system   %iowait    %steal     %idle
15:11:13        all     86.65      0.00      9.42      0.00      3.93      0.00

15:11:11          tps      rtps      wtps      dtps   bread/s   bwrtn/s   bdscd/s
15:11:13       126.00     31.50     94.50      0.00  61452.00    776.00      0.00

15:11:11    kbmemfree   kbavail kbmemused  %memused kbbuffers  kbcached  kbcommit   %commit  kbactive   kbinact   kbdirty
15:11:13        86336    445924   1327284     65.36         8    477172   2258332    111.21   1308696    433536      3364

15:11:13        CPU     %user     %nice   %system   %iowait    %steal     %idle
15:11:15        all     76.51      0.00     19.16      0.00      4.33      0.00

15:11:13          tps      rtps      wtps      dtps   bread/s   bwrtn/s   bdscd/s
15:11:15       235.00     86.50    148.50      0.00 128144.00   1212.00      0.00

15:11:13    kbmemfree   kbavail kbmemused  %memused kbbuffers  kbcached  kbcommit   %commit  kbactive   kbinact   kbdirty
15:11:15        82908    445952   1327088     65.35         8    480724   2258332    111.21   1308612    437076      3384

15:11:15        CPU     %user     %nice   %system   %iowait    %steal     %idle
15:11:17        all     84.20      0.00     11.17      0.00      4.63      0.00

15:11:15          tps      rtps      wtps      dtps   bread/s   bwrtn/s   bdscd/s
15:11:17        85.00     46.00     39.00      0.00  76676.00    324.00      0.00

15:11:15    kbmemfree   kbavail kbmemused  %memused kbbuffers  kbcached  kbcommit   %commit  kbactive   kbinact   kbdirty
15:11:17        78448    446384   1326820     65.34         8    485420   2258332    111.21   1308784    441796      3376

15:11:17        CPU     %user     %nice   %system   %iowait    %steal     %idle
15:11:19        all     79.31      0.00     16.97      0.00      3.72      0.00

15:11:17          tps      rtps      wtps      dtps   bread/s   bwrtn/s   bdscd/s
15:11:19       162.50     69.00     93.50      0.00 131112.00    760.00      0.00

15:11:17    kbmemfree   kbavail kbmemused  %memused kbbuffers  kbcached  kbcommit   %commit  kbactive   kbinact   kbdirty
15:11:19        84696    445992   1326968     65.35         8    479008   2258332    111.21   1308568    435372      3392

15:11:19        CPU     %user     %nice   %system   %iowait    %steal     %idle
15:11:21        all     73.42      0.00     19.73      0.00      6.85      0.00

15:11:19          tps      rtps      wtps      dtps   bread/s   bwrtn/s   bdscd/s
15:11:21       209.50     77.00    132.50      0.00 151576.00   1088.00      0.00

15:11:19    kbmemfree   kbavail kbmemused  %memused kbbuffers  kbcached  kbcommit   %commit  kbactive   kbinact   kbdirty
15:11:21        76852    445656   1327500     65.37         8    486276   2258332    111.21   1308928    442488      3408

15:11:21        CPU     %user     %nice   %system   %iowait    %steal     %idle
15:11:23        all     80.46      0.00     13.24      0.00      6.30      0.00

15:11:21          tps      rtps      wtps      dtps   bread/s   bwrtn/s   bdscd/s
15:11:23       227.50     98.00    129.50      0.00  90984.00  11516.00      0.00

15:11:21    kbmemfree   kbavail kbmemused  %memused kbbuffers  kbcached  kbcommit   %commit  kbactive   kbinact   kbdirty
15:11:23        78588    445856   1327380     65.37         8    484716   2258332    111.21   1310296    439584       120

15:11:23        CPU     %user     %nice   %system   %iowait    %steal     %idle
15:11:25        all     72.86      0.00     22.86      0.00      4.27      0.00

15:11:23          tps      rtps      wtps      dtps   bread/s   bwrtn/s   bdscd/s
15:11:25       457.21    178.11    279.10      0.00 232728.36   2276.62      0.00

15:11:23    kbmemfree   kbavail kbmemused  %memused kbbuffers  kbcached  kbcommit   %commit  kbactive   kbinact   kbdirty
15:11:25      1042072   1511356    261728     12.89         8    586860   2127148    104.75    248416    540212      1576

15:11:25        CPU     %user     %nice   %system   %iowait    %steal     %idle
15:11:27        all     62.01      0.00     35.47      0.00      2.52      0.00

15:11:25          tps      rtps      wtps      dtps   bread/s   bwrtn/s   bdscd/s
15:11:27       583.00     32.00    551.00      0.00  45452.00 444316.00      0.00

15:11:25    kbmemfree   kbavail kbmemused  %memused kbbuffers  kbcached  kbcommit   %commit  kbactive   kbinact   kbdirty
15:11:27       598512   1097220    676360     33.31         8    616644   2127148    104.75    663860    569028    109448

15:11:27        CPU     %user     %nice   %system   %iowait    %steal     %idle
15:11:29        all     72.00      0.00     23.50      0.00      4.50      0.00

15:11:27          tps      rtps      wtps      dtps   bread/s   bwrtn/s   bdscd/s
15:11:29       205.50      1.00    204.50      0.00     20.00 428184.00      0.00

15:11:27    kbmemfree   kbavail kbmemused  %memused kbbuffers  kbcached  kbcommit   %commit  kbactive   kbinact   kbdirty
15:11:29        82120    578104   1195008     58.85         8    613396   2127148    104.75   1179700    567476     34452

15:11:29        CPU     %user     %nice   %system   %iowait    %steal     %idle
15:11:31        all     91.50      0.00      6.88      0.00      1.62      0.00

15:11:29          tps      rtps      wtps      dtps   bread/s   bwrtn/s   bdscd/s
15:11:31       117.00     16.00    101.00      0.00  28440.00 132208.00      0.00

15:11:29    kbmemfree   kbavail kbmemused  %memused kbbuffers  kbcached  kbcommit   %commit  kbactive   kbinact   kbdirty
15:11:31        76412    578072   1195248     58.86         8    618912   2127148    104.75   1180268    572788     49992

15:11:31        CPU     %user     %nice   %system   %iowait    %steal     %idle
15:11:33        all     89.71      0.00      6.52      0.00      3.76      0.00

15:11:31          tps      rtps      wtps      dtps   bread/s   bwrtn/s   bdscd/s
15:11:33        76.00     52.50     23.50      0.00  75756.00    196.00      0.00

15:11:31    kbmemfree   kbavail kbmemused  %memused kbbuffers  kbcached  kbcommit   %commit  kbactive   kbinact   kbdirty
15:11:33        66564    575596   1197508     58.97         8    626496   2127148    104.75   1179944    580576     50008

15:11:33        CPU     %user     %nice   %system   %iowait    %steal     %idle
15:11:35        all     79.44      0.00     16.88      0.00      3.68      0.00

15:11:33          tps      rtps      wtps      dtps   bread/s   bwrtn/s   bdscd/s
15:11:35       398.50     65.50    333.00      0.00 114788.00  49436.00      0.00

15:11:33    kbmemfree   kbavail kbmemused  %memused kbbuffers  kbcached  kbcommit   %commit  kbactive   kbinact   kbdirty
15:11:35        83168    576368   1197008     58.95         8    610376   2127148    104.75   1180240    564440      3268

15:11:35        CPU     %user     %nice   %system   %iowait    %steal     %idle
15:11:37        all     81.03      0.00     16.21      0.00      2.77      0.00

15:11:35          tps      rtps      wtps      dtps   bread/s   bwrtn/s   bdscd/s
15:11:37       412.00     61.00    351.00      0.00 119084.00   2884.00      0.00

15:11:35    kbmemfree   kbavail kbmemused  %memused kbbuffers  kbcached  kbcommit   %commit  kbactive   kbinact   kbdirty
15:11:37        73056    577012   1196496     58.92         8    621000   2127148    104.75   1180792    574644      3272

15:11:37        CPU     %user     %nice   %system   %iowait    %steal     %idle
15:11:39        all     78.15      0.00     15.63      0.00      6.22      0.00

15:11:37          tps      rtps      wtps      dtps   bread/s   bwrtn/s   bdscd/s
15:11:39       253.73     70.65    183.08      0.00  97619.90   1619.90      0.00

15:11:37    kbmemfree   kbavail kbmemused  %memused kbbuffers  kbcached  kbcommit   %commit  kbactive   kbinact   kbdirty
15:11:39        82356    577032   1195868     58.89         8    612264   2127148    104.75   1180600    565556      3352

15:11:39        CPU     %user     %nice   %system   %iowait    %steal     %idle
15:11:41        all     77.43      0.00     12.65      0.00      9.73      0.19

15:11:39          tps      rtps      wtps      dtps   bread/s   bwrtn/s   bdscd/s
15:11:41        56.50     21.00     35.50      0.00  36888.00    296.00      0.00

15:11:39    kbmemfree   kbavail kbmemused  %memused kbbuffers  kbcached  kbcommit   %commit  kbactive   kbinact   kbdirty
15:11:41        76004    573588   1199656     59.08         8    614800   2127148    104.75   1180620    568476      3372

15:11:41        CPU     %user     %nice   %system   %iowait    %steal     %idle
15:11:43        all     69.68      0.00     24.59      0.00      5.73      0.00

15:11:41          tps      rtps      wtps      dtps   bread/s   bwrtn/s   bdscd/s
15:11:43       381.00    119.50    261.50      0.00 169336.00   2400.00      0.00

15:11:41    kbmemfree   kbavail kbmemused  %memused kbbuffers  kbcached  kbcommit   %commit  kbactive   kbinact   kbdirty
15:11:43       879840   1443212    329760     16.24         8    680800   2127148    104.75    316156    633208      3424

15:11:43        CPU     %user     %nice   %system   %iowait    %steal     %idle
15:11:45        all     69.56      0.00     26.67      0.00      3.77      0.00

15:11:43          tps      rtps      wtps      dtps   bread/s   bwrtn/s   bdscd/s
15:11:45       348.50     61.00    287.50      0.00 118812.00   2440.00      0.00

15:11:43    kbmemfree   kbavail kbmemused  %memused kbbuffers  kbcached  kbcommit   %commit  kbactive   kbinact   kbdirty
15:11:45        76720    737236   1035744     51.01         8    777848   2127148    104.75   1020884    730364      3424

15:11:45        CPU     %user     %nice   %system   %iowait    %steal     %idle
15:11:47        all     74.62      0.00     23.38      0.00      2.00      0.00

15:11:45          tps      rtps      wtps      dtps   bread/s   bwrtn/s   bdscd/s
15:11:47       413.50     90.00    323.50      0.00 159852.00   2644.00      0.00

15:11:45    kbmemfree   kbavail kbmemused  %memused kbbuffers  kbcached  kbcommit   %commit  kbactive   kbinact   kbdirty
15:11:47        82468    571964   1200532     59.12         8    607184   2127148    104.75   1181024    559976      3424

15:11:47        CPU     %user     %nice   %system   %iowait    %steal     %idle
15:11:49        all     73.08      0.00     24.67      0.00      2.25      0.00

15:11:47          tps      rtps      wtps      dtps   bread/s   bwrtn/s   bdscd/s
15:11:49       440.00     87.00    353.00      0.00 131384.00 204832.00      0.00

15:11:47    kbmemfree   kbavail kbmemused  %memused kbbuffers  kbcached  kbcommit   %commit  kbactive   kbinact   kbdirty
15:11:49       380096    578024   1195508     58.87         8    315752   2127148    104.75   1181184    268808     11492

15:11:49        CPU     %user     %nice   %system   %iowait    %steal     %idle
15:11:51        all     65.51      0.00     29.95      0.00      4.55      0.00

15:11:49          tps      rtps      wtps      dtps   bread/s   bwrtn/s   bdscd/s
15:11:51       443.00      7.00    436.00      0.00     68.00 396964.00      0.00

15:11:49    kbmemfree   kbavail kbmemused  %memused kbbuffers  kbcached  kbcommit   %commit  kbactive   kbinact   kbdirty
15:11:51        79648    577460   1195764     58.89         8    615764   2127148    104.75   1181628    568216     43340

15:11:51        CPU     %user     %nice   %system   %iowait    %steal     %idle
15:11:53        all     77.97      0.00     19.90      0.00      2.13      0.00

15:11:51          tps      rtps      wtps      dtps   bread/s   bwrtn/s   bdscd/s
15:11:53       234.50     15.00    219.50      0.00   8236.00 349324.00      0.00

15:11:51    kbmemfree   kbavail kbmemused  %memused kbbuffers  kbcached  kbcommit   %commit  kbactive   kbinact   kbdirty
15:11:53        77220    577860   1194496     58.82         8    618420   2127148    104.75   1180580    571652      4760

15:11:53        CPU     %user     %nice   %system   %iowait    %steal     %idle
15:11:55        all     90.27      0.00      7.73      0.00      2.00      0.00

15:11:53          tps      rtps      wtps      dtps   bread/s   bwrtn/s   bdscd/s
15:11:55       102.00     48.50     53.50      0.00  62024.00 101756.00      0.00

15:11:53    kbmemfree   kbavail kbmemused  %memused kbbuffers  kbcached  kbcommit   %commit  kbactive   kbinact   kbdirty
15:11:55        73852    577548   1195076     58.85         8    621184   2127148    104.75   1181644    573488      5376

15:11:55        CPU     %user     %nice   %system   %iowait    %steal     %idle
15:11:57        all     84.96      0.00     11.78      0.00      3.26      0.00

15:11:55          tps      rtps      wtps      dtps   bread/s   bwrtn/s   bdscd/s
15:11:57       143.50    128.00     15.50      0.00 111888.00   3320.00      0.00

15:11:55    kbmemfree   kbavail kbmemused  %memused kbbuffers  kbcached  kbcommit   %commit  kbactive   kbinact   kbdirty
15:11:57        74168    576976   1195860     58.89         8    620256   2127148    104.75   1183800    570444      4080

15:11:57        CPU     %user     %nice   %system   %iowait    %steal     %idle
15:11:59        all     88.97      0.00      7.27      0.00      3.76      0.00

15:11:57          tps      rtps      wtps      dtps   bread/s   bwrtn/s   bdscd/s
15:11:59       190.50     52.50    138.00      0.00  73860.00   9836.00      0.00

15:11:57    kbmemfree   kbavail kbmemused  %memused kbbuffers  kbcached  kbcommit   %commit  kbactive   kbinact   kbdirty
15:11:59        84752    577224   1195584     58.88         8    609988   2127148    104.75   1184580    559420      1568

15:11:59        CPU     %user     %nice   %system   %iowait    %steal     %idle
15:12:01        all     74.97      0.00     19.27      0.00      5.76      0.00

15:11:59          tps      rtps      wtps      dtps   bread/s   bwrtn/s   bdscd/s
15:12:01       575.50    121.50    454.00      0.00 229636.00   3644.00      0.00

15:11:59    kbmemfree   kbavail kbmemused  %memused kbbuffers  kbcached  kbcommit   %commit  kbactive   kbinact   kbdirty
15:12:01        76980    577416   1195504     58.87         8    617812   2127148    104.75   1183408    568588      1900

15:12:01        CPU     %user     %nice   %system   %iowait    %steal     %idle
15:12:03        all     82.48      0.00     13.89      0.00      3.63      0.00

15:12:01          tps      rtps      wtps      dtps   bread/s   bwrtn/s   bdscd/s
15:12:03       560.00     96.50    463.50      0.00 151992.00   3780.00      0.00

15:12:01    kbmemfree   kbavail kbmemused  %memused kbbuffers  kbcached  kbcommit   %commit  kbactive   kbinact   kbdirty
15:12:03        86044    577000   1195552     58.87         8    608680   2127148    104.75   1183500    558984      2252

15:12:03        CPU     %user     %nice   %system   %iowait    %steal     %idle
15:12:05        all     84.69      0.00     12.42      0.00      2.89      0.00

15:12:03          tps      rtps      wtps      dtps   bread/s   bwrtn/s   bdscd/s
15:12:05       368.50     69.50    299.00      0.00  75932.00   2396.00      0.00

15:12:03    kbmemfree   kbavail kbmemused  %memused kbbuffers  kbcached  kbcommit   %commit  kbactive   kbinact   kbdirty
15:12:05        76144    576960   1195892     58.89         8    618232   2127148    104.75   1183488    568856      2288

15:12:05        CPU     %user     %nice   %system   %iowait    %steal     %idle
15:12:07        all     85.53      0.00     10.41      0.00      4.06      0.00

15:12:05          tps      rtps      wtps      dtps   bread/s   bwrtn/s   bdscd/s
15:12:07       256.00     62.50    193.50      0.00 104520.00   1580.00      0.00

15:12:05    kbmemfree   kbavail kbmemused  %memused kbbuffers  kbcached  kbcommit   %commit  kbactive   kbinact   kbdirty
15:12:07        84484    577228   1195516     58.87         8    610260   2127148    104.75   1182968    561336      2384

15:12:07        CPU     %user     %nice   %system   %iowait    %steal     %idle
15:12:09        all     80.74      0.00     13.14      0.00      6.12      0.00

15:12:07          tps      rtps      wtps      dtps   bread/s   bwrtn/s   bdscd/s
15:12:09       290.50     64.00    226.50      0.00 106752.00   1848.00      0.00

15:12:07    kbmemfree   kbavail kbmemused  %memused kbbuffers  kbcached  kbcommit   %commit  kbactive   kbinact   kbdirty
15:12:09        71852    576360   1196200     58.91         8    622192   2127148    104.75   1183428    572640      2460

15:12:09        CPU     %user     %nice   %system   %iowait    %steal     %idle
15:12:11        all     78.56      0.00     15.28      0.00      6.16      0.00

15:12:09          tps      rtps      wtps      dtps   bread/s   bwrtn/s   bdscd/s
15:12:11       271.64     75.12    196.52      0.00 126730.35   1596.02      0.00

15:12:09    kbmemfree   kbavail kbmemused  %memused kbbuffers  kbcached  kbcommit   %commit  kbactive   kbinact   kbdirty
15:12:11       592012    589068   1195112     58.85         8    103916   2127148    104.75   1183216     54764     37956

15:12:11        CPU     %user     %nice   %system   %iowait    %steal     %idle
15:12:13        all     65.98      0.00     26.87      0.00      7.15      0.00

15:12:11          tps      rtps      wtps      dtps   bread/s   bwrtn/s   bdscd/s
15:12:13       216.00      3.00    213.00      0.00     84.00 214992.00      0.00

15:12:11    kbmemfree   kbavail kbmemused  %memused kbbuffers  kbcached  kbcommit   %commit  kbactive   kbinact   kbdirty
15:12:13       356320    577936   1194816     58.84         8    339756   2127148    104.75   1183792    289832      3552

15:12:13        CPU     %user     %nice   %system   %iowait    %steal     %idle
15:12:15        all     69.67      0.00     25.43      0.00      4.90      0.00

15:12:13          tps      rtps      wtps      dtps   bread/s   bwrtn/s   bdscd/s
15:12:15       240.00      2.50    237.50      0.00     20.00 311688.00      0.00

15:12:13    kbmemfree   kbavail kbmemused  %memused kbbuffers  kbcached  kbcommit   %commit  kbactive   kbinact   kbdirty
15:12:15        75856    577428   1195420     58.87         8    619716   2127148    104.75   1183976    569512      4932

15:12:15        CPU     %user     %nice   %system   %iowait    %steal     %idle
15:12:17        all     77.53      0.00     20.08      0.00      2.40      0.00

15:12:15          tps      rtps      wtps      dtps   bread/s   bwrtn/s   bdscd/s
15:12:17       179.50      1.50    178.00      0.00     12.00 203712.00      0.00

15:12:15    kbmemfree   kbavail kbmemused  %memused kbbuffers  kbcached  kbcommit   %commit  kbactive   kbinact   kbdirty
15:12:17        83256    577020   1195748     58.88         8    611224   2127148    104.75   1183028    562464     51712

15:12:17        CPU     %user     %nice   %system   %iowait    %steal     %idle
15:12:19        all     80.28      0.00     15.62      0.00      4.10      0.00

15:12:17          tps      rtps      wtps      dtps   bread/s   bwrtn/s   bdscd/s
15:12:19       127.23      3.76    123.47      0.00   2418.78 259474.18      0.00

15:12:17    kbmemfree   kbavail kbmemused  %memused kbbuffers  kbcached  kbcommit   %commit  kbactive   kbinact   kbdirty
15:12:19        76384    576468   1196360     58.91         8    617156   2127148    104.75   1182732    568548     20348

15:12:19        CPU     %user     %nice   %system   %iowait    %steal     %idle
15:12:21        all     83.04      0.00     10.68      0.00      6.28      0.00

15:12:19          tps      rtps      wtps      dtps   bread/s   bwrtn/s   bdscd/s
15:12:21       231.00     19.50    211.50      0.00  38152.00  28920.00      0.00

15:12:19    kbmemfree   kbavail kbmemused  %memused kbbuffers  kbcached  kbcommit   %commit  kbactive   kbinact   kbdirty
15:12:21        78780    576684   1195808     58.89         8    615348   2127148    104.75   1182752    566688     20440

15:12:21        CPU     %user     %nice   %system   %iowait    %steal     %idle
15:12:23        all     89.72      0.00      6.77      0.00      3.51      0.00

15:12:21          tps      rtps      wtps      dtps   bread/s   bwrtn/s   bdscd/s
15:12:23       101.50     27.00     74.50      0.00  45064.00    608.00      0.00

15:12:21    kbmemfree   kbavail kbmemused  %memused kbbuffers  kbcached  kbcommit   %commit  kbactive   kbinact   kbdirty
15:12:23        72144    576328   1196124     58.90         8    621644   2127148    104.75   1183168    572584     20440

15:12:23        CPU     %user     %nice   %system   %iowait    %steal     %idle
15:12:25        all     75.92      0.00     16.82      0.00      7.26      0.00

15:12:23          tps      rtps      wtps      dtps   bread/s   bwrtn/s   bdscd/s
15:12:25       358.50    100.50    258.00      0.00 118968.00   2088.00      0.00

15:12:23    kbmemfree   kbavail kbmemused  %memused kbbuffers  kbcached  kbcommit   %commit  kbactive   kbinact   kbdirty
15:12:25        78696    575032   1197260     58.96         8    613860   2127148    104.75   1183752    564152     20472

15:12:25        CPU     %user     %nice   %system   %iowait    %steal     %idle
15:12:27        all     74.59      0.00     18.02      0.00      7.38      0.00

15:12:25          tps      rtps      wtps      dtps   bread/s   bwrtn/s   bdscd/s
15:12:27       422.50     77.50    345.00      0.00 100724.00   2940.00      0.00

15:12:25    kbmemfree   kbavail kbmemused  %memused kbbuffers  kbcached  kbcommit   %commit  kbactive   kbinact   kbdirty
15:12:27        80020    574624   1197776     58.98         8    611900   2127148    104.75   1184084    562056     20476

15:12:27        CPU     %user     %nice   %system   %iowait    %steal     %idle
15:12:29        all     84.69      0.00     10.79      0.00      4.52      0.00

15:12:27          tps      rtps      wtps      dtps   bread/s   bwrtn/s   bdscd/s
15:12:29       174.50     65.50    109.00      0.00 122932.00  17432.00      0.00

15:12:27    kbmemfree   kbavail kbmemused  %memused kbbuffers  kbcached  kbcommit   %commit  kbactive   kbinact   kbdirty
15:12:29        74948    576180   1196144     58.90         8    618556   2127148    104.75   1183736    568940      3984

15:12:29        CPU     %user     %nice   %system   %iowait    %steal     %idle
15:12:31        all     73.72      0.00     20.03      0.00      6.26      0.00

15:12:29          tps      rtps      wtps      dtps   bread/s   bwrtn/s   bdscd/s
15:12:31       486.50    211.00    275.50      0.00 261664.00  15340.00      0.00

15:12:29    kbmemfree   kbavail kbmemused  %memused kbbuffers  kbcached  kbcommit   %commit  kbactive   kbinact   kbdirty
15:12:31        87048    576540   1196016     58.90         8    606932   2127148    104.75   1185948    555080       208

15:12:31        CPU     %user     %nice   %system   %iowait    %steal     %idle
15:12:33        all     77.11      0.00     16.35      0.00      6.54      0.00

15:12:31          tps      rtps      wtps      dtps   bread/s   bwrtn/s   bdscd/s
15:12:33       404.00     73.50    330.50      0.00 122424.00   2800.00      0.00

15:12:31    kbmemfree   kbavail kbmemused  %memused kbbuffers  kbcached  kbcommit   %commit  kbactive   kbinact   kbdirty
15:12:33        82176    576604   1195936     58.89         8    611872   2127148    104.75   1186400    559596      1756

15:12:33        CPU     %user     %nice   %system   %iowait    %steal     %idle
15:12:35        all     74.53      0.00     16.31      0.00      9.16      0.00

15:12:33          tps      rtps      wtps      dtps   bread/s   bwrtn/s   bdscd/s
15:12:35       421.00     80.00    341.00      0.00 137960.00   2792.00      0.00

15:12:33    kbmemfree   kbavail kbmemused  %memused kbbuffers  kbcached  kbcommit   %commit  kbactive   kbinact   kbdirty
15:12:35        82932    576688   1195808     58.89         8    611240   2127148    104.75   1187044    558280      2556

15:12:35        CPU     %user     %nice   %system   %iowait    %steal     %idle
15:12:37        all     73.59      0.00     16.40      0.00     10.01      0.00

15:12:35          tps      rtps      wtps      dtps   bread/s   bwrtn/s   bdscd/s
15:12:37       472.50     56.50    416.00      0.00 102800.00  36532.00      0.00

15:12:35    kbmemfree   kbavail kbmemused  %memused kbbuffers  kbcached  kbcommit   %commit  kbactive   kbinact   kbdirty
15:12:37       520340    575784   1197128     58.95         8    173356   2127148    104.75   1186868    120560     40816

15:12:37        CPU     %user     %nice   %system   %iowait    %steal     %idle
15:12:39        all     47.36      0.00     13.73     13.98      7.05     17.88

15:12:37          tps      rtps      wtps      dtps   bread/s   bwrtn/s   bdscd/s
15:12:39       214.00     56.50    157.50      0.00  10572.00 248720.00      0.00

15:12:37    kbmemfree   kbavail kbmemused  %memused kbbuffers  kbcached  kbcommit   %commit  kbactive   kbinact   kbdirty
15:12:39      1701160   1674248    136256      6.71         8     58888    476988     23.49    112400     21628      1076

15:12:39        CPU     %user     %nice   %system   %iowait    %steal     %idle
15:12:41        all      0.38      0.00      0.76      1.40      1.27     96.19

15:12:39          tps      rtps      wtps      dtps   bread/s   bwrtn/s   bdscd/s
15:12:41         7.00      7.00      0.00      0.00    224.00      0.00      0.00

15:12:39    kbmemfree   kbavail kbmemused  %memused kbbuffers  kbcached  kbcommit   %commit  kbactive   kbinact   kbdirty
15:12:41      1708452   1681860    130756      6.44         8     57316    418168     20.59    108196     19456       816

15:12:41        CPU     %user     %nice   %system   %iowait    %steal     %idle
15:12:43        all      0.13      0.00      0.13      0.00      1.01     98.74

15:12:41          tps      rtps      wtps      dtps   bread/s   bwrtn/s   bdscd/s
15:12:43         0.00      0.00      0.00      0.00      0.00      0.00      0.00

15:12:41    kbmemfree   kbavail kbmemused  %memused kbbuffers  kbcached  kbcommit   %commit  kbactive   kbinact   kbdirty
15:12:43      1708484   1681892    130724      6.44         8     57316    418168     20.59    108196     19456       816

Average:        CPU     %user     %nice   %system   %iowait    %steal     %idle
Average:        all     74.33      0.00     19.29      0.12      4.80      1.46

Average:          tps      rtps      wtps      dtps   bread/s   bwrtn/s   bdscd/s
Average:       275.59     54.15    221.45      0.00  83944.33  85984.82      0.00

Average:    kbmemfree   kbavail kbmemused  %memused kbbuffers  kbcached  kbcommit   %commit  kbactive   kbinact   kbdirty
Average:       219032    692176   1082501     53.31         8    590149   2111342    103.97   1065408    545466     16737
