Linux 5.4.0-86-generic (flexran) 	12/14/21 	_x86_64_	(4 CPU)

14:55:12        CPU     %user     %nice   %system   %iowait    %steal     %idle
14:55:14        all     11.10      0.00     14.54      0.00      0.77     73.60

14:55:12          tps      rtps      wtps      dtps   bread/s   bwrtn/s   bdscd/s
14:55:14         0.00      0.00      0.00      0.00      0.00      0.00      0.00

14:55:12    kbmemfree   kbavail kbmemused  %memused kbbuffers  kbcached  kbcommit   %commit  kbactive   kbinact   kbdirty
14:55:14       512612    599188   1178776     58.05         8    205724   1553064     76.48   1228244     97972       260

14:55:14        CPU     %user     %nice   %system   %iowait    %steal     %idle
14:55:16        all     24.78      0.00      0.89      0.00      0.26     74.07

14:55:14          tps      rtps      wtps      dtps   bread/s   bwrtn/s   bdscd/s
14:55:16         0.00      0.00      0.00      0.00      0.00      0.00      0.00

14:55:14    kbmemfree   kbavail kbmemused  %memused kbbuffers  kbcached  kbcommit   %commit  kbactive   kbinact   kbdirty
14:55:16       512612    599188   1178776     58.05         8    205724   1553064     76.48   1228352     97972       260

14:55:16        CPU     %user     %nice   %system   %iowait    %steal     %idle
14:55:18        all     25.59      0.00      0.26      0.00      1.31     72.85

14:55:16          tps      rtps      wtps      dtps   bread/s   bwrtn/s   bdscd/s
14:55:18         0.00      0.00      0.00      0.00      0.00      0.00      0.00

14:55:16    kbmemfree   kbavail kbmemused  %memused kbbuffers  kbcached  kbcommit   %commit  kbactive   kbinact   kbdirty
14:55:18       512612    599188   1178776     58.05         8    205724   1553064     76.48   1228352     97972       260

14:55:18        CPU     %user     %nice   %system   %iowait    %steal     %idle
14:55:20        all     25.51      0.00      0.26      0.00      0.38     73.85

14:55:18          tps      rtps      wtps      dtps   bread/s   bwrtn/s   bdscd/s
14:55:20         0.00      0.00      0.00      0.00      0.00      0.00      0.00

14:55:18    kbmemfree   kbavail kbmemused  %memused kbbuffers  kbcached  kbcommit   %commit  kbactive   kbinact   kbdirty
14:55:20       512612    599188   1178776     58.05         8    205724   1553064     76.48   1228352     97972       260

14:55:20        CPU     %user     %nice   %system   %iowait    %steal     %idle
14:55:22        all     24.29      0.00      0.74      0.00      5.55     69.42

14:55:20          tps      rtps      wtps      dtps   bread/s   bwrtn/s   bdscd/s
14:55:22         0.00      0.00      0.00      0.00      0.00      0.00      0.00

14:55:20    kbmemfree   kbavail kbmemused  %memused kbbuffers  kbcached  kbcommit   %commit  kbactive   kbinact   kbdirty
14:55:22       512612    599188   1178776     58.05         8    205724   1553064     76.48   1228352     97972       260

14:55:22        CPU     %user     %nice   %system   %iowait    %steal     %idle
14:55:24        all     16.04      0.00      9.02      0.25      3.63     71.05

14:55:22          tps      rtps      wtps      dtps   bread/s   bwrtn/s   bdscd/s
14:55:24        13.00      0.00     13.00      0.00      0.00    164.00      0.00

14:55:22    kbmemfree   kbavail kbmemused  %memused kbbuffers  kbcached  kbcommit   %commit  kbactive   kbinact   kbdirty
14:55:24       512612    599188   1178776     58.05         8    205724   1553328     76.49   1228244     97972       136

14:55:24        CPU     %user     %nice   %system   %iowait    %steal     %idle
14:55:26        all     13.62      0.00     11.22      0.00      3.78     71.37

14:55:24          tps      rtps      wtps      dtps   bread/s   bwrtn/s   bdscd/s
14:55:26         0.00      0.00      0.00      0.00      0.00      0.00      0.00

14:55:24    kbmemfree   kbavail kbmemused  %memused kbbuffers  kbcached  kbcommit   %commit  kbactive   kbinact   kbdirty
14:55:26      1504988   1591568    186400      9.18         8    205724   1553328     76.49    237376     97972       264

14:55:26        CPU     %user     %nice   %system   %iowait    %steal     %idle
14:55:28        all     21.72      0.00      3.50      0.00      3.25     71.54

14:55:26          tps      rtps      wtps      dtps   bread/s   bwrtn/s   bdscd/s
14:55:28         0.00      0.00      0.00      0.00      0.00      0.00      0.00

14:55:26    kbmemfree   kbavail kbmemused  %memused kbbuffers  kbcached  kbcommit   %commit  kbactive   kbinact   kbdirty
14:55:28      1225300   1311880    466084     22.95         8    205728   1553328     76.49    517020     97972       272

14:55:28        CPU     %user     %nice   %system   %iowait    %steal     %idle
14:55:30        all     22.05      0.00      2.79      0.00      1.39     73.76

14:55:28          tps      rtps      wtps      dtps   bread/s   bwrtn/s   bdscd/s
14:55:30         2.50      0.00      2.50      0.00      0.00     20.00      0.00

14:55:28    kbmemfree   kbavail kbmemused  %memused kbbuffers  kbcached  kbcommit   %commit  kbactive   kbinact   kbdirty
14:55:30       943532   1030120    747848     36.83         8    205732   1553328     76.49    798188     97972       292

14:55:30        CPU     %user     %nice   %system   %iowait    %steal     %idle
14:55:32        all     21.50      0.00      3.38      0.00      1.50     73.62

14:55:30          tps      rtps      wtps      dtps   bread/s   bwrtn/s   bdscd/s
14:55:32         0.00      0.00      0.00      0.00      0.00      0.00      0.00

14:55:30    kbmemfree   kbavail kbmemused  %memused kbbuffers  kbcached  kbcommit   %commit  kbactive   kbinact   kbdirty
14:55:32       614988    701576   1076392     53.01         8    205732   1553328     76.49   1126448     97972       296

14:55:32        CPU     %user     %nice   %system   %iowait    %steal     %idle
14:55:34        all     24.12      0.00      1.12      0.00      4.12     70.62

14:55:32          tps      rtps      wtps      dtps   bread/s   bwrtn/s   bdscd/s
14:55:34         1.00      0.00      1.00      0.00      0.00      8.00      0.00

14:55:32    kbmemfree   kbavail kbmemused  %memused kbbuffers  kbcached  kbcommit   %commit  kbactive   kbinact   kbdirty
14:55:34       512580    599168   1178800     58.05         8    205732   1553328     76.49   1228356     97972       296

14:55:34        CPU     %user     %nice   %system   %iowait    %steal     %idle
14:55:36        all     25.58      0.00      0.26      0.00      0.90     73.27

14:55:34          tps      rtps      wtps      dtps   bread/s   bwrtn/s   bdscd/s
14:55:36         0.00      0.00      0.00      0.00      0.00      0.00      0.00

14:55:34    kbmemfree   kbavail kbmemused  %memused kbbuffers  kbcached  kbcommit   %commit  kbactive   kbinact   kbdirty
14:55:36       512644    599232   1178736     58.05         8    205732   1553328     76.49   1228356     97972       296

14:55:36        CPU     %user     %nice   %system   %iowait    %steal     %idle
14:55:38        all     20.94      0.00      4.96      0.50      5.70     67.91

14:55:36          tps      rtps      wtps      dtps   bread/s   bwrtn/s   bdscd/s
14:55:38        10.50      1.00      9.50      0.00     32.00   2856.00      0.00

14:55:36    kbmemfree   kbavail kbmemused  %memused kbbuffers  kbcached  kbcommit   %commit  kbactive   kbinact   kbdirty
14:55:38      1211944   1298564    479404     23.61         8    205764   1553328     76.49    530376     97988        12

14:55:38        CPU     %user     %nice   %system   %iowait    %steal     %idle
14:55:40        all     14.23      0.00     10.64      0.00      2.31     72.82

14:55:38          tps      rtps      wtps      dtps   bread/s   bwrtn/s   bdscd/s
14:55:40         0.00      0.00      0.00      0.00      0.00      0.00      0.00

14:55:38    kbmemfree   kbavail kbmemused  %memused kbbuffers  kbcached  kbcommit   %commit  kbactive   kbinact   kbdirty
14:55:40      1238624   1325244    452724     22.29         8    205764   1553704     76.51    503948     97988        12

14:55:40        CPU     %user     %nice   %system   %iowait    %steal     %idle
14:55:42        all     18.09      0.00      8.01      0.00      0.52     73.39

14:55:40          tps      rtps      wtps      dtps   bread/s   bwrtn/s   bdscd/s
14:55:42         0.00      0.00      0.00      0.00      0.00      0.00      0.00

14:55:40    kbmemfree   kbavail kbmemused  %memused kbbuffers  kbcached  kbcommit   %commit  kbactive   kbinact   kbdirty
14:55:42       512612    599232   1178732     58.05         8    205768   1553704     76.51   1228392     97988        16

14:55:42        CPU     %user     %nice   %system   %iowait    %steal     %idle
14:55:44        all     24.25      0.00      0.25      0.00      1.38     74.12

14:55:42          tps      rtps      wtps      dtps   bread/s   bwrtn/s   bdscd/s
14:55:44         0.00      0.00      0.00      0.00      0.00      0.00      0.00

14:55:42    kbmemfree   kbavail kbmemused  %memused kbbuffers  kbcached  kbcommit   %commit  kbactive   kbinact   kbdirty
14:55:44       512644    599264   1178696     58.04         8    205772   1553704     76.51   1228392     97988        20

14:55:44        CPU     %user     %nice   %system   %iowait    %steal     %idle
14:55:46        all     22.39      0.00      0.13      0.00      4.83     72.65

14:55:44          tps      rtps      wtps      dtps   bread/s   bwrtn/s   bdscd/s
14:55:46         0.00      0.00      0.00      0.00      0.00      0.00      0.00

14:55:44    kbmemfree   kbavail kbmemused  %memused kbbuffers  kbcached  kbcommit   %commit  kbactive   kbinact   kbdirty
14:55:46       512612    599232   1178728     58.05         8    205772   1553704     76.51   1228392     97988        20

14:55:46        CPU     %user     %nice   %system   %iowait    %steal     %idle
14:55:48        all     24.16      0.00      0.39      0.00      3.25     72.21

14:55:46          tps      rtps      wtps      dtps   bread/s   bwrtn/s   bdscd/s
14:55:48         0.00      0.00      0.00      0.00      0.00      0.00      0.00

14:55:46    kbmemfree   kbavail kbmemused  %memused kbbuffers  kbcached  kbcommit   %commit  kbactive   kbinact   kbdirty
14:55:48       512548    599168   1178792     58.05         8    205772   1553704     76.51   1228392     97988        20

14:55:48        CPU     %user     %nice   %system   %iowait    %steal     %idle
14:55:50        all     15.15      0.00     10.35      0.00      4.55     69.95

14:55:48          tps      rtps      wtps      dtps   bread/s   bwrtn/s   bdscd/s
14:55:50         0.00      0.00      0.00      0.00      0.00      0.00      0.00

14:55:48    kbmemfree   kbavail kbmemused  %memused kbbuffers  kbcached  kbcommit   %commit  kbactive   kbinact   kbdirty
14:55:50       667088    753712   1024252     50.44         8    205772   1553704     76.51   1071608     97988        20

14:55:50        CPU     %user     %nice   %system   %iowait    %steal     %idle
14:55:52        all     19.62      0.00      3.04      0.00      3.67     73.67

14:55:50          tps      rtps      wtps      dtps   bread/s   bwrtn/s   bdscd/s
14:55:52         0.00      0.00      0.00      0.00      0.00      0.00      0.00

14:55:50    kbmemfree   kbavail kbmemused  %memused kbbuffers  kbcached  kbcommit   %commit  kbactive   kbinact   kbdirty
14:55:52       510188    596812   1181152     58.17         8    205772   1553704     76.51   1228396     97988        20

14:55:52        CPU     %user     %nice   %system   %iowait    %steal     %idle
14:55:54        all     23.47      0.00      1.25      0.00      4.12     71.16

14:55:52          tps      rtps      wtps      dtps   bread/s   bwrtn/s   bdscd/s
14:55:54         0.00      0.00      0.00      0.00      0.00      0.00      0.00

14:55:52    kbmemfree   kbavail kbmemused  %memused kbbuffers  kbcached  kbcommit   %commit  kbactive   kbinact   kbdirty
14:55:54       510060    596684   1181280     58.17         8    205772   1553704     76.51   1228396     97988        20

14:55:54        CPU     %user     %nice   %system   %iowait    %steal     %idle
14:55:56        all     18.62      0.00      5.91      0.00      3.02     72.45

14:55:54          tps      rtps      wtps      dtps   bread/s   bwrtn/s   bdscd/s
14:55:56         0.00      0.00      0.00      0.00      0.00      0.00      0.00

14:55:54    kbmemfree   kbavail kbmemused  %memused kbbuffers  kbcached  kbcommit   %commit  kbactive   kbinact   kbdirty
14:55:56      1030756   1117388    660580     32.53         8    205776   1553704     76.51    710612     97988        24

14:55:56        CPU     %user     %nice   %system   %iowait    %steal     %idle
14:55:58        all     19.62      0.00      5.06      0.00      0.38     74.94

14:55:56          tps      rtps      wtps      dtps   bread/s   bwrtn/s   bdscd/s
14:55:58         0.00      0.00      0.00      0.00      0.00      0.00      0.00

14:55:56    kbmemfree   kbavail kbmemused  %memused kbbuffers  kbcached  kbcommit   %commit  kbactive   kbinact   kbdirty
14:55:58       512108    598740   1179224     58.07         8    205780   1553704     76.51   1228372     97988        28

14:55:58        CPU     %user     %nice   %system   %iowait    %steal     %idle
14:56:00        all     21.10      0.00      4.24      0.00      0.37     74.28

14:55:58          tps      rtps      wtps      dtps   bread/s   bwrtn/s   bdscd/s
14:56:00         0.00      0.00      0.00      0.00      0.00      0.00      0.00

14:55:58    kbmemfree   kbavail kbmemused  %memused kbbuffers  kbcached  kbcommit   %commit  kbactive   kbinact   kbdirty
14:56:00      1480424   1567056    210908     10.39         8    205780   1553704     76.51    258700     97988        28

14:56:00        CPU     %user     %nice   %system   %iowait    %steal     %idle
14:56:02        all     10.50      0.00     14.62      0.00      0.25     74.62

14:56:00          tps      rtps      wtps      dtps   bread/s   bwrtn/s   bdscd/s
14:56:02         0.00      0.00      0.00      0.00      0.00      0.00      0.00

14:56:00    kbmemfree   kbavail kbmemused  %memused kbbuffers  kbcached  kbcommit   %commit  kbactive   kbinact   kbdirty
14:56:02      1506392   1593024    184940      9.11         8    205780   1552864     76.47    235080     97988        28

14:56:02        CPU     %user     %nice   %system   %iowait    %steal     %idle
14:56:04        all      6.79      0.00     18.74      0.00      0.25     74.21

14:56:02          tps      rtps      wtps      dtps   bread/s   bwrtn/s   bdscd/s
14:56:04         0.00      0.00      0.00      0.00      0.00      0.00      0.00

14:56:02    kbmemfree   kbavail kbmemused  %memused kbbuffers  kbcached  kbcommit   %commit  kbactive   kbinact   kbdirty
14:56:04       987352   1069568    708496     34.89         8    201384   1554836     76.57    758944     94028        28

14:56:04        CPU     %user     %nice   %system   %iowait    %steal     %idle
14:56:06        all     14.29      0.00     10.55      0.00      1.54     73.62

14:56:04          tps      rtps      wtps      dtps   bread/s   bwrtn/s   bdscd/s
14:56:06         0.50      0.00      0.50      0.00      0.00     12.00      0.00

14:56:04    kbmemfree   kbavail kbmemused  %memused kbbuffers  kbcached  kbcommit   %commit  kbactive   kbinact   kbdirty
14:56:06       519480    599204   1178868     58.05         8    198884   1554836     76.57   1227192     92736        96

14:56:06        CPU     %user     %nice   %system   %iowait    %steal     %idle
14:56:08        all     25.45      0.00      1.24      0.00      3.46     69.85

14:56:06          tps      rtps      wtps      dtps   bread/s   bwrtn/s   bdscd/s
14:56:08         0.00      0.00      0.00      0.00      0.00      0.00      0.00

14:56:06    kbmemfree   kbavail kbmemused  %memused kbbuffers  kbcached  kbcommit   %commit  kbactive   kbinact   kbdirty
14:56:08       518788    598512   1179560     58.09         8    198884   1552728     76.46   1226820     92736       100

14:56:08        CPU     %user     %nice   %system   %iowait    %steal     %idle
14:56:10        all     22.73      0.00      1.12      0.00      5.09     71.06

14:56:08          tps      rtps      wtps      dtps   bread/s   bwrtn/s   bdscd/s
14:56:10         1.01      0.00      1.01      0.00      0.00     20.10      0.00

14:56:08    kbmemfree   kbavail kbmemused  %memused kbbuffers  kbcached  kbcommit   %commit  kbactive   kbinact   kbdirty
14:56:10       518700    598428   1179644     58.09         8    198888   1552728     76.46   1226732     92736        84

14:56:10        CPU     %user     %nice   %system   %iowait    %steal     %idle
14:56:12        all     15.59      0.00      9.25      0.00      1.52     73.64

14:56:10          tps      rtps      wtps      dtps   bread/s   bwrtn/s   bdscd/s
14:56:12         0.00      0.00      0.00      0.00      0.00      0.00      0.00

14:56:10    kbmemfree   kbavail kbmemused  %memused kbbuffers  kbcached  kbcommit   %commit  kbactive   kbinact   kbdirty
14:56:12       777904    857632    920436     45.33         8    198892   1683804     82.92    966888     92736       172

14:56:12        CPU     %user     %nice   %system   %iowait    %steal     %idle
14:56:14        all     15.96      0.00      8.43      0.00      2.68     72.92

14:56:12          tps      rtps      wtps      dtps   bread/s   bwrtn/s   bdscd/s
14:56:14         0.00      0.00      0.00      0.00      0.00      0.00      0.00

14:56:12    kbmemfree   kbavail kbmemused  %memused kbbuffers  kbcached  kbcommit   %commit  kbactive   kbinact   kbdirty
14:56:14       386264    465992   1312076     64.61         8    198892   1683804     82.92   1357808     92736       172

14:56:14        CPU     %user     %nice   %system   %iowait    %steal     %idle
14:56:16        all     23.88      0.00      1.24      0.00      5.22     69.65

14:56:14          tps      rtps      wtps      dtps   bread/s   bwrtn/s   bdscd/s
14:56:16         0.00      0.00      0.00      0.00      0.00      0.00      0.00

14:56:14    kbmemfree   kbavail kbmemused  %memused kbbuffers  kbcached  kbcommit   %commit  kbactive   kbinact   kbdirty
14:56:16       386328    466056   1312012     64.61         8    198892   1683804     82.92   1357808     92736       176

14:56:16        CPU     %user     %nice   %system   %iowait    %steal     %idle
14:56:18        all     24.68      0.00      1.01      0.00      3.04     71.27

14:56:16          tps      rtps      wtps      dtps   bread/s   bwrtn/s   bdscd/s
14:56:18         0.00      0.00      0.00      0.00      0.00      0.00      0.00

14:56:16    kbmemfree   kbavail kbmemused  %memused kbbuffers  kbcached  kbcommit   %commit  kbactive   kbinact   kbdirty
14:56:18       386232    465960   1312108     64.61         8    198892   1683804     82.92   1357808     92736       176

14:56:18        CPU     %user     %nice   %system   %iowait    %steal     %idle
14:56:20        all     24.53      0.00      1.01      0.00      2.02     72.44

14:56:18          tps      rtps      wtps      dtps   bread/s   bwrtn/s   bdscd/s
14:56:20         0.00      0.00      0.00      0.00      0.00      0.00      0.00

14:56:18    kbmemfree   kbavail kbmemused  %memused kbbuffers  kbcached  kbcommit   %commit  kbactive   kbinact   kbdirty
14:56:20       386296    466024   1312044     64.61         8    198892   1683804     82.92   1357808     92736       176

14:56:20        CPU     %user     %nice   %system   %iowait    %steal     %idle
14:56:22        all     25.13      0.00      0.25      0.00      1.40     73.22

14:56:20          tps      rtps      wtps      dtps   bread/s   bwrtn/s   bdscd/s
14:56:22         0.00      0.00      0.00      0.00      0.00      0.00      0.00

14:56:20    kbmemfree   kbavail kbmemused  %memused kbbuffers  kbcached  kbcommit   %commit  kbactive   kbinact   kbdirty
14:56:22       386232    465960   1312108     64.61         8    198892   1683804     82.92   1357808     92736       176

14:56:22        CPU     %user     %nice   %system   %iowait    %steal     %idle
14:56:24        all     24.59      0.00      1.39      0.00      3.40     70.62

14:56:22          tps      rtps      wtps      dtps   bread/s   bwrtn/s   bdscd/s
14:56:24         0.00      0.00      0.00      0.00      0.00      0.00      0.00

14:56:22    kbmemfree   kbavail kbmemused  %memused kbbuffers  kbcached  kbcommit   %commit  kbactive   kbinact   kbdirty
14:56:24       386232    465960   1312104     64.61         8    198896   1683804     82.92   1357808     92736       180

14:56:24        CPU     %user     %nice   %system   %iowait    %steal     %idle
14:56:26        all     24.69      0.00      0.76      0.00      3.53     71.03

14:56:24          tps      rtps      wtps      dtps   bread/s   bwrtn/s   bdscd/s
14:56:26         0.00      0.00      0.00      0.00      0.00      0.00      0.00

14:56:24    kbmemfree   kbavail kbmemused  %memused kbbuffers  kbcached  kbcommit   %commit  kbactive   kbinact   kbdirty
14:56:26       386296    466024   1312036     64.61         8    198900   1683804     82.92   1357808     92736       184

14:56:26        CPU     %user     %nice   %system   %iowait    %steal     %idle
14:56:28        all     24.97      0.00      0.64      0.00      2.29     72.10

14:56:26          tps      rtps      wtps      dtps   bread/s   bwrtn/s   bdscd/s
14:56:28         0.00      0.00      0.00      0.00      0.00      0.00      0.00

14:56:26    kbmemfree   kbavail kbmemused  %memused kbbuffers  kbcached  kbcommit   %commit  kbactive   kbinact   kbdirty
14:56:28       386264    465992   1312068     64.61         8    198900   1683804     82.92   1357808     92736       184

14:56:28        CPU     %user     %nice   %system   %iowait    %steal     %idle
14:56:30        all     22.28      0.00      2.88      0.00      0.75     74.09

14:56:28          tps      rtps      wtps      dtps   bread/s   bwrtn/s   bdscd/s
14:56:30         0.00      0.00      0.00      0.00      0.00      0.00      0.00

14:56:28    kbmemfree   kbavail kbmemused  %memused kbbuffers  kbcached  kbcommit   %commit  kbactive   kbinact   kbdirty
14:56:30      1528108   1607836    170224      8.38         8    198900   1552728     76.46    218620     92736       184

14:56:30        CPU     %user     %nice   %system   %iowait    %steal     %idle
14:56:32        all     15.59      0.00      9.35      0.00      0.75     74.31

14:56:30          tps      rtps      wtps      dtps   bread/s   bwrtn/s   bdscd/s
14:56:32         0.00      0.00      0.00      0.00      0.00      0.00      0.00

14:56:30    kbmemfree   kbavail kbmemused  %memused kbbuffers  kbcached  kbcommit   %commit  kbactive   kbinact   kbdirty
14:56:32       518312    598044   1180020     58.11         8    198900   1552728     76.46   1226712     92736       184

14:56:32        CPU     %user     %nice   %system   %iowait    %steal     %idle
14:56:34        all     24.53      0.00      0.63      0.00      0.50     74.34

14:56:32          tps      rtps      wtps      dtps   bread/s   bwrtn/s   bdscd/s
14:56:34         0.00      0.00      0.00      0.00      0.00      0.00      0.00

14:56:32    kbmemfree   kbavail kbmemused  %memused kbbuffers  kbcached  kbcommit   %commit  kbactive   kbinact   kbdirty
14:56:34       518280    598012   1180052     58.11         8    198900   1552728     76.46   1226776     92736       184

14:56:34        CPU     %user     %nice   %system   %iowait    %steal     %idle
14:56:36        all     24.56      0.00      0.50      0.00      0.25     74.69

14:56:34          tps      rtps      wtps      dtps   bread/s   bwrtn/s   bdscd/s
14:56:36         0.00      0.00      0.00      0.00      0.00      0.00      0.00

14:56:34    kbmemfree   kbavail kbmemused  %memused kbbuffers  kbcached  kbcommit   %commit  kbactive   kbinact   kbdirty
14:56:36       518248    597980   1180084     58.11         8    198900   1552728     76.46   1226776     92736       184

14:56:36        CPU     %user     %nice   %system   %iowait    %steal     %idle
14:56:38        all     22.91      0.00      1.39      0.76      2.66     72.28

14:56:36          tps      rtps      wtps      dtps   bread/s   bwrtn/s   bdscd/s
14:56:38         8.00      0.00      8.00      0.00      0.00   2120.00      0.00

14:56:36    kbmemfree   kbavail kbmemused  %memused kbbuffers  kbcached  kbcommit   %commit  kbactive   kbinact   kbdirty
14:56:38       518528    598260   1179804     58.10         8    198900   1552728     76.46   1226776     92736        64

14:56:38        CPU     %user     %nice   %system   %iowait    %steal     %idle
14:56:40        all     19.01      0.00      2.79      0.00      5.70     72.50

14:56:38          tps      rtps      wtps      dtps   bread/s   bwrtn/s   bdscd/s
14:56:40         0.00      0.00      0.00      0.00      0.00      0.00      0.00

14:56:38    kbmemfree   kbavail kbmemused  %memused kbbuffers  kbcached  kbcommit   %commit  kbactive   kbinact   kbdirty
14:56:40      1387176   1466920    311148     15.32         8    198908   1552864     76.47    359656     92736        32

14:56:40        CPU     %user     %nice   %system   %iowait    %steal     %idle
14:56:42        all     18.10      0.00      7.12      0.00      3.75     71.04

14:56:40          tps      rtps      wtps      dtps   bread/s   bwrtn/s   bdscd/s
14:56:42         1.00      0.00      1.00      0.00      0.00     16.00      0.00

14:56:40    kbmemfree   kbavail kbmemused  %memused kbbuffers  kbcached  kbcommit   %commit  kbactive   kbinact   kbdirty
14:56:42       518312    598056   1180012     58.11         8    198908   1552864     76.47   1226788     92736        96

14:56:42        CPU     %user     %nice   %system   %iowait    %steal     %idle
14:56:44        all     23.68      0.00      0.38      0.00      4.14     71.80

14:56:42          tps      rtps      wtps      dtps   bread/s   bwrtn/s   bdscd/s
14:56:44         0.00      0.00      0.00      0.00      0.00      0.00      0.00

14:56:42    kbmemfree   kbavail kbmemused  %memused kbbuffers  kbcached  kbcommit   %commit  kbactive   kbinact   kbdirty
14:56:44       518312    598056   1180012     58.11         8    198908   1552864     76.47   1226788     92736       100

14:56:44        CPU     %user     %nice   %system   %iowait    %steal     %idle
14:56:46        all     24.33      0.00      0.76      0.00      2.03     72.88

14:56:44          tps      rtps      wtps      dtps   bread/s   bwrtn/s   bdscd/s
14:56:46         1.50      0.00      1.50      0.00      0.00     16.00      0.00

14:56:44    kbmemfree   kbavail kbmemused  %memused kbbuffers  kbcached  kbcommit   %commit  kbactive   kbinact   kbdirty
14:56:46       518344    598088   1179980     58.11         8    198908   1552864     76.47   1226788     92736       100

14:56:46        CPU     %user     %nice   %system   %iowait    %steal     %idle
14:56:48        all     24.33      0.00      0.64      0.00      0.64     74.39

14:56:46          tps      rtps      wtps      dtps   bread/s   bwrtn/s   bdscd/s
14:56:48         0.00      0.00      0.00      0.00      0.00      0.00      0.00

14:56:46    kbmemfree   kbavail kbmemused  %memused kbbuffers  kbcached  kbcommit   %commit  kbactive   kbinact   kbdirty
14:56:48       518344    598088   1179980     58.11         8    198908   1552864     76.47   1226788     92736       168

14:56:48        CPU     %user     %nice   %system   %iowait    %steal     %idle
14:56:50        all     24.68      0.00      0.63      0.00      1.77     72.91

14:56:48          tps      rtps      wtps      dtps   bread/s   bwrtn/s   bdscd/s
14:56:50         0.00      0.00      0.00      0.00      0.00      0.00      0.00

14:56:48    kbmemfree   kbavail kbmemused  %memused kbbuffers  kbcached  kbcommit   %commit  kbactive   kbinact   kbdirty
14:56:50       518280    598024   1180044     58.11         8    198908   1552864     76.47   1226788     92736       168

14:56:50        CPU     %user     %nice   %system   %iowait    %steal     %idle
14:56:52        all     23.61      0.00      1.01      0.00      0.63     74.75

14:56:50          tps      rtps      wtps      dtps   bread/s   bwrtn/s   bdscd/s
14:56:52         0.00      0.00      0.00      0.00      0.00      0.00      0.00

14:56:50    kbmemfree   kbavail kbmemused  %memused kbbuffers  kbcached  kbcommit   %commit  kbactive   kbinact   kbdirty
14:56:52       518312    598056   1180012     58.11         8    198908   1552864     76.47   1226788     92736       168

14:56:52        CPU     %user     %nice   %system   %iowait    %steal     %idle
14:56:54        all     24.62      0.00      0.51      0.00      1.52     73.36

14:56:52          tps      rtps      wtps      dtps   bread/s   bwrtn/s   bdscd/s
14:56:54         0.00      0.00      0.00      0.00      0.00      0.00      0.00

14:56:52    kbmemfree   kbavail kbmemused  %memused kbbuffers  kbcached  kbcommit   %commit  kbactive   kbinact   kbdirty
14:56:54       518312    598056   1180008     58.11         8    198912   1552864     76.47   1226788     92736       172

14:56:54        CPU     %user     %nice   %system   %iowait    %steal     %idle
14:56:56        all     24.53      0.00      0.63      0.00      0.25     74.59

14:56:54          tps      rtps      wtps      dtps   bread/s   bwrtn/s   bdscd/s
14:56:56         0.00      0.00      0.00      0.00      0.00      0.00      0.00

14:56:54    kbmemfree   kbavail kbmemused  %memused kbbuffers  kbcached  kbcommit   %commit  kbactive   kbinact   kbdirty
14:56:56       518312    598060   1180004     58.11         8    198916   1552864     76.47   1226792     92736       176

14:56:56        CPU     %user     %nice   %system   %iowait    %steal     %idle
14:56:58        all     21.24      0.00      1.17      0.00      3.11     74.48

14:56:56          tps      rtps      wtps      dtps   bread/s   bwrtn/s   bdscd/s
14:56:58         0.00      0.00      0.00      0.00      0.00      0.00      0.00

14:56:56    kbmemfree   kbavail kbmemused  %memused kbbuffers  kbcached  kbcommit   %commit  kbactive   kbinact   kbdirty
14:56:58       518312    598060   1180004     58.11         8    198916   1552864     76.47   1226792     92736       180

14:56:58        CPU     %user     %nice   %system   %iowait    %steal     %idle
14:57:00        all     19.70      0.00      1.27      0.00      5.72     73.32

14:56:58          tps      rtps      wtps      dtps   bread/s   bwrtn/s   bdscd/s
14:57:00         0.00      0.00      0.00      0.00      0.00      0.00      0.00

14:56:58    kbmemfree   kbavail kbmemused  %memused kbbuffers  kbcached  kbcommit   %commit  kbactive   kbinact   kbdirty
14:57:00       518344    598092   1179972     58.11         8    198916   1552864     76.47   1226792     92736       180

14:57:00        CPU     %user     %nice   %system   %iowait    %steal     %idle
14:57:02        all     24.62      0.00      0.51      0.00      1.64     73.23

14:57:00          tps      rtps      wtps      dtps   bread/s   bwrtn/s   bdscd/s
14:57:02         0.00      0.00      0.00      0.00      0.00      0.00      0.00

14:57:00    kbmemfree   kbavail kbmemused  %memused kbbuffers  kbcached  kbcommit   %commit  kbactive   kbinact   kbdirty
14:57:02       518312    598060   1180004     58.11         8    198916   1552864     76.47   1226792     92736       180

14:57:02        CPU     %user     %nice   %system   %iowait    %steal     %idle
14:57:04        all     25.12      0.00      0.00      0.00      3.50     71.38

14:57:02          tps      rtps      wtps      dtps   bread/s   bwrtn/s   bdscd/s
14:57:04         0.00      0.00      0.00      0.00      0.00      0.00      0.00

14:57:02    kbmemfree   kbavail kbmemused  %memused kbbuffers  kbcached  kbcommit   %commit  kbactive   kbinact   kbdirty
14:57:04       518312    598060   1180004     58.11         8    198916   1552864     76.47   1226792     92736       180

14:57:04        CPU     %user     %nice   %system   %iowait    %steal     %idle
14:57:06        all     24.94      0.00      0.25      0.00      4.26     70.55

14:57:04          tps      rtps      wtps      dtps   bread/s   bwrtn/s   bdscd/s
14:57:06         0.00      0.00      0.00      0.00      0.00      0.00      0.00

14:57:04    kbmemfree   kbavail kbmemused  %memused kbbuffers  kbcached  kbcommit   %commit  kbactive   kbinact   kbdirty
14:57:06       518280    598036   1180036     58.11         8    198916   1552864     76.47   1226800     92736       180

14:57:06        CPU     %user     %nice   %system   %iowait    %steal     %idle
14:57:08        all     16.43      0.00      1.11      0.00      9.47     72.98

14:57:06          tps      rtps      wtps      dtps   bread/s   bwrtn/s   bdscd/s
14:57:08         0.00      0.00      0.00      0.00      0.00      0.00      0.00

14:57:06    kbmemfree   kbavail kbmemused  %memused kbbuffers  kbcached  kbcommit   %commit  kbactive   kbinact   kbdirty
14:57:08       518312    598072   1180000     58.11         8    198920   1552864     76.47   1226804     92736       184

14:57:08        CPU     %user     %nice   %system   %iowait    %steal     %idle
14:57:10        all     19.76      0.00      0.53      0.00      3.85     75.86

14:57:08          tps      rtps      wtps      dtps   bread/s   bwrtn/s   bdscd/s
14:57:10         0.00      0.00      0.00      0.00      0.00      0.00      0.00

14:57:08    kbmemfree   kbavail kbmemused  %memused kbbuffers  kbcached  kbcommit   %commit  kbactive   kbinact   kbdirty
14:57:10       518312    598072   1179996     58.11         8    198924   1552864     76.47   1226804     92736       188

14:57:10        CPU     %user     %nice   %system   %iowait    %steal     %idle
14:57:12        all     21.89      0.00      0.52      0.00      2.98     74.61

14:57:10          tps      rtps      wtps      dtps   bread/s   bwrtn/s   bdscd/s
14:57:12         0.00      0.00      0.00      0.00      0.00      0.00      0.00

14:57:10    kbmemfree   kbavail kbmemused  %memused kbbuffers  kbcached  kbcommit   %commit  kbactive   kbinact   kbdirty
14:57:12       518280    598040   1180028     58.11         8    198924   1552864     76.47   1226820     92736       188

14:57:12        CPU     %user     %nice   %system   %iowait    %steal     %idle
14:57:14        all     24.59      0.00      0.50      0.38      3.03     71.50

14:57:12          tps      rtps      wtps      dtps   bread/s   bwrtn/s   bdscd/s
14:57:14         8.00      0.00      8.00      0.00      0.00   1960.00      0.00

14:57:12    kbmemfree   kbavail kbmemused  %memused kbbuffers  kbcached  kbcommit   %commit  kbactive   kbinact   kbdirty
14:57:14       518312    598072   1180000     58.11         8    198920   1552864     76.47   1226820     92736        64

14:57:14        CPU     %user     %nice   %system   %iowait    %steal     %idle
14:57:16        all     25.86      0.00      0.26      0.00      0.64     73.24

14:57:14          tps      rtps      wtps      dtps   bread/s   bwrtn/s   bdscd/s
14:57:16         0.00      0.00      0.00      0.00      0.00      0.00      0.00

14:57:14    kbmemfree   kbavail kbmemused  %memused kbbuffers  kbcached  kbcommit   %commit  kbactive   kbinact   kbdirty
14:57:16       518280    598044   1180028     58.11         8    198924   1552864     76.47   1226824     92736        28

14:57:16        CPU     %user     %nice   %system   %iowait    %steal     %idle
14:57:18        all     25.35      0.00      0.38      0.00      3.03     71.25

14:57:16          tps      rtps      wtps      dtps   bread/s   bwrtn/s   bdscd/s
14:57:18         0.50      0.00      0.50      0.00      0.00     12.00      0.00

14:57:16    kbmemfree   kbavail kbmemused  %memused kbbuffers  kbcached  kbcommit   %commit  kbactive   kbinact   kbdirty
14:57:18       518312    598076   1179996     58.11         8    198924   1552864     76.47   1226824     92736        96

14:57:18        CPU     %user     %nice   %system   %iowait    %steal     %idle
14:57:20        all     25.16      0.00      0.63      0.00      4.38     69.84

14:57:18          tps      rtps      wtps      dtps   bread/s   bwrtn/s   bdscd/s
14:57:20         0.00      0.00      0.00      0.00      0.00      0.00      0.00

14:57:18    kbmemfree   kbavail kbmemused  %memused kbbuffers  kbcached  kbcommit   %commit  kbactive   kbinact   kbdirty
14:57:20       518280    598044   1180028     58.11         8    198924   1552864     76.47   1226824     92736       100

14:57:20        CPU     %user     %nice   %system   %iowait    %steal     %idle
14:57:22        all     24.65      0.00      0.64      0.00      5.24     69.48

14:57:20          tps      rtps      wtps      dtps   bread/s   bwrtn/s   bdscd/s
14:57:22         0.50      0.00      0.50      0.00      0.00     15.92      0.00

14:57:20    kbmemfree   kbavail kbmemused  %memused kbbuffers  kbcached  kbcommit   %commit  kbactive   kbinact   kbdirty
14:57:22       518344    598112   1179960     58.11         8    198928   1552864     76.47   1226828     92736       120

14:57:22        CPU     %user     %nice   %system   %iowait    %steal     %idle
14:57:24        all     24.78      0.00      0.13      0.00      2.02     73.07

14:57:22          tps      rtps      wtps      dtps   bread/s   bwrtn/s   bdscd/s
14:57:24         0.00      0.00      0.00      0.00      0.00      0.00      0.00

14:57:22    kbmemfree   kbavail kbmemused  %memused kbbuffers  kbcached  kbcommit   %commit  kbactive   kbinact   kbdirty
14:57:24       518312    598080   1179988     58.11         8    198932   1552864     76.47   1226828     92736       128

14:57:24        CPU     %user     %nice   %system   %iowait    %steal     %idle
14:57:26        all     24.53      0.00      0.13      0.00      3.38     71.96

14:57:24          tps      rtps      wtps      dtps   bread/s   bwrtn/s   bdscd/s
14:57:26         0.00      0.00      0.00      0.00      0.00      0.00      0.00

14:57:24    kbmemfree   kbavail kbmemused  %memused kbbuffers  kbcached  kbcommit   %commit  kbactive   kbinact   kbdirty
14:57:26       518344    598112   1179956     58.11         8    198932   1552864     76.47   1226828     92736       128

14:57:26        CPU     %user     %nice   %system   %iowait    %steal     %idle
14:57:28        all     24.87      0.00      0.25      0.00      3.28     71.59

14:57:26          tps      rtps      wtps      dtps   bread/s   bwrtn/s   bdscd/s
14:57:28         0.50      0.00      0.50      0.00      0.00      4.00      0.00

14:57:26    kbmemfree   kbavail kbmemused  %memused kbbuffers  kbcached  kbcommit   %commit  kbactive   kbinact   kbdirty
14:57:28       518312    598080   1179988     58.11         8    198932   1552864     76.47   1226828     92736       172

14:57:28        CPU     %user     %nice   %system   %iowait    %steal     %idle
14:57:30        all     24.87      0.00      0.25      0.00      2.16     72.72

14:57:28          tps      rtps      wtps      dtps   bread/s   bwrtn/s   bdscd/s
14:57:30         0.00      0.00      0.00      0.00      0.00      0.00      0.00

14:57:28    kbmemfree   kbavail kbmemused  %memused kbbuffers  kbcached  kbcommit   %commit  kbactive   kbinact   kbdirty
14:57:30       518312    598080   1179988     58.11         8    198932   1552864     76.47   1226828     92736       176

14:57:30        CPU     %user     %nice   %system   %iowait    %steal     %idle
14:57:32        all     25.38      0.00      0.13      0.00      2.03     72.46

14:57:30          tps      rtps      wtps      dtps   bread/s   bwrtn/s   bdscd/s
14:57:32         1.50      0.00      1.50      0.00      0.00     16.00      0.00

14:57:30    kbmemfree   kbavail kbmemused  %memused kbbuffers  kbcached  kbcommit   %commit  kbactive   kbinact   kbdirty
14:57:32       518280    598048   1180020     58.11         8    198932   1552864     76.47   1226828     92736       160

14:57:32        CPU     %user     %nice   %system   %iowait    %steal     %idle
14:57:34        all     17.47      0.00      8.29      0.00      1.53     72.70

14:57:32          tps      rtps      wtps      dtps   bread/s   bwrtn/s   bdscd/s
14:57:34         0.00      0.00      0.00      0.00      0.00      0.00      0.00

14:57:32    kbmemfree   kbavail kbmemused  %memused kbbuffers  kbcached  kbcommit   %commit  kbactive   kbinact   kbdirty
14:57:34       518312    598080   1179988     58.11         8    198932   1552864     76.47   1226812     92736       168

14:57:34        CPU     %user     %nice   %system   %iowait    %steal     %idle
14:57:36        all     25.28      0.00      0.00      0.00      2.02     72.69

14:57:34          tps      rtps      wtps      dtps   bread/s   bwrtn/s   bdscd/s
14:57:36         0.00      0.00      0.00      0.00      0.00      0.00      0.00

14:57:34    kbmemfree   kbavail kbmemused  %memused kbbuffers  kbcached  kbcommit   %commit  kbactive   kbinact   kbdirty
14:57:36       518344    598112   1179952     58.11         8    198936   1552864     76.47   1226812     92736       172

14:57:36        CPU     %user     %nice   %system   %iowait    %steal     %idle
14:57:38        all     25.06      0.00      0.13      0.00      2.90     71.91

14:57:36          tps      rtps      wtps      dtps   bread/s   bwrtn/s   bdscd/s
14:57:38         2.00      0.00      2.00      0.00      0.00     16.00      0.00

14:57:36    kbmemfree   kbavail kbmemused  %memused kbbuffers  kbcached  kbcommit   %commit  kbactive   kbinact   kbdirty
14:57:38       518312    598088   1179980     58.11         8    198940   1552864     76.47   1226820     92736       196

14:57:38        CPU     %user     %nice   %system   %iowait    %steal     %idle
14:57:40        all     25.51      0.00      0.00      0.00      2.03     72.46

14:57:38          tps      rtps      wtps      dtps   bread/s   bwrtn/s   bdscd/s
14:57:40         0.00      0.00      0.00      0.00      0.00      0.00      0.00

14:57:38    kbmemfree   kbavail kbmemused  %memused kbbuffers  kbcached  kbcommit   %commit  kbactive   kbinact   kbdirty
14:57:40       518344    598120   1179948     58.11         8    198940   1552864     76.47   1226820     92736       200

14:57:40        CPU     %user     %nice   %system   %iowait    %steal     %idle
14:57:42        all     24.30      0.00      0.51      0.00      2.78     72.41

14:57:40          tps      rtps      wtps      dtps   bread/s   bwrtn/s   bdscd/s
14:57:42         1.00      0.00      1.00      0.00      0.00      8.00      0.00

14:57:40    kbmemfree   kbavail kbmemused  %memused kbbuffers  kbcached  kbcommit   %commit  kbactive   kbinact   kbdirty
14:57:42       518344    598124   1179948     58.11         8    198940   1552864     76.47   1226824     92736       200

14:57:42        CPU     %user     %nice   %system   %iowait    %steal     %idle
14:57:44        all     23.00      0.00      0.52      0.00      4.78     71.71

14:57:42          tps      rtps      wtps      dtps   bread/s   bwrtn/s   bdscd/s
14:57:44         0.00      0.00      0.00      0.00      0.00      0.00      0.00

14:57:42    kbmemfree   kbavail kbmemused  %memused kbbuffers  kbcached  kbcommit   %commit  kbactive   kbinact   kbdirty
14:57:44       518344    598124   1179948     58.11         8    198940   1552864     76.47   1226824     92736       204

14:57:44        CPU     %user     %nice   %system   %iowait    %steal     %idle
14:57:46        all     23.68      0.00      0.25      0.00      5.89     70.18

14:57:44          tps      rtps      wtps      dtps   bread/s   bwrtn/s   bdscd/s
14:57:46         0.00      0.00      0.00      0.00      0.00      0.00      0.00

14:57:44    kbmemfree   kbavail kbmemused  %memused kbbuffers  kbcached  kbcommit   %commit  kbactive   kbinact   kbdirty
14:57:46       518312    598092   1179980     58.11         8    198940   1552864     76.47   1226824     92736       204

14:57:46        CPU     %user     %nice   %system   %iowait    %steal     %idle
14:57:48        all     24.69      0.00      0.50      0.00      9.07     65.74

14:57:46          tps      rtps      wtps      dtps   bread/s   bwrtn/s   bdscd/s
14:57:48         1.50      0.00      1.50      0.00      0.00     12.00      0.00

14:57:46    kbmemfree   kbavail kbmemused  %memused kbbuffers  kbcached  kbcommit   %commit  kbactive   kbinact   kbdirty
14:57:48       518312    598092   1179980     58.11         8    198940   1552864     76.47   1226824     92736       232

14:57:48        CPU     %user     %nice   %system   %iowait    %steal     %idle
14:57:50        all     24.59      0.00      1.01      0.00      2.14     72.26

14:57:48          tps      rtps      wtps      dtps   bread/s   bwrtn/s   bdscd/s
14:57:50         0.00      0.00      0.00      0.00      0.00      0.00      0.00

14:57:48    kbmemfree   kbavail kbmemused  %memused kbbuffers  kbcached  kbcommit   %commit  kbactive   kbinact   kbdirty
14:57:50       518280    598060   1180008     58.11         8    198944   1552864     76.47   1226824     92736       240

14:57:50        CPU     %user     %nice   %system   %iowait    %steal     %idle
14:57:52        all     25.13      0.00      0.51      0.26      1.02     73.09

14:57:50          tps      rtps      wtps      dtps   bread/s   bwrtn/s   bdscd/s
14:57:52         8.00      0.00      8.00      0.00      0.00   2280.00      0.00

14:57:50    kbmemfree   kbavail kbmemused  %memused kbbuffers  kbcached  kbcommit   %commit  kbactive   kbinact   kbdirty
14:57:52       518312    598096   1179972     58.11         8    198948   1552864     76.47   1226828     92736        20

14:57:52        CPU     %user     %nice   %system   %iowait    %steal     %idle
14:57:54        all     25.32      0.00      0.25      0.00      1.65     72.78

14:57:52          tps      rtps      wtps      dtps   bread/s   bwrtn/s   bdscd/s
14:57:54         0.00      0.00      0.00      0.00      0.00      0.00      0.00

14:57:52    kbmemfree   kbavail kbmemused  %memused kbbuffers  kbcached  kbcommit   %commit  kbactive   kbinact   kbdirty
14:57:54       518280    598064   1180004     58.11         8    198948   1552864     76.47   1226828     92736        20

14:57:54        CPU     %user     %nice   %system   %iowait    %steal     %idle
14:57:56        all     24.87      0.00      0.26      0.00      0.64     74.23

14:57:54          tps      rtps      wtps      dtps   bread/s   bwrtn/s   bdscd/s
14:57:56         0.00      0.00      0.00      0.00      0.00      0.00      0.00

14:57:54    kbmemfree   kbavail kbmemused  %memused kbbuffers  kbcached  kbcommit   %commit  kbactive   kbinact   kbdirty
14:57:56       518312    598096   1179972     58.11         8    198948   1552864     76.47   1226828     92736        20

14:57:56        CPU     %user     %nice   %system   %iowait    %steal     %idle
14:57:58        all     23.55      0.00      1.01      0.00      0.76     74.69

14:57:56          tps      rtps      wtps      dtps   bread/s   bwrtn/s   bdscd/s
14:57:58         0.00      0.00      0.00      0.00      0.00      0.00      0.00

14:57:56    kbmemfree   kbavail kbmemused  %memused kbbuffers  kbcached  kbcommit   %commit  kbactive   kbinact   kbdirty
14:57:58       518280    598064   1180004     58.11         8    198948   1552864     76.47   1226828     92736        20

14:57:58        CPU     %user     %nice   %system   %iowait    %steal     %idle
14:58:00        all     24.53      0.00      0.88      0.00      0.25     74.34

14:57:58          tps      rtps      wtps      dtps   bread/s   bwrtn/s   bdscd/s
14:58:00         0.00      0.00      0.00      0.00      0.00      0.00      0.00

14:57:58    kbmemfree   kbavail kbmemused  %memused kbbuffers  kbcached  kbcommit   %commit  kbactive   kbinact   kbdirty
14:58:00       518344    598128   1179940     58.11         8    198948   1552864     76.47   1226828     92736        20

14:58:00        CPU     %user     %nice   %system   %iowait    %steal     %idle
14:58:02        all     24.40      0.00      0.38      0.00      1.52     73.70

14:58:00          tps      rtps      wtps      dtps   bread/s   bwrtn/s   bdscd/s
14:58:02         0.00      0.00      0.00      0.00      0.00      0.00      0.00

14:58:00    kbmemfree   kbavail kbmemused  %memused kbbuffers  kbcached  kbcommit   %commit  kbactive   kbinact   kbdirty
14:58:02       518344    598128   1179940     58.11         8    198948   1552864     76.47   1226828     92736        20

14:58:02        CPU     %user     %nice   %system   %iowait    %steal     %idle
14:58:04        all     25.16      0.00      0.38      0.00      1.91     72.55

14:58:02          tps      rtps      wtps      dtps   bread/s   bwrtn/s   bdscd/s
14:58:04         0.00      0.00      0.00      0.00      0.00      0.00      0.00

14:58:02    kbmemfree   kbavail kbmemused  %memused kbbuffers  kbcached  kbcommit   %commit  kbactive   kbinact   kbdirty
14:58:04       518344    598128   1179936     58.11         8    198952   1552864     76.47   1226828     92736        24

14:58:04        CPU     %user     %nice   %system   %iowait    %steal     %idle
14:58:06        all     24.87      0.00      0.38      0.00      2.17     72.58

14:58:04          tps      rtps      wtps      dtps   bread/s   bwrtn/s   bdscd/s
14:58:06         0.00      0.00      0.00      0.00      0.00      0.00      0.00

14:58:04    kbmemfree   kbavail kbmemused  %memused kbbuffers  kbcached  kbcommit   %commit  kbactive   kbinact   kbdirty
14:58:06       518344    598132   1179932     58.11         8    198956   1552864     76.47   1226832     92736        28

14:58:06        CPU     %user     %nice   %system   %iowait    %steal     %idle
14:58:08        all     22.92      0.00      0.38      0.00      4.23     72.47

14:58:06          tps      rtps      wtps      dtps   bread/s   bwrtn/s   bdscd/s
14:58:08         0.00      0.00      0.00      0.00      0.00      0.00      0.00

14:58:06    kbmemfree   kbavail kbmemused  %memused kbbuffers  kbcached  kbcommit   %commit  kbactive   kbinact   kbdirty
14:58:08       518312    598100   1179964     58.11         8    198956   1552864     76.47   1226832     92736        28

14:58:08        CPU     %user     %nice   %system   %iowait    %steal     %idle
14:58:10        all     24.72      0.00      0.63      0.00      5.14     69.51

14:58:08          tps      rtps      wtps      dtps   bread/s   bwrtn/s   bdscd/s
14:58:10         0.00      0.00      0.00      0.00      0.00      0.00      0.00

14:58:08    kbmemfree   kbavail kbmemused  %memused kbbuffers  kbcached  kbcommit   %commit  kbactive   kbinact   kbdirty
14:58:10       518344    598132   1179928     58.11         8    198960   1552864     76.47   1226832     92736        32

14:58:10        CPU     %user     %nice   %system   %iowait    %steal     %idle
14:58:12        all     24.35      0.00      0.49      0.00      7.63     67.53

14:58:10          tps      rtps      wtps      dtps   bread/s   bwrtn/s   bdscd/s
14:58:12         0.00      0.00      0.00      0.00      0.00      0.00      0.00

14:58:10    kbmemfree   kbavail kbmemused  %memused kbbuffers  kbcached  kbcommit   %commit  kbactive   kbinact   kbdirty
14:58:12       518312    598100   1179960     58.11         8    198960   1552864     76.47   1226832     92736        32

14:58:12        CPU     %user     %nice   %system   %iowait    %steal     %idle
14:58:14        all     24.19      0.00      0.75      0.00      5.49     69.58

14:58:12          tps      rtps      wtps      dtps   bread/s   bwrtn/s   bdscd/s
14:58:14         0.00      0.00      0.00      0.00      0.00      0.00      0.00

14:58:12    kbmemfree   kbavail kbmemused  %memused kbbuffers  kbcached  kbcommit   %commit  kbactive   kbinact   kbdirty
14:58:14       518344    598132   1179928     58.11         8    198960   1552864     76.47   1226832     92736        32

14:58:14        CPU     %user     %nice   %system   %iowait    %steal     %idle
14:58:16        all     22.19      0.00      1.39      0.00      2.65     73.77

14:58:14          tps      rtps      wtps      dtps   bread/s   bwrtn/s   bdscd/s
14:58:16         0.00      0.00      0.00      0.00      0.00      0.00      0.00

14:58:14    kbmemfree   kbavail kbmemused  %memused kbbuffers  kbcached  kbcommit   %commit  kbactive   kbinact   kbdirty
14:58:16       518344    598132   1179928     58.11         8    198960   1552864     76.47   1226832     92736        32

14:58:16        CPU     %user     %nice   %system   %iowait    %steal     %idle
14:58:18        all     23.16      0.00      1.91      0.00      3.56     71.37

14:58:16          tps      rtps      wtps      dtps   bread/s   bwrtn/s   bdscd/s
14:58:18         2.00      0.00      2.00      0.00      0.00     20.00      0.00

14:58:16    kbmemfree   kbavail kbmemused  %memused kbbuffers  kbcached  kbcommit   %commit  kbactive   kbinact   kbdirty
14:58:18       518344    598136   1179928     58.11         8    198960   1552864     76.47   1226836     92736       128

14:58:18        CPU     %user     %nice   %system   %iowait    %steal     %idle
14:58:20        all     24.53      0.00      0.75      0.00      3.40     71.32

14:58:18          tps      rtps      wtps      dtps   bread/s   bwrtn/s   bdscd/s
14:58:20         0.00      0.00      0.00      0.00      0.00      0.00      0.00

14:58:18    kbmemfree   kbavail kbmemused  %memused kbbuffers  kbcached  kbcommit   %commit  kbactive   kbinact   kbdirty
14:58:20       518312    598104   1179960     58.11         8    198960   1552864     76.47   1226836     92736       160

14:58:20        CPU     %user     %nice   %system   %iowait    %steal     %idle
14:58:22        all     24.59      0.00      1.01      0.00      1.77     72.62

14:58:20          tps      rtps      wtps      dtps   bread/s   bwrtn/s   bdscd/s
14:58:22         0.00      0.00      0.00      0.00      0.00      0.00      0.00

14:58:20    kbmemfree   kbavail kbmemused  %memused kbbuffers  kbcached  kbcommit   %commit  kbactive   kbinact   kbdirty
14:58:22       518344    598136   1179920     58.11         8    198968   1552864     76.47   1226836     92736       172

14:58:22        CPU     %user     %nice   %system   %iowait    %steal     %idle
14:58:24        all     24.87      0.00      0.51      0.00      1.54     73.08

14:58:22          tps      rtps      wtps      dtps   bread/s   bwrtn/s   bdscd/s
14:58:24         1.00      0.00      1.00      0.00      0.00     16.00      0.00

14:58:22    kbmemfree   kbavail kbmemused  %memused kbbuffers  kbcached  kbcommit   %commit  kbactive   kbinact   kbdirty
14:58:24       518344    598136   1179920     58.11         8    198968   1552864     76.47   1226836     92736       188

14:58:24        CPU     %user     %nice   %system   %iowait    %steal     %idle
14:58:26        all     24.59      0.00      0.89      0.00      0.51     74.01

14:58:24          tps      rtps      wtps      dtps   bread/s   bwrtn/s   bdscd/s
14:58:26         0.00      0.00      0.00      0.00      0.00      0.00      0.00

14:58:24    kbmemfree   kbavail kbmemused  %memused kbbuffers  kbcached  kbcommit   %commit  kbactive   kbinact   kbdirty
14:58:26       518312    598104   1179952     58.11         8    198968   1552864     76.47   1226836     92736       192

14:58:26        CPU     %user     %nice   %system   %iowait    %steal     %idle
14:58:28        all     24.52      0.00      0.64      0.00      1.53     73.31

14:58:26          tps      rtps      wtps      dtps   bread/s   bwrtn/s   bdscd/s
14:58:28         0.00      0.00      0.00      0.00      0.00      0.00      0.00

14:58:26    kbmemfree   kbavail kbmemused  %memused kbbuffers  kbcached  kbcommit   %commit  kbactive   kbinact   kbdirty
14:58:28       518248    598040   1180016     58.11         8    198968   1552864     76.47   1226836     92736       192

14:58:28        CPU     %user     %nice   %system   %iowait    %steal     %idle
14:58:30        all     24.94      0.00      0.89      0.00      1.27     72.91

14:58:28          tps      rtps      wtps      dtps   bread/s   bwrtn/s   bdscd/s
14:58:30         0.00      0.00      0.00      0.00      0.00      0.00      0.00

14:58:28    kbmemfree   kbavail kbmemused  %memused kbbuffers  kbcached  kbcommit   %commit  kbactive   kbinact   kbdirty
14:58:30       518312    598104   1179952     58.11         8    198968   1552864     76.47   1226836     92736       192

14:58:30        CPU     %user     %nice   %system   %iowait    %steal     %idle
14:58:32        all     24.40      0.00      1.14      0.00      1.65     72.81

14:58:30          tps      rtps      wtps      dtps   bread/s   bwrtn/s   bdscd/s
14:58:32         0.00      0.00      0.00      0.00      0.00      0.00      0.00

14:58:30    kbmemfree   kbavail kbmemused  %memused kbbuffers  kbcached  kbcommit   %commit  kbactive   kbinact   kbdirty
14:58:32       518312    598104   1179952     58.11         8    198968   1552864     76.47   1226836     92736       192

14:58:32        CPU     %user     %nice   %system   %iowait    %steal     %idle
14:58:34        all     24.71      0.00      0.76      0.00      1.65     72.88

14:58:32          tps      rtps      wtps      dtps   bread/s   bwrtn/s   bdscd/s
14:58:34         0.00      0.00      0.00      0.00      0.00      0.00      0.00

14:58:32    kbmemfree   kbavail kbmemused  %memused kbbuffers  kbcached  kbcommit   %commit  kbactive   kbinact   kbdirty
14:58:34       518344    598136   1179920     58.11         8    198968   1552864     76.47   1226836     92736       192

14:58:34        CPU     %user     %nice   %system   %iowait    %steal     %idle
14:58:36        all     24.97      0.00      0.38      0.00      1.40     73.25

14:58:34          tps      rtps      wtps      dtps   bread/s   bwrtn/s   bdscd/s
14:58:36         0.00      0.00      0.00      0.00      0.00      0.00      0.00

14:58:34    kbmemfree   kbavail kbmemused  %memused kbbuffers  kbcached  kbcommit   %commit  kbactive   kbinact   kbdirty
14:58:36       518312    598104   1179944     58.11         8    198976   1552864     76.47   1226836     92736       200

14:58:36        CPU     %user     %nice   %system   %iowait    %steal     %idle
14:58:38        all     23.89      0.00      0.64      0.00      3.43     72.05

14:58:36          tps      rtps      wtps      dtps   bread/s   bwrtn/s   bdscd/s
14:58:38         0.00      0.00      0.00      0.00      0.00      0.00      0.00

14:58:36    kbmemfree   kbavail kbmemused  %memused kbbuffers  kbcached  kbcommit   %commit  kbactive   kbinact   kbdirty
14:58:38       518344    598136   1179912     58.10         8    198976   1552864     76.47   1226836     92736       200

14:58:38        CPU     %user     %nice   %system   %iowait    %steal     %idle
14:58:40        all     23.24      0.00      0.75      0.00      6.91     69.10

14:58:38          tps      rtps      wtps      dtps   bread/s   bwrtn/s   bdscd/s
14:58:40         0.00      0.00      0.00      0.00      0.00      0.00      0.00

14:58:38    kbmemfree   kbavail kbmemused  %memused kbbuffers  kbcached  kbcommit   %commit  kbactive   kbinact   kbdirty
14:58:40       518312    598104   1179944     58.11         8    198976   1552864     76.47   1226836     92736       200

14:58:40        CPU     %user     %nice   %system   %iowait    %steal     %idle
14:58:42        all     22.07      0.00      1.12      0.00      8.73     68.08

14:58:40          tps      rtps      wtps      dtps   bread/s   bwrtn/s   bdscd/s
14:58:42         0.00      0.00      0.00      0.00      0.00      0.00      0.00

14:58:40    kbmemfree   kbavail kbmemused  %memused kbbuffers  kbcached  kbcommit   %commit  kbactive   kbinact   kbdirty
14:58:42       518312    598104   1179944     58.11         8    198976   1552864     76.47   1226836     92736       200

14:58:42        CPU     %user     %nice   %system   %iowait    %steal     %idle
14:58:44        all     22.63      0.00      0.00      0.00      2.69     74.68

14:58:42          tps      rtps      wtps      dtps   bread/s   bwrtn/s   bdscd/s
14:58:44         0.00      0.00      0.00      0.00      0.00      0.00      0.00

14:58:42    kbmemfree   kbavail kbmemused  %memused kbbuffers  kbcached  kbcommit   %commit  kbactive   kbinact   kbdirty
14:58:44       518312    598104   1179944     58.11         8    198976   1552864     76.47   1226836     92736       200

14:58:44        CPU     %user     %nice   %system   %iowait    %steal     %idle
14:58:46        all     24.24      0.00      0.38      0.00      3.05     72.34

14:58:44          tps      rtps      wtps      dtps   bread/s   bwrtn/s   bdscd/s
14:58:46         0.00      0.00      0.00      0.00      0.00      0.00      0.00

14:58:44    kbmemfree   kbavail kbmemused  %memused kbbuffers  kbcached  kbcommit   %commit  kbactive   kbinact   kbdirty
14:58:46       518280    598072   1179976     58.11         8    198976   1552864     76.47   1226836     92736       200

14:58:46        CPU     %user     %nice   %system   %iowait    %steal     %idle
14:58:48        all     24.30      0.00      1.28      0.26      4.09     70.08

14:58:46          tps      rtps      wtps      dtps   bread/s   bwrtn/s   bdscd/s
14:58:48        10.95      0.00     10.95      0.00      0.00   2236.82      0.00

14:58:46    kbmemfree   kbavail kbmemused  %memused kbbuffers  kbcached  kbcommit   %commit  kbactive   kbinact   kbdirty
14:58:48       518312    598116   1179940     58.11         8    198980   1552864     76.47   1226848     92736        28

14:58:48        CPU     %user     %nice   %system   %iowait    %steal     %idle
14:58:50        all     23.70      0.00      0.51      0.00      4.56     71.23

14:58:48          tps      rtps      wtps      dtps   bread/s   bwrtn/s   bdscd/s
14:58:50         0.00      0.00      0.00      0.00      0.00      0.00      0.00

14:58:48    kbmemfree   kbavail kbmemused  %memused kbbuffers  kbcached  kbcommit   %commit  kbactive   kbinact   kbdirty
14:58:50       518312    598116   1179936     58.11         8    198984   1552864     76.47   1226848     92736        32

14:58:50        CPU     %user     %nice   %system   %iowait    %steal     %idle
14:58:52        all     25.22      0.00      0.38      0.00      2.55     71.85

14:58:50          tps      rtps      wtps      dtps   bread/s   bwrtn/s   bdscd/s
14:58:52         0.00      0.00      0.00      0.00      0.00      0.00      0.00

14:58:50    kbmemfree   kbavail kbmemused  %memused kbbuffers  kbcached  kbcommit   %commit  kbactive   kbinact   kbdirty
14:58:52       518312    598116   1179936     58.11         8    198984   1552864     76.47   1226848     92736        32

14:58:52        CPU     %user     %nice   %system   %iowait    %steal     %idle
14:58:54        all     25.55      0.00      0.13      0.00      0.64     73.68

14:58:52          tps      rtps      wtps      dtps   bread/s   bwrtn/s   bdscd/s
14:58:54         1.00      0.00      1.00      0.00      0.00     20.00      0.00

14:58:52    kbmemfree   kbavail kbmemused  %memused kbbuffers  kbcached  kbcommit   %commit  kbactive   kbinact   kbdirty
14:58:54       518312    598116   1179936     58.11         8    198984   1552864     76.47   1226848     92736        92

14:58:54        CPU     %user     %nice   %system   %iowait    %steal     %idle
14:58:56        all     25.51      0.00      0.26      0.00      0.51     73.72

14:58:54          tps      rtps      wtps      dtps   bread/s   bwrtn/s   bdscd/s
14:58:56         0.00      0.00      0.00      0.00      0.00      0.00      0.00

14:58:54    kbmemfree   kbavail kbmemused  %memused kbbuffers  kbcached  kbcommit   %commit  kbactive   kbinact   kbdirty
14:58:56       518344    598152   1179904     58.10         8    198984   1552864     76.47   1226852     92736       160

14:58:56        CPU     %user     %nice   %system   %iowait    %steal     %idle
14:58:58        all     25.77      0.00      0.26      0.00      0.38     73.59

14:58:56          tps      rtps      wtps      dtps   bread/s   bwrtn/s   bdscd/s
14:58:58         0.00      0.00      0.00      0.00      0.00      0.00      0.00

14:58:56    kbmemfree   kbavail kbmemused  %memused kbbuffers  kbcached  kbcommit   %commit  kbactive   kbinact   kbdirty
14:58:58       518344    598152   1179904     58.10         8    198984   1552864     76.47   1226852     92736       160

14:58:58        CPU     %user     %nice   %system   %iowait    %steal     %idle
14:59:00        all     25.64      0.00      0.13      0.00      0.51     73.72

14:58:58          tps      rtps      wtps      dtps   bread/s   bwrtn/s   bdscd/s
14:59:00         0.50      0.00      0.50      0.00      0.00     12.00      0.00

14:58:58    kbmemfree   kbavail kbmemused  %memused kbbuffers  kbcached  kbcommit   %commit  kbactive   kbinact   kbdirty
14:59:00       518344    598152   1179904     58.10         8    198984   1552864     76.47   1226852     92736       164

14:59:00        CPU     %user     %nice   %system   %iowait    %steal     %idle
14:59:02        all     25.64      0.00      0.13      0.00      0.26     73.97

14:59:00          tps      rtps      wtps      dtps   bread/s   bwrtn/s   bdscd/s
14:59:02         0.00      0.00      0.00      0.00      0.00      0.00      0.00

14:59:00    kbmemfree   kbavail kbmemused  %memused kbbuffers  kbcached  kbcommit   %commit  kbactive   kbinact   kbdirty
14:59:02       518280    598092   1179964     58.11         8    198988   1552864     76.47   1226856     92736       172

14:59:02        CPU     %user     %nice   %system   %iowait    %steal     %idle
14:59:04        all     25.72      0.00      0.13      0.00      0.52     73.63

14:59:02          tps      rtps      wtps      dtps   bread/s   bwrtn/s   bdscd/s
14:59:04         0.00      0.00      0.00      0.00      0.00      0.00      0.00

14:59:02    kbmemfree   kbavail kbmemused  %memused kbbuffers  kbcached  kbcommit   %commit  kbactive   kbinact   kbdirty
14:59:04       518344    598160   1179896     58.10         8    198992   1552864     76.47   1226860     92736       176

14:59:04        CPU     %user     %nice   %system   %iowait    %steal     %idle
14:59:06        all     25.56      0.00      0.50      0.00      3.63     70.30

14:59:04          tps      rtps      wtps      dtps   bread/s   bwrtn/s   bdscd/s
14:59:06         0.00      0.00      0.00      0.00      0.00      0.00      0.00

14:59:04    kbmemfree   kbavail kbmemused  %memused kbbuffers  kbcached  kbcommit   %commit  kbactive   kbinact   kbdirty
14:59:06       518312    598128   1179928     58.11         8    198992   1552864     76.47   1226860     92736       180

14:59:06        CPU     %user     %nice   %system   %iowait    %steal     %idle
14:59:08        all     23.97      0.00      0.75      0.00      4.12     71.16

14:59:06          tps      rtps      wtps      dtps   bread/s   bwrtn/s   bdscd/s
14:59:08         0.00      0.00      0.00      0.00      0.00      0.00      0.00

14:59:06    kbmemfree   kbavail kbmemused  %memused kbbuffers  kbcached  kbcommit   %commit  kbactive   kbinact   kbdirty
14:59:08       518344    598160   1179896     58.10         8    198992   1552864     76.47   1226860     92736       180

14:59:08        CPU     %user     %nice   %system   %iowait    %steal     %idle
14:59:10        all     24.97      0.00      0.25      0.00      4.31     70.47

14:59:08          tps      rtps      wtps      dtps   bread/s   bwrtn/s   bdscd/s
14:59:10         0.00      0.00      0.00      0.00      0.00      0.00      0.00

14:59:08    kbmemfree   kbavail kbmemused  %memused kbbuffers  kbcached  kbcommit   %commit  kbactive   kbinact   kbdirty
14:59:10       518280    598096   1179960     58.11         8    198992   1552864     76.47   1226860     92736       180

14:59:10        CPU     %user     %nice   %system   %iowait    %steal     %idle
14:59:12        all     24.97      0.00      0.38      0.00      2.93     71.72

14:59:10          tps      rtps      wtps      dtps   bread/s   bwrtn/s   bdscd/s
14:59:12         0.00      0.00      0.00      0.00      0.00      0.00      0.00

14:59:10    kbmemfree   kbavail kbmemused  %memused kbbuffers  kbcached  kbcommit   %commit  kbactive   kbinact   kbdirty
14:59:12       518312    598128   1179928     58.11         8    198992   1552864     76.47   1226860     92736       180

14:59:12        CPU     %user     %nice   %system   %iowait    %steal     %idle
14:59:14        all     25.00      0.00      0.25      0.00      3.81     70.94

14:59:12          tps      rtps      wtps      dtps   bread/s   bwrtn/s   bdscd/s
14:59:14         0.00      0.00      0.00      0.00      0.00      0.00      0.00

14:59:12    kbmemfree   kbavail kbmemused  %memused kbbuffers  kbcached  kbcommit   %commit  kbactive   kbinact   kbdirty
14:59:14       518280    598096   1179960     58.11         8    198992   1552864     76.47   1226860     92736       180

14:59:14        CPU     %user     %nice   %system   %iowait    %steal     %idle
14:59:16        all     24.08      0.00      1.01      0.00      2.28     72.62

14:59:14          tps      rtps      wtps      dtps   bread/s   bwrtn/s   bdscd/s
14:59:16         0.00      0.00      0.00      0.00      0.00      0.00      0.00

14:59:14    kbmemfree   kbavail kbmemused  %memused kbbuffers  kbcached  kbcommit   %commit  kbactive   kbinact   kbdirty
14:59:16       518312    598132   1179924     58.11         8    198996   1552864     76.47   1226864     92736       184

14:59:16        CPU     %user     %nice   %system   %iowait    %steal     %idle
14:59:18        all     24.25      0.00      0.88      0.00      4.02     70.85

14:59:16          tps      rtps      wtps      dtps   bread/s   bwrtn/s   bdscd/s
14:59:18         0.00      0.00      0.00      0.00      0.00      0.00      0.00

14:59:16    kbmemfree   kbavail kbmemused  %memused kbbuffers  kbcached  kbcommit   %commit  kbactive   kbinact   kbdirty
14:59:18       518280    598100   1179952     58.11         8    199000   1552864     76.47   1226864     92736       188

14:59:18        CPU     %user     %nice   %system   %iowait    %steal     %idle
14:59:20        all     23.86      0.00      0.25      0.00      6.52     69.37

14:59:18          tps      rtps      wtps      dtps   bread/s   bwrtn/s   bdscd/s
14:59:20         0.00      0.00      0.00      0.00      0.00      0.00      0.00

14:59:18    kbmemfree   kbavail kbmemused  %memused kbbuffers  kbcached  kbcommit   %commit  kbactive   kbinact   kbdirty
14:59:20       518344    598164   1179888     58.10         8    199000   1552864     76.47   1226864     92736       188

14:59:20        CPU     %user     %nice   %system   %iowait    %steal     %idle
14:59:22        all     24.04      0.00      1.36      0.00      6.04     68.56

14:59:20          tps      rtps      wtps      dtps   bread/s   bwrtn/s   bdscd/s
14:59:22         0.00      0.00      0.00      0.00      0.00      0.00      0.00

14:59:20    kbmemfree   kbavail kbmemused  %memused kbbuffers  kbcached  kbcommit   %commit  kbactive   kbinact   kbdirty
14:59:22       518312    598132   1179920     58.11         8    199000   1552864     76.47   1226864     92736       188

14:59:22        CPU     %user     %nice   %system   %iowait    %steal     %idle
14:59:24        all     23.74      0.00      0.75      0.00      4.65     70.85

14:59:22          tps      rtps      wtps      dtps   bread/s   bwrtn/s   bdscd/s
14:59:24         0.00      0.00      0.00      0.00      0.00      0.00      0.00

14:59:22    kbmemfree   kbavail kbmemused  %memused kbbuffers  kbcached  kbcommit   %commit  kbactive   kbinact   kbdirty
14:59:24       518312    598132   1179920     58.11         8    199000   1552864     76.47   1226864     92736       188

14:59:24        CPU     %user     %nice   %system   %iowait    %steal     %idle
14:59:26        all     24.66      0.00      0.88      0.38      3.88     70.21

14:59:24          tps      rtps      wtps      dtps   bread/s   bwrtn/s   bdscd/s
14:59:26         9.50      0.00      9.50      0.00      0.00   1736.00      0.00

14:59:24    kbmemfree   kbavail kbmemused  %memused kbbuffers  kbcached  kbcommit   %commit  kbactive   kbinact   kbdirty
14:59:26       518312    598136   1179920     58.11         8    199000   1552864     76.47   1226612     92992        28

14:59:26        CPU     %user     %nice   %system   %iowait    %steal     %idle
14:59:28        all     24.62      0.00      0.76      0.00      2.53     72.10

14:59:26          tps      rtps      wtps      dtps   bread/s   bwrtn/s   bdscd/s
14:59:28         0.00      0.00      0.00      0.00      0.00      0.00      0.00

14:59:26    kbmemfree   kbavail kbmemused  %memused kbbuffers  kbcached  kbcommit   %commit  kbactive   kbinact   kbdirty
14:59:28       518376    598200   1179856     58.10         8    199000   1552864     76.47   1226612     92992        28

14:59:28        CPU     %user     %nice   %system   %iowait    %steal     %idle
14:59:30        all     22.11      0.00      0.89      0.00      4.57     72.43

14:59:28          tps      rtps      wtps      dtps   bread/s   bwrtn/s   bdscd/s
14:59:30         0.50      0.00      0.50      0.00      0.00     12.00      0.00

14:59:28    kbmemfree   kbavail kbmemused  %memused kbbuffers  kbcached  kbcommit   %commit  kbactive   kbinact   kbdirty
14:59:30       518344    598168   1179888     58.10         8    199000   1552864     76.47   1226612     92992        96

14:59:30        CPU     %user     %nice   %system   %iowait    %steal     %idle
14:59:32        all     23.88      0.00      0.90      0.00      2.44     72.79

14:59:30          tps      rtps      wtps      dtps   bread/s   bwrtn/s   bdscd/s
14:59:32         0.00      0.00      0.00      0.00      0.00      0.00      0.00

14:59:30    kbmemfree   kbavail kbmemused  %memused kbbuffers  kbcached  kbcommit   %commit  kbactive   kbinact   kbdirty
14:59:32       518280    598104   1179952     58.11         8    199000   1552864     76.47   1226612     92992        96

14:59:32        CPU     %user     %nice   %system   %iowait    %steal     %idle
14:59:34        all     24.16      0.00      0.38      0.00      2.13     73.34

14:59:32          tps      rtps      wtps      dtps   bread/s   bwrtn/s   bdscd/s
14:59:34         0.00      0.00      0.00      0.00      0.00      0.00      0.00

14:59:32    kbmemfree   kbavail kbmemused  %memused kbbuffers  kbcached  kbcommit   %commit  kbactive   kbinact   kbdirty
14:59:34       518280    598104   1179944     58.11         8    199008   1552864     76.47   1226628     92992       108

14:59:34        CPU     %user     %nice   %system   %iowait    %steal     %idle
14:59:36        all     23.11      0.00      1.24      0.12      6.43     69.10

14:59:34          tps      rtps      wtps      dtps   bread/s   bwrtn/s   bdscd/s
14:59:36         1.50      0.50      1.00      0.00     16.00     20.00      0.00

14:59:34    kbmemfree   kbavail kbmemused  %memused kbbuffers  kbcached  kbcommit   %commit  kbactive   kbinact   kbdirty
14:59:36       518312    598160   1179896     58.10         8    199024   1552864     76.47   1226636     93008       208

14:59:36        CPU     %user     %nice   %system   %iowait    %steal     %idle
14:59:38        all     23.80      0.00      0.76      0.00      3.02     72.42

14:59:36          tps      rtps      wtps      dtps   bread/s   bwrtn/s   bdscd/s
14:59:38         0.00      0.00      0.00      0.00      0.00      0.00      0.00

14:59:36    kbmemfree   kbavail kbmemused  %memused kbbuffers  kbcached  kbcommit   %commit  kbactive   kbinact   kbdirty
14:59:38       518312    598160   1179896     58.10         8    199024   1552864     76.47   1226636     93008       192

14:59:38        CPU     %user     %nice   %system   %iowait    %steal     %idle
14:59:40        all     23.57      0.00      1.02      0.00      3.57     71.85

14:59:38          tps      rtps      wtps      dtps   bread/s   bwrtn/s   bdscd/s
14:59:40         0.00      0.00      0.00      0.00      0.00      0.00      0.00

14:59:38    kbmemfree   kbavail kbmemused  %memused kbbuffers  kbcached  kbcommit   %commit  kbactive   kbinact   kbdirty
14:59:40       518280    598128   1179928     58.11         8    199024   1552864     76.47   1226636     93008       192

14:59:40        CPU     %user     %nice   %system   %iowait    %steal     %idle
14:59:42        all     23.21      0.00      1.11      0.00      5.43     70.25

14:59:40          tps      rtps      wtps      dtps   bread/s   bwrtn/s   bdscd/s
14:59:42         0.00      0.00      0.00      0.00      0.00      0.00      0.00

14:59:40    kbmemfree   kbavail kbmemused  %memused kbbuffers  kbcached  kbcommit   %commit  kbactive   kbinact   kbdirty
14:59:42       518376    598224   1179832     58.10         8    199024   1552864     76.47   1226636     93008       192

14:59:42        CPU     %user     %nice   %system   %iowait    %steal     %idle
14:59:44        all     23.85      0.00      1.12      0.00      1.37     73.66

14:59:42          tps      rtps      wtps      dtps   bread/s   bwrtn/s   bdscd/s
14:59:44         0.00      0.00      0.00      0.00      0.00      0.00      0.00

14:59:42    kbmemfree   kbavail kbmemused  %memused kbbuffers  kbcached  kbcommit   %commit  kbactive   kbinact   kbdirty
14:59:44       518312    598160   1179896     58.10         8    199024   1552864     76.47   1226636     93008       192

14:59:44        CPU     %user     %nice   %system   %iowait    %steal     %idle
14:59:46        all     24.81      0.00      0.25      0.00      0.75     74.19

14:59:44          tps      rtps      wtps      dtps   bread/s   bwrtn/s   bdscd/s
14:59:46         2.00      0.00      2.00      0.00      0.00     16.00      0.00

14:59:44    kbmemfree   kbavail kbmemused  %memused kbbuffers  kbcached  kbcommit   %commit  kbactive   kbinact   kbdirty
14:59:46       518312    598160   1179896     58.10         8    199024   1552864     76.47   1226636     93008       192

14:59:46        CPU     %user     %nice   %system   %iowait    %steal     %idle
14:59:48        all     24.44      0.00      0.75      0.00      0.75     74.06

14:59:46          tps      rtps      wtps      dtps   bread/s   bwrtn/s   bdscd/s
14:59:48         0.00      0.00      0.00      0.00      0.00      0.00      0.00

14:59:46    kbmemfree   kbavail kbmemused  %memused kbbuffers  kbcached  kbcommit   %commit  kbactive   kbinact   kbdirty
14:59:48       518408    598256   1179792     58.10         8    199032   1552864     76.47   1226636     93008       208

14:59:48        CPU     %user     %nice   %system   %iowait    %steal     %idle
14:59:50        all     23.32      0.00      1.01      0.00      2.03     73.64

14:59:48          tps      rtps      wtps      dtps   bread/s   bwrtn/s   bdscd/s
14:59:50         1.50      0.00      1.50      0.00      0.00     20.00      0.00

14:59:48    kbmemfree   kbavail kbmemused  %memused kbbuffers  kbcached  kbcommit   %commit  kbactive   kbinact   kbdirty
14:59:50       518344    598192   1179856     58.10         8    199032   1552864     76.47   1226636     93008       212

14:59:50        CPU     %user     %nice   %system   %iowait    %steal     %idle
14:59:52        all     24.62      0.00      0.62      0.00      0.25     74.50

14:59:50          tps      rtps      wtps      dtps   bread/s   bwrtn/s   bdscd/s
14:59:52         0.00      0.00      0.00      0.00      0.00      0.00      0.00

14:59:50    kbmemfree   kbavail kbmemused  %memused kbbuffers  kbcached  kbcommit   %commit  kbactive   kbinact   kbdirty
14:59:52       518312    598160   1179888     58.10         8    199032   1552864     76.47   1226636     93008       216

14:59:52        CPU     %user     %nice   %system   %iowait    %steal     %idle
14:59:54        all     24.03      0.00      1.25      0.00      0.25     74.47

14:59:52          tps      rtps      wtps      dtps   bread/s   bwrtn/s   bdscd/s
14:59:54         0.00      0.00      0.00      0.00      0.00      0.00      0.00

14:59:52    kbmemfree   kbavail kbmemused  %memused kbbuffers  kbcached  kbcommit   %commit  kbactive   kbinact   kbdirty
14:59:54       518312    598160   1179888     58.10         8    199032   1552864     76.47   1226636     93008       216

14:59:54        CPU     %user     %nice   %system   %iowait    %steal     %idle
14:59:56        all     24.81      0.00      0.25      0.00      0.25     74.69

14:59:54          tps      rtps      wtps      dtps   bread/s   bwrtn/s   bdscd/s
14:59:56         1.00      0.00      1.00      0.00      0.00      8.00      0.00

14:59:54    kbmemfree   kbavail kbmemused  %memused kbbuffers  kbcached  kbcommit   %commit  kbactive   kbinact   kbdirty
14:59:56       518344    598192   1179856     58.10         8    199032   1552864     76.47   1226636     93008       228

14:59:56        CPU     %user     %nice   %system   %iowait    %steal     %idle
14:59:58        all     24.31      0.00      0.63      0.00      0.38     74.69

14:59:56          tps      rtps      wtps      dtps   bread/s   bwrtn/s   bdscd/s
14:59:58         0.00      0.00      0.00      0.00      0.00      0.00      0.00

14:59:56    kbmemfree   kbavail kbmemused  %memused kbbuffers  kbcached  kbcommit   %commit  kbactive   kbinact   kbdirty
14:59:58       518312    598160   1179888     58.10         8    199032   1552864     76.47   1226636     93008       232

14:59:58        CPU     %user     %nice   %system   %iowait    %steal     %idle
15:00:00        all     23.84      0.00      1.03      0.00      3.61     71.52

14:59:58          tps      rtps      wtps      dtps   bread/s   bwrtn/s   bdscd/s
15:00:00         2.00      0.00      2.00      0.00      0.00     16.00      0.00

14:59:58    kbmemfree   kbavail kbmemused  %memused kbbuffers  kbcached  kbcommit   %commit  kbactive   kbinact   kbdirty
15:00:00       518344    598192   1179856     58.10         8    199032   1552864     76.47   1226636     93008       236

15:00:00        CPU     %user     %nice   %system   %iowait    %steal     %idle
15:00:02        all     22.25      0.00      1.25      0.62      4.75     71.12

15:00:00          tps      rtps      wtps      dtps   bread/s   bwrtn/s   bdscd/s
15:00:02        13.50      0.00     13.50      0.00      0.00   2260.00      0.00

15:00:00    kbmemfree   kbavail kbmemused  %memused kbbuffers  kbcached  kbcommit   %commit  kbactive   kbinact   kbdirty
15:00:02       518344    598208   1179852     58.10         8    199036   1552864     76.47   1226652     93008       116

15:00:02        CPU     %user     %nice   %system   %iowait    %steal     %idle
15:00:04        all     22.81      0.00      0.75      0.00      2.63     73.81

15:00:02          tps      rtps      wtps      dtps   bread/s   bwrtn/s   bdscd/s
15:00:04         0.00      0.00      0.00      0.00      0.00      0.00      0.00

15:00:02    kbmemfree   kbavail kbmemused  %memused kbbuffers  kbcached  kbcommit   %commit  kbactive   kbinact   kbdirty
15:00:04       518312    598176   1179880     58.10         8    199040   1552864     76.47   1226652     93008        16

15:00:04        CPU     %user     %nice   %system   %iowait    %steal     %idle
15:00:06        all     23.93      0.00      1.26      0.00      3.65     71.16

15:00:04          tps      rtps      wtps      dtps   bread/s   bwrtn/s   bdscd/s
15:00:06         0.00      0.00      0.00      0.00      0.00      0.00      0.00

15:00:04    kbmemfree   kbavail kbmemused  %memused kbbuffers  kbcached  kbcommit   %commit  kbactive   kbinact   kbdirty
15:00:06       518280    598160   1179912     58.10         8    199040   1552864     76.47   1226668     93008        16

15:00:06        CPU     %user     %nice   %system   %iowait    %steal     %idle
15:00:08        all      0.76      0.00      1.90      0.00      2.28     95.07

15:00:06          tps      rtps      wtps      dtps   bread/s   bwrtn/s   bdscd/s
15:00:08         0.00      0.00      0.00      0.00      0.00      0.00      0.00

15:00:06    kbmemfree   kbavail kbmemused  %memused kbbuffers  kbcached  kbcommit   %commit  kbactive   kbinact   kbdirty
15:00:08      1570160   1650048    130296      6.42         8    196884    418168     20.59    176400     90816        16

15:00:08        CPU     %user     %nice   %system   %iowait    %steal     %idle
15:00:10        all      0.50      0.00      0.63      0.00      1.77     97.10

15:00:08          tps      rtps      wtps      dtps   bread/s   bwrtn/s   bdscd/s
15:00:10         0.00      0.00      0.00      0.00      0.00      0.00      0.00

15:00:08    kbmemfree   kbavail kbmemused  %memused kbbuffers  kbcached  kbcommit   %commit  kbactive   kbinact   kbdirty
15:00:10      1570224   1650112    130232      6.41         8    196884    418168     20.59    176400     90816        16

15:00:10        CPU     %user     %nice   %system   %iowait    %steal     %idle
15:00:12        all      0.13      0.00      0.38      0.00      0.89     98.60

15:00:10          tps      rtps      wtps      dtps   bread/s   bwrtn/s   bdscd/s
15:00:12         0.00      0.00      0.00      0.00      0.00      0.00      0.00

15:00:10    kbmemfree   kbavail kbmemused  %memused kbbuffers  kbcached  kbcommit   %commit  kbactive   kbinact   kbdirty
15:00:12      1570192   1650080    130264      6.41         8    196884    418168     20.59    176400     90816        16

Average:        CPU     %user     %nice   %system   %iowait    %steal     %idle
Average:        all     22.58      0.00      1.81      0.02      2.76     72.83

Average:          tps      rtps      wtps      dtps   bread/s   bwrtn/s   bdscd/s
Average:         0.73      0.01      0.72      0.00      0.32    106.38      0.00

Average:    kbmemfree   kbavail kbmemused  %memused kbbuffers  kbcached  kbcommit   %commit  kbactive   kbinact   kbdirty
Average:       590707    671647   1106444     54.49         8    200064   1538139     75.75   1153717     93618       140
