Linux 5.4.0-86-generic (flexran) 	12/14/21 	_x86_64_	(4 CPU)

15:31:58        CPU     %user     %nice   %system   %iowait    %steal     %idle
15:32:00        all      0.75      0.00      0.50      2.12      3.24     93.39

15:31:58          tps      rtps      wtps      dtps   bread/s   bwrtn/s   bdscd/s
15:32:00         8.00      8.00      0.00      0.00    340.00      0.00      0.00

15:31:58    kbmemfree   kbavail kbmemused  %memused kbbuffers  kbcached  kbcommit   %commit  kbactive   kbinact   kbdirty
15:32:00      1650776   1655024    126868      6.25         8    118968    416964     20.53    121996     67288       128

15:32:00        CPU     %user     %nice   %system   %iowait    %steal     %idle
15:32:02        all      0.51      0.00      0.38      0.00      1.28     97.82

15:32:00          tps      rtps      wtps      dtps   bread/s   bwrtn/s   bdscd/s
15:32:02         0.00      0.00      0.00      0.00      0.00      0.00      0.00

15:32:00    kbmemfree   kbavail kbmemused  %memused kbbuffers  kbcached  kbcommit   %commit  kbactive   kbinact   kbdirty
15:32:02      1650776   1655024    126868      6.25         8    118968    416964     20.53    122008     67284       128

15:32:02        CPU     %user     %nice   %system   %iowait    %steal     %idle
15:32:04        all      0.89      0.00      0.64      0.00      3.81     94.66

15:32:02          tps      rtps      wtps      dtps   bread/s   bwrtn/s   bdscd/s
15:32:04         0.00      0.00      0.00      0.00      0.00      0.00      0.00

15:32:02    kbmemfree   kbavail kbmemused  %memused kbbuffers  kbcached  kbcommit   %commit  kbactive   kbinact   kbdirty
15:32:04      1650776   1655024    126864      6.25         8    118972    416964     20.53    122008     67284       132

15:32:04        CPU     %user     %nice   %system   %iowait    %steal     %idle
15:32:06        all      0.00      0.00      0.39      0.00      2.18     97.43

15:32:04          tps      rtps      wtps      dtps   bread/s   bwrtn/s   bdscd/s
15:32:06         0.00      0.00      0.00      0.00      0.00      0.00      0.00

15:32:04    kbmemfree   kbavail kbmemused  %memused kbbuffers  kbcached  kbcommit   %commit  kbactive   kbinact   kbdirty
15:32:06      1650808   1655056    126832      6.25         8    118972    416964     20.53    122008     67284       132

15:32:06        CPU     %user     %nice   %system   %iowait    %steal     %idle
15:32:08        all      0.51      0.00      0.63      0.00      3.30     95.56

15:32:06          tps      rtps      wtps      dtps   bread/s   bwrtn/s   bdscd/s
15:32:08         0.00      0.00      0.00      0.00      0.00      0.00      0.00

15:32:06    kbmemfree   kbavail kbmemused  %memused kbbuffers  kbcached  kbcommit   %commit  kbactive   kbinact   kbdirty
15:32:08      1650776   1655028    126864      6.25         8    118972    416964     20.53    122012     67284       132

15:32:08        CPU     %user     %nice   %system   %iowait    %steal     %idle
15:32:10        all      0.50      0.00      0.63      0.00      3.64     95.23

15:32:08          tps      rtps      wtps      dtps   bread/s   bwrtn/s   bdscd/s
15:32:10         0.00      0.00      0.00      0.00      0.00      0.00      0.00

15:32:08    kbmemfree   kbavail kbmemused  %memused kbbuffers  kbcached  kbcommit   %commit  kbactive   kbinact   kbdirty
15:32:10      1650776   1655028    126864      6.25         8    118972    416964     20.53    122012     67284       132

15:32:10        CPU     %user     %nice   %system   %iowait    %steal     %idle
15:32:12        all      0.12      0.00      0.75      0.00      4.88     94.25

15:32:10          tps      rtps      wtps      dtps   bread/s   bwrtn/s   bdscd/s
15:32:12         0.00      0.00      0.00      0.00      0.00      0.00      0.00

15:32:10    kbmemfree   kbavail kbmemused  %memused kbbuffers  kbcached  kbcommit   %commit  kbactive   kbinact   kbdirty
15:32:12      1650808   1655060    126832      6.25         8    118972    416964     20.53    122012     67284       132

15:32:12        CPU     %user     %nice   %system   %iowait    %steal     %idle
15:32:14        all      0.37      0.00      1.12      0.00      6.09     92.42

15:32:12          tps      rtps      wtps      dtps   bread/s   bwrtn/s   bdscd/s
15:32:14         0.00      0.00      0.00      0.00      0.00      0.00      0.00

15:32:12    kbmemfree   kbavail kbmemused  %memused kbbuffers  kbcached  kbcommit   %commit  kbactive   kbinact   kbdirty
15:32:14      1650776   1655028    126864      6.25         8    118972    416964     20.53    122012     67284       132

15:32:14        CPU     %user     %nice   %system   %iowait    %steal     %idle
15:32:16        all      0.49      0.00      2.35      0.86      5.68     90.62

15:32:14          tps      rtps      wtps      dtps   bread/s   bwrtn/s   bdscd/s
15:32:16         7.00      0.00      7.00      0.00      0.00   1352.00      0.00

15:32:14    kbmemfree   kbavail kbmemused  %memused kbbuffers  kbcached  kbcommit   %commit  kbactive   kbinact   kbdirty
15:32:16      1650808   1655100    126748      6.24         8    119056    416964     20.53    122112     67268        24

15:32:16        CPU     %user     %nice   %system   %iowait    %steal     %idle
15:32:18        all      0.35      0.00      0.58      0.00     12.73     86.34

15:32:16          tps      rtps      wtps      dtps   bread/s   bwrtn/s   bdscd/s
15:32:18         0.50      0.00      0.50      0.00      0.00      3.98      0.00

15:32:16    kbmemfree   kbavail kbmemused  %memused kbbuffers  kbcached  kbcommit   %commit  kbactive   kbinact   kbdirty
15:32:18      1650776   1655076    126760      6.24         8    119076    416964     20.53    122116     67280       124

15:32:18        CPU     %user     %nice   %system   %iowait    %steal     %idle
15:32:20        all      0.37      0.00      1.00      0.00      6.86     91.77

15:32:18          tps      rtps      wtps      dtps   bread/s   bwrtn/s   bdscd/s
15:32:20         0.00      0.00      0.00      0.00      0.00      0.00      0.00

15:32:18    kbmemfree   kbavail kbmemused  %memused kbbuffers  kbcached  kbcommit   %commit  kbactive   kbinact   kbdirty
15:32:20      1650776   1655076    126760      6.24         8    119076    416964     20.53    122116     67280       124

15:32:20        CPU     %user     %nice   %system   %iowait    %steal     %idle
15:32:22        all      0.13      0.00      0.38      0.00      4.17     95.33

15:32:20          tps      rtps      wtps      dtps   bread/s   bwrtn/s   bdscd/s
15:32:22         0.50      0.00      0.50      0.00      0.00     15.92      0.00

15:32:20    kbmemfree   kbavail kbmemused  %memused kbbuffers  kbcached  kbcommit   %commit  kbactive   kbinact   kbdirty
15:32:22      1650840   1655140    126664      6.24         8    119108    416964     20.53    122120     67280       160

15:32:22        CPU     %user     %nice   %system   %iowait    %steal     %idle
15:32:24        all      0.25      0.00      0.38      0.00      4.15     95.23

15:32:22          tps      rtps      wtps      dtps   bread/s   bwrtn/s   bdscd/s
15:32:24         0.00      0.00      0.00      0.00      0.00      0.00      0.00

15:32:22    kbmemfree   kbavail kbmemused  %memused kbbuffers  kbcached  kbcommit   %commit  kbactive   kbinact   kbdirty
15:32:24      1650776   1655076    126728      6.24         8    119108    416964     20.53    122120     67280       160

15:32:24        CPU     %user     %nice   %system   %iowait    %steal     %idle
15:32:26        all      0.38      0.00      0.38      0.00      2.41     96.82

15:32:24          tps      rtps      wtps      dtps   bread/s   bwrtn/s   bdscd/s
15:32:26         0.00      0.00      0.00      0.00      0.00      0.00      0.00

15:32:24    kbmemfree   kbavail kbmemused  %memused kbbuffers  kbcached  kbcommit   %commit  kbactive   kbinact   kbdirty
15:32:26      1650840   1655140    126664      6.24         8    119108    416964     20.53    122120     67280       160

15:32:26        CPU     %user     %nice   %system   %iowait    %steal     %idle
15:32:28        all      0.26      0.00      0.26      0.00      0.39     99.10

15:32:26          tps      rtps      wtps      dtps   bread/s   bwrtn/s   bdscd/s
15:32:28         0.00      0.00      0.00      0.00      0.00      0.00      0.00

15:32:26    kbmemfree   kbavail kbmemused  %memused kbbuffers  kbcached  kbcommit   %commit  kbactive   kbinact   kbdirty
15:32:28      1650808   1655108    126696      6.24         8    119108    416964     20.53    122120     67280       160

15:32:28        CPU     %user     %nice   %system   %iowait    %steal     %idle
15:32:30        all      0.13      0.00      0.13      0.00      1.28     98.47

15:32:28          tps      rtps      wtps      dtps   bread/s   bwrtn/s   bdscd/s
15:32:30         0.00      0.00      0.00      0.00      0.00      0.00      0.00

15:32:28    kbmemfree   kbavail kbmemused  %memused kbbuffers  kbcached  kbcommit   %commit  kbactive   kbinact   kbdirty
15:32:30      1650776   1655080    126724      6.24         8    119112    416964     20.53    122124     67280       164

15:32:30        CPU     %user     %nice   %system   %iowait    %steal     %idle
15:32:32        all      0.13      0.00      0.25      0.00      2.04     97.58

15:32:30          tps      rtps      wtps      dtps   bread/s   bwrtn/s   bdscd/s
15:32:32         0.50      0.00      0.50      0.00      0.00     12.00      0.00

15:32:30    kbmemfree   kbavail kbmemused  %memused kbbuffers  kbcached  kbcommit   %commit  kbactive   kbinact   kbdirty
15:32:32      1650808   1655116    126676      6.24         8    119128    416964     20.53    122124     67292       172

15:32:32        CPU     %user     %nice   %system   %iowait    %steal     %idle
15:32:34        all      0.13      0.00      0.25      0.00      2.67     96.95

15:32:32          tps      rtps      wtps      dtps   bread/s   bwrtn/s   bdscd/s
15:32:34         0.00      0.00      0.00      0.00      0.00      0.00      0.00

15:32:32    kbmemfree   kbavail kbmemused  %memused kbbuffers  kbcached  kbcommit   %commit  kbactive   kbinact   kbdirty
15:32:34      1650744   1655052    126740      6.24         8    119128    416964     20.53    122124     67292       176

15:32:34        CPU     %user     %nice   %system   %iowait    %steal     %idle
15:32:36        all      0.25      0.00      0.13      0.00      1.90     97.72

15:32:34          tps      rtps      wtps      dtps   bread/s   bwrtn/s   bdscd/s
15:32:36         0.00      0.00      0.00      0.00      0.00      0.00      0.00

15:32:34    kbmemfree   kbavail kbmemused  %memused kbbuffers  kbcached  kbcommit   %commit  kbactive   kbinact   kbdirty
15:32:36      1650808   1655116    126676      6.24         8    119128    416964     20.53    122124     67292       176

15:32:36        CPU     %user     %nice   %system   %iowait    %steal     %idle
15:32:38        all      0.13      0.00      0.26      0.00      1.15     98.47

15:32:36          tps      rtps      wtps      dtps   bread/s   bwrtn/s   bdscd/s
15:32:38         0.00      0.00      0.00      0.00      0.00      0.00      0.00

15:32:36    kbmemfree   kbavail kbmemused  %memused kbbuffers  kbcached  kbcommit   %commit  kbactive   kbinact   kbdirty
15:32:38      1650776   1655084    126708      6.24         8    119128    416964     20.53    122124     67292       176

15:32:38        CPU     %user     %nice   %system   %iowait    %steal     %idle
15:32:40        all      0.13      0.00      0.13      0.00      1.79     97.95

15:32:38          tps      rtps      wtps      dtps   bread/s   bwrtn/s   bdscd/s
15:32:40         0.00      0.00      0.00      0.00      0.00      0.00      0.00

15:32:38    kbmemfree   kbavail kbmemused  %memused kbbuffers  kbcached  kbcommit   %commit  kbactive   kbinact   kbdirty
15:32:40      1650776   1655084    126708      6.24         8    119128    416964     20.53    122124     67292       176

15:32:40        CPU     %user     %nice   %system   %iowait    %steal     %idle
15:32:42        all      0.26      0.00      0.77      0.00      0.64     98.34

15:32:40          tps      rtps      wtps      dtps   bread/s   bwrtn/s   bdscd/s
15:32:42         0.00      0.00      0.00      0.00      0.00      0.00      0.00

15:32:40    kbmemfree   kbavail kbmemused  %memused kbbuffers  kbcached  kbcommit   %commit  kbactive   kbinact   kbdirty
15:32:42      1650808   1655116    126676      6.24         8    119128    416964     20.53    122124     67292       176

15:32:42        CPU     %user     %nice   %system   %iowait    %steal     %idle
15:32:44        all      0.26      0.00      0.26      0.00      1.53     97.96

15:32:42          tps      rtps      wtps      dtps   bread/s   bwrtn/s   bdscd/s
15:32:44         0.00      0.00      0.00      0.00      0.00      0.00      0.00

15:32:42    kbmemfree   kbavail kbmemused  %memused kbbuffers  kbcached  kbcommit   %commit  kbactive   kbinact   kbdirty
15:32:44      1650808   1655136    126672      6.24         8    119132    416964     20.53    122160     67296       180

15:32:44        CPU     %user     %nice   %system   %iowait    %steal     %idle
15:32:46        all      0.25      0.00      0.13      0.00      1.53     98.09

15:32:44          tps      rtps      wtps      dtps   bread/s   bwrtn/s   bdscd/s
15:32:46         0.00      0.00      0.00      0.00      0.00      0.00      0.00

15:32:44    kbmemfree   kbavail kbmemused  %memused kbbuffers  kbcached  kbcommit   %commit  kbactive   kbinact   kbdirty
15:32:46      1650776   1655104    126704      6.24         8    119132    416964     20.53    122160     67296       180

15:32:46        CPU     %user     %nice   %system   %iowait    %steal     %idle
15:32:48        all      0.13      0.00      0.75      4.53      2.26     92.33

15:32:46          tps      rtps      wtps      dtps   bread/s   bwrtn/s   bdscd/s
15:32:48         9.00      0.00      9.00      0.00      0.00   1708.00      0.00

15:32:46    kbmemfree   kbavail kbmemused  %memused kbbuffers  kbcached  kbcommit   %commit  kbactive   kbinact   kbdirty
15:32:48      1650524   1654876    126904      6.25         8    119184    416964     20.53    122224     67280        24

15:32:48        CPU     %user     %nice   %system   %iowait    %steal     %idle
15:32:50        all      0.13      0.00      0.38      0.00      1.79     97.70

15:32:48          tps      rtps      wtps      dtps   bread/s   bwrtn/s   bdscd/s
15:32:50         0.00      0.00      0.00      0.00      0.00      0.00      0.00

15:32:48    kbmemfree   kbavail kbmemused  %memused kbbuffers  kbcached  kbcommit   %commit  kbactive   kbinact   kbdirty
15:32:50      1650492   1654844    126936      6.25         8    119184    416964     20.53    122224     67280        24

15:32:50        CPU     %user     %nice   %system   %iowait    %steal     %idle
15:32:52        all      0.13      0.00      0.51      0.00      3.44     95.92

15:32:50          tps      rtps      wtps      dtps   bread/s   bwrtn/s   bdscd/s
15:32:52         0.00      0.00      0.00      0.00      0.00      0.00      0.00

15:32:50    kbmemfree   kbavail kbmemused  %memused kbbuffers  kbcached  kbcommit   %commit  kbactive   kbinact   kbdirty
15:32:52      1650524   1654876    126904      6.25         8    119184    416964     20.53    122224     67280        24

15:32:52        CPU     %user     %nice   %system   %iowait    %steal     %idle
15:32:54        all      0.13      0.00      1.40      0.00      3.82     94.65

15:32:52          tps      rtps      wtps      dtps   bread/s   bwrtn/s   bdscd/s
15:32:54         0.50      0.00      0.50      0.00      0.00     12.00      0.00

15:32:52    kbmemfree   kbavail kbmemused  %memused kbbuffers  kbcached  kbcommit   %commit  kbactive   kbinact   kbdirty
15:32:54      1650588   1654944    126840      6.25         8    119184    416964     20.53    122228     67280        96

15:32:54        CPU     %user     %nice   %system   %iowait    %steal     %idle
15:32:56        all      0.51      0.00      0.51      0.00      3.29     95.70

15:32:54          tps      rtps      wtps      dtps   bread/s   bwrtn/s   bdscd/s
15:32:56         0.00      0.00      0.00      0.00      0.00      0.00      0.00

15:32:54    kbmemfree   kbavail kbmemused  %memused kbbuffers  kbcached  kbcommit   %commit  kbactive   kbinact   kbdirty
15:32:56      1650556   1654912    126872      6.25         8    119184    416964     20.53    122228     67280        96

15:32:56        CPU     %user     %nice   %system   %iowait    %steal     %idle
15:32:58        all      0.88      0.00      0.88      0.63      3.90     93.71

15:32:56          tps      rtps      wtps      dtps   bread/s   bwrtn/s   bdscd/s
15:32:58         0.50      0.50      0.00      0.00    104.00      0.00      0.00

15:32:56    kbmemfree   kbavail kbmemused  %memused kbbuffers  kbcached  kbcommit   %commit  kbactive   kbinact   kbdirty
15:32:58      1650524   1654932    126792      6.24         8    119296    416964     20.53    122236     67384       104

15:32:58        CPU     %user     %nice   %system   %iowait    %steal     %idle
15:33:00        all      0.00      0.00      0.25      0.00      4.48     95.27

15:32:58          tps      rtps      wtps      dtps   bread/s   bwrtn/s   bdscd/s
15:33:00         0.00      0.00      0.00      0.00      0.00      0.00      0.00

15:32:58    kbmemfree   kbavail kbmemused  %memused kbbuffers  kbcached  kbcommit   %commit  kbactive   kbinact   kbdirty
15:33:00      1650492   1654900    126824      6.25         8    119296    416964     20.53    122236     67384       104

15:33:00        CPU     %user     %nice   %system   %iowait    %steal     %idle
15:33:02        all      0.50      0.00      0.62      0.00      2.38     96.50

15:33:00          tps      rtps      wtps      dtps   bread/s   bwrtn/s   bdscd/s
15:33:02         0.00      0.00      0.00      0.00      0.00      0.00      0.00

15:33:00    kbmemfree   kbavail kbmemused  %memused kbbuffers  kbcached  kbcommit   %commit  kbactive   kbinact   kbdirty
15:33:02      1650524   1654932    126788      6.24         8    119300    416964     20.53    122236     67384       108

15:33:02        CPU     %user     %nice   %system   %iowait    %steal     %idle
15:33:04        all      0.63      0.00      0.38      0.00      3.03     95.96

15:33:02          tps      rtps      wtps      dtps   bread/s   bwrtn/s   bdscd/s
15:33:04         1.00      0.00      1.00      0.00      0.00     12.00      0.00

15:33:02    kbmemfree   kbavail kbmemused  %memused kbbuffers  kbcached  kbcommit   %commit  kbactive   kbinact   kbdirty
15:33:04      1650524   1654936    126788      6.24         8    119300    416964     20.53    122244     67384       112

15:33:04        CPU     %user     %nice   %system   %iowait    %steal     %idle
15:33:06        all      0.38      0.00      0.13      0.00      0.89     98.60

15:33:04          tps      rtps      wtps      dtps   bread/s   bwrtn/s   bdscd/s
15:33:06         0.00      0.00      0.00      0.00      0.00      0.00      0.00

15:33:04    kbmemfree   kbavail kbmemused  %memused kbbuffers  kbcached  kbcommit   %commit  kbactive   kbinact   kbdirty
15:33:06      1650524   1654936    126788      6.24         8    119300    416964     20.53    122244     67384       116

15:33:06        CPU     %user     %nice   %system   %iowait    %steal     %idle
15:33:08        all      0.24      0.00      0.85      0.00      5.48     93.42

15:33:06          tps      rtps      wtps      dtps   bread/s   bwrtn/s   bdscd/s
15:33:08         0.00      0.00      0.00      0.00      0.00      0.00      0.00

15:33:06    kbmemfree   kbavail kbmemused  %memused kbbuffers  kbcached  kbcommit   %commit  kbactive   kbinact   kbdirty
15:33:08      1650492   1654904    126820      6.25         8    119300    416964     20.53    122244     67384       116

15:33:08        CPU     %user     %nice   %system   %iowait    %steal     %idle
15:33:10        all      0.37      0.00      0.98      0.00      5.17     93.48

15:33:08          tps      rtps      wtps      dtps   bread/s   bwrtn/s   bdscd/s
15:33:10         0.00      0.00      0.00      0.00      0.00      0.00      0.00

15:33:08    kbmemfree   kbavail kbmemused  %memused kbbuffers  kbcached  kbcommit   %commit  kbactive   kbinact   kbdirty
15:33:10      1650556   1654968    126756      6.24         8    119300    416964     20.53    122244     67384       116

15:33:10        CPU     %user     %nice   %system   %iowait    %steal     %idle
15:33:12        all      0.13      0.00      0.50      0.00      2.26     97.11

15:33:10          tps      rtps      wtps      dtps   bread/s   bwrtn/s   bdscd/s
15:33:12         0.00      0.00      0.00      0.00      0.00      0.00      0.00

15:33:10    kbmemfree   kbavail kbmemused  %memused kbbuffers  kbcached  kbcommit   %commit  kbactive   kbinact   kbdirty
15:33:12      1650556   1654968    126752      6.24         8    119304    416964     20.53    122244     67384       120

15:33:12        CPU     %user     %nice   %system   %iowait    %steal     %idle
15:33:14        all      0.88      0.00      0.50      0.00      2.14     96.47

15:33:12          tps      rtps      wtps      dtps   bread/s   bwrtn/s   bdscd/s
15:33:14         0.00      0.00      0.00      0.00      0.00      0.00      0.00

15:33:12    kbmemfree   kbavail kbmemused  %memused kbbuffers  kbcached  kbcommit   %commit  kbactive   kbinact   kbdirty
15:33:14      1650556   1654968    126752      6.24         8    119304    416964     20.53    122244     67384       120

15:33:14        CPU     %user     %nice   %system   %iowait    %steal     %idle
15:33:16        all      0.37      0.00      0.37      0.00      4.95     94.31

15:33:14          tps      rtps      wtps      dtps   bread/s   bwrtn/s   bdscd/s
15:33:16         0.00      0.00      0.00      0.00      0.00      0.00      0.00

15:33:14    kbmemfree   kbavail kbmemused  %memused kbbuffers  kbcached  kbcommit   %commit  kbactive   kbinact   kbdirty
15:33:16      1650556   1654968    126748      6.24         8    119308    416964     20.53    122244     67384       124

15:33:16        CPU     %user     %nice   %system   %iowait    %steal     %idle
15:33:18        all      0.37      0.00      0.50      0.00      3.72     95.42

15:33:16          tps      rtps      wtps      dtps   bread/s   bwrtn/s   bdscd/s
15:33:18         1.00      0.00      1.00      0.00      0.00      8.00      0.00

15:33:16    kbmemfree   kbavail kbmemused  %memused kbbuffers  kbcached  kbcommit   %commit  kbactive   kbinact   kbdirty
15:33:18      1650524   1654940    126780      6.24         8    119308    416964     20.53    122252     67384       180

15:33:18        CPU     %user     %nice   %system   %iowait    %steal     %idle
15:33:20        all      0.37      0.00      0.49      0.00      4.33     94.81

15:33:18          tps      rtps      wtps      dtps   bread/s   bwrtn/s   bdscd/s
15:33:20         0.00      0.00      0.00      0.00      0.00      0.00      0.00

15:33:18    kbmemfree   kbavail kbmemused  %memused kbbuffers  kbcached  kbcommit   %commit  kbactive   kbinact   kbdirty
15:33:20      1650524   1654940    126780      6.24         8    119308    416964     20.53    122252     67384       184

15:33:20        CPU     %user     %nice   %system   %iowait    %steal     %idle
15:33:22        all      0.49      0.00      0.49      0.00      3.70     95.31

15:33:20          tps      rtps      wtps      dtps   bread/s   bwrtn/s   bdscd/s
15:33:22         0.00      0.00      0.00      0.00      0.00      0.00      0.00

15:33:20    kbmemfree   kbavail kbmemused  %memused kbbuffers  kbcached  kbcommit   %commit  kbactive   kbinact   kbdirty
15:33:22      1650524   1654940    126780      6.24         8    119308    416964     20.53    122252     67384       184

15:33:22        CPU     %user     %nice   %system   %iowait    %steal     %idle
15:33:24        all      0.12      0.00      1.35      0.62      4.67     93.23

15:33:22          tps      rtps      wtps      dtps   bread/s   bwrtn/s   bdscd/s
15:33:24        10.50      0.00     10.50      0.00      0.00   1768.00      0.00

15:33:22    kbmemfree   kbavail kbmemused  %memused kbbuffers  kbcached  kbcommit   %commit  kbactive   kbinact   kbdirty
15:33:24      1650556   1654972    126748      6.24         8    119308    416964     20.53    122332     67304        24

15:33:24        CPU     %user     %nice   %system   %iowait    %steal     %idle
15:33:26        all      0.13      0.00      0.25      0.00      3.75     95.87

15:33:24          tps      rtps      wtps      dtps   bread/s   bwrtn/s   bdscd/s
15:33:26         0.00      0.00      0.00      0.00      0.00      0.00      0.00

15:33:24    kbmemfree   kbavail kbmemused  %memused kbbuffers  kbcached  kbcommit   %commit  kbactive   kbinact   kbdirty
15:33:26      1650460   1654880    126840      6.25         8    119312    416964     20.53    122336     67304        28

15:33:26        CPU     %user     %nice   %system   %iowait    %steal     %idle
15:33:28        all      0.00      0.00      0.25      0.00      2.67     97.07

15:33:26          tps      rtps      wtps      dtps   bread/s   bwrtn/s   bdscd/s
15:33:28         0.50      0.00      0.50      0.00      0.00     12.00      0.00

15:33:26    kbmemfree   kbavail kbmemused  %memused kbbuffers  kbcached  kbcommit   %commit  kbactive   kbinact   kbdirty
15:33:28      1650492   1654912    126808      6.24         8    119312    416964     20.53    122336     67304        96

15:33:28        CPU     %user     %nice   %system   %iowait    %steal     %idle
15:33:30        all      0.25      0.00      0.51      0.00      1.90     97.34

15:33:28          tps      rtps      wtps      dtps   bread/s   bwrtn/s   bdscd/s
15:33:30         0.00      0.00      0.00      0.00      0.00      0.00      0.00

15:33:28    kbmemfree   kbavail kbmemused  %memused kbbuffers  kbcached  kbcommit   %commit  kbactive   kbinact   kbdirty
15:33:30      1650524   1654944    126772      6.24         8    119316    416964     20.53    122340     67304       104

15:33:30        CPU     %user     %nice   %system   %iowait    %steal     %idle
15:33:32        all      0.00      0.00      0.00      0.00      2.54     97.46

15:33:30          tps      rtps      wtps      dtps   bread/s   bwrtn/s   bdscd/s
15:33:32         0.00      0.00      0.00      0.00      0.00      0.00      0.00

15:33:30    kbmemfree   kbavail kbmemused  %memused kbbuffers  kbcached  kbcommit   %commit  kbactive   kbinact   kbdirty
15:33:32      1650556   1654976    126740      6.24         8    119316    416964     20.53    122340     67304       104

15:33:32        CPU     %user     %nice   %system   %iowait    %steal     %idle
15:33:34        all      0.50      0.00      0.38      0.00      3.15     95.97

15:33:32          tps      rtps      wtps      dtps   bread/s   bwrtn/s   bdscd/s
15:33:34         0.00      0.00      0.00      0.00      0.00      0.00      0.00

15:33:32    kbmemfree   kbavail kbmemused  %memused kbbuffers  kbcached  kbcommit   %commit  kbactive   kbinact   kbdirty
15:33:34      1650524   1654944    126772      6.24         8    119316    416964     20.53    122340     67304       104

15:33:34        CPU     %user     %nice   %system   %iowait    %steal     %idle
15:33:36        all      0.00      0.00      0.13      0.00      1.27     98.60

15:33:34          tps      rtps      wtps      dtps   bread/s   bwrtn/s   bdscd/s
15:33:36         0.00      0.00      0.00      0.00      0.00      0.00      0.00

15:33:34    kbmemfree   kbavail kbmemused  %memused kbbuffers  kbcached  kbcommit   %commit  kbactive   kbinact   kbdirty
15:33:36      1650492   1654912    126804      6.24         8    119316    416964     20.53    122340     67304       104

15:33:36        CPU     %user     %nice   %system   %iowait    %steal     %idle
15:33:38        all      0.13      0.00      0.38      0.00      2.93     96.56

15:33:36          tps      rtps      wtps      dtps   bread/s   bwrtn/s   bdscd/s
15:33:38         0.50      0.00      0.50      0.00      0.00     12.00      0.00

15:33:36    kbmemfree   kbavail kbmemused  %memused kbbuffers  kbcached  kbcommit   %commit  kbactive   kbinact   kbdirty
15:33:38      1650524   1654944    126772      6.24         8    119316    416964     20.53    122340     67304        92

15:33:38        CPU     %user     %nice   %system   %iowait    %steal     %idle
15:33:40        all      0.25      0.00      0.38      0.00      3.65     95.72

15:33:38          tps      rtps      wtps      dtps   bread/s   bwrtn/s   bdscd/s
15:33:40         0.00      0.00      0.00      0.00      0.00      0.00      0.00

15:33:38    kbmemfree   kbavail kbmemused  %memused kbbuffers  kbcached  kbcommit   %commit  kbactive   kbinact   kbdirty
15:33:40      1650588   1655008    126708      6.24         8    119316    416964     20.53    122340     67304       112

15:33:40        CPU     %user     %nice   %system   %iowait    %steal     %idle
15:33:42        all      0.51      0.00      0.89      0.00      3.42     95.18

15:33:40          tps      rtps      wtps      dtps   bread/s   bwrtn/s   bdscd/s
15:33:42         0.00      0.00      0.00      0.00      0.00      0.00      0.00

15:33:40    kbmemfree   kbavail kbmemused  %memused kbbuffers  kbcached  kbcommit   %commit  kbactive   kbinact   kbdirty
15:33:42      1650524   1654944    126768      6.24         8    119320    416964     20.53    122340     67304       116

15:33:42        CPU     %user     %nice   %system   %iowait    %steal     %idle
15:33:44        all      0.00      0.00      0.75      0.00      2.87     96.38

15:33:42          tps      rtps      wtps      dtps   bread/s   bwrtn/s   bdscd/s
15:33:44         0.00      0.00      0.00      0.00      0.00      0.00      0.00

15:33:42    kbmemfree   kbavail kbmemused  %memused kbbuffers  kbcached  kbcommit   %commit  kbactive   kbinact   kbdirty
15:33:44      1650524   1654944    126764      6.24         8    119324    416964     20.53    122340     67304       120

15:33:44        CPU     %user     %nice   %system   %iowait    %steal     %idle
15:33:46        all      0.25      0.00      0.37      0.00      4.92     94.46

15:33:44          tps      rtps      wtps      dtps   bread/s   bwrtn/s   bdscd/s
15:33:46         0.00      0.00      0.00      0.00      0.00      0.00      0.00

15:33:44    kbmemfree   kbavail kbmemused  %memused kbbuffers  kbcached  kbcommit   %commit  kbactive   kbinact   kbdirty
15:33:46      1650556   1654976    126732      6.24         8    119324    416964     20.53    122340     67304       120

15:33:46        CPU     %user     %nice   %system   %iowait    %steal     %idle
15:33:48        all      0.13      0.00      0.51      0.00      3.67     95.70

15:33:46          tps      rtps      wtps      dtps   bread/s   bwrtn/s   bdscd/s
15:33:48         0.00      0.00      0.00      0.00      0.00      0.00      0.00

15:33:46    kbmemfree   kbavail kbmemused  %memused kbbuffers  kbcached  kbcommit   %commit  kbactive   kbinact   kbdirty
15:33:48      1650556   1654976    126732      6.24         8    119324    416964     20.53    122340     67304       120

15:33:48        CPU     %user     %nice   %system   %iowait    %steal     %idle
15:33:50        all      0.00      0.00      0.26      0.00      0.77     98.98

15:33:48          tps      rtps      wtps      dtps   bread/s   bwrtn/s   bdscd/s
15:33:50         0.50      0.00      0.50      0.00      0.00      4.00      0.00

15:33:48    kbmemfree   kbavail kbmemused  %memused kbbuffers  kbcached  kbcommit   %commit  kbactive   kbinact   kbdirty
15:33:50      1650524   1654948    126764      6.24         8    119324    416964     20.53    122344     67304       180

15:33:50        CPU     %user     %nice   %system   %iowait    %steal     %idle
15:33:52        all      0.38      0.00      0.38      0.00      3.64     95.61

15:33:50          tps      rtps      wtps      dtps   bread/s   bwrtn/s   bdscd/s
15:33:52         0.00      0.00      0.00      0.00      0.00      0.00      0.00

15:33:50    kbmemfree   kbavail kbmemused  %memused kbbuffers  kbcached  kbcommit   %commit  kbactive   kbinact   kbdirty
15:33:52      1650524   1654948    126764      6.24         8    119324    416964     20.53    122344     67304       184

15:33:52        CPU     %user     %nice   %system   %iowait    %steal     %idle
15:33:54        all      0.38      0.00      0.76      0.00      3.16     95.71

15:33:52          tps      rtps      wtps      dtps   bread/s   bwrtn/s   bdscd/s
15:33:54         0.00      0.00      0.00      0.00      0.00      0.00      0.00

15:33:52    kbmemfree   kbavail kbmemused  %memused kbbuffers  kbcached  kbcommit   %commit  kbactive   kbinact   kbdirty
15:33:54      1650556   1654980    126732      6.24         8    119324    416964     20.53    122344     67304       184

15:33:54        CPU     %user     %nice   %system   %iowait    %steal     %idle
15:33:56        all      0.38      0.00      0.38      0.00      1.40     97.84

15:33:54          tps      rtps      wtps      dtps   bread/s   bwrtn/s   bdscd/s
15:33:56         0.00      0.00      0.00      0.00      0.00      0.00      0.00

15:33:54    kbmemfree   kbavail kbmemused  %memused kbbuffers  kbcached  kbcommit   %commit  kbactive   kbinact   kbdirty
15:33:56      1650524   1654948    126760      6.24         8    119328    416964     20.53    122348     67304       188

15:33:56        CPU     %user     %nice   %system   %iowait    %steal     %idle
15:33:58        all      0.25      0.00      0.51      0.00      2.28     96.97

15:33:56          tps      rtps      wtps      dtps   bread/s   bwrtn/s   bdscd/s
15:33:58         0.00      0.00      0.00      0.00      0.00      0.00      0.00

15:33:56    kbmemfree   kbavail kbmemused  %memused kbbuffers  kbcached  kbcommit   %commit  kbactive   kbinact   kbdirty
15:33:58      1650556   1654984    126724      6.24         8    119332    416964     20.53    122352     67304       192

15:33:58        CPU     %user     %nice   %system   %iowait    %steal     %idle
15:34:00        all      0.25      0.00      1.00      0.50      3.50     94.74

15:33:58          tps      rtps      wtps      dtps   bread/s   bwrtn/s   bdscd/s
15:34:00         6.50      0.00      6.50      0.00      0.00   1672.00      0.00

15:33:58    kbmemfree   kbavail kbmemused  %memused kbbuffers  kbcached  kbcommit   %commit  kbactive   kbinact   kbdirty
15:34:00      1650556   1654988    126724      6.24         8    119332    416964     20.53    122360     67304        32

15:34:00        CPU     %user     %nice   %system   %iowait    %steal     %idle
15:34:02        all      0.13      0.00      0.25      0.00      2.41     97.21

15:34:00          tps      rtps      wtps      dtps   bread/s   bwrtn/s   bdscd/s
15:34:02         0.00      0.00      0.00      0.00      0.00      0.00      0.00

15:34:00    kbmemfree   kbavail kbmemused  %memused kbbuffers  kbcached  kbcommit   %commit  kbactive   kbinact   kbdirty
15:34:02      1650492   1654924    126788      6.24         8    119332    416964     20.53    122360     67304        32

15:34:02        CPU     %user     %nice   %system   %iowait    %steal     %idle
15:34:04        all      0.13      0.00      0.38      0.00      1.65     97.84

15:34:02          tps      rtps      wtps      dtps   bread/s   bwrtn/s   bdscd/s
15:34:04         1.00      0.00      1.00      0.00      0.00     16.00      0.00

15:34:02    kbmemfree   kbavail kbmemused  %memused kbbuffers  kbcached  kbcommit   %commit  kbactive   kbinact   kbdirty
15:34:04      1650556   1654988    126724      6.24         8    119332    416964     20.53    122360     67304        96

15:34:04        CPU     %user     %nice   %system   %iowait    %steal     %idle
15:34:06        all      0.25      0.00      0.37      0.00      3.00     96.38

15:34:04          tps      rtps      wtps      dtps   bread/s   bwrtn/s   bdscd/s
15:34:06         0.00      0.00      0.00      0.00      0.00      0.00      0.00

15:34:04    kbmemfree   kbavail kbmemused  %memused kbbuffers  kbcached  kbcommit   %commit  kbactive   kbinact   kbdirty
15:34:06      1650492   1654924    126788      6.24         8    119332    416964     20.53    122360     67304       100

15:34:06        CPU     %user     %nice   %system   %iowait    %steal     %idle
15:34:08        all      0.25      0.00      0.38      0.00      2.53     96.84

15:34:06          tps      rtps      wtps      dtps   bread/s   bwrtn/s   bdscd/s
15:34:08         0.00      0.00      0.00      0.00      0.00      0.00      0.00

15:34:06    kbmemfree   kbavail kbmemused  %memused kbbuffers  kbcached  kbcommit   %commit  kbactive   kbinact   kbdirty
15:34:08      1650524   1654956    126756      6.24         8    119332    416964     20.53    122360     67304       100

15:34:08        CPU     %user     %nice   %system   %iowait    %steal     %idle
15:34:10        all      0.50      0.00      0.62      0.00      3.62     95.26

15:34:08          tps      rtps      wtps      dtps   bread/s   bwrtn/s   bdscd/s
15:34:10         0.50      0.00      0.50      0.00      0.00     16.00      0.00

15:34:08    kbmemfree   kbavail kbmemused  %memused kbbuffers  kbcached  kbcommit   %commit  kbactive   kbinact   kbdirty
15:34:10      1650492   1654924    126784      6.24         8    119336    416964     20.53    122364     67304       104

15:34:10        CPU     %user     %nice   %system   %iowait    %steal     %idle
15:34:12        all      0.50      0.00      0.62      0.00      5.11     93.77

15:34:10          tps      rtps      wtps      dtps   bread/s   bwrtn/s   bdscd/s
15:34:12         0.00      0.00      0.00      0.00      0.00      0.00      0.00

15:34:10    kbmemfree   kbavail kbmemused  %memused kbbuffers  kbcached  kbcommit   %commit  kbactive   kbinact   kbdirty
15:34:12      1650524   1654956    126752      6.24         8    119336    416964     20.53    122364     67304       108

15:34:12        CPU     %user     %nice   %system   %iowait    %steal     %idle
15:34:14        all      0.25      0.00      0.88      0.75      4.27     93.84

15:34:12          tps      rtps      wtps      dtps   bread/s   bwrtn/s   bdscd/s
15:34:14         0.00      0.00      0.00      0.00      0.00      0.00      0.00

15:34:12    kbmemfree   kbavail kbmemused  %memused kbbuffers  kbcached  kbcommit   %commit  kbactive   kbinact   kbdirty
15:34:14      1650556   1654992    126716      6.24         8    119340    416964     20.53    122368     67304       112

15:34:14        CPU     %user     %nice   %system   %iowait    %steal     %idle
15:34:16        all      0.37      0.00      1.36      2.23      4.34     91.69

15:34:14          tps      rtps      wtps      dtps   bread/s   bwrtn/s   bdscd/s
15:34:16         1.49      0.00      1.49      0.00      0.00     15.92      0.00

15:34:14    kbmemfree   kbavail kbmemused  %memused kbbuffers  kbcached  kbcommit   %commit  kbactive   kbinact   kbdirty
15:34:16      1650524   1654960    126748      6.24         8    119340    416964     20.53    122368     67304       172

15:34:16        CPU     %user     %nice   %system   %iowait    %steal     %idle
15:34:18        all      0.50      0.00      0.87      0.00      5.09     93.55

15:34:16          tps      rtps      wtps      dtps   bread/s   bwrtn/s   bdscd/s
15:34:18         0.00      0.00      0.00      0.00      0.00      0.00      0.00

15:34:16    kbmemfree   kbavail kbmemused  %memused kbbuffers  kbcached  kbcommit   %commit  kbactive   kbinact   kbdirty
15:34:18      1650492   1654928    126780      6.24         8    119340    416964     20.53    122368     67304       172

15:34:18        CPU     %user     %nice   %system   %iowait    %steal     %idle
15:34:20        all      0.62      0.00      0.87      1.50      3.50     93.51

15:34:18          tps      rtps      wtps      dtps   bread/s   bwrtn/s   bdscd/s
15:34:20         0.50      0.00      0.50      0.00      0.00     12.00      0.00

15:34:18    kbmemfree   kbavail kbmemused  %memused kbbuffers  kbcached  kbcommit   %commit  kbactive   kbinact   kbdirty
15:34:20      1650524   1654960    126748      6.24         8    119340    416964     20.53    122368     67304       168

15:34:20        CPU     %user     %nice   %system   %iowait    %steal     %idle
15:34:22        all      0.51      0.00      0.63      0.00      2.66     96.20

15:34:20          tps      rtps      wtps      dtps   bread/s   bwrtn/s   bdscd/s
15:34:22         0.00      0.00      0.00      0.00      0.00      0.00      0.00

15:34:20    kbmemfree   kbavail kbmemused  %memused kbbuffers  kbcached  kbcommit   %commit  kbactive   kbinact   kbdirty
15:34:22      1650556   1654992    126712      6.24         8    119344    416964     20.53    122368     67304       176

15:34:22        CPU     %user     %nice   %system   %iowait    %steal     %idle
15:34:24        all      0.50      0.00      0.37      0.00      5.47     93.66

15:34:22          tps      rtps      wtps      dtps   bread/s   bwrtn/s   bdscd/s
15:34:24         2.00      0.00      2.00      0.00      0.00     20.00      0.00

15:34:22    kbmemfree   kbavail kbmemused  %memused kbbuffers  kbcached  kbcommit   %commit  kbactive   kbinact   kbdirty
15:34:24      1650556   1654992    126708      6.24         8    119348    416964     20.53    122368     67304       160

15:34:24        CPU     %user     %nice   %system   %iowait    %steal     %idle
15:34:26        all      0.50      0.00      0.88      0.00      2.63     95.98

15:34:24          tps      rtps      wtps      dtps   bread/s   bwrtn/s   bdscd/s
15:34:26         0.00      0.00      0.00      0.00      0.00      0.00      0.00

15:34:24    kbmemfree   kbavail kbmemused  %memused kbbuffers  kbcached  kbcommit   %commit  kbactive   kbinact   kbdirty
15:34:26      1650556   1654992    126708      6.24         8    119348    416964     20.53    122368     67304       172

15:34:26        CPU     %user     %nice   %system   %iowait    %steal     %idle
15:34:28        all      0.00      0.00      0.13      0.00      2.03     97.84

15:34:26          tps      rtps      wtps      dtps   bread/s   bwrtn/s   bdscd/s
15:34:28         0.00      0.00      0.00      0.00      0.00      0.00      0.00

15:34:26    kbmemfree   kbavail kbmemused  %memused kbbuffers  kbcached  kbcommit   %commit  kbactive   kbinact   kbdirty
15:34:28      1650524   1654960    126736      6.24         8    119352    416964     20.53    122368     67304       176

15:34:28        CPU     %user     %nice   %system   %iowait    %steal     %idle
15:34:30        all      0.77      0.00      0.26      0.00      0.64     98.34

15:34:28          tps      rtps      wtps      dtps   bread/s   bwrtn/s   bdscd/s
15:34:30         1.00      0.00      1.00      0.00      0.00     16.00      0.00

15:34:28    kbmemfree   kbavail kbmemused  %memused kbbuffers  kbcached  kbcommit   %commit  kbactive   kbinact   kbdirty
15:34:30      1650524   1654960    126736      6.24         8    119352    416964     20.53    122372     67304       168

15:34:30        CPU     %user     %nice   %system   %iowait    %steal     %idle
15:34:32        all      0.50      0.00      0.63      0.00      4.26     94.62

15:34:30          tps      rtps      wtps      dtps   bread/s   bwrtn/s   bdscd/s
15:34:32         0.00      0.00      0.00      0.00      0.00      0.00      0.00

15:34:30    kbmemfree   kbavail kbmemused  %memused kbbuffers  kbcached  kbcommit   %commit  kbactive   kbinact   kbdirty
15:34:32      1650492   1654928    126768      6.24         8    119352    416964     20.53    122372     67304       172

15:34:32        CPU     %user     %nice   %system   %iowait    %steal     %idle
15:34:34        all      0.38      0.00      0.38      0.00      2.92     96.32

15:34:32          tps      rtps      wtps      dtps   bread/s   bwrtn/s   bdscd/s
15:34:34         0.00      0.00      0.00      0.00      0.00      0.00      0.00

15:34:32    kbmemfree   kbavail kbmemused  %memused kbbuffers  kbcached  kbcommit   %commit  kbactive   kbinact   kbdirty
15:34:34      1650556   1654992    126704      6.24         8    119352    416964     20.53    122372     67304       172

15:34:34        CPU     %user     %nice   %system   %iowait    %steal     %idle
15:34:36        all      0.25      0.00      0.88      0.00      3.15     95.71

15:34:34          tps      rtps      wtps      dtps   bread/s   bwrtn/s   bdscd/s
15:34:36         0.50      0.00      0.50      0.00      0.00     12.00      0.00

15:34:34    kbmemfree   kbavail kbmemused  %memused kbbuffers  kbcached  kbcommit   %commit  kbactive   kbinact   kbdirty
15:34:36      1650492   1654928    126768      6.24         8    119352    416964     20.53    122372     67304       168

15:34:36        CPU     %user     %nice   %system   %iowait    %steal     %idle
15:34:38        all      0.51      0.00      1.02      0.26      2.30     95.92

15:34:36          tps      rtps      wtps      dtps   bread/s   bwrtn/s   bdscd/s
15:34:38         7.50      0.00      7.50      0.00      0.00   1768.00      0.00

15:34:36    kbmemfree   kbavail kbmemused  %memused kbbuffers  kbcached  kbcommit   %commit  kbactive   kbinact   kbdirty
15:34:38      1650524   1654968    126732      6.24         8    119356    416964     20.53    122384     67304        16

15:34:38        CPU     %user     %nice   %system   %iowait    %steal     %idle
15:34:40        all      0.38      0.00      0.64      0.00      1.78     97.20

15:34:38          tps      rtps      wtps      dtps   bread/s   bwrtn/s   bdscd/s
15:34:40         0.00      0.00      0.00      0.00      0.00      0.00      0.00

15:34:38    kbmemfree   kbavail kbmemused  %memused kbbuffers  kbcached  kbcommit   %commit  kbactive   kbinact   kbdirty
15:34:40      1650524   1654968    126732      6.24         8    119356    416964     20.53    122384     67304        16

15:34:40        CPU     %user     %nice   %system   %iowait    %steal     %idle
15:34:42        all      2.29      0.00      3.57      3.69      3.69     86.75

15:34:40          tps      rtps      wtps      dtps   bread/s   bwrtn/s   bdscd/s
15:34:42        27.00     27.00      0.00      0.00   1320.00      0.00      0.00

15:34:40    kbmemfree   kbavail kbmemused  %memused kbbuffers  kbcached  kbcommit   %commit  kbactive   kbinact   kbdirty
15:34:42      1646184   1651264    129752      6.39         8    120688    429952     21.17    125112     68172       216

15:34:42        CPU     %user     %nice   %system   %iowait    %steal     %idle
15:34:44        all      0.51      0.00      1.27      0.13      1.53     96.56

15:34:42          tps      rtps      wtps      dtps   bread/s   bwrtn/s   bdscd/s
15:34:44         0.50      0.50      0.00      0.00     16.00      0.00      0.00

15:34:42    kbmemfree   kbavail kbmemused  %memused kbbuffers  kbcached  kbcommit   %commit  kbactive   kbinact   kbdirty
15:34:44      1644420   1649544    131500      6.48         8    120716    432060     21.28    126524     68236       336

15:34:44        CPU     %user     %nice   %system   %iowait    %steal     %idle
15:34:46        all      0.50      0.00      0.88      0.00      3.52     95.10

15:34:44          tps      rtps      wtps      dtps   bread/s   bwrtn/s   bdscd/s
15:34:46         0.00      0.00      0.00      0.00      0.00      0.00      0.00

15:34:44    kbmemfree   kbavail kbmemused  %memused kbbuffers  kbcached  kbcommit   %commit  kbactive   kbinact   kbdirty
15:34:46      1645688   1650812    130344      6.42         8    120716    421516     20.76    123160     67888       336

15:34:46        CPU     %user     %nice   %system   %iowait    %steal     %idle
15:34:48        all      0.00      0.00      0.13      0.00      1.40     98.47

15:34:46          tps      rtps      wtps      dtps   bread/s   bwrtn/s   bdscd/s
15:34:48         0.00      0.00      0.00      0.00      0.00      0.00      0.00

15:34:46    kbmemfree   kbavail kbmemused  %memused kbbuffers  kbcached  kbcommit   %commit  kbactive   kbinact   kbdirty
15:34:48      1645704   1650828    130328      6.42         8    120716    421516     20.76    123160     67888       336

15:34:48        CPU     %user     %nice   %system   %iowait    %steal     %idle
15:34:50        all      0.25      0.00      0.38      0.25      1.91     97.20

15:34:48          tps      rtps      wtps      dtps   bread/s   bwrtn/s   bdscd/s
15:34:50        32.50      0.00     32.50      0.00      0.00    288.00      0.00

15:34:48    kbmemfree   kbavail kbmemused  %memused kbbuffers  kbcached  kbcommit   %commit  kbactive   kbinact   kbdirty
15:34:50      1645672   1650796    130360      6.42         8    120716    421516     20.76    123160     67888       224

15:34:50        CPU     %user     %nice   %system   %iowait    %steal     %idle
15:34:52        all      0.13      0.00      0.38      0.00      4.27     95.23

15:34:50          tps      rtps      wtps      dtps   bread/s   bwrtn/s   bdscd/s
15:34:52         0.00      0.00      0.00      0.00      0.00      0.00      0.00

15:34:50    kbmemfree   kbavail kbmemused  %memused kbbuffers  kbcached  kbcommit   %commit  kbactive   kbinact   kbdirty
15:34:52      1645736   1650860    130292      6.42         8    120720    421516     20.76    123160     67888       240

15:34:52        CPU     %user     %nice   %system   %iowait    %steal     %idle
15:34:54        all      0.25      0.00      0.25      0.00      1.91     97.59

15:34:52          tps      rtps      wtps      dtps   bread/s   bwrtn/s   bdscd/s
15:34:54         0.00      0.00      0.00      0.00      0.00      0.00      0.00

15:34:52    kbmemfree   kbavail kbmemused  %memused kbbuffers  kbcached  kbcommit   %commit  kbactive   kbinact   kbdirty
15:34:54      1645704   1650828    130324      6.42         8    120720    421516     20.76    123160     67888       240

15:34:54        CPU     %user     %nice   %system   %iowait    %steal     %idle
15:34:56        all      0.25      0.00      0.63      0.00      2.64     96.47

15:34:54          tps      rtps      wtps      dtps   bread/s   bwrtn/s   bdscd/s
15:34:56         0.00      0.00      0.00      0.00      0.00      0.00      0.00

15:34:54    kbmemfree   kbavail kbmemused  %memused kbbuffers  kbcached  kbcommit   %commit  kbactive   kbinact   kbdirty
15:34:56      1645672   1650796    130352      6.42         8    120724    421516     20.76    123164     67888       244

15:34:56        CPU     %user     %nice   %system   %iowait    %steal     %idle
15:34:58        all      0.13      0.00      0.26      0.00      1.15     98.47

15:34:56          tps      rtps      wtps      dtps   bread/s   bwrtn/s   bdscd/s
15:34:58         0.00      0.00      0.00      0.00      0.00      0.00      0.00

15:34:56    kbmemfree   kbavail kbmemused  %memused kbbuffers  kbcached  kbcommit   %commit  kbactive   kbinact   kbdirty
15:34:58      1645672   1650796    130352      6.42         8    120724    421516     20.76    123164     67888       244

15:34:58        CPU     %user     %nice   %system   %iowait    %steal     %idle
15:35:00        all      0.00      0.00      0.13      0.00      1.15     98.72

15:34:58          tps      rtps      wtps      dtps   bread/s   bwrtn/s   bdscd/s
15:35:00         0.00      0.00      0.00      0.00      0.00      0.00      0.00

15:34:58    kbmemfree   kbavail kbmemused  %memused kbbuffers  kbcached  kbcommit   %commit  kbactive   kbinact   kbdirty
15:35:00      1645736   1650860    130288      6.42         8    120724    421516     20.76    123164     67888       244

15:35:00        CPU     %user     %nice   %system   %iowait    %steal     %idle
15:35:02        all      0.89      0.00      1.14      2.92      2.28     92.77

15:35:00          tps      rtps      wtps      dtps   bread/s   bwrtn/s   bdscd/s
15:35:02         3.00      0.00      3.00      0.00      0.00     68.00      0.00

15:35:00    kbmemfree   kbavail kbmemused  %memused kbbuffers  kbcached  kbcommit   %commit  kbactive   kbinact   kbdirty
15:35:02      1645516   1650644    130484      6.43         8    120728    418716     20.62    123172     67888       440

15:35:02        CPU     %user     %nice   %system   %iowait    %steal     %idle
15:35:04        all      1.02      0.00      0.64      0.00      2.29     96.06

15:35:02          tps      rtps      wtps      dtps   bread/s   bwrtn/s   bdscd/s
15:35:04         0.00      0.00      0.00      0.00      0.00      0.00      0.00

15:35:02    kbmemfree   kbavail kbmemused  %memused kbbuffers  kbcached  kbcommit   %commit  kbactive   kbinact   kbdirty
15:35:04      1645452   1650580    130548      6.43         8    120728    418716     20.62    123172     67888       452

15:35:04        CPU     %user     %nice   %system   %iowait    %steal     %idle
15:35:06        all      0.13      0.00      0.13      0.00      1.79     97.96

15:35:04          tps      rtps      wtps      dtps   bread/s   bwrtn/s   bdscd/s
15:35:06         0.00      0.00      0.00      0.00      0.00      0.00      0.00

15:35:04    kbmemfree   kbavail kbmemused  %memused kbbuffers  kbcached  kbcommit   %commit  kbactive   kbinact   kbdirty
15:35:06      1645484   1650612    130516      6.43         8    120728    418716     20.62    123172     67888       452

15:35:06        CPU     %user     %nice   %system   %iowait    %steal     %idle
15:35:08        all      0.37      0.00      0.61      0.00      5.88     93.15

15:35:06          tps      rtps      wtps      dtps   bread/s   bwrtn/s   bdscd/s
15:35:08         0.00      0.00      0.00      0.00      0.00      0.00      0.00

15:35:06    kbmemfree   kbavail kbmemused  %memused kbbuffers  kbcached  kbcommit   %commit  kbactive   kbinact   kbdirty
15:35:08      1645420   1650548    130576      6.43         8    120732    418716     20.62    123172     67888       456

15:35:08        CPU     %user     %nice   %system   %iowait    %steal     %idle
15:35:10        all      0.38      0.00      0.50      0.00      2.89     96.23

15:35:08          tps      rtps      wtps      dtps   bread/s   bwrtn/s   bdscd/s
15:35:10         0.00      0.00      0.00      0.00      0.00      0.00      0.00

15:35:08    kbmemfree   kbavail kbmemused  %memused kbbuffers  kbcached  kbcommit   %commit  kbactive   kbinact   kbdirty
15:35:10      1645516   1650648    130476      6.43         8    120736    418716     20.62    123176     67888       460

15:35:10        CPU     %user     %nice   %system   %iowait    %steal     %idle
15:35:12        all      0.13      0.00      0.25      0.00      3.40     96.22

15:35:10          tps      rtps      wtps      dtps   bread/s   bwrtn/s   bdscd/s
15:35:12         0.00      0.00      0.00      0.00      0.00      0.00      0.00

15:35:10    kbmemfree   kbavail kbmemused  %memused kbbuffers  kbcached  kbcommit   %commit  kbactive   kbinact   kbdirty
15:35:12      1645516   1650648    130476      6.43         8    120736    418716     20.62    123176     67888       460

15:35:12        CPU     %user     %nice   %system   %iowait    %steal     %idle
15:35:14        all      0.13      0.00      0.25      1.00      2.63     95.98

15:35:12          tps      rtps      wtps      dtps   bread/s   bwrtn/s   bdscd/s
15:35:14         8.46      0.00      8.46      0.00      0.00   2109.45      0.00

15:35:12    kbmemfree   kbavail kbmemused  %memused kbbuffers  kbcached  kbcommit   %commit  kbactive   kbinact   kbdirty
15:35:14      1645736   1650868    130256      6.41         8    120736    418716     20.62    123176     67888       220

15:35:14        CPU     %user     %nice   %system   %iowait    %steal     %idle
15:35:16        all      0.25      0.00      0.37      0.00      3.72     95.66

15:35:14          tps      rtps      wtps      dtps   bread/s   bwrtn/s   bdscd/s
15:35:16         0.00      0.00      0.00      0.00      0.00      0.00      0.00

15:35:14    kbmemfree   kbavail kbmemused  %memused kbbuffers  kbcached  kbcommit   %commit  kbactive   kbinact   kbdirty
15:35:16      1645704   1650836    130288      6.42         8    120736    418716     20.62    123176     67888       220

15:35:16        CPU     %user     %nice   %system   %iowait    %steal     %idle
15:35:18        all      0.25      0.00      0.62      0.00      2.86     96.26

15:35:16          tps      rtps      wtps      dtps   bread/s   bwrtn/s   bdscd/s
15:35:18         0.00      0.00      0.00      0.00      0.00      0.00      0.00

15:35:16    kbmemfree   kbavail kbmemused  %memused kbbuffers  kbcached  kbcommit   %commit  kbactive   kbinact   kbdirty
15:35:18      1645704   1650836    130288      6.42         8    120736    418716     20.62    123176     67888       220

15:35:18        CPU     %user     %nice   %system   %iowait    %steal     %idle
15:35:20        all      0.25      0.00      0.49      0.00      4.08     95.18

15:35:18          tps      rtps      wtps      dtps   bread/s   bwrtn/s   bdscd/s
15:35:20         0.00      0.00      0.00      0.00      0.00      0.00      0.00

15:35:18    kbmemfree   kbavail kbmemused  %memused kbbuffers  kbcached  kbcommit   %commit  kbactive   kbinact   kbdirty
15:35:20      1645672   1650804    130320      6.42         8    120736    418716     20.62    123176     67888       220

15:35:20        CPU     %user     %nice   %system   %iowait    %steal     %idle
15:35:22        all      0.25      0.00      0.50      0.00      3.88     95.36

15:35:20          tps      rtps      wtps      dtps   bread/s   bwrtn/s   bdscd/s
15:35:22         0.50      0.00      0.50      0.00      0.00     16.00      0.00

15:35:20    kbmemfree   kbavail kbmemused  %memused kbbuffers  kbcached  kbcommit   %commit  kbactive   kbinact   kbdirty
15:35:22      1645704   1650840    130284      6.42         8    120740    418716     20.62    123184     67888       288

15:35:22        CPU     %user     %nice   %system   %iowait    %steal     %idle
15:35:24        all      0.49      0.00      0.62      0.00      5.07     93.82

15:35:22          tps      rtps      wtps      dtps   bread/s   bwrtn/s   bdscd/s
15:35:24         0.00      0.00      0.00      0.00      0.00      0.00      0.00

15:35:22    kbmemfree   kbavail kbmemused  %memused kbbuffers  kbcached  kbcommit   %commit  kbactive   kbinact   kbdirty
15:35:24      1645672   1650808    130316      6.42         8    120740    418716     20.62    123184     67888       292

15:35:24        CPU     %user     %nice   %system   %iowait    %steal     %idle
15:35:26        all      0.25      0.00      0.88      0.00      3.27     95.59

15:35:24          tps      rtps      wtps      dtps   bread/s   bwrtn/s   bdscd/s
15:35:26         1.50      0.00      1.50      0.00      0.00     20.00      0.00

15:35:24    kbmemfree   kbavail kbmemused  %memused kbbuffers  kbcached  kbcommit   %commit  kbactive   kbinact   kbdirty
15:35:26      1645704   1650840    130280      6.42         8    120744    418716     20.62    123184     67888       340

15:35:26        CPU     %user     %nice   %system   %iowait    %steal     %idle
15:35:28        all      0.50      0.00      0.25      0.00      4.24     95.01

15:35:26          tps      rtps      wtps      dtps   bread/s   bwrtn/s   bdscd/s
15:35:28         0.00      0.00      0.00      0.00      0.00      0.00      0.00

15:35:26    kbmemfree   kbavail kbmemused  %memused kbbuffers  kbcached  kbcommit   %commit  kbactive   kbinact   kbdirty
15:35:28      1645736   1650872    130248      6.41         8    120744    418716     20.62    123184     67888       348

15:35:28        CPU     %user     %nice   %system   %iowait    %steal     %idle
15:35:30        all      0.13      0.00      0.13      0.00      2.03     97.72

15:35:28          tps      rtps      wtps      dtps   bread/s   bwrtn/s   bdscd/s
15:35:30         0.00      0.00      0.00      0.00      0.00      0.00      0.00

15:35:28    kbmemfree   kbavail kbmemused  %memused kbbuffers  kbcached  kbcommit   %commit  kbactive   kbinact   kbdirty
15:35:30      1645672   1650808    130312      6.42         8    120744    418716     20.62    123184     67888       348

15:35:30        CPU     %user     %nice   %system   %iowait    %steal     %idle
15:35:32        all      0.00      0.00      0.38      0.00      0.90     98.72

15:35:30          tps      rtps      wtps      dtps   bread/s   bwrtn/s   bdscd/s
15:35:32         0.00      0.00      0.00      0.00      0.00      0.00      0.00

15:35:30    kbmemfree   kbavail kbmemused  %memused kbbuffers  kbcached  kbcommit   %commit  kbactive   kbinact   kbdirty
15:35:32      1645704   1650840    130280      6.42         8    120744    418716     20.62    123184     67888       348

15:35:32        CPU     %user     %nice   %system   %iowait    %steal     %idle
15:35:34        all      0.25      0.00      0.50      0.00      3.65     95.60

15:35:32          tps      rtps      wtps      dtps   bread/s   bwrtn/s   bdscd/s
15:35:34         0.00      0.00      0.00      0.00      0.00      0.00      0.00

15:35:32    kbmemfree   kbavail kbmemused  %memused kbbuffers  kbcached  kbcommit   %commit  kbactive   kbinact   kbdirty
15:35:34      1645704   1650840    130280      6.42         8    120744    418716     20.62    123184     67888       348

15:35:34        CPU     %user     %nice   %system   %iowait    %steal     %idle
15:35:36        all      0.25      0.00      0.51      0.51      1.64     97.09

15:35:34          tps      rtps      wtps      dtps   bread/s   bwrtn/s   bdscd/s
15:35:36        21.00      0.00     21.00      0.00      0.00    192.00      0.00

15:35:34    kbmemfree   kbavail kbmemused  %memused kbbuffers  kbcached  kbcommit   %commit  kbactive   kbinact   kbdirty
15:35:36      1645704   1650840    130276      6.42         8    120748    418716     20.62    123188     67888       320

15:35:36        CPU     %user     %nice   %system   %iowait    %steal     %idle
15:35:38        all      0.26      0.00      0.26      0.00      1.92     97.57

15:35:36          tps      rtps      wtps      dtps   bread/s   bwrtn/s   bdscd/s
15:35:38         0.00      0.00      0.00      0.00      0.00      0.00      0.00

15:35:36    kbmemfree   kbavail kbmemused  %memused kbbuffers  kbcached  kbcommit   %commit  kbactive   kbinact   kbdirty
15:35:38      1645736   1650872    130244      6.41         8    120748    418716     20.62    123188     67888       320

15:35:38        CPU     %user     %nice   %system   %iowait    %steal     %idle
15:35:40        all      1.00      0.00      0.75      0.00      5.22     93.03

15:35:38          tps      rtps      wtps      dtps   bread/s   bwrtn/s   bdscd/s
15:35:40         0.00      0.00      0.00      0.00      0.00      0.00      0.00

15:35:38    kbmemfree   kbavail kbmemused  %memused kbbuffers  kbcached  kbcommit   %commit  kbactive   kbinact   kbdirty
15:35:40      1645704   1650840    130272      6.42         8    120752    418716     20.62    123188     67888       324

15:35:40        CPU     %user     %nice   %system   %iowait    %steal     %idle
15:35:42        all      0.64      0.00      0.64      0.00      1.53     97.19

15:35:40          tps      rtps      wtps      dtps   bread/s   bwrtn/s   bdscd/s
15:35:42         0.00      0.00      0.00      0.00      0.00      0.00      0.00

15:35:40    kbmemfree   kbavail kbmemused  %memused kbbuffers  kbcached  kbcommit   %commit  kbactive   kbinact   kbdirty
15:35:42      1645704   1650840    130268      6.42         8    120756    418716     20.62    123188     67888       328

15:35:42        CPU     %user     %nice   %system   %iowait    %steal     %idle
15:35:44        all      0.13      0.00      0.25      0.00      2.41     97.22

15:35:42          tps      rtps      wtps      dtps   bread/s   bwrtn/s   bdscd/s
15:35:44         0.00      0.00      0.00      0.00      0.00      0.00      0.00

15:35:42    kbmemfree   kbavail kbmemused  %memused kbbuffers  kbcached  kbcommit   %commit  kbactive   kbinact   kbdirty
15:35:44      1645704   1650840    130268      6.42         8    120756    418716     20.62    123188     67888       328

15:35:44        CPU     %user     %nice   %system   %iowait    %steal     %idle
15:35:46        all      0.13      0.00      0.38      0.00      0.89     98.60

15:35:44          tps      rtps      wtps      dtps   bread/s   bwrtn/s   bdscd/s
15:35:46         0.00      0.00      0.00      0.00      0.00      0.00      0.00

15:35:44    kbmemfree   kbavail kbmemused  %memused kbbuffers  kbcached  kbcommit   %commit  kbactive   kbinact   kbdirty
15:35:46      1645672   1650808    130300      6.42         8    120756    418716     20.62    123188     67888       328

15:35:46        CPU     %user     %nice   %system   %iowait    %steal     %idle
15:35:48        all      0.25      0.00      0.38      0.00      3.78     95.59

15:35:46          tps      rtps      wtps      dtps   bread/s   bwrtn/s   bdscd/s
15:35:48         0.00      0.00      0.00      0.00      0.00      0.00      0.00

15:35:46    kbmemfree   kbavail kbmemused  %memused kbbuffers  kbcached  kbcommit   %commit  kbactive   kbinact   kbdirty
15:35:48      1645704   1650840    130268      6.42         8    120756    418716     20.62    123188     67888       328

15:35:48        CPU     %user     %nice   %system   %iowait    %steal     %idle
15:35:50        all      0.00      0.00      0.64      0.00      1.27     98.09

15:35:48          tps      rtps      wtps      dtps   bread/s   bwrtn/s   bdscd/s
15:35:50         0.00      0.00      0.00      0.00      0.00      0.00      0.00

15:35:48    kbmemfree   kbavail kbmemused  %memused kbbuffers  kbcached  kbcommit   %commit  kbactive   kbinact   kbdirty
15:35:50      1645704   1650840    130264      6.41         8    120760    418716     20.62    123188     67888       332

15:35:50        CPU     %user     %nice   %system   %iowait    %steal     %idle
15:35:52        all      0.25      0.00      1.02      5.46      2.29     90.98

15:35:50          tps      rtps      wtps      dtps   bread/s   bwrtn/s   bdscd/s
15:35:52        11.00      0.00     11.00      0.00      0.00   2664.00      0.00

15:35:50    kbmemfree   kbavail kbmemused  %memused kbbuffers  kbcached  kbcommit   %commit  kbactive   kbinact   kbdirty
15:35:52      1645672   1650812    130296      6.42         8    120760    418716     20.62    123292     67792        28

15:35:52        CPU     %user     %nice   %system   %iowait    %steal     %idle
15:35:54        all      0.26      0.00      0.26      0.00      1.66     97.83

15:35:52          tps      rtps      wtps      dtps   bread/s   bwrtn/s   bdscd/s
15:35:54         0.00      0.00      0.00      0.00      0.00      0.00      0.00

15:35:52    kbmemfree   kbavail kbmemused  %memused kbbuffers  kbcached  kbcommit   %commit  kbactive   kbinact   kbdirty
15:35:54      1645704   1650844    130260      6.41         8    120764    418716     20.62    123292     67792        32

15:35:54        CPU     %user     %nice   %system   %iowait    %steal     %idle
15:35:56        all      0.12      0.00      0.37      0.00      4.24     95.26

15:35:54          tps      rtps      wtps      dtps   bread/s   bwrtn/s   bdscd/s
15:35:56         0.00      0.00      0.00      0.00      0.00      0.00      0.00

15:35:54    kbmemfree   kbavail kbmemused  %memused kbbuffers  kbcached  kbcommit   %commit  kbactive   kbinact   kbdirty
15:35:56      1645704   1650844    130260      6.41         8    120764    418716     20.62    123292     67792        32

15:35:56        CPU     %user     %nice   %system   %iowait    %steal     %idle
15:35:58        all      0.25      0.00      0.49      0.00      7.25     92.01

15:35:56          tps      rtps      wtps      dtps   bread/s   bwrtn/s   bdscd/s
15:35:58         0.50      0.00      0.50      0.00      0.00     12.00      0.00

15:35:56    kbmemfree   kbavail kbmemused  %memused kbbuffers  kbcached  kbcommit   %commit  kbactive   kbinact   kbdirty
15:35:58      1645704   1650844    130260      6.41         8    120764    418716     20.62    123356     67728       100

15:35:58        CPU     %user     %nice   %system   %iowait    %steal     %idle
15:36:00        all      0.13      0.00      0.50      0.00      2.14     97.23

15:35:58          tps      rtps      wtps      dtps   bread/s   bwrtn/s   bdscd/s
15:36:00         0.00      0.00      0.00      0.00      0.00      0.00      0.00

15:35:58    kbmemfree   kbavail kbmemused  %memused kbbuffers  kbcached  kbcommit   %commit  kbactive   kbinact   kbdirty
15:36:00      1645704   1650844    130260      6.41         8    120764    418716     20.62    123356     67728       104

15:36:00        CPU     %user     %nice   %system   %iowait    %steal     %idle
15:36:02        all      0.64      0.00      0.76      0.25      2.29     96.06

15:36:00          tps      rtps      wtps      dtps   bread/s   bwrtn/s   bdscd/s
15:36:02         1.50      0.00      1.50      0.00      0.00     20.00      0.00

15:36:00    kbmemfree   kbavail kbmemused  %memused kbbuffers  kbcached  kbcommit   %commit  kbactive   kbinact   kbdirty
15:36:02      1645768   1650908    130196      6.41         8    120764    418716     20.62    123356     67728       172

15:36:02        CPU     %user     %nice   %system   %iowait    %steal     %idle
15:36:04        all      0.38      0.00      0.38      0.00      2.54     96.70

15:36:02          tps      rtps      wtps      dtps   bread/s   bwrtn/s   bdscd/s
15:36:04         0.00      0.00      0.00      0.00      0.00      0.00      0.00

15:36:02    kbmemfree   kbavail kbmemused  %memused kbbuffers  kbcached  kbcommit   %commit  kbactive   kbinact   kbdirty
15:36:04      1645704   1650844    130256      6.41         8    120768    418716     20.62    123356     67728       176

15:36:04        CPU     %user     %nice   %system   %iowait    %steal     %idle
15:36:06        all      0.13      0.00      0.25      0.00      2.54     97.07

15:36:04          tps      rtps      wtps      dtps   bread/s   bwrtn/s   bdscd/s
15:36:06         0.00      0.00      0.00      0.00      0.00      0.00      0.00

15:36:04    kbmemfree   kbavail kbmemused  %memused kbbuffers  kbcached  kbcommit   %commit  kbactive   kbinact   kbdirty
15:36:06      1645672   1650812    130288      6.42         8    120768    418716     20.62    123356     67728       176

15:36:06        CPU     %user     %nice   %system   %iowait    %steal     %idle
15:36:08        all      0.00      0.00      0.89      0.00      2.17     96.94

15:36:06          tps      rtps      wtps      dtps   bread/s   bwrtn/s   bdscd/s
15:36:08         0.00      0.00      0.00      0.00      0.00      0.00      0.00

15:36:06    kbmemfree   kbavail kbmemused  %memused kbbuffers  kbcached  kbcommit   %commit  kbactive   kbinact   kbdirty
15:36:08      1645736   1650876    130220      6.41         8    120772    418716     20.62    123356     67728       180

15:36:08        CPU     %user     %nice   %system   %iowait    %steal     %idle
15:36:10        all      0.51      0.00      0.89      0.00      2.67     95.93

15:36:08          tps      rtps      wtps      dtps   bread/s   bwrtn/s   bdscd/s
15:36:10         0.00      0.00      0.00      0.00      0.00      0.00      0.00

15:36:08    kbmemfree   kbavail kbmemused  %memused kbbuffers  kbcached  kbcommit   %commit  kbactive   kbinact   kbdirty
15:36:10      1645704   1650844    130252      6.41         8    120772    418716     20.62    123356     67728       180

15:36:10        CPU     %user     %nice   %system   %iowait    %steal     %idle
15:36:12        all      0.25      0.00      0.38      0.00      4.66     94.71

15:36:10          tps      rtps      wtps      dtps   bread/s   bwrtn/s   bdscd/s
15:36:12         0.00      0.00      0.00      0.00      0.00      0.00      0.00

15:36:10    kbmemfree   kbavail kbmemused  %memused kbbuffers  kbcached  kbcommit   %commit  kbactive   kbinact   kbdirty
15:36:12      1645736   1650876    130220      6.41         8    120772    418716     20.62    123356     67728       180

15:36:12        CPU     %user     %nice   %system   %iowait    %steal     %idle
15:36:14        all      0.25      0.00      0.63      0.00      4.02     95.11

15:36:12          tps      rtps      wtps      dtps   bread/s   bwrtn/s   bdscd/s
15:36:14         0.00      0.00      0.00      0.00      0.00      0.00      0.00

15:36:12    kbmemfree   kbavail kbmemused  %memused kbbuffers  kbcached  kbcommit   %commit  kbactive   kbinact   kbdirty
15:36:14      1645640   1650780    130316      6.42         8    120772    418716     20.62    123356     67728       180

15:36:14        CPU     %user     %nice   %system   %iowait    %steal     %idle
15:36:16        all      0.25      0.00      0.74      0.00      5.16     93.86

15:36:14          tps      rtps      wtps      dtps   bread/s   bwrtn/s   bdscd/s
15:36:16         0.00      0.00      0.00      0.00      0.00      0.00      0.00

15:36:14    kbmemfree   kbavail kbmemused  %memused kbbuffers  kbcached  kbcommit   %commit  kbactive   kbinact   kbdirty
15:36:16      1645704   1650844    130252      6.41         8    120772    418716     20.62    123356     67728       180

15:36:16        CPU     %user     %nice   %system   %iowait    %steal     %idle
15:36:18        all      0.50      0.00      0.37      0.00      3.86     95.27

15:36:16          tps      rtps      wtps      dtps   bread/s   bwrtn/s   bdscd/s
15:36:18         0.00      0.00      0.00      0.00      0.00      0.00      0.00

15:36:16    kbmemfree   kbavail kbmemused  %memused kbbuffers  kbcached  kbcommit   %commit  kbactive   kbinact   kbdirty
15:36:18      1645672   1650812    130284      6.42         8    120772    418716     20.62    123356     67728       180

15:36:18        CPU     %user     %nice   %system   %iowait    %steal     %idle
15:36:20        all      0.38      0.00      0.63      0.00      2.91     96.08

15:36:18          tps      rtps      wtps      dtps   bread/s   bwrtn/s   bdscd/s
15:36:20         0.00      0.00      0.00      0.00      0.00      0.00      0.00

15:36:18    kbmemfree   kbavail kbmemused  %memused kbbuffers  kbcached  kbcommit   %commit  kbactive   kbinact   kbdirty
15:36:20      1645704   1650844    130248      6.41         8    120776    418716     20.62    123356     67728       184

15:36:20        CPU     %user     %nice   %system   %iowait    %steal     %idle
15:36:22        all      0.50      0.00      0.50      0.00      3.99     95.02

15:36:20          tps      rtps      wtps      dtps   bread/s   bwrtn/s   bdscd/s
15:36:22         0.00      0.00      0.00      0.00      0.00      0.00      0.00

15:36:20    kbmemfree   kbavail kbmemused  %memused kbbuffers  kbcached  kbcommit   %commit  kbactive   kbinact   kbdirty
15:36:22      1645704   1650844    130244      6.41         8    120780    418716     20.62    123356     67728       188

15:36:22        CPU     %user     %nice   %system   %iowait    %steal     %idle
15:36:24        all      0.25      0.00      0.50      0.00      3.50     95.75

15:36:22          tps      rtps      wtps      dtps   bread/s   bwrtn/s   bdscd/s
15:36:24         0.00      0.00      0.00      0.00      0.00      0.00      0.00

15:36:22    kbmemfree   kbavail kbmemused  %memused kbbuffers  kbcached  kbcommit   %commit  kbactive   kbinact   kbdirty
15:36:24      1645736   1650876    130212      6.41         8    120780    418716     20.62    123356     67728       188

15:36:24        CPU     %user     %nice   %system   %iowait    %steal     %idle
15:36:26        all      0.13      0.00      0.13      0.00      1.53     98.21

15:36:24          tps      rtps      wtps      dtps   bread/s   bwrtn/s   bdscd/s
15:36:26         0.00      0.00      0.00      0.00      0.00      0.00      0.00

15:36:24    kbmemfree   kbavail kbmemused  %memused kbbuffers  kbcached  kbcommit   %commit  kbactive   kbinact   kbdirty
15:36:26      1645768   1650908    130180      6.41         8    120780    418716     20.62    123356     67728       188

15:36:26        CPU     %user     %nice   %system   %iowait    %steal     %idle
15:36:28        all      0.25      0.00      0.51     11.79      1.65     85.80

15:36:26          tps      rtps      wtps      dtps   bread/s   bwrtn/s   bdscd/s
15:36:28         9.00      0.00      9.00      0.00      0.00   1760.00      0.00

15:36:26    kbmemfree   kbavail kbmemused  %memused kbbuffers  kbcached  kbcommit   %commit  kbactive   kbinact   kbdirty
15:36:28      1645696   1650836    130244      6.41         8    120780    418716     20.62    123404     67680        28

15:36:28        CPU     %user     %nice   %system   %iowait    %steal     %idle
15:36:30        all      0.26      0.00      0.51     24.90      0.51     73.82

15:36:28          tps      rtps      wtps      dtps   bread/s   bwrtn/s   bdscd/s
15:36:30         0.00      0.00      0.00      0.00      0.00      0.00      0.00

15:36:28    kbmemfree   kbavail kbmemused  %memused kbbuffers  kbcached  kbcommit   %commit  kbactive   kbinact   kbdirty
15:36:30      1645664   1650804    130276      6.42         8    120780    418716     20.62    123404     67680        28

15:36:30        CPU     %user     %nice   %system   %iowait    %steal     %idle
15:36:32        all      0.13      0.00      0.13     19.54      1.29     78.92

15:36:30          tps      rtps      wtps      dtps   bread/s   bwrtn/s   bdscd/s
15:36:32         3.00      0.00      3.00      0.00      0.00     36.00      0.00

15:36:30    kbmemfree   kbavail kbmemused  %memused kbbuffers  kbcached  kbcommit   %commit  kbactive   kbinact   kbdirty
15:36:32      1645696   1650836    130244      6.41         8    120780    418716     20.62    123404     67680        64

15:36:32        CPU     %user     %nice   %system   %iowait    %steal     %idle
15:36:34        all      0.26      0.00      0.77      0.00      0.64     98.34

15:36:32          tps      rtps      wtps      dtps   bread/s   bwrtn/s   bdscd/s
15:36:34         0.00      0.00      0.00      0.00      0.00      0.00      0.00

15:36:32    kbmemfree   kbavail kbmemused  %memused kbbuffers  kbcached  kbcommit   %commit  kbactive   kbinact   kbdirty
15:36:34      1645696   1650836    130240      6.41         8    120784    418716     20.62    123420     67664       172

15:36:34        CPU     %user     %nice   %system   %iowait    %steal     %idle
15:36:36        all      0.26      0.00      0.13      0.00      1.92     97.69

15:36:34          tps      rtps      wtps      dtps   bread/s   bwrtn/s   bdscd/s
15:36:36         0.00      0.00      0.00      0.00      0.00      0.00      0.00

15:36:34    kbmemfree   kbavail kbmemused  %memused kbbuffers  kbcached  kbcommit   %commit  kbactive   kbinact   kbdirty
15:36:36      1645728   1650868    130204      6.41         8    120788    418716     20.62    123420     67664       176

15:36:36        CPU     %user     %nice   %system   %iowait    %steal     %idle
15:36:38        all      0.00      0.00      0.38      0.00      1.28     98.34

15:36:36          tps      rtps      wtps      dtps   bread/s   bwrtn/s   bdscd/s
15:36:38         0.00      0.00      0.00      0.00      0.00      0.00      0.00

15:36:36    kbmemfree   kbavail kbmemused  %memused kbbuffers  kbcached  kbcommit   %commit  kbactive   kbinact   kbdirty
15:36:38      1645728   1650868    130204      6.41         8    120788    418716     20.62    123420     67664       176

15:36:38        CPU     %user     %nice   %system   %iowait    %steal     %idle
15:36:40        all      0.13      0.00      0.13      0.00      1.90     97.84

15:36:38          tps      rtps      wtps      dtps   bread/s   bwrtn/s   bdscd/s
15:36:40         0.00      0.00      0.00      0.00      0.00      0.00      0.00

15:36:38    kbmemfree   kbavail kbmemused  %memused kbbuffers  kbcached  kbcommit   %commit  kbactive   kbinact   kbdirty
15:36:40      1645664   1650804    130268      6.42         8    120788    418716     20.62    123420     67664       176

15:36:40        CPU     %user     %nice   %system   %iowait    %steal     %idle
15:36:42        all      0.25      0.00      0.76      0.00      3.41     95.58

15:36:40          tps      rtps      wtps      dtps   bread/s   bwrtn/s   bdscd/s
15:36:42         0.00      0.00      0.00      0.00      0.00      0.00      0.00

15:36:40    kbmemfree   kbavail kbmemused  %memused kbbuffers  kbcached  kbcommit   %commit  kbactive   kbinact   kbdirty
15:36:42      1645696   1650836    130236      6.41         8    120788    418716     20.62    123420     67664       180

15:36:42        CPU     %user     %nice   %system   %iowait    %steal     %idle
15:36:44        all      0.00      0.00      0.38      0.00      1.78     97.84

15:36:42          tps      rtps      wtps      dtps   bread/s   bwrtn/s   bdscd/s
15:36:44         0.00      0.00      0.00      0.00      0.00      0.00      0.00

15:36:42    kbmemfree   kbavail kbmemused  %memused kbbuffers  kbcached  kbcommit   %commit  kbactive   kbinact   kbdirty
15:36:44      1645696   1650836    130236      6.41         8    120788    418716     20.62    123420     67664       180

15:36:44        CPU     %user     %nice   %system   %iowait    %steal     %idle
15:36:46        all      0.13      0.00      0.25      0.00      2.77     96.85

15:36:44          tps      rtps      wtps      dtps   bread/s   bwrtn/s   bdscd/s
15:36:46         0.00      0.00      0.00      0.00      0.00      0.00      0.00

15:36:44    kbmemfree   kbavail kbmemused  %memused kbbuffers  kbcached  kbcommit   %commit  kbactive   kbinact   kbdirty
15:36:46      1645728   1650868    130204      6.41         8    120788    418716     20.62    123420     67664       180

15:36:46        CPU     %user     %nice   %system   %iowait    %steal     %idle
15:36:48        all      0.13      0.00      0.38      0.00      2.42     97.07

15:36:46          tps      rtps      wtps      dtps   bread/s   bwrtn/s   bdscd/s
15:36:48         0.00      0.00      0.00      0.00      0.00      0.00      0.00

15:36:46    kbmemfree   kbavail kbmemused  %memused kbbuffers  kbcached  kbcommit   %commit  kbactive   kbinact   kbdirty
15:36:48      1645696   1650836    130232      6.41         8    120792    418716     20.62    123420     67664       184

15:36:48        CPU     %user     %nice   %system   %iowait    %steal     %idle
15:36:50        all      0.64      0.00      0.51      0.00      1.40     97.45

15:36:48          tps      rtps      wtps      dtps   bread/s   bwrtn/s   bdscd/s
15:36:50         0.00      0.00      0.00      0.00      0.00      0.00      0.00

15:36:48    kbmemfree   kbavail kbmemused  %memused kbbuffers  kbcached  kbcommit   %commit  kbactive   kbinact   kbdirty
15:36:50      1645664   1650804    130264      6.41         8    120792    418716     20.62    123420     67664       184

15:36:50        CPU     %user     %nice   %system   %iowait    %steal     %idle
15:36:52        all      0.38      0.00      0.26      0.00      1.66     97.70

15:36:50          tps      rtps      wtps      dtps   bread/s   bwrtn/s   bdscd/s
15:36:52         0.00      0.00      0.00      0.00      0.00      0.00      0.00

15:36:50    kbmemfree   kbavail kbmemused  %memused kbbuffers  kbcached  kbcommit   %commit  kbactive   kbinact   kbdirty
15:36:52      1645760   1650900    130164      6.41         8    120796    418716     20.62    123420     67664       188

15:36:52        CPU     %user     %nice   %system   %iowait    %steal     %idle
15:36:54        all      0.51      0.00      0.64      0.00      1.54     97.30

15:36:52          tps      rtps      wtps      dtps   bread/s   bwrtn/s   bdscd/s
15:36:54         0.00      0.00      0.00      0.00      0.00      0.00      0.00

15:36:52    kbmemfree   kbavail kbmemused  %memused kbbuffers  kbcached  kbcommit   %commit  kbactive   kbinact   kbdirty
15:36:54      1645664   1650804    130260      6.41         8    120796    418716     20.62    123420     67664       188

15:36:54        CPU     %user     %nice   %system   %iowait    %steal     %idle
15:36:56        all      0.38      0.00      0.13      0.00      0.64     98.85

15:36:54          tps      rtps      wtps      dtps   bread/s   bwrtn/s   bdscd/s
15:36:56         0.00      0.00      0.00      0.00      0.00      0.00      0.00

15:36:54    kbmemfree   kbavail kbmemused  %memused kbbuffers  kbcached  kbcommit   %commit  kbactive   kbinact   kbdirty
15:36:56      1645760   1650900    130164      6.41         8    120796    418716     20.62    123420     67664       188

15:36:56        CPU     %user     %nice   %system   %iowait    %steal     %idle
15:36:58        all      0.13      0.00      0.25      0.00      0.25     99.36

15:36:56          tps      rtps      wtps      dtps   bread/s   bwrtn/s   bdscd/s
15:36:58         0.00      0.00      0.00      0.00      0.00      0.00      0.00

15:36:56    kbmemfree   kbavail kbmemused  %memused kbbuffers  kbcached  kbcommit   %commit  kbactive   kbinact   kbdirty
15:36:58      1645728   1650868    130196      6.41         8    120796    418716     20.62    123420     67664       188

Average:        CPU     %user     %nice   %system   %iowait    %steal     %idle
Average:        all      0.32      0.00      0.54      0.56      2.96     95.62

Average:          tps      rtps      wtps      dtps   bread/s   bwrtn/s   bdscd/s
Average:         1.21      0.24      0.97      0.00     11.86    104.37      0.00

Average:    kbmemfree   kbavail kbmemused  %memused kbbuffers  kbcached  kbcommit   %commit  kbactive   kbinact   kbdirty
Average:      1648337   1653064    128390      6.32         8    119937    418083     20.59    122757     67539       177
