Linux 5.4.0-86-generic (flexran) 	12/13/21 	_x86_64_	(4 CPU)

13:43:18        CPU     %user     %nice   %system   %iowait    %steal     %idle
13:43:20        all      0.13      0.00      0.51      0.00      0.25     99.11

13:43:18          tps      rtps      wtps      dtps   bread/s   bwrtn/s   bdscd/s
13:43:20         0.00      0.00      0.00      0.00      0.00      0.00      0.00

13:43:18    kbmemfree   kbavail kbmemused  %memused kbbuffers  kbcached  kbcommit   %commit  kbactive   kbinact   kbdirty
13:43:20      1611604   1655492    127876      6.30        20    163216    417072     20.54    131740    101588       140

13:43:20        CPU     %user     %nice   %system   %iowait    %steal     %idle
13:43:22        all      0.13      0.00      0.00      0.00      0.64     99.24

13:43:20          tps      rtps      wtps      dtps   bread/s   bwrtn/s   bdscd/s
13:43:22         0.00      0.00      0.00      0.00      0.00      0.00      0.00

13:43:20    kbmemfree   kbavail kbmemused  %memused kbbuffers  kbcached  kbcommit   %commit  kbactive   kbinact   kbdirty
13:43:22      1611668   1655556    127808      6.29        20    163220    417072     20.54    131740    101588       144

13:43:22        CPU     %user     %nice   %system   %iowait    %steal     %idle
13:43:24        all      0.13      0.00      0.13      0.00      0.25     99.49

13:43:22          tps      rtps      wtps      dtps   bread/s   bwrtn/s   bdscd/s
13:43:24         0.00      0.00      0.00      0.00      0.00      0.00      0.00

13:43:22    kbmemfree   kbavail kbmemused  %memused kbbuffers  kbcached  kbcommit   %commit  kbactive   kbinact   kbdirty
13:43:24      1611668   1655556    127808      6.29        20    163220    417072     20.54    131740    101588       144

13:43:24        CPU     %user     %nice   %system   %iowait    %steal     %idle
13:43:26        all      0.51      0.00      0.00      0.00      0.38     99.10

13:43:24          tps      rtps      wtps      dtps   bread/s   bwrtn/s   bdscd/s
13:43:26         0.00      0.00      0.00      0.00      0.00      0.00      0.00

13:43:24    kbmemfree   kbavail kbmemused  %memused kbbuffers  kbcached  kbcommit   %commit  kbactive   kbinact   kbdirty
13:43:26      1611636   1655524    127840      6.30        20    163220    417072     20.54    131740    101588       144

13:43:26        CPU     %user     %nice   %system   %iowait    %steal     %idle
13:43:28        all      0.00      0.00      0.26      0.00      0.00     99.74

13:43:26          tps      rtps      wtps      dtps   bread/s   bwrtn/s   bdscd/s
13:43:28         0.50      0.00      0.50      0.00      0.00     20.00      0.00

13:43:26    kbmemfree   kbavail kbmemused  %memused kbbuffers  kbcached  kbcommit   %commit  kbactive   kbinact   kbdirty
13:43:28      1611668   1655572    127792      6.29        20    163236    417072     20.54    131760    101588       220

13:43:28        CPU     %user     %nice   %system   %iowait    %steal     %idle
13:43:30        all      0.13      0.00      0.25      0.00      0.00     99.62

13:43:28          tps      rtps      wtps      dtps   bread/s   bwrtn/s   bdscd/s
13:43:30         0.00      0.00      0.00      0.00      0.00      0.00      0.00

13:43:28    kbmemfree   kbavail kbmemused  %memused kbbuffers  kbcached  kbcommit   %commit  kbactive   kbinact   kbdirty
13:43:30      1611604   1655508    127856      6.30        20    163236    417072     20.54    131760    101588       224

13:43:30        CPU     %user     %nice   %system   %iowait    %steal     %idle
13:43:32        all      0.13      0.00      0.51      0.00      0.77     98.59

13:43:30          tps      rtps      wtps      dtps   bread/s   bwrtn/s   bdscd/s
13:43:32         0.50      0.00      0.50      0.00      0.00     16.00      0.00

13:43:30    kbmemfree   kbavail kbmemused  %memused kbbuffers  kbcached  kbcommit   %commit  kbactive   kbinact   kbdirty
13:43:32      1611668   1655576    127788      6.29        20    163240    417072     20.54    131764    101588       212

13:43:32        CPU     %user     %nice   %system   %iowait    %steal     %idle
13:43:34        all      0.00      0.00      0.64      0.51      1.16     97.69

13:43:32          tps      rtps      wtps      dtps   bread/s   bwrtn/s   bdscd/s
13:43:34        13.00      0.50     12.50      0.00     16.00   2536.00      0.00

13:43:32    kbmemfree   kbavail kbmemused  %memused kbbuffers  kbcached  kbcommit   %commit  kbactive   kbinact   kbdirty
13:43:34      1611604   1655564    127804      6.29        20    163288    417072     20.54    131872    101572        24

13:43:34        CPU     %user     %nice   %system   %iowait    %steal     %idle
13:43:36        all      0.26      0.00      0.51      0.00      1.79     97.45

13:43:34          tps      rtps      wtps      dtps   bread/s   bwrtn/s   bdscd/s
13:43:36         0.00      0.00      0.00      0.00      0.00      0.00      0.00

13:43:34    kbmemfree   kbavail kbmemused  %memused kbbuffers  kbcached  kbcommit   %commit  kbactive   kbinact   kbdirty
13:43:36      1611636   1655596    127768      6.29        20    163292    417072     20.54    131872    101572        28

13:43:36        CPU     %user     %nice   %system   %iowait    %steal     %idle
13:43:38        all      0.13      0.00      0.13      0.00      1.54     98.20

13:43:36          tps      rtps      wtps      dtps   bread/s   bwrtn/s   bdscd/s
13:43:38         0.50      0.00      0.50      0.00      0.00     12.00      0.00

13:43:36    kbmemfree   kbavail kbmemused  %memused kbbuffers  kbcached  kbcommit   %commit  kbactive   kbinact   kbdirty
13:43:38      1611636   1655596    127768      6.29        20    163292    417072     20.54    131872    101572        96

13:43:38        CPU     %user     %nice   %system   %iowait    %steal     %idle
13:43:40        all      0.13      0.00      0.63      0.00      2.91     96.33

13:43:38          tps      rtps      wtps      dtps   bread/s   bwrtn/s   bdscd/s
13:43:40         0.00      0.00      0.00      0.00      0.00      0.00      0.00

13:43:38    kbmemfree   kbavail kbmemused  %memused kbbuffers  kbcached  kbcommit   %commit  kbactive   kbinact   kbdirty
13:43:40      1611700   1655660    127704      6.29        20    163292    417072     20.54    131872    101572        96

13:43:40        CPU     %user     %nice   %system   %iowait    %steal     %idle
13:43:42        all      0.39      0.00      0.64      0.00      0.90     98.07

13:43:40          tps      rtps      wtps      dtps   bread/s   bwrtn/s   bdscd/s
13:43:42         0.00      0.00      0.00      0.00      0.00      0.00      0.00

13:43:40    kbmemfree   kbavail kbmemused  %memused kbbuffers  kbcached  kbcommit   %commit  kbactive   kbinact   kbdirty
13:43:42      1611668   1655628    127736      6.29        20    163292    417072     20.54    131872    101572        96

13:43:42        CPU     %user     %nice   %system   %iowait    %steal     %idle
13:43:44        all      0.26      0.00      0.26      0.00      0.77     98.71

13:43:42          tps      rtps      wtps      dtps   bread/s   bwrtn/s   bdscd/s
13:43:44         0.00      0.00      0.00      0.00      0.00      0.00      0.00

13:43:42    kbmemfree   kbavail kbmemused  %memused kbbuffers  kbcached  kbcommit   %commit  kbactive   kbinact   kbdirty
13:43:44      1611636   1655596    127768      6.29        20    163292    417072     20.54    131872    101572        96

13:43:44        CPU     %user     %nice   %system   %iowait    %steal     %idle
13:43:46        all      0.77      0.00      0.26      0.00      1.28     97.70

13:43:44          tps      rtps      wtps      dtps   bread/s   bwrtn/s   bdscd/s
13:43:46         0.00      0.00      0.00      0.00      0.00      0.00      0.00

13:43:44    kbmemfree   kbavail kbmemused  %memused kbbuffers  kbcached  kbcommit   %commit  kbactive   kbinact   kbdirty
13:43:46      1611668   1655628    127732      6.29        20    163296    417072     20.54    131872    101572       100

13:43:46        CPU     %user     %nice   %system   %iowait    %steal     %idle
13:43:48        all      0.00      0.00      0.51      0.00      1.03     98.46

13:43:46          tps      rtps      wtps      dtps   bread/s   bwrtn/s   bdscd/s
13:43:48         0.00      0.00      0.00      0.00      0.00      0.00      0.00

13:43:46    kbmemfree   kbavail kbmemused  %memused kbbuffers  kbcached  kbcommit   %commit  kbactive   kbinact   kbdirty
13:43:48      1611352   1655312    128048      6.31        20    163296    417072     20.54    131872    101572       100

13:43:48        CPU     %user     %nice   %system   %iowait    %steal     %idle
13:43:50        all      0.38      0.00      0.38      0.00      1.02     98.21

13:43:48          tps      rtps      wtps      dtps   bread/s   bwrtn/s   bdscd/s
13:43:50         0.00      0.00      0.00      0.00      0.00      0.00      0.00

13:43:48    kbmemfree   kbavail kbmemused  %memused kbbuffers  kbcached  kbcommit   %commit  kbactive   kbinact   kbdirty
13:43:50      1611352   1655312    128040      6.31        20    163300    417072     20.54    131872    101572       104

13:43:50        CPU     %user     %nice   %system   %iowait    %steal     %idle
13:43:52        all      0.00      0.00      0.25      0.00      2.41     97.34

13:43:50          tps      rtps      wtps      dtps   bread/s   bwrtn/s   bdscd/s
13:43:52         0.50      0.00      0.50      0.00      0.00     12.00      0.00

13:43:50    kbmemfree   kbavail kbmemused  %memused kbbuffers  kbcached  kbcommit   %commit  kbactive   kbinact   kbdirty
13:43:52      1611384   1655348    128008      6.30        20    163300    417072     20.54    131876    101572       104

13:43:52        CPU     %user     %nice   %system   %iowait    %steal     %idle
13:43:54        all      0.26      0.00      0.00      0.00      0.77     98.97

13:43:52          tps      rtps      wtps      dtps   bread/s   bwrtn/s   bdscd/s
13:43:54         0.00      0.00      0.00      0.00      0.00      0.00      0.00

13:43:52    kbmemfree   kbavail kbmemused  %memused kbbuffers  kbcached  kbcommit   %commit  kbactive   kbinact   kbdirty
13:43:54      1611384   1655348    128008      6.30        20    163300    417072     20.54    131876    101572        96

13:43:54        CPU     %user     %nice   %system   %iowait    %steal     %idle
13:43:56        all      1.15      0.00      0.77      0.00      1.54     96.54

13:43:54          tps      rtps      wtps      dtps   bread/s   bwrtn/s   bdscd/s
13:43:56         0.00      0.00      0.00      0.00      0.00      0.00      0.00

13:43:54    kbmemfree   kbavail kbmemused  %memused kbbuffers  kbcached  kbcommit   %commit  kbactive   kbinact   kbdirty
13:43:56      1611416   1655380    127976      6.30        20    163300    417072     20.54    131876    101572        96

13:43:56        CPU     %user     %nice   %system   %iowait    %steal     %idle
13:43:58        all      0.64      0.00      0.77      0.00      1.28     97.31

13:43:56          tps      rtps      wtps      dtps   bread/s   bwrtn/s   bdscd/s
13:43:58         0.00      0.00      0.00      0.00      0.00      0.00      0.00

13:43:56    kbmemfree   kbavail kbmemused  %memused kbbuffers  kbcached  kbcommit   %commit  kbactive   kbinact   kbdirty
13:43:58      1611100   1655068    128284      6.32        20    163308    417072     20.54    131880    101572       104

13:43:58        CPU     %user     %nice   %system   %iowait    %steal     %idle
13:44:00        all      0.64      0.00      1.28      0.00      1.40     96.68

13:43:58          tps      rtps      wtps      dtps   bread/s   bwrtn/s   bdscd/s
13:44:00         0.00      0.00      0.00      0.00      0.00      0.00      0.00

13:43:58    kbmemfree   kbavail kbmemused  %memused kbbuffers  kbcached  kbcommit   %commit  kbactive   kbinact   kbdirty
13:44:00      1611100   1655072    128272      6.32        20    163316    417072     20.54    131880    101572       112

13:44:00        CPU     %user     %nice   %system   %iowait    %steal     %idle
13:44:02        all      0.38      0.00      0.63      0.00      2.40     96.59

13:44:00          tps      rtps      wtps      dtps   bread/s   bwrtn/s   bdscd/s
13:44:02         0.00      0.00      0.00      0.00      0.00      0.00      0.00

13:44:00    kbmemfree   kbavail kbmemused  %memused kbbuffers  kbcached  kbcommit   %commit  kbactive   kbinact   kbdirty
13:44:02      1611068   1655048    128300      6.32        20    163320    417072     20.54    131888    101572       116

13:44:02        CPU     %user     %nice   %system   %iowait    %steal     %idle
13:44:04        all      0.26      0.00      0.51      0.00      0.90     98.33

13:44:02          tps      rtps      wtps      dtps   bread/s   bwrtn/s   bdscd/s
13:44:04         1.00      0.50      0.50      0.00     16.00     20.00      0.00

13:44:02    kbmemfree   kbavail kbmemused  %memused kbbuffers  kbcached  kbcommit   %commit  kbactive   kbinact   kbdirty
13:44:04      1611132   1655176    128168      6.31        20    163388    417072     20.54    131920    101604       168

13:44:04        CPU     %user     %nice   %system   %iowait    %steal     %idle
13:44:06        all      0.25      0.00      0.64      0.00      0.76     98.35

13:44:04          tps      rtps      wtps      dtps   bread/s   bwrtn/s   bdscd/s
13:44:06         0.00      0.00      0.00      0.00      0.00      0.00      0.00

13:44:04    kbmemfree   kbavail kbmemused  %memused kbbuffers  kbcached  kbcommit   %commit  kbactive   kbinact   kbdirty
13:44:06      1611164   1655216    128132      6.31        20    163392    417072     20.54    131960    101572       172

13:44:06        CPU     %user     %nice   %system   %iowait    %steal     %idle
13:44:08        all      0.25      0.00      0.38      0.13      2.63     96.62

13:44:06          tps      rtps      wtps      dtps   bread/s   bwrtn/s   bdscd/s
13:44:08         3.50      0.50      3.00      0.00     16.00     28.00      0.00

13:44:06    kbmemfree   kbavail kbmemused  %memused kbbuffers  kbcached  kbcommit   %commit  kbactive   kbinact   kbdirty
13:44:08      1611100   1655164    128196      6.31        20    163392    417072     20.54    131984    101572       204

13:44:08        CPU     %user     %nice   %system   %iowait    %steal     %idle
13:44:10        all      0.00      0.00      0.89      1.27      1.14     96.71

13:44:08          tps      rtps      wtps      dtps   bread/s   bwrtn/s   bdscd/s
13:44:10        17.50      2.00     15.50      0.00     64.00   2696.00      0.00

13:44:08    kbmemfree   kbavail kbmemused  %memused kbbuffers  kbcached  kbcommit   %commit  kbactive   kbinact   kbdirty
13:44:10      1611100   1655260    128084      6.31        20    163504    417072     20.54    132144    101508        12

13:44:10        CPU     %user     %nice   %system   %iowait    %steal     %idle
13:44:12        all      3.30      0.00      2.54      0.00      4.32     89.83

13:44:10          tps      rtps      wtps      dtps   bread/s   bwrtn/s   bdscd/s
13:44:12         0.00      0.00      0.00      0.00      0.00      0.00      0.00

13:44:10    kbmemfree   kbavail kbmemused  %memused kbbuffers  kbcached  kbcommit   %commit  kbactive   kbinact   kbdirty
13:44:12      1611164   1655324    128020      6.30        20    163504    417072     20.54    132144    101508        12

13:44:12        CPU     %user     %nice   %system   %iowait    %steal     %idle
13:44:14        all      0.38      0.00      0.77      0.00      1.79     97.06

13:44:12          tps      rtps      wtps      dtps   bread/s   bwrtn/s   bdscd/s
13:44:14         0.00      0.00      0.00      0.00      0.00      0.00      0.00

13:44:12    kbmemfree   kbavail kbmemused  %memused kbbuffers  kbcached  kbcommit   %commit  kbactive   kbinact   kbdirty
13:44:14      1611196   1655380    127988      6.30        20    163504    417072     20.54    132168    101508        12

13:44:14        CPU     %user     %nice   %system   %iowait    %steal     %idle
13:44:16        all      0.39      0.00      0.39      0.00      0.90     98.33

13:44:14          tps      rtps      wtps      dtps   bread/s   bwrtn/s   bdscd/s
13:44:16         0.00      0.00      0.00      0.00      0.00      0.00      0.00

13:44:14    kbmemfree   kbavail kbmemused  %memused kbbuffers  kbcached  kbcommit   %commit  kbactive   kbinact   kbdirty
13:44:16      1611164   1655352    128016      6.30        20    163508    417072     20.54    132172    101508        16

13:44:16        CPU     %user     %nice   %system   %iowait    %steal     %idle
13:44:18        all      0.13      0.00      0.38      0.00      2.65     96.85

13:44:16          tps      rtps      wtps      dtps   bread/s   bwrtn/s   bdscd/s
13:44:18         0.00      0.00      0.00      0.00      0.00      0.00      0.00

13:44:16    kbmemfree   kbavail kbmemused  %memused kbbuffers  kbcached  kbcommit   %commit  kbactive   kbinact   kbdirty
13:44:18      1611132   1655320    128044      6.31        20    163512    417072     20.54    132172    101508        20

13:44:18        CPU     %user     %nice   %system   %iowait    %steal     %idle
13:44:20        all      0.13      0.00      0.13      0.00      1.40     98.34

13:44:18          tps      rtps      wtps      dtps   bread/s   bwrtn/s   bdscd/s
13:44:20         0.00      0.00      0.00      0.00      0.00      0.00      0.00

13:44:18    kbmemfree   kbavail kbmemused  %memused kbbuffers  kbcached  kbcommit   %commit  kbactive   kbinact   kbdirty
13:44:20      1611164   1655356    128012      6.30        20    163512    417072     20.54    132176    101508        20

13:44:20        CPU     %user     %nice   %system   %iowait    %steal     %idle
13:44:22        all      0.37      0.00      0.75      0.00      3.00     95.88

13:44:20          tps      rtps      wtps      dtps   bread/s   bwrtn/s   bdscd/s
13:44:22         0.00      0.00      0.00      0.00      0.00      0.00      0.00

13:44:20    kbmemfree   kbavail kbmemused  %memused kbbuffers  kbcached  kbcommit   %commit  kbactive   kbinact   kbdirty
13:44:22      1611132   1655324    128040      6.31        20    163516    417072     20.54    132176    101508        24

13:44:22        CPU     %user     %nice   %system   %iowait    %steal     %idle
13:44:24        all      0.00      0.00      0.13      0.00      1.41     98.47

13:44:22          tps      rtps      wtps      dtps   bread/s   bwrtn/s   bdscd/s
13:44:24         0.00      0.00      0.00      0.00      0.00      0.00      0.00

13:44:22    kbmemfree   kbavail kbmemused  %memused kbbuffers  kbcached  kbcommit   %commit  kbactive   kbinact   kbdirty
13:44:24      1611196   1655388    127976      6.30        20    163516    417072     20.54    132176    101508        24

13:44:24        CPU     %user     %nice   %system   %iowait    %steal     %idle
13:44:26        all      0.38      0.00      0.26      0.00      1.53     97.83

13:44:24          tps      rtps      wtps      dtps   bread/s   bwrtn/s   bdscd/s
13:44:26         0.00      0.00      0.00      0.00      0.00      0.00      0.00

13:44:24    kbmemfree   kbavail kbmemused  %memused kbbuffers  kbcached  kbcommit   %commit  kbactive   kbinact   kbdirty
13:44:26      1611132   1655324    128040      6.31        20    163516    417072     20.54    132176    101508        24

13:44:26        CPU     %user     %nice   %system   %iowait    %steal     %idle
13:44:28        all      0.13      0.00      0.13      0.00      1.15     98.59

13:44:26          tps      rtps      wtps      dtps   bread/s   bwrtn/s   bdscd/s
13:44:28         0.00      0.00      0.00      0.00      0.00      0.00      0.00

13:44:26    kbmemfree   kbavail kbmemused  %memused kbbuffers  kbcached  kbcommit   %commit  kbactive   kbinact   kbdirty
13:44:28      1611196   1655388    127976      6.30        20    163516    417072     20.54    132176    101508        24

13:44:28        CPU     %user     %nice   %system   %iowait    %steal     %idle
13:44:30        all      0.15      0.00      0.89      0.00      4.30     94.66

13:44:28          tps      rtps      wtps      dtps   bread/s   bwrtn/s   bdscd/s
13:44:30         0.00      0.00      0.00      0.00      0.00      0.00      0.00

13:44:28    kbmemfree   kbavail kbmemused  %memused kbbuffers  kbcached  kbcommit   %commit  kbactive   kbinact   kbdirty
13:44:30      1611164   1655360    128004      6.30        20    163520    417072     20.54    132196    101492        28

13:44:30        CPU     %user     %nice   %system   %iowait    %steal     %idle
13:44:32        all      0.51      0.00      0.38      0.00      1.14     97.97

13:44:30          tps      rtps      wtps      dtps   bread/s   bwrtn/s   bdscd/s
13:44:32         0.00      0.00      0.00      0.00      0.00      0.00      0.00

13:44:30    kbmemfree   kbavail kbmemused  %memused kbbuffers  kbcached  kbcommit   %commit  kbactive   kbinact   kbdirty
13:44:32      1611196   1655396    127968      6.30        20    163524    417072     20.54    132200    101492        32

13:44:32        CPU     %user     %nice   %system   %iowait    %steal     %idle
13:44:34        all      0.39      0.00      0.26      0.00      0.64     98.71

13:44:32          tps      rtps      wtps      dtps   bread/s   bwrtn/s   bdscd/s
13:44:34         0.00      0.00      0.00      0.00      0.00      0.00      0.00

13:44:32    kbmemfree   kbavail kbmemused  %memused kbbuffers  kbcached  kbcommit   %commit  kbactive   kbinact   kbdirty
13:44:34      1611132   1655332    128032      6.30        20    163524    417072     20.54    132200    101492        32

13:44:34        CPU     %user     %nice   %system   %iowait    %steal     %idle
13:44:36        all      0.64      0.00      0.51      0.00      0.77     98.08

13:44:34          tps      rtps      wtps      dtps   bread/s   bwrtn/s   bdscd/s
13:44:36         0.00      0.00      0.00      0.00      0.00      0.00      0.00

13:44:34    kbmemfree   kbavail kbmemused  %memused kbbuffers  kbcached  kbcommit   %commit  kbactive   kbinact   kbdirty
13:44:36      1611164   1655364    127996      6.30        20    163528    417072     20.54    132200    101492        36

13:44:36        CPU     %user     %nice   %system   %iowait    %steal     %idle
13:44:38        all      0.26      0.00      0.00      0.00      0.51     99.23

13:44:36          tps      rtps      wtps      dtps   bread/s   bwrtn/s   bdscd/s
13:44:38         0.00      0.00      0.00      0.00      0.00      0.00      0.00

13:44:36    kbmemfree   kbavail kbmemused  %memused kbbuffers  kbcached  kbcommit   %commit  kbactive   kbinact   kbdirty
13:44:38      1611132   1655332    128028      6.30        20    163528    417072     20.54    132200    101492        36

13:44:38        CPU     %user     %nice   %system   %iowait    %steal     %idle
13:44:40        all      0.00      0.00      0.38      0.00      1.65     97.97

13:44:38          tps      rtps      wtps      dtps   bread/s   bwrtn/s   bdscd/s
13:44:40         0.00      0.00      0.00      0.00      0.00      0.00      0.00

13:44:38    kbmemfree   kbavail kbmemused  %memused kbbuffers  kbcached  kbcommit   %commit  kbactive   kbinact   kbdirty
13:44:40      1611164   1655364    127996      6.30        20    163528    417072     20.54    132200    101492        36

13:44:40        CPU     %user     %nice   %system   %iowait    %steal     %idle
13:44:42        all      0.51      0.00      0.64      0.00      1.15     97.71

13:44:40          tps      rtps      wtps      dtps   bread/s   bwrtn/s   bdscd/s
13:44:42         0.00      0.00      0.00      0.00      0.00      0.00      0.00

13:44:40    kbmemfree   kbavail kbmemused  %memused kbbuffers  kbcached  kbcommit   %commit  kbactive   kbinact   kbdirty
13:44:42      1611100   1655300    128060      6.31        20    163528    417072     20.54    132200    101492        36

13:44:42        CPU     %user     %nice   %system   %iowait    %steal     %idle
13:44:44        all      0.25      0.00      0.63      0.00      3.02     96.10

13:44:42          tps      rtps      wtps      dtps   bread/s   bwrtn/s   bdscd/s
13:44:44         1.50      0.00      1.50      0.00      0.00     40.00      0.00

13:44:42    kbmemfree   kbavail kbmemused  %memused kbbuffers  kbcached  kbcommit   %commit  kbactive   kbinact   kbdirty
13:44:44      1611164   1655376    127992      6.30        20    163532    417072     20.54    132212    101492       112

13:44:44        CPU     %user     %nice   %system   %iowait    %steal     %idle
13:44:46        all      0.38      0.00      0.38      0.00      2.42     96.81

13:44:44          tps      rtps      wtps      dtps   bread/s   bwrtn/s   bdscd/s
13:44:46         0.00      0.00      0.00      0.00      0.00      0.00      0.00

13:44:44    kbmemfree   kbavail kbmemused  %memused kbbuffers  kbcached  kbcommit   %commit  kbactive   kbinact   kbdirty
13:44:46      1611132   1655348    128020      6.30        20    163536    417072     20.54    132216    101492       192

13:44:46        CPU     %user     %nice   %system   %iowait    %steal     %idle
13:44:48        all      0.00      0.00      0.38      0.00      1.02     98.60

13:44:46          tps      rtps      wtps      dtps   bread/s   bwrtn/s   bdscd/s
13:44:48         0.00      0.00      0.00      0.00      0.00      0.00      0.00

13:44:46    kbmemfree   kbavail kbmemused  %memused kbbuffers  kbcached  kbcommit   %commit  kbactive   kbinact   kbdirty
13:44:48      1611164   1655380    127988      6.30        20    163536    417072     20.54    132216    101492       192

13:44:48        CPU     %user     %nice   %system   %iowait    %steal     %idle
13:44:50        all      0.00      0.00      0.26      0.00      0.51     99.23

13:44:48          tps      rtps      wtps      dtps   bread/s   bwrtn/s   bdscd/s
13:44:50         1.50      0.00      1.50      0.00      0.00     16.00      0.00

13:44:48    kbmemfree   kbavail kbmemused  %memused kbbuffers  kbcached  kbcommit   %commit  kbactive   kbinact   kbdirty
13:44:50      1611164   1655380    127988      6.30        20    163536    417072     20.54    132216    101492       180

13:44:50        CPU     %user     %nice   %system   %iowait    %steal     %idle
13:44:52        all      0.00      0.00      0.13      0.00      0.64     99.23

13:44:50          tps      rtps      wtps      dtps   bread/s   bwrtn/s   bdscd/s
13:44:52         0.00      0.00      0.00      0.00      0.00      0.00      0.00

13:44:50    kbmemfree   kbavail kbmemused  %memused kbbuffers  kbcached  kbcommit   %commit  kbactive   kbinact   kbdirty
13:44:52      1611164   1655380    127988      6.30        20    163536    417072     20.54    132216    101492       184

13:44:52        CPU     %user     %nice   %system   %iowait    %steal     %idle
13:44:54        all      0.13      0.00      0.26      0.00      0.51     99.10

13:44:52          tps      rtps      wtps      dtps   bread/s   bwrtn/s   bdscd/s
13:44:54         1.50      0.00      1.50      0.00      0.00     12.00      0.00

13:44:52    kbmemfree   kbavail kbmemused  %memused kbbuffers  kbcached  kbcommit   %commit  kbactive   kbinact   kbdirty
13:44:54      1611132   1655348    128020      6.30        20    163536    417072     20.54    132216    101492       176

13:44:54        CPU     %user     %nice   %system   %iowait    %steal     %idle
13:44:56        all      0.38      0.00      0.51      0.00      0.51     98.59

13:44:54          tps      rtps      wtps      dtps   bread/s   bwrtn/s   bdscd/s
13:44:56         0.00      0.00      0.00      0.00      0.00      0.00      0.00

13:44:54    kbmemfree   kbavail kbmemused  %memused kbbuffers  kbcached  kbcommit   %commit  kbactive   kbinact   kbdirty
13:44:56      1611164   1655380    127984      6.30        20    163540    417072     20.54    132216    101492       208

13:44:56        CPU     %user     %nice   %system   %iowait    %steal     %idle
13:44:58        all      0.25      0.00      0.51      0.00      1.77     97.47

13:44:56          tps      rtps      wtps      dtps   bread/s   bwrtn/s   bdscd/s
13:44:58         0.00      0.00      0.00      0.00      0.00      0.00      0.00

13:44:56    kbmemfree   kbavail kbmemused  %memused kbbuffers  kbcached  kbcommit   %commit  kbactive   kbinact   kbdirty
13:44:58      1611100   1655324    128040      6.31        20    163548    417072     20.54    132224    101492       216

13:44:58        CPU     %user     %nice   %system   %iowait    %steal     %idle
13:45:00        all      0.13      0.00      0.76      1.14      1.02     96.95

13:44:58          tps      rtps      wtps      dtps   bread/s   bwrtn/s   bdscd/s
13:45:00         4.00      1.50      2.50      0.00     48.00     24.00      0.00

13:44:58    kbmemfree   kbavail kbmemused  %memused kbbuffers  kbcached  kbcommit   %commit  kbactive   kbinact   kbdirty
13:45:00      1611132   1655388    127960      6.30        20    163596    417072     20.54    132224    101524       264

13:45:00        CPU     %user     %nice   %system   %iowait    %steal     %idle
13:45:02        all      4.05      0.00      2.66      0.38      2.91     90.00

13:45:00          tps      rtps      wtps      dtps   bread/s   bwrtn/s   bdscd/s
13:45:02         3.50      0.00      3.50      0.00      0.00     72.00      0.00

13:45:00    kbmemfree   kbavail kbmemused  %memused kbbuffers  kbcached  kbcommit   %commit  kbactive   kbinact   kbdirty
13:45:02      1610660   1654936    128404      6.32        20    163612    417072     20.54    132356    101412       548

13:45:02        CPU     %user     %nice   %system   %iowait    %steal     %idle
13:45:04        all      0.26      0.00      0.64      0.13      1.02     97.95

13:45:02          tps      rtps      wtps      dtps   bread/s   bwrtn/s   bdscd/s
13:45:04        26.50      0.00     26.50      0.00      0.00    240.00      0.00

13:45:02    kbmemfree   kbavail kbmemused  %memused kbbuffers  kbcached  kbcommit   %commit  kbactive   kbinact   kbdirty
13:45:04      1610628   1654920    128436      6.32        20    163612    417072     20.54    132372    101412       484

13:45:04        CPU     %user     %nice   %system   %iowait    %steal     %idle
13:45:06        all      0.64      0.00      0.13      0.00      1.15     98.08

13:45:04          tps      rtps      wtps      dtps   bread/s   bwrtn/s   bdscd/s
13:45:06         0.00      0.00      0.00      0.00      0.00      0.00      0.00

13:45:04    kbmemfree   kbavail kbmemused  %memused kbbuffers  kbcached  kbcommit   %commit  kbactive   kbinact   kbdirty
13:45:06      1610628   1654920    128436      6.32        20    163612    417072     20.54    132372    101412       476

13:45:06        CPU     %user     %nice   %system   %iowait    %steal     %idle
13:45:08        all      0.25      0.00      0.62      0.00      3.11     96.02

13:45:06          tps      rtps      wtps      dtps   bread/s   bwrtn/s   bdscd/s
13:45:08         0.00      0.00      0.00      0.00      0.00      0.00      0.00

13:45:06    kbmemfree   kbavail kbmemused  %memused kbbuffers  kbcached  kbcommit   %commit  kbactive   kbinact   kbdirty
13:45:08      1610660   1654952    128400      6.32        20    163616    417072     20.54    132372    101412       480

13:45:08        CPU     %user     %nice   %system   %iowait    %steal     %idle
13:45:10        all      0.25      0.00      0.63      0.00      5.05     94.07

13:45:08          tps      rtps      wtps      dtps   bread/s   bwrtn/s   bdscd/s
13:45:10         1.50      0.00      1.50      0.00      0.00     16.00      0.00

13:45:08    kbmemfree   kbavail kbmemused  %memused kbbuffers  kbcached  kbcommit   %commit  kbactive   kbinact   kbdirty
13:45:10      1610628   1654920    128432      6.32        20    163616    417072     20.54    132372    101412       500

13:45:10        CPU     %user     %nice   %system   %iowait    %steal     %idle
13:45:12        all      0.38      0.00      0.25      0.00      2.41     96.95

13:45:10          tps      rtps      wtps      dtps   bread/s   bwrtn/s   bdscd/s
13:45:12         0.00      0.00      0.00      0.00      0.00      0.00      0.00

13:45:10    kbmemfree   kbavail kbmemused  %memused kbbuffers  kbcached  kbcommit   %commit  kbactive   kbinact   kbdirty
13:45:12      1610628   1654920    128428      6.32        20    163620    417072     20.54    132372    101412       512

13:45:12        CPU     %user     %nice   %system   %iowait    %steal     %idle
13:45:14        all      0.25      0.00      0.63      0.00      1.90     97.21

13:45:12          tps      rtps      wtps      dtps   bread/s   bwrtn/s   bdscd/s
13:45:14         2.00      0.00      2.00      0.00      0.00     16.00      0.00

13:45:12    kbmemfree   kbavail kbmemused  %memused kbbuffers  kbcached  kbcommit   %commit  kbactive   kbinact   kbdirty
13:45:14      1610628   1654920    128428      6.32        20    163620    417072     20.54    132372    101412       512

13:45:14        CPU     %user     %nice   %system   %iowait    %steal     %idle
13:45:16        all      0.38      0.00      0.38      0.00      2.29     96.95

13:45:14          tps      rtps      wtps      dtps   bread/s   bwrtn/s   bdscd/s
13:45:16         0.00      0.00      0.00      0.00      0.00      0.00      0.00

13:45:14    kbmemfree   kbavail kbmemused  %memused kbbuffers  kbcached  kbcommit   %commit  kbactive   kbinact   kbdirty
13:45:16      1610628   1654920    128424      6.32        20    163624    417072     20.54    132372    101412       528

13:45:16        CPU     %user     %nice   %system   %iowait    %steal     %idle
13:45:18        all      0.38      0.00      1.39      1.76      4.41     92.07

13:45:16          tps      rtps      wtps      dtps   bread/s   bwrtn/s   bdscd/s
13:45:18        20.00      2.00     18.00      0.00     64.00   4264.00      0.00

13:45:16    kbmemfree   kbavail kbmemused  %memused kbbuffers  kbcached  kbcommit   %commit  kbactive   kbinact   kbdirty
13:45:18      1610588   1654944    128392      6.32        20    163688    417072     20.54    132756    101092        16

13:45:18        CPU     %user     %nice   %system   %iowait    %steal     %idle
13:45:20        all      0.00      0.00      0.38      0.00      3.17     96.45

13:45:18          tps      rtps      wtps      dtps   bread/s   bwrtn/s   bdscd/s
13:45:20         0.00      0.00      0.00      0.00      0.00      0.00      0.00

13:45:18    kbmemfree   kbavail kbmemused  %memused kbbuffers  kbcached  kbcommit   %commit  kbactive   kbinact   kbdirty
13:45:20      1610620   1654976    128360      6.32        20    163688    417072     20.54    132756    101092        16

13:45:20        CPU     %user     %nice   %system   %iowait    %steal     %idle
13:45:22        all      0.38      0.00      0.25      0.00      3.02     96.36

13:45:20          tps      rtps      wtps      dtps   bread/s   bwrtn/s   bdscd/s
13:45:22         0.00      0.00      0.00      0.00      0.00      0.00      0.00

13:45:20    kbmemfree   kbavail kbmemused  %memused kbbuffers  kbcached  kbcommit   %commit  kbactive   kbinact   kbdirty
13:45:22      1610620   1654976    128360      6.32        20    163688    417072     20.54    132756    101092        16

13:45:22        CPU     %user     %nice   %system   %iowait    %steal     %idle
13:45:24        all      0.25      0.00      0.38      0.00      2.89     96.48

13:45:22          tps      rtps      wtps      dtps   bread/s   bwrtn/s   bdscd/s
13:45:24         0.00      0.00      0.00      0.00      0.00      0.00      0.00

13:45:22    kbmemfree   kbavail kbmemused  %memused kbbuffers  kbcached  kbcommit   %commit  kbactive   kbinact   kbdirty
13:45:24      1610652   1655008    128324      6.32        20    163692    417072     20.54    132756    101092        20

13:45:24        CPU     %user     %nice   %system   %iowait    %steal     %idle
13:45:26        all      0.26      0.00      0.26      0.00      1.92     97.57

13:45:24          tps      rtps      wtps      dtps   bread/s   bwrtn/s   bdscd/s
13:45:26         0.00      0.00      0.00      0.00      0.00      0.00      0.00

13:45:24    kbmemfree   kbavail kbmemused  %memused kbbuffers  kbcached  kbcommit   %commit  kbactive   kbinact   kbdirty
13:45:26      1610620   1654976    128352      6.32        20    163696    417072     20.54    132756    101092        24

13:45:26        CPU     %user     %nice   %system   %iowait    %steal     %idle
13:45:28        all      0.00      0.00      0.26      0.00      0.90     98.85

13:45:26          tps      rtps      wtps      dtps   bread/s   bwrtn/s   bdscd/s
13:45:28         0.00      0.00      0.00      0.00      0.00      0.00      0.00

13:45:26    kbmemfree   kbavail kbmemused  %memused kbbuffers  kbcached  kbcommit   %commit  kbactive   kbinact   kbdirty
13:45:28      1610652   1655008    128320      6.32        20    163696    417072     20.54    132756    101092        24

13:45:28        CPU     %user     %nice   %system   %iowait    %steal     %idle
13:45:30        all      0.00      0.00      0.13      0.00      0.39     99.49

13:45:28          tps      rtps      wtps      dtps   bread/s   bwrtn/s   bdscd/s
13:45:30         0.00      0.00      0.00      0.00      0.00      0.00      0.00

13:45:28    kbmemfree   kbavail kbmemused  %memused kbbuffers  kbcached  kbcommit   %commit  kbactive   kbinact   kbdirty
13:45:30      1610620   1654976    128348      6.32        20    163700    417072     20.54    132756    101092        28

13:45:30        CPU     %user     %nice   %system   %iowait    %steal     %idle
13:45:32        all      0.38      0.00      0.25      0.00      1.40     97.97

13:45:30          tps      rtps      wtps      dtps   bread/s   bwrtn/s   bdscd/s
13:45:32         0.00      0.00      0.00      0.00      0.00      0.00      0.00

13:45:30    kbmemfree   kbavail kbmemused  %memused kbbuffers  kbcached  kbcommit   %commit  kbactive   kbinact   kbdirty
13:45:32      1610652   1655008    128316      6.32        20    163700    417072     20.54    132756    101092        28

13:45:32        CPU     %user     %nice   %system   %iowait    %steal     %idle
13:45:34        all      0.13      0.00      0.64      0.00      2.30     96.93

13:45:32          tps      rtps      wtps      dtps   bread/s   bwrtn/s   bdscd/s
13:45:34         0.00      0.00      0.00      0.00      0.00      0.00      0.00

13:45:32    kbmemfree   kbavail kbmemused  %memused kbbuffers  kbcached  kbcommit   %commit  kbactive   kbinact   kbdirty
13:45:34      1610588   1654944    128380      6.32        20    163700    417072     20.54    132756    101092        28

13:45:34        CPU     %user     %nice   %system   %iowait    %steal     %idle
13:45:36        all      0.64      0.00      0.26      0.00      1.15     97.95

13:45:34          tps      rtps      wtps      dtps   bread/s   bwrtn/s   bdscd/s
13:45:36         0.00      0.00      0.00      0.00      0.00      0.00      0.00

13:45:34    kbmemfree   kbavail kbmemused  %memused kbbuffers  kbcached  kbcommit   %commit  kbactive   kbinact   kbdirty
13:45:36      1610620   1654976    128348      6.32        20    163700    417072     20.54    132756    101092        28

13:45:36        CPU     %user     %nice   %system   %iowait    %steal     %idle
13:45:38        all      0.00      0.00      0.13      0.00      0.77     99.11

13:45:36          tps      rtps      wtps      dtps   bread/s   bwrtn/s   bdscd/s
13:45:38         0.00      0.00      0.00      0.00      0.00      0.00      0.00

13:45:36    kbmemfree   kbavail kbmemused  %memused kbbuffers  kbcached  kbcommit   %commit  kbactive   kbinact   kbdirty
13:45:38      1610620   1654976    128348      6.32        20    163700    417072     20.54    132756    101092        28

13:45:38        CPU     %user     %nice   %system   %iowait    %steal     %idle
13:45:40        all      0.26      0.00      0.64      0.00      0.77     98.34

13:45:38          tps      rtps      wtps      dtps   bread/s   bwrtn/s   bdscd/s
13:45:40         2.50      0.00      2.50      0.00      0.00     28.00      0.00

13:45:38    kbmemfree   kbavail kbmemused  %memused kbbuffers  kbcached  kbcommit   %commit  kbactive   kbinact   kbdirty
13:45:40      1610620   1654980    128348      6.32        20    163700    417072     20.54    132760    101092       128

13:45:40        CPU     %user     %nice   %system   %iowait    %steal     %idle
13:45:42        all      0.38      0.00      0.90      0.00      0.90     97.83

13:45:40          tps      rtps      wtps      dtps   bread/s   bwrtn/s   bdscd/s
13:45:42         0.00      0.00      0.00      0.00      0.00      0.00      0.00

13:45:40    kbmemfree   kbavail kbmemused  %memused kbbuffers  kbcached  kbcommit   %commit  kbactive   kbinact   kbdirty
13:45:42      1610620   1654988    128340      6.32        20    163708    417072     20.54    132768    101092       228

13:45:42        CPU     %user     %nice   %system   %iowait    %steal     %idle
13:45:44        all      0.25      0.00      0.51      0.00      0.64     98.60

13:45:42          tps      rtps      wtps      dtps   bread/s   bwrtn/s   bdscd/s
13:45:44         0.00      0.00      0.00      0.00      0.00      0.00      0.00

13:45:42    kbmemfree   kbavail kbmemused  %memused kbbuffers  kbcached  kbcommit   %commit  kbactive   kbinact   kbdirty
13:45:44      1610588   1654956    128368      6.32        20    163712    417072     20.54    132768    101092       232

13:45:44        CPU     %user     %nice   %system   %iowait    %steal     %idle
13:45:46        all      0.13      0.00      0.64      0.00      1.80     97.42

13:45:44          tps      rtps      wtps      dtps   bread/s   bwrtn/s   bdscd/s
13:45:46         0.00      0.00      0.00      0.00      0.00      0.00      0.00

13:45:44    kbmemfree   kbavail kbmemused  %memused kbbuffers  kbcached  kbcommit   %commit  kbactive   kbinact   kbdirty
13:45:46      1610588   1654956    128368      6.32        20    163712    417072     20.54    132768    101092       232

13:45:46        CPU     %user     %nice   %system   %iowait    %steal     %idle
13:45:48        all      0.00      0.00      0.26      0.00      1.91     97.83

13:45:46          tps      rtps      wtps      dtps   bread/s   bwrtn/s   bdscd/s
13:45:48         0.00      0.00      0.00      0.00      0.00      0.00      0.00

13:45:46    kbmemfree   kbavail kbmemused  %memused kbbuffers  kbcached  kbcommit   %commit  kbactive   kbinact   kbdirty
13:45:48      1610588   1654956    128368      6.32        20    163712    417072     20.54    132768    101092       232

13:45:48        CPU     %user     %nice   %system   %iowait    %steal     %idle
13:45:50        all      0.63      0.00      0.50      0.00      3.39     95.48

13:45:48          tps      rtps      wtps      dtps   bread/s   bwrtn/s   bdscd/s
13:45:50         0.00      0.00      0.00      0.00      0.00      0.00      0.00

13:45:48    kbmemfree   kbavail kbmemused  %memused kbbuffers  kbcached  kbcommit   %commit  kbactive   kbinact   kbdirty
13:45:50      1610588   1654956    128368      6.32        20    163712    417072     20.54    132768    101092       232

13:45:50        CPU     %user     %nice   %system   %iowait    %steal     %idle
13:45:52        all      0.13      0.00      0.25      0.00      3.66     95.96

13:45:50          tps      rtps      wtps      dtps   bread/s   bwrtn/s   bdscd/s
13:45:52         0.00      0.00      0.00      0.00      0.00      0.00      0.00

13:45:50    kbmemfree   kbavail kbmemused  %memused kbbuffers  kbcached  kbcommit   %commit  kbactive   kbinact   kbdirty
13:45:52      1610620   1654988    128336      6.32        20    163712    417072     20.54    132768    101092       232

13:45:52        CPU     %user     %nice   %system   %iowait    %steal     %idle
13:45:54        all      0.25      0.00      0.25      0.00      2.54     96.95

13:45:52          tps      rtps      wtps      dtps   bread/s   bwrtn/s   bdscd/s
13:45:54         0.00      0.00      0.00      0.00      0.00      0.00      0.00

13:45:52    kbmemfree   kbavail kbmemused  %memused kbbuffers  kbcached  kbcommit   %commit  kbactive   kbinact   kbdirty
13:45:54      1610588   1654956    128368      6.32        20    163712    417072     20.54    132768    101092       232

13:45:54        CPU     %user     %nice   %system   %iowait    %steal     %idle
13:45:56        all      0.25      0.00      0.89      0.00      2.03     96.84

13:45:54          tps      rtps      wtps      dtps   bread/s   bwrtn/s   bdscd/s
13:45:56         0.00      0.00      0.00      0.00      0.00      0.00      0.00

13:45:54    kbmemfree   kbavail kbmemused  %memused kbbuffers  kbcached  kbcommit   %commit  kbactive   kbinact   kbdirty
13:45:56      1610588   1654956    128364      6.32        20    163716    417072     20.54    132768    101092       236

13:45:56        CPU     %user     %nice   %system   %iowait    %steal     %idle
13:45:58        all      0.38      0.00      0.51      0.00      3.29     95.83

13:45:56          tps      rtps      wtps      dtps   bread/s   bwrtn/s   bdscd/s
13:45:58         0.00      0.00      0.00      0.00      0.00      0.00      0.00

13:45:56    kbmemfree   kbavail kbmemused  %memused kbbuffers  kbcached  kbcommit   %commit  kbactive   kbinact   kbdirty
13:45:58      1610652   1655024    128292      6.32        20    163724    417072     20.54    132772    101092       244

13:45:58        CPU     %user     %nice   %system   %iowait    %steal     %idle
13:46:00        all      0.13      0.00      0.38      0.00      1.15     98.34

13:45:58          tps      rtps      wtps      dtps   bread/s   bwrtn/s   bdscd/s
13:46:00         0.00      0.00      0.00      0.00      0.00      0.00      0.00

13:45:58    kbmemfree   kbavail kbmemused  %memused kbbuffers  kbcached  kbcommit   %commit  kbactive   kbinact   kbdirty
13:46:00      1610684   1655056    128260      6.32        20    163724    417072     20.54    132772    101092       244

13:46:00        CPU     %user     %nice   %system   %iowait    %steal     %idle
13:46:02        all      0.13      0.00      0.13      0.00      1.54     98.20

13:46:00          tps      rtps      wtps      dtps   bread/s   bwrtn/s   bdscd/s
13:46:02         0.00      0.00      0.00      0.00      0.00      0.00      0.00

13:46:00    kbmemfree   kbavail kbmemused  %memused kbbuffers  kbcached  kbcommit   %commit  kbactive   kbinact   kbdirty
13:46:02      1610652   1655024    128292      6.32        20    163724    417072     20.54    132772    101092       244

13:46:02        CPU     %user     %nice   %system   %iowait    %steal     %idle
13:46:04        all      0.13      0.00      0.38      0.00      2.17     97.32

13:46:02          tps      rtps      wtps      dtps   bread/s   bwrtn/s   bdscd/s
13:46:04         0.00      0.00      0.00      0.00      0.00      0.00      0.00

13:46:02    kbmemfree   kbavail kbmemused  %memused kbbuffers  kbcached  kbcommit   %commit  kbactive   kbinact   kbdirty
13:46:04      1610620   1654992    128324      6.32        20    163724    417072     20.54    132772    101092       244

13:46:04        CPU     %user     %nice   %system   %iowait    %steal     %idle
13:46:06        all      0.50      0.00      0.50      0.00      3.26     95.73

13:46:04          tps      rtps      wtps      dtps   bread/s   bwrtn/s   bdscd/s
13:46:06         0.00      0.00      0.00      0.00      0.00      0.00      0.00

13:46:04    kbmemfree   kbavail kbmemused  %memused kbbuffers  kbcached  kbcommit   %commit  kbactive   kbinact   kbdirty
13:46:06      1610652   1655028    128288      6.32        20    163728    417072     20.54    132776    101092       248

13:46:06        CPU     %user     %nice   %system   %iowait    %steal     %idle
13:46:08        all      0.25      0.00      0.49      0.00      5.56     93.70

13:46:06          tps      rtps      wtps      dtps   bread/s   bwrtn/s   bdscd/s
13:46:08         0.00      0.00      0.00      0.00      0.00      0.00      0.00

13:46:06    kbmemfree   kbavail kbmemused  %memused kbbuffers  kbcached  kbcommit   %commit  kbactive   kbinact   kbdirty
13:46:08      1610620   1654996    128320      6.32        20    163728    417072     20.54    132776    101092       248

13:46:08        CPU     %user     %nice   %system   %iowait    %steal     %idle
13:46:10        all      0.63      0.00      1.13      5.14      4.39     88.71

13:46:08          tps      rtps      wtps      dtps   bread/s   bwrtn/s   bdscd/s
13:46:10         9.45      0.00      9.45      0.00      0.00   2427.86      0.00

13:46:08    kbmemfree   kbavail kbmemused  %memused kbbuffers  kbcached  kbcommit   %commit  kbactive   kbinact   kbdirty
13:46:10      1610400   1654904    128356      6.32        20    163912    417072     20.54    132532    101464       128

13:46:10        CPU     %user     %nice   %system   %iowait    %steal     %idle
13:46:12        all      0.49      0.00      0.61      0.00      6.71     92.20

13:46:10          tps      rtps      wtps      dtps   bread/s   bwrtn/s   bdscd/s
13:46:12         1.00      0.00      1.00      0.00      0.00     32.00      0.00

13:46:10    kbmemfree   kbavail kbmemused  %memused kbbuffers  kbcached  kbcommit   %commit  kbactive   kbinact   kbdirty
13:46:12      1610336   1654972    128356      6.32        20    163976    417072     20.54    132636    101492       164

13:46:12        CPU     %user     %nice   %system   %iowait    %steal     %idle
13:46:14        all      0.00      0.00      0.38      0.00      3.01     96.61

13:46:12          tps      rtps      wtps      dtps   bread/s   bwrtn/s   bdscd/s
13:46:14         0.00      0.00      0.00      0.00      0.00      0.00      0.00

13:46:12    kbmemfree   kbavail kbmemused  %memused kbbuffers  kbcached  kbcommit   %commit  kbactive   kbinact   kbdirty
13:46:14      1610368   1655004    128324      6.32        20    163976    417072     20.54    132636    101492       168

13:46:14        CPU     %user     %nice   %system   %iowait    %steal     %idle
13:46:16        all      0.38      0.00      0.63      0.00      3.28     95.71

13:46:14          tps      rtps      wtps      dtps   bread/s   bwrtn/s   bdscd/s
13:46:16         0.50      0.00      0.50      0.00      0.00     16.00      0.00

13:46:14    kbmemfree   kbavail kbmemused  %memused kbbuffers  kbcached  kbcommit   %commit  kbactive   kbinact   kbdirty
13:46:16      1610368   1655004    128324      6.32        20    163976    417072     20.54    132636    101492       168

13:46:16        CPU     %user     %nice   %system   %iowait    %steal     %idle
13:46:18        all      0.13      0.00      0.38      0.00      3.40     96.10

13:46:16          tps      rtps      wtps      dtps   bread/s   bwrtn/s   bdscd/s
13:46:18         0.00      0.00      0.00      0.00      0.00      0.00      0.00

13:46:16    kbmemfree   kbavail kbmemused  %memused kbbuffers  kbcached  kbcommit   %commit  kbactive   kbinact   kbdirty
13:46:18      1610368   1655004    128324      6.32        20    163976    417072     20.54    132636    101492       188

13:46:18        CPU     %user     %nice   %system   %iowait    %steal     %idle
13:46:20        all      0.25      0.00      0.63      0.00      2.14     96.98

13:46:18          tps      rtps      wtps      dtps   bread/s   bwrtn/s   bdscd/s
13:46:20         0.00      0.00      0.00      0.00      0.00      0.00      0.00

13:46:18    kbmemfree   kbavail kbmemused  %memused kbbuffers  kbcached  kbcommit   %commit  kbactive   kbinact   kbdirty
13:46:20      1610400   1655036    128292      6.32        20    163976    417072     20.54    132636    101492       188

13:46:20        CPU     %user     %nice   %system   %iowait    %steal     %idle
13:46:22        all      0.38      0.00      0.64      0.00      1.79     97.18

13:46:20          tps      rtps      wtps      dtps   bread/s   bwrtn/s   bdscd/s
13:46:22         0.00      0.00      0.00      0.00      0.00      0.00      0.00

13:46:20    kbmemfree   kbavail kbmemused  %memused kbbuffers  kbcached  kbcommit   %commit  kbactive   kbinact   kbdirty
13:46:22      1610368   1655004    128324      6.32        20    163976    417072     20.54    132636    101492       188

13:46:22        CPU     %user     %nice   %system   %iowait    %steal     %idle
13:46:24        all      0.25      0.00      0.75      0.00      2.88     96.12

13:46:22          tps      rtps      wtps      dtps   bread/s   bwrtn/s   bdscd/s
13:46:24         0.00      0.00      0.00      0.00      0.00      0.00      0.00

13:46:22    kbmemfree   kbavail kbmemused  %memused kbbuffers  kbcached  kbcommit   %commit  kbactive   kbinact   kbdirty
13:46:24      1610368   1655004    128320      6.32        20    163980    417072     20.54    132636    101492       192

13:46:24        CPU     %user     %nice   %system   %iowait    %steal     %idle
13:46:26        all      0.76      0.00      0.63      0.00      3.78     94.84

13:46:24          tps      rtps      wtps      dtps   bread/s   bwrtn/s   bdscd/s
13:46:26         0.00      0.00      0.00      0.00      0.00      0.00      0.00

13:46:24    kbmemfree   kbavail kbmemused  %memused kbbuffers  kbcached  kbcommit   %commit  kbactive   kbinact   kbdirty
13:46:26      1610400   1655036    128284      6.32        20    163984    417072     20.54    132636    101492       196

13:46:26        CPU     %user     %nice   %system   %iowait    %steal     %idle
13:46:28        all      0.13      0.00      0.25      0.00      2.53     97.09

13:46:26          tps      rtps      wtps      dtps   bread/s   bwrtn/s   bdscd/s
13:46:28         0.00      0.00      0.00      0.00      0.00      0.00      0.00

13:46:26    kbmemfree   kbavail kbmemused  %memused kbbuffers  kbcached  kbcommit   %commit  kbactive   kbinact   kbdirty
13:46:28      1610400   1655036    128276      6.32        20    163992    417072     20.54    132636    101492       204

13:46:28        CPU     %user     %nice   %system   %iowait    %steal     %idle
13:46:30        all      0.13      0.00      0.25      0.00      2.39     97.23

13:46:28          tps      rtps      wtps      dtps   bread/s   bwrtn/s   bdscd/s
13:46:30         0.00      0.00      0.00      0.00      0.00      0.00      0.00

13:46:28    kbmemfree   kbavail kbmemused  %memused kbbuffers  kbcached  kbcommit   %commit  kbactive   kbinact   kbdirty
13:46:30      1610336   1654972    128340      6.32        20    163992    417072     20.54    132636    101492       204

13:46:30        CPU     %user     %nice   %system   %iowait    %steal     %idle
13:46:32        all      0.13      0.00      0.25      0.00      3.27     96.35

13:46:30          tps      rtps      wtps      dtps   bread/s   bwrtn/s   bdscd/s
13:46:32         0.00      0.00      0.00      0.00      0.00      0.00      0.00

13:46:30    kbmemfree   kbavail kbmemused  %memused kbbuffers  kbcached  kbcommit   %commit  kbactive   kbinact   kbdirty
13:46:32      1610400   1655036    128276      6.32        20    163992    417072     20.54    132636    101492       204

13:46:32        CPU     %user     %nice   %system   %iowait    %steal     %idle
13:46:34        all      0.25      0.00      0.13      0.00      3.76     95.86

13:46:32          tps      rtps      wtps      dtps   bread/s   bwrtn/s   bdscd/s
13:46:34         0.00      0.00      0.00      0.00      0.00      0.00      0.00

13:46:32    kbmemfree   kbavail kbmemused  %memused kbbuffers  kbcached  kbcommit   %commit  kbactive   kbinact   kbdirty
13:46:34      1610368   1655004    128308      6.32        20    163992    417072     20.54    132636    101492       204

13:46:34        CPU     %user     %nice   %system   %iowait    %steal     %idle
13:46:36        all      0.76      0.00      0.38      0.00      3.80     95.06

13:46:34          tps      rtps      wtps      dtps   bread/s   bwrtn/s   bdscd/s
13:46:36         0.00      0.00      0.00      0.00      0.00      0.00      0.00

13:46:34    kbmemfree   kbavail kbmemused  %memused kbbuffers  kbcached  kbcommit   %commit  kbactive   kbinact   kbdirty
13:46:36      1610400   1655036    128276      6.32        20    163992    417072     20.54    132636    101492       204

13:46:36        CPU     %user     %nice   %system   %iowait    %steal     %idle
13:46:38        all      0.38      0.00      1.02      0.00      3.05     95.56

13:46:36          tps      rtps      wtps      dtps   bread/s   bwrtn/s   bdscd/s
13:46:38         0.00      0.00      0.00      0.00      0.00      0.00      0.00

13:46:36    kbmemfree   kbavail kbmemused  %memused kbbuffers  kbcached  kbcommit   %commit  kbactive   kbinact   kbdirty
13:46:38      1610400   1655036    128268      6.32        20    164000    417072     20.54    132636    101492       212

13:46:38        CPU     %user     %nice   %system   %iowait    %steal     %idle
13:46:40        all      0.13      0.00      0.00      0.00      0.90     98.97

13:46:38          tps      rtps      wtps      dtps   bread/s   bwrtn/s   bdscd/s
13:46:40         0.00      0.00      0.00      0.00      0.00      0.00      0.00

13:46:38    kbmemfree   kbavail kbmemused  %memused kbbuffers  kbcached  kbcommit   %commit  kbactive   kbinact   kbdirty
13:46:40      1610368   1655020    128300      6.32        20    164000    417072     20.54    132652    101492       212

13:46:40        CPU     %user     %nice   %system   %iowait    %steal     %idle
13:46:42        all      0.38      0.00      1.52      0.25      2.28     95.56

13:46:40          tps      rtps      wtps      dtps   bread/s   bwrtn/s   bdscd/s
13:46:42        10.50      0.00     10.50      0.00      0.00   2184.00      0.00

13:46:40    kbmemfree   kbavail kbmemused  %memused kbbuffers  kbcached  kbcommit   %commit  kbactive   kbinact   kbdirty
13:46:42      1610620   1655300    128044      6.31        20    164004    417072     20.54    132760    101412        40

13:46:42        CPU     %user     %nice   %system   %iowait    %steal     %idle
13:46:44        all      0.26      0.00      0.00      0.00      0.89     98.85

13:46:42          tps      rtps      wtps      dtps   bread/s   bwrtn/s   bdscd/s
13:46:44         0.00      0.00      0.00      0.00      0.00      0.00      0.00

13:46:42    kbmemfree   kbavail kbmemused  %memused kbbuffers  kbcached  kbcommit   %commit  kbactive   kbinact   kbdirty
13:46:44      1610620   1655300    128044      6.31        20    164004    417072     20.54    132760    101412        40

13:46:44        CPU     %user     %nice   %system   %iowait    %steal     %idle
13:46:46        all      0.38      0.00      0.75      0.00      3.62     95.25

13:46:44          tps      rtps      wtps      dtps   bread/s   bwrtn/s   bdscd/s
13:46:46         1.00      0.00      1.00      0.00      0.00     28.00      0.00

13:46:44    kbmemfree   kbavail kbmemused  %memused kbbuffers  kbcached  kbcommit   %commit  kbactive   kbinact   kbdirty
13:46:46      1610620   1655300    128012      6.30        20    164036    417072     20.54    132760    101412        88

13:46:46        CPU     %user     %nice   %system   %iowait    %steal     %idle
13:46:48        all      0.13      0.00      0.38      0.00      4.26     95.24

13:46:46          tps      rtps      wtps      dtps   bread/s   bwrtn/s   bdscd/s
13:46:48         0.00      0.00      0.00      0.00      0.00      0.00      0.00

13:46:46    kbmemfree   kbavail kbmemused  %memused kbbuffers  kbcached  kbcommit   %commit  kbactive   kbinact   kbdirty
13:46:48      1610652   1655368    127980      6.30        20    164036    417072     20.54    132780    101428       160

13:46:48        CPU     %user     %nice   %system   %iowait    %steal     %idle
13:46:50        all      0.00      0.00      0.75      0.00      2.89     96.36

13:46:48          tps      rtps      wtps      dtps   bread/s   bwrtn/s   bdscd/s
13:46:50         0.00      0.00      0.00      0.00      0.00      0.00      0.00

13:46:48    kbmemfree   kbavail kbmemused  %memused kbbuffers  kbcached  kbcommit   %commit  kbactive   kbinact   kbdirty
13:46:50      1610652   1655368    127980      6.30        20    164036    417072     20.54    132780    101428       164

13:46:50        CPU     %user     %nice   %system   %iowait    %steal     %idle
13:46:52        all      0.25      0.00      0.00      0.00      2.53     97.21

13:46:50          tps      rtps      wtps      dtps   bread/s   bwrtn/s   bdscd/s
13:46:52         1.00      0.00      1.00      0.00      0.00     16.00      0.00

13:46:50    kbmemfree   kbavail kbmemused  %memused kbbuffers  kbcached  kbcommit   %commit  kbactive   kbinact   kbdirty
13:46:52      1610588   1655304    128040      6.31        20    164040    417072     20.54    132780    101428       152

13:46:52        CPU     %user     %nice   %system   %iowait    %steal     %idle
13:46:54        all      0.25      0.00      0.25      0.00      2.66     96.84

13:46:52          tps      rtps      wtps      dtps   bread/s   bwrtn/s   bdscd/s
13:46:54         0.00      0.00      0.00      0.00      0.00      0.00      0.00

13:46:52    kbmemfree   kbavail kbmemused  %memused kbbuffers  kbcached  kbcommit   %commit  kbactive   kbinact   kbdirty
13:46:54      1610620   1655352    127992      6.30        20    164056    417072     20.54    132780    101444       188

13:46:54        CPU     %user     %nice   %system   %iowait    %steal     %idle
13:46:56        all      0.13      0.00      0.63      0.00      3.66     95.58

13:46:54          tps      rtps      wtps      dtps   bread/s   bwrtn/s   bdscd/s
13:46:56         0.00      0.00      0.00      0.00      0.00      0.00      0.00

13:46:54    kbmemfree   kbavail kbmemused  %memused kbbuffers  kbcached  kbcommit   %commit  kbactive   kbinact   kbdirty
13:46:56      1610588   1655320    128020      6.30        20    164060    417072     20.54    132780    101444       192

13:46:56        CPU     %user     %nice   %system   %iowait    %steal     %idle
13:46:58        all      0.50      0.00      0.50      0.00      3.15     95.84

13:46:56          tps      rtps      wtps      dtps   bread/s   bwrtn/s   bdscd/s
13:46:58         0.00      0.00      0.00      0.00      0.00      0.00      0.00

13:46:56    kbmemfree   kbavail kbmemused  %memused kbbuffers  kbcached  kbcommit   %commit  kbactive   kbinact   kbdirty
13:46:58      1610588   1655320    128016      6.30        20    164064    417072     20.54    132780    101444       196

13:46:58        CPU     %user     %nice   %system   %iowait    %steal     %idle
13:47:00        all      0.13      0.00      1.02      0.00      1.53     97.31

13:46:58          tps      rtps      wtps      dtps   bread/s   bwrtn/s   bdscd/s
13:47:00         0.00      0.00      0.00      0.00      0.00      0.00      0.00

13:46:58    kbmemfree   kbavail kbmemused  %memused kbbuffers  kbcached  kbcommit   %commit  kbactive   kbinact   kbdirty
13:47:00      1610620   1655352    127984      6.30        20    164064    417072     20.54    132780    101444       196

13:47:00        CPU     %user     %nice   %system   %iowait    %steal     %idle
13:47:02        all      0.51      0.00      0.38      0.00      1.52     97.59

13:47:00          tps      rtps      wtps      dtps   bread/s   bwrtn/s   bdscd/s
13:47:02         0.00      0.00      0.00      0.00      0.00      0.00      0.00

13:47:00    kbmemfree   kbavail kbmemused  %memused kbbuffers  kbcached  kbcommit   %commit  kbactive   kbinact   kbdirty
13:47:02      1610620   1655356    127980      6.30        20    164068    417072     20.54    132784    101444       200

13:47:02        CPU     %user     %nice   %system   %iowait    %steal     %idle
13:47:04        all      0.00      0.00      0.51      0.00      1.40     98.09

13:47:02          tps      rtps      wtps      dtps   bread/s   bwrtn/s   bdscd/s
13:47:04         0.00      0.00      0.00      0.00      0.00      0.00      0.00

13:47:02    kbmemfree   kbavail kbmemused  %memused kbbuffers  kbcached  kbcommit   %commit  kbactive   kbinact   kbdirty
13:47:04      1610620   1655356    127980      6.30        20    164068    417072     20.54    132784    101444       200

13:47:04        CPU     %user     %nice   %system   %iowait    %steal     %idle
13:47:06        all      0.50      0.00      0.38      0.00      1.25     97.88

13:47:04          tps      rtps      wtps      dtps   bread/s   bwrtn/s   bdscd/s
13:47:06         0.00      0.00      0.00      0.00      0.00      0.00      0.00

13:47:04    kbmemfree   kbavail kbmemused  %memused kbbuffers  kbcached  kbcommit   %commit  kbactive   kbinact   kbdirty
13:47:06      1610588   1655324    128012      6.30        20    164068    417072     20.54    132784    101444       200

13:47:06        CPU     %user     %nice   %system   %iowait    %steal     %idle
13:47:08        all      0.00      0.00      0.38      0.00      3.15     96.47

13:47:06          tps      rtps      wtps      dtps   bread/s   bwrtn/s   bdscd/s
13:47:08         0.00      0.00      0.00      0.00      0.00      0.00      0.00

13:47:06    kbmemfree   kbavail kbmemused  %memused kbbuffers  kbcached  kbcommit   %commit  kbactive   kbinact   kbdirty
13:47:08      1610588   1655324    128008      6.30        20    164072    417072     20.54    132784    101444       204

13:47:08        CPU     %user     %nice   %system   %iowait    %steal     %idle
13:47:10        all      0.13      0.00      0.13      0.00      1.52     98.23

13:47:08          tps      rtps      wtps      dtps   bread/s   bwrtn/s   bdscd/s
13:47:10         0.00      0.00      0.00      0.00      0.00      0.00      0.00

13:47:08    kbmemfree   kbavail kbmemused  %memused kbbuffers  kbcached  kbcommit   %commit  kbactive   kbinact   kbdirty
13:47:10      1610620   1655356    127972      6.30        20    164076    417072     20.54    132784    101444       208

13:47:10        CPU     %user     %nice   %system   %iowait    %steal     %idle
13:47:12        all      0.13      0.00      0.13      0.00      2.65     97.10

13:47:10          tps      rtps      wtps      dtps   bread/s   bwrtn/s   bdscd/s
13:47:12         0.00      0.00      0.00      0.00      0.00      0.00      0.00

13:47:10    kbmemfree   kbavail kbmemused  %memused kbbuffers  kbcached  kbcommit   %commit  kbactive   kbinact   kbdirty
13:47:12      1610588   1655324    128004      6.30        20    164076    417072     20.54    132784    101444       208

13:47:12        CPU     %user     %nice   %system   %iowait    %steal     %idle
13:47:14        all      0.26      0.00      0.26      0.00      1.54     97.95

13:47:12          tps      rtps      wtps      dtps   bread/s   bwrtn/s   bdscd/s
13:47:14         0.00      0.00      0.00      0.00      0.00      0.00      0.00

13:47:12    kbmemfree   kbavail kbmemused  %memused kbbuffers  kbcached  kbcommit   %commit  kbactive   kbinact   kbdirty
13:47:14      1610652   1655388    127940      6.30        20    164076    417072     20.54    132784    101444       208

13:47:14        CPU     %user     %nice   %system   %iowait    %steal     %idle
13:47:16        all      0.13      0.00      1.02      0.51      1.28     97.06

13:47:14          tps      rtps      wtps      dtps   bread/s   bwrtn/s   bdscd/s
13:47:16        12.00      0.50     11.50      0.00     16.00   2184.00      0.00

13:47:14    kbmemfree   kbavail kbmemused  %memused kbbuffers  kbcached  kbcommit   %commit  kbactive   kbinact   kbdirty
13:47:16      1610360   1655132    128204      6.31        20    164096    417072     20.54    132836    101428        36

13:47:16        CPU     %user     %nice   %system   %iowait    %steal     %idle
13:47:18        all      0.63      0.00      0.25      0.00      2.66     96.45

13:47:16          tps      rtps      wtps      dtps   bread/s   bwrtn/s   bdscd/s
13:47:18         1.00      0.00      1.00      0.00      0.00     12.00      0.00

13:47:16    kbmemfree   kbavail kbmemused  %memused kbbuffers  kbcached  kbcommit   %commit  kbactive   kbinact   kbdirty
13:47:18      1610360   1655136    128204      6.31        20    164096    417072     20.54    132840    101428       132

13:47:18        CPU     %user     %nice   %system   %iowait    %steal     %idle
13:47:20        all      0.13      0.00      0.00      0.00      0.90     98.97

13:47:18          tps      rtps      wtps      dtps   bread/s   bwrtn/s   bdscd/s
13:47:20         0.00      0.00      0.00      0.00      0.00      0.00      0.00

13:47:18    kbmemfree   kbavail kbmemused  %memused kbbuffers  kbcached  kbcommit   %commit  kbactive   kbinact   kbdirty
13:47:20      1610392   1655168    128172      6.31        20    164096    417072     20.54    132840    101428       136

13:47:20        CPU     %user     %nice   %system   %iowait    %steal     %idle
13:47:22        all      0.13      0.00      0.64      0.00      1.53     97.70

13:47:20          tps      rtps      wtps      dtps   bread/s   bwrtn/s   bdscd/s
13:47:22         1.00      0.00      1.00      0.00      0.00     16.00      0.00

13:47:20    kbmemfree   kbavail kbmemused  %memused kbbuffers  kbcached  kbcommit   %commit  kbactive   kbinact   kbdirty
13:47:22      1610392   1655168    128168      6.31        20    164100    417072     20.54    132840    101428       204

13:47:22        CPU     %user     %nice   %system   %iowait    %steal     %idle
13:47:24        all      0.26      0.00      0.00      0.00      1.15     98.59

13:47:22          tps      rtps      wtps      dtps   bread/s   bwrtn/s   bdscd/s
13:47:24         0.00      0.00      0.00      0.00      0.00      0.00      0.00

13:47:22    kbmemfree   kbavail kbmemused  %memused kbbuffers  kbcached  kbcommit   %commit  kbactive   kbinact   kbdirty
13:47:24      1610328   1655104    128228      6.31        20    164104    417072     20.54    132840    101428       212

13:47:24        CPU     %user     %nice   %system   %iowait    %steal     %idle
13:47:26        all      0.25      0.00      0.51      0.00      2.03     97.21

13:47:24          tps      rtps      wtps      dtps   bread/s   bwrtn/s   bdscd/s
13:47:26         0.00      0.00      0.00      0.00      0.00      0.00      0.00

13:47:24    kbmemfree   kbavail kbmemused  %memused kbbuffers  kbcached  kbcommit   %commit  kbactive   kbinact   kbdirty
13:47:26      1610360   1655136    128196      6.31        20    164104    417072     20.54    132840    101428       212

13:47:26        CPU     %user     %nice   %system   %iowait    %steal     %idle
13:47:28        all      0.13      0.00      0.38      0.00      2.39     97.11

13:47:26          tps      rtps      wtps      dtps   bread/s   bwrtn/s   bdscd/s
13:47:28         0.50      0.00      0.50      0.00      0.00     11.94      0.00

13:47:26    kbmemfree   kbavail kbmemused  %memused kbbuffers  kbcached  kbcommit   %commit  kbactive   kbinact   kbdirty
13:47:28      1610140   1654916    128416      6.32        20    164104    417072     20.54    132840    101428       232

13:47:28        CPU     %user     %nice   %system   %iowait    %steal     %idle
13:47:30        all      0.88      0.00      0.51      0.00      2.78     95.83

13:47:28          tps      rtps      wtps      dtps   bread/s   bwrtn/s   bdscd/s
13:47:30         0.00      0.00      0.00      0.00      0.00      0.00      0.00

13:47:28    kbmemfree   kbavail kbmemused  %memused kbbuffers  kbcached  kbcommit   %commit  kbactive   kbinact   kbdirty
13:47:30      1610108   1654884    128444      6.33        20    164104    417072     20.54    132840    101428       224

13:47:30        CPU     %user     %nice   %system   %iowait    %steal     %idle
13:47:32        all      0.38      0.00      0.00      0.00      1.65     97.97

13:47:30          tps      rtps      wtps      dtps   bread/s   bwrtn/s   bdscd/s
13:47:32         0.00      0.00      0.00      0.00      0.00      0.00      0.00

13:47:30    kbmemfree   kbavail kbmemused  %memused kbbuffers  kbcached  kbcommit   %commit  kbactive   kbinact   kbdirty
13:47:32      1610140   1654916    128412      6.32        20    164104    417072     20.54    132840    101428       224

13:47:32        CPU     %user     %nice   %system   %iowait    %steal     %idle
13:47:34        all      0.00      0.00      0.38      0.00      2.15     97.47

13:47:32          tps      rtps      wtps      dtps   bread/s   bwrtn/s   bdscd/s
13:47:34         0.00      0.00      0.00      0.00      0.00      0.00      0.00

13:47:32    kbmemfree   kbavail kbmemused  %memused kbbuffers  kbcached  kbcommit   %commit  kbactive   kbinact   kbdirty
13:47:34      1610108   1654884    128444      6.33        20    164104    417072     20.54    132840    101428       224

13:47:34        CPU     %user     %nice   %system   %iowait    %steal     %idle
13:47:36        all      0.38      0.00      0.89      0.00      2.41     96.33

13:47:34          tps      rtps      wtps      dtps   bread/s   bwrtn/s   bdscd/s
13:47:36         0.00      0.00      0.00      0.00      0.00      0.00      0.00

13:47:34    kbmemfree   kbavail kbmemused  %memused kbbuffers  kbcached  kbcommit   %commit  kbactive   kbinact   kbdirty
13:47:36      1610076   1654852    128472      6.33        20    164108    417072     20.54    132840    101428       228

13:47:36        CPU     %user     %nice   %system   %iowait    %steal     %idle
13:47:38        all      0.00      0.00      0.25      0.00      3.26     96.49

13:47:36          tps      rtps      wtps      dtps   bread/s   bwrtn/s   bdscd/s
13:47:38         0.00      0.00      0.00      0.00      0.00      0.00      0.00

13:47:36    kbmemfree   kbavail kbmemused  %memused kbbuffers  kbcached  kbcommit   %commit  kbactive   kbinact   kbdirty
13:47:38      1610172   1654948    128376      6.32        20    164108    417072     20.54    132840    101428       228

13:47:38        CPU     %user     %nice   %system   %iowait    %steal     %idle
13:47:40        all      0.37      0.00      0.25      0.00      5.69     93.70

13:47:38          tps      rtps      wtps      dtps   bread/s   bwrtn/s   bdscd/s
13:47:40         0.00      0.00      0.00      0.00      0.00      0.00      0.00

13:47:38    kbmemfree   kbavail kbmemused  %memused kbbuffers  kbcached  kbcommit   %commit  kbactive   kbinact   kbdirty
13:47:40      1610108   1654884    128432      6.32        20    164116    417072     20.54    132840    101428       236

13:47:40        CPU     %user     %nice   %system   %iowait    %steal     %idle
13:47:42        all      0.88      0.00      0.76      0.00      2.90     95.45

13:47:40          tps      rtps      wtps      dtps   bread/s   bwrtn/s   bdscd/s
13:47:42         0.00      0.00      0.00      0.00      0.00      0.00      0.00

13:47:40    kbmemfree   kbavail kbmemused  %memused kbbuffers  kbcached  kbcommit   %commit  kbactive   kbinact   kbdirty
13:47:42      1610076   1654852    128464      6.33        20    164116    417072     20.54    132840    101428       236

13:47:42        CPU     %user     %nice   %system   %iowait    %steal     %idle
13:47:44        all      0.13      0.00      0.26      0.00      1.41     98.21

13:47:42          tps      rtps      wtps      dtps   bread/s   bwrtn/s   bdscd/s
13:47:44         0.00      0.00      0.00      0.00      0.00      0.00      0.00

13:47:42    kbmemfree   kbavail kbmemused  %memused kbbuffers  kbcached  kbcommit   %commit  kbactive   kbinact   kbdirty
13:47:44      1610108   1654884    128432      6.32        20    164116    417072     20.54    132840    101428       236

13:47:44        CPU     %user     %nice   %system   %iowait    %steal     %idle
13:47:46        all      0.13      0.00      0.38      0.00      2.03     97.46

13:47:44          tps      rtps      wtps      dtps   bread/s   bwrtn/s   bdscd/s
13:47:46         0.00      0.00      0.00      0.00      0.00      0.00      0.00

13:47:44    kbmemfree   kbavail kbmemused  %memused kbbuffers  kbcached  kbcommit   %commit  kbactive   kbinact   kbdirty
13:47:46      1610108   1654884    128432      6.32        20    164116    417072     20.54    132840    101428       236

13:47:46        CPU     %user     %nice   %system   %iowait    %steal     %idle
13:47:48        all      0.36      0.00      1.21      1.21      6.79     90.42

13:47:46          tps      rtps      wtps      dtps   bread/s   bwrtn/s   bdscd/s
13:47:48        16.00      1.00     15.00      0.00     32.00   2472.00      0.00

13:47:46    kbmemfree   kbavail kbmemused  %memused kbbuffers  kbcached  kbcommit   %commit  kbactive   kbinact   kbdirty
13:47:48      1610108   1654944    128384      6.32        20    164164    417072     20.54    132916    101412        28

13:47:48        CPU     %user     %nice   %system   %iowait    %steal     %idle
13:47:50        all      0.13      0.00      0.13      0.00      0.90     98.85

13:47:48          tps      rtps      wtps      dtps   bread/s   bwrtn/s   bdscd/s
13:47:50         0.00      0.00      0.00      0.00      0.00      0.00      0.00

13:47:48    kbmemfree   kbavail kbmemused  %memused kbbuffers  kbcached  kbcommit   %commit  kbactive   kbinact   kbdirty
13:47:50      1610076   1654912    128412      6.32        20    164168    417072     20.54    132916    101412        32

13:47:50        CPU     %user     %nice   %system   %iowait    %steal     %idle
13:47:52        all      0.13      0.00      0.26      0.00      0.90     98.72

13:47:50          tps      rtps      wtps      dtps   bread/s   bwrtn/s   bdscd/s
13:47:52         0.00      0.00      0.00      0.00      0.00      0.00      0.00

13:47:50    kbmemfree   kbavail kbmemused  %memused kbbuffers  kbcached  kbcommit   %commit  kbactive   kbinact   kbdirty
13:47:52      1610140   1654976    128348      6.32        20    164168    417072     20.54    132916    101412        32

13:47:52        CPU     %user     %nice   %system   %iowait    %steal     %idle
13:47:54        all      0.13      0.00      0.00      0.00      0.64     99.23

13:47:52          tps      rtps      wtps      dtps   bread/s   bwrtn/s   bdscd/s
13:47:54         1.00      0.00      1.00      0.00      0.00     24.00      0.00

13:47:52    kbmemfree   kbavail kbmemused  %memused kbbuffers  kbcached  kbcommit   %commit  kbactive   kbinact   kbdirty
13:47:54      1610108   1654944    128376      6.32        20    164172    417072     20.54    132916    101412       156

13:47:54        CPU     %user     %nice   %system   %iowait    %steal     %idle
13:47:56        all      0.25      0.00      0.50      0.00      2.26     96.98

13:47:54          tps      rtps      wtps      dtps   bread/s   bwrtn/s   bdscd/s
13:47:56         0.00      0.00      0.00      0.00      0.00      0.00      0.00

13:47:54    kbmemfree   kbavail kbmemused  %memused kbbuffers  kbcached  kbcommit   %commit  kbactive   kbinact   kbdirty
13:47:56      1610108   1654944    128376      6.32        20    164172    417072     20.54    132916    101412       164

13:47:56        CPU     %user     %nice   %system   %iowait    %steal     %idle
13:47:58        all      0.13      0.00      0.13      0.00      2.16     97.59

13:47:56          tps      rtps      wtps      dtps   bread/s   bwrtn/s   bdscd/s
13:47:58         0.00      0.00      0.00      0.00      0.00      0.00      0.00

13:47:56    kbmemfree   kbavail kbmemused  %memused kbbuffers  kbcached  kbcommit   %commit  kbactive   kbinact   kbdirty
13:47:58      1610108   1654944    128372      6.32        20    164176    417072     20.54    132916    101412       168

13:47:58        CPU     %user     %nice   %system   %iowait    %steal     %idle
13:48:00        all      0.00      0.00      0.25      0.00      2.28     97.47

13:47:58          tps      rtps      wtps      dtps   bread/s   bwrtn/s   bdscd/s
13:48:00         0.00      0.00      0.00      0.00      0.00      0.00      0.00

13:47:58    kbmemfree   kbavail kbmemused  %memused kbbuffers  kbcached  kbcommit   %commit  kbactive   kbinact   kbdirty
13:48:00      1610140   1654976    128340      6.32        20    164176    417072     20.54    132916    101412       168

13:48:00        CPU     %user     %nice   %system   %iowait    %steal     %idle
13:48:02        all      4.44      0.00      3.43      0.00      8.76     83.38

13:48:00          tps      rtps      wtps      dtps   bread/s   bwrtn/s   bdscd/s
13:48:02         0.00      0.00      0.00      0.00      0.00      0.00      0.00

13:48:00    kbmemfree   kbavail kbmemused  %memused kbbuffers  kbcached  kbcommit   %commit  kbactive   kbinact   kbdirty
13:48:02      1610140   1654984    128336      6.32        20    164180    417072     20.54    132924    101412       172

13:48:02        CPU     %user     %nice   %system   %iowait    %steal     %idle
13:48:04        all      0.26      0.00      0.13      0.00      1.03     98.59

13:48:02          tps      rtps      wtps      dtps   bread/s   bwrtn/s   bdscd/s
13:48:04         0.50      0.00      0.50      0.00      0.00     16.08      0.00

13:48:02    kbmemfree   kbavail kbmemused  %memused kbbuffers  kbcached  kbcommit   %commit  kbactive   kbinact   kbdirty
13:48:04      1610140   1654984    128332      6.32        20    164184    417072     20.54    132924    101412       192

13:48:04        CPU     %user     %nice   %system   %iowait    %steal     %idle
13:48:06        all      0.25      0.00      0.13      0.00      3.14     96.48

13:48:04          tps      rtps      wtps      dtps   bread/s   bwrtn/s   bdscd/s
13:48:06         0.00      0.00      0.00      0.00      0.00      0.00      0.00

13:48:04    kbmemfree   kbavail kbmemused  %memused kbbuffers  kbcached  kbcommit   %commit  kbactive   kbinact   kbdirty
13:48:06      1610076   1654920    128396      6.32        20    164184    417072     20.54    132924    101412       196

13:48:06        CPU     %user     %nice   %system   %iowait    %steal     %idle
13:48:08        all      0.13      0.00      0.50      0.00      2.01     97.36

13:48:06          tps      rtps      wtps      dtps   bread/s   bwrtn/s   bdscd/s
13:48:08         0.00      0.00      0.00      0.00      0.00      0.00      0.00

13:48:06    kbmemfree   kbavail kbmemused  %memused kbbuffers  kbcached  kbcommit   %commit  kbactive   kbinact   kbdirty
13:48:08      1610140   1654988    128328      6.32        20    164188    417072     20.54    132928    101412       200

13:48:08        CPU     %user     %nice   %system   %iowait    %steal     %idle
13:48:10        all      0.25      0.00      0.13      0.00      1.88     97.74

13:48:08          tps      rtps      wtps      dtps   bread/s   bwrtn/s   bdscd/s
13:48:10         0.00      0.00      0.00      0.00      0.00      0.00      0.00

13:48:08    kbmemfree   kbavail kbmemused  %memused kbbuffers  kbcached  kbcommit   %commit  kbactive   kbinact   kbdirty
13:48:10      1610044   1654892    128424      6.32        20    164188    417072     20.54    132928    101412       200

13:48:10        CPU     %user     %nice   %system   %iowait    %steal     %idle
13:48:12        all      0.25      0.00      0.25      0.00      2.78     96.71

13:48:10          tps      rtps      wtps      dtps   bread/s   bwrtn/s   bdscd/s
13:48:12         0.00      0.00      0.00      0.00      0.00      0.00      0.00

13:48:10    kbmemfree   kbavail kbmemused  %memused kbbuffers  kbcached  kbcommit   %commit  kbactive   kbinact   kbdirty
13:48:12      1610108   1654956    128360      6.32        20    164188    417072     20.54    132928    101412       200

13:48:12        CPU     %user     %nice   %system   %iowait    %steal     %idle
13:48:14        all      0.13      0.00      0.50      0.00      2.65     96.72

13:48:12          tps      rtps      wtps      dtps   bread/s   bwrtn/s   bdscd/s
13:48:14         1.50      0.00      1.50      0.00      0.00     24.00      0.00

13:48:12    kbmemfree   kbavail kbmemused  %memused kbbuffers  kbcached  kbcommit   %commit  kbactive   kbinact   kbdirty
13:48:14      1610108   1654956    128360      6.32        20    164188    417072     20.54    132928    101412       204

13:48:14        CPU     %user     %nice   %system   %iowait    %steal     %idle
13:48:16        all      0.51      0.00      0.64      0.00      0.77     98.08

13:48:14          tps      rtps      wtps      dtps   bread/s   bwrtn/s   bdscd/s
13:48:16         0.00      0.00      0.00      0.00      0.00      0.00      0.00

13:48:14    kbmemfree   kbavail kbmemused  %memused kbbuffers  kbcached  kbcommit   %commit  kbactive   kbinact   kbdirty
13:48:16      1610140   1654988    128328      6.32        20    164188    417072     20.54    132928    101412       204

13:48:16        CPU     %user     %nice   %system   %iowait    %steal     %idle
13:48:18        all      0.51      0.00      0.13      0.00      1.40     97.96

13:48:16          tps      rtps      wtps      dtps   bread/s   bwrtn/s   bdscd/s
13:48:18         0.00      0.00      0.00      0.00      0.00      0.00      0.00

13:48:16    kbmemfree   kbavail kbmemused  %memused kbbuffers  kbcached  kbcommit   %commit  kbactive   kbinact   kbdirty
13:48:18      1610076   1654924    128388      6.32        20    164192    417072     20.54    132928    101412       208

Average:        CPU     %user     %nice   %system   %iowait    %steal     %idle
Average:        all      0.34      0.00      0.48      0.08      2.11     96.99

Average:          tps      rtps      wtps      dtps   bread/s   bwrtn/s   bdscd/s
Average:         1.06      0.06      1.00      0.00      1.81    130.25      0.00

Average:    kbmemfree   kbavail kbmemused  %memused kbbuffers  kbcached  kbcommit   %commit  kbactive   kbinact   kbdirty
Average:      1610729   1655156    128182      6.31        20    163763    417072     20.54    132504    101412       164
