Linux 5.4.0-86-generic (flexran) 	12/13/21 	_x86_64_	(4 CPU)

13:51:13        CPU     %user     %nice   %system   %iowait    %steal     %idle
13:51:15        all      0.26      0.00      0.00      0.00      0.26     99.48

13:51:13          tps      rtps      wtps      dtps   bread/s   bwrtn/s   bdscd/s
13:51:15         0.00      0.00      0.00      0.00      0.00      0.00      0.00

13:51:13    kbmemfree   kbavail kbmemused  %memused kbbuffers  kbcached  kbcommit   %commit  kbactive   kbinact   kbdirty
13:51:15      1610140   1655388    127944      6.30        20    164572    417072     20.54    133308    101344       200

13:51:15        CPU     %user     %nice   %system   %iowait    %steal     %idle
13:51:17        all      0.26      0.00      0.39      0.00      0.39     98.97

13:51:15          tps      rtps      wtps      dtps   bread/s   bwrtn/s   bdscd/s
13:51:17         0.00      0.00      0.00      0.00      0.00      0.00      0.00

13:51:15    kbmemfree   kbavail kbmemused  %memused kbbuffers  kbcached  kbcommit   %commit  kbactive   kbinact   kbdirty
13:51:17      1610140   1655388    127944      6.30        20    164572    417072     20.54    133308    101344       200

13:51:17        CPU     %user     %nice   %system   %iowait    %steal     %idle
13:51:19        all      0.00      0.00      0.13      0.00      1.79     98.08

13:51:17          tps      rtps      wtps      dtps   bread/s   bwrtn/s   bdscd/s
13:51:19         0.00      0.00      0.00      0.00      0.00      0.00      0.00

13:51:17    kbmemfree   kbavail kbmemused  %memused kbbuffers  kbcached  kbcommit   %commit  kbactive   kbinact   kbdirty
13:51:19      1610076   1655324    128008      6.30        20    164572    417072     20.54    133308    101344       200

13:51:19        CPU     %user     %nice   %system   %iowait    %steal     %idle
13:51:21        all      0.38      0.00      0.51      0.00      2.05     97.06

13:51:19          tps      rtps      wtps      dtps   bread/s   bwrtn/s   bdscd/s
13:51:21         0.00      0.00      0.00      0.00      0.00      0.00      0.00

13:51:19    kbmemfree   kbavail kbmemused  %memused kbbuffers  kbcached  kbcommit   %commit  kbactive   kbinact   kbdirty
13:51:21      1610140   1655392    127940      6.30        20    164576    417072     20.54    133312    101344       204

13:51:21        CPU     %user     %nice   %system   %iowait    %steal     %idle
13:51:23        all      0.51      0.00      0.64      4.10      1.79     92.95

13:51:21          tps      rtps      wtps      dtps   bread/s   bwrtn/s   bdscd/s
13:51:23         1.50      1.50      0.00      0.00     28.00      0.00      0.00

13:51:21    kbmemfree   kbavail kbmemused  %memused kbbuffers  kbcached  kbcommit   %commit  kbactive   kbinact   kbdirty
13:51:23      1610100   1655384    127948      6.30        20    164608    419556     20.66    133428    101356       204

13:51:23        CPU     %user     %nice   %system   %iowait    %steal     %idle
13:51:25        all     78.48      0.00      4.30      2.28      3.04     11.90

13:51:23          tps      rtps      wtps      dtps   bread/s   bwrtn/s   bdscd/s
13:51:25         7.00      4.50      2.50      0.00    128.00     72.00      0.00

13:51:23    kbmemfree   kbavail kbmemused  %memused kbbuffers  kbcached  kbcommit   %commit  kbactive   kbinact   kbdirty
13:51:25      1605988   1651456    129664      6.39        20    166944    557300     27.44    135952    103560       488

13:51:25        CPU     %user     %nice   %system   %iowait    %steal     %idle
13:51:27        all     94.93      0.00      3.68      0.00      1.39      0.00

13:51:25          tps      rtps      wtps      dtps   bread/s   bwrtn/s   bdscd/s
13:51:27        14.50      0.00     14.50      0.00      0.00   2504.00      0.00

13:51:25    kbmemfree   kbavail kbmemused  %memused kbbuffers  kbcached  kbcommit   %commit  kbactive   kbinact   kbdirty
13:51:27      1594640   1640128    140988      6.94        20    166960    557300     27.44    147684    103464       280

13:51:27        CPU     %user     %nice   %system   %iowait    %steal     %idle
13:51:29        all     94.17      0.00      2.28      0.00      3.55      0.00

13:51:27          tps      rtps      wtps      dtps   bread/s   bwrtn/s   bdscd/s
13:51:29         1.00      0.00      1.00      0.00      0.00     28.00      0.00

13:51:27    kbmemfree   kbavail kbmemused  %memused kbbuffers  kbcached  kbcommit   %commit  kbactive   kbinact   kbdirty
13:51:29      1594672   1640160    140956      6.94        20    166960    557300     27.44    147684    103464       404

13:51:29        CPU     %user     %nice   %system   %iowait    %steal     %idle
13:51:31        all     95.45      0.00      2.15      0.00      2.40      0.00

13:51:29          tps      rtps      wtps      dtps   bread/s   bwrtn/s   bdscd/s
13:51:31         0.00      0.00      0.00      0.00      0.00      0.00      0.00

13:51:29    kbmemfree   kbavail kbmemused  %memused kbbuffers  kbcached  kbcommit   %commit  kbactive   kbinact   kbdirty
13:51:31      1594672   1640164    140952      6.94        20    166964    557300     27.44    147688    103464       408

13:51:31        CPU     %user     %nice   %system   %iowait    %steal     %idle
13:51:33        all     97.41      0.00      1.94      0.00      0.65      0.00

13:51:31          tps      rtps      wtps      dtps   bread/s   bwrtn/s   bdscd/s
13:51:33         0.00      0.00      0.00      0.00      0.00      0.00      0.00

13:51:31    kbmemfree   kbavail kbmemused  %memused kbbuffers  kbcached  kbcommit   %commit  kbactive   kbinact   kbdirty
13:51:33      1594640   1640132    140984      6.94        20    166964    557300     27.44    147688    103464       408

13:51:33        CPU     %user     %nice   %system   %iowait    %steal     %idle
13:51:35        all     96.10      0.00      2.14      0.00      1.76      0.00

13:51:33          tps      rtps      wtps      dtps   bread/s   bwrtn/s   bdscd/s
13:51:35         0.00      0.00      0.00      0.00      0.00      0.00      0.00

13:51:33    kbmemfree   kbavail kbmemused  %memused kbbuffers  kbcached  kbcommit   %commit  kbactive   kbinact   kbdirty
13:51:35      1594640   1640132    140984      6.94        20    166964    557300     27.44    147688    103464       408

13:51:35        CPU     %user     %nice   %system   %iowait    %steal     %idle
13:51:37        all     91.41      0.00      2.31      0.00      6.28      0.00

13:51:35          tps      rtps      wtps      dtps   bread/s   bwrtn/s   bdscd/s
13:51:37         0.00      0.00      0.00      0.00      0.00      0.00      0.00

13:51:35    kbmemfree   kbavail kbmemused  %memused kbbuffers  kbcached  kbcommit   %commit  kbactive   kbinact   kbdirty
13:51:37      1594608   1640100    141016      6.94        20    166964    557300     27.44    147688    103464       408

13:51:37        CPU     %user     %nice   %system   %iowait    %steal     %idle
13:51:39        all     94.23      0.00      2.56      0.00      3.21      0.00

13:51:37          tps      rtps      wtps      dtps   bread/s   bwrtn/s   bdscd/s
13:51:39         0.00      0.00      0.00      0.00      0.00      0.00      0.00

13:51:37    kbmemfree   kbavail kbmemused  %memused kbbuffers  kbcached  kbcommit   %commit  kbactive   kbinact   kbdirty
13:51:39      1594608   1640104    141008      6.94        20    166972    557300     27.44    147688    103468       416

13:51:39        CPU     %user     %nice   %system   %iowait    %steal     %idle
13:51:41        all     94.92      0.00      2.08      0.00      2.99      0.00

13:51:39          tps      rtps      wtps      dtps   bread/s   bwrtn/s   bdscd/s
13:51:41         0.00      0.00      0.00      0.00      0.00      0.00      0.00

13:51:39    kbmemfree   kbavail kbmemused  %memused kbbuffers  kbcached  kbcommit   %commit  kbactive   kbinact   kbdirty
13:51:41      1594608   1640104    141008      6.94        20    166972    557300     27.44    147692    103464       416

13:51:41        CPU     %user     %nice   %system   %iowait    %steal     %idle
13:51:43        all     93.56      0.00      2.69      0.00      3.74      0.00

13:51:41          tps      rtps      wtps      dtps   bread/s   bwrtn/s   bdscd/s
13:51:43         0.00      0.00      0.00      0.00      0.00      0.00      0.00

13:51:41    kbmemfree   kbavail kbmemused  %memused kbbuffers  kbcached  kbcommit   %commit  kbactive   kbinact   kbdirty
13:51:43      1594640   1640136    140976      6.94        20    166972    557300     27.44    147692    103464       416

13:51:43        CPU     %user     %nice   %system   %iowait    %steal     %idle
13:51:45        all     96.11      0.00      2.28      0.00      1.48      0.13

13:51:43          tps      rtps      wtps      dtps   bread/s   bwrtn/s   bdscd/s
13:51:45         0.00      0.00      0.00      0.00      0.00      0.00      0.00

13:51:43    kbmemfree   kbavail kbmemused  %memused kbbuffers  kbcached  kbcommit   %commit  kbactive   kbinact   kbdirty
13:51:45      1594640   1640136    140968      6.94        20    166980    557300     27.44    147692    103464       424

13:51:45        CPU     %user     %nice   %system   %iowait    %steal     %idle
13:51:47        all     95.59      0.00      1.51      0.00      2.90      0.00

13:51:45          tps      rtps      wtps      dtps   bread/s   bwrtn/s   bdscd/s
13:51:47         0.00      0.00      0.00      0.00      0.00      0.00      0.00

13:51:45    kbmemfree   kbavail kbmemused  %memused kbbuffers  kbcached  kbcommit   %commit  kbactive   kbinact   kbdirty
13:51:47      1594608   1640104    141000      6.94        20    166980    557300     27.44    147692    103464       424

13:51:47        CPU     %user     %nice   %system   %iowait    %steal     %idle
13:51:49        all     94.53      0.00      2.93      0.00      2.53      0.00

13:51:47          tps      rtps      wtps      dtps   bread/s   bwrtn/s   bdscd/s
13:51:49         0.50      0.00      0.50      0.00      0.00     12.00      0.00

13:51:47    kbmemfree   kbavail kbmemused  %memused kbbuffers  kbcached  kbcommit   %commit  kbactive   kbinact   kbdirty
13:51:49      1594672   1640168    140936      6.94        20    166980    557300     27.44    147692    103464       444

13:51:49        CPU     %user     %nice   %system   %iowait    %steal     %idle
13:51:51        all     95.05      0.00      2.77      0.00      2.18      0.00

13:51:49          tps      rtps      wtps      dtps   bread/s   bwrtn/s   bdscd/s
13:51:51         0.00      0.00      0.00      0.00      0.00      0.00      0.00

13:51:49    kbmemfree   kbavail kbmemused  %memused kbbuffers  kbcached  kbcommit   %commit  kbactive   kbinact   kbdirty
13:51:51      1594608   1640104    141000      6.94        20    166980    557300     27.44    147692    103464       448

13:51:51        CPU     %user     %nice   %system   %iowait    %steal     %idle
13:51:53        all     92.70      0.00      3.28      0.00      4.01      0.00

13:51:51          tps      rtps      wtps      dtps   bread/s   bwrtn/s   bdscd/s
13:51:53         0.00      0.00      0.00      0.00      0.00      0.00      0.00

13:51:51    kbmemfree   kbavail kbmemused  %memused kbbuffers  kbcached  kbcommit   %commit  kbactive   kbinact   kbdirty
13:51:53      1594640   1640140    140964      6.94        20    166984    557300     27.44    147696    103464       452

13:51:53        CPU     %user     %nice   %system   %iowait    %steal     %idle
13:51:56        all     94.15      0.00      2.34      0.00      3.51      0.00

13:51:53          tps      rtps      wtps      dtps   bread/s   bwrtn/s   bdscd/s
13:51:56         0.00      0.00      0.00      0.00      0.00      0.00      0.00

13:51:53    kbmemfree   kbavail kbmemused  %memused kbbuffers  kbcached  kbcommit   %commit  kbactive   kbinact   kbdirty
13:51:56      1594672   1640172    140932      6.94        20    166984    557300     27.44    147696    103464       452

13:51:56        CPU     %user     %nice   %system   %iowait    %steal     %idle
13:51:58        all     95.88      0.00      2.21      0.00      1.91      0.00

13:51:56          tps      rtps      wtps      dtps   bread/s   bwrtn/s   bdscd/s
13:51:58         0.00      0.00      0.00      0.00      0.00      0.00      0.00

13:51:56    kbmemfree   kbavail kbmemused  %memused kbbuffers  kbcached  kbcommit   %commit  kbactive   kbinact   kbdirty
13:51:58      1594640   1640140    140964      6.94        20    166984    557300     27.44    147696    103464       452

13:51:58        CPU     %user     %nice   %system   %iowait    %steal     %idle
13:52:00        all     94.52      0.00      3.01      0.00      2.47      0.00

13:51:58          tps      rtps      wtps      dtps   bread/s   bwrtn/s   bdscd/s
13:52:00        38.38      0.00     38.38      0.00      0.00   2634.34      0.00

13:51:58    kbmemfree   kbavail kbmemused  %memused kbbuffers  kbcached  kbcommit   %commit  kbactive   kbinact   kbdirty
13:52:00      1594448   1640000    140972      6.94        20    167040    557300     27.44    147752    103480       280

13:52:00        CPU     %user     %nice   %system   %iowait    %steal     %idle
13:52:02        all     97.82      0.00      1.41      0.00      0.77      0.00

13:52:00          tps      rtps      wtps      dtps   bread/s   bwrtn/s   bdscd/s
13:52:02         0.00      0.00      0.00      0.00      0.00      0.00      0.00

13:52:00    kbmemfree   kbavail kbmemused  %memused kbbuffers  kbcached  kbcommit   %commit  kbactive   kbinact   kbdirty
13:52:02      1594512   1640064    140908      6.94        20    167040    557300     27.44    147752    103480       280

13:52:02        CPU     %user     %nice   %system   %iowait    %steal     %idle
13:52:04        all     97.08      0.00      1.90      0.00      1.01      0.00

13:52:02          tps      rtps      wtps      dtps   bread/s   bwrtn/s   bdscd/s
13:52:04         0.00      0.00      0.00      0.00      0.00      0.00      0.00

13:52:02    kbmemfree   kbavail kbmemused  %memused kbbuffers  kbcached  kbcommit   %commit  kbactive   kbinact   kbdirty
13:52:04      1594544   1640096    140876      6.94        20    167040    557300     27.44    147752    103480       280

13:52:04        CPU     %user     %nice   %system   %iowait    %steal     %idle
13:52:06        all     96.65      0.00      1.88      0.00      1.47      0.00

13:52:04          tps      rtps      wtps      dtps   bread/s   bwrtn/s   bdscd/s
13:52:06         1.01      0.00      1.01      0.00      0.00     12.06      0.00

13:52:04    kbmemfree   kbavail kbmemused  %memused kbbuffers  kbcached  kbcommit   %commit  kbactive   kbinact   kbdirty
13:52:06      1594512   1640064    140908      6.94        20    167040    557300     27.44    147752    103480       364

13:52:06        CPU     %user     %nice   %system   %iowait    %steal     %idle
13:52:08        all     87.14      0.00      3.84      0.00      9.02      0.00

13:52:06          tps      rtps      wtps      dtps   bread/s   bwrtn/s   bdscd/s
13:52:08         0.00      0.00      0.00      0.00      0.00      0.00      0.00

13:52:06    kbmemfree   kbavail kbmemused  %memused kbbuffers  kbcached  kbcommit   %commit  kbactive   kbinact   kbdirty
13:52:08      1594512   1640064    140908      6.94        20    167040    557300     27.44    147752    103480       368

13:52:08        CPU     %user     %nice   %system   %iowait    %steal     %idle
13:52:10        all     94.05      0.00      2.29      0.00      3.66      0.00

13:52:08          tps      rtps      wtps      dtps   bread/s   bwrtn/s   bdscd/s
13:52:10         0.00      0.00      0.00      0.00      0.00      0.00      0.00

13:52:08    kbmemfree   kbavail kbmemused  %memused kbbuffers  kbcached  kbcommit   %commit  kbactive   kbinact   kbdirty
13:52:10      1594480   1640036    140936      6.94        20    167044    557300     27.44    147756    103480       372

13:52:10        CPU     %user     %nice   %system   %iowait    %steal     %idle
13:52:12        all     98.72      0.00      0.38      0.00      0.90      0.00

13:52:10          tps      rtps      wtps      dtps   bread/s   bwrtn/s   bdscd/s
13:52:12         0.00      0.00      0.00      0.00      0.00      0.00      0.00

13:52:10    kbmemfree   kbavail kbmemused  %memused kbbuffers  kbcached  kbcommit   %commit  kbactive   kbinact   kbdirty
13:52:12      1594512   1640068    140904      6.94        20    167044    557300     27.44    147756    103480       372

13:52:12        CPU     %user     %nice   %system   %iowait    %steal     %idle
13:52:14        all     95.54      0.00      1.66      0.00      2.80      0.00

13:52:12          tps      rtps      wtps      dtps   bread/s   bwrtn/s   bdscd/s
13:52:14         0.00      0.00      0.00      0.00      0.00      0.00      0.00

13:52:12    kbmemfree   kbavail kbmemused  %memused kbbuffers  kbcached  kbcommit   %commit  kbactive   kbinact   kbdirty
13:52:14      1594544   1640100    140864      6.94        20    167052    557300     27.44    147756    103480       380

13:52:14        CPU     %user     %nice   %system   %iowait    %steal     %idle
13:52:16        all     86.89      0.00      6.75      0.00      6.36      0.00

13:52:14          tps      rtps      wtps      dtps   bread/s   bwrtn/s   bdscd/s
13:52:16         0.00      0.00      0.00      0.00      0.00      0.00      0.00

13:52:14    kbmemfree   kbavail kbmemused  %memused kbbuffers  kbcached  kbcommit   %commit  kbactive   kbinact   kbdirty
13:52:16      1594512   1640068    140896      6.94        20    167052    557300     27.44    147776    103480       380

13:52:16        CPU     %user     %nice   %system   %iowait    %steal     %idle
13:52:18        all     94.99      0.00      2.01      0.00      3.01      0.00

13:52:16          tps      rtps      wtps      dtps   bread/s   bwrtn/s   bdscd/s
13:52:18         0.00      0.00      0.00      0.00      0.00      0.00      0.00

13:52:16    kbmemfree   kbavail kbmemused  %memused kbbuffers  kbcached  kbcommit   %commit  kbactive   kbinact   kbdirty
13:52:18      1594512   1640068    140896      6.94        20    167052    557300     27.44    147776    103480       380

13:52:18        CPU     %user     %nice   %system   %iowait    %steal     %idle
13:52:20        all     97.33      0.00      1.15      0.00      1.53      0.00

13:52:18          tps      rtps      wtps      dtps   bread/s   bwrtn/s   bdscd/s
13:52:20         0.00      0.00      0.00      0.00      0.00      0.00      0.00

13:52:18    kbmemfree   kbavail kbmemused  %memused kbbuffers  kbcached  kbcommit   %commit  kbactive   kbinact   kbdirty
13:52:20      1594512   1640068    140896      6.94        20    167052    557300     27.44    147776    103480       380

13:52:20        CPU     %user     %nice   %system   %iowait    %steal     %idle
13:52:22        all     93.61      0.00      2.22      0.00      4.17      0.00

13:52:20          tps      rtps      wtps      dtps   bread/s   bwrtn/s   bdscd/s
13:52:22         0.00      0.00      0.00      0.00      0.00      0.00      0.00

13:52:20    kbmemfree   kbavail kbmemused  %memused kbbuffers  kbcached  kbcommit   %commit  kbactive   kbinact   kbdirty
13:52:22      1594480   1640036    140928      6.94        20    167052    557300     27.44    147776    103480       380

13:52:22        CPU     %user     %nice   %system   %iowait    %steal     %idle
13:52:24        all     93.62      0.00      1.00      0.00      5.38      0.00

13:52:22          tps      rtps      wtps      dtps   bread/s   bwrtn/s   bdscd/s
13:52:24         0.00      0.00      0.00      0.00      0.00      0.00      0.00

13:52:22    kbmemfree   kbavail kbmemused  %memused kbbuffers  kbcached  kbcommit   %commit  kbactive   kbinact   kbdirty
13:52:24      1594512   1640068    140892      6.94        20    167056    557300     27.44    147776    103480       384

13:52:24        CPU     %user     %nice   %system   %iowait    %steal     %idle
13:52:26        all     93.05      0.00      2.15      0.00      4.80      0.00

13:52:24          tps      rtps      wtps      dtps   bread/s   bwrtn/s   bdscd/s
13:52:26         2.50      0.00      2.50      0.00      0.00     32.00      0.00

13:52:24    kbmemfree   kbavail kbmemused  %memused kbbuffers  kbcached  kbcommit   %commit  kbactive   kbinact   kbdirty
13:52:26      1594512   1640068    140892      6.94        20    167056    557300     27.44    147776    103480       436

13:52:26        CPU     %user     %nice   %system   %iowait    %steal     %idle
13:52:28        all     92.92      0.00      3.34      0.00      3.74      0.00

13:52:26          tps      rtps      wtps      dtps   bread/s   bwrtn/s   bdscd/s
13:52:28         0.00      0.00      0.00      0.00      0.00      0.00      0.00

13:52:26    kbmemfree   kbavail kbmemused  %memused kbbuffers  kbcached  kbcommit   %commit  kbactive   kbinact   kbdirty
13:52:28      1594512   1640068    140888      6.94        20    167060    557300     27.44    147776    103480       448

13:52:28        CPU     %user     %nice   %system   %iowait    %steal     %idle
13:52:30        all     95.71      0.00      2.53      0.00      1.77      0.00

13:52:28          tps      rtps      wtps      dtps   bread/s   bwrtn/s   bdscd/s
13:52:30        16.00      2.00     14.00      0.00     64.00   3976.00      0.00

13:52:28    kbmemfree   kbavail kbmemused  %memused kbbuffers  kbcached  kbcommit   %commit  kbactive   kbinact   kbdirty
13:52:30      1594260   1639960    140996      6.94        20    167204    557300     27.44    148256    103144        16

13:52:30        CPU     %user     %nice   %system   %iowait    %steal     %idle
13:52:32        all     95.50      0.00      1.67      0.00      2.83      0.00

13:52:30          tps      rtps      wtps      dtps   bread/s   bwrtn/s   bdscd/s
13:52:32         0.00      0.00      0.00      0.00      0.00      0.00      0.00

13:52:30    kbmemfree   kbavail kbmemused  %memused kbbuffers  kbcached  kbcommit   %commit  kbactive   kbinact   kbdirty
13:52:32      1594260   1639960    140996      6.94        20    167204    557300     27.44    148256    103144        16

13:52:32        CPU     %user     %nice   %system   %iowait    %steal     %idle
13:52:34        all     94.31      0.00      1.94      0.00      3.75      0.00

13:52:32          tps      rtps      wtps      dtps   bread/s   bwrtn/s   bdscd/s
13:52:34         0.00      0.00      0.00      0.00      0.00      0.00      0.00

13:52:32    kbmemfree   kbavail kbmemused  %memused kbbuffers  kbcached  kbcommit   %commit  kbactive   kbinact   kbdirty
13:52:34      1594228   1639928    141028      6.94        20    167204    557300     27.44    148256    103144        16

13:52:34        CPU     %user     %nice   %system   %iowait    %steal     %idle
13:52:36        all     96.65      0.00      2.19      0.00      1.16      0.00

13:52:34          tps      rtps      wtps      dtps   bread/s   bwrtn/s   bdscd/s
13:52:36         0.00      0.00      0.00      0.00      0.00      0.00      0.00

13:52:34    kbmemfree   kbavail kbmemused  %memused kbbuffers  kbcached  kbcommit   %commit  kbactive   kbinact   kbdirty
13:52:36      1594260   1639960    140992      6.94        20    167208    557300     27.44    148256    103144        20

13:52:36        CPU     %user     %nice   %system   %iowait    %steal     %idle
13:52:38        all     97.55      0.00      1.42      0.00      1.03      0.00

13:52:36          tps      rtps      wtps      dtps   bread/s   bwrtn/s   bdscd/s
13:52:38         0.00      0.00      0.00      0.00      0.00      0.00      0.00

13:52:36    kbmemfree   kbavail kbmemused  %memused kbbuffers  kbcached  kbcommit   %commit  kbactive   kbinact   kbdirty
13:52:38      1594196   1639896    141056      6.95        20    167208    557300     27.44    148256    103144        20

13:52:38        CPU     %user     %nice   %system   %iowait    %steal     %idle
13:52:40        all     93.61      0.00      2.48      0.00      3.91      0.00

13:52:38          tps      rtps      wtps      dtps   bread/s   bwrtn/s   bdscd/s
13:52:40         0.00      0.00      0.00      0.00      0.00      0.00      0.00

13:52:38    kbmemfree   kbavail kbmemused  %memused kbbuffers  kbcached  kbcommit   %commit  kbactive   kbinact   kbdirty
13:52:40      1594260   1639960    140988      6.94        20    167212    557300     27.44    148256    103144        24

13:52:40        CPU     %user     %nice   %system   %iowait    %steal     %idle
13:52:42        all     96.52      0.00      1.68      0.00      1.81      0.00

13:52:40          tps      rtps      wtps      dtps   bread/s   bwrtn/s   bdscd/s
13:52:42         0.00      0.00      0.00      0.00      0.00      0.00      0.00

13:52:40    kbmemfree   kbavail kbmemused  %memused kbbuffers  kbcached  kbcommit   %commit  kbactive   kbinact   kbdirty
13:52:42      1594260   1639960    140984      6.94        20    167216    557300     27.44    148256    103144        28

13:52:42        CPU     %user     %nice   %system   %iowait    %steal     %idle
13:52:44        all     96.27      0.00      2.06      0.00      1.67      0.00

13:52:42          tps      rtps      wtps      dtps   bread/s   bwrtn/s   bdscd/s
13:52:44         0.00      0.00      0.00      0.00      0.00      0.00      0.00

13:52:42    kbmemfree   kbavail kbmemused  %memused kbbuffers  kbcached  kbcommit   %commit  kbactive   kbinact   kbdirty
13:52:44      1594292   1639992    140952      6.94        20    167216    557300     27.44    148256    103144        28

13:52:44        CPU     %user     %nice   %system   %iowait    %steal     %idle
13:52:46        all     91.24      0.00      3.09      0.00      5.67      0.00

13:52:44          tps      rtps      wtps      dtps   bread/s   bwrtn/s   bdscd/s
13:52:46         0.00      0.00      0.00      0.00      0.00      0.00      0.00

13:52:44    kbmemfree   kbavail kbmemused  %memused kbbuffers  kbcached  kbcommit   %commit  kbactive   kbinact   kbdirty
13:52:46      1594228   1639928    141016      6.94        20    167216    557300     27.44    148256    103144        28

13:52:46        CPU     %user     %nice   %system   %iowait    %steal     %idle
13:52:48        all     93.40      0.00      1.94      0.00      4.66      0.00

13:52:46          tps      rtps      wtps      dtps   bread/s   bwrtn/s   bdscd/s
13:52:48         0.00      0.00      0.00      0.00      0.00      0.00      0.00

13:52:46    kbmemfree   kbavail kbmemused  %memused kbbuffers  kbcached  kbcommit   %commit  kbactive   kbinact   kbdirty
13:52:48      1594228   1639928    141016      6.94        20    167216    557300     27.44    148256    103144        28

13:52:48        CPU     %user     %nice   %system   %iowait    %steal     %idle
13:52:50        all     96.89      0.00      2.20      0.00      0.91      0.00

13:52:48          tps      rtps      wtps      dtps   bread/s   bwrtn/s   bdscd/s
13:52:50         0.00      0.00      0.00      0.00      0.00      0.00      0.00

13:52:48    kbmemfree   kbavail kbmemused  %memused kbbuffers  kbcached  kbcommit   %commit  kbactive   kbinact   kbdirty
13:52:50      1594228   1639928    141016      6.94        20    167216    557300     27.44    148256    103144        28

13:52:50        CPU     %user     %nice   %system   %iowait    %steal     %idle
13:52:52        all     94.74      0.00      2.38      0.00      2.88      0.00

13:52:50          tps      rtps      wtps      dtps   bread/s   bwrtn/s   bdscd/s
13:52:52         0.00      0.00      0.00      0.00      0.00      0.00      0.00

13:52:50    kbmemfree   kbavail kbmemused  %memused kbbuffers  kbcached  kbcommit   %commit  kbactive   kbinact   kbdirty
13:52:52      1594260   1639960    140984      6.94        20    167216    557300     27.44    148256    103144        28

13:52:52        CPU     %user     %nice   %system   %iowait    %steal     %idle
13:52:54        all     94.84      0.00      1.89      0.00      3.27      0.00

13:52:52          tps      rtps      wtps      dtps   bread/s   bwrtn/s   bdscd/s
13:52:54         0.00      0.00      0.00      0.00      0.00      0.00      0.00

13:52:52    kbmemfree   kbavail kbmemused  %memused kbbuffers  kbcached  kbcommit   %commit  kbactive   kbinact   kbdirty
13:52:54      1594292   1639992    140948      6.94        20    167220    557300     27.44    148256    103144        32

13:52:54        CPU     %user     %nice   %system   %iowait    %steal     %idle
13:52:56        all     95.91      0.00      2.17      0.00      1.92      0.00

13:52:54          tps      rtps      wtps      dtps   bread/s   bwrtn/s   bdscd/s
13:52:56         0.50      0.00      0.50      0.00      0.00     12.00      0.00

13:52:54    kbmemfree   kbavail kbmemused  %memused kbbuffers  kbcached  kbcommit   %commit  kbactive   kbinact   kbdirty
13:52:56      1594292   1639992    140944      6.94        20    167224    557300     27.44    148288    103112       124

13:52:56        CPU     %user     %nice   %system   %iowait    %steal     %idle
13:52:58        all     97.22      0.00      2.15      0.00      0.63      0.00

13:52:56          tps      rtps      wtps      dtps   bread/s   bwrtn/s   bdscd/s
13:52:58         0.00      0.00      0.00      0.00      0.00      0.00      0.00

13:52:56    kbmemfree   kbavail kbmemused  %memused kbbuffers  kbcached  kbcommit   %commit  kbactive   kbinact   kbdirty
13:52:58      1594260   1639960    140972      6.94        20    167228    557300     27.44    148288    103112       128

13:52:58        CPU     %user     %nice   %system   %iowait    %steal     %idle
13:53:00        all     96.90      0.00      2.45      0.00      0.65      0.00

13:52:58          tps      rtps      wtps      dtps   bread/s   bwrtn/s   bdscd/s
13:53:00         0.00      0.00      0.00      0.00      0.00      0.00      0.00

13:52:58    kbmemfree   kbavail kbmemused  %memused kbbuffers  kbcached  kbcommit   %commit  kbactive   kbinact   kbdirty
13:53:00      1594324   1640024    140904      6.94        20    167232    557300     27.44    148288    103112       132

13:53:00        CPU     %user     %nice   %system   %iowait    %steal     %idle
13:53:02        all     96.27      0.00      2.93      0.00      0.80      0.00

13:53:00          tps      rtps      wtps      dtps   bread/s   bwrtn/s   bdscd/s
13:53:02         1.01      0.00      1.01      0.00      0.00     28.14      0.00

13:53:00    kbmemfree   kbavail kbmemused  %memused kbbuffers  kbcached  kbcommit   %commit  kbactive   kbinact   kbdirty
13:53:02      1593976   1639708    141204      6.95        20    167280    557300     27.44    148304    103128       184

13:53:02        CPU     %user     %nice   %system   %iowait    %steal     %idle
13:53:04        all     90.97      0.00      2.54      0.00      6.49      0.00

13:53:02          tps      rtps      wtps      dtps   bread/s   bwrtn/s   bdscd/s
13:53:04         0.00      0.00      0.00      0.00      0.00      0.00      0.00

13:53:02    kbmemfree   kbavail kbmemused  %memused kbbuffers  kbcached  kbcommit   %commit  kbactive   kbinact   kbdirty
13:53:04      1593976   1639708    141204      6.95        20    167280    557300     27.44    148304    103128       192

13:53:04        CPU     %user     %nice   %system   %iowait    %steal     %idle
13:53:06        all     82.24      0.00      2.80      0.00     14.95      0.00

13:53:04          tps      rtps      wtps      dtps   bread/s   bwrtn/s   bdscd/s
13:53:06         0.00      0.00      0.00      0.00      0.00      0.00      0.00

13:53:04    kbmemfree   kbavail kbmemused  %memused kbbuffers  kbcached  kbcommit   %commit  kbactive   kbinact   kbdirty
13:53:06      1593976   1639708    141204      6.95        20    167280    557300     27.44    148304    103128       192

13:53:06        CPU     %user     %nice   %system   %iowait    %steal     %idle
13:53:08        all     93.75      0.00      2.84      0.00      3.41      0.00

13:53:06          tps      rtps      wtps      dtps   bread/s   bwrtn/s   bdscd/s
13:53:08         0.00      0.00      0.00      0.00      0.00      0.00      0.00

13:53:06    kbmemfree   kbavail kbmemused  %memused kbbuffers  kbcached  kbcommit   %commit  kbactive   kbinact   kbdirty
13:53:08      1594008   1639740    141168      6.95        20    167284    557300     27.44    148304    103128       196

13:53:08        CPU     %user     %nice   %system   %iowait    %steal     %idle
13:53:10        all     94.63      0.00      1.84      0.00      3.53      0.00

13:53:08          tps      rtps      wtps      dtps   bread/s   bwrtn/s   bdscd/s
13:53:10         0.00      0.00      0.00      0.00      0.00      0.00      0.00

13:53:08    kbmemfree   kbavail kbmemused  %memused kbbuffers  kbcached  kbcommit   %commit  kbactive   kbinact   kbdirty
13:53:10      1594040   1639772    141136      6.95        20    167284    557300     27.44    148304    103128       196

13:53:10        CPU     %user     %nice   %system   %iowait    %steal     %idle
13:53:12        all     95.92      0.00      1.66      0.00      2.42      0.00

13:53:10          tps      rtps      wtps      dtps   bread/s   bwrtn/s   bdscd/s
13:53:12         0.00      0.00      0.00      0.00      0.00      0.00      0.00

13:53:10    kbmemfree   kbavail kbmemused  %memused kbbuffers  kbcached  kbcommit   %commit  kbactive   kbinact   kbdirty
13:53:12      1593976   1639708    141196      6.95        20    167288    557300     27.44    148304    103128       200

13:53:12        CPU     %user     %nice   %system   %iowait    %steal     %idle
13:53:14        all     95.95      0.00      1.83      0.00      2.22      0.00

13:53:12          tps      rtps      wtps      dtps   bread/s   bwrtn/s   bdscd/s
13:53:14         0.00      0.00      0.00      0.00      0.00      0.00      0.00

13:53:12    kbmemfree   kbavail kbmemused  %memused kbbuffers  kbcached  kbcommit   %commit  kbactive   kbinact   kbdirty
13:53:14      1594040   1639772    141132      6.95        20    167288    557300     27.44    148304    103128       200

13:53:14        CPU     %user     %nice   %system   %iowait    %steal     %idle
13:53:16        all     95.21      0.00      1.39      0.00      3.40      0.00

13:53:14          tps      rtps      wtps      dtps   bread/s   bwrtn/s   bdscd/s
13:53:16         0.00      0.00      0.00      0.00      0.00      0.00      0.00

13:53:14    kbmemfree   kbavail kbmemused  %memused kbbuffers  kbcached  kbcommit   %commit  kbactive   kbinact   kbdirty
13:53:16      1594040   1639772    141128      6.95        20    167292    557300     27.44    148304    103128       204

13:53:16        CPU     %user     %nice   %system   %iowait    %steal     %idle
13:53:18        all     96.08      0.00      2.02      0.00      1.90      0.00

13:53:16          tps      rtps      wtps      dtps   bread/s   bwrtn/s   bdscd/s
13:53:18         0.00      0.00      0.00      0.00      0.00      0.00      0.00

13:53:16    kbmemfree   kbavail kbmemused  %memused kbbuffers  kbcached  kbcommit   %commit  kbactive   kbinact   kbdirty
13:53:18      1593976   1639708    141192      6.95        20    167292    557300     27.44    148304    103128       204

13:53:18        CPU     %user     %nice   %system   %iowait    %steal     %idle
13:53:20        all     95.82      0.00      2.03      0.00      2.15      0.00

13:53:18          tps      rtps      wtps      dtps   bread/s   bwrtn/s   bdscd/s
13:53:20         0.00      0.00      0.00      0.00      0.00      0.00      0.00

13:53:18    kbmemfree   kbavail kbmemused  %memused kbbuffers  kbcached  kbcommit   %commit  kbactive   kbinact   kbdirty
13:53:20      1594008   1639740    141160      6.95        20    167292    557300     27.44    148304    103128       204

13:53:20        CPU     %user     %nice   %system   %iowait    %steal     %idle
13:53:22        all     95.28      0.00      2.04      0.00      2.68      0.00

13:53:20          tps      rtps      wtps      dtps   bread/s   bwrtn/s   bdscd/s
13:53:22         0.00      0.00      0.00      0.00      0.00      0.00      0.00

13:53:20    kbmemfree   kbavail kbmemused  %memused kbbuffers  kbcached  kbcommit   %commit  kbactive   kbinact   kbdirty
13:53:22      1594008   1639740    141156      6.95        20    167296    557300     27.44    148304    103128       208

13:53:22        CPU     %user     %nice   %system   %iowait    %steal     %idle
13:53:24        all     96.07      0.00      1.02      0.00      2.92      0.00

13:53:22          tps      rtps      wtps      dtps   bread/s   bwrtn/s   bdscd/s
13:53:24         0.00      0.00      0.00      0.00      0.00      0.00      0.00

13:53:22    kbmemfree   kbavail kbmemused  %memused kbbuffers  kbcached  kbcommit   %commit  kbactive   kbinact   kbdirty
13:53:24      1594008   1639740    141156      6.95        20    167296    557300     27.44    148304    103128       208

13:53:24        CPU     %user     %nice   %system   %iowait    %steal     %idle
13:53:26        all     95.20      0.00      2.40      0.00      2.40      0.00

13:53:24          tps      rtps      wtps      dtps   bread/s   bwrtn/s   bdscd/s
13:53:26         9.00      0.00      9.00      0.00      0.00   2036.00      0.00

13:53:24    kbmemfree   kbavail kbmemused  %memused kbbuffers  kbcached  kbcommit   %commit  kbactive   kbinact   kbdirty
13:53:26      1594040   1639848    141120      6.95        20    167300    557300     27.44    148156    103352        36

13:53:26        CPU     %user     %nice   %system   %iowait    %steal     %idle
13:53:28        all     95.47      0.00      2.33      0.00      2.20      0.00

13:53:26          tps      rtps      wtps      dtps   bread/s   bwrtn/s   bdscd/s
13:53:28         0.00      0.00      0.00      0.00      0.00      0.00      0.00

13:53:26    kbmemfree   kbavail kbmemused  %memused kbbuffers  kbcached  kbcommit   %commit  kbactive   kbinact   kbdirty
13:53:28      1593976   1639784    141184      6.95        20    167300    557300     27.44    148156    103352       124

13:53:28        CPU     %user     %nice   %system   %iowait    %steal     %idle
13:53:30        all     97.33      0.00      2.40      0.00      0.27      0.00

13:53:28          tps      rtps      wtps      dtps   bread/s   bwrtn/s   bdscd/s
13:53:30         0.00      0.00      0.00      0.00      0.00      0.00      0.00

13:53:28    kbmemfree   kbavail kbmemused  %memused kbbuffers  kbcached  kbcommit   %commit  kbactive   kbinact   kbdirty
13:53:30      1594008   1639816    141152      6.95        20    167300    557300     27.44    148156    103352       124

13:53:30        CPU     %user     %nice   %system   %iowait    %steal     %idle
13:53:32        all     97.06      0.00      1.28      0.00      1.66      0.00

13:53:30          tps      rtps      wtps      dtps   bread/s   bwrtn/s   bdscd/s
13:53:32         0.00      0.00      0.00      0.00      0.00      0.00      0.00

13:53:30    kbmemfree   kbavail kbmemused  %memused kbbuffers  kbcached  kbcommit   %commit  kbactive   kbinact   kbdirty
13:53:32      1594008   1639816    141148      6.95        20    167304    557300     27.44    148156    103352       128

13:53:32        CPU     %user     %nice   %system   %iowait    %steal     %idle
13:53:34        all     92.99      0.00      1.72      0.00      5.29      0.00

13:53:32          tps      rtps      wtps      dtps   bread/s   bwrtn/s   bdscd/s
13:53:34         0.00      0.00      0.00      0.00      0.00      0.00      0.00

13:53:32    kbmemfree   kbavail kbmemused  %memused kbbuffers  kbcached  kbcommit   %commit  kbactive   kbinact   kbdirty
13:53:34      1593976   1639784    141180      6.95        20    167304    557300     27.44    148156    103352       128

13:53:34        CPU     %user     %nice   %system   %iowait    %steal     %idle
13:53:36        all     91.49      0.00      2.45      0.00      6.06      0.00

13:53:34          tps      rtps      wtps      dtps   bread/s   bwrtn/s   bdscd/s
13:53:36         0.00      0.00      0.00      0.00      0.00      0.00      0.00

13:53:34    kbmemfree   kbavail kbmemused  %memused kbbuffers  kbcached  kbcommit   %commit  kbactive   kbinact   kbdirty
13:53:36      1594008   1639816    141144      6.95        20    167308    557300     27.44    148156    103352       132

13:53:36        CPU     %user     %nice   %system   %iowait    %steal     %idle
13:53:38        all     93.34      0.00      2.22      0.00      4.44      0.00

13:53:36          tps      rtps      wtps      dtps   bread/s   bwrtn/s   bdscd/s
13:53:38         1.00      0.00      1.00      0.00      0.00     28.00      0.00

13:53:36    kbmemfree   kbavail kbmemused  %memused kbbuffers  kbcached  kbcommit   %commit  kbactive   kbinact   kbdirty
13:53:38      1594040   1639848    141112      6.95        20    167308    557300     27.44    148156    103352       184

13:53:38        CPU     %user     %nice   %system   %iowait    %steal     %idle
13:53:40        all     93.74      0.00      2.83      0.00      3.43      0.00

13:53:38          tps      rtps      wtps      dtps   bread/s   bwrtn/s   bdscd/s
13:53:40         0.00      0.00      0.00      0.00      0.00      0.00      0.00

13:53:38    kbmemfree   kbavail kbmemused  %memused kbbuffers  kbcached  kbcommit   %commit  kbactive   kbinact   kbdirty
13:53:40      1594008   1639816    141140      6.95        20    167312    557300     27.44    148156    103352       196

13:53:40        CPU     %user     %nice   %system   %iowait    %steal     %idle
13:53:42        all     90.85      0.00      5.21      0.00      3.94      0.00

13:53:40          tps      rtps      wtps      dtps   bread/s   bwrtn/s   bdscd/s
13:53:42         3.50      1.00      2.50      0.00     32.00     20.00      0.00

13:53:40    kbmemfree   kbavail kbmemused  %memused kbbuffers  kbcached  kbcommit   %commit  kbactive   kbinact   kbdirty
13:53:42      1594008   1639848    141108      6.95        20    167344    557300     27.44    148156    103384       276

13:53:42        CPU     %user     %nice   %system   %iowait    %steal     %idle
13:53:44        all     92.44      0.00      2.76      0.00      4.80      0.00

13:53:42          tps      rtps      wtps      dtps   bread/s   bwrtn/s   bdscd/s
13:53:44         0.00      0.00      0.00      0.00      0.00      0.00      0.00

13:53:42    kbmemfree   kbavail kbmemused  %memused kbbuffers  kbcached  kbcommit   %commit  kbactive   kbinact   kbdirty
13:53:44      1594040   1639880    141076      6.95        20    167344    557300     27.44    148156    103384       284

13:53:44        CPU     %user     %nice   %system   %iowait    %steal     %idle
13:53:46        all     96.75      0.00      1.43      0.00      1.82      0.00

13:53:44          tps      rtps      wtps      dtps   bread/s   bwrtn/s   bdscd/s
13:53:46         0.00      0.00      0.00      0.00      0.00      0.00      0.00

13:53:44    kbmemfree   kbavail kbmemused  %memused kbbuffers  kbcached  kbcommit   %commit  kbactive   kbinact   kbdirty
13:53:46      1594008   1639848    141108      6.95        20    167344    557300     27.44    148156    103384       284

13:53:46        CPU     %user     %nice   %system   %iowait    %steal     %idle
13:53:48        all     95.50      0.00      1.54      0.00      2.96      0.00

13:53:46          tps      rtps      wtps      dtps   bread/s   bwrtn/s   bdscd/s
13:53:48         1.50      0.00      1.50      0.00      0.00     12.00      0.00

13:53:46    kbmemfree   kbavail kbmemused  %memused kbbuffers  kbcached  kbcommit   %commit  kbactive   kbinact   kbdirty
13:53:48      1594040   1639880    141076      6.95        20    167344    557300     27.44    148156    103384       276

13:53:48        CPU     %user     %nice   %system   %iowait    %steal     %idle
13:53:50        all     98.12      0.00      1.13      0.00      0.75      0.00

13:53:48          tps      rtps      wtps      dtps   bread/s   bwrtn/s   bdscd/s
13:53:50         0.00      0.00      0.00      0.00      0.00      0.00      0.00

13:53:48    kbmemfree   kbavail kbmemused  %memused kbbuffers  kbcached  kbcommit   %commit  kbactive   kbinact   kbdirty
13:53:50      1594040   1639880    141068      6.95        20    167352    557300     27.44    148156    103384       292

13:53:50        CPU     %user     %nice   %system   %iowait    %steal     %idle
13:53:52        all     92.60      0.00      1.82      0.00      5.58      0.00

13:53:50          tps      rtps      wtps      dtps   bread/s   bwrtn/s   bdscd/s
13:53:52         2.00      0.00      2.00      0.00      0.00     20.00      0.00

13:53:50    kbmemfree   kbavail kbmemused  %memused kbbuffers  kbcached  kbcommit   %commit  kbactive   kbinact   kbdirty
13:53:52      1594008   1639848    141100      6.95        20    167352    557300     27.44    148156    103384       288

13:53:52        CPU     %user     %nice   %system   %iowait    %steal     %idle
13:53:54        all     92.05      0.00      1.52      0.00      6.44      0.00

13:53:52          tps      rtps      wtps      dtps   bread/s   bwrtn/s   bdscd/s
13:53:54         0.00      0.00      0.00      0.00      0.00      0.00      0.00

13:53:52    kbmemfree   kbavail kbmemused  %memused kbbuffers  kbcached  kbcommit   %commit  kbactive   kbinact   kbdirty
13:53:54      1594072   1639912    141032      6.95        20    167356    557300     27.44    148156    103384       300

13:53:54        CPU     %user     %nice   %system   %iowait    %steal     %idle
13:53:56        all     97.87      0.00      1.00      0.00      1.13      0.00

13:53:54          tps      rtps      wtps      dtps   bread/s   bwrtn/s   bdscd/s
13:53:56         0.00      0.00      0.00      0.00      0.00      0.00      0.00

13:53:54    kbmemfree   kbavail kbmemused  %memused kbbuffers  kbcached  kbcommit   %commit  kbactive   kbinact   kbdirty
13:53:56      1594040   1639880    141064      6.95        20    167356    557300     27.44    148156    103384       304

13:53:56        CPU     %user     %nice   %system   %iowait    %steal     %idle
13:53:58        all     97.72      0.00      1.77      0.00      0.51      0.00

13:53:56          tps      rtps      wtps      dtps   bread/s   bwrtn/s   bdscd/s
13:53:58        20.00      2.00     18.00      0.00     64.00   2840.00      0.00

13:53:56    kbmemfree   kbavail kbmemused  %memused kbbuffers  kbcached  kbcommit   %commit  kbactive   kbinact   kbdirty
13:53:58      1593756   1639740    141232      6.95        20    167472    557300     27.44    148300    103384         8

13:53:58        CPU     %user     %nice   %system   %iowait    %steal     %idle
13:54:00        all     96.74      0.00      1.38      0.00      1.88      0.00

13:53:58          tps      rtps      wtps      dtps   bread/s   bwrtn/s   bdscd/s
13:54:00         0.00      0.00      0.00      0.00      0.00      0.00      0.00

13:53:58    kbmemfree   kbavail kbmemused  %memused kbbuffers  kbcached  kbcommit   %commit  kbactive   kbinact   kbdirty
13:54:00      1593756   1639740    141232      6.95        20    167472    557300     27.44    148300    103384        16

13:54:00        CPU     %user     %nice   %system   %iowait    %steal     %idle
13:54:02        all     97.15      0.00      1.81      0.00      1.03      0.00

13:54:00          tps      rtps      wtps      dtps   bread/s   bwrtn/s   bdscd/s
13:54:02         0.00      0.00      0.00      0.00      0.00      0.00      0.00

13:54:00    kbmemfree   kbavail kbmemused  %memused kbbuffers  kbcached  kbcommit   %commit  kbactive   kbinact   kbdirty
13:54:02      1593756   1639740    141228      6.95        20    167476    557300     27.44    148300    103384        20

13:54:02        CPU     %user     %nice   %system   %iowait    %steal     %idle
13:54:04        all     97.09      0.00      2.12      0.00      0.79      0.00

13:54:02          tps      rtps      wtps      dtps   bread/s   bwrtn/s   bdscd/s
13:54:04         0.00      0.00      0.00      0.00      0.00      0.00      0.00

13:54:02    kbmemfree   kbavail kbmemused  %memused kbbuffers  kbcached  kbcommit   %commit  kbactive   kbinact   kbdirty
13:54:04      1593756   1639740    141228      6.95        20    167476    557300     27.44    148300    103384        20

13:54:04        CPU     %user     %nice   %system   %iowait    %steal     %idle
13:54:06        all     97.10      0.00      1.58      0.00      1.32      0.00

13:54:04          tps      rtps      wtps      dtps   bread/s   bwrtn/s   bdscd/s
13:54:06         0.00      0.00      0.00      0.00      0.00      0.00      0.00

13:54:04    kbmemfree   kbavail kbmemused  %memused kbbuffers  kbcached  kbcommit   %commit  kbactive   kbinact   kbdirty
13:54:06      1593756   1639744    141224      6.95        20    167480    557300     27.44    148304    103384        24

13:54:06        CPU     %user     %nice   %system   %iowait    %steal     %idle
13:54:08        all     96.62      0.00      1.93      0.00      1.45      0.00

13:54:06          tps      rtps      wtps      dtps   bread/s   bwrtn/s   bdscd/s
13:54:08         0.00      0.00      0.00      0.00      0.00      0.00      0.00

13:54:06    kbmemfree   kbavail kbmemused  %memused kbbuffers  kbcached  kbcommit   %commit  kbactive   kbinact   kbdirty
13:54:08      1593756   1639744    141220      6.95        20    167484    557300     27.44    148304    103384        28

13:54:08        CPU     %user     %nice   %system   %iowait    %steal     %idle
13:54:10        all     93.60      0.00      3.20      0.00      3.20      0.00

13:54:08          tps      rtps      wtps      dtps   bread/s   bwrtn/s   bdscd/s
13:54:10         0.00      0.00      0.00      0.00      0.00      0.00      0.00

13:54:08    kbmemfree   kbavail kbmemused  %memused kbbuffers  kbcached  kbcommit   %commit  kbactive   kbinact   kbdirty
13:54:10      1593756   1639744    141220      6.95        20    167484    557300     27.44    148304    103384        28

13:54:10        CPU     %user     %nice   %system   %iowait    %steal     %idle
13:54:12        all     91.90      0.00      3.21      0.00      4.89      0.00

13:54:10          tps      rtps      wtps      dtps   bread/s   bwrtn/s   bdscd/s
13:54:12         0.00      0.00      0.00      0.00      0.00      0.00      0.00

13:54:10    kbmemfree   kbavail kbmemused  %memused kbbuffers  kbcached  kbcommit   %commit  kbactive   kbinact   kbdirty
13:54:12      1593788   1639776    141188      6.95        20    167484    557300     27.44    148304    103384        28

13:54:12        CPU     %user     %nice   %system   %iowait    %steal     %idle
13:54:14        all     95.79      0.00      1.28      0.00      2.94      0.00

13:54:12          tps      rtps      wtps      dtps   bread/s   bwrtn/s   bdscd/s
13:54:14         0.00      0.00      0.00      0.00      0.00      0.00      0.00

13:54:12    kbmemfree   kbavail kbmemused  %memused kbbuffers  kbcached  kbcommit   %commit  kbactive   kbinact   kbdirty
13:54:14      1593756   1639744    141220      6.95        20    167484    557300     27.44    148304    103384        28

13:54:14        CPU     %user     %nice   %system   %iowait    %steal     %idle
13:54:16        all     95.42      0.00      1.83      0.00      2.75      0.00

13:54:14          tps      rtps      wtps      dtps   bread/s   bwrtn/s   bdscd/s
13:54:16         0.00      0.00      0.00      0.00      0.00      0.00      0.00

13:54:14    kbmemfree   kbavail kbmemused  %memused kbbuffers  kbcached  kbcommit   %commit  kbactive   kbinact   kbdirty
13:54:16      1593788   1639776    141184      6.95        20    167488    557300     27.44    148304    103384        32

13:54:16        CPU     %user     %nice   %system   %iowait    %steal     %idle
13:54:18        all     91.39      0.00      3.36      0.00      5.26      0.00

13:54:16          tps      rtps      wtps      dtps   bread/s   bwrtn/s   bdscd/s
13:54:18         0.00      0.00      0.00      0.00      0.00      0.00      0.00

13:54:16    kbmemfree   kbavail kbmemused  %memused kbbuffers  kbcached  kbcommit   %commit  kbactive   kbinact   kbdirty
13:54:18      1593756   1639744    141216      6.95        20    167488    557300     27.44    148304    103384        32

13:54:18        CPU     %user     %nice   %system   %iowait    %steal     %idle
13:54:20        all     97.10      0.00      1.84      0.00      1.05      0.00

13:54:18          tps      rtps      wtps      dtps   bread/s   bwrtn/s   bdscd/s
13:54:20         0.00      0.00      0.00      0.00      0.00      0.00      0.00

13:54:18    kbmemfree   kbavail kbmemused  %memused kbbuffers  kbcached  kbcommit   %commit  kbactive   kbinact   kbdirty
13:54:20      1593756   1639748    141212      6.95        20    167492    557300     27.44    148308    103384        36

13:54:20        CPU     %user     %nice   %system   %iowait    %steal     %idle
13:54:22        all     97.74      0.00      1.63      0.00      0.63      0.00

13:54:20          tps      rtps      wtps      dtps   bread/s   bwrtn/s   bdscd/s
13:54:22         0.00      0.00      0.00      0.00      0.00      0.00      0.00

13:54:20    kbmemfree   kbavail kbmemused  %memused kbbuffers  kbcached  kbcommit   %commit  kbactive   kbinact   kbdirty
13:54:22      1593756   1639748    141212      6.95        20    167492    557300     27.44    148308    103384        36

13:54:22        CPU     %user     %nice   %system   %iowait    %steal     %idle
13:54:24        all     97.95      0.00      1.92      0.00      0.13      0.00

13:54:22          tps      rtps      wtps      dtps   bread/s   bwrtn/s   bdscd/s
13:54:24         0.00      0.00      0.00      0.00      0.00      0.00      0.00

13:54:22    kbmemfree   kbavail kbmemused  %memused kbbuffers  kbcached  kbcommit   %commit  kbactive   kbinact   kbdirty
13:54:24      1593756   1639748    141204      6.95        20    167500    557300     27.44    148308    103384        44

13:54:24        CPU     %user     %nice   %system   %iowait    %steal     %idle
13:54:26        all     97.85      0.00      1.14      0.00      1.01      0.00

13:54:24          tps      rtps      wtps      dtps   bread/s   bwrtn/s   bdscd/s
13:54:26         0.00      0.00      0.00      0.00      0.00      0.00      0.00

13:54:24    kbmemfree   kbavail kbmemused  %memused kbbuffers  kbcached  kbcommit   %commit  kbactive   kbinact   kbdirty
13:54:26      1593724   1639716    141236      6.96        20    167500    557300     27.44    148308    103384        44

13:54:26        CPU     %user     %nice   %system   %iowait    %steal     %idle
13:54:28        all     92.80      0.00      3.03      0.00      4.17      0.00

13:54:26          tps      rtps      wtps      dtps   bread/s   bwrtn/s   bdscd/s
13:54:28         1.00      0.00      1.00      0.00      0.00     20.00      0.00

13:54:26    kbmemfree   kbavail kbmemused  %memused kbbuffers  kbcached  kbcommit   %commit  kbactive   kbinact   kbdirty
13:54:28      1593756   1639752    141204      6.95        20    167500    557300     27.44    148312    103384       124

13:54:28        CPU     %user     %nice   %system   %iowait    %steal     %idle
13:54:30        all     95.68      0.00      1.40      0.00      2.92      0.00

13:54:28          tps      rtps      wtps      dtps   bread/s   bwrtn/s   bdscd/s
13:54:30         0.00      0.00      0.00      0.00      0.00      0.00      0.00

13:54:28    kbmemfree   kbavail kbmemused  %memused kbbuffers  kbcached  kbcommit   %commit  kbactive   kbinact   kbdirty
13:54:30      1593724   1639720    141236      6.96        20    167500    557300     27.44    148312    103384       124

13:54:30        CPU     %user     %nice   %system   %iowait    %steal     %idle
13:54:32        all     95.06      0.00      2.41      0.00      2.53      0.00

13:54:30          tps      rtps      wtps      dtps   bread/s   bwrtn/s   bdscd/s
13:54:32         0.00      0.00      0.00      0.00      0.00      0.00      0.00

13:54:30    kbmemfree   kbavail kbmemused  %memused kbbuffers  kbcached  kbcommit   %commit  kbactive   kbinact   kbdirty
13:54:32      1593756   1639752    141204      6.95        20    167500    557300     27.44    148312    103384       124

13:54:32        CPU     %user     %nice   %system   %iowait    %steal     %idle
13:54:34        all     92.42      0.00      3.08      0.00      4.50      0.00

13:54:32          tps      rtps      wtps      dtps   bread/s   bwrtn/s   bdscd/s
13:54:34         1.00      0.00      1.00      0.00      0.00     28.00      0.00

13:54:32    kbmemfree   kbavail kbmemused  %memused kbbuffers  kbcached  kbcommit   %commit  kbactive   kbinact   kbdirty
13:54:34      1593756   1639752    141200      6.95        20    167504    557300     27.44    148312    103384       180

13:54:34        CPU     %user     %nice   %system   %iowait    %steal     %idle
13:54:36        all     96.60      0.00      1.89      0.00      1.51      0.00

13:54:34          tps      rtps      wtps      dtps   bread/s   bwrtn/s   bdscd/s
13:54:36         0.00      0.00      0.00      0.00      0.00      0.00      0.00

13:54:34    kbmemfree   kbavail kbmemused  %memused kbbuffers  kbcached  kbcommit   %commit  kbactive   kbinact   kbdirty
13:54:36      1593756   1639752    141200      6.95        20    167504    557300     27.44    148312    103384       188

13:54:36        CPU     %user     %nice   %system   %iowait    %steal     %idle
13:54:38        all     93.45      0.00      1.64      0.00      4.91      0.00

13:54:36          tps      rtps      wtps      dtps   bread/s   bwrtn/s   bdscd/s
13:54:38         0.00      0.00      0.00      0.00      0.00      0.00      0.00

13:54:36    kbmemfree   kbavail kbmemused  %memused kbbuffers  kbcached  kbcommit   %commit  kbactive   kbinact   kbdirty
13:54:38      1593724   1639720    141224      6.95        20    167512    557300     27.44    148312    103384       196

13:54:38        CPU     %user     %nice   %system   %iowait    %steal     %idle
13:54:40        all     96.64      0.00      1.16      0.00      2.20      0.00

13:54:38          tps      rtps      wtps      dtps   bread/s   bwrtn/s   bdscd/s
13:54:40         0.00      0.00      0.00      0.00      0.00      0.00      0.00

13:54:38    kbmemfree   kbavail kbmemused  %memused kbbuffers  kbcached  kbcommit   %commit  kbactive   kbinact   kbdirty
13:54:40      1593820   1639820    141128      6.95        20    167512    557300     27.44    148316    103384       196

13:54:40        CPU     %user     %nice   %system   %iowait    %steal     %idle
13:54:42        all     93.35      0.00      2.48      0.00      4.17      0.00

13:54:40          tps      rtps      wtps      dtps   bread/s   bwrtn/s   bdscd/s
13:54:42         0.00      0.00      0.00      0.00      0.00      0.00      0.00

13:54:40    kbmemfree   kbavail kbmemused  %memused kbbuffers  kbcached  kbcommit   %commit  kbactive   kbinact   kbdirty
13:54:42      1593756   1639756    141192      6.95        20    167512    557300     27.44    148316    103384       196

13:54:42        CPU     %user     %nice   %system   %iowait    %steal     %idle
13:54:44        all     93.83      0.00      2.57      0.00      3.60      0.00

13:54:42          tps      rtps      wtps      dtps   bread/s   bwrtn/s   bdscd/s
13:54:44         0.00      0.00      0.00      0.00      0.00      0.00      0.00

13:54:42    kbmemfree   kbavail kbmemused  %memused kbbuffers  kbcached  kbcommit   %commit  kbactive   kbinact   kbdirty
13:54:44      1593724   1639724    141224      6.95        20    167512    557300     27.44    148316    103384       196

13:54:44        CPU     %user     %nice   %system   %iowait    %steal     %idle
13:54:46        all     91.55      0.00      1.72      0.00      6.74      0.00

13:54:44          tps      rtps      wtps      dtps   bread/s   bwrtn/s   bdscd/s
13:54:46         0.00      0.00      0.00      0.00      0.00      0.00      0.00

13:54:44    kbmemfree   kbavail kbmemused  %memused kbbuffers  kbcached  kbcommit   %commit  kbactive   kbinact   kbdirty
13:54:46      1593756   1639756    141192      6.95        20    167512    557300     27.44    148316    103384       196

13:54:46        CPU     %user     %nice   %system   %iowait    %steal     %idle
13:54:48        all     87.52      0.00      2.65      0.00      9.84      0.00

13:54:46          tps      rtps      wtps      dtps   bread/s   bwrtn/s   bdscd/s
13:54:48         0.00      0.00      0.00      0.00      0.00      0.00      0.00

13:54:46    kbmemfree   kbavail kbmemused  %memused kbbuffers  kbcached  kbcommit   %commit  kbactive   kbinact   kbdirty
13:54:48      1593756   1639760    141188      6.95        20    167516    557300     27.44    148320    103384       200

13:54:48        CPU     %user     %nice   %system   %iowait    %steal     %idle
13:54:50        all     93.12      0.00      1.78      0.00      5.10      0.00

13:54:48          tps      rtps      wtps      dtps   bread/s   bwrtn/s   bdscd/s
13:54:50         0.00      0.00      0.00      0.00      0.00      0.00      0.00

13:54:48    kbmemfree   kbavail kbmemused  %memused kbbuffers  kbcached  kbcommit   %commit  kbactive   kbinact   kbdirty
13:54:50      1593756   1639760    141188      6.95        20    167516    557300     27.44    148320    103384       200

13:54:50        CPU     %user     %nice   %system   %iowait    %steal     %idle
13:54:52        all     94.77      0.00      1.91      0.00      3.32      0.00

13:54:50          tps      rtps      wtps      dtps   bread/s   bwrtn/s   bdscd/s
13:54:52         0.00      0.00      0.00      0.00      0.00      0.00      0.00

13:54:50    kbmemfree   kbavail kbmemused  %memused kbbuffers  kbcached  kbcommit   %commit  kbactive   kbinact   kbdirty
13:54:52      1593756   1639760    141184      6.95        20    167520    557300     27.44    148320    103384       204

13:54:52        CPU     %user     %nice   %system   %iowait    %steal     %idle
13:54:54        all     96.21      0.00      1.39      0.00      2.40      0.00

13:54:52          tps      rtps      wtps      dtps   bread/s   bwrtn/s   bdscd/s
13:54:54         0.00      0.00      0.00      0.00      0.00      0.00      0.00

13:54:52    kbmemfree   kbavail kbmemused  %memused kbbuffers  kbcached  kbcommit   %commit  kbactive   kbinact   kbdirty
13:54:54      1593756   1639760    141184      6.95        20    167520    557300     27.44    148320    103384       204

13:54:54        CPU     %user     %nice   %system   %iowait    %steal     %idle
13:54:56        all     95.06      0.00      2.15      0.00      2.78      0.00

13:54:54          tps      rtps      wtps      dtps   bread/s   bwrtn/s   bdscd/s
13:54:56         0.00      0.00      0.00      0.00      0.00      0.00      0.00

13:54:54    kbmemfree   kbavail kbmemused  %memused kbbuffers  kbcached  kbcommit   %commit  kbactive   kbinact   kbdirty
13:54:56      1593724   1639728    141212      6.95        20    167524    557300     27.44    148320    103384       208

13:54:56        CPU     %user     %nice   %system   %iowait    %steal     %idle
13:54:58        all     98.32      0.00      1.03      0.00      0.64      0.00

13:54:56          tps      rtps      wtps      dtps   bread/s   bwrtn/s   bdscd/s
13:54:58         0.00      0.00      0.00      0.00      0.00      0.00      0.00

13:54:56    kbmemfree   kbavail kbmemused  %memused kbbuffers  kbcached  kbcommit   %commit  kbactive   kbinact   kbdirty
13:54:58      1593724   1639728    141212      6.95        20    167524    557300     27.44    148320    103384       208

13:54:58        CPU     %user     %nice   %system   %iowait    %steal     %idle
13:55:00        all     94.77      0.00      2.93      0.00      2.30      0.00

13:54:58          tps      rtps      wtps      dtps   bread/s   bwrtn/s   bdscd/s
13:55:00        12.00      0.00     12.00      0.00      0.00   2452.00      0.00

13:54:58    kbmemfree   kbavail kbmemused  %memused kbbuffers  kbcached  kbcommit   %commit  kbactive   kbinact   kbdirty
13:55:00      1593724   1639728    141208      6.95        20    167528    557300     27.44    148368    103336        28

13:55:00        CPU     %user     %nice   %system   %iowait    %steal     %idle
13:55:02        all     70.80      0.00     18.76      0.00     10.16      0.28

13:55:00          tps      rtps      wtps      dtps   bread/s   bwrtn/s   bdscd/s
13:55:02         0.00      0.00      0.00      0.00      0.00      0.00      0.00

13:55:00    kbmemfree   kbavail kbmemused  %memused kbbuffers  kbcached  kbcommit   %commit  kbactive   kbinact   kbdirty
13:55:02      1593016   1639072    141908      6.99        20    167536    557300     27.44    149120    103336        84

13:55:02        CPU     %user     %nice   %system   %iowait    %steal     %idle
13:55:04        all     88.64      0.00      3.57      0.00      7.79      0.00

13:55:02          tps      rtps      wtps      dtps   bread/s   bwrtn/s   bdscd/s
13:55:04         0.00      0.00      0.00      0.00      0.00      0.00      0.00

13:55:02    kbmemfree   kbavail kbmemused  %memused kbbuffers  kbcached  kbcommit   %commit  kbactive   kbinact   kbdirty
13:55:04      1593032   1639104    141984      6.99        20    167548    557300     27.44    148436    103336       328

13:55:04        CPU     %user     %nice   %system   %iowait    %steal     %idle
13:55:06        all     93.43      0.00      2.32      0.00      4.25      0.00

13:55:04          tps      rtps      wtps      dtps   bread/s   bwrtn/s   bdscd/s
13:55:06         0.00      0.00      0.00      0.00      0.00      0.00      0.00

13:55:04    kbmemfree   kbavail kbmemused  %memused kbbuffers  kbcached  kbcommit   %commit  kbactive   kbinact   kbdirty
13:55:06      1593064   1639136    141948      6.99        20    167552    557300     27.44    148436    103336       332

13:55:06        CPU     %user     %nice   %system   %iowait    %steal     %idle
13:55:08        all     96.55      0.00      2.51      0.00      0.94      0.00

13:55:06          tps      rtps      wtps      dtps   bread/s   bwrtn/s   bdscd/s
13:55:08         0.00      0.00      0.00      0.00      0.00      0.00      0.00

13:55:06    kbmemfree   kbavail kbmemused  %memused kbbuffers  kbcached  kbcommit   %commit  kbactive   kbinact   kbdirty
13:55:08      1592968   1639040    142044      6.99        20    167552    557300     27.44    148436    103336       332

13:55:08        CPU     %user     %nice   %system   %iowait    %steal     %idle
13:55:10        all     95.26      0.00      2.09      0.00      2.65      0.00

13:55:08          tps      rtps      wtps      dtps   bread/s   bwrtn/s   bdscd/s
13:55:10         1.50      0.00      1.50      0.00      0.00     28.00      0.00

13:55:08    kbmemfree   kbavail kbmemused  %memused kbbuffers  kbcached  kbcommit   %commit  kbactive   kbinact   kbdirty
13:55:10      1592968   1639040    142044      6.99        20    167552    557300     27.44    148436    103336       416

13:55:10        CPU     %user     %nice   %system   %iowait    %steal     %idle
13:55:12        all     93.74      0.00      2.54      0.00      3.72      0.00

13:55:10          tps      rtps      wtps      dtps   bread/s   bwrtn/s   bdscd/s
13:55:12         0.00      0.00      0.00      0.00      0.00      0.00      0.00

13:55:10    kbmemfree   kbavail kbmemused  %memused kbbuffers  kbcached  kbcommit   %commit  kbactive   kbinact   kbdirty
13:55:12      1592968   1639040    142044      6.99        20    167552    557300     27.44    148436    103336       424

13:55:12        CPU     %user     %nice   %system   %iowait    %steal     %idle
13:55:14        all     95.96      0.00      1.56      0.00      2.47      0.00

13:55:12          tps      rtps      wtps      dtps   bread/s   bwrtn/s   bdscd/s
13:55:14         0.00      0.00      0.00      0.00      0.00      0.00      0.00

13:55:12    kbmemfree   kbavail kbmemused  %memused kbbuffers  kbcached  kbcommit   %commit  kbactive   kbinact   kbdirty
13:55:14      1593000   1639072    142012      6.99        20    167552    557300     27.44    148436    103336       424

13:55:14        CPU     %user     %nice   %system   %iowait    %steal     %idle
13:55:16        all     88.37      0.00      2.27      0.00      9.36      0.00

13:55:14          tps      rtps      wtps      dtps   bread/s   bwrtn/s   bdscd/s
13:55:16         0.00      0.00      0.00      0.00      0.00      0.00      0.00

13:55:14    kbmemfree   kbavail kbmemused  %memused kbbuffers  kbcached  kbcommit   %commit  kbactive   kbinact   kbdirty
13:55:16      1593000   1639076    142008      6.99        20    167556    557300     27.44    148440    103336       428

13:55:16        CPU     %user     %nice   %system   %iowait    %steal     %idle
13:55:18        all     86.14      0.00      2.04      0.00     11.82      0.00

13:55:16          tps      rtps      wtps      dtps   bread/s   bwrtn/s   bdscd/s
13:55:18         0.00      0.00      0.00      0.00      0.00      0.00      0.00

13:55:16    kbmemfree   kbavail kbmemused  %memused kbbuffers  kbcached  kbcommit   %commit  kbactive   kbinact   kbdirty
13:55:18      1593000   1639076    142008      6.99        20    167556    557300     27.44    148440    103336       428

13:55:18        CPU     %user     %nice   %system   %iowait    %steal     %idle
13:55:20        all     85.96      0.00      1.16      0.00     12.88      0.00

13:55:18          tps      rtps      wtps      dtps   bread/s   bwrtn/s   bdscd/s
13:55:20         0.00      0.00      0.00      0.00      0.00      0.00      0.00

13:55:18    kbmemfree   kbavail kbmemused  %memused kbbuffers  kbcached  kbcommit   %commit  kbactive   kbinact   kbdirty
13:55:20      1593000   1639076    142004      6.99        20    167560    557300     27.44    148440    103336       432

13:55:20        CPU     %user     %nice   %system   %iowait    %steal     %idle
13:55:22        all     96.68      0.00      0.66      0.00      2.65      0.00

13:55:20          tps      rtps      wtps      dtps   bread/s   bwrtn/s   bdscd/s
13:55:22         0.00      0.00      0.00      0.00      0.00      0.00      0.00

13:55:20    kbmemfree   kbavail kbmemused  %memused kbbuffers  kbcached  kbcommit   %commit  kbactive   kbinact   kbdirty
13:55:22      1592968   1639044    142036      6.99        20    167560    557300     27.44    148440    103336       432

13:55:22        CPU     %user     %nice   %system   %iowait    %steal     %idle
13:55:24        all     97.96      0.00      1.66      0.00      0.38      0.00

13:55:22          tps      rtps      wtps      dtps   bread/s   bwrtn/s   bdscd/s
13:55:24         0.00      0.00      0.00      0.00      0.00      0.00      0.00

13:55:22    kbmemfree   kbavail kbmemused  %memused kbbuffers  kbcached  kbcommit   %commit  kbactive   kbinact   kbdirty
13:55:24      1592968   1639044    142036      6.99        20    167560    557300     27.44    148440    103336       432

13:55:24        CPU     %user     %nice   %system   %iowait    %steal     %idle
13:55:26        all     95.82      0.00      1.27      0.00      2.91      0.00

13:55:24          tps      rtps      wtps      dtps   bread/s   bwrtn/s   bdscd/s
13:55:26         0.00      0.00      0.00      0.00      0.00      0.00      0.00

13:55:24    kbmemfree   kbavail kbmemused  %memused kbbuffers  kbcached  kbcommit   %commit  kbactive   kbinact   kbdirty
13:55:26      1593000   1639076    142000      6.99        20    167564    557300     27.44    148440    103336       436

13:55:26        CPU     %user     %nice   %system   %iowait    %steal     %idle
13:55:28        all     95.13      0.00      1.03      0.00      3.85      0.00

13:55:26          tps      rtps      wtps      dtps   bread/s   bwrtn/s   bdscd/s
13:55:28         0.00      0.00      0.00      0.00      0.00      0.00      0.00

13:55:26    kbmemfree   kbavail kbmemused  %memused kbbuffers  kbcached  kbcommit   %commit  kbactive   kbinact   kbdirty
13:55:28      1593000   1639076    142000      6.99        20    167564    557300     27.44    148440    103336       436

13:55:28        CPU     %user     %nice   %system   %iowait    %steal     %idle
13:55:30        all     89.07      0.00      3.21      0.00      7.73      0.00

13:55:28          tps      rtps      wtps      dtps   bread/s   bwrtn/s   bdscd/s
13:55:30         0.50      0.00      0.50      0.00      0.00     19.90      0.00

13:55:28    kbmemfree   kbavail kbmemused  %memused kbbuffers  kbcached  kbcommit   %commit  kbactive   kbinact   kbdirty
13:55:30      1593000   1639076    142000      6.99        20    167564    557300     27.44    148440    103336       488

13:55:30        CPU     %user     %nice   %system   %iowait    %steal     %idle
13:55:32        all     90.70      0.00      3.85      0.00      5.44      0.00

13:55:30          tps      rtps      wtps      dtps   bread/s   bwrtn/s   bdscd/s
13:55:32         0.00      0.00      0.00      0.00      0.00      0.00      0.00

13:55:30    kbmemfree   kbavail kbmemused  %memused kbbuffers  kbcached  kbcommit   %commit  kbactive   kbinact   kbdirty
13:55:32      1592936   1639012    142056      7.00        20    167572    557300     27.44    148440    103336       476

13:55:32        CPU     %user     %nice   %system   %iowait    %steal     %idle
13:55:34        all     89.53      0.00      2.17      0.00      8.30      0.00

13:55:32          tps      rtps      wtps      dtps   bread/s   bwrtn/s   bdscd/s
13:55:34        23.62      0.00     23.62      0.00      0.00    209.05      0.00

13:55:32    kbmemfree   kbavail kbmemused  %memused kbbuffers  kbcached  kbcommit   %commit  kbactive   kbinact   kbdirty
13:55:34      1593064   1639140    141928      6.99        20    167572    557300     27.44    148440    103336       352

13:55:34        CPU     %user     %nice   %system   %iowait    %steal     %idle
13:55:36        all     87.62      0.00      3.58      0.00      8.80      0.00

13:55:34          tps      rtps      wtps      dtps   bread/s   bwrtn/s   bdscd/s
13:55:36        17.41      1.49     15.92      0.00     47.76   3542.29      0.00

13:55:34    kbmemfree   kbavail kbmemused  %memused kbbuffers  kbcached  kbcommit   %commit  kbactive   kbinact   kbdirty
13:55:36      1593024   1639152    141908      6.99        20    167624    557300     27.44    148764    103064        32

13:55:36        CPU     %user     %nice   %system   %iowait    %steal     %idle
13:55:38        all     88.07      0.00      2.06      0.00      9.88      0.00

13:55:36          tps      rtps      wtps      dtps   bread/s   bwrtn/s   bdscd/s
13:55:38         0.00      0.00      0.00      0.00      0.00      0.00      0.00

13:55:36    kbmemfree   kbavail kbmemused  %memused kbbuffers  kbcached  kbcommit   %commit  kbactive   kbinact   kbdirty
13:55:38      1592992   1639120    141940      6.99        20    167624    557300     27.44    148764    103064        32

13:55:38        CPU     %user     %nice   %system   %iowait    %steal     %idle
13:55:40        all     98.47      0.00      0.77      0.00      0.77      0.00

13:55:38          tps      rtps      wtps      dtps   bread/s   bwrtn/s   bdscd/s
13:55:40         0.00      0.00      0.00      0.00      0.00      0.00      0.00

13:55:38    kbmemfree   kbavail kbmemused  %memused kbbuffers  kbcached  kbcommit   %commit  kbactive   kbinact   kbdirty
13:55:40      1592992   1639120    141940      6.99        20    167624    557300     27.44    148764    103064        32

13:55:40        CPU     %user     %nice   %system   %iowait    %steal     %idle
13:55:42        all     95.98      0.00      2.20      0.00      1.82      0.00

13:55:40          tps      rtps      wtps      dtps   bread/s   bwrtn/s   bdscd/s
13:55:42         0.00      0.00      0.00      0.00      0.00      0.00      0.00

13:55:40    kbmemfree   kbavail kbmemused  %memused kbbuffers  kbcached  kbcommit   %commit  kbactive   kbinact   kbdirty
13:55:42      1592992   1639120    141940      6.99        20    167624    557300     27.44    148764    103064        32

13:55:42        CPU     %user     %nice   %system   %iowait    %steal     %idle
13:55:44        all     92.45      0.00      2.43      0.00      5.12      0.00

13:55:42          tps      rtps      wtps      dtps   bread/s   bwrtn/s   bdscd/s
13:55:44         0.00      0.00      0.00      0.00      0.00      0.00      0.00

13:55:42    kbmemfree   kbavail kbmemused  %memused kbbuffers  kbcached  kbcommit   %commit  kbactive   kbinact   kbdirty
13:55:44      1592992   1639120    141940      6.99        20    167624    557300     27.44    148764    103064        32

13:55:44        CPU     %user     %nice   %system   %iowait    %steal     %idle
13:55:46        all     95.29      0.00      2.04      0.00      2.67      0.00

13:55:44          tps      rtps      wtps      dtps   bread/s   bwrtn/s   bdscd/s
13:55:46         1.50      0.00      1.50      0.00      0.00     28.00      0.00

13:55:44    kbmemfree   kbavail kbmemused  %memused kbbuffers  kbcached  kbcommit   %commit  kbactive   kbinact   kbdirty
13:55:46      1592992   1639120    141936      6.99        20    167628    557300     27.44    148764    103064       136

13:55:46        CPU     %user     %nice   %system   %iowait    %steal     %idle
13:55:48        all     96.18      0.00      1.53      0.00      2.29      0.00

13:55:46          tps      rtps      wtps      dtps   bread/s   bwrtn/s   bdscd/s
13:55:48         0.00      0.00      0.00      0.00      0.00      0.00      0.00

13:55:46    kbmemfree   kbavail kbmemused  %memused kbbuffers  kbcached  kbcommit   %commit  kbactive   kbinact   kbdirty
13:55:48      1592960   1639088    141968      6.99        20    167628    557300     27.44    148764    103064       144

13:55:48        CPU     %user     %nice   %system   %iowait    %steal     %idle
13:55:50        all     94.68      0.00      1.77      0.00      3.55      0.00

13:55:48          tps      rtps      wtps      dtps   bread/s   bwrtn/s   bdscd/s
13:55:50         0.00      0.00      0.00      0.00      0.00      0.00      0.00

13:55:48    kbmemfree   kbavail kbmemused  %memused kbbuffers  kbcached  kbcommit   %commit  kbactive   kbinact   kbdirty
13:55:50      1592992   1639120    141932      6.99        20    167632    557300     27.44    148764    103064       148

13:55:50        CPU     %user     %nice   %system   %iowait    %steal     %idle
13:55:52        all     93.11      0.00      1.66      0.00      5.23      0.00

13:55:50          tps      rtps      wtps      dtps   bread/s   bwrtn/s   bdscd/s
13:55:52         0.00      0.00      0.00      0.00      0.00      0.00      0.00

13:55:50    kbmemfree   kbavail kbmemused  %memused kbbuffers  kbcached  kbcommit   %commit  kbactive   kbinact   kbdirty
13:55:52      1592992   1639120    141932      6.99        20    167632    557300     27.44    148764    103064       148

13:55:52        CPU     %user     %nice   %system   %iowait    %steal     %idle
13:55:54        all     92.08      0.00      2.30      0.00      5.62      0.00

13:55:52          tps      rtps      wtps      dtps   bread/s   bwrtn/s   bdscd/s
13:55:54         0.00      0.00      0.00      0.00      0.00      0.00      0.00

13:55:52    kbmemfree   kbavail kbmemused  %memused kbbuffers  kbcached  kbcommit   %commit  kbactive   kbinact   kbdirty
13:55:54      1592960   1639088    141960      6.99        20    167636    557300     27.44    148764    103064       152

13:55:54        CPU     %user     %nice   %system   %iowait    %steal     %idle
13:55:56        all     92.23      0.00      2.04      0.00      5.73      0.00

13:55:54          tps      rtps      wtps      dtps   bread/s   bwrtn/s   bdscd/s
13:55:56         0.00      0.00      0.00      0.00      0.00      0.00      0.00

13:55:54    kbmemfree   kbavail kbmemused  %memused kbbuffers  kbcached  kbcommit   %commit  kbactive   kbinact   kbdirty
13:55:56      1592992   1639120    141928      6.99        20    167636    557300     27.44    148764    103064       152

13:55:56        CPU     %user     %nice   %system   %iowait    %steal     %idle
13:55:58        all     95.10      0.00      1.03      0.00      3.87      0.00

13:55:56          tps      rtps      wtps      dtps   bread/s   bwrtn/s   bdscd/s
13:55:58         0.00      0.00      0.00      0.00      0.00      0.00      0.00

13:55:56    kbmemfree   kbavail kbmemused  %memused kbbuffers  kbcached  kbcommit   %commit  kbactive   kbinact   kbdirty
13:55:58      1592992   1639120    141928      6.99        20    167636    557300     27.44    148764    103064       152

13:55:58        CPU     %user     %nice   %system   %iowait    %steal     %idle
13:56:00        all     93.62      0.00      2.17      0.00      4.21      0.00

13:55:58          tps      rtps      wtps      dtps   bread/s   bwrtn/s   bdscd/s
13:56:00         3.00      0.00      3.00      0.00      0.00     36.00      0.00

13:55:58    kbmemfree   kbavail kbmemused  %memused kbbuffers  kbcached  kbcommit   %commit  kbactive   kbinact   kbdirty
13:56:00      1592992   1639140    141920      6.99        20    167644    557300     27.44    148784    103064       224

13:56:00        CPU     %user     %nice   %system   %iowait    %steal     %idle
13:56:02        all     96.06      0.00      2.36      0.00      1.57      0.00

13:56:00          tps      rtps      wtps      dtps   bread/s   bwrtn/s   bdscd/s
13:56:02         0.00      0.00      0.00      0.00      0.00      0.00      0.00

13:56:00    kbmemfree   kbavail kbmemused  %memused kbbuffers  kbcached  kbcommit   %commit  kbactive   kbinact   kbdirty
13:56:02      1593024   1639172    141888      6.99        20    167644    557300     27.44    148784    103064       236

13:56:02        CPU     %user     %nice   %system   %iowait    %steal     %idle
13:56:04        all     87.60      0.00      5.50      0.00      6.91      0.00

13:56:02          tps      rtps      wtps      dtps   bread/s   bwrtn/s   bdscd/s
13:56:04         0.00      0.00      0.00      0.00      0.00      0.00      0.00

13:56:02    kbmemfree   kbavail kbmemused  %memused kbbuffers  kbcached  kbcommit   %commit  kbactive   kbinact   kbdirty
13:56:04      1592992   1639140    141916      6.99        20    167648    557300     27.44    148784    103064       240

13:56:04        CPU     %user     %nice   %system   %iowait    %steal     %idle
13:56:06        all     96.61      0.00      1.82      0.00      1.56      0.00

13:56:04          tps      rtps      wtps      dtps   bread/s   bwrtn/s   bdscd/s
13:56:06         1.49      0.00      1.49      0.00      0.00     19.90      0.00

13:56:04    kbmemfree   kbavail kbmemused  %memused kbbuffers  kbcached  kbcommit   %commit  kbactive   kbinact   kbdirty
13:56:06      1592960   1639108    141944      6.99        20    167652    557300     27.44    148784    103064       228

13:56:06        CPU     %user     %nice   %system   %iowait    %steal     %idle
13:56:08        all     88.38      0.00      2.46      0.00      8.98      0.18

13:56:06          tps      rtps      wtps      dtps   bread/s   bwrtn/s   bdscd/s
13:56:08         0.00      0.00      0.00      0.00      0.00      0.00      0.00

13:56:06    kbmemfree   kbavail kbmemused  %memused kbbuffers  kbcached  kbcommit   %commit  kbactive   kbinact   kbdirty
13:56:08      1592992   1639140    141912      6.99        20    167652    557300     27.44    148784    103064       236

13:56:08        CPU     %user     %nice   %system   %iowait    %steal     %idle
13:56:10        all     84.00      0.00      4.80      0.00     11.20      0.00

13:56:08          tps      rtps      wtps      dtps   bread/s   bwrtn/s   bdscd/s
13:56:10         1.50      0.00      1.50      0.00      0.00     12.00      0.00

13:56:08    kbmemfree   kbavail kbmemused  %memused kbbuffers  kbcached  kbcommit   %commit  kbactive   kbinact   kbdirty
13:56:10      1593024   1639172    141880      6.99        20    167652    557300     27.44    148784    103064       236

13:56:10        CPU     %user     %nice   %system   %iowait    %steal     %idle
13:56:12        all     90.19      0.00      4.83      0.00      4.98      0.00

13:56:10          tps      rtps      wtps      dtps   bread/s   bwrtn/s   bdscd/s
13:56:12         0.00      0.00      0.00      0.00      0.00      0.00      0.00

13:56:10    kbmemfree   kbavail kbmemused  %memused kbbuffers  kbcached  kbcommit   %commit  kbactive   kbinact   kbdirty
13:56:12      1592992   1639140    141912      6.99        20    167652    557300     27.44    148784    103064       236

13:56:12        CPU     %user     %nice   %system   %iowait    %steal     %idle
13:56:14        all     95.22      0.00      1.29      0.00      3.49      0.00

13:56:12          tps      rtps      wtps      dtps   bread/s   bwrtn/s   bdscd/s
13:56:14         0.00      0.00      0.00      0.00      0.00      0.00      0.00

13:56:12    kbmemfree   kbavail kbmemused  %memused kbbuffers  kbcached  kbcommit   %commit  kbactive   kbinact   kbdirty
13:56:14      1593024   1639172    141876      6.99        20    167656    557300     27.44    148784    103064       240

Average:        CPU     %user     %nice   %system   %iowait    %steal     %idle
Average:        all     90.82      0.00      2.23      0.04      3.47      3.44

Average:          tps      rtps      wtps      dtps   bread/s   bwrtn/s   bdscd/s
Average:         1.23      0.08      1.15      0.00      2.42    137.43      0.00

Average:    kbmemfree   kbavail kbmemused  %memused kbbuffers  kbcached  kbcommit   %commit  kbactive   kbinact   kbdirty
Average:      1594465   1640292    140783      6.93        20    167256    552642     27.21    147667    103239       221
